<?xml version="1.0" encoding="UTF-8"?>
<!-- Generated by org.testng.reporters.JUnitXMLReporter -->
<testsuite ignored="0" hostname="DSK-951" failures="0" tests="5" name="Default test" time="302.906" errors="0" timestamp="2023-01-20T17:33:07 IST">
  <testcase classname="com.amt.test.BCH.Acquisition_Quotes_BCH_PCH_without_maintenance_Test" name="aquisition_quotes_BCH_PCH_OTR_calculation_without_maintenance_test" time="50.412"/>
  <testcase classname="com.amt.test.BCH.Acquisition_Quotes_BCH_PCH_without_maintenance_Test" name="aquisition_quotes_BCH_PCH_after_discount_calculations_without_maintenance_test" time="2.729"/>
  <testcase classname="com.amt.test.BCH.Acquisition_Quotes_BCH_PCH_without_maintenance_Test" name="aquisition_quotes_BCH_PCH_holding_cost_calculations_without_maintenance_test" time="12.497"/>
  <testcase classname="com.amt.test.BCH.Acquisition_Quotes_BCH_PCH_without_maintenance_Test" name="aquisition_quotes_BCH_PCH_customer_quote_payment_profile_calculations_without_maintenance_test" time="135.841"/>
  <testcase classname="com.amt.test.BCH.Acquisition_Quotes_BCH_PCH_without_maintenance_Test" name="aquisition_quotes_BCH_PCH_quote_summary_values_verification_without_maintenance_test" time="89.671"/>
</testsuite> <!-- Default test -->
