<?xml version="1.0" encoding="UTF-8"?>
<!-- Generated by org.testng.reporters.JUnitXMLReporter -->
<testsuite ignored="0" hostname="DSK-951" failures="0" tests="5" name="Default test" time="203.048" errors="0" timestamp="2023-01-10T19:44:19 IST">
  <testcase classname="com.amt.test.CP.Acquisition_Quotes_CP_PCH_with_funder_quote_addition_with_maintenance_Test" name="aquisition_quotes_CP_PCH_OTR_calculation_with_maintenance_test" time="53.825"/>
  <testcase classname="com.amt.test.CP.Acquisition_Quotes_CP_PCH_with_funder_quote_addition_with_maintenance_Test" name="aquisition_quotes_CP_PCH_after_discount_calculations_with_maintenance_test" time="2.63"/>
  <testcase classname="com.amt.test.CP.Acquisition_Quotes_CP_PCH_with_funder_quote_addition_with_maintenance_Test" name="aquisition_quotes_CP_PCH_holding_cost_calculations_with_maintenance_test" time="25.713"/>
  <testcase classname="com.amt.test.CP.Acquisition_Quotes_CP_PCH_with_funder_quote_addition_with_maintenance_Test" name="aquisition_quotes_CP_PCH_customer_quote_payment_profile_calculations_with_maintenance_test" time="50.74"/>
  <testcase classname="com.amt.test.CP.Acquisition_Quotes_CP_PCH_with_funder_quote_addition_with_maintenance_Test" name="aquisition_quotes_CP_PCH_quote_summary_values_verification_with_maintenance_test" time="56.748"/>
</testsuite> <!-- Default test -->
