<?xml version="1.0" encoding="UTF-8"?>
<!-- Generated by org.testng.reporters.JUnitXMLReporter -->
<testsuite ignored="0" hostname="DSK-951" failures="0" tests="5" name="Default test" time="309.235" errors="0" timestamp="2022-12-22T13:33:34 IST">
  <testcase classname="com.amt.test.Acquisition_Quotes_HPNR_BCH_with_funder_quote_addition_without_maintenance_Test" name="aquisition_quotes_HPNR_BCH_OTR_calculation_without_maintenance_test" time="51.338"/>
  <testcase classname="com.amt.test.Acquisition_Quotes_HPNR_BCH_with_funder_quote_addition_without_maintenance_Test" name="aquisition_quotes_HPNR_BCH_after_discount_calculations_without_maintenance_test" time="1.989"/>
  <testcase classname="com.amt.test.Acquisition_Quotes_HPNR_BCH_with_funder_quote_addition_without_maintenance_Test" name="aquisition_quotes_HPNR_BCH_holding_cost_calculations_without_maintenance_test" time="15.023"/>
  <testcase classname="com.amt.test.Acquisition_Quotes_HPNR_BCH_with_funder_quote_addition_without_maintenance_Test" name="aquisition_quotes_HPNR_BCH_customer_quote_payment_profile_calculations_without_maintenance_test" time="193.003"/>
  <testcase classname="com.amt.test.Acquisition_Quotes_HPNR_BCH_with_funder_quote_addition_without_maintenance_Test" name="aquisition_quotes_HPNR_BCH_quote_summary_values_verification_without_maintenance_test" time="36.338"/>
</testsuite> <!-- Default test -->
