<?xml version="1.0" encoding="UTF-8"?>
<!-- Generated by org.testng.reporters.JUnitXMLReporter -->
<testsuite ignored="0" hostname="DSK-4052" failures="0" tests="9" name="Default test" time="271.504" errors="0" timestamp="2023-10-24T14:35:27 IST">
  <testcase classname="orders.Orders_Asset_Funding_Required_Flow_HPNR_add_funder_in_asset_funding_and_verify_updated_values_in_quote_Test" name="open_order_created_in_acquisition_test" time="65.068"/>
  <testcase classname="orders.Orders_Asset_Funding_Required_Flow_HPNR_add_funder_in_asset_funding_and_verify_updated_values_in_quote_Test" name="verify_default_status_required_flow_test" time="10.479"/>
  <testcase classname="orders.Orders_Asset_Funding_Required_Flow_HPNR_add_funder_in_asset_funding_and_verify_updated_values_in_quote_Test" name="verify_holding_cost_shown_test" time="8.799"/>
  <testcase classname="orders.Orders_Asset_Funding_Required_Flow_HPNR_add_funder_in_asset_funding_and_verify_updated_values_in_quote_Test" name="add_funder" time="51.516"/>
  <testcase classname="orders.Orders_Asset_Funding_Required_Flow_HPNR_add_funder_in_asset_funding_and_verify_updated_values_in_quote_Test" name="verify_status_after_adding_funder_required_flow_test" time="2.135"/>
  <testcase classname="orders.Orders_Asset_Funding_Required_Flow_HPNR_add_funder_in_asset_funding_and_verify_updated_values_in_quote_Test" name="verify_status_after_selecting_the_added_funder_in_required_flow_test" time="6.418"/>
  <testcase classname="orders.Orders_Asset_Funding_Required_Flow_HPNR_add_funder_in_asset_funding_and_verify_updated_values_in_quote_Test" name="verify_holding_cost_on_adding_funder" time="1.657"/>
  <testcase classname="orders.Orders_Asset_Funding_Required_Flow_HPNR_add_funder_in_asset_funding_and_verify_updated_values_in_quote_Test" name="add_funder_in_asset_funding_and_verify_updated_values_in_quote_Test" time="110.43"/>
  <testcase classname="orders.Orders_Asset_Funding_Required_Flow_HPNR_add_funder_in_asset_funding_and_verify_updated_values_in_quote_Test" name="verify_quote_values_updated_in_quote_after_saving_the_order" time="1.554"/>
</testsuite> <!-- Default test -->
