<?xml version="1.0" encoding="UTF-8"?>
<!-- Generated by org.testng.reporters.JUnitXMLReporter -->
<testsuite ignored="0" hostname="DSK-951" failures="0" tests="5" name="Default test" time="153.52" errors="0" timestamp="2022-11-09T13:02:33 IST">
  <testcase classname="com.amt.test.Acquisition_Quotes_Outright_PCH_without_maintenance_Test" name="aquisition_quotes_outright_PCH_OTR_calculation_without_maintenance_test" time="71.149"/>
  <testcase classname="com.amt.test.Acquisition_Quotes_Outright_PCH_without_maintenance_Test" name="aquisition_quotes_outright_PCH_after_discount_calculations_without_maintenance_test" time="1.048"/>
  <testcase classname="com.amt.test.Acquisition_Quotes_Outright_PCH_without_maintenance_Test" name="aquisition_quotes_outright_PCH_holding_cost_calculations_without_maintenance_test" time="5.639"/>
  <testcase classname="com.amt.test.Acquisition_Quotes_Outright_PCH_without_maintenance_Test" name="aquisition_quotes_outright_PCH_customer_quote_payment_profile_calculations_without_maintenance_test" time="17.235"/>
  <testcase classname="com.amt.test.Acquisition_Quotes_Outright_PCH_without_maintenance_Test" name="aquisition_quotes_outright_PCH_quote_summary_values_verification_without_maintenance_test" time="41.641"/>
</testsuite> <!-- Default test -->
