<?xml version="1.0" encoding="UTF-8"?>
<!-- Generated by org.testng.reporters.JUnitXMLReporter -->
<testsuite ignored="0" hostname="DSK-951" failures="0" tests="5" name="Default test" time="204.037" errors="0" timestamp="2022-12-05T16:56:16 IST">
  <testcase classname="com.amt.test.Acquisition_Quotes_HPNR_HPR_without_maintenance_Normal_Save_Test" name="aquisition_quotes_HPNR_HPR_OTR_calculation_without_maintenance_test" time="86.637"/>
  <testcase classname="com.amt.test.Acquisition_Quotes_HPNR_HPR_without_maintenance_Normal_Save_Test" name="aquisition_quotes_HPNR_HPR_after_discount_calculations_without_maintenance_test" time="1.394"/>
  <testcase classname="com.amt.test.Acquisition_Quotes_HPNR_HPR_without_maintenance_Normal_Save_Test" name="aquisition_quotes_HPNR_HPR_holding_cost_calculations_without_maintenance_test" time="16.831"/>
  <testcase classname="com.amt.test.Acquisition_Quotes_HPNR_HPR_without_maintenance_Normal_Save_Test" name="aquisition_quotes_HPNR_HPR_customer_quote_calculations_check_monthly_finance_payment_without_maintenance_test" time="31.478"/>
  <testcase classname="com.amt.test.Acquisition_Quotes_HPNR_HPR_without_maintenance_Normal_Save_Test" name="aquisition_quotes_HPNR_HPR_quote_summary_values_verification_without_maintenance_test" time="47.153"/>
</testsuite> <!-- Default test -->
