<?xml version="1.0" encoding="UTF-8"?>
<!-- Generated by org.testng.reporters.JUnitXMLReporter -->
<testsuite ignored="0" hostname="DSK-951" failures="0" tests="5" name="Default test" time="217.22" errors="0" timestamp="2022-12-05T18:32:48 IST">
  <testcase classname="com.amt.test.Acquisition_Quotes_HPNR_PCP_with_maintenance_Normal_Save_Test" name="aquisition_quotes_HPNR_PCP_OTR_calculation_with_maintenance_test" time="87.635"/>
  <testcase classname="com.amt.test.Acquisition_Quotes_HPNR_PCP_with_maintenance_Normal_Save_Test" name="aquisition_quotes_HPNR_PCP_after_discount_calculations_with_maintenance_test" time="1.92"/>
  <testcase classname="com.amt.test.Acquisition_Quotes_HPNR_PCP_with_maintenance_Normal_Save_Test" name="aquisition_quotes_HPNR_PCP_holding_cost_calculations_with_maintenance_test" time="14.352"/>
  <testcase classname="com.amt.test.Acquisition_Quotes_HPNR_PCP_with_maintenance_Normal_Save_Test" name="aquisition_quotes_HPNR_PCP_customer_quote_calculations_check_monthly_finance_payment_with_maintenance_test" time="53.918"/>
  <testcase classname="com.amt.test.Acquisition_Quotes_HPNR_PCP_with_maintenance_Normal_Save_Test" name="aquisition_quotes_HPNR_PCP_quote_summary_values_verification_with_maintenance_test" time="47.42"/>
</testsuite> <!-- Default test -->
