<?xml version="1.0" encoding="UTF-8"?>
<!-- Generated by org.testng.reporters.JUnitXMLReporter -->
<testsuite ignored="0" hostname="DSK-4052" failures="0" tests="7" name="Default test" time="222.25" errors="0" timestamp="2023-10-17T17:58:06 IST">
  <testcase classname="orders.Orders_Asset_Funding_Required_Flow_CP_BCH_with_funder_with_maintenance_Test" name="open_order_created_in_acquisition_test" time="106.981"/>
  <testcase classname="orders.Orders_Asset_Funding_Required_Flow_CP_BCH_with_funder_with_maintenance_Test" name="verify_default_status_required_flow_test" time="8.51"/>
  <testcase classname="orders.Orders_Asset_Funding_Required_Flow_CP_BCH_with_funder_with_maintenance_Test" name="verify_funder_with_same_term_and_mileage_can_not_be_added_test" time="30.98"/>
  <testcase classname="orders.Orders_Asset_Funding_Required_Flow_CP_BCH_with_funder_with_maintenance_Test" name="verify_funder_with_different_term_and_mileage_can_be_added_test" time="22.61"/>
  <testcase classname="orders.Orders_Asset_Funding_Required_Flow_CP_BCH_with_funder_with_maintenance_Test" name="verify_holding_cost_after_selecting_newly_added_funder_test" time="9.844"/>
  <testcase classname="orders.Orders_Asset_Funding_Required_Flow_CP_BCH_with_funder_with_maintenance_Test" name="verify_residualValue_and_maintCost_fields_are_freezed_after_selecting_a_funder_test" time="10.83"/>
  <testcase classname="orders.Orders_Asset_Funding_Required_Flow_CP_BCH_with_funder_with_maintenance_Test" name="verify_holding_cost_doesnt_change_if_funder_quote_is_selected_test" time="12.171"/>
</testsuite> <!-- Default test -->
