<?xml version="1.0" encoding="UTF-8"?>
<!-- Generated by org.testng.reporters.JUnitXMLReporter -->
<testsuite ignored="0" hostname="DSK-951" failures="0" tests="2" name="Default test" time="53.521" errors="0" timestamp="2023-01-20T15:26:57 IST">
  <testcase classname="com.amt.test.HPNR.Acquisition_Quotes_HPNR_BCH_used_car_with_maintenance_Test" name="aquisition_quotes_HPNR_BCH_used_car_OTR_calculation_with_maintenance_test" time="37.085"/>
  <testcase classname="com.amt.test.HPNR.Acquisition_Quotes_HPNR_BCH_used_car_with_maintenance_Test" name="aquisition_quotes_HPNR_BCH_used_car_edit_cost_price_and_check_OTR_with_maintenance_test" time="5.188"/>
</testsuite> <!-- Default test -->
