<?xml version="1.0" encoding="UTF-8"?>
<!-- Generated by org.testng.reporters.JUnitXMLReporter -->
<testsuite ignored="3" hostname="DSK-969" failures="0" tests="1" name="Default test" time="230.099" errors="0" timestamp="2023-01-06T19:33:07 IST">
  <testcase classname="com.amt.test.LOU.Lead_opportunity_broker_Test2" name="broker_create_lead_individual" time="218.508"/>
  <testcase classname="com.amt.test.LOU.Lead_opportunity_broker_Test2" name="broker_create_lead_business" time="0.0">
    <ignored/>
  </testcase> <!-- broker_create_lead_business -->
  <testcase classname="com.amt.test.LOU.Lead_opportunity_broker_Test2" name="ownbook_create_lead_individual" time="0.0">
    <ignored/>
  </testcase> <!-- ownbook_create_lead_individual -->
  <testcase classname="com.amt.test.LOU.Lead_opportunity_broker_Test2" name="ownbook_create_lead_business" time="0.0">
    <ignored/>
  </testcase> <!-- ownbook_create_lead_business -->
</testsuite> <!-- Default test -->
