<?xml version="1.0" encoding="UTF-8"?>
<!-- Generated by org.testng.reporters.JUnitXMLReporter -->
<testsuite ignored="3" hostname="DSK-951" failures="0" tests="3" name="Default test" time="95.56" errors="0" timestamp="2023-02-08T19:45:27 IST">
  <testcase classname="com.amt.test.OP.Acquisition_Quotes_Outright_FL_without_maintenance_Test" name="aquisition_quotes_outright_FL_OTR_calculation_without_maintenance_test" time="58.138"/>
  <testcase classname="com.amt.test.OP.Acquisition_Quotes_Outright_FL_without_maintenance_Test" name="aquisition_quotes_outright_FL_after_discount_calculations_without_maintenance_test" time="3.26"/>
  <testcase classname="com.amt.test.OP.Acquisition_Quotes_Outright_FL_without_maintenance_Test" name="aquisition_quotes_outright_FL_other_support_check_without_maintenance_test" time="16.516"/>
  <testcase classname="com.amt.test.OP.Acquisition_Quotes_Outright_FL_without_maintenance_Test" name="aquisition_quotes_outright_FL_holding_cost_calculations_without_maintenance_test" time="0.0">
    <ignored/>
  </testcase> <!-- aquisition_quotes_outright_FL_holding_cost_calculations_without_maintenance_test -->
  <testcase classname="com.amt.test.OP.Acquisition_Quotes_Outright_FL_without_maintenance_Test" name="aquisition_quotes_outright_FL_customer_quote_payment_profile_calculations_without_maintenance_test" time="0.0">
    <ignored/>
  </testcase> <!-- aquisition_quotes_outright_FL_customer_quote_payment_profile_calculations_without_maintenance_test -->
  <testcase classname="com.amt.test.OP.Acquisition_Quotes_Outright_FL_without_maintenance_Test" name="aquisition_quotes_outright_FL_quote_summary_values_verification_without_maintenance_test" time="0.0">
    <ignored/>
  </testcase> <!-- aquisition_quotes_outright_FL_quote_summary_values_verification_without_maintenance_test -->
</testsuite> <!-- Default test -->
