<?xml version="1.0" encoding="UTF-8"?>
<!-- Generated by org.testng.reporters.JUnitXMLReporter -->
<testsuite ignored="0" hostname="DSK-951" failures="0" tests="5" name="Default test" time="132.1" errors="0" timestamp="2023-01-13T13:47:19 IST">
  <testcase classname="com.amt.test.OP.Acquisition_Quotes_Outright_HPNR_without_maintenance_Normal_Save_Test" name="aquisition_quotes_outright_HPNR_OTR_calculation_without_maintenance_test" time="59.437"/>
  <testcase classname="com.amt.test.OP.Acquisition_Quotes_Outright_HPNR_without_maintenance_Normal_Save_Test" name="aquisition_quotes_outright_HPNR_after_discount_calculations_without_maintenance_test" time="2.604"/>
  <testcase classname="com.amt.test.OP.Acquisition_Quotes_Outright_HPNR_without_maintenance_Normal_Save_Test" name="aquisition_quotes_outright_HPNR_holding_cost_calculations_without_maintenance_test" time="12.145"/>
  <testcase classname="com.amt.test.OP.Acquisition_Quotes_Outright_HPNR_without_maintenance_Normal_Save_Test" name="aquisition_quotes_outright_HPNR_customer_quote_calculations_check_monthly_finance_payment_without_maintenance_test" time="20.992"/>
  <testcase classname="com.amt.test.OP.Acquisition_Quotes_Outright_HPNR_without_maintenance_Normal_Save_Test" name="aquisition_quotes_outright_HPNR_quote_summary_values_verification_without_maintenance_test" time="17.335"/>
</testsuite> <!-- Default test -->
