<?xml version="1.0" encoding="UTF-8"?>
<!-- Generated by org.testng.reporters.JUnitXMLReporter -->
<testsuite ignored="0" hostname="DSK-4052" failures="0" tests="5" name="Default test" time="464.869" errors="0" timestamp="2023-07-07T12:26:40 IST">
  <testcase classname="usedCar.HPNR.Acquisition_Quotes_HPNR_FL_used_car_with_funder_quote_addition_with_maintenance_Test" name="aquisition_quotes_used_car_OTR_calculation_with_maintenance_test" time="40.389"/>
  <testcase classname="usedCar.HPNR.Acquisition_Quotes_HPNR_FL_used_car_with_funder_quote_addition_with_maintenance_Test" name="aquisition_quotes_used_car_edit_cost_price_and_check_OTR_with_maintenance_test" time="0.001"/>
  <testcase classname="usedCar.HPNR.Acquisition_Quotes_HPNR_FL_used_car_with_funder_quote_addition_with_maintenance_Test" name="aquisition_quotes_holding_cost_calculations_with_maintenance_test" time="45.839"/>
  <testcase classname="usedCar.HPNR.Acquisition_Quotes_HPNR_FL_used_car_with_funder_quote_addition_with_maintenance_Test" name="aquisition_quotes_customer_quote_payment_profile_calculations_with_maintenance_test" time="87.234"/>
  <testcase classname="usedCar.HPNR.Acquisition_Quotes_HPNR_FL_used_car_with_funder_quote_addition_with_maintenance_Test" name="aquisition_quotes_quote_summary_values_verification_with_maintenance_test" time="277.754"/>
</testsuite> <!-- Default test -->
