<?xml version="1.0" encoding="UTF-8"?>
<!-- Generated by org.testng.reporters.JUnitXMLReporter -->
<testsuite ignored="0" hostname="DSK-951" failures="0" tests="7" name="Default test" time="144.895" errors="0" timestamp="2023-01-18T17:53:24 IST">
  <testcase classname="com.amt.test.CP.Acquisition_Quotes_CP_CP_with_maintenance_Test" name="aquisition_quotes_CP_CP_OTR_calculation_with_maintenance_test" time="54.827"/>
  <testcase classname="com.amt.test.CP.Acquisition_Quotes_CP_CP_with_maintenance_Test" name="aquisition_quotes_CP_CP_after_discount_calculations_with_maintenance_test" time="2.859"/>
  <testcase classname="com.amt.test.CP.Acquisition_Quotes_CP_CP_with_maintenance_Test" name="aquisition_quotes_CP_CP_holding_cost_calculations_with_maintenance_test" time="11.424"/>
  <testcase classname="com.amt.test.CP.Acquisition_Quotes_CP_CP_with_maintenance_Test" name="aquisition_quotes_CP_CP_customer_quote_calculations_check_monthly_finance_payment_with_maintenance_test" time="19.813"/>
  <testcase classname="com.amt.test.CP.Acquisition_Quotes_CP_CP_with_maintenance_Test" name="aquisition_quotes_CP_CP_customer_quote_vehicle_profit_edit_check_with_maintenance_test" time="5.054"/>
  <testcase classname="com.amt.test.CP.Acquisition_Quotes_CP_CP_with_maintenance_Test" name="aquisition_quotes_CP_CP_customer_quote_part_exchange_value_edit_check_with_maintenance_test" time="16.725"/>
  <testcase classname="com.amt.test.CP.Acquisition_Quotes_CP_CP_with_maintenance_Test" name="aquisition_quotes_CP_CP_quote_summary_values_verification_with_maintenance_test" time="17.098"/>
</testsuite> <!-- Default test -->
