<?xml version="1.0" encoding="UTF-8"?>
<!-- Generated by org.testng.reporters.JUnitXMLReporter -->
<testsuite ignored="0" hostname="DSK-951" failures="0" tests="5" name="Default test" time="232.058" errors="0" timestamp="2022-12-01T21:25:13 IST">
  <testcase classname="com.amt.test.Acquisition_Quotes_Outright_BCH_with_maintenance_Test" name="aquisition_quotes_outright_BCH_OTR_calculation_with_maintenance_test" time="81.154"/>
  <testcase classname="com.amt.test.Acquisition_Quotes_Outright_BCH_with_maintenance_Test" name="aquisition_quotes_outright_BCH_after_discount_calculations_with_maintenance_test" time="1.485"/>
  <testcase classname="com.amt.test.Acquisition_Quotes_Outright_BCH_with_maintenance_Test" name="aquisition_quotes_outright_BCH_holding_cost_calculations_with_maintenance_test" time="12.211"/>
  <testcase classname="com.amt.test.Acquisition_Quotes_Outright_BCH_with_maintenance_Test" name="aquisition_quotes_outright_BCH_customer_quote_payment_profile_calculations_with_maintenance_test" time="60.994"/>
  <testcase classname="com.amt.test.Acquisition_Quotes_Outright_BCH_with_maintenance_Test" name="aquisition_quotes_outright_BCH_quote_summary_values_verification_with_maintenance_test" time="58.209"/>
</testsuite> <!-- Default test -->
