<?xml version="1.0" encoding="UTF-8"?>
<!-- Generated by org.testng.reporters.JUnitXMLReporter -->
<testsuite ignored="0" hostname="DSK-951" failures="0" tests="5" name="Default test" time="116.542" errors="0" timestamp="2022-11-15T19:01:18 IST">
  <testcase classname="com.amt.test.Acquisition_Quotes_Outright_HPNR_without_maintenance_Test" name="aquisition_quotes_outright_HPNR_OTR_calculation_without_maintenance_test" time="71.776"/>
  <testcase classname="com.amt.test.Acquisition_Quotes_Outright_HPNR_without_maintenance_Test" name="aquisition_quotes_outright_HPNR_after_discount_calculations_without_maintenance_test" time="1.173"/>
  <testcase classname="com.amt.test.Acquisition_Quotes_Outright_HPNR_without_maintenance_Test" name="aquisition_quotes_outright_HPNR_holding_cost_calculations_without_maintenance_test" time="6.106"/>
  <testcase classname="com.amt.test.Acquisition_Quotes_Outright_HPNR_without_maintenance_Test" name="aquisition_quotes_outright_HPNR_customer_quote_calculations_check_monthly_finance_payment_without_maintenance_test" time="19.426"/>
  <testcase classname="com.amt.test.Acquisition_Quotes_Outright_HPNR_without_maintenance_Test" name="aquisition_quotes_outright_HPNR_customer_quote_vehicle_profit_edit_check_without_maintenance_test" time="3.352"/>
</testsuite> <!-- Default test -->
