<?xml version="1.0" encoding="UTF-8"?>
<!-- Generated by org.testng.reporters.JUnitXMLReporter -->
<testsuite ignored="0" hostname="DSK-951" failures="0" tests="5" name="Default test" time="243.527" errors="0" timestamp="2022-12-29T17:31:14 IST">
  <testcase classname="com.amt.test.Acquisition_Quotes_CP_PCH_with_funder_quote_addition_without_maintenance_Test" name="aquisition_quotes_CP_PCH_OTR_calculation_without_maintenance_test" time="54.301"/>
  <testcase classname="com.amt.test.Acquisition_Quotes_CP_PCH_with_funder_quote_addition_without_maintenance_Test" name="aquisition_quotes_CP_PCH_after_discount_calculations_without_maintenance_test" time="2.765"/>
  <testcase classname="com.amt.test.Acquisition_Quotes_CP_PCH_with_funder_quote_addition_without_maintenance_Test" name="aquisition_quotes_CP_PCH_holding_cost_calculations_without_maintenance_test" time="16.922"/>
  <testcase classname="com.amt.test.Acquisition_Quotes_CP_PCH_with_funder_quote_addition_without_maintenance_Test" name="aquisition_quotes_CP_PCH_customer_quote_payment_profile_calculations_without_maintenance_test" time="135.96"/>
  <testcase classname="com.amt.test.Acquisition_Quotes_CP_PCH_with_funder_quote_addition_without_maintenance_Test" name="aquisition_quotes_CP_PCH_quote_summary_values_verification_without_maintenance_test" time="19.443"/>
</testsuite> <!-- Default test -->
