<?xml version="1.0" encoding="UTF-8"?>
<!-- Generated by org.testng.reporters.JUnitXMLReporter -->
<testsuite ignored="0" hostname="DSK-951" failures="0" tests="4" name="Default test" time="308.178" errors="0" timestamp="2022-11-16T15:59:19 IST">
  <testcase classname="com.amt.test.Acquisition_Quotes_Broker_FL_with_maintenance_Test" name="aquisition_quotes_user_flow_broker_pch_OTR_calculation_with_maintenance_test" time="83.466"/>
  <testcase classname="com.amt.test.Acquisition_Quotes_Broker_FL_with_maintenance_Test" name="aquisition_quotes_user_flow_broker_pch_after_discount_calculation_with_maintenance_test" time="1.108"/>
  <testcase classname="com.amt.test.Acquisition_Quotes_Broker_FL_with_maintenance_Test" name="aquisition_quotes_user_flow_broker_pch_funder_quote_addition_with_maintenance_test" time="146.06"/>
  <testcase classname="com.amt.test.Acquisition_Quotes_Broker_FL_with_maintenance_Test" name="aquisition_quotes_user_flow_broker_pch_quote_summary_calculation_with_maintenance_test" time="34.899"/>
</testsuite> <!-- Default test -->
