<?xml version="1.0" encoding="UTF-8"?>
<!-- Generated by org.testng.reporters.JUnitXMLReporter -->
<testsuite ignored="0" hostname="DSK-951" failures="0" tests="5" name="Default test" time="147.308" errors="0" timestamp="2023-01-27T12:43:25 IST">
  <testcase classname="com.amt.test.HPNR.Acquisition_Quotes_HPNR_CP_with_funder_quote_addition_with_maintenance_Test" name="aquisition_quotes_HPNR_CP_OTR_calculation_with_maintenance_test" time="56.396"/>
  <testcase classname="com.amt.test.HPNR.Acquisition_Quotes_HPNR_CP_with_funder_quote_addition_with_maintenance_Test" name="aquisition_quotes_HPNR_CP_after_discount_calculations_with_maintenance_test" time="2.662"/>
  <testcase classname="com.amt.test.HPNR.Acquisition_Quotes_HPNR_CP_with_funder_quote_addition_with_maintenance_Test" name="aquisition_quotes_HPNR_CP_holding_cost_calculations_with_maintenance_test" time="21.294"/>
  <testcase classname="com.amt.test.HPNR.Acquisition_Quotes_HPNR_CP_with_funder_quote_addition_with_maintenance_Test" name="aquisition_quotes_HPNR_CP_customer_quote_calculations_check_monthly_finance_payment_with_maintenance_test" time="34.918"/>
  <testcase classname="com.amt.test.HPNR.Acquisition_Quotes_HPNR_CP_with_funder_quote_addition_with_maintenance_Test" name="aquisition_quotes_HPNR_CP_quote_summary_values_verification_with_maintenance_test" time="20.499"/>
</testsuite> <!-- Default test -->
