<?xml version="1.0" encoding="UTF-8"?>
<!-- Generated by org.testng.reporters.JUnitXMLReporter -->
<testsuite ignored="0" hostname="DSK-951" failures="0" tests="5" name="Default test" time="187.529" errors="0" timestamp="2022-12-28T19:14:45 IST">
  <testcase classname="com.amt.test.Acquisition_Quotes_CP_PCP_with_funder_quote_addition_with_maintenance_Test" name="aquisition_quotes_CP_PCP_OTR_calculation_with_maintenance_test" time="81.732"/>
  <testcase classname="com.amt.test.Acquisition_Quotes_CP_PCP_with_funder_quote_addition_with_maintenance_Test" name="aquisition_quotes_CP_PCP_after_discount_calculations_with_maintenance_test" time="2.979"/>
  <testcase classname="com.amt.test.Acquisition_Quotes_CP_PCP_with_funder_quote_addition_with_maintenance_Test" name="aquisition_quotes_CP_PCP_holding_cost_calculations_with_maintenance_test" time="17.056"/>
  <testcase classname="com.amt.test.Acquisition_Quotes_CP_PCP_with_funder_quote_addition_with_maintenance_Test" name="aquisition_quotes_CP_PCP_customer_quote_calculations_check_monthly_finance_payment_with_maintenance_test" time="30.692"/>
  <testcase classname="com.amt.test.Acquisition_Quotes_CP_PCP_with_funder_quote_addition_with_maintenance_Test" name="aquisition_quotes_CP_PCP_quote_summary_values_verification_with_maintenance_test" time="23.826"/>
</testsuite> <!-- Default test -->
