<?xml version="1.0" encoding="UTF-8"?>
<!-- Generated by org.testng.reporters.JUnitXMLReporter -->
<testsuite ignored="0" hostname="DSK-951" failures="0" tests="8" name="Default test" time="244.682" errors="0" timestamp="2022-11-17T18:34:02 IST">
  <testcase classname="com.amt.test.Acquisition_Quotes_Outright_HPNR_with_maintenance_Test" name="aquisition_quotes_outright_HPNR_OTR_calculation_with_maintenance_test" time="67.659"/>
  <testcase classname="com.amt.test.Acquisition_Quotes_Outright_HPNR_with_maintenance_Test" name="aquisition_quotes_outright_HPNR_after_discount_calculations_with_maintenance_test" time="1.567"/>
  <testcase classname="com.amt.test.Acquisition_Quotes_Outright_HPNR_with_maintenance_Test" name="aquisition_quotes_outright_HPNR_holding_cost_calculations_with_maintenance_test" time="8.16"/>
  <testcase classname="com.amt.test.Acquisition_Quotes_Outright_HPNR_with_maintenance_Test" name="aquisition_quotes_outright_HPNR_customer_quote_calculations_check_monthly_finance_payment_with_maintenance_test" time="46.706"/>
  <testcase classname="com.amt.test.Acquisition_Quotes_Outright_HPNR_with_maintenance_Test" name="aquisition_quotes_outright_HPNR_customer_quote_vehicle_profit_edit_check_with_maintenance_test" time="13.541"/>
  <testcase classname="com.amt.test.Acquisition_Quotes_Outright_HPNR_with_maintenance_Test" name="aquisition_quotes_outright_HPNR_customer_quote_part_exchange_value_edit_check_with_maintenance_test" time="63.341"/>
  <testcase classname="com.amt.test.Acquisition_Quotes_Outright_HPNR_with_maintenance_Test" name="aquisition_quotes_outright_HPNR_customer_quote_monthly_finance_payment_after_balloon_payment_off_with_maintenance_test" time="7.039"/>
  <testcase classname="com.amt.test.Acquisition_Quotes_Outright_HPNR_with_maintenance_Test" name="aquisition_quotes_outright_HPNR_quote_summary_values_verification_with_maintenance_test" time="22.348"/>
</testsuite> <!-- Default test -->
