<?xml version="1.0" encoding="UTF-8"?>
<!-- Generated by org.testng.reporters.JUnitXMLReporter -->
<testsuite ignored="0" hostname="DSK-4052" failures="0" tests="5" name="Default test" time="163.446" errors="0" timestamp="2023-03-31T18:10:39 IST">
  <testcase classname="newCar.BROKER.Acquisition_Quotes_Broker_HPNR_Test" name="aquisition_quotes_user_flow_broker_HPNR_OTR_calculation_test" time="80.206"/>
  <testcase classname="newCar.BROKER.Acquisition_Quotes_Broker_HPNR_Test" name="aquisition_quotes_user_flow_broker_HPNR_after_discount_calculations_test" time="3.841"/>
  <testcase classname="newCar.BROKER.Acquisition_Quotes_Broker_HPNR_Test" name="aquisition_quotes_user_flow_broker_HPNR_vehicle_profit_check_test" time="14.051"/>
  <testcase classname="newCar.BROKER.Acquisition_Quotes_Broker_HPNR_Test" name="aquisition_quotes_user_flow_broker_HPNR_balance_to_finance_check_test" time="18.386"/>
  <testcase classname="newCar.BROKER.Acquisition_Quotes_Broker_HPNR_Test" name="aquisition_quotes_user_flow_broker_HPNR_quote_summary_values_verification_test" time="25.528"/>
</testsuite> <!-- Default test -->
