<?xml version="1.0" encoding="UTF-8"?>
<!-- Generated by org.testng.reporters.JUnitXMLReporter -->
<testsuite ignored="0" hostname="DSK-4052" failures="0" tests="3" name="Default test" time="246.122" errors="0" timestamp="2023-09-25T18:16:06 IST">
  <testcase classname="orders.Orders_Asset_Funding_Verify_Stocking_Plan_Lombard_and_Black_Horse_Are_Available_If_Channel_Is_Ownbook_Test" name="open_order_created_in_acquisition_test" time="60.651"/>
  <testcase classname="orders.Orders_Asset_Funding_Verify_Stocking_Plan_Lombard_and_Black_Horse_Are_Available_If_Channel_Is_Ownbook_Test" name="deliver_vehicle_tab_test" time="149.888"/>
  <testcase classname="orders.Orders_Asset_Funding_Verify_Stocking_Plan_Lombard_and_Black_Horse_Are_Available_If_Channel_Is_Ownbook_Test" name="verify_stocking_plan_Lombard_Demo_is_available_for_channel_internal_use_test" time="7.793"/>
</testsuite> <!-- Default test -->
