<?xml version="1.0" encoding="UTF-8"?>
<!-- Generated by org.testng.reporters.JUnitXMLReporter -->
<testsuite ignored="14" hostname="DSK-4052" failures="0" tests="4" name="Default test" time="213.064" errors="0" timestamp="2023-12-21T18:12:19 IST">
  <testcase classname="orders.Orders_Verify_ownbook_business_hire_With_Customer_Flow_Test" name="T1_open_order_created_in_acquisition_test" time="69.026"/>
  <testcase classname="orders.Orders_Verify_ownbook_business_hire_With_Customer_Flow_Test" name="T2_verify_that_editing_the_basic_cash_price_does_not_affect_the_monthly_payment_on_customer_contract_tab_test" time="57.71"/>
  <testcase classname="orders.Orders_Verify_ownbook_business_hire_With_Customer_Flow_Test" name="T3_verify_that_funder_with_different_term_and_mileage_can_not_be_added_for_with_customer_flow_test" time="24.839"/>
  <testcase classname="orders.Orders_Verify_ownbook_business_hire_With_Customer_Flow_Test" name="T4_verify_that_monthly_payment_does_not_changes_if_a_added_funder_is_selected_in_the_asset_funding_tab_for_with_customer_flow_test" time="47.277"/>
  <testcase classname="orders.Orders_Verify_ownbook_business_hire_With_Customer_Flow_Test" name="T12_make_payment_with_new_payment" time="0.0">
    <ignored/>
  </testcase> <!-- T12_make_payment_with_new_payment -->
  <testcase classname="orders.Orders_Verify_ownbook_business_hire_With_Customer_Flow_Test" name="T18_verify_payout_pack_statuses_on_customer_contract_tab_test" time="0.0">
    <ignored/>
  </testcase> <!-- T18_verify_payout_pack_statuses_on_customer_contract_tab_test -->
  <testcase classname="orders.Orders_Verify_ownbook_business_hire_With_Customer_Flow_Test" name="T16_verify_delivery_status_after_uploading_delivery_note_in_post_delivery_section_on_customer_contract_tab_test" time="0.0">
    <ignored/>
  </testcase> <!-- T16_verify_delivery_status_after_uploading_delivery_note_in_post_delivery_section_on_customer_contract_tab_test -->
  <testcase classname="orders.Orders_Verify_ownbook_business_hire_With_Customer_Flow_Test" name="T13_verify_payment_status_after_making_a_payment_on_customer_contract_tab" time="0.0">
    <ignored/>
  </testcase> <!-- T13_verify_payment_status_after_making_a_payment_on_customer_contract_tab -->
  <testcase classname="orders.Orders_Verify_ownbook_business_hire_With_Customer_Flow_Test" name="T22_verify_delivery_status_after_uploading_delivery_note_in_post_delivery_section_on_vehicle_order_tab_test" time="0.0">
    <ignored/>
  </testcase> <!-- T22_verify_delivery_status_after_uploading_delivery_note_in_post_delivery_section_on_vehicle_order_tab_test -->
  <testcase classname="orders.Orders_Verify_ownbook_business_hire_With_Customer_Flow_Test" name="T10_verify_summary_section_values" time="0.0">
    <ignored/>
  </testcase> <!-- T10_verify_summary_section_values -->
  <testcase classname="orders.Orders_Verify_ownbook_business_hire_With_Customer_Flow_Test" name="T9_verify_default_status_acceptance_conditions_for_ownbook_hire_flow" time="0.0">
    <ignored/>
  </testcase> <!-- T9_verify_default_status_acceptance_conditions_for_ownbook_hire_flow -->
  <testcase classname="orders.Orders_Verify_ownbook_business_hire_With_Customer_Flow_Test" name="T11_verify_payment_default_status" time="0.0">
    <ignored/>
  </testcase> <!-- T11_verify_payment_default_status -->
  <testcase classname="orders.Orders_Verify_ownbook_business_hire_With_Customer_Flow_Test" name="T14_verify_delivery_status_after_selecting_date_offered_in_delivery_section_of_customer_contract_tab_test" time="0.0">
    <ignored/>
  </testcase> <!-- T14_verify_delivery_status_after_selecting_date_offered_in_delivery_section_of_customer_contract_tab_test -->
  <testcase classname="orders.Orders_Verify_ownbook_business_hire_With_Customer_Flow_Test" name="T20_verify_delivery_status_after_selecting_date_offered_in_delivery_section_of_vehicle_order_tab_test" time="0.0">
    <ignored/>
  </testcase> <!-- T20_verify_delivery_status_after_selecting_date_offered_in_delivery_section_of_vehicle_order_tab_test -->
  <testcase classname="orders.Orders_Verify_ownbook_business_hire_With_Customer_Flow_Test" name="T17_verify_delivery_status_on_customer_contract_tab_and_vehicle_order_tab_are_same_when_deliver_to_customer_toggle_button_in_on_test" time="0.0">
    <ignored/>
  </testcase> <!-- T17_verify_delivery_status_on_customer_contract_tab_and_vehicle_order_tab_are_same_when_deliver_to_customer_toggle_button_in_on_test -->
  <testcase classname="orders.Orders_Verify_ownbook_business_hire_With_Customer_Flow_Test" name="T21_verify_delivery_status_after_selecting_confirmed_delivery_date_in_delivery_section_of_vehicle_tab_test" time="0.0">
    <ignored/>
  </testcase> <!-- T21_verify_delivery_status_after_selecting_confirmed_delivery_date_in_delivery_section_of_vehicle_tab_test -->
  <testcase classname="orders.Orders_Verify_ownbook_business_hire_With_Customer_Flow_Test" name="T15_verify_delivery_status_after_selecting_confirmed_delivery_date_in_delivery_section_of_customer_contract_test" time="0.0">
    <ignored/>
  </testcase> <!-- T15_verify_delivery_status_after_selecting_confirmed_delivery_date_in_delivery_section_of_customer_contract_test -->
  <testcase classname="orders.Orders_Verify_ownbook_business_hire_With_Customer_Flow_Test" name="T19_verify_delivery_section_gets_enabled_when_deliver_to_customer_toggle_button_is_made_off_test" time="0.0">
    <ignored/>
  </testcase> <!-- T19_verify_delivery_section_gets_enabled_when_deliver_to_customer_toggle_button_is_made_off_test -->
</testsuite> <!-- Default test -->
