<?xml version="1.0" encoding="UTF-8"?>
<!-- Generated by org.testng.reporters.JUnitXMLReporter -->
<testsuite ignored="0" hostname="DSK-4052" failures="0" tests="4" name="Default test" time="512.213" errors="0" timestamp="2024-01-18T18:40:52 IST">
  <testcase classname="orders.Orders_Verify_ownbook_business_hire_With_Customer_Flow_Test" name="T1_open_order_created_in_acquisition_test" time="90.32"/>
  <testcase classname="orders.Orders_Verify_ownbook_business_hire_With_Customer_Flow_Test" name="T27_verify_finance_documents_statuses_test" time="174.246"/>
  <testcase classname="orders.Orders_Verify_ownbook_business_hire_With_Customer_Flow_Test" name="T28_verify_payments_to_funder_statuses_test" time="120.999"/>
  <testcase classname="orders.Orders_Verify_ownbook_business_hire_With_Customer_Flow_Test" name="T29_verify_completed_status_for_test" time="116.983"/>
</testsuite> <!-- Default test -->
