<?xml version="1.0" encoding="UTF-8"?>
<!-- Generated by org.testng.reporters.JUnitXMLReporter -->
<testsuite ignored="2" hostname="DSK-4052" failures="0" tests="2" name="Default test" time="84.446" errors="0" timestamp="2023-04-18T11:26:45 IST">
  <testcase classname="newCar.BROKER.Acquisition_Quotes_Broker_BCH_with_maintenance_Test" name="aquisition_quotes_user_flow_broker_bch_OTR_calculation_with_maintenance_test" time="63.118"/>
  <testcase classname="newCar.BROKER.Acquisition_Quotes_Broker_BCH_with_maintenance_Test" name="aquisition_quotes_user_flow_broker_bch_after_discount_calculations_with_maintenance_test" time="4.729"/>
  <testcase classname="newCar.BROKER.Acquisition_Quotes_Broker_BCH_with_maintenance_Test" name="aquisition_quotes_user_flow_broker_bch_quote_summary_values_verification_with_maintenance_test" time="0.0">
    <ignored/>
  </testcase> <!-- aquisition_quotes_user_flow_broker_bch_quote_summary_values_verification_with_maintenance_test -->
  <testcase classname="newCar.BROKER.Acquisition_Quotes_Broker_BCH_with_maintenance_Test" name="aquisition_quotes_user_flow_broker_bch_funder_quote_addition_with_maintenance_test" time="0.0">
    <ignored/>
  </testcase> <!-- aquisition_quotes_user_flow_broker_bch_funder_quote_addition_with_maintenance_test -->
</testsuite> <!-- Default test -->
