<?xml version="1.0" encoding="UTF-8"?>
<!-- Generated by org.testng.reporters.JUnitXMLReporter -->
<testsuite ignored="0" hostname="DSK-4052" failures="0" tests="8" name="Default test" time="179.214" errors="0" timestamp="2023-10-25T19:47:15 IST">
  <testcase classname="orders.Orders_Asset_Funding_Required_Flow_HPNR_add_funder_and_add_cap_maint_and_verify_holding_cost_shown_Test" name="open_order_created_in_acquisition_test" time="76.936"/>
  <testcase classname="orders.Orders_Asset_Funding_Required_Flow_HPNR_add_funder_and_add_cap_maint_and_verify_holding_cost_shown_Test" name="verify_default_status_required_flow_test" time="10.51"/>
  <testcase classname="orders.Orders_Asset_Funding_Required_Flow_HPNR_add_funder_and_add_cap_maint_and_verify_holding_cost_shown_Test" name="verify_holding_cost_shown_test" time="8.751"/>
  <testcase classname="orders.Orders_Asset_Funding_Required_Flow_HPNR_add_funder_and_add_cap_maint_and_verify_holding_cost_shown_Test" name="add_funder" time="51.226"/>
  <testcase classname="orders.Orders_Asset_Funding_Required_Flow_HPNR_add_funder_and_add_cap_maint_and_verify_holding_cost_shown_Test" name="verify_status_after_adding_funder_required_flow_test" time="2.14"/>
  <testcase classname="orders.Orders_Asset_Funding_Required_Flow_HPNR_add_funder_and_add_cap_maint_and_verify_holding_cost_shown_Test" name="verify_status_after_selecting_the_added_funder_in_required_flow_test" time="6.415"/>
  <testcase classname="orders.Orders_Asset_Funding_Required_Flow_HPNR_add_funder_and_add_cap_maint_and_verify_holding_cost_shown_Test" name="verify_holding_cost_on_adding_funder_test" time="1.648"/>
  <testcase classname="orders.Orders_Asset_Funding_Required_Flow_HPNR_add_funder_and_add_cap_maint_and_verify_holding_cost_shown_Test" name="verify_holding_cost_on_adding_maintenance_test" time="9.074"/>
</testsuite> <!-- Default test -->
