<?xml version="1.0" encoding="UTF-8"?>
<!-- Generated by org.testng.reporters.JUnitXMLReporter -->
<testsuite ignored="0" hostname="DSK-951" failures="0" tests="5" name="Default test" time="148.295" errors="0" timestamp="2023-02-02T16:13:16 IST">
  <testcase classname="com.amt.test.BROKER.Acquisition_Quotes_Broker_PCP_with_maintenance_Test" name="aquisition_quotes_user_flow_broker_PCP_OTR_calculation_with_maintenance_test" time="80.699"/>
  <testcase classname="com.amt.test.BROKER.Acquisition_Quotes_Broker_PCP_with_maintenance_Test" name="aquisition_quotes_user_flow_broker_PCP_after_discount_calculations_with_maintenance_test" time="2.747"/>
  <testcase classname="com.amt.test.BROKER.Acquisition_Quotes_Broker_PCP_with_maintenance_Test" name="aquisition_quotes_user_flow_broker_PCP_vehicle_profit_check_with_maintenance_test" time="3.206"/>
  <testcase classname="com.amt.test.BROKER.Acquisition_Quotes_Broker_PCP_with_maintenance_Test" name="aquisition_quotes_user_flow_broker_PCP_balance_to_finance_check_with_maintenance_test" time="20.701"/>
  <testcase classname="com.amt.test.BROKER.Acquisition_Quotes_Broker_PCP_with_maintenance_Test" name="aquisition_quotes_user_flow_broker_PCP_quote_summary_values_verification_with_maintenance_test" time="18.946"/>
</testsuite> <!-- Default test -->
