<?xml version="1.0" encoding="UTF-8"?>
<!-- Generated by org.testng.reporters.JUnitXMLReporter -->
<testsuite ignored="0" hostname="DSK-951" failures="0" tests="4" name="Default test" time="143.501" errors="0" timestamp="2022-12-21T17:46:32 IST">
  <testcase classname="com.amt.test.Acquisition_Quotes_Broker_PCH_with_maintenance_edited_Test" name="aquisition_quotes_user_flow_broker_pch_vehicle_price_edited_with_maintenance_test" time="66.446"/>
  <testcase classname="com.amt.test.Acquisition_Quotes_Broker_PCH_with_maintenance_edited_Test" name="aquisition_quotes_user_flow_broker_pch_road_tax_for_first_year_edited_with_maintenance_test" time="2.627"/>
  <testcase classname="com.amt.test.Acquisition_Quotes_Broker_PCH_with_maintenance_edited_Test" name="aquisition_quotes_user_flow_broker_pch_customer_quote_funder_quote_addition_with_maintenance_test" time="36.221"/>
  <testcase classname="com.amt.test.Acquisition_Quotes_Broker_PCH_with_maintenance_edited_Test" name="aquisition_quotes_user_flow_broker_pch_with_maintenance_quote_summary_page_value_verification_test" time="17.509"/>
</testsuite> <!-- Default test -->
