<?xml version="1.0" encoding="UTF-8"?>
<!-- Generated by org.testng.reporters.JUnitXMLReporter -->
<testsuite ignored="0" hostname="DSK-951" failures="0" tests="5" name="Default test" time="391.822" errors="0" timestamp="2022-12-15T10:59:58 IST">
  <testcase classname="com.amt.test.Acquisition_Quotes_FL_FL_with_funder_quote_addition_without_maintenance_Test" name="aquisition_quotes_FL_FL_OTR_calculation_without_maintenance_test" time="102.074"/>
  <testcase classname="com.amt.test.Acquisition_Quotes_FL_FL_with_funder_quote_addition_without_maintenance_Test" name="aquisition_quotes_FL_FL_after_discount_calculations_without_maintenance_test" time="1.756"/>
  <testcase classname="com.amt.test.Acquisition_Quotes_FL_FL_with_funder_quote_addition_without_maintenance_Test" name="aquisition_quotes_FL_FL_holding_cost_calculations_without_maintenance_test" time="31.754"/>
  <testcase classname="com.amt.test.Acquisition_Quotes_FL_FL_with_funder_quote_addition_without_maintenance_Test" name="aquisition_quotes_FL_FL_customer_quote_payment_profile_calculations_without_maintenance_test" time="190.886"/>
  <testcase classname="com.amt.test.Acquisition_Quotes_FL_FL_with_funder_quote_addition_without_maintenance_Test" name="aquisition_quotes_FL_FL_quote_summary_values_verification_without_maintenance_test" time="42.448"/>
</testsuite> <!-- Default test -->
