<?xml version="1.0" encoding="UTF-8"?>
<!-- Generated by org.testng.reporters.JUnitXMLReporter -->
<testsuite ignored="0" hostname="DSK-951" failures="0" tests="5" name="Default test" time="287.365" errors="0" timestamp="2022-12-05T13:29:55 IST">
  <testcase classname="com.amt.test.Acquisition_Quotes_HPNR_PCH_with_maintenance_Test" name="aquisition_quotes_HPNR_PCH_OTR_calculation_with_maintenance_test" time="79.753"/>
  <testcase classname="com.amt.test.Acquisition_Quotes_HPNR_PCH_with_maintenance_Test" name="aquisition_quotes_HPNR_PCH_after_discount_calculations_with_maintenance_test" time="1.567"/>
  <testcase classname="com.amt.test.Acquisition_Quotes_HPNR_PCH_with_maintenance_Test" name="aquisition_quotes_HPNR_PCH_holding_cost_calculations_with_maintenance_test" time="15.3"/>
  <testcase classname="com.amt.test.Acquisition_Quotes_HPNR_PCH_with_maintenance_Test" name="aquisition_quotes_HPNR_PCH_customer_quote_payment_profile_calculations_with_maintenance_test" time="115.09"/>
  <testcase classname="com.amt.test.Acquisition_Quotes_HPNR_PCH_with_maintenance_Test" name="aquisition_quotes_HPNR_PCH_quote_summary_values_verification_with_maintenance_test" time="57.953"/>
</testsuite> <!-- Default test -->
