<?xml version="1.0" encoding="UTF-8"?>
<!-- Generated by org.testng.reporters.JUnitXMLReporter -->
<testsuite ignored="0" hostname="DSK-4052" failures="0" tests="4" name="Default test" time="700.857" errors="0" timestamp="2023-08-11T16:30:54 IST">
  <testcase classname="orders.OrdersTest" name="open_order_created_in_acquisition_test" time="82.388"/>
  <testcase classname="orders.OrdersTest" name="open_vehicle_order_tab_test" time="319.995"/>
  <testcase classname="orders.OrdersTest" name="open_order_in_stocklist_after_delivering_vehicel_from_orders" time="72.405"/>
  <testcase classname="orders.OrdersTest" name="publish_vehicle_to_front_office" time="211.713"/>
</testsuite> <!-- Default test -->
