<?xml version="1.0" encoding="UTF-8"?>
<!-- Generated by org.testng.reporters.JUnitXMLReporter -->
<testsuite ignored="0" hostname="DSK-4052" failures="0" tests="2" name="Default test" time="202.119" errors="0" timestamp="2023-12-04T18:17:04 IST">
  <testcase classname="orders.Orders_Ownbook_Hire_With_Customer_Flow_Test" name="open_order_created_in_acquisition_test" time="121.872"/>
  <testcase classname="orders.Orders_Ownbook_Hire_With_Customer_Flow_Test" name="deliver_vehicle_tab_test" time="64.657"/>
</testsuite> <!-- Default test -->
