<?xml version="1.0" encoding="UTF-8"?>
<!-- Generated by org.testng.reporters.JUnitXMLReporter -->
<testsuite ignored="0" hostname="DSK-951" failures="0" tests="5" name="Default test" time="184.446" errors="0" timestamp="2022-12-16T18:10:28 IST">
  <testcase classname="com.amt.test.Acquisition_Quotes_Broker_PCP_with_maintenance_Test" name="aquisition_quotes_user_flow_broker_PCP_OTR_calculation_with_maintenance_test" time="96.517"/>
  <testcase classname="com.amt.test.Acquisition_Quotes_Broker_PCP_with_maintenance_Test" name="aquisition_quotes_user_flow_broker_PCP_after_discount_calculations_with_maintenance_test" time="1.818"/>
  <testcase classname="com.amt.test.Acquisition_Quotes_Broker_PCP_with_maintenance_Test" name="aquisition_quotes_user_flow_broker_PCP_vehicle_profit_check_with_maintenance_test" time="6.345"/>
  <testcase classname="com.amt.test.Acquisition_Quotes_Broker_PCP_with_maintenance_Test" name="aquisition_quotes_user_flow_broker_PCP_balance_to_finance_check_with_maintenance_test" time="22.365"/>
  <testcase classname="com.amt.test.Acquisition_Quotes_Broker_PCP_with_maintenance_Test" name="aquisition_quotes_user_flow_broker_PCP_quote_summary_values_verification_with_maintenance_test" time="37.274"/>
</testsuite> <!-- Default test -->
