<?xml version="1.0" encoding="UTF-8"?>
<!-- Generated by org.testng.reporters.JUnitXMLReporter -->
<testsuite ignored="0" hostname="DSK-4052" failures="0" tests="5" name="Default test" time="347.83" errors="0" timestamp="2023-03-29T12:34:54 IST">
  <testcase classname="newCar.CP.Acquisition_Quotes_CP_CP_LCV_with_funder_quote_addition_with_maintenance_Test" name="aquisition_quotes_CP_CP_OTR_calculation_with_maintenance_test" time="77.893"/>
  <testcase classname="newCar.CP.Acquisition_Quotes_CP_CP_LCV_with_funder_quote_addition_with_maintenance_Test" name="aquisition_quotes_CP_CP_after_discount_calculations_with_maintenance_test" time="3.319"/>
  <testcase classname="newCar.CP.Acquisition_Quotes_CP_CP_LCV_with_funder_quote_addition_with_maintenance_Test" name="aquisition_quotes_CP_CP_holding_cost_calculations_with_maintenance_test" time="21.801"/>
  <testcase classname="newCar.CP.Acquisition_Quotes_CP_CP_LCV_with_funder_quote_addition_with_maintenance_Test" name="aquisition_quotes_CP_CP_customer_quote_calculations_check_monthly_finance_payment_with_maintenance_test" time="45.817"/>
  <testcase classname="newCar.CP.Acquisition_Quotes_CP_CP_LCV_with_funder_quote_addition_with_maintenance_Test" name="aquisition_quotes_CP_CP_quote_summary_values_verification_with_maintenance_test" time="181.126"/>
</testsuite> <!-- Default test -->
