<?xml version="1.0" encoding="UTF-8"?>
<!-- Generated by org.testng.reporters.JUnitXMLReporter -->
<testsuite ignored="0" hostname="DSK-4052" failures="0" tests="5" name="Default test" time="543.843" errors="0" timestamp="2023-07-24T14:29:51 IST">
  <testcase classname="newCar.CP.Acquisition_Quotes_CP_PCH_without_maintenance_Test" name="aquisition_quotes_CP_PCH_OTR_calculation_without_maintenance_test" time="75.676"/>
  <testcase classname="newCar.CP.Acquisition_Quotes_CP_PCH_without_maintenance_Test" name="aquisition_quotes_CP_PCH_after_discount_calculations_without_maintenance_test" time="4.803"/>
  <testcase classname="newCar.CP.Acquisition_Quotes_CP_PCH_without_maintenance_Test" name="aquisition_quotes_CP_PCH_holding_cost_calculations_without_maintenance_test" time="58.716"/>
  <testcase classname="newCar.CP.Acquisition_Quotes_CP_PCH_without_maintenance_Test" name="aquisition_quotes_CP_PCH_customer_quote_payment_profile_calculations_without_maintenance_test" time="199.968"/>
  <testcase classname="newCar.CP.Acquisition_Quotes_CP_PCH_without_maintenance_Test" name="aquisition_quotes_CP_PCH_quote_summary_values_verification_without_maintenance_test" time="186.377"/>
</testsuite> <!-- Default test -->
