<?xml version="1.0" encoding="UTF-8"?>
<!-- Generated by org.testng.reporters.JUnitXMLReporter -->
<testsuite ignored="0" hostname="DSK-951" failures="0" tests="7" name="Default test" time="219.532" errors="0" timestamp="2022-11-17T12:33:43 IST">
  <testcase classname="com.amt.test.Acquisition_Quotes_Outright_PCP_without_maintenance_Test" name="aquisition_quotes_outright_PCP_OTR_calculation_without_maintenance_test" time="74.773"/>
  <testcase classname="com.amt.test.Acquisition_Quotes_Outright_PCP_without_maintenance_Test" name="aquisition_quotes_outright_PCP_after_discount_calculations_without_maintenance_test" time="1.499"/>
  <testcase classname="com.amt.test.Acquisition_Quotes_Outright_PCP_without_maintenance_Test" name="aquisition_quotes_outright_PCP_holding_cost_calculations_without_maintenance_test" time="8.799"/>
  <testcase classname="com.amt.test.Acquisition_Quotes_Outright_PCP_without_maintenance_Test" name="aquisition_quotes_outright_PCP_customer_quote_calculations_check_monthly_finance_payment_without_maintenance_test" time="26.703"/>
  <testcase classname="com.amt.test.Acquisition_Quotes_Outright_PCP_without_maintenance_Test" name="aquisition_quotes_outright_PCP_customer_quote_vehicle_profit_edit_check_without_maintenance_test" time="13.509"/>
  <testcase classname="com.amt.test.Acquisition_Quotes_Outright_PCP_without_maintenance_Test" name="aquisition_quotes_outright_PCP_customer_quote_part_exchange_value_edit_check_without_maintenance_test" time="63.425"/>
  <testcase classname="com.amt.test.Acquisition_Quotes_Outright_PCP_without_maintenance_Test" name="aquisition_quotes_outright_PCP_quote_summary_values_verification_without_maintenance_test" time="11.646"/>
</testsuite> <!-- Default test -->
