<?xml version="1.0" encoding="UTF-8"?>
<!-- Generated by org.testng.reporters.JUnitXMLReporter -->
<testsuite ignored="0" hostname="DSK-951" failures="0" tests="5" name="Default test" time="194.187" errors="0" timestamp="2022-12-07T12:59:22 IST">
  <testcase classname="com.amt.test.Acquisition_Quotes_CP_PCP_without_maintenance_Normal_Save_Test" name="aquisition_quotes_CP_PCP_OTR_calculation_without_maintenance_test" time="88.41"/>
  <testcase classname="com.amt.test.Acquisition_Quotes_CP_PCP_without_maintenance_Normal_Save_Test" name="aquisition_quotes_CP_PCP_after_discount_calculations_without_maintenance_test" time="1.45"/>
  <testcase classname="com.amt.test.Acquisition_Quotes_CP_PCP_without_maintenance_Normal_Save_Test" name="aquisition_quotes_CP_PCP_holding_cost_calculations_without_maintenance_test" time="14.895"/>
  <testcase classname="com.amt.test.Acquisition_Quotes_CP_PCP_without_maintenance_Normal_Save_Test" name="aquisition_quotes_CP_PCP_customer_quote_calculations_check_monthly_finance_payment_without_maintenance_test" time="32.021"/>
  <testcase classname="com.amt.test.Acquisition_Quotes_CP_PCP_without_maintenance_Normal_Save_Test" name="aquisition_quotes_CP_PCP_quote_summary_values_verification_without_maintenance_test" time="31.997"/>
</testsuite> <!-- Default test -->
