<?xml version="1.0" encoding="UTF-8"?>
<!-- Generated by org.testng.reporters.JUnitXMLReporter -->
<testsuite ignored="0" hostname="DSK-951" failures="1" tests="4" name="Default test" time="178.72" errors="0" timestamp="2022-11-09T14:54:12 IST">
  <testcase classname="com.amt.test.Acquisition_Quotes_Broker_BCH_with_maintenance_Test" name="aquisition_quotes_user_flow_broker_bch_OTR_calculation_with_maintenance_test" time="83.966"/>
  <testcase classname="com.amt.test.Acquisition_Quotes_Broker_BCH_with_maintenance_Test" name="aquisition_quotes_user_flow_broker_bch_after_discount_calculations_with_maintenance_test" time="1.113"/>
  <testcase classname="com.amt.test.Acquisition_Quotes_Broker_BCH_with_maintenance_Test" name="aquisition_quotes_user_flow_broker_bch_funder_quote_addition_with_maintenance_test" time="66.087"/>
  <testcase classname="com.amt.test.Acquisition_Quotes_Broker_BCH_with_maintenance_Test" name="aquisition_quotes_user_flow_broker_bch_quote_summary_values_verification_with_maintenance_test" time="1.174">
    <failure type="org.openqa.selenium.ElementClickInterceptedException" message="element click intercepted: Element &amp;lt;p&amp;gt;...&amp;lt;/p&amp;gt; is not clickable at point (812, 97). Other element would receive the click: &amp;lt;div _ngcontent-dlo-c0=&amp;quot;&amp;quot; class=&amp;quot;loader_div&amp;quot;&amp;gt;...&amp;lt;/div&amp;gt;
  (Session info: chrome=107.0.5304.88)
Build info: version: &amp;apos;4.0.0&amp;apos;, revision: &amp;apos;3a21814679&amp;apos;
System info: host: &amp;apos;DSK-951&amp;apos;, ip: &amp;apos;10.0.3.253&amp;apos;, os.name: &amp;apos;Windows 10&amp;apos;, os.arch: &amp;apos;amd64&amp;apos;, os.version: &amp;apos;10.0&amp;apos;, java.version: &amp;apos;17.0.4.1&amp;apos;
Driver info: org.openqa.selenium.chrome.ChromeDriver
Command: [e6647d7f3bf0365a62877c904add1c77, clickElement {id=12193872-47dc-44bc-9bfb-da0560bd7f13}]
Capabilities {acceptInsecureCerts: false, browserName: chrome, browserVersion: 107.0.5304.88, chrome: {chromedriverVersion: 107.0.5304.62 (1eec40d3a576..., userDataDir: C:\Users\NITEIN~1.KUR\AppDa...}, goog:chromeOptions: {debuggerAddress: localhost:63014}, javascriptEnabled: true, networkConnectionEnabled: false, pageLoadStrategy: normal, platform: WINDOWS, platformName: WINDOWS, proxy: Proxy(), se:cdp: ws://localhost:63014/devtoo..., se:cdpVersion: 107.0.5304.88, setWindowRect: true, strictFileInteractability: false, timeouts: {implicit: 0, pageLoad: 300000, script: 30000}, unhandledPromptBehavior: dismiss and notify, webauthn:extension:credBlob: true, webauthn:extension:largeBlob: true, webauthn:virtualAuthenticators: true}
Element: [[ChromeDriver: chrome on WINDOWS (e6647d7f3bf0365a62877c904add1c77)] -&amp;gt; xpath: //p[normalize-space()=&amp;apos;Quote summary&amp;apos;]]
Session ID: e6647d7f3bf0365a62877c904add1c77">
      <![CDATA[org.openqa.selenium.ElementClickInterceptedException: element click intercepted: Element <p>...</p> is not clickable at point (812, 97). Other element would receive the click: <div _ngcontent-dlo-c0="" class="loader_div">...</div>
  (Session info: chrome=107.0.5304.88)
Build info: version: '4.0.0', revision: '3a21814679'
System info: host: 'DSK-951', ip: '10.0.3.253', os.name: 'Windows 10', os.arch: 'amd64', os.version: '10.0', java.version: '17.0.4.1'
Driver info: org.openqa.selenium.chrome.ChromeDriver
Command: [e6647d7f3bf0365a62877c904add1c77, clickElement {id=12193872-47dc-44bc-9bfb-da0560bd7f13}]
Capabilities {acceptInsecureCerts: false, browserName: chrome, browserVersion: 107.0.5304.88, chrome: {chromedriverVersion: 107.0.5304.62 (1eec40d3a576..., userDataDir: C:\Users\NITEIN~1.KUR\AppDa...}, goog:chromeOptions: {debuggerAddress: localhost:63014}, javascriptEnabled: true, networkConnectionEnabled: false, pageLoadStrategy: normal, platform: WINDOWS, platformName: WINDOWS, proxy: Proxy(), se:cdp: ws://localhost:63014/devtoo..., se:cdpVersion: 107.0.5304.88, setWindowRect: true, strictFileInteractability: false, timeouts: {implicit: 0, pageLoad: 300000, script: 30000}, unhandledPromptBehavior: dismiss and notify, webauthn:extension:credBlob: true, webauthn:extension:largeBlob: true, webauthn:virtualAuthenticators: true}
Element: [[ChromeDriver: chrome on WINDOWS (e6647d7f3bf0365a62877c904add1c77)] -> xpath: //p[normalize-space()='Quote summary']]
Session ID: e6647d7f3bf0365a62877c904add1c77
at java.base/jdk.internal.reflect.NativeConstructorAccessorImpl.newInstance0(Native Method)
at java.base/jdk.internal.reflect.NativeConstructorAccessorImpl.newInstance(NativeConstructorAccessorImpl.java:77)
at java.base/jdk.internal.reflect.DelegatingConstructorAccessorImpl.newInstance(DelegatingConstructorAccessorImpl.java:45)
at java.base/java.lang.reflect.Constructor.newInstanceWithCaller(Constructor.java:499)
at java.base/java.lang.reflect.Constructor.newInstance(Constructor.java:480)
at org.openqa.selenium.remote.codec.w3c.W3CHttpResponseCodec.createException(W3CHttpResponseCodec.java:200)
at org.openqa.selenium.remote.codec.w3c.W3CHttpResponseCodec.decode(W3CHttpResponseCodec.java:133)
at org.openqa.selenium.remote.codec.w3c.W3CHttpResponseCodec.decode(W3CHttpResponseCodec.java:53)
at org.openqa.selenium.remote.HttpCommandExecutor.execute(HttpCommandExecutor.java:184)
at org.openqa.selenium.remote.service.DriverCommandExecutor.invokeExecute(DriverCommandExecutor.java:164)
at org.openqa.selenium.remote.service.DriverCommandExecutor.execute(DriverCommandExecutor.java:139)
at org.openqa.selenium.remote.RemoteWebDriver.execute(RemoteWebDriver.java:559)
at org.openqa.selenium.remote.RemoteWebElement.execute(RemoteWebElement.java:251)
at org.openqa.selenium.remote.RemoteWebElement.click(RemoteWebElement.java:77)
at jdk.internal.reflect.GeneratedMethodAccessor2.invoke(Unknown Source)
at java.base/jdk.internal.reflect.DelegatingMethodAccessorImpl.invoke(DelegatingMethodAccessorImpl.java:43)
at java.base/java.lang.reflect.Method.invoke(Method.java:568)
at org.openqa.selenium.support.pagefactory.internal.LocatingElementHandler.invoke(LocatingElementHandler.java:52)
at jdk.proxy2/jdk.proxy2.$Proxy18.click(Unknown Source)
at com.amt.testUtil.Click.on(Click.java:18)
at com.amt.QuoteSummaryPages.QuoteSummaryBrokerBCHPage.quote_summary_broker_BCH_with_maintenance(QuoteSummaryBrokerBCHPage.java:133)
at com.amt.test.Acquisition_Quotes_Broker_BCH_with_maintenance_Test.aquisition_quotes_user_flow_broker_bch_quote_summary_values_verification_with_maintenance_test(Acquisition_Quotes_Broker_BCH_with_maintenance_Test.java:94)
at java.base/jdk.internal.reflect.NativeMethodAccessorImpl.invoke0(Native Method)
at java.base/jdk.internal.reflect.NativeMethodAccessorImpl.invoke(NativeMethodAccessorImpl.java:77)
at java.base/jdk.internal.reflect.DelegatingMethodAccessorImpl.invoke(DelegatingMethodAccessorImpl.java:43)
at java.base/java.lang.reflect.Method.invoke(Method.java:568)
at org.testng.internal.MethodInvocationHelper.invokeMethod(MethodInvocationHelper.java:133)
at org.testng.internal.TestInvoker.invokeMethod(TestInvoker.java:598)
at org.testng.internal.TestInvoker.invokeTestMethod(TestInvoker.java:173)
at org.testng.internal.MethodRunner.runInSequence(MethodRunner.java:46)
at org.testng.internal.TestInvoker$MethodInvocationAgent.invoke(TestInvoker.java:824)
at org.testng.internal.TestInvoker.invokeTestMethods(TestInvoker.java:146)
at org.testng.internal.TestMethodWorker.invokeTestMethods(TestMethodWorker.java:146)
at org.testng.internal.TestMethodWorker.run(TestMethodWorker.java:128)
at java.base/java.util.ArrayList.forEach(ArrayList.java:1511)
at org.testng.TestRunner.privateRun(TestRunner.java:794)
at org.testng.TestRunner.run(TestRunner.java:596)
at org.testng.SuiteRunner.runTest(SuiteRunner.java:377)
at org.testng.SuiteRunner.runSequentially(SuiteRunner.java:371)
at org.testng.SuiteRunner.privateRun(SuiteRunner.java:332)
at org.testng.SuiteRunner.run(SuiteRunner.java:276)
at org.testng.SuiteRunnerWorker.runSuite(SuiteRunnerWorker.java:53)
at org.testng.SuiteRunnerWorker.run(SuiteRunnerWorker.java:96)
at org.testng.TestNG.runSuitesSequentially(TestNG.java:1212)
at org.testng.TestNG.runSuitesLocally(TestNG.java:1134)
at org.testng.TestNG.runSuites(TestNG.java:1063)
at org.testng.TestNG.run(TestNG.java:1031)
at org.testng.remote.AbstractRemoteTestNG.run(AbstractRemoteTestNG.java:115)
at org.testng.remote.RemoteTestNG.initAndRun(RemoteTestNG.java:251)
at org.testng.remote.RemoteTestNG.main(RemoteTestNG.java:77)
]]>
    </failure>
  </testcase> <!-- aquisition_quotes_user_flow_broker_bch_quote_summary_values_verification_with_maintenance_test -->
</testsuite> <!-- Default test -->
