<?xml version="1.0" encoding="UTF-8"?>
<!-- Generated by org.testng.reporters.JUnitXMLReporter -->
<testsuite ignored="3" hostname="DSK-4052" failures="0" tests="3" name="Default test" time="99.272" errors="0" timestamp="2023-03-23T19:59:56 IST">
  <testcase classname="newCar.HPNR.Acquisition_Quotes_HPNR_HPNR_used_car_with_funder_quote_addition_with_maintenance_Test2" name="aquisition_quotes_OTR_calculation_with_maintenance_test" time="41.949"/>
  <testcase classname="newCar.HPNR.Acquisition_Quotes_HPNR_HPNR_used_car_with_funder_quote_addition_with_maintenance_Test2" name="aquisition_quotes_used_car_edit_cost_price_and_check_OTR_with_maintenance_test" time="0.001"/>
  <testcase classname="newCar.HPNR.Acquisition_Quotes_HPNR_HPNR_used_car_with_funder_quote_addition_with_maintenance_Test2" name="aquisition_quotes_holding_cost_calculations_with_maintenance_test" time="40.892"/>
  <testcase classname="newCar.HPNR.Acquisition_Quotes_HPNR_HPNR_used_car_with_funder_quote_addition_with_maintenance_Test2" name="aquisition_quotes_quote_summary_values_verification_with_maintenance_test" time="0.0">
    <ignored/>
  </testcase> <!-- aquisition_quotes_quote_summary_values_verification_with_maintenance_test -->
  <testcase classname="newCar.HPNR.Acquisition_Quotes_HPNR_HPNR_used_car_with_funder_quote_addition_with_maintenance_Test2" name="aquisition_quotes_customer_quote_monthly_total_payment_after_balloon_payment_off_with_maintenance_test" time="0.0">
    <ignored/>
  </testcase> <!-- aquisition_quotes_customer_quote_monthly_total_payment_after_balloon_payment_off_with_maintenance_test -->
  <testcase classname="newCar.HPNR.Acquisition_Quotes_HPNR_HPNR_used_car_with_funder_quote_addition_with_maintenance_Test2" name="aquisition_quotes_customer_quote_calculations_check_monthly_finance_payment_with_maintenance_test" time="0.0">
    <ignored/>
  </testcase> <!-- aquisition_quotes_customer_quote_calculations_check_monthly_finance_payment_with_maintenance_test -->
</testsuite> <!-- Default test -->
