<?xml version="1.0" encoding="UTF-8"?>
<!-- Generated by org.testng.reporters.JUnitXMLReporter -->
<testsuite ignored="0" hostname="DSK-4052" failures="0" tests="3" name="Default test" time="113.85" errors="0" timestamp="2023-03-30T20:26:44 IST">
  <testcase classname="usedCar.Broker.Acquisition_Quotes_Broker_PCH_used_LCV_with_maintenance_Test" name="aquisition_quotes_user_flow_broker_pch_OTR_calculation_with_maintenance_test" time="53.64"/>
  <testcase classname="usedCar.Broker.Acquisition_Quotes_Broker_PCH_used_LCV_with_maintenance_Test" name="aquisition_quotes_user_flow_broker_pch_with_maintenance_test" time="22.845"/>
  <testcase classname="usedCar.Broker.Acquisition_Quotes_Broker_PCH_used_LCV_with_maintenance_Test" name="aquisition_quotes_user_flow_broker_pch_quote_summary_values_verification_with_maintenance_test" time="15.849"/>
</testsuite> <!-- Default test -->
