<?xml version="1.0" encoding="UTF-8"?>
<!-- Generated by org.testng.reporters.JUnitXMLReporter -->
<testsuite ignored="0" hostname="DSK-951" failures="0" tests="6" name="Default test" time="151.653" errors="0" timestamp="2022-12-27T18:50:26 IST">
  <testcase classname="com.amt.test.Acquisition_Quotes_HPNR_HPR_with_funder_quote_addition_without_maintenance_Test" name="aquisition_quotes_HPNR_HPR_OTR_calculation_without_maintenance_test" time="57.651"/>
  <testcase classname="com.amt.test.Acquisition_Quotes_HPNR_HPR_with_funder_quote_addition_without_maintenance_Test" name="aquisition_quotes_HPNR_HPR_after_discount_calculations_without_maintenance_test" time="2.468"/>
  <testcase classname="com.amt.test.Acquisition_Quotes_HPNR_HPR_with_funder_quote_addition_without_maintenance_Test" name="aquisition_quotes_HPNR_HPR_holding_cost_calculations_without_maintenance_test" time="14.356"/>
  <testcase classname="com.amt.test.Acquisition_Quotes_HPNR_HPR_with_funder_quote_addition_without_maintenance_Test" name="aquisition_quotes_HPNR_HPR_customer_quote_calculations_check_monthly_finance_payment_without_maintenance_test" time="28.732"/>
  <testcase classname="com.amt.test.Acquisition_Quotes_HPNR_HPR_with_funder_quote_addition_without_maintenance_Test" name="aquisition_quotes_HPNR_HPR_customer_quote_monthly_finance_payment_after_balloon_payment_off_without_maintenance_test" time="4.075"/>
  <testcase classname="com.amt.test.Acquisition_Quotes_HPNR_HPR_with_funder_quote_addition_without_maintenance_Test" name="aquisition_quotes_HPNR_HPR_quote_summary_values_verification_without_maintenance_test" time="32.329"/>
</testsuite> <!-- Default test -->
