<?xml version="1.0" encoding="UTF-8"?>
<!-- Generated by org.testng.reporters.JUnitXMLReporter -->
<testsuite ignored="0" hostname="DSK-4052" failures="0" tests="5" name="Default test" time="340.933" errors="0" timestamp="2023-04-12T19:40:02 IST">
  <testcase classname="usedCar.CP.Acquisition_Quotes_CP_PCP_used_LCV_with_funder_quote_addition_without_maintenance_Test" name="aquisition_quotes_OTR_calculation_without_maintenance_test" time="58.874"/>
  <testcase classname="usedCar.CP.Acquisition_Quotes_CP_PCP_used_LCV_with_funder_quote_addition_without_maintenance_Test" name="aquisition_quotes_used_LCV_edit_cost_price_and_check_OTR_without_maintenance_test" time="0.002"/>
  <testcase classname="usedCar.CP.Acquisition_Quotes_CP_PCP_used_LCV_with_funder_quote_addition_without_maintenance_Test" name="aquisition_quotes_holding_cost_calculations_without_maintenance_test" time="19.352"/>
  <testcase classname="usedCar.CP.Acquisition_Quotes_CP_PCP_used_LCV_with_funder_quote_addition_without_maintenance_Test" name="aquisition_quotes_customer_quote_calculations_check_monthly_finance_payment_without_maintenance_test" time="34.6"/>
  <testcase classname="usedCar.CP.Acquisition_Quotes_CP_PCP_used_LCV_with_funder_quote_addition_without_maintenance_Test" name="aquisition_quotes_quote_summary_values_verification_without_maintenance_test" time="207.225"/>
</testsuite> <!-- Default test -->
