<?xml version="1.0" encoding="UTF-8"?>
<!-- Generated by org.testng.reporters.JUnitXMLReporter -->
<testsuite ignored="0" hostname="DSK-4052" failures="0" tests="4" name="Default test" time="142.536" errors="0" timestamp="2023-10-16T19:16:06 IST">
  <testcase classname="orders.Orders_Asset_Funding_Required_Flow_CP_BCH_with_funder_with_maintenance_Test" name="open_order_created_in_acquisition_test" time="47.873"/>
  <testcase classname="orders.Orders_Asset_Funding_Required_Flow_CP_BCH_with_funder_with_maintenance_Test" name="verify_default_status_required_flow_test" time="7.516"/>
  <testcase classname="orders.Orders_Asset_Funding_Required_Flow_CP_BCH_with_funder_with_maintenance_Test" name="verify_funder_with_same_term_and_mileage_can_not_be_added_test" time="51.115"/>
  <testcase classname="orders.Orders_Asset_Funding_Required_Flow_CP_BCH_with_funder_with_maintenance_Test" name="verify_funder_with_different_term_and_mileage_can_be_added_test" time="22.743"/>
</testsuite> <!-- Default test -->
