<?xml version="1.0" encoding="UTF-8"?>
<!-- Generated by org.testng.reporters.JUnitXMLReporter -->
<testsuite ignored="0" hostname="DSK-951" failures="0" tests="4" name="Default test" time="236.673" errors="0" timestamp="2022-11-10T12:18:28 IST">
  <testcase classname="com.amt.test.Acquisition_Quotes_Broker_BCH_with_maintenance_Test" name="aquisition_quotes_user_flow_broker_bch_OTR_calculation_with_maintenance_test" time="82.92"/>
  <testcase classname="com.amt.test.Acquisition_Quotes_Broker_BCH_with_maintenance_Test" name="aquisition_quotes_user_flow_broker_bch_after_discount_calculations_with_maintenance_test" time="1.046"/>
  <testcase classname="com.amt.test.Acquisition_Quotes_Broker_BCH_with_maintenance_Test" name="aquisition_quotes_user_flow_broker_bch_funder_quote_addition_with_maintenance_test" time="105.159"/>
  <testcase classname="com.amt.test.Acquisition_Quotes_Broker_BCH_with_maintenance_Test" name="aquisition_quotes_user_flow_broker_bch_quote_summary_values_verification_with_maintenance_test" time="34.468"/>
</testsuite> <!-- Default test -->
