<?xml version="1.0" encoding="UTF-8"?>
<!-- Generated by org.testng.reporters.JUnitXMLReporter -->
<testsuite ignored="0" hostname="DSK-4052" failures="0" tests="6" name="Default test" time="341.626" errors="0" timestamp="2023-03-25T17:25:43 IST">
  <testcase classname="newCar.HPNR.Acquisition_Quotes_HPNR_FL_LCV_without_maintenance_Test" name="aquisition_quotes_HPNR_FL_OTR_calculation_without_maintenance_test" time="62.628"/>
  <testcase classname="newCar.HPNR.Acquisition_Quotes_HPNR_FL_LCV_without_maintenance_Test" name="aquisition_quotes_HPNR_FL_after_discount_calculations_without_maintenance_test" time="3.489"/>
  <testcase classname="newCar.HPNR.Acquisition_Quotes_HPNR_FL_LCV_without_maintenance_Test" name="aquisition_quotes_HPNR_FL_other_support_check_without_maintenance_test" time="14.77"/>
  <testcase classname="newCar.HPNR.Acquisition_Quotes_HPNR_FL_LCV_without_maintenance_Test" name="aquisition_quotes_HPNR_FL_holding_cost_calculations_without_maintenance_test" time="42.241"/>
  <testcase classname="newCar.HPNR.Acquisition_Quotes_HPNR_FL_LCV_without_maintenance_Test" name="aquisition_quotes_HPNR_FL_customer_quote_payment_profile_calculations_without_maintenance_test" time="62.166"/>
  <testcase classname="newCar.HPNR.Acquisition_Quotes_HPNR_FL_LCV_without_maintenance_Test" name="aquisition_quotes_HPNR_FL_quote_summary_values_verification_without_maintenance_test" time="136.527"/>
</testsuite> <!-- Default test -->
