<?xml version="1.0" encoding="UTF-8"?>
<!-- Generated by org.testng.reporters.JUnitXMLReporter -->
<testsuite ignored="0" hostname="DSK-951" failures="0" tests="5" name="Default test" time="138.447" errors="0" timestamp="2022-11-09T18:20:00 IST">
  <testcase classname="com.amt.test.Acquisition_Quotes_Outright_BCH_without_maintenance_Test" name="aquisition_quotes_outright_BCH_OTR_calculation_without_maintenance_test" time="72.61"/>
  <testcase classname="com.amt.test.Acquisition_Quotes_Outright_BCH_without_maintenance_Test" name="aquisition_quotes_outright_BCH_after_discount_calculations_without_maintenance_test" time="0.991"/>
  <testcase classname="com.amt.test.Acquisition_Quotes_Outright_BCH_without_maintenance_Test" name="aquisition_quotes_outright_BCH_holding_cost_calculations_without_maintenance_test" time="5.594"/>
  <testcase classname="com.amt.test.Acquisition_Quotes_Outright_BCH_without_maintenance_Test" name="aquisition_quotes_outright_BCH_customer_quote_payment_profile_calculations_without_maintenance_test" time="16.109"/>
  <testcase classname="com.amt.test.Acquisition_Quotes_Outright_BCH_without_maintenance_Test" name="aquisition_quotes_outright_BCH_quote_summary_values_verification_without_maintenance_test" time="31.669"/>
</testsuite> <!-- Default test -->
