<?xml version="1.0" encoding="UTF-8"?>
<!-- Generated by org.testng.reporters.JUnitXMLReporter -->
<testsuite ignored="0" hostname="DSK-951" failures="0" tests="5" name="Default test" time="145.795" errors="0" timestamp="2022-11-24T19:45:02 IST">
  <testcase classname="com.amt.test.Acquisition_Quotes_Broker_HPR_Test" name="aquisition_quotes_user_flow_broker_HPR_OTR_calculation" time="79.68"/>
  <testcase classname="com.amt.test.Acquisition_Quotes_Broker_HPR_Test" name="aquisition_quotes_user_flow_broker_HPR_after_discount_calculations_test" time="1.481"/>
  <testcase classname="com.amt.test.Acquisition_Quotes_Broker_HPR_Test" name="aquisition_quotes_user_flow_broker_HPR_vehicle_profit_check_test" time="6.326"/>
  <testcase classname="com.amt.test.Acquisition_Quotes_Broker_HPR_Test" name="aquisition_quotes_user_flow_broker_HPR_balance_to_finance_check_test" time="16.525"/>
  <testcase classname="com.amt.test.Acquisition_Quotes_Broker_HPR_Test" name="aquisition_quotes_user_flow_broker_HPR_quote_summary_values_verification_test" time="31.168"/>
</testsuite> <!-- Default test -->
