<?xml version="1.0" encoding="UTF-8"?>
<!-- Generated by org.testng.reporters.JUnitXMLReporter -->
<testsuite ignored="0" hostname="DSK-4052" failures="0" tests="3" name="Default test" time="231.036" errors="0" timestamp="2023-09-14T17:51:51 IST">
  <testcase classname="orders.Orders_Asset_Funding_Add_Stocking_Plan_Test" name="open_order_created_in_acquisition_test" time="88.048"/>
  <testcase classname="orders.Orders_Asset_Funding_Add_Stocking_Plan_Test" name="deliver_vehicle_tab_test" time="117.952"/>
  <testcase classname="orders.Orders_Asset_Funding_Add_Stocking_Plan_Test" name="add_stocking_plan_test" time="9.865"/>
</testsuite> <!-- Default test -->
