<?xml version="1.0" encoding="UTF-8"?>
<!-- Generated by org.testng.reporters.JUnitXMLReporter -->
<testsuite ignored="0" hostname="DSK-4052" failures="1" tests="13" name="Default test" time="267.23" errors="0" timestamp="2023-10-10T18:51:34 IST">
  <testcase classname="orders.Orders_Asset_Funding_Required_Flow_HPNR_Test" name="open_order_created_in_acquisition_test" time="45.765"/>
  <testcase classname="orders.Orders_Asset_Funding_Required_Flow_HPNR_Test" name="verify_default_status_required_flow_test" time="6.462"/>
  <testcase classname="orders.Orders_Asset_Funding_Required_Flow_HPNR_Test" name="verify_holding_cost_shown_test" time="6.734"/>
  <testcase classname="orders.Orders_Asset_Funding_Required_Flow_HPNR_Test" name="verify_holding_cost_on_editing_percentage_cap_residual_test" time="8.739"/>
  <testcase classname="orders.Orders_Asset_Funding_Required_Flow_HPNR_Test" name="verify_holding_cost_on_editing_residual_value_test" time="7.223"/>
  <testcase classname="orders.Orders_Asset_Funding_Required_Flow_HPNR_Test" name="verify_holding_cost_on_editing_add_term_and_mileage_test" time="15.094"/>
  <testcase classname="orders.Orders_Asset_Funding_Required_Flow_HPNR_Test" name="add_funder" time="47.855"/>
  <testcase classname="orders.Orders_Asset_Funding_Required_Flow_HPNR_Test" name="verify_status_after_adding_funder_required_flow_test" time="1.157"/>
  <testcase classname="orders.Orders_Asset_Funding_Required_Flow_HPNR_Test" name="verify_status_after_selecting_the_added_funder_in_required_flow_test" time="4.419"/>
  <testcase classname="orders.Orders_Asset_Funding_Required_Flow_HPNR_Test" name="verify_holding_cost_on_adding_funder" time="1.571"/>
  <testcase classname="orders.Orders_Asset_Funding_Required_Flow_HPNR_Test" name="verify_finance_documents_statuses_for_required_flow_test" time="109.603">
    <failure type="org.openqa.selenium.TimeoutException" message="Expected condition failed: waiting for element to be clickable: [[ChromeDriver: chrome on WINDOWS (1c8aa97f07e450c2dd79203ccae2138b)] -&amp;gt; xpath: //*[@id=&amp;apos;financeactivated&amp;apos;]] (tried for 20 second(s) with 500 milliseconds interval)
Build info: version: &amp;apos;4.1.0&amp;apos;, revision: &amp;apos;87802e897b&amp;apos;
System info: host: &amp;apos;DSK-4052&amp;apos;, ip: &amp;apos;172.16.1.80&amp;apos;, os.name: &amp;apos;Windows 10&amp;apos;, os.arch: &amp;apos;amd64&amp;apos;, os.version: &amp;apos;10.0&amp;apos;, java.version: &amp;apos;19.0.1&amp;apos;
Driver info: org.openqa.selenium.chrome.ChromeDriver
Capabilities {acceptInsecureCerts: false, browserName: chrome, browserVersion: 117.0.5938.150, chrome: {chromedriverVersion: 116.0.5845.96 (1a3918166880..., userDataDir: C:\Users\NITEIN~1.KUR\AppDa...}, fedcm:accounts: true, goog:chromeOptions: {debuggerAddress: localhost:53870}, javascriptEnabled: true, networkConnectionEnabled: false, pageLoadStrategy: normal, platform: WINDOWS, platformName: WINDOWS, proxy: Proxy(), se:cdp: ws://localhost:53870/devtoo..., se:cdpVersion: 117.0.5938.150, setWindowRect: true, strictFileInteractability: false, timeouts: {implicit: 0, pageLoad: 300000, script: 30000}, unhandledPromptBehavior: dismiss and notify, webauthn:extension:credBlob: true, webauthn:extension:largeBlob: true, webauthn:extension:minPinLength: true, webauthn:extension:prf: true, webauthn:virtualAuthenticators: true}
Session ID: 1c8aa97f07e450c2dd79203ccae2138b">
      <![CDATA[org.openqa.selenium.TimeoutException: Expected condition failed: waiting for element to be clickable: [[ChromeDriver: chrome on WINDOWS (1c8aa97f07e450c2dd79203ccae2138b)] -> xpath: //*[@id='financeactivated']] (tried for 20 second(s) with 500 milliseconds interval)
Build info: version: '4.1.0', revision: '87802e897b'
System info: host: 'DSK-4052', ip: '172.16.1.80', os.name: 'Windows 10', os.arch: 'amd64', os.version: '10.0', java.version: '19.0.1'
Driver info: org.openqa.selenium.chrome.ChromeDriver
Capabilities {acceptInsecureCerts: false, browserName: chrome, browserVersion: 117.0.5938.150, chrome: {chromedriverVersion: 116.0.5845.96 (1a3918166880..., userDataDir: C:\Users\NITEIN~1.KUR\AppDa...}, fedcm:accounts: true, goog:chromeOptions: {debuggerAddress: localhost:53870}, javascriptEnabled: true, networkConnectionEnabled: false, pageLoadStrategy: normal, platform: WINDOWS, platformName: WINDOWS, proxy: Proxy(), se:cdp: ws://localhost:53870/devtoo..., se:cdpVersion: 117.0.5938.150, setWindowRect: true, strictFileInteractability: false, timeouts: {implicit: 0, pageLoad: 300000, script: 30000}, unhandledPromptBehavior: dismiss and notify, webauthn:extension:credBlob: true, webauthn:extension:largeBlob: true, webauthn:extension:minPinLength: true, webauthn:extension:prf: true, webauthn:virtualAuthenticators: true}
Session ID: 1c8aa97f07e450c2dd79203ccae2138b
at org.openqa.selenium.support.ui.WebDriverWait.timeoutException(WebDriverWait.java:138)
at org.openqa.selenium.support.ui.FluentWait.until(FluentWait.java:231)
at com.amt.testUtil.Click.on(Click.java:17)
at com.amt.pages.AssetFundingPage.verify_finance_documents_statuses(AssetFundingPage.java:1574)
at orders.Orders_Asset_Funding_Required_Flow_HPNR_Test.verify_finance_documents_statuses_for_required_flow_test(Orders_Asset_Funding_Required_Flow_HPNR_Test.java:142)
at java.base/jdk.internal.reflect.DirectMethodHandleAccessor.invoke(DirectMethodHandleAccessor.java:104)
at java.base/java.lang.reflect.Method.invoke(Method.java:578)
at org.testng.internal.MethodInvocationHelper.invokeMethod(MethodInvocationHelper.java:133)
at org.testng.internal.TestInvoker.invokeMethod(TestInvoker.java:598)
at org.testng.internal.TestInvoker.invokeTestMethod(TestInvoker.java:173)
at org.testng.internal.MethodRunner.runInSequence(MethodRunner.java:46)
at org.testng.internal.TestInvoker$MethodInvocationAgent.invoke(TestInvoker.java:824)
at org.testng.internal.TestInvoker.invokeTestMethods(TestInvoker.java:146)
at org.testng.internal.TestMethodWorker.invokeTestMethods(TestMethodWorker.java:146)
at org.testng.internal.TestMethodWorker.run(TestMethodWorker.java:128)
at java.base/java.util.ArrayList.forEach(ArrayList.java:1511)
at org.testng.TestRunner.privateRun(TestRunner.java:794)
at org.testng.TestRunner.run(TestRunner.java:596)
at org.testng.SuiteRunner.runTest(SuiteRunner.java:377)
at org.testng.SuiteRunner.runSequentially(SuiteRunner.java:371)
at org.testng.SuiteRunner.privateRun(SuiteRunner.java:332)
at org.testng.SuiteRunner.run(SuiteRunner.java:276)
at org.testng.SuiteRunnerWorker.runSuite(SuiteRunnerWorker.java:53)
at org.testng.SuiteRunnerWorker.run(SuiteRunnerWorker.java:96)
at org.testng.TestNG.runSuitesSequentially(TestNG.java:1212)
at org.testng.TestNG.runSuitesLocally(TestNG.java:1134)
at org.testng.TestNG.runSuites(TestNG.java:1063)
at org.testng.TestNG.run(TestNG.java:1031)
at org.testng.remote.AbstractRemoteTestNG.run(AbstractRemoteTestNG.java:115)
at org.testng.remote.RemoteTestNG.initAndRun(RemoteTestNG.java:251)
at org.testng.remote.RemoteTestNG.main(RemoteTestNG.java:77)
]]>
    </failure>
  </testcase> <!-- verify_finance_documents_statuses_for_required_flow_test -->
  <testcase classname="orders.Orders_Asset_Funding_Required_Flow_HPNR_Test" name="verify_payments_to_funder_statuses_for_required_flow_test" time="0.0">
    <skipped/>
  </testcase> <!-- verify_payments_to_funder_statuses_for_required_flow_test -->
  <testcase classname="orders.Orders_Asset_Funding_Required_Flow_HPNR_Test" name="verify_completed_status_for_required_flow_test" time="0.0">
    <skipped/>
  </testcase> <!-- verify_completed_status_for_required_flow_test -->
</testsuite> <!-- Default test -->
