<?xml version="1.0" encoding="UTF-8"?>
<!-- Generated by org.testng.reporters.JUnitXMLReporter -->
<testsuite ignored="0" hostname="DSK-951" failures="0" tests="4" name="Default test" time="79.67" errors="0" timestamp="2022-12-30T20:23:24 IST">
  <testcase classname="com.amt.test.OP.Acquisition_Quotes_OP_OP_Test" name="aquisition_quotes_OP_OP_OTR_calculation_test" time="54.289"/>
  <testcase classname="com.amt.test.OP.Acquisition_Quotes_OP_OP_Test" name="aquisition_quotes_OP_OP_after_discount_calculations_test" time="2.929"/>
  <testcase classname="com.amt.test.OP.Acquisition_Quotes_OP_OP_Test" name="aquisition_quotes_OP_OP_customer_quote_vehicle_profit_edit_check_with_maintenance_test" time="3.937"/>
  <testcase classname="com.amt.test.OP.Acquisition_Quotes_OP_OP_Test" name="aquisition_quotes_OP_OP_customer_quote_part_exchange_value_edit_check_with_maintenance_test" time="6.32"/>
</testsuite> <!-- Default test -->
