<?xml version="1.0" encoding="UTF-8"?>
<!-- Generated by org.testng.reporters.JUnitXMLReporter -->
<testsuite ignored="0" hostname="DSK-951" failures="0" tests="8" name="Default test" time="177.234" errors="0" timestamp="2023-01-24T18:42:22 IST">
  <testcase classname="com.amt.test.HPNR.Acquisition_Quotes_HPNR_HPR_without_maintenance_Test" name="aquisition_quotes_HPNR_HPR_OTR_calculation_without_maintenance_test" time="56.52"/>
  <testcase classname="com.amt.test.HPNR.Acquisition_Quotes_HPNR_HPR_without_maintenance_Test" name="aquisition_quotes_HPNR_HPR_after_discount_calculations_without_maintenance_test" time="2.721"/>
  <testcase classname="com.amt.test.HPNR.Acquisition_Quotes_HPNR_HPR_without_maintenance_Test" name="aquisition_quotes_HPNR_HPR_holding_cost_calculations_without_maintenance_test" time="12.152"/>
  <testcase classname="com.amt.test.HPNR.Acquisition_Quotes_HPNR_HPR_without_maintenance_Test" name="aquisition_quotes_HPNR_HPR_customer_quote_calculations_check_monthly_finance_payment_without_maintenance_test" time="22.419"/>
  <testcase classname="com.amt.test.HPNR.Acquisition_Quotes_HPNR_HPR_without_maintenance_Test" name="aquisition_quotes_HPNR_HPR_customer_quote_vehicle_profit_edit_check_without_maintenance_test" time="10.091"/>
  <testcase classname="com.amt.test.HPNR.Acquisition_Quotes_HPNR_HPR_without_maintenance_Test" name="aquisition_quotes_HPNR_HPR_customer_quote_part_exchange_value_edit_check_without_maintenance_test" time="16.266"/>
  <testcase classname="com.amt.test.HPNR.Acquisition_Quotes_HPNR_HPR_without_maintenance_Test" name="aquisition_quotes_HPNR_HPR_customer_quote_monthly_finance_payment_after_balloon_payment_off_without_maintenance_test" time="7.993"/>
  <testcase classname="com.amt.test.HPNR.Acquisition_Quotes_HPNR_HPR_without_maintenance_Test" name="aquisition_quotes_HPNR_HPR_quote_summary_values_verification_without_maintenance_test" time="36.554"/>
</testsuite> <!-- Default test -->
