<?xml version="1.0" encoding="UTF-8"?>
<!-- Generated by org.testng.reporters.JUnitXMLReporter -->
<testsuite ignored="0" hostname="DSK-951" failures="0" tests="5" name="Default test" time="211.15" errors="0" timestamp="2022-12-22T20:17:07 IST">
  <testcase classname="com.amt.test.Acquisition_Quotes_HPNR_FL_with_funder_quote_addition_with_maintenance_Test" name="aquisition_quotes_HPNR_FL_OTR_calculation_with_maintenance_test" time="48.703"/>
  <testcase classname="com.amt.test.Acquisition_Quotes_HPNR_FL_with_funder_quote_addition_with_maintenance_Test" name="aquisition_quotes_HPNR_FL_after_discount_calculations_with_maintenance_test" time="2.184"/>
  <testcase classname="com.amt.test.Acquisition_Quotes_HPNR_FL_with_funder_quote_addition_with_maintenance_Test" name="aquisition_quotes_HPNR_FL_holding_cost_calculations_with_maintenance_test" time="19.218"/>
  <testcase classname="com.amt.test.Acquisition_Quotes_HPNR_FL_with_funder_quote_addition_with_maintenance_Test" name="aquisition_quotes_HPNR_FL_customer_quote_payment_profile_calculations_with_maintenance_test" time="105.181"/>
  <testcase classname="com.amt.test.Acquisition_Quotes_HPNR_FL_with_funder_quote_addition_with_maintenance_Test" name="aquisition_quotes_HPNR_FL_quote_summary_values_verification_with_maintenance_test" time="22.755"/>
</testsuite> <!-- Default test -->
