<?xml version="1.0" encoding="UTF-8"?>
<!-- Generated by org.testng.reporters.JUnitXMLReporter -->
<testsuite ignored="0" hostname="DSK-4052" failures="1" tests="8" name="Default test" time="251.678" errors="0" timestamp="2023-12-06T17:43:08 IST">
  <testcase classname="opportunity.LOU_OP_OP_Business_Flow_Test" name="L1_create_lead_for_Outright_Purchase_business" time="131.053"/>
  <testcase classname="opportunity.LOU_OP_OP_Business_Flow_Test" name="L2_current_status_before_sending_to_proposal" time="28.515"/>
  <testcase classname="opportunity.LOU_OP_OP_Business_Flow_Test" name="L3_fill_up_the_required_fields_for_sending_a_proposal" time="79.658"/>
  <testcase classname="opportunity.LOU_OP_OP_Business_Flow_Test" name="L4_ownbook_create_opportunity_business_current_status_after_sending_to_proposal" time="0.183">
    <failure type="java.lang.AssertionError" message="expected [true] but found [false]">
      <![CDATA[java.lang.AssertionError: expected [true] but found [false]
at org.testng.Assert.fail(Assert.java:99)
at org.testng.Assert.failNotEquals(Assert.java:1037)
at org.testng.Assert.assertTrue(Assert.java:45)
at org.testng.Assert.assertTrue(Assert.java:55)
at opportunity.LOU_OP_OP_Business_Flow_Test.L4_ownbook_create_opportunity_business_current_status_after_sending_to_proposal(LOU_OP_OP_Business_Flow_Test.java:122)
at java.base/jdk.internal.reflect.DirectMethodHandleAccessor.invoke(DirectMethodHandleAccessor.java:104)
at java.base/java.lang.reflect.Method.invoke(Method.java:578)
at org.testng.internal.MethodInvocationHelper.invokeMethod(MethodInvocationHelper.java:133)
at org.testng.internal.TestInvoker.invokeMethod(TestInvoker.java:598)
at org.testng.internal.TestInvoker.invokeTestMethod(TestInvoker.java:173)
at org.testng.internal.MethodRunner.runInSequence(MethodRunner.java:46)
at org.testng.internal.TestInvoker$MethodInvocationAgent.invoke(TestInvoker.java:824)
at org.testng.internal.TestInvoker.invokeTestMethods(TestInvoker.java:146)
at org.testng.internal.TestMethodWorker.invokeTestMethods(TestMethodWorker.java:146)
at org.testng.internal.TestMethodWorker.run(TestMethodWorker.java:128)
at java.base/java.util.ArrayList.forEach(ArrayList.java:1511)
at org.testng.TestRunner.privateRun(TestRunner.java:794)
at org.testng.TestRunner.run(TestRunner.java:596)
at org.testng.SuiteRunner.runTest(SuiteRunner.java:377)
at org.testng.SuiteRunner.runSequentially(SuiteRunner.java:371)
at org.testng.SuiteRunner.privateRun(SuiteRunner.java:332)
at org.testng.SuiteRunner.run(SuiteRunner.java:276)
at org.testng.SuiteRunnerWorker.runSuite(SuiteRunnerWorker.java:53)
at org.testng.SuiteRunnerWorker.run(SuiteRunnerWorker.java:96)
at org.testng.TestNG.runSuitesSequentially(TestNG.java:1212)
at org.testng.TestNG.runSuitesLocally(TestNG.java:1134)
at org.testng.TestNG.runSuites(TestNG.java:1063)
at org.testng.TestNG.run(TestNG.java:1031)
at org.testng.remote.AbstractRemoteTestNG.run(AbstractRemoteTestNG.java:115)
at org.testng.remote.RemoteTestNG.initAndRun(RemoteTestNG.java:251)
at org.testng.remote.RemoteTestNG.main(RemoteTestNG.java:77)
]]>
    </failure>
  </testcase> <!-- L4_ownbook_create_opportunity_business_current_status_after_sending_to_proposal -->
  <testcase classname="opportunity.LOU_OP_OP_Business_Flow_Test" name="L5_sending_contract" time="0.0">
    <skipped/>
  </testcase> <!-- L5_sending_contract -->
  <testcase classname="opportunity.LOU_OP_OP_Business_Flow_Test" name="L6_verify_current_status_on_opportunity_page_after_sending_contract_for_broker_business_flow" time="0.0">
    <skipped/>
  </testcase> <!-- L6_verify_current_status_on_opportunity_page_after_sending_contract_for_broker_business_flow -->
  <testcase classname="opportunity.LOU_OP_OP_Business_Flow_Test" name="L7_verify_signed_contract_status_with_api_call" time="0.0">
    <skipped/>
  </testcase> <!-- L7_verify_signed_contract_status_with_api_call -->
  <testcase classname="opportunity.LOU_OP_OP_Business_Flow_Test" name="L8_verify_status_after_contract_signed" time="0.0">
    <skipped/>
  </testcase> <!-- L8_verify_status_after_contract_signed -->
</testsuite> <!-- Default test -->
