<?xml version="1.0" encoding="UTF-8"?>
<!-- Generated by org.testng.reporters.JUnitXMLReporter -->
<testsuite ignored="0" hostname="DSK-951" failures="0" tests="5" name="Default test" time="357.68" errors="0" timestamp="2023-01-05T20:06:22 IST">
  <testcase classname="com.amt.test.OP.Acquisition_Quotes_Outright_FL_without_maintenance_Test" name="aquisition_quotes_outright_FL_OTR_calculation_without_maintenance_test" time="70.003"/>
  <testcase classname="com.amt.test.OP.Acquisition_Quotes_Outright_FL_without_maintenance_Test" name="aquisition_quotes_outright_FL_after_discount_calculations_without_maintenance_test" time="2.586"/>
  <testcase classname="com.amt.test.OP.Acquisition_Quotes_Outright_FL_without_maintenance_Test" name="aquisition_quotes_outright_FL_holding_cost_calculations_without_maintenance_test" time="12.936"/>
  <testcase classname="com.amt.test.OP.Acquisition_Quotes_Outright_FL_without_maintenance_Test" name="aquisition_quotes_outright_FL_customer_quote_payment_profile_calculations_without_maintenance_test" time="96.221"/>
  <testcase classname="com.amt.test.OP.Acquisition_Quotes_Outright_FL_without_maintenance_Test" name="aquisition_quotes_outright_FL_quote_summary_values_verification_without_maintenance_test" time="163.31"/>
</testsuite> <!-- Default test -->
