<?xml version="1.0" encoding="UTF-8"?>
<!-- Generated by org.testng.reporters.JUnitXMLReporter -->
<testsuite ignored="0" hostname="DSK-4052" failures="0" tests="2" name="Default test" time="406.328" errors="0" timestamp="2023-09-26T16:31:19 IST">
  <testcase classname="orders.Orders_Asset_Funding_Reject_Stocking_Plan_After_Finance_Activated_Test" name="open_order_created_in_acquisition_test" time="68.655"/>
  <testcase classname="orders.Orders_Asset_Funding_Reject_Stocking_Plan_After_Finance_Activated_Test" name="remove_stocking_plan_test" time="325.573"/>
</testsuite> <!-- Default test -->
