<?xml version="1.0" encoding="UTF-8"?>
<!-- Generated by org.testng.reporters.JUnitXMLReporter -->
<testsuite ignored="0" hostname="DSK-951" failures="0" tests="5" name="Default test" time="364.473" errors="0" timestamp="2022-12-14T19:20:10 IST">
  <testcase classname="com.amt.test.Acquisition_Quotes_FL_BCH_with_funder_quote_addition_without_maintenance_Test" name="aquisition_quotes_FL_BCH_OTR_calculation_without_maintenance_test" time="85.498"/>
  <testcase classname="com.amt.test.Acquisition_Quotes_FL_BCH_with_funder_quote_addition_without_maintenance_Test" name="aquisition_quotes_FL_BCH_after_discount_calculations_without_maintenance_test" time="1.913"/>
  <testcase classname="com.amt.test.Acquisition_Quotes_FL_BCH_with_funder_quote_addition_without_maintenance_Test" name="aquisition_quotes_FL_BCH_holding_cost_calculations_without_maintenance_test" time="31.675"/>
  <testcase classname="com.amt.test.Acquisition_Quotes_FL_BCH_with_funder_quote_addition_without_maintenance_Test" name="aquisition_quotes_FL_BCH_customer_quote_payment_profile_calculations_without_maintenance_test" time="191.246"/>
  <testcase classname="com.amt.test.Acquisition_Quotes_FL_BCH_with_funder_quote_addition_without_maintenance_Test" name="aquisition_quotes_FL_BCH_quote_summary_values_verification_without_maintenance_test" time="42.79"/>
</testsuite> <!-- Default test -->
