<?xml version="1.0" encoding="UTF-8"?>
<!-- Generated by org.testng.reporters.JUnitXMLReporter -->
<testsuite ignored="0" hostname="DSK-4052" failures="0" tests="5" name="Default test" time="477.659" errors="0" timestamp="2023-06-12T11:09:25 IST">
  <testcase classname="usedCar.HPNR.Acquisition_Quotes_HPNR_BCH_used_car_with_maintenance_Test" name="aquisition_quotes_used_car_OTR_calculation_with_maintenance_test" time="35.648"/>
  <testcase classname="usedCar.HPNR.Acquisition_Quotes_HPNR_BCH_used_car_with_maintenance_Test" name="aquisition_quotes_used_car_edit_cost_price_and_check_OTR_with_maintenance_test" time="9.264"/>
  <testcase classname="usedCar.HPNR.Acquisition_Quotes_HPNR_BCH_used_car_with_maintenance_Test" name="aquisition_quotes_used_car_holding_cost_calculations_with_maintenance_test" time="81.653"/>
  <testcase classname="usedCar.HPNR.Acquisition_Quotes_HPNR_BCH_used_car_with_maintenance_Test" name="aquisition_quotes_customer_quote_payment_profile_calculations_with_maintenance_test" time="108.928"/>
  <testcase classname="usedCar.HPNR.Acquisition_Quotes_HPNR_BCH_used_car_with_maintenance_Test" name="aquisition_quotes_quote_summary_values_verification_with_maintenance_test" time="228.49"/>
</testsuite> <!-- Default test -->
