<?xml version="1.0" encoding="UTF-8"?>
<!-- Generated by org.testng.reporters.JUnitXMLReporter -->
<testsuite ignored="0" hostname="DSK-951" failures="1" tests="8" name="Default test" time="60.121" errors="0" timestamp="2023-01-23T18:56:45 IST">
  <testcase classname="com.amt.test.HPNR.Acquisition_Quotes_HPNR_HPNR_with_maintenance_Test" name="aquisition_quotes_HPNR_HPNR_OTR_calculation_with_maintenance_test" time="48.93">
    <failure type="org.apache.poi.EmptyFileException" message="The supplied file was empty (zero bytes long)">
      <![CDATA[org.apache.poi.EmptyFileException: The supplied file was empty (zero bytes long)
at org.apache.poi.util.IOUtils.peekFirstNBytes(IOUtils.java:144)
at org.apache.poi.poifs.filesystem.FileMagic.valueOf(FileMagic.java:209)
at org.apache.poi.openxml4j.opc.internal.ZipHelper.verifyZipHeader(ZipHelper.java:143)
at org.apache.poi.openxml4j.opc.internal.ZipHelper.openZipStream(ZipHelper.java:175)
at org.apache.poi.openxml4j.opc.ZipPackage.<init>(ZipPackage.java:130)
at org.apache.poi.openxml4j.opc.OPCPackage.open(OPCPackage.java:319)
at org.apache.poi.ooxml.util.PackageHelper.open(PackageHelper.java:59)
at org.apache.poi.xssf.usermodel.XSSFWorkbook.<init>(XSSFWorkbook.java:290)
at org.apache.poi.xssf.usermodel.XSSFWorkbook.<init>(XSSFWorkbook.java:286)
at com.amt.testUtil.ReadExcelCalculationForPurchaseAgreement.verify_table_calculations_contract_types_page(ReadExcelCalculationForPurchaseAgreement.java:167)
at com.amt.pages.ContractTypesAndOTRPages.ContractTypesAndOTR_HPNR_HPNR_Page.contractTypes_and_OTR_selection_HPNR_HPNR_Ownbook_calculation(ContractTypesAndOTR_HPNR_HPNR_Page.java:137)
at com.amt.test.HPNR.Acquisition_Quotes_HPNR_HPNR_with_maintenance_Test.aquisition_quotes_HPNR_HPNR_OTR_calculation_with_maintenance_test(Acquisition_Quotes_HPNR_HPNR_with_maintenance_Test.java:55)
at java.base/jdk.internal.reflect.NativeMethodAccessorImpl.invoke0(Native Method)
at java.base/jdk.internal.reflect.NativeMethodAccessorImpl.invoke(NativeMethodAccessorImpl.java:77)
at java.base/jdk.internal.reflect.DelegatingMethodAccessorImpl.invoke(DelegatingMethodAccessorImpl.java:43)
at java.base/java.lang.reflect.Method.invoke(Method.java:568)
at org.testng.internal.MethodInvocationHelper.invokeMethod(MethodInvocationHelper.java:133)
at org.testng.internal.TestInvoker.invokeMethod(TestInvoker.java:598)
at org.testng.internal.TestInvoker.invokeTestMethod(TestInvoker.java:173)
at org.testng.internal.MethodRunner.runInSequence(MethodRunner.java:46)
at org.testng.internal.TestInvoker$MethodInvocationAgent.invoke(TestInvoker.java:824)
at org.testng.internal.TestInvoker.invokeTestMethods(TestInvoker.java:146)
at org.testng.internal.TestMethodWorker.invokeTestMethods(TestMethodWorker.java:146)
at org.testng.internal.TestMethodWorker.run(TestMethodWorker.java:128)
at java.base/java.util.ArrayList.forEach(ArrayList.java:1511)
at org.testng.TestRunner.privateRun(TestRunner.java:794)
at org.testng.TestRunner.run(TestRunner.java:596)
at org.testng.SuiteRunner.runTest(SuiteRunner.java:377)
at org.testng.SuiteRunner.runSequentially(SuiteRunner.java:371)
at org.testng.SuiteRunner.privateRun(SuiteRunner.java:332)
at org.testng.SuiteRunner.run(SuiteRunner.java:276)
at org.testng.SuiteRunnerWorker.runSuite(SuiteRunnerWorker.java:53)
at org.testng.SuiteRunnerWorker.run(SuiteRunnerWorker.java:96)
at org.testng.TestNG.runSuitesSequentially(TestNG.java:1212)
at org.testng.TestNG.runSuitesLocally(TestNG.java:1134)
at org.testng.TestNG.runSuites(TestNG.java:1063)
at org.testng.TestNG.run(TestNG.java:1031)
at org.testng.remote.AbstractRemoteTestNG.run(AbstractRemoteTestNG.java:115)
at org.testng.remote.RemoteTestNG.initAndRun(RemoteTestNG.java:251)
at org.testng.remote.RemoteTestNG.main(RemoteTestNG.java:77)
]]>
    </failure>
  </testcase> <!-- aquisition_quotes_HPNR_HPNR_OTR_calculation_with_maintenance_test -->
  <testcase classname="com.amt.test.HPNR.Acquisition_Quotes_HPNR_HPNR_with_maintenance_Test" name="aquisition_quotes_HPNR_HPNR_after_discount_calculations_with_maintenance_test" time="0.0">
    <skipped/>
  </testcase> <!-- aquisition_quotes_HPNR_HPNR_after_discount_calculations_with_maintenance_test -->
  <testcase classname="com.amt.test.HPNR.Acquisition_Quotes_HPNR_HPNR_with_maintenance_Test" name="aquisition_quotes_HPNR_HPNR_holding_cost_calculations_with_maintenance_test" time="0.0">
    <skipped/>
  </testcase> <!-- aquisition_quotes_HPNR_HPNR_holding_cost_calculations_with_maintenance_test -->
  <testcase classname="com.amt.test.HPNR.Acquisition_Quotes_HPNR_HPNR_with_maintenance_Test" name="aquisition_quotes_HPNR_HPNR_customer_quote_calculations_check_monthly_finance_payment_with_maintenance_test" time="0.0">
    <skipped/>
  </testcase> <!-- aquisition_quotes_HPNR_HPNR_customer_quote_calculations_check_monthly_finance_payment_with_maintenance_test -->
  <testcase classname="com.amt.test.HPNR.Acquisition_Quotes_HPNR_HPNR_with_maintenance_Test" name="aquisition_quotes_HPNR_HPNR_customer_quote_vehicle_profit_edit_check_with_maintenance_test" time="0.0">
    <skipped/>
  </testcase> <!-- aquisition_quotes_HPNR_HPNR_customer_quote_vehicle_profit_edit_check_with_maintenance_test -->
  <testcase classname="com.amt.test.HPNR.Acquisition_Quotes_HPNR_HPNR_with_maintenance_Test" name="aquisition_quotes_HPNR_HPNR_customer_quote_part_exchange_value_edit_check_with_maintenance_test" time="0.0">
    <skipped/>
  </testcase> <!-- aquisition_quotes_HPNR_HPNR_customer_quote_part_exchange_value_edit_check_with_maintenance_test -->
  <testcase classname="com.amt.test.HPNR.Acquisition_Quotes_HPNR_HPNR_with_maintenance_Test" name="aquisition_quotes_HPNR_HPNR_customer_quote_monthly_finance_payment_after_balloon_payment_off_with_maintenance_test" time="0.0">
    <skipped/>
  </testcase> <!-- aquisition_quotes_HPNR_HPNR_customer_quote_monthly_finance_payment_after_balloon_payment_off_with_maintenance_test -->
  <testcase classname="com.amt.test.HPNR.Acquisition_Quotes_HPNR_HPNR_with_maintenance_Test" name="aquisition_quotes_HPNR_HPNR_quote_summary_values_verification_with_maintenance_test" time="0.0">
    <skipped/>
  </testcase> <!-- aquisition_quotes_HPNR_HPNR_quote_summary_values_verification_with_maintenance_test -->
</testsuite> <!-- Default test -->
