<?xml version="1.0" encoding="UTF-8"?>
<!-- Generated by org.testng.reporters.JUnitXMLReporter -->
<testsuite ignored="12" hostname="DSK-4052" failures="1" tests="3" name="Default test" time="157.185" errors="0" timestamp="2023-12-18T16:25:26 IST">
  <testcase classname="orders.Orders_Verify_ownbook_business_hire_With_Customer_Flow_Test" name="T1_open_order_created_in_acquisition_test" time="81.482"/>
  <testcase classname="orders.Orders_Verify_ownbook_business_hire_With_Customer_Flow_Test" name="T9_verify_default_status_acceptance_conditions_for_ownbook_hire_flow" time="12.416"/>
  <testcase classname="orders.Orders_Verify_ownbook_business_hire_With_Customer_Flow_Test" name="T10_verify_summary_section_values" time="52.591">
    <failure type="java.lang.AssertionError" message="expected [true] but found [false]">
      <![CDATA[java.lang.AssertionError: expected [true] but found [false]
at org.testng.Assert.fail(Assert.java:99)
at org.testng.Assert.failNotEquals(Assert.java:1037)
at org.testng.Assert.assertTrue(Assert.java:45)
at org.testng.Assert.assertTrue(Assert.java:55)
at orders.Orders_Verify_ownbook_business_hire_With_Customer_Flow_Test.T10_verify_summary_section_values(Orders_Verify_ownbook_business_hire_With_Customer_Flow_Test.java:180)
at java.base/jdk.internal.reflect.DirectMethodHandleAccessor.invoke(DirectMethodHandleAccessor.java:104)
at java.base/java.lang.reflect.Method.invoke(Method.java:578)
at org.testng.internal.MethodInvocationHelper.invokeMethod(MethodInvocationHelper.java:133)
at org.testng.internal.TestInvoker.invokeMethod(TestInvoker.java:598)
at org.testng.internal.TestInvoker.invokeTestMethod(TestInvoker.java:173)
at org.testng.internal.MethodRunner.runInSequence(MethodRunner.java:46)
at org.testng.internal.TestInvoker$MethodInvocationAgent.invoke(TestInvoker.java:824)
at org.testng.internal.TestInvoker.invokeTestMethods(TestInvoker.java:146)
at org.testng.internal.TestMethodWorker.invokeTestMethods(TestMethodWorker.java:146)
at org.testng.internal.TestMethodWorker.run(TestMethodWorker.java:128)
at java.base/java.util.ArrayList.forEach(ArrayList.java:1511)
at org.testng.TestRunner.privateRun(TestRunner.java:794)
at org.testng.TestRunner.run(TestRunner.java:596)
at org.testng.SuiteRunner.runTest(SuiteRunner.java:377)
at org.testng.SuiteRunner.runSequentially(SuiteRunner.java:371)
at org.testng.SuiteRunner.privateRun(SuiteRunner.java:332)
at org.testng.SuiteRunner.run(SuiteRunner.java:276)
at org.testng.SuiteRunnerWorker.runSuite(SuiteRunnerWorker.java:53)
at org.testng.SuiteRunnerWorker.run(SuiteRunnerWorker.java:96)
at org.testng.TestNG.runSuitesSequentially(TestNG.java:1212)
at org.testng.TestNG.runSuitesLocally(TestNG.java:1134)
at org.testng.TestNG.runSuites(TestNG.java:1063)
at org.testng.TestNG.run(TestNG.java:1031)
at org.testng.remote.AbstractRemoteTestNG.run(AbstractRemoteTestNG.java:115)
at org.testng.remote.RemoteTestNG.initAndRun(RemoteTestNG.java:251)
at org.testng.remote.RemoteTestNG.main(RemoteTestNG.java:77)
]]>
    </failure>
  </testcase> <!-- T10_verify_summary_section_values -->
  <testcase classname="orders.Orders_Verify_ownbook_business_hire_With_Customer_Flow_Test" name="T12_make_payment_with_new_payment" time="0.0">
    <ignored/>
  </testcase> <!-- T12_make_payment_with_new_payment -->
  <testcase classname="orders.Orders_Verify_ownbook_business_hire_With_Customer_Flow_Test" name="T11_verify_payment_default_status" time="0.0">
    <ignored/>
  </testcase> <!-- T11_verify_payment_default_status -->
  <testcase classname="orders.Orders_Verify_ownbook_business_hire_With_Customer_Flow_Test" name="T14_verify_delivery_status_after_selecting_date_offered_in_delivery_section_of_customer_contract_tab_test" time="0.0">
    <ignored/>
  </testcase> <!-- T14_verify_delivery_status_after_selecting_date_offered_in_delivery_section_of_customer_contract_tab_test -->
  <testcase classname="orders.Orders_Verify_ownbook_business_hire_With_Customer_Flow_Test" name="T20_verify_delivery_status_after_selecting_date_offered_in_delivery_section_of_vehicle_order_tab_test" time="0.0">
    <ignored/>
  </testcase> <!-- T20_verify_delivery_status_after_selecting_date_offered_in_delivery_section_of_vehicle_order_tab_test -->
  <testcase classname="orders.Orders_Verify_ownbook_business_hire_With_Customer_Flow_Test" name="T17_verify_delivery_status_on_customer_contract_tab_and_vehicle_order_tab_are_same_when_deliver_to_customer_toggle_button_in_on_test" time="0.0">
    <ignored/>
  </testcase> <!-- T17_verify_delivery_status_on_customer_contract_tab_and_vehicle_order_tab_are_same_when_deliver_to_customer_toggle_button_in_on_test -->
  <testcase classname="orders.Orders_Verify_ownbook_business_hire_With_Customer_Flow_Test" name="T18_verify_payout_pack_statuses_on_customer_contract_tab_test" time="0.0">
    <ignored/>
  </testcase> <!-- T18_verify_payout_pack_statuses_on_customer_contract_tab_test -->
  <testcase classname="orders.Orders_Verify_ownbook_business_hire_With_Customer_Flow_Test" name="T16_verify_delivery_status_after_uploading_delivery_note_in_post_delivery_section_on_customer_contract_tab_test" time="0.0">
    <ignored/>
  </testcase> <!-- T16_verify_delivery_status_after_uploading_delivery_note_in_post_delivery_section_on_customer_contract_tab_test -->
  <testcase classname="orders.Orders_Verify_ownbook_business_hire_With_Customer_Flow_Test" name="T13_verify_payment_status_after_making_a_payment_on_customer_contract_tab" time="0.0">
    <ignored/>
  </testcase> <!-- T13_verify_payment_status_after_making_a_payment_on_customer_contract_tab -->
  <testcase classname="orders.Orders_Verify_ownbook_business_hire_With_Customer_Flow_Test" name="T21_verify_delivery_status_after_selecting_confirmed_delivery_date_in_delivery_section_of_vehicle_tab_test" time="0.0">
    <ignored/>
  </testcase> <!-- T21_verify_delivery_status_after_selecting_confirmed_delivery_date_in_delivery_section_of_vehicle_tab_test -->
  <testcase classname="orders.Orders_Verify_ownbook_business_hire_With_Customer_Flow_Test" name="T22_verify_delivery_status_after_uploading_delivery_note_in_post_delivery_section_on_vehicle_order_tab_test" time="0.0">
    <ignored/>
  </testcase> <!-- T22_verify_delivery_status_after_uploading_delivery_note_in_post_delivery_section_on_vehicle_order_tab_test -->
  <testcase classname="orders.Orders_Verify_ownbook_business_hire_With_Customer_Flow_Test" name="T15_verify_delivery_status_after_selecting_confirmed_delivery_date_in_delivery_section_of_customer_contract_test" time="0.0">
    <ignored/>
  </testcase> <!-- T15_verify_delivery_status_after_selecting_confirmed_delivery_date_in_delivery_section_of_customer_contract_test -->
  <testcase classname="orders.Orders_Verify_ownbook_business_hire_With_Customer_Flow_Test" name="T19_verify_delivery_section_gets_enabled_when_deliver_to_customer_toggle_button_is_made_off_test" time="0.0">
    <ignored/>
  </testcase> <!-- T19_verify_delivery_section_gets_enabled_when_deliver_to_customer_toggle_button_is_made_off_test -->
</testsuite> <!-- Default test -->
