<html>
<head>
<title>TestNG:  Verify Order Flow For Outright Purchase With Customer Flow For Used Car</title>
<link href="../testng.css" rel="stylesheet" type="text/css" />
<link href="../my-testng.css" rel="stylesheet" type="text/css" />

<style type="text/css">
.log { display: none;} 
.stack-trace { display: none;} 
</style>
<script type="text/javascript">
<!--
function flip(e) {
  current = e.style.display;
  if (current == 'block') {
    e.style.display = 'none';
    return 0;
  }
  else {
    e.style.display = 'block';
    return 1;
  }
}

function toggleBox(szDivId, elem, msg1, msg2)
{
  var res = -1;  if (document.getElementById) {
    res = flip(document.getElementById(szDivId));
  }
  else if (document.all) {
    // this is the way old msie versions work
    res = flip(document.all[szDivId]);
  }
  if(elem) {
    if(res == 0) elem.innerHTML = msg1; else elem.innerHTML = msg2;
  }

}

function toggleAllBoxes() {
  if (document.getElementsByTagName) {
    d = document.getElementsByTagName('div');
    for (i = 0; i < d.length; i++) {
      if (d[i].className == 'log') {
        flip(d[i]);
      }
    }
  }
}

// -->
</script>

</head>
<body>
<h2 align='center'>Verify Order Flow For Outright Purchase With Customer Flow For Used Car</h2><table border='1' align="center">
<tr>
<td>Tests passed/Failed/Skipped:</td><td>2/4/32</td>
</tr><tr>
<td>Started on:</td><td>Thu Jun 20 23:42:13 IST 2024</td>
</tr>
<tr><td>Total time:</td><td>247 seconds (247623 ms)</td>
</tr><tr>
<td>Included groups:</td><td></td>
</tr><tr>
<td>Excluded groups:</td><td></td>
</tr>
</table><p/>
<small><i>(Hover the method name to see the test class name)</i></small><p/>
<table width='100%' border='1' class='invocation-failed'>
<tr><td colspan='4' align='center'><b>FAILED TESTS</b></td></tr>
<tr><td><b>Test method</b></td>
<td width="30%"><b>Exception</b></td>
<td width="10%"><b>Time (seconds)</b></td>
<td><b>Instance</b></td>
</tr>
<tr>
<td title='opportunity.LOU_OP_OP_Business_Flow_Test.L1_create_lead_for_Outright_Purchase_business()'><b>L1_create_lead_for_Outright_Purchase_business</b><br>Test class: opportunity.LOU_OP_OP_Business_Flow_Test<br/>
<a href="#Output-28976027" onClick='toggleBox("Output-28976027", this, "Show output", "Hide output");'>Show output</a>

<a href="#Output-28976027" onClick="toggleAllBoxes();">Show all outputs</a>
<div class='log' id="Output-28976027">
<b>Clicked on Leads on Side Menu</b> <br /><br/>
<b>Clicked on add lead</b> <br /><br/>
<b>Lead is assigned</b> <br /><br/>
<br>----------Screenshot---------<br><br/>
<img src="D:\Orders_Vehicles\AMT_Orders_Vehicles\target\surefire-reports\html\failure_screenshots\L1_create_lead_for_Outright_Purchase_business_20_06_2024_11_43_16.png" height="800" width="1000"><br/>
</div>
</td>
<td><div><pre>org.openqa.selenium.TimeoutException: Expected condition failed: waiting for visibility of Proxy element for: DefaultElementLocator &apos;By.xpath: /html[1]/body[1]/app-root[1]/div[1]/div[2]/div[2]/div[1]/app-add-leads[1]/div[1]/div[1]/div[1]/div[1]/form[1]/div[1]/div[1]/div[1]/div[2]/div[1]/app-general-info[1]/div[1]/div[2]/div[1]/div[1]/textarea[1]&apos; (tried for 20 second(s) with 500 milliseconds interval)
	at org.openqa.selenium.support.ui.WebDriverWait.timeoutException(WebDriverWait.java:138)
	at org.openqa.selenium.support.ui.FluentWait.until(FluentWait.java:231)
	at com.amt.testUtil.ExplicitWait.visibleElement(ExplicitWait.java:23)
	at com.amt.testUtil.HelperClass.highlightElement(HelperClass.java:15)
	at com.amt.pages.Leads.lead_General_info(Leads.java:512)
	at opportunity.LOU_OP_OP_Business_Flow_Test.L1_create_lead_for_Outright_Purchase_business(LOU_OP_OP_Business_Flow_Test.java:34)
	at java.base/java.util.ArrayList.forEach(ArrayList.java:1511)
Caused by: org.openqa.selenium.NoSuchElementException: no such element: Unable to locate element: {&quot;method&quot;:&quot;xpath&quot;,&quot;selector&quot;:&quot;/html[1]/body[1]/app-root[1]/div[1]/div[2]/div[2]/div[1]/app-add-leads[1]/div[1]/div[1]/div[1]/div[1]/form[1]/div[1]/div[1]/div[1]/div[2]/div[1]/app-general-info[1]/div[1]/div[2]/div[1]/div[1]/textarea[1]&quot;}
  (Session info: chrome=126.0.6478.62)
For documentation on this error, please visit: https://selenium.dev/exceptions/#no_such_element
Build info: version: &apos;4.1.0&apos;, revision: &apos;87802e897b&apos;
System info: host: &apos;DSK-4052&apos;, ip: &apos;172.16.1.80&apos;, os.name: &apos;Windows 10&apos;, os.arch: &apos;amd64&apos;, os.version: &apos;10.0&apos;, java.version: &apos;19.0.1&apos;
Driver info: org.openqa.selenium.chrome.ChromeDriver
Command: [b0e82fdee699ad3530c5cc02e2dd0a58, findElement {using=xpath, value=/html[1]/body[1]/app-root[1]/div[1]/div[2]/div[2]/div[1]/app-add-leads[1]/div[1]/div[1]/div[1]/div[1]/form[1]/div[1]/div[1]/div[1]/div[2]/div[1]/app-general-info[1]/div[1]/div[2]/div[1]/div[1]/textarea[1]}]
Capabilities {acceptInsecureCerts: false, browserName: chrome, browserVersion: 126.0.6478.62, chrome: {chromedriverVersion: 125.0.6422.141 (4b1e8393712..., userDataDir: C:\Users\NITEIN~1.KUR\AppDa...}, fedcm:accounts: true, goog:chromeOptions: {debuggerAddress: localhost:59783}, javascriptEnabled: true, networkConnectionEnabled: false, pageLoadStrategy: normal, platform: WINDOWS, platformName: WINDOWS, proxy: Proxy(), se:cdp: ws://localhost:59783/devtoo..., se:cdpVersion: 126.0.6478.62, setWindowRect: true, strictFileInteractability: false, timeouts: {implicit: 0, pageLoad: 300000, script: 30000}, unhandledPromptBehavior: dismiss and notify, webauthn:extension:credBlob: true, webauthn:extension:largeBlob: true, webauthn:extension:minPinLength: true, webauthn:extension:prf: true, webauthn:virtualAuthenticators: true}
Session ID: b0e82fdee699ad3530c5cc02e2dd0a58
	at org.openqa.selenium.remote.codec.w3c.W3CHttpResponseCodec.createException(W3CHttpResponseCodec.java:200)
	at org.openqa.selenium.remote.codec.w3c.W3CHttpResponseCodec.decode(W3CHttpResponseCodec.java:133)
	at org.openqa.selenium.remote.codec.w3c.W3CHttpResponseCodec.decode(W3CHttpResponseCodec.java:53)
	at org.openqa.selenium.remote.HttpCommandExecutor.execute(HttpCommandExecutor.java:184)
	at org.openqa.selenium.remote.service.DriverCommandExecutor.invokeExecute(DriverCommandExecutor.java:164)
	at org.openqa.selenium.remote.service.DriverCommandExecutor.execute(DriverCommandExecutor.java:139)
	at org.openqa.selenium.remote.RemoteWebDriver.execute(RemoteWebDriver.java:559)
	at org.openqa.selenium.remote.ElementLocation$ElementFinder$2.findElement(ElementLocation.java:162)
	at org.openqa.selenium.remote.ElementLocation.findElement(ElementLocation.java:60)
	at org.openqa.selenium.remote.RemoteWebDriver.findElement(RemoteWebDriver.java:383)
	at org.openqa.selenium.remote.RemoteWebDriver.findElement(RemoteWebDriver.java:375)
	at org.openqa.selenium.support.pagefactory.DefaultElementLocator.findElement(DefaultElementLocator.java:70)
	at org.openqa.selenium.support.pagefactory.internal.LocatingElementHandler.invoke(LocatingElementHandler.java:39)
	at jdk.proxy2/jdk.proxy2.$Proxy23.isDisplayed(Unknown Source)
	at org.openqa.selenium.support.ui.ExpectedConditions.elementIfVisible(ExpectedConditions.java:307)
	at org.openqa.selenium.support.ui.ExpectedConditions.access$000(ExpectedConditions.java:40)
	at org.openqa.selenium.support.ui.ExpectedConditions$10.apply(ExpectedConditions.java:293)
	at org.openqa.selenium.support.ui.ExpectedConditions$10.apply(ExpectedConditions.java:290)
	at org.openqa.selenium.support.ui.FluentWait.until(FluentWait.java:208)
	... 31 more
... Removed 29 stack frames</pre></div><a href='#' onClick='toggleBox("stack-trace28976027", this, "Click to show all stack frames", "Click to hide stack frames")'>Click to show all stack frames</a>
<div class='stack-trace' id='stack-trace28976027'><pre>org.openqa.selenium.TimeoutException: Expected condition failed: waiting for visibility of Proxy element for: DefaultElementLocator &apos;By.xpath: /html[1]/body[1]/app-root[1]/div[1]/div[2]/div[2]/div[1]/app-add-leads[1]/div[1]/div[1]/div[1]/div[1]/form[1]/div[1]/div[1]/div[1]/div[2]/div[1]/app-general-info[1]/div[1]/div[2]/div[1]/div[1]/textarea[1]&apos; (tried for 20 second(s) with 500 milliseconds interval)
	at org.openqa.selenium.support.ui.WebDriverWait.timeoutException(WebDriverWait.java:138)
	at org.openqa.selenium.support.ui.FluentWait.until(FluentWait.java:231)
	at com.amt.testUtil.ExplicitWait.visibleElement(ExplicitWait.java:23)
	at com.amt.testUtil.HelperClass.highlightElement(HelperClass.java:15)
	at com.amt.pages.Leads.lead_General_info(Leads.java:512)
	at opportunity.LOU_OP_OP_Business_Flow_Test.L1_create_lead_for_Outright_Purchase_business(LOU_OP_OP_Business_Flow_Test.java:34)
	at java.base/jdk.internal.reflect.DirectMethodHandleAccessor.invoke(DirectMethodHandleAccessor.java:104)
	at java.base/java.lang.reflect.Method.invoke(Method.java:578)
	at org.testng.internal.MethodInvocationHelper.invokeMethod(MethodInvocationHelper.java:133)
	at org.testng.internal.TestInvoker.invokeMethod(TestInvoker.java:598)
	at org.testng.internal.TestInvoker.invokeTestMethod(TestInvoker.java:173)
	at org.testng.internal.MethodRunner.runInSequence(MethodRunner.java:46)
	at org.testng.internal.TestInvoker$MethodInvocationAgent.invoke(TestInvoker.java:824)
	at org.testng.internal.TestInvoker.invokeTestMethods(TestInvoker.java:146)
	at org.testng.internal.TestMethodWorker.invokeTestMethods(TestMethodWorker.java:146)
	at org.testng.internal.TestMethodWorker.run(TestMethodWorker.java:128)
	at java.base/java.util.ArrayList.forEach(ArrayList.java:1511)
	at org.testng.TestRunner.privateRun(TestRunner.java:794)
	at org.testng.TestRunner.run(TestRunner.java:596)
	at org.testng.SuiteRunner.runTest(SuiteRunner.java:377)
	at org.testng.SuiteRunner.runSequentially(SuiteRunner.java:371)
	at org.testng.SuiteRunner.privateRun(SuiteRunner.java:332)
	at org.testng.SuiteRunner.run(SuiteRunner.java:276)
	at org.testng.SuiteRunnerWorker.runSuite(SuiteRunnerWorker.java:53)
	at org.testng.SuiteRunnerWorker.run(SuiteRunnerWorker.java:96)
	at org.testng.TestNG.runSuitesSequentially(TestNG.java:1212)
	at org.testng.TestNG.runSuitesSequentially(TestNG.java:1207)
	at org.testng.TestNG.runSuitesLocally(TestNG.java:1134)
	at org.testng.TestNG.runSuites(TestNG.java:1063)
	at org.testng.TestNG.run(TestNG.java:1031)
	at org.testng.remote.AbstractRemoteTestNG.run(AbstractRemoteTestNG.java:115)
	at org.testng.remote.RemoteTestNG.initAndRun(RemoteTestNG.java:251)
	at org.testng.remote.RemoteTestNG.main(RemoteTestNG.java:77)
Caused by: org.openqa.selenium.NoSuchElementException: no such element: Unable to locate element: {&quot;method&quot;:&quot;xpath&quot;,&quot;selector&quot;:&quot;/html[1]/body[1]/app-root[1]/div[1]/div[2]/div[2]/div[1]/app-add-leads[1]/div[1]/div[1]/div[1]/div[1]/form[1]/div[1]/div[1]/div[1]/div[2]/div[1]/app-general-info[1]/div[1]/div[2]/div[1]/div[1]/textarea[1]&quot;}
  (Session info: chrome=126.0.6478.62)
For documentation on this error, please visit: https://selenium.dev/exceptions/#no_such_element
Build info: version: &apos;4.1.0&apos;, revision: &apos;87802e897b&apos;
System info: host: &apos;DSK-4052&apos;, ip: &apos;172.16.1.80&apos;, os.name: &apos;Windows 10&apos;, os.arch: &apos;amd64&apos;, os.version: &apos;10.0&apos;, java.version: &apos;19.0.1&apos;
Driver info: org.openqa.selenium.chrome.ChromeDriver
Command: [b0e82fdee699ad3530c5cc02e2dd0a58, findElement {using=xpath, value=/html[1]/body[1]/app-root[1]/div[1]/div[2]/div[2]/div[1]/app-add-leads[1]/div[1]/div[1]/div[1]/div[1]/form[1]/div[1]/div[1]/div[1]/div[2]/div[1]/app-general-info[1]/div[1]/div[2]/div[1]/div[1]/textarea[1]}]
Capabilities {acceptInsecureCerts: false, browserName: chrome, browserVersion: 126.0.6478.62, chrome: {chromedriverVersion: 125.0.6422.141 (4b1e8393712..., userDataDir: C:\Users\NITEIN~1.KUR\AppDa...}, fedcm:accounts: true, goog:chromeOptions: {debuggerAddress: localhost:59783}, javascriptEnabled: true, networkConnectionEnabled: false, pageLoadStrategy: normal, platform: WINDOWS, platformName: WINDOWS, proxy: Proxy(), se:cdp: ws://localhost:59783/devtoo..., se:cdpVersion: 126.0.6478.62, setWindowRect: true, strictFileInteractability: false, timeouts: {implicit: 0, pageLoad: 300000, script: 30000}, unhandledPromptBehavior: dismiss and notify, webauthn:extension:credBlob: true, webauthn:extension:largeBlob: true, webauthn:extension:minPinLength: true, webauthn:extension:prf: true, webauthn:virtualAuthenticators: true}
Session ID: b0e82fdee699ad3530c5cc02e2dd0a58
	at java.base/jdk.internal.reflect.DirectConstructorHandleAccessor.newInstance(DirectConstructorHandleAccessor.java:67)
	at java.base/java.lang.reflect.Constructor.newInstanceWithCaller(Constructor.java:500)
	at java.base/java.lang.reflect.Constructor.newInstance(Constructor.java:484)
	at org.openqa.selenium.remote.codec.w3c.W3CHttpResponseCodec.createException(W3CHttpResponseCodec.java:200)
	at org.openqa.selenium.remote.codec.w3c.W3CHttpResponseCodec.decode(W3CHttpResponseCodec.java:133)
	at org.openqa.selenium.remote.codec.w3c.W3CHttpResponseCodec.decode(W3CHttpResponseCodec.java:53)
	at org.openqa.selenium.remote.HttpCommandExecutor.execute(HttpCommandExecutor.java:184)
	at org.openqa.selenium.remote.service.DriverCommandExecutor.invokeExecute(DriverCommandExecutor.java:164)
	at org.openqa.selenium.remote.service.DriverCommandExecutor.execute(DriverCommandExecutor.java:139)
	at org.openqa.selenium.remote.RemoteWebDriver.execute(RemoteWebDriver.java:559)
	at org.openqa.selenium.remote.ElementLocation$ElementFinder$2.findElement(ElementLocation.java:162)
	at org.openqa.selenium.remote.ElementLocation.findElement(ElementLocation.java:60)
	at org.openqa.selenium.remote.RemoteWebDriver.findElement(RemoteWebDriver.java:383)
	at org.openqa.selenium.remote.RemoteWebDriver.findElement(RemoteWebDriver.java:375)
	at org.openqa.selenium.support.pagefactory.DefaultElementLocator.findElement(DefaultElementLocator.java:70)
	at org.openqa.selenium.support.pagefactory.internal.LocatingElementHandler.invoke(LocatingElementHandler.java:39)
	at jdk.proxy2/jdk.proxy2.$Proxy23.isDisplayed(Unknown Source)
	at org.openqa.selenium.support.ui.ExpectedConditions.elementIfVisible(ExpectedConditions.java:307)
	at org.openqa.selenium.support.ui.ExpectedConditions.access$000(ExpectedConditions.java:40)
	at org.openqa.selenium.support.ui.ExpectedConditions$10.apply(ExpectedConditions.java:293)
	at org.openqa.selenium.support.ui.ExpectedConditions$10.apply(ExpectedConditions.java:290)
	at org.openqa.selenium.support.ui.FluentWait.until(FluentWait.java:208)
	... 31 more
</pre></div></td>
<td>38</td>
<td>opportunity.LOU_OP_OP_Business_Flow_Test@34129c78</td></tr>
<tr>
<td title='opportunity.Create_order_from_opportunity_Test.create_order_from_opportunity_test()'><b>create_order_from_opportunity_test</b><br>Test class: opportunity.Create_order_from_opportunity_Test<br/>
<a href="#Output-1179737522" onClick='toggleBox("Output-1179737522", this, "Show output", "Hide output");'>Show output</a>

<a href="#Output-1179737522" onClick="toggleAllBoxes();">Show all outputs</a>
<div class='log' id="Output-1179737522">
<b>Clicked on Opportunity link from Menu </b> <br /><br/>
<b>Enter the Opportunity id in Search Text box</b> <br /><br/>
<b> </b> <br /><br/>
<b>*****Creating Order Started*****</b> <br /><br/>
<br>----------Screenshot---------<br><br/>
<img src="D:\Orders_Vehicles\AMT_Orders_Vehicles\target\surefire-reports\html\failure_screenshots\create_order_from_opportunity_test_20_06_2024_11_44_24.png" height="800" width="1000"><br/>
</div>
</td>
<td><div><pre>org.openqa.selenium.TimeoutException: Expected condition failed: waiting for element to be clickable: Proxy element for: DefaultElementLocator &apos;By.xpath: //*[@id=&apos;requestedDelivery&apos;]&apos; (tried for 20 second(s) with 500 milliseconds interval)
	at org.openqa.selenium.support.ui.WebDriverWait.timeoutException(WebDriverWait.java:138)
	at org.openqa.selenium.support.ui.FluentWait.until(FluentWait.java:231)
	at com.amt.testUtil.Click.on(Click.java:17)
	at com.amt.testUtil.CommonClass.create_order_from_opportunity(CommonClass.java:405)
	at opportunity.Create_order_from_opportunity_Test.create_order_from_opportunity_test(Create_order_from_opportunity_Test.java:30)
	at java.base/java.util.ArrayList.forEach(ArrayList.java:1511)
Caused by: org.openqa.selenium.NoSuchElementException: no such element: Unable to locate element: {&quot;method&quot;:&quot;xpath&quot;,&quot;selector&quot;:&quot;//*[@id=&apos;requestedDelivery&apos;]&quot;}
  (Session info: chrome=126.0.6478.62)
For documentation on this error, please visit: https://selenium.dev/exceptions/#no_such_element
Build info: version: &apos;4.1.0&apos;, revision: &apos;87802e897b&apos;
System info: host: &apos;DSK-4052&apos;, ip: &apos;172.16.1.80&apos;, os.name: &apos;Windows 10&apos;, os.arch: &apos;amd64&apos;, os.version: &apos;10.0&apos;, java.version: &apos;19.0.1&apos;
Driver info: org.openqa.selenium.chrome.ChromeDriver
Command: [da2c89e47780ae492a1e1a8179b989b9, findElement {using=xpath, value=//*[@id=&apos;requestedDelivery&apos;]}]
Capabilities {acceptInsecureCerts: false, browserName: chrome, browserVersion: 126.0.6478.62, chrome: {chromedriverVersion: 125.0.6422.141 (4b1e8393712..., userDataDir: C:\Users\NITEIN~1.KUR\AppDa...}, fedcm:accounts: true, goog:chromeOptions: {debuggerAddress: localhost:59850}, javascriptEnabled: true, networkConnectionEnabled: false, pageLoadStrategy: normal, platform: WINDOWS, platformName: WINDOWS, proxy: Proxy(), se:cdp: ws://localhost:59850/devtoo..., se:cdpVersion: 126.0.6478.62, setWindowRect: true, strictFileInteractability: false, timeouts: {implicit: 0, pageLoad: 300000, script: 30000}, unhandledPromptBehavior: dismiss and notify, webauthn:extension:credBlob: true, webauthn:extension:largeBlob: true, webauthn:extension:minPinLength: true, webauthn:extension:prf: true, webauthn:virtualAuthenticators: true}
Session ID: da2c89e47780ae492a1e1a8179b989b9
	at org.openqa.selenium.remote.codec.w3c.W3CHttpResponseCodec.createException(W3CHttpResponseCodec.java:200)
	at org.openqa.selenium.remote.codec.w3c.W3CHttpResponseCodec.decode(W3CHttpResponseCodec.java:133)
	at org.openqa.selenium.remote.codec.w3c.W3CHttpResponseCodec.decode(W3CHttpResponseCodec.java:53)
	at org.openqa.selenium.remote.HttpCommandExecutor.execute(HttpCommandExecutor.java:184)
	at org.openqa.selenium.remote.service.DriverCommandExecutor.invokeExecute(DriverCommandExecutor.java:164)
	at org.openqa.selenium.remote.service.DriverCommandExecutor.execute(DriverCommandExecutor.java:139)
	at org.openqa.selenium.remote.RemoteWebDriver.execute(RemoteWebDriver.java:559)
	at org.openqa.selenium.remote.ElementLocation$ElementFinder$2.findElement(ElementLocation.java:162)
	at org.openqa.selenium.remote.ElementLocation.findElement(ElementLocation.java:60)
	at org.openqa.selenium.remote.RemoteWebDriver.findElement(RemoteWebDriver.java:383)
	at org.openqa.selenium.remote.RemoteWebDriver.findElement(RemoteWebDriver.java:375)
	at org.openqa.selenium.support.pagefactory.DefaultElementLocator.findElement(DefaultElementLocator.java:70)
	at org.openqa.selenium.support.pagefactory.internal.LocatingElementHandler.invoke(LocatingElementHandler.java:39)
	at jdk.proxy2/jdk.proxy2.$Proxy23.isDisplayed(Unknown Source)
	at org.openqa.selenium.support.ui.ExpectedConditions.elementIfVisible(ExpectedConditions.java:307)
	at org.openqa.selenium.support.ui.ExpectedConditions.access$000(ExpectedConditions.java:40)
	at org.openqa.selenium.support.ui.ExpectedConditions$10.apply(ExpectedConditions.java:293)
	at org.openqa.selenium.support.ui.ExpectedConditions$10.apply(ExpectedConditions.java:290)
	at org.openqa.selenium.support.ui.ExpectedConditions$23.apply(ExpectedConditions.java:660)
	at org.openqa.selenium.support.ui.ExpectedConditions$23.apply(ExpectedConditions.java:656)
	at org.openqa.selenium.support.ui.FluentWait.until(FluentWait.java:208)
	... 30 more
... Removed 29 stack frames</pre></div><a href='#' onClick='toggleBox("stack-trace1179737522", this, "Click to show all stack frames", "Click to hide stack frames")'>Click to show all stack frames</a>
<div class='stack-trace' id='stack-trace1179737522'><pre>org.openqa.selenium.TimeoutException: Expected condition failed: waiting for element to be clickable: Proxy element for: DefaultElementLocator &apos;By.xpath: //*[@id=&apos;requestedDelivery&apos;]&apos; (tried for 20 second(s) with 500 milliseconds interval)
	at org.openqa.selenium.support.ui.WebDriverWait.timeoutException(WebDriverWait.java:138)
	at org.openqa.selenium.support.ui.FluentWait.until(FluentWait.java:231)
	at com.amt.testUtil.Click.on(Click.java:17)
	at com.amt.testUtil.CommonClass.create_order_from_opportunity(CommonClass.java:405)
	at opportunity.Create_order_from_opportunity_Test.create_order_from_opportunity_test(Create_order_from_opportunity_Test.java:30)
	at java.base/jdk.internal.reflect.DirectMethodHandleAccessor.invoke(DirectMethodHandleAccessor.java:104)
	at java.base/java.lang.reflect.Method.invoke(Method.java:578)
	at org.testng.internal.MethodInvocationHelper.invokeMethod(MethodInvocationHelper.java:133)
	at org.testng.internal.TestInvoker.invokeMethod(TestInvoker.java:598)
	at org.testng.internal.TestInvoker.invokeTestMethod(TestInvoker.java:173)
	at org.testng.internal.MethodRunner.runInSequence(MethodRunner.java:46)
	at org.testng.internal.TestInvoker$MethodInvocationAgent.invoke(TestInvoker.java:824)
	at org.testng.internal.TestInvoker.invokeTestMethods(TestInvoker.java:146)
	at org.testng.internal.TestMethodWorker.invokeTestMethods(TestMethodWorker.java:146)
	at org.testng.internal.TestMethodWorker.run(TestMethodWorker.java:128)
	at java.base/java.util.ArrayList.forEach(ArrayList.java:1511)
	at org.testng.TestRunner.privateRun(TestRunner.java:794)
	at org.testng.TestRunner.run(TestRunner.java:596)
	at org.testng.SuiteRunner.runTest(SuiteRunner.java:377)
	at org.testng.SuiteRunner.runSequentially(SuiteRunner.java:371)
	at org.testng.SuiteRunner.privateRun(SuiteRunner.java:332)
	at org.testng.SuiteRunner.run(SuiteRunner.java:276)
	at org.testng.SuiteRunnerWorker.runSuite(SuiteRunnerWorker.java:53)
	at org.testng.SuiteRunnerWorker.run(SuiteRunnerWorker.java:96)
	at org.testng.TestNG.runSuitesSequentially(TestNG.java:1212)
	at org.testng.TestNG.runSuitesSequentially(TestNG.java:1207)
	at org.testng.TestNG.runSuitesLocally(TestNG.java:1134)
	at org.testng.TestNG.runSuites(TestNG.java:1063)
	at org.testng.TestNG.run(TestNG.java:1031)
	at org.testng.remote.AbstractRemoteTestNG.run(AbstractRemoteTestNG.java:115)
	at org.testng.remote.RemoteTestNG.initAndRun(RemoteTestNG.java:251)
	at org.testng.remote.RemoteTestNG.main(RemoteTestNG.java:77)
Caused by: org.openqa.selenium.NoSuchElementException: no such element: Unable to locate element: {&quot;method&quot;:&quot;xpath&quot;,&quot;selector&quot;:&quot;//*[@id=&apos;requestedDelivery&apos;]&quot;}
  (Session info: chrome=126.0.6478.62)
For documentation on this error, please visit: https://selenium.dev/exceptions/#no_such_element
Build info: version: &apos;4.1.0&apos;, revision: &apos;87802e897b&apos;
System info: host: &apos;DSK-4052&apos;, ip: &apos;172.16.1.80&apos;, os.name: &apos;Windows 10&apos;, os.arch: &apos;amd64&apos;, os.version: &apos;10.0&apos;, java.version: &apos;19.0.1&apos;
Driver info: org.openqa.selenium.chrome.ChromeDriver
Command: [da2c89e47780ae492a1e1a8179b989b9, findElement {using=xpath, value=//*[@id=&apos;requestedDelivery&apos;]}]
Capabilities {acceptInsecureCerts: false, browserName: chrome, browserVersion: 126.0.6478.62, chrome: {chromedriverVersion: 125.0.6422.141 (4b1e8393712..., userDataDir: C:\Users\NITEIN~1.KUR\AppDa...}, fedcm:accounts: true, goog:chromeOptions: {debuggerAddress: localhost:59850}, javascriptEnabled: true, networkConnectionEnabled: false, pageLoadStrategy: normal, platform: WINDOWS, platformName: WINDOWS, proxy: Proxy(), se:cdp: ws://localhost:59850/devtoo..., se:cdpVersion: 126.0.6478.62, setWindowRect: true, strictFileInteractability: false, timeouts: {implicit: 0, pageLoad: 300000, script: 30000}, unhandledPromptBehavior: dismiss and notify, webauthn:extension:credBlob: true, webauthn:extension:largeBlob: true, webauthn:extension:minPinLength: true, webauthn:extension:prf: true, webauthn:virtualAuthenticators: true}
Session ID: da2c89e47780ae492a1e1a8179b989b9
	at java.base/jdk.internal.reflect.DirectConstructorHandleAccessor.newInstance(DirectConstructorHandleAccessor.java:67)
	at java.base/java.lang.reflect.Constructor.newInstanceWithCaller(Constructor.java:500)
	at java.base/java.lang.reflect.Constructor.newInstance(Constructor.java:484)
	at org.openqa.selenium.remote.codec.w3c.W3CHttpResponseCodec.createException(W3CHttpResponseCodec.java:200)
	at org.openqa.selenium.remote.codec.w3c.W3CHttpResponseCodec.decode(W3CHttpResponseCodec.java:133)
	at org.openqa.selenium.remote.codec.w3c.W3CHttpResponseCodec.decode(W3CHttpResponseCodec.java:53)
	at org.openqa.selenium.remote.HttpCommandExecutor.execute(HttpCommandExecutor.java:184)
	at org.openqa.selenium.remote.service.DriverCommandExecutor.invokeExecute(DriverCommandExecutor.java:164)
	at org.openqa.selenium.remote.service.DriverCommandExecutor.execute(DriverCommandExecutor.java:139)
	at org.openqa.selenium.remote.RemoteWebDriver.execute(RemoteWebDriver.java:559)
	at org.openqa.selenium.remote.ElementLocation$ElementFinder$2.findElement(ElementLocation.java:162)
	at org.openqa.selenium.remote.ElementLocation.findElement(ElementLocation.java:60)
	at org.openqa.selenium.remote.RemoteWebDriver.findElement(RemoteWebDriver.java:383)
	at org.openqa.selenium.remote.RemoteWebDriver.findElement(RemoteWebDriver.java:375)
	at org.openqa.selenium.support.pagefactory.DefaultElementLocator.findElement(DefaultElementLocator.java:70)
	at org.openqa.selenium.support.pagefactory.internal.LocatingElementHandler.invoke(LocatingElementHandler.java:39)
	at jdk.proxy2/jdk.proxy2.$Proxy23.isDisplayed(Unknown Source)
	at org.openqa.selenium.support.ui.ExpectedConditions.elementIfVisible(ExpectedConditions.java:307)
	at org.openqa.selenium.support.ui.ExpectedConditions.access$000(ExpectedConditions.java:40)
	at org.openqa.selenium.support.ui.ExpectedConditions$10.apply(ExpectedConditions.java:293)
	at org.openqa.selenium.support.ui.ExpectedConditions$10.apply(ExpectedConditions.java:290)
	at org.openqa.selenium.support.ui.ExpectedConditions$23.apply(ExpectedConditions.java:660)
	at org.openqa.selenium.support.ui.ExpectedConditions$23.apply(ExpectedConditions.java:656)
	at org.openqa.selenium.support.ui.FluentWait.until(FluentWait.java:208)
	... 30 more
</pre></div></td>
<td>56</td>
<td>opportunity.Create_order_from_opportunity_Test@7d61eb55</td></tr>
<tr>
<td title='orders.Orders_Verify_Outright_Purchase_With_Customer_Flow_Test.T3_verify_default_order_status_vehicle_tab_test()'><b>T3_verify_default_order_status_vehicle_tab_test</b><br>Test class: orders.Orders_Verify_Outright_Purchase_With_Customer_Flow_Test<br/>
<a href="#Output-545996648" onClick='toggleBox("Output-545996648", this, "Show output", "Hide output");'>Show output</a>

<a href="#Output-545996648" onClick="toggleAllBoxes();">Show all outputs</a>
<div class='log' id="Output-545996648">
<b>Order -- Default Status- Found Wrong</b> <br /><br/>
<br>----------Screenshot---------<br><br/>
<img src="D:\Orders_Vehicles\AMT_Orders_Vehicles\target\surefire-reports\html\failure_screenshots\T3_verify_default_order_status_vehicle_tab_test_20_06_2024_11_46_20.png" height="800" width="1000"><br/>
</div>
</td>
<td><div><pre>java.lang.AssertionError: expected [true] but found [false]
	at orders.Orders_Verify_Outright_Purchase_With_Customer_Flow_Test.T3_verify_default_order_status_vehicle_tab_test(Orders_Verify_Outright_Purchase_With_Customer_Flow_Test.java:76)
	at java.base/java.util.ArrayList.forEach(ArrayList.java:1511)
... Removed 30 stack frames</pre></div><a href='#' onClick='toggleBox("stack-trace545996648", this, "Click to show all stack frames", "Click to hide stack frames")'>Click to show all stack frames</a>
<div class='stack-trace' id='stack-trace545996648'><pre>java.lang.AssertionError: expected [true] but found [false]
	at org.testng.Assert.fail(Assert.java:99)
	at org.testng.Assert.failNotEquals(Assert.java:1037)
	at org.testng.Assert.assertTrue(Assert.java:45)
	at org.testng.Assert.assertTrue(Assert.java:55)
	at orders.Orders_Verify_Outright_Purchase_With_Customer_Flow_Test.T3_verify_default_order_status_vehicle_tab_test(Orders_Verify_Outright_Purchase_With_Customer_Flow_Test.java:76)
	at java.base/jdk.internal.reflect.DirectMethodHandleAccessor.invoke(DirectMethodHandleAccessor.java:104)
	at java.base/java.lang.reflect.Method.invoke(Method.java:578)
	at org.testng.internal.MethodInvocationHelper.invokeMethod(MethodInvocationHelper.java:133)
	at org.testng.internal.TestInvoker.invokeMethod(TestInvoker.java:598)
	at org.testng.internal.TestInvoker.invokeTestMethod(TestInvoker.java:173)
	at org.testng.internal.MethodRunner.runInSequence(MethodRunner.java:46)
	at org.testng.internal.TestInvoker$MethodInvocationAgent.invoke(TestInvoker.java:824)
	at org.testng.internal.TestInvoker.invokeTestMethods(TestInvoker.java:146)
	at org.testng.internal.TestMethodWorker.invokeTestMethods(TestMethodWorker.java:146)
	at org.testng.internal.TestMethodWorker.run(TestMethodWorker.java:128)
	at java.base/java.util.ArrayList.forEach(ArrayList.java:1511)
	at org.testng.TestRunner.privateRun(TestRunner.java:794)
	at org.testng.TestRunner.run(TestRunner.java:596)
	at org.testng.SuiteRunner.runTest(SuiteRunner.java:377)
	at org.testng.SuiteRunner.runSequentially(SuiteRunner.java:371)
	at org.testng.SuiteRunner.privateRun(SuiteRunner.java:332)
	at org.testng.SuiteRunner.run(SuiteRunner.java:276)
	at org.testng.SuiteRunnerWorker.runSuite(SuiteRunnerWorker.java:53)
	at org.testng.SuiteRunnerWorker.run(SuiteRunnerWorker.java:96)
	at org.testng.TestNG.runSuitesSequentially(TestNG.java:1212)
	at org.testng.TestNG.runSuitesSequentially(TestNG.java:1207)
	at org.testng.TestNG.runSuitesLocally(TestNG.java:1134)
	at org.testng.TestNG.runSuites(TestNG.java:1063)
	at org.testng.TestNG.run(TestNG.java:1031)
	at org.testng.remote.AbstractRemoteTestNG.run(AbstractRemoteTestNG.java:115)
	at org.testng.remote.RemoteTestNG.initAndRun(RemoteTestNG.java:251)
	at org.testng.remote.RemoteTestNG.main(RemoteTestNG.java:77)
</pre></div></td>
<td>10</td>
<td>orders.Orders_Verify_Outright_Purchase_With_Customer_Flow_Test@222a59e6</td></tr>
<tr>
<td title='acquisition.Acquisition_Quotes_OP_OP_used_car_For_With_Customer_Order_Flow_Test.aquisition_quotes_OP_OP_OTR_calculation_test()'><b>aquisition_quotes_OP_OP_OTR_calculation_test</b><br>Test class: acquisition.Acquisition_Quotes_OP_OP_used_car_For_With_Customer_Order_Flow_Test<br>Parameters: GY12RZB, 10000, 60000, 500, 10, 15, 1000, 2000, 1000, 500, 1000, 200, HPNR_used_car<br/>
<a href="#Output-1373698826" onClick='toggleBox("Output-1373698826", this, "Show output", "Hide output");'>Show output</a>

<a href="#Output-1373698826" onClick="toggleAllBoxes();">Show all outputs</a>
<div class='log' id="Output-1373698826">
<br>----------Screenshot---------<br><br/>
<img src="D:\Orders_Vehicles\AMT_Orders_Vehicles\target\surefire-reports\html\failure_screenshots\aquisition_quotes_OP_OP_OTR_calculation_test_20_06_2024_11_42_29.png" height="800" width="1000"><br/>
</div>
</td>
<td><div><pre>org.openqa.selenium.StaleElementReferenceException: stale element reference: stale element not found
  (Session info: chrome=126.0.6478.62)
For documentation on this error, please visit: https://selenium.dev/exceptions/#stale_element_reference
Build info: version: &apos;4.1.0&apos;, revision: &apos;87802e897b&apos;
System info: host: &apos;DSK-4052&apos;, ip: &apos;172.16.1.80&apos;, os.name: &apos;Windows 10&apos;, os.arch: &apos;amd64&apos;, os.version: &apos;10.0&apos;, java.version: &apos;19.0.1&apos;
Driver info: org.openqa.selenium.chrome.ChromeDriver
Command: [f842dd8060d4ce477fce729185aedd4c, isElementDisplayed {id=f.24567430DCD76AEBD778A3F2431C5031.d.DD1B3A419BC2AAB7B50922ECFB770F67.e.36}]
Capabilities {acceptInsecureCerts: false, browserName: chrome, browserVersion: 126.0.6478.62, chrome: {chromedriverVersion: 125.0.6422.141 (4b1e8393712..., userDataDir: C:\Users\NITEIN~1.KUR\AppDa...}, fedcm:accounts: true, goog:chromeOptions: {debuggerAddress: localhost:59734}, javascriptEnabled: true, networkConnectionEnabled: false, pageLoadStrategy: normal, platform: WINDOWS, platformName: WINDOWS, proxy: Proxy(), se:cdp: ws://localhost:59734/devtoo..., se:cdpVersion: 126.0.6478.62, setWindowRect: true, strictFileInteractability: false, timeouts: {implicit: 0, pageLoad: 300000, script: 30000}, unhandledPromptBehavior: dismiss and notify, webauthn:extension:credBlob: true, webauthn:extension:largeBlob: true, webauthn:extension:minPinLength: true, webauthn:extension:prf: true, webauthn:virtualAuthenticators: true}
Element: [[ChromeDriver: chrome on WINDOWS (f842dd8060d4ce477fce729185aedd4c)] -&gt; xpath: //*[@id=&apos;dropdownRole&apos;]]
Session ID: f842dd8060d4ce477fce729185aedd4c
	at org.openqa.selenium.remote.codec.w3c.W3CHttpResponseCodec.createException(W3CHttpResponseCodec.java:200)
	at org.openqa.selenium.remote.codec.w3c.W3CHttpResponseCodec.decode(W3CHttpResponseCodec.java:133)
	at org.openqa.selenium.remote.codec.w3c.W3CHttpResponseCodec.decode(W3CHttpResponseCodec.java:53)
	at org.openqa.selenium.remote.HttpCommandExecutor.execute(HttpCommandExecutor.java:184)
	at org.openqa.selenium.remote.service.DriverCommandExecutor.invokeExecute(DriverCommandExecutor.java:164)
	at org.openqa.selenium.remote.service.DriverCommandExecutor.execute(DriverCommandExecutor.java:139)
	at org.openqa.selenium.remote.RemoteWebDriver.execute(RemoteWebDriver.java:559)
	at org.openqa.selenium.remote.RemoteWebElement.execute(RemoteWebElement.java:251)
	at org.openqa.selenium.remote.RemoteWebElement.isDisplayed(RemoteWebElement.java:307)
	at org.openqa.selenium.support.pagefactory.internal.LocatingElementHandler.invoke(LocatingElementHandler.java:52)
	at jdk.proxy2/jdk.proxy2.$Proxy23.isDisplayed(Unknown Source)
	at org.openqa.selenium.support.ui.ExpectedConditions.elementIfVisible(ExpectedConditions.java:307)
	at org.openqa.selenium.support.ui.ExpectedConditions.access$000(ExpectedConditions.java:40)
	at org.openqa.selenium.support.ui.ExpectedConditions$10.apply(ExpectedConditions.java:293)
	at org.openqa.selenium.support.ui.ExpectedConditions$10.apply(ExpectedConditions.java:290)
	at org.openqa.selenium.support.ui.ExpectedConditions$23.apply(ExpectedConditions.java:660)
	at org.openqa.selenium.support.ui.ExpectedConditions$23.apply(ExpectedConditions.java:656)
	at org.openqa.selenium.support.ui.FluentWait.until(FluentWait.java:208)
	at com.amt.testUtil.Click.on(Click.java:17)
	at com.amt.pages.AcquisitionListingPage.aquisition_Listingpage_AddnewQuote(AcquisitionListingPage.java:131)
	at acquisition.Acquisition_Quotes_OP_OP_used_car_For_With_Customer_Order_Flow_Test.aquisition_quotes_OP_OP_OTR_calculation_test(Acquisition_Quotes_OP_OP_used_car_For_With_Customer_Order_Flow_Test.java:50)
	at java.base/java.util.ArrayList.forEach(ArrayList.java:1511)
... Removed 31 stack frames</pre></div><a href='#' onClick='toggleBox("stack-trace1373698826", this, "Click to show all stack frames", "Click to hide stack frames")'>Click to show all stack frames</a>
<div class='stack-trace' id='stack-trace1373698826'><pre>org.openqa.selenium.StaleElementReferenceException: stale element reference: stale element not found
  (Session info: chrome=126.0.6478.62)
For documentation on this error, please visit: https://selenium.dev/exceptions/#stale_element_reference
Build info: version: &apos;4.1.0&apos;, revision: &apos;87802e897b&apos;
System info: host: &apos;DSK-4052&apos;, ip: &apos;172.16.1.80&apos;, os.name: &apos;Windows 10&apos;, os.arch: &apos;amd64&apos;, os.version: &apos;10.0&apos;, java.version: &apos;19.0.1&apos;
Driver info: org.openqa.selenium.chrome.ChromeDriver
Command: [f842dd8060d4ce477fce729185aedd4c, isElementDisplayed {id=f.24567430DCD76AEBD778A3F2431C5031.d.DD1B3A419BC2AAB7B50922ECFB770F67.e.36}]
Capabilities {acceptInsecureCerts: false, browserName: chrome, browserVersion: 126.0.6478.62, chrome: {chromedriverVersion: 125.0.6422.141 (4b1e8393712..., userDataDir: C:\Users\NITEIN~1.KUR\AppDa...}, fedcm:accounts: true, goog:chromeOptions: {debuggerAddress: localhost:59734}, javascriptEnabled: true, networkConnectionEnabled: false, pageLoadStrategy: normal, platform: WINDOWS, platformName: WINDOWS, proxy: Proxy(), se:cdp: ws://localhost:59734/devtoo..., se:cdpVersion: 126.0.6478.62, setWindowRect: true, strictFileInteractability: false, timeouts: {implicit: 0, pageLoad: 300000, script: 30000}, unhandledPromptBehavior: dismiss and notify, webauthn:extension:credBlob: true, webauthn:extension:largeBlob: true, webauthn:extension:minPinLength: true, webauthn:extension:prf: true, webauthn:virtualAuthenticators: true}
Element: [[ChromeDriver: chrome on WINDOWS (f842dd8060d4ce477fce729185aedd4c)] -&gt; xpath: //*[@id=&apos;dropdownRole&apos;]]
Session ID: f842dd8060d4ce477fce729185aedd4c
	at java.base/jdk.internal.reflect.DirectConstructorHandleAccessor.newInstance(DirectConstructorHandleAccessor.java:67)
	at java.base/java.lang.reflect.Constructor.newInstanceWithCaller(Constructor.java:500)
	at java.base/java.lang.reflect.Constructor.newInstance(Constructor.java:484)
	at org.openqa.selenium.remote.codec.w3c.W3CHttpResponseCodec.createException(W3CHttpResponseCodec.java:200)
	at org.openqa.selenium.remote.codec.w3c.W3CHttpResponseCodec.decode(W3CHttpResponseCodec.java:133)
	at org.openqa.selenium.remote.codec.w3c.W3CHttpResponseCodec.decode(W3CHttpResponseCodec.java:53)
	at org.openqa.selenium.remote.HttpCommandExecutor.execute(HttpCommandExecutor.java:184)
	at org.openqa.selenium.remote.service.DriverCommandExecutor.invokeExecute(DriverCommandExecutor.java:164)
	at org.openqa.selenium.remote.service.DriverCommandExecutor.execute(DriverCommandExecutor.java:139)
	at org.openqa.selenium.remote.RemoteWebDriver.execute(RemoteWebDriver.java:559)
	at org.openqa.selenium.remote.RemoteWebElement.execute(RemoteWebElement.java:251)
	at org.openqa.selenium.remote.RemoteWebElement.isDisplayed(RemoteWebElement.java:307)
	at java.base/jdk.internal.reflect.DirectMethodHandleAccessor.invoke(DirectMethodHandleAccessor.java:104)
	at java.base/java.lang.reflect.Method.invoke(Method.java:578)
	at org.openqa.selenium.support.pagefactory.internal.LocatingElementHandler.invoke(LocatingElementHandler.java:52)
	at jdk.proxy2/jdk.proxy2.$Proxy23.isDisplayed(Unknown Source)
	at org.openqa.selenium.support.ui.ExpectedConditions.elementIfVisible(ExpectedConditions.java:307)
	at org.openqa.selenium.support.ui.ExpectedConditions.access$000(ExpectedConditions.java:40)
	at org.openqa.selenium.support.ui.ExpectedConditions$10.apply(ExpectedConditions.java:293)
	at org.openqa.selenium.support.ui.ExpectedConditions$10.apply(ExpectedConditions.java:290)
	at org.openqa.selenium.support.ui.ExpectedConditions$23.apply(ExpectedConditions.java:660)
	at org.openqa.selenium.support.ui.ExpectedConditions$23.apply(ExpectedConditions.java:656)
	at org.openqa.selenium.support.ui.FluentWait.until(FluentWait.java:208)
	at com.amt.testUtil.Click.on(Click.java:17)
	at com.amt.pages.AcquisitionListingPage.aquisition_Listingpage_AddnewQuote(AcquisitionListingPage.java:131)
	at acquisition.Acquisition_Quotes_OP_OP_used_car_For_With_Customer_Order_Flow_Test.aquisition_quotes_OP_OP_OTR_calculation_test(Acquisition_Quotes_OP_OP_used_car_For_With_Customer_Order_Flow_Test.java:50)
	at java.base/jdk.internal.reflect.DirectMethodHandleAccessor.invoke(DirectMethodHandleAccessor.java:104)
	at java.base/java.lang.reflect.Method.invoke(Method.java:578)
	at org.testng.internal.MethodInvocationHelper.invokeMethod(MethodInvocationHelper.java:133)
	at org.testng.internal.TestInvoker.invokeMethod(TestInvoker.java:598)
	at org.testng.internal.TestInvoker.invokeTestMethod(TestInvoker.java:173)
	at org.testng.internal.MethodRunner.runInSequence(MethodRunner.java:46)
	at org.testng.internal.TestInvoker$MethodInvocationAgent.invoke(TestInvoker.java:824)
	at org.testng.internal.TestInvoker.invokeTestMethods(TestInvoker.java:146)
	at org.testng.internal.TestMethodWorker.invokeTestMethods(TestMethodWorker.java:146)
	at org.testng.internal.TestMethodWorker.run(TestMethodWorker.java:128)
	at java.base/java.util.ArrayList.forEach(ArrayList.java:1511)
	at org.testng.TestRunner.privateRun(TestRunner.java:794)
	at org.testng.TestRunner.run(TestRunner.java:596)
	at org.testng.SuiteRunner.runTest(SuiteRunner.java:377)
	at org.testng.SuiteRunner.runSequentially(SuiteRunner.java:371)
	at org.testng.SuiteRunner.privateRun(SuiteRunner.java:332)
	at org.testng.SuiteRunner.run(SuiteRunner.java:276)
	at org.testng.SuiteRunnerWorker.runSuite(SuiteRunnerWorker.java:53)
	at org.testng.SuiteRunnerWorker.run(SuiteRunnerWorker.java:96)
	at org.testng.TestNG.runSuitesSequentially(TestNG.java:1212)
	at org.testng.TestNG.runSuitesSequentially(TestNG.java:1207)
	at org.testng.TestNG.runSuitesLocally(TestNG.java:1134)
	at org.testng.TestNG.runSuites(TestNG.java:1063)
	at org.testng.TestNG.run(TestNG.java:1031)
	at org.testng.remote.AbstractRemoteTestNG.run(AbstractRemoteTestNG.java:115)
	at org.testng.remote.RemoteTestNG.initAndRun(RemoteTestNG.java:251)
	at org.testng.remote.RemoteTestNG.main(RemoteTestNG.java:77)
</pre></div></td>
<td>6</td>
<td>acquisition.Acquisition_Quotes_OP_OP_used_car_For_With_Customer_Order_Flow_Test@53f3bdbd</td></tr>
</table><p>
<table width='100%' border='1' class='invocation-passed'>
<tr><td colspan='4' align='center'><b>PASSED TESTS</b></td></tr>
<tr><td><b>Test method</b></td>
<td width="30%"><b>Exception</b></td>
<td width="10%"><b>Time (seconds)</b></td>
<td><b>Instance</b></td>
</tr>
<tr>
<td title='orders.Orders_Verify_Outright_Purchase_With_Customer_Flow_Test.T1_open_order_created_in_acquisition_test()'><b>T1_open_order_created_in_acquisition_test</b><br>Test class: orders.Orders_Verify_Outright_Purchase_With_Customer_Flow_Test<br/>
<a href="#Output-1451458867" onClick='toggleBox("Output-1451458867", this, "Show output", "Hide output");'>Show output</a>

<a href="#Output-1451458867" onClick="toggleAllBoxes();">Show all outputs</a>
<div class='log' id="Output-1451458867">
<b></b> <br /><br/>
<b>Searching for Order ID KN-35537</b> <br /><br/>
</div>
</td>
<td></td>
<td>79</td>
<td>orders.Orders_Verify_Outright_Purchase_With_Customer_Flow_Test@222a59e6</td></tr>
<tr>
<td title='orders.Orders_Verify_Outright_Purchase_With_Customer_Flow_Test.T2_pass_the_pre_order_check_test()'><b>T2_pass_the_pre_order_check_test</b><br>Test class: orders.Orders_Verify_Outright_Purchase_With_Customer_Flow_Test<br/>
<a href="#Output-328201484" onClick='toggleBox("Output-328201484", this, "Show output", "Hide output");'>Show output</a>

<a href="#Output-328201484" onClick="toggleAllBoxes();">Show all outputs</a>
<div class='log' id="Output-328201484">
<b></b> <br /><br/>
<b>Checking pre-order checks</b> <br /><br/>
</div>
</td>
<td></td>
<td>17</td>
<td>orders.Orders_Verify_Outright_Purchase_With_Customer_Flow_Test@222a59e6</td></tr>
</table><p>
<table width='100%' border='1' class='invocation-skipped'>
<tr><td colspan='4' align='center'><b>SKIPPED TESTS</b></td></tr>
<tr><td><b>Test method</b></td>
<td width="30%"><b>Exception</b></td>
<td width="10%"><b>Time (seconds)</b></td>
<td><b>Instance</b></td>
</tr>
<tr>
<td title='orders.Orders_Verify_Outright_Purchase_With_Customer_Flow_Test.T10_complete_cash_purchase()'><b>T10_complete_cash_purchase</b><br>Test class: orders.Orders_Verify_Outright_Purchase_With_Customer_Flow_Test</td>
<td><div><pre>java.lang.Throwable: Method Orders_Verify_Outright_Purchase_With_Customer_Flow_Test.T10_complete_cash_purchase()[pri:10, instance:orders.Orders_Verify_Outright_Purchase_With_Customer_Flow_Test@222a59e6] depends on not successfully finished methods
	at java.base/java.util.ArrayList.forEach(ArrayList.java:1511)
... Removed 19 stack frames</pre></div><a href='#' onClick='toggleBox("stack-trace927401091", this, "Click to show all stack frames", "Click to hide stack frames")'>Click to show all stack frames</a>
<div class='stack-trace' id='stack-trace927401091'><pre>java.lang.Throwable: Method Orders_Verify_Outright_Purchase_With_Customer_Flow_Test.T10_complete_cash_purchase()[pri:10, instance:orders.Orders_Verify_Outright_Purchase_With_Customer_Flow_Test@222a59e6] depends on not successfully finished methods
	at org.testng.internal.TestInvoker.invokeTestMethods(TestInvoker.java:102)
	at org.testng.internal.TestMethodWorker.invokeTestMethods(TestMethodWorker.java:146)
	at org.testng.internal.TestMethodWorker.run(TestMethodWorker.java:128)
	at java.base/java.util.ArrayList.forEach(ArrayList.java:1511)
	at org.testng.TestRunner.privateRun(TestRunner.java:794)
	at org.testng.TestRunner.run(TestRunner.java:596)
	at org.testng.SuiteRunner.runTest(SuiteRunner.java:377)
	at org.testng.SuiteRunner.runSequentially(SuiteRunner.java:371)
	at org.testng.SuiteRunner.privateRun(SuiteRunner.java:332)
	at org.testng.SuiteRunner.run(SuiteRunner.java:276)
	at org.testng.SuiteRunnerWorker.runSuite(SuiteRunnerWorker.java:53)
	at org.testng.SuiteRunnerWorker.run(SuiteRunnerWorker.java:96)
	at org.testng.TestNG.runSuitesSequentially(TestNG.java:1212)
	at org.testng.TestNG.runSuitesSequentially(TestNG.java:1207)
	at org.testng.TestNG.runSuitesLocally(TestNG.java:1134)
	at org.testng.TestNG.runSuites(TestNG.java:1063)
	at org.testng.TestNG.run(TestNG.java:1031)
	at org.testng.remote.AbstractRemoteTestNG.run(AbstractRemoteTestNG.java:115)
	at org.testng.remote.RemoteTestNG.initAndRun(RemoteTestNG.java:251)
	at org.testng.remote.RemoteTestNG.main(RemoteTestNG.java:77)
</pre></div></td>
<td>0</td>
<td>orders.Orders_Verify_Outright_Purchase_With_Customer_Flow_Test@222a59e6</td></tr>
<tr>
<td title='orders.Orders_Verify_Outright_Purchase_With_Customer_Flow_Test.T20_verify_delivery_status_on_customer_contract_tab_and_vehicle_order_tab_are_same_when_deliver_to_customer_toggle_button_in_on_test()'><b>T20_verify_delivery_status_on_customer_contract_tab_and_vehicle_order_tab_are_same_when_deliver_to_customer_toggle_button_in_on_test</b><br>Test class: orders.Orders_Verify_Outright_Purchase_With_Customer_Flow_Test</td>
<td><div><pre>java.lang.Throwable: Method Orders_Verify_Outright_Purchase_With_Customer_Flow_Test.T20_verify_delivery_status_on_customer_contract_tab_and_vehicle_order_tab_are_same_when_deliver_to_customer_toggle_button_in_on_test()[pri:20, instance:orders.Orders_Verify_Outright_Purchase_With_Customer_Flow_Test@222a59e6] depends on not successfully finished methods
	at java.base/java.util.ArrayList.forEach(ArrayList.java:1511)
... Removed 19 stack frames</pre></div><a href='#' onClick='toggleBox("stack-trace2073731166", this, "Click to show all stack frames", "Click to hide stack frames")'>Click to show all stack frames</a>
<div class='stack-trace' id='stack-trace2073731166'><pre>java.lang.Throwable: Method Orders_Verify_Outright_Purchase_With_Customer_Flow_Test.T20_verify_delivery_status_on_customer_contract_tab_and_vehicle_order_tab_are_same_when_deliver_to_customer_toggle_button_in_on_test()[pri:20, instance:orders.Orders_Verify_Outright_Purchase_With_Customer_Flow_Test@222a59e6] depends on not successfully finished methods
	at org.testng.internal.TestInvoker.invokeTestMethods(TestInvoker.java:102)
	at org.testng.internal.TestMethodWorker.invokeTestMethods(TestMethodWorker.java:146)
	at org.testng.internal.TestMethodWorker.run(TestMethodWorker.java:128)
	at java.base/java.util.ArrayList.forEach(ArrayList.java:1511)
	at org.testng.TestRunner.privateRun(TestRunner.java:794)
	at org.testng.TestRunner.run(TestRunner.java:596)
	at org.testng.SuiteRunner.runTest(SuiteRunner.java:377)
	at org.testng.SuiteRunner.runSequentially(SuiteRunner.java:371)
	at org.testng.SuiteRunner.privateRun(SuiteRunner.java:332)
	at org.testng.SuiteRunner.run(SuiteRunner.java:276)
	at org.testng.SuiteRunnerWorker.runSuite(SuiteRunnerWorker.java:53)
	at org.testng.SuiteRunnerWorker.run(SuiteRunnerWorker.java:96)
	at org.testng.TestNG.runSuitesSequentially(TestNG.java:1212)
	at org.testng.TestNG.runSuitesSequentially(TestNG.java:1207)
	at org.testng.TestNG.runSuitesLocally(TestNG.java:1134)
	at org.testng.TestNG.runSuites(TestNG.java:1063)
	at org.testng.TestNG.run(TestNG.java:1031)
	at org.testng.remote.AbstractRemoteTestNG.run(AbstractRemoteTestNG.java:115)
	at org.testng.remote.RemoteTestNG.initAndRun(RemoteTestNG.java:251)
	at org.testng.remote.RemoteTestNG.main(RemoteTestNG.java:77)
</pre></div></td>
<td>0</td>
<td>orders.Orders_Verify_Outright_Purchase_With_Customer_Flow_Test@222a59e6</td></tr>
<tr>
<td title='acquisition.Acquisition_Quotes_OP_OP_used_car_For_With_Customer_Order_Flow_Test.aquisition_quotes_OP_OP_customer_quote_vehicle_profit_edit_test()'><b>aquisition_quotes_OP_OP_customer_quote_vehicle_profit_edit_test</b><br>Test class: acquisition.Acquisition_Quotes_OP_OP_used_car_For_With_Customer_Order_Flow_Test</td>
<td><div><pre>java.lang.Throwable: Method Acquisition_Quotes_OP_OP_used_car_For_With_Customer_Order_Flow_Test.aquisition_quotes_OP_OP_customer_quote_vehicle_profit_edit_test(java.lang.String,java.lang.String,java.lang.String,java.lang.String,java.lang.String,java.lang.String,java.lang.String,java.lang.String,java.lang.String,java.lang.String,java.lang.String,java.lang.String,java.lang.String)[pri:2, instance:acquisition.Acquisition_Quotes_OP_OP_used_car_For_With_Customer_Order_Flow_Test@53f3bdbd] depends on not successfully finished methods
	at java.base/java.util.ArrayList.forEach(ArrayList.java:1511)
... Removed 19 stack frames</pre></div><a href='#' onClick='toggleBox("stack-trace1803146354", this, "Click to show all stack frames", "Click to hide stack frames")'>Click to show all stack frames</a>
<div class='stack-trace' id='stack-trace1803146354'><pre>java.lang.Throwable: Method Acquisition_Quotes_OP_OP_used_car_For_With_Customer_Order_Flow_Test.aquisition_quotes_OP_OP_customer_quote_vehicle_profit_edit_test(java.lang.String,java.lang.String,java.lang.String,java.lang.String,java.lang.String,java.lang.String,java.lang.String,java.lang.String,java.lang.String,java.lang.String,java.lang.String,java.lang.String,java.lang.String)[pri:2, instance:acquisition.Acquisition_Quotes_OP_OP_used_car_For_With_Customer_Order_Flow_Test@53f3bdbd] depends on not successfully finished methods
	at org.testng.internal.TestInvoker.invokeTestMethods(TestInvoker.java:102)
	at org.testng.internal.TestMethodWorker.invokeTestMethods(TestMethodWorker.java:146)
	at org.testng.internal.TestMethodWorker.run(TestMethodWorker.java:128)
	at java.base/java.util.ArrayList.forEach(ArrayList.java:1511)
	at org.testng.TestRunner.privateRun(TestRunner.java:794)
	at org.testng.TestRunner.run(TestRunner.java:596)
	at org.testng.SuiteRunner.runTest(SuiteRunner.java:377)
	at org.testng.SuiteRunner.runSequentially(SuiteRunner.java:371)
	at org.testng.SuiteRunner.privateRun(SuiteRunner.java:332)
	at org.testng.SuiteRunner.run(SuiteRunner.java:276)
	at org.testng.SuiteRunnerWorker.runSuite(SuiteRunnerWorker.java:53)
	at org.testng.SuiteRunnerWorker.run(SuiteRunnerWorker.java:96)
	at org.testng.TestNG.runSuitesSequentially(TestNG.java:1212)
	at org.testng.TestNG.runSuitesSequentially(TestNG.java:1207)
	at org.testng.TestNG.runSuitesLocally(TestNG.java:1134)
	at org.testng.TestNG.runSuites(TestNG.java:1063)
	at org.testng.TestNG.run(TestNG.java:1031)
	at org.testng.remote.AbstractRemoteTestNG.run(AbstractRemoteTestNG.java:115)
	at org.testng.remote.RemoteTestNG.initAndRun(RemoteTestNG.java:251)
	at org.testng.remote.RemoteTestNG.main(RemoteTestNG.java:77)
</pre></div></td>
<td>0</td>
<td>acquisition.Acquisition_Quotes_OP_OP_used_car_For_With_Customer_Order_Flow_Test@53f3bdbd</td></tr>
<tr>
<td title='orders.Orders_Verify_Outright_Purchase_With_Customer_Flow_Test.T15_make_payment_with_new_payment()'><b>T15_make_payment_with_new_payment</b><br>Test class: orders.Orders_Verify_Outright_Purchase_With_Customer_Flow_Test</td>
<td><div><pre>java.lang.Throwable: Method Orders_Verify_Outright_Purchase_With_Customer_Flow_Test.T15_make_payment_with_new_payment()[pri:15, instance:orders.Orders_Verify_Outright_Purchase_With_Customer_Flow_Test@222a59e6] depends on not successfully finished methods
	at java.base/java.util.ArrayList.forEach(ArrayList.java:1511)
... Removed 19 stack frames</pre></div><a href='#' onClick='toggleBox("stack-trace619066925", this, "Click to show all stack frames", "Click to hide stack frames")'>Click to show all stack frames</a>
<div class='stack-trace' id='stack-trace619066925'><pre>java.lang.Throwable: Method Orders_Verify_Outright_Purchase_With_Customer_Flow_Test.T15_make_payment_with_new_payment()[pri:15, instance:orders.Orders_Verify_Outright_Purchase_With_Customer_Flow_Test@222a59e6] depends on not successfully finished methods
	at org.testng.internal.TestInvoker.invokeTestMethods(TestInvoker.java:102)
	at org.testng.internal.TestMethodWorker.invokeTestMethods(TestMethodWorker.java:146)
	at org.testng.internal.TestMethodWorker.run(TestMethodWorker.java:128)
	at java.base/java.util.ArrayList.forEach(ArrayList.java:1511)
	at org.testng.TestRunner.privateRun(TestRunner.java:794)
	at org.testng.TestRunner.run(TestRunner.java:596)
	at org.testng.SuiteRunner.runTest(SuiteRunner.java:377)
	at org.testng.SuiteRunner.runSequentially(SuiteRunner.java:371)
	at org.testng.SuiteRunner.privateRun(SuiteRunner.java:332)
	at org.testng.SuiteRunner.run(SuiteRunner.java:276)
	at org.testng.SuiteRunnerWorker.runSuite(SuiteRunnerWorker.java:53)
	at org.testng.SuiteRunnerWorker.run(SuiteRunnerWorker.java:96)
	at org.testng.TestNG.runSuitesSequentially(TestNG.java:1212)
	at org.testng.TestNG.runSuitesSequentially(TestNG.java:1207)
	at org.testng.TestNG.runSuitesLocally(TestNG.java:1134)
	at org.testng.TestNG.runSuites(TestNG.java:1063)
	at org.testng.TestNG.run(TestNG.java:1031)
	at org.testng.remote.AbstractRemoteTestNG.run(AbstractRemoteTestNG.java:115)
	at org.testng.remote.RemoteTestNG.initAndRun(RemoteTestNG.java:251)
	at org.testng.remote.RemoteTestNG.main(RemoteTestNG.java:77)
</pre></div></td>
<td>0</td>
<td>orders.Orders_Verify_Outright_Purchase_With_Customer_Flow_Test@222a59e6</td></tr>
<tr>
<td title='opportunity.LOU_OP_OP_Business_Flow_Test.L4_ownbook_create_opportunity_business_current_status_after_sending_to_proposal()'><b>L4_ownbook_create_opportunity_business_current_status_after_sending_to_proposal</b><br>Test class: opportunity.LOU_OP_OP_Business_Flow_Test</td>
<td><div><pre>java.lang.Throwable: Method LOU_OP_OP_Business_Flow_Test.L4_ownbook_create_opportunity_business_current_status_after_sending_to_proposal()[pri:4, instance:opportunity.LOU_OP_OP_Business_Flow_Test@34129c78] depends on not successfully finished methods
	at java.base/java.util.ArrayList.forEach(ArrayList.java:1511)
... Removed 19 stack frames</pre></div><a href='#' onClick='toggleBox("stack-trace1594288458", this, "Click to show all stack frames", "Click to hide stack frames")'>Click to show all stack frames</a>
<div class='stack-trace' id='stack-trace1594288458'><pre>java.lang.Throwable: Method LOU_OP_OP_Business_Flow_Test.L4_ownbook_create_opportunity_business_current_status_after_sending_to_proposal()[pri:4, instance:opportunity.LOU_OP_OP_Business_Flow_Test@34129c78] depends on not successfully finished methods
	at org.testng.internal.TestInvoker.invokeTestMethods(TestInvoker.java:102)
	at org.testng.internal.TestMethodWorker.invokeTestMethods(TestMethodWorker.java:146)
	at org.testng.internal.TestMethodWorker.run(TestMethodWorker.java:128)
	at java.base/java.util.ArrayList.forEach(ArrayList.java:1511)
	at org.testng.TestRunner.privateRun(TestRunner.java:794)
	at org.testng.TestRunner.run(TestRunner.java:596)
	at org.testng.SuiteRunner.runTest(SuiteRunner.java:377)
	at org.testng.SuiteRunner.runSequentially(SuiteRunner.java:371)
	at org.testng.SuiteRunner.privateRun(SuiteRunner.java:332)
	at org.testng.SuiteRunner.run(SuiteRunner.java:276)
	at org.testng.SuiteRunnerWorker.runSuite(SuiteRunnerWorker.java:53)
	at org.testng.SuiteRunnerWorker.run(SuiteRunnerWorker.java:96)
	at org.testng.TestNG.runSuitesSequentially(TestNG.java:1212)
	at org.testng.TestNG.runSuitesSequentially(TestNG.java:1207)
	at org.testng.TestNG.runSuitesLocally(TestNG.java:1134)
	at org.testng.TestNG.runSuites(TestNG.java:1063)
	at org.testng.TestNG.run(TestNG.java:1031)
	at org.testng.remote.AbstractRemoteTestNG.run(AbstractRemoteTestNG.java:115)
	at org.testng.remote.RemoteTestNG.initAndRun(RemoteTestNG.java:251)
	at org.testng.remote.RemoteTestNG.main(RemoteTestNG.java:77)
</pre></div></td>
<td>0</td>
<td>opportunity.LOU_OP_OP_Business_Flow_Test@34129c78</td></tr>
<tr>
<td title='acquisition.Acquisition_Quotes_OP_OP_used_car_For_With_Customer_Order_Flow_Test.aquisition_quotes_OP_OP_customer_quote_part_exchange_value_edit_test()'><b>aquisition_quotes_OP_OP_customer_quote_part_exchange_value_edit_test</b><br>Test class: acquisition.Acquisition_Quotes_OP_OP_used_car_For_With_Customer_Order_Flow_Test</td>
<td><div><pre>java.lang.Throwable: Method Acquisition_Quotes_OP_OP_used_car_For_With_Customer_Order_Flow_Test.aquisition_quotes_OP_OP_customer_quote_part_exchange_value_edit_test(java.lang.String,java.lang.String,java.lang.String,java.lang.String,java.lang.String,java.lang.String,java.lang.String,java.lang.String,java.lang.String,java.lang.String,java.lang.String,java.lang.String,java.lang.String)[pri:4, instance:acquisition.Acquisition_Quotes_OP_OP_used_car_For_With_Customer_Order_Flow_Test@53f3bdbd] depends on not successfully finished methods
	at java.base/java.util.ArrayList.forEach(ArrayList.java:1511)
... Removed 19 stack frames</pre></div><a href='#' onClick='toggleBox("stack-trace276961934", this, "Click to show all stack frames", "Click to hide stack frames")'>Click to show all stack frames</a>
<div class='stack-trace' id='stack-trace276961934'><pre>java.lang.Throwable: Method Acquisition_Quotes_OP_OP_used_car_For_With_Customer_Order_Flow_Test.aquisition_quotes_OP_OP_customer_quote_part_exchange_value_edit_test(java.lang.String,java.lang.String,java.lang.String,java.lang.String,java.lang.String,java.lang.String,java.lang.String,java.lang.String,java.lang.String,java.lang.String,java.lang.String,java.lang.String,java.lang.String)[pri:4, instance:acquisition.Acquisition_Quotes_OP_OP_used_car_For_With_Customer_Order_Flow_Test@53f3bdbd] depends on not successfully finished methods
	at org.testng.internal.TestInvoker.invokeTestMethods(TestInvoker.java:102)
	at org.testng.internal.TestMethodWorker.invokeTestMethods(TestMethodWorker.java:146)
	at org.testng.internal.TestMethodWorker.run(TestMethodWorker.java:128)
	at java.base/java.util.ArrayList.forEach(ArrayList.java:1511)
	at org.testng.TestRunner.privateRun(TestRunner.java:794)
	at org.testng.TestRunner.run(TestRunner.java:596)
	at org.testng.SuiteRunner.runTest(SuiteRunner.java:377)
	at org.testng.SuiteRunner.runSequentially(SuiteRunner.java:371)
	at org.testng.SuiteRunner.privateRun(SuiteRunner.java:332)
	at org.testng.SuiteRunner.run(SuiteRunner.java:276)
	at org.testng.SuiteRunnerWorker.runSuite(SuiteRunnerWorker.java:53)
	at org.testng.SuiteRunnerWorker.run(SuiteRunnerWorker.java:96)
	at org.testng.TestNG.runSuitesSequentially(TestNG.java:1212)
	at org.testng.TestNG.runSuitesSequentially(TestNG.java:1207)
	at org.testng.TestNG.runSuitesLocally(TestNG.java:1134)
	at org.testng.TestNG.runSuites(TestNG.java:1063)
	at org.testng.TestNG.run(TestNG.java:1031)
	at org.testng.remote.AbstractRemoteTestNG.run(AbstractRemoteTestNG.java:115)
	at org.testng.remote.RemoteTestNG.initAndRun(RemoteTestNG.java:251)
	at org.testng.remote.RemoteTestNG.main(RemoteTestNG.java:77)
</pre></div></td>
<td>0</td>
<td>acquisition.Acquisition_Quotes_OP_OP_used_car_For_With_Customer_Order_Flow_Test@53f3bdbd</td></tr>
<tr>
<td title='orders.Orders_Verify_Outright_Purchase_With_Customer_Flow_Test.T14_verify_payment_default_status()'><b>T14_verify_payment_default_status</b><br>Test class: orders.Orders_Verify_Outright_Purchase_With_Customer_Flow_Test</td>
<td><div><pre>java.lang.Throwable: Method Orders_Verify_Outright_Purchase_With_Customer_Flow_Test.T14_verify_payment_default_status()[pri:14, instance:orders.Orders_Verify_Outright_Purchase_With_Customer_Flow_Test@222a59e6] depends on not successfully finished methods
	at java.base/java.util.ArrayList.forEach(ArrayList.java:1511)
... Removed 19 stack frames</pre></div><a href='#' onClick='toggleBox("stack-trace562255568", this, "Click to show all stack frames", "Click to hide stack frames")'>Click to show all stack frames</a>
<div class='stack-trace' id='stack-trace562255568'><pre>java.lang.Throwable: Method Orders_Verify_Outright_Purchase_With_Customer_Flow_Test.T14_verify_payment_default_status()[pri:14, instance:orders.Orders_Verify_Outright_Purchase_With_Customer_Flow_Test@222a59e6] depends on not successfully finished methods
	at org.testng.internal.TestInvoker.invokeTestMethods(TestInvoker.java:102)
	at org.testng.internal.TestMethodWorker.invokeTestMethods(TestMethodWorker.java:146)
	at org.testng.internal.TestMethodWorker.run(TestMethodWorker.java:128)
	at java.base/java.util.ArrayList.forEach(ArrayList.java:1511)
	at org.testng.TestRunner.privateRun(TestRunner.java:794)
	at org.testng.TestRunner.run(TestRunner.java:596)
	at org.testng.SuiteRunner.runTest(SuiteRunner.java:377)
	at org.testng.SuiteRunner.runSequentially(SuiteRunner.java:371)
	at org.testng.SuiteRunner.privateRun(SuiteRunner.java:332)
	at org.testng.SuiteRunner.run(SuiteRunner.java:276)
	at org.testng.SuiteRunnerWorker.runSuite(SuiteRunnerWorker.java:53)
	at org.testng.SuiteRunnerWorker.run(SuiteRunnerWorker.java:96)
	at org.testng.TestNG.runSuitesSequentially(TestNG.java:1212)
	at org.testng.TestNG.runSuitesSequentially(TestNG.java:1207)
	at org.testng.TestNG.runSuitesLocally(TestNG.java:1134)
	at org.testng.TestNG.runSuites(TestNG.java:1063)
	at org.testng.TestNG.run(TestNG.java:1031)
	at org.testng.remote.AbstractRemoteTestNG.run(AbstractRemoteTestNG.java:115)
	at org.testng.remote.RemoteTestNG.initAndRun(RemoteTestNG.java:251)
	at org.testng.remote.RemoteTestNG.main(RemoteTestNG.java:77)
</pre></div></td>
<td>0</td>
<td>orders.Orders_Verify_Outright_Purchase_With_Customer_Flow_Test@222a59e6</td></tr>
<tr>
<td title='orders.Orders_Verify_Outright_Purchase_With_Customer_Flow_Test.T16_verify_payment_status_after_making_a_payment_on_customer_contract_tab()'><b>T16_verify_payment_status_after_making_a_payment_on_customer_contract_tab</b><br>Test class: orders.Orders_Verify_Outright_Purchase_With_Customer_Flow_Test</td>
<td><div><pre>java.lang.Throwable: Method Orders_Verify_Outright_Purchase_With_Customer_Flow_Test.T16_verify_payment_status_after_making_a_payment_on_customer_contract_tab()[pri:16, instance:orders.Orders_Verify_Outright_Purchase_With_Customer_Flow_Test@222a59e6] depends on not successfully finished methods
	at java.base/java.util.ArrayList.forEach(ArrayList.java:1511)
... Removed 19 stack frames</pre></div><a href='#' onClick='toggleBox("stack-trace2108465914", this, "Click to show all stack frames", "Click to hide stack frames")'>Click to show all stack frames</a>
<div class='stack-trace' id='stack-trace2108465914'><pre>java.lang.Throwable: Method Orders_Verify_Outright_Purchase_With_Customer_Flow_Test.T16_verify_payment_status_after_making_a_payment_on_customer_contract_tab()[pri:16, instance:orders.Orders_Verify_Outright_Purchase_With_Customer_Flow_Test@222a59e6] depends on not successfully finished methods
	at org.testng.internal.TestInvoker.invokeTestMethods(TestInvoker.java:102)
	at org.testng.internal.TestMethodWorker.invokeTestMethods(TestMethodWorker.java:146)
	at org.testng.internal.TestMethodWorker.run(TestMethodWorker.java:128)
	at java.base/java.util.ArrayList.forEach(ArrayList.java:1511)
	at org.testng.TestRunner.privateRun(TestRunner.java:794)
	at org.testng.TestRunner.run(TestRunner.java:596)
	at org.testng.SuiteRunner.runTest(SuiteRunner.java:377)
	at org.testng.SuiteRunner.runSequentially(SuiteRunner.java:371)
	at org.testng.SuiteRunner.privateRun(SuiteRunner.java:332)
	at org.testng.SuiteRunner.run(SuiteRunner.java:276)
	at org.testng.SuiteRunnerWorker.runSuite(SuiteRunnerWorker.java:53)
	at org.testng.SuiteRunnerWorker.run(SuiteRunnerWorker.java:96)
	at org.testng.TestNG.runSuitesSequentially(TestNG.java:1212)
	at org.testng.TestNG.runSuitesSequentially(TestNG.java:1207)
	at org.testng.TestNG.runSuitesLocally(TestNG.java:1134)
	at org.testng.TestNG.runSuites(TestNG.java:1063)
	at org.testng.TestNG.run(TestNG.java:1031)
	at org.testng.remote.AbstractRemoteTestNG.run(AbstractRemoteTestNG.java:115)
	at org.testng.remote.RemoteTestNG.initAndRun(RemoteTestNG.java:251)
	at org.testng.remote.RemoteTestNG.main(RemoteTestNG.java:77)
</pre></div></td>
<td>0</td>
<td>orders.Orders_Verify_Outright_Purchase_With_Customer_Flow_Test@222a59e6</td></tr>
<tr>
<td title='opportunity.LOU_OP_OP_Business_Flow_Test.L5_sending_contract()'><b>L5_sending_contract</b><br>Test class: opportunity.LOU_OP_OP_Business_Flow_Test</td>
<td><div><pre>java.lang.Throwable: Method LOU_OP_OP_Business_Flow_Test.L5_sending_contract()[pri:5, instance:opportunity.LOU_OP_OP_Business_Flow_Test@34129c78] depends on not successfully finished methods
	at java.base/java.util.ArrayList.forEach(ArrayList.java:1511)
... Removed 19 stack frames</pre></div><a href='#' onClick='toggleBox("stack-trace1963751191", this, "Click to show all stack frames", "Click to hide stack frames")'>Click to show all stack frames</a>
<div class='stack-trace' id='stack-trace1963751191'><pre>java.lang.Throwable: Method LOU_OP_OP_Business_Flow_Test.L5_sending_contract()[pri:5, instance:opportunity.LOU_OP_OP_Business_Flow_Test@34129c78] depends on not successfully finished methods
	at org.testng.internal.TestInvoker.invokeTestMethods(TestInvoker.java:102)
	at org.testng.internal.TestMethodWorker.invokeTestMethods(TestMethodWorker.java:146)
	at org.testng.internal.TestMethodWorker.run(TestMethodWorker.java:128)
	at java.base/java.util.ArrayList.forEach(ArrayList.java:1511)
	at org.testng.TestRunner.privateRun(TestRunner.java:794)
	at org.testng.TestRunner.run(TestRunner.java:596)
	at org.testng.SuiteRunner.runTest(SuiteRunner.java:377)
	at org.testng.SuiteRunner.runSequentially(SuiteRunner.java:371)
	at org.testng.SuiteRunner.privateRun(SuiteRunner.java:332)
	at org.testng.SuiteRunner.run(SuiteRunner.java:276)
	at org.testng.SuiteRunnerWorker.runSuite(SuiteRunnerWorker.java:53)
	at org.testng.SuiteRunnerWorker.run(SuiteRunnerWorker.java:96)
	at org.testng.TestNG.runSuitesSequentially(TestNG.java:1212)
	at org.testng.TestNG.runSuitesSequentially(TestNG.java:1207)
	at org.testng.TestNG.runSuitesLocally(TestNG.java:1134)
	at org.testng.TestNG.runSuites(TestNG.java:1063)
	at org.testng.TestNG.run(TestNG.java:1031)
	at org.testng.remote.AbstractRemoteTestNG.run(AbstractRemoteTestNG.java:115)
	at org.testng.remote.RemoteTestNG.initAndRun(RemoteTestNG.java:251)
	at org.testng.remote.RemoteTestNG.main(RemoteTestNG.java:77)
</pre></div></td>
<td>0</td>
<td>opportunity.LOU_OP_OP_Business_Flow_Test@34129c78</td></tr>
<tr>
<td title='orders.Orders_Verify_Outright_Purchase_With_Customer_Flow_Test.T7_verify_payment_status_should_be_reversed_to_payment_required_after_selecting_payment_by_AMT_on_vehicle_tab_test()'><b>T7_verify_payment_status_should_be_reversed_to_payment_required_after_selecting_payment_by_AMT_on_vehicle_tab_test</b><br>Test class: orders.Orders_Verify_Outright_Purchase_With_Customer_Flow_Test</td>
<td><div><pre>java.lang.Throwable: Method Orders_Verify_Outright_Purchase_With_Customer_Flow_Test.T7_verify_payment_status_should_be_reversed_to_payment_required_after_selecting_payment_by_AMT_on_vehicle_tab_test()[pri:7, instance:orders.Orders_Verify_Outright_Purchase_With_Customer_Flow_Test@222a59e6] depends on not successfully finished methods
	at java.base/java.util.ArrayList.forEach(ArrayList.java:1511)
... Removed 19 stack frames</pre></div><a href='#' onClick='toggleBox("stack-trace1045317205", this, "Click to show all stack frames", "Click to hide stack frames")'>Click to show all stack frames</a>
<div class='stack-trace' id='stack-trace1045317205'><pre>java.lang.Throwable: Method Orders_Verify_Outright_Purchase_With_Customer_Flow_Test.T7_verify_payment_status_should_be_reversed_to_payment_required_after_selecting_payment_by_AMT_on_vehicle_tab_test()[pri:7, instance:orders.Orders_Verify_Outright_Purchase_With_Customer_Flow_Test@222a59e6] depends on not successfully finished methods
	at org.testng.internal.TestInvoker.invokeTestMethods(TestInvoker.java:102)
	at org.testng.internal.TestMethodWorker.invokeTestMethods(TestMethodWorker.java:146)
	at org.testng.internal.TestMethodWorker.run(TestMethodWorker.java:128)
	at java.base/java.util.ArrayList.forEach(ArrayList.java:1511)
	at org.testng.TestRunner.privateRun(TestRunner.java:794)
	at org.testng.TestRunner.run(TestRunner.java:596)
	at org.testng.SuiteRunner.runTest(SuiteRunner.java:377)
	at org.testng.SuiteRunner.runSequentially(SuiteRunner.java:371)
	at org.testng.SuiteRunner.privateRun(SuiteRunner.java:332)
	at org.testng.SuiteRunner.run(SuiteRunner.java:276)
	at org.testng.SuiteRunnerWorker.runSuite(SuiteRunnerWorker.java:53)
	at org.testng.SuiteRunnerWorker.run(SuiteRunnerWorker.java:96)
	at org.testng.TestNG.runSuitesSequentially(TestNG.java:1212)
	at org.testng.TestNG.runSuitesSequentially(TestNG.java:1207)
	at org.testng.TestNG.runSuitesLocally(TestNG.java:1134)
	at org.testng.TestNG.runSuites(TestNG.java:1063)
	at org.testng.TestNG.run(TestNG.java:1031)
	at org.testng.remote.AbstractRemoteTestNG.run(AbstractRemoteTestNG.java:115)
	at org.testng.remote.RemoteTestNG.initAndRun(RemoteTestNG.java:251)
	at org.testng.remote.RemoteTestNG.main(RemoteTestNG.java:77)
</pre></div></td>
<td>0</td>
<td>orders.Orders_Verify_Outright_Purchase_With_Customer_Flow_Test@222a59e6</td></tr>
<tr>
<td title='orders.Orders_Verify_Outright_Purchase_With_Customer_Flow_Test.T22_verify_delivery_section_gets_enabled_when_deliver_to_customer_toggle_button_is_made_off_test()'><b>T22_verify_delivery_section_gets_enabled_when_deliver_to_customer_toggle_button_is_made_off_test</b><br>Test class: orders.Orders_Verify_Outright_Purchase_With_Customer_Flow_Test</td>
<td><div><pre>java.lang.Throwable: Method Orders_Verify_Outright_Purchase_With_Customer_Flow_Test.T22_verify_delivery_section_gets_enabled_when_deliver_to_customer_toggle_button_is_made_off_test()[pri:22, instance:orders.Orders_Verify_Outright_Purchase_With_Customer_Flow_Test@222a59e6] depends on not successfully finished methods
	at java.base/java.util.ArrayList.forEach(ArrayList.java:1511)
... Removed 19 stack frames</pre></div><a href='#' onClick='toggleBox("stack-trace283487742", this, "Click to show all stack frames", "Click to hide stack frames")'>Click to show all stack frames</a>
<div class='stack-trace' id='stack-trace283487742'><pre>java.lang.Throwable: Method Orders_Verify_Outright_Purchase_With_Customer_Flow_Test.T22_verify_delivery_section_gets_enabled_when_deliver_to_customer_toggle_button_is_made_off_test()[pri:22, instance:orders.Orders_Verify_Outright_Purchase_With_Customer_Flow_Test@222a59e6] depends on not successfully finished methods
	at org.testng.internal.TestInvoker.invokeTestMethods(TestInvoker.java:102)
	at org.testng.internal.TestMethodWorker.invokeTestMethods(TestMethodWorker.java:146)
	at org.testng.internal.TestMethodWorker.run(TestMethodWorker.java:128)
	at java.base/java.util.ArrayList.forEach(ArrayList.java:1511)
	at org.testng.TestRunner.privateRun(TestRunner.java:794)
	at org.testng.TestRunner.run(TestRunner.java:596)
	at org.testng.SuiteRunner.runTest(SuiteRunner.java:377)
	at org.testng.SuiteRunner.runSequentially(SuiteRunner.java:371)
	at org.testng.SuiteRunner.privateRun(SuiteRunner.java:332)
	at org.testng.SuiteRunner.run(SuiteRunner.java:276)
	at org.testng.SuiteRunnerWorker.runSuite(SuiteRunnerWorker.java:53)
	at org.testng.SuiteRunnerWorker.run(SuiteRunnerWorker.java:96)
	at org.testng.TestNG.runSuitesSequentially(TestNG.java:1212)
	at org.testng.TestNG.runSuitesSequentially(TestNG.java:1207)
	at org.testng.TestNG.runSuitesLocally(TestNG.java:1134)
	at org.testng.TestNG.runSuites(TestNG.java:1063)
	at org.testng.TestNG.run(TestNG.java:1031)
	at org.testng.remote.AbstractRemoteTestNG.run(AbstractRemoteTestNG.java:115)
	at org.testng.remote.RemoteTestNG.initAndRun(RemoteTestNG.java:251)
	at org.testng.remote.RemoteTestNG.main(RemoteTestNG.java:77)
</pre></div></td>
<td>0</td>
<td>orders.Orders_Verify_Outright_Purchase_With_Customer_Flow_Test@222a59e6</td></tr>
<tr>
<td title='orders.Orders_Verify_Outright_Purchase_With_Customer_Flow_Test.T25_verify_delivery_status_after_uploading_delivery_note_in_post_delivery_section_on_vehicle_order_tab_test()'><b>T25_verify_delivery_status_after_uploading_delivery_note_in_post_delivery_section_on_vehicle_order_tab_test</b><br>Test class: orders.Orders_Verify_Outright_Purchase_With_Customer_Flow_Test</td>
<td><div><pre>java.lang.Throwable: Method Orders_Verify_Outright_Purchase_With_Customer_Flow_Test.T25_verify_delivery_status_after_uploading_delivery_note_in_post_delivery_section_on_vehicle_order_tab_test()[pri:25, instance:orders.Orders_Verify_Outright_Purchase_With_Customer_Flow_Test@222a59e6] depends on not successfully finished methods
	at java.base/java.util.ArrayList.forEach(ArrayList.java:1511)
... Removed 19 stack frames</pre></div><a href='#' onClick='toggleBox("stack-trace1956542659", this, "Click to show all stack frames", "Click to hide stack frames")'>Click to show all stack frames</a>
<div class='stack-trace' id='stack-trace1956542659'><pre>java.lang.Throwable: Method Orders_Verify_Outright_Purchase_With_Customer_Flow_Test.T25_verify_delivery_status_after_uploading_delivery_note_in_post_delivery_section_on_vehicle_order_tab_test()[pri:25, instance:orders.Orders_Verify_Outright_Purchase_With_Customer_Flow_Test@222a59e6] depends on not successfully finished methods
	at org.testng.internal.TestInvoker.invokeTestMethods(TestInvoker.java:102)
	at org.testng.internal.TestMethodWorker.invokeTestMethods(TestMethodWorker.java:146)
	at org.testng.internal.TestMethodWorker.run(TestMethodWorker.java:128)
	at java.base/java.util.ArrayList.forEach(ArrayList.java:1511)
	at org.testng.TestRunner.privateRun(TestRunner.java:794)
	at org.testng.TestRunner.run(TestRunner.java:596)
	at org.testng.SuiteRunner.runTest(SuiteRunner.java:377)
	at org.testng.SuiteRunner.runSequentially(SuiteRunner.java:371)
	at org.testng.SuiteRunner.privateRun(SuiteRunner.java:332)
	at org.testng.SuiteRunner.run(SuiteRunner.java:276)
	at org.testng.SuiteRunnerWorker.runSuite(SuiteRunnerWorker.java:53)
	at org.testng.SuiteRunnerWorker.run(SuiteRunnerWorker.java:96)
	at org.testng.TestNG.runSuitesSequentially(TestNG.java:1212)
	at org.testng.TestNG.runSuitesSequentially(TestNG.java:1207)
	at org.testng.TestNG.runSuitesLocally(TestNG.java:1134)
	at org.testng.TestNG.runSuites(TestNG.java:1063)
	at org.testng.TestNG.run(TestNG.java:1031)
	at org.testng.remote.AbstractRemoteTestNG.run(AbstractRemoteTestNG.java:115)
	at org.testng.remote.RemoteTestNG.initAndRun(RemoteTestNG.java:251)
	at org.testng.remote.RemoteTestNG.main(RemoteTestNG.java:77)
</pre></div></td>
<td>0</td>
<td>orders.Orders_Verify_Outright_Purchase_With_Customer_Flow_Test@222a59e6</td></tr>
<tr>
<td title='orders.Orders_Verify_Outright_Purchase_With_Customer_Flow_Test.T13_verify_payment_section_values()'><b>T13_verify_payment_section_values</b><br>Test class: orders.Orders_Verify_Outright_Purchase_With_Customer_Flow_Test</td>
<td><div><pre>java.lang.Throwable: Method Orders_Verify_Outright_Purchase_With_Customer_Flow_Test.T13_verify_payment_section_values()[pri:13, instance:orders.Orders_Verify_Outright_Purchase_With_Customer_Flow_Test@222a59e6] depends on not successfully finished methods
	at java.base/java.util.ArrayList.forEach(ArrayList.java:1511)
... Removed 19 stack frames</pre></div><a href='#' onClick='toggleBox("stack-trace1301898950", this, "Click to show all stack frames", "Click to hide stack frames")'>Click to show all stack frames</a>
<div class='stack-trace' id='stack-trace1301898950'><pre>java.lang.Throwable: Method Orders_Verify_Outright_Purchase_With_Customer_Flow_Test.T13_verify_payment_section_values()[pri:13, instance:orders.Orders_Verify_Outright_Purchase_With_Customer_Flow_Test@222a59e6] depends on not successfully finished methods
	at org.testng.internal.TestInvoker.invokeTestMethods(TestInvoker.java:102)
	at org.testng.internal.TestMethodWorker.invokeTestMethods(TestMethodWorker.java:146)
	at org.testng.internal.TestMethodWorker.run(TestMethodWorker.java:128)
	at java.base/java.util.ArrayList.forEach(ArrayList.java:1511)
	at org.testng.TestRunner.privateRun(TestRunner.java:794)
	at org.testng.TestRunner.run(TestRunner.java:596)
	at org.testng.SuiteRunner.runTest(SuiteRunner.java:377)
	at org.testng.SuiteRunner.runSequentially(SuiteRunner.java:371)
	at org.testng.SuiteRunner.privateRun(SuiteRunner.java:332)
	at org.testng.SuiteRunner.run(SuiteRunner.java:276)
	at org.testng.SuiteRunnerWorker.runSuite(SuiteRunnerWorker.java:53)
	at org.testng.SuiteRunnerWorker.run(SuiteRunnerWorker.java:96)
	at org.testng.TestNG.runSuitesSequentially(TestNG.java:1212)
	at org.testng.TestNG.runSuitesSequentially(TestNG.java:1207)
	at org.testng.TestNG.runSuitesLocally(TestNG.java:1134)
	at org.testng.TestNG.runSuites(TestNG.java:1063)
	at org.testng.TestNG.run(TestNG.java:1031)
	at org.testng.remote.AbstractRemoteTestNG.run(AbstractRemoteTestNG.java:115)
	at org.testng.remote.RemoteTestNG.initAndRun(RemoteTestNG.java:251)
	at org.testng.remote.RemoteTestNG.main(RemoteTestNG.java:77)
</pre></div></td>
<td>0</td>
<td>orders.Orders_Verify_Outright_Purchase_With_Customer_Flow_Test@222a59e6</td></tr>
<tr>
<td title='orders.Orders_Verify_Outright_Purchase_With_Customer_Flow_Test.T18_verify_delivery_status_after_selecting_confirmed_delivery_date_in_delivery_section_of_customer_contract_test()'><b>T18_verify_delivery_status_after_selecting_confirmed_delivery_date_in_delivery_section_of_customer_contract_test</b><br>Test class: orders.Orders_Verify_Outright_Purchase_With_Customer_Flow_Test</td>
<td><div><pre>java.lang.Throwable: Method Orders_Verify_Outright_Purchase_With_Customer_Flow_Test.T18_verify_delivery_status_after_selecting_confirmed_delivery_date_in_delivery_section_of_customer_contract_test()[pri:18, instance:orders.Orders_Verify_Outright_Purchase_With_Customer_Flow_Test@222a59e6] depends on not successfully finished methods
	at java.base/java.util.ArrayList.forEach(ArrayList.java:1511)
... Removed 19 stack frames</pre></div><a href='#' onClick='toggleBox("stack-trace2025781921", this, "Click to show all stack frames", "Click to hide stack frames")'>Click to show all stack frames</a>
<div class='stack-trace' id='stack-trace2025781921'><pre>java.lang.Throwable: Method Orders_Verify_Outright_Purchase_With_Customer_Flow_Test.T18_verify_delivery_status_after_selecting_confirmed_delivery_date_in_delivery_section_of_customer_contract_test()[pri:18, instance:orders.Orders_Verify_Outright_Purchase_With_Customer_Flow_Test@222a59e6] depends on not successfully finished methods
	at org.testng.internal.TestInvoker.invokeTestMethods(TestInvoker.java:102)
	at org.testng.internal.TestMethodWorker.invokeTestMethods(TestMethodWorker.java:146)
	at org.testng.internal.TestMethodWorker.run(TestMethodWorker.java:128)
	at java.base/java.util.ArrayList.forEach(ArrayList.java:1511)
	at org.testng.TestRunner.privateRun(TestRunner.java:794)
	at org.testng.TestRunner.run(TestRunner.java:596)
	at org.testng.SuiteRunner.runTest(SuiteRunner.java:377)
	at org.testng.SuiteRunner.runSequentially(SuiteRunner.java:371)
	at org.testng.SuiteRunner.privateRun(SuiteRunner.java:332)
	at org.testng.SuiteRunner.run(SuiteRunner.java:276)
	at org.testng.SuiteRunnerWorker.runSuite(SuiteRunnerWorker.java:53)
	at org.testng.SuiteRunnerWorker.run(SuiteRunnerWorker.java:96)
	at org.testng.TestNG.runSuitesSequentially(TestNG.java:1212)
	at org.testng.TestNG.runSuitesSequentially(TestNG.java:1207)
	at org.testng.TestNG.runSuitesLocally(TestNG.java:1134)
	at org.testng.TestNG.runSuites(TestNG.java:1063)
	at org.testng.TestNG.run(TestNG.java:1031)
	at org.testng.remote.AbstractRemoteTestNG.run(AbstractRemoteTestNG.java:115)
	at org.testng.remote.RemoteTestNG.initAndRun(RemoteTestNG.java:251)
	at org.testng.remote.RemoteTestNG.main(RemoteTestNG.java:77)
</pre></div></td>
<td>0</td>
<td>orders.Orders_Verify_Outright_Purchase_With_Customer_Flow_Test@222a59e6</td></tr>
<tr>
<td title='orders.Orders_Verify_Outright_Purchase_With_Customer_Flow_Test.T6_verify_payment_status_after_selecting_payment_sent_date_on_vehicle_tab_test()'><b>T6_verify_payment_status_after_selecting_payment_sent_date_on_vehicle_tab_test</b><br>Test class: orders.Orders_Verify_Outright_Purchase_With_Customer_Flow_Test</td>
<td><div><pre>java.lang.Throwable: Method Orders_Verify_Outright_Purchase_With_Customer_Flow_Test.T6_verify_payment_status_after_selecting_payment_sent_date_on_vehicle_tab_test()[pri:6, instance:orders.Orders_Verify_Outright_Purchase_With_Customer_Flow_Test@222a59e6] depends on not successfully finished methods
	at java.base/java.util.ArrayList.forEach(ArrayList.java:1511)
... Removed 19 stack frames</pre></div><a href='#' onClick='toggleBox("stack-trace1847573693", this, "Click to show all stack frames", "Click to hide stack frames")'>Click to show all stack frames</a>
<div class='stack-trace' id='stack-trace1847573693'><pre>java.lang.Throwable: Method Orders_Verify_Outright_Purchase_With_Customer_Flow_Test.T6_verify_payment_status_after_selecting_payment_sent_date_on_vehicle_tab_test()[pri:6, instance:orders.Orders_Verify_Outright_Purchase_With_Customer_Flow_Test@222a59e6] depends on not successfully finished methods
	at org.testng.internal.TestInvoker.invokeTestMethods(TestInvoker.java:102)
	at org.testng.internal.TestMethodWorker.invokeTestMethods(TestMethodWorker.java:146)
	at org.testng.internal.TestMethodWorker.run(TestMethodWorker.java:128)
	at java.base/java.util.ArrayList.forEach(ArrayList.java:1511)
	at org.testng.TestRunner.privateRun(TestRunner.java:794)
	at org.testng.TestRunner.run(TestRunner.java:596)
	at org.testng.SuiteRunner.runTest(SuiteRunner.java:377)
	at org.testng.SuiteRunner.runSequentially(SuiteRunner.java:371)
	at org.testng.SuiteRunner.privateRun(SuiteRunner.java:332)
	at org.testng.SuiteRunner.run(SuiteRunner.java:276)
	at org.testng.SuiteRunnerWorker.runSuite(SuiteRunnerWorker.java:53)
	at org.testng.SuiteRunnerWorker.run(SuiteRunnerWorker.java:96)
	at org.testng.TestNG.runSuitesSequentially(TestNG.java:1212)
	at org.testng.TestNG.runSuitesSequentially(TestNG.java:1207)
	at org.testng.TestNG.runSuitesLocally(TestNG.java:1134)
	at org.testng.TestNG.runSuites(TestNG.java:1063)
	at org.testng.TestNG.run(TestNG.java:1031)
	at org.testng.remote.AbstractRemoteTestNG.run(AbstractRemoteTestNG.java:115)
	at org.testng.remote.RemoteTestNG.initAndRun(RemoteTestNG.java:251)
	at org.testng.remote.RemoteTestNG.main(RemoteTestNG.java:77)
</pre></div></td>
<td>0</td>
<td>orders.Orders_Verify_Outright_Purchase_With_Customer_Flow_Test@222a59e6</td></tr>
<tr>
<td title='orders.Orders_Verify_Outright_Purchase_With_Customer_Flow_Test.T23_verify_delivery_status_after_selecting_date_offered_in_delivery_section_of_vehicle_order_tab_test()'><b>T23_verify_delivery_status_after_selecting_date_offered_in_delivery_section_of_vehicle_order_tab_test</b><br>Test class: orders.Orders_Verify_Outright_Purchase_With_Customer_Flow_Test</td>
<td><div><pre>java.lang.Throwable: Method Orders_Verify_Outright_Purchase_With_Customer_Flow_Test.T23_verify_delivery_status_after_selecting_date_offered_in_delivery_section_of_vehicle_order_tab_test()[pri:23, instance:orders.Orders_Verify_Outright_Purchase_With_Customer_Flow_Test@222a59e6] depends on not successfully finished methods
	at java.base/java.util.ArrayList.forEach(ArrayList.java:1511)
... Removed 19 stack frames</pre></div><a href='#' onClick='toggleBox("stack-trace879564303", this, "Click to show all stack frames", "Click to hide stack frames")'>Click to show all stack frames</a>
<div class='stack-trace' id='stack-trace879564303'><pre>java.lang.Throwable: Method Orders_Verify_Outright_Purchase_With_Customer_Flow_Test.T23_verify_delivery_status_after_selecting_date_offered_in_delivery_section_of_vehicle_order_tab_test()[pri:23, instance:orders.Orders_Verify_Outright_Purchase_With_Customer_Flow_Test@222a59e6] depends on not successfully finished methods
	at org.testng.internal.TestInvoker.invokeTestMethods(TestInvoker.java:102)
	at org.testng.internal.TestMethodWorker.invokeTestMethods(TestMethodWorker.java:146)
	at org.testng.internal.TestMethodWorker.run(TestMethodWorker.java:128)
	at java.base/java.util.ArrayList.forEach(ArrayList.java:1511)
	at org.testng.TestRunner.privateRun(TestRunner.java:794)
	at org.testng.TestRunner.run(TestRunner.java:596)
	at org.testng.SuiteRunner.runTest(SuiteRunner.java:377)
	at org.testng.SuiteRunner.runSequentially(SuiteRunner.java:371)
	at org.testng.SuiteRunner.privateRun(SuiteRunner.java:332)
	at org.testng.SuiteRunner.run(SuiteRunner.java:276)
	at org.testng.SuiteRunnerWorker.runSuite(SuiteRunnerWorker.java:53)
	at org.testng.SuiteRunnerWorker.run(SuiteRunnerWorker.java:96)
	at org.testng.TestNG.runSuitesSequentially(TestNG.java:1212)
	at org.testng.TestNG.runSuitesSequentially(TestNG.java:1207)
	at org.testng.TestNG.runSuitesLocally(TestNG.java:1134)
	at org.testng.TestNG.runSuites(TestNG.java:1063)
	at org.testng.TestNG.run(TestNG.java:1031)
	at org.testng.remote.AbstractRemoteTestNG.run(AbstractRemoteTestNG.java:115)
	at org.testng.remote.RemoteTestNG.initAndRun(RemoteTestNG.java:251)
	at org.testng.remote.RemoteTestNG.main(RemoteTestNG.java:77)
</pre></div></td>
<td>0</td>
<td>orders.Orders_Verify_Outright_Purchase_With_Customer_Flow_Test@222a59e6</td></tr>
<tr>
<td title='orders.Orders_Verify_Outright_Purchase_With_Customer_Flow_Test.T24_verify_delivery_status_after_selecting_confirmed_delivery_date_in_delivery_section_of_vehicle_tab_test()'><b>T24_verify_delivery_status_after_selecting_confirmed_delivery_date_in_delivery_section_of_vehicle_tab_test</b><br>Test class: orders.Orders_Verify_Outright_Purchase_With_Customer_Flow_Test</td>
<td><div><pre>java.lang.Throwable: Method Orders_Verify_Outright_Purchase_With_Customer_Flow_Test.T24_verify_delivery_status_after_selecting_confirmed_delivery_date_in_delivery_section_of_vehicle_tab_test()[pri:24, instance:orders.Orders_Verify_Outright_Purchase_With_Customer_Flow_Test@222a59e6] depends on not successfully finished methods
	at java.base/java.util.ArrayList.forEach(ArrayList.java:1511)
... Removed 19 stack frames</pre></div><a href='#' onClick='toggleBox("stack-trace742204696", this, "Click to show all stack frames", "Click to hide stack frames")'>Click to show all stack frames</a>
<div class='stack-trace' id='stack-trace742204696'><pre>java.lang.Throwable: Method Orders_Verify_Outright_Purchase_With_Customer_Flow_Test.T24_verify_delivery_status_after_selecting_confirmed_delivery_date_in_delivery_section_of_vehicle_tab_test()[pri:24, instance:orders.Orders_Verify_Outright_Purchase_With_Customer_Flow_Test@222a59e6] depends on not successfully finished methods
	at org.testng.internal.TestInvoker.invokeTestMethods(TestInvoker.java:102)
	at org.testng.internal.TestMethodWorker.invokeTestMethods(TestMethodWorker.java:146)
	at org.testng.internal.TestMethodWorker.run(TestMethodWorker.java:128)
	at java.base/java.util.ArrayList.forEach(ArrayList.java:1511)
	at org.testng.TestRunner.privateRun(TestRunner.java:794)
	at org.testng.TestRunner.run(TestRunner.java:596)
	at org.testng.SuiteRunner.runTest(SuiteRunner.java:377)
	at org.testng.SuiteRunner.runSequentially(SuiteRunner.java:371)
	at org.testng.SuiteRunner.privateRun(SuiteRunner.java:332)
	at org.testng.SuiteRunner.run(SuiteRunner.java:276)
	at org.testng.SuiteRunnerWorker.runSuite(SuiteRunnerWorker.java:53)
	at org.testng.SuiteRunnerWorker.run(SuiteRunnerWorker.java:96)
	at org.testng.TestNG.runSuitesSequentially(TestNG.java:1212)
	at org.testng.TestNG.runSuitesSequentially(TestNG.java:1207)
	at org.testng.TestNG.runSuitesLocally(TestNG.java:1134)
	at org.testng.TestNG.runSuites(TestNG.java:1063)
	at org.testng.TestNG.run(TestNG.java:1031)
	at org.testng.remote.AbstractRemoteTestNG.run(AbstractRemoteTestNG.java:115)
	at org.testng.remote.RemoteTestNG.initAndRun(RemoteTestNG.java:251)
	at org.testng.remote.RemoteTestNG.main(RemoteTestNG.java:77)
</pre></div></td>
<td>0</td>
<td>orders.Orders_Verify_Outright_Purchase_With_Customer_Flow_Test@222a59e6</td></tr>
<tr>
<td title='acquisition.Acquisition_Quotes_OP_OP_used_car_For_With_Customer_Order_Flow_Test.aquisition_quotes_OP_OP_quote_summary_values_verification_with_maintenance_test()'><b>aquisition_quotes_OP_OP_quote_summary_values_verification_with_maintenance_test</b><br>Test class: acquisition.Acquisition_Quotes_OP_OP_used_car_For_With_Customer_Order_Flow_Test</td>
<td><div><pre>java.lang.Throwable: Method Acquisition_Quotes_OP_OP_used_car_For_With_Customer_Order_Flow_Test.aquisition_quotes_OP_OP_quote_summary_values_verification_with_maintenance_test(java.lang.String,java.lang.String,java.lang.String,java.lang.String,java.lang.String,java.lang.String,java.lang.String,java.lang.String,java.lang.String,java.lang.String,java.lang.String,java.lang.String,java.lang.String)[pri:5, instance:acquisition.Acquisition_Quotes_OP_OP_used_car_For_With_Customer_Order_Flow_Test@53f3bdbd] depends on not successfully finished methods
	at java.base/java.util.ArrayList.forEach(ArrayList.java:1511)
... Removed 19 stack frames</pre></div><a href='#' onClick='toggleBox("stack-trace1951742578", this, "Click to show all stack frames", "Click to hide stack frames")'>Click to show all stack frames</a>
<div class='stack-trace' id='stack-trace1951742578'><pre>java.lang.Throwable: Method Acquisition_Quotes_OP_OP_used_car_For_With_Customer_Order_Flow_Test.aquisition_quotes_OP_OP_quote_summary_values_verification_with_maintenance_test(java.lang.String,java.lang.String,java.lang.String,java.lang.String,java.lang.String,java.lang.String,java.lang.String,java.lang.String,java.lang.String,java.lang.String,java.lang.String,java.lang.String,java.lang.String)[pri:5, instance:acquisition.Acquisition_Quotes_OP_OP_used_car_For_With_Customer_Order_Flow_Test@53f3bdbd] depends on not successfully finished methods
	at org.testng.internal.TestInvoker.invokeTestMethods(TestInvoker.java:102)
	at org.testng.internal.TestMethodWorker.invokeTestMethods(TestMethodWorker.java:146)
	at org.testng.internal.TestMethodWorker.run(TestMethodWorker.java:128)
	at java.base/java.util.ArrayList.forEach(ArrayList.java:1511)
	at org.testng.TestRunner.privateRun(TestRunner.java:794)
	at org.testng.TestRunner.run(TestRunner.java:596)
	at org.testng.SuiteRunner.runTest(SuiteRunner.java:377)
	at org.testng.SuiteRunner.runSequentially(SuiteRunner.java:371)
	at org.testng.SuiteRunner.privateRun(SuiteRunner.java:332)
	at org.testng.SuiteRunner.run(SuiteRunner.java:276)
	at org.testng.SuiteRunnerWorker.runSuite(SuiteRunnerWorker.java:53)
	at org.testng.SuiteRunnerWorker.run(SuiteRunnerWorker.java:96)
	at org.testng.TestNG.runSuitesSequentially(TestNG.java:1212)
	at org.testng.TestNG.runSuitesSequentially(TestNG.java:1207)
	at org.testng.TestNG.runSuitesLocally(TestNG.java:1134)
	at org.testng.TestNG.runSuites(TestNG.java:1063)
	at org.testng.TestNG.run(TestNG.java:1031)
	at org.testng.remote.AbstractRemoteTestNG.run(AbstractRemoteTestNG.java:115)
	at org.testng.remote.RemoteTestNG.initAndRun(RemoteTestNG.java:251)
	at org.testng.remote.RemoteTestNG.main(RemoteTestNG.java:77)
</pre></div></td>
<td>0</td>
<td>acquisition.Acquisition_Quotes_OP_OP_used_car_For_With_Customer_Order_Flow_Test@53f3bdbd</td></tr>
<tr>
<td title='opportunity.LOU_OP_OP_Business_Flow_Test.L8_verify_status_after_contract_signed()'><b>L8_verify_status_after_contract_signed</b><br>Test class: opportunity.LOU_OP_OP_Business_Flow_Test</td>
<td><div><pre>java.lang.Throwable: Method LOU_OP_OP_Business_Flow_Test.L8_verify_status_after_contract_signed()[pri:8, instance:opportunity.LOU_OP_OP_Business_Flow_Test@34129c78] depends on not successfully finished methods
	at java.base/java.util.ArrayList.forEach(ArrayList.java:1511)
... Removed 19 stack frames</pre></div><a href='#' onClick='toggleBox("stack-trace627779660", this, "Click to show all stack frames", "Click to hide stack frames")'>Click to show all stack frames</a>
<div class='stack-trace' id='stack-trace627779660'><pre>java.lang.Throwable: Method LOU_OP_OP_Business_Flow_Test.L8_verify_status_after_contract_signed()[pri:8, instance:opportunity.LOU_OP_OP_Business_Flow_Test@34129c78] depends on not successfully finished methods
	at org.testng.internal.TestInvoker.invokeTestMethods(TestInvoker.java:102)
	at org.testng.internal.TestMethodWorker.invokeTestMethods(TestMethodWorker.java:146)
	at org.testng.internal.TestMethodWorker.run(TestMethodWorker.java:128)
	at java.base/java.util.ArrayList.forEach(ArrayList.java:1511)
	at org.testng.TestRunner.privateRun(TestRunner.java:794)
	at org.testng.TestRunner.run(TestRunner.java:596)
	at org.testng.SuiteRunner.runTest(SuiteRunner.java:377)
	at org.testng.SuiteRunner.runSequentially(SuiteRunner.java:371)
	at org.testng.SuiteRunner.privateRun(SuiteRunner.java:332)
	at org.testng.SuiteRunner.run(SuiteRunner.java:276)
	at org.testng.SuiteRunnerWorker.runSuite(SuiteRunnerWorker.java:53)
	at org.testng.SuiteRunnerWorker.run(SuiteRunnerWorker.java:96)
	at org.testng.TestNG.runSuitesSequentially(TestNG.java:1212)
	at org.testng.TestNG.runSuitesSequentially(TestNG.java:1207)
	at org.testng.TestNG.runSuitesLocally(TestNG.java:1134)
	at org.testng.TestNG.runSuites(TestNG.java:1063)
	at org.testng.TestNG.run(TestNG.java:1031)
	at org.testng.remote.AbstractRemoteTestNG.run(AbstractRemoteTestNG.java:115)
	at org.testng.remote.RemoteTestNG.initAndRun(RemoteTestNG.java:251)
	at org.testng.remote.RemoteTestNG.main(RemoteTestNG.java:77)
</pre></div></td>
<td>0</td>
<td>opportunity.LOU_OP_OP_Business_Flow_Test@34129c78</td></tr>
<tr>
<td title='orders.Orders_Verify_Outright_Purchase_With_Customer_Flow_Test.T11_verify_status_cash_purchase_completed()'><b>T11_verify_status_cash_purchase_completed</b><br>Test class: orders.Orders_Verify_Outright_Purchase_With_Customer_Flow_Test</td>
<td><div><pre>java.lang.Throwable: Method Orders_Verify_Outright_Purchase_With_Customer_Flow_Test.T11_verify_status_cash_purchase_completed()[pri:11, instance:orders.Orders_Verify_Outright_Purchase_With_Customer_Flow_Test@222a59e6] depends on not successfully finished methods
	at java.base/java.util.ArrayList.forEach(ArrayList.java:1511)
... Removed 19 stack frames</pre></div><a href='#' onClick='toggleBox("stack-trace2131717478", this, "Click to show all stack frames", "Click to hide stack frames")'>Click to show all stack frames</a>
<div class='stack-trace' id='stack-trace2131717478'><pre>java.lang.Throwable: Method Orders_Verify_Outright_Purchase_With_Customer_Flow_Test.T11_verify_status_cash_purchase_completed()[pri:11, instance:orders.Orders_Verify_Outright_Purchase_With_Customer_Flow_Test@222a59e6] depends on not successfully finished methods
	at org.testng.internal.TestInvoker.invokeTestMethods(TestInvoker.java:102)
	at org.testng.internal.TestMethodWorker.invokeTestMethods(TestMethodWorker.java:146)
	at org.testng.internal.TestMethodWorker.run(TestMethodWorker.java:128)
	at java.base/java.util.ArrayList.forEach(ArrayList.java:1511)
	at org.testng.TestRunner.privateRun(TestRunner.java:794)
	at org.testng.TestRunner.run(TestRunner.java:596)
	at org.testng.SuiteRunner.runTest(SuiteRunner.java:377)
	at org.testng.SuiteRunner.runSequentially(SuiteRunner.java:371)
	at org.testng.SuiteRunner.privateRun(SuiteRunner.java:332)
	at org.testng.SuiteRunner.run(SuiteRunner.java:276)
	at org.testng.SuiteRunnerWorker.runSuite(SuiteRunnerWorker.java:53)
	at org.testng.SuiteRunnerWorker.run(SuiteRunnerWorker.java:96)
	at org.testng.TestNG.runSuitesSequentially(TestNG.java:1212)
	at org.testng.TestNG.runSuitesSequentially(TestNG.java:1207)
	at org.testng.TestNG.runSuitesLocally(TestNG.java:1134)
	at org.testng.TestNG.runSuites(TestNG.java:1063)
	at org.testng.TestNG.run(TestNG.java:1031)
	at org.testng.remote.AbstractRemoteTestNG.run(AbstractRemoteTestNG.java:115)
	at org.testng.remote.RemoteTestNG.initAndRun(RemoteTestNG.java:251)
	at org.testng.remote.RemoteTestNG.main(RemoteTestNG.java:77)
</pre></div></td>
<td>0</td>
<td>orders.Orders_Verify_Outright_Purchase_With_Customer_Flow_Test@222a59e6</td></tr>
<tr>
<td title='opportunity.LOU_OP_OP_Business_Flow_Test.L6_verify_current_status_on_opportunity_page_after_sending_contract_for_broker_business_flow()'><b>L6_verify_current_status_on_opportunity_page_after_sending_contract_for_broker_business_flow</b><br>Test class: opportunity.LOU_OP_OP_Business_Flow_Test</td>
<td><div><pre>java.lang.Throwable: Method LOU_OP_OP_Business_Flow_Test.L6_verify_current_status_on_opportunity_page_after_sending_contract_for_broker_business_flow()[pri:6, instance:opportunity.LOU_OP_OP_Business_Flow_Test@34129c78] depends on not successfully finished methods
	at java.base/java.util.ArrayList.forEach(ArrayList.java:1511)
... Removed 19 stack frames</pre></div><a href='#' onClick='toggleBox("stack-trace528693487", this, "Click to show all stack frames", "Click to hide stack frames")'>Click to show all stack frames</a>
<div class='stack-trace' id='stack-trace528693487'><pre>java.lang.Throwable: Method LOU_OP_OP_Business_Flow_Test.L6_verify_current_status_on_opportunity_page_after_sending_contract_for_broker_business_flow()[pri:6, instance:opportunity.LOU_OP_OP_Business_Flow_Test@34129c78] depends on not successfully finished methods
	at org.testng.internal.TestInvoker.invokeTestMethods(TestInvoker.java:102)
	at org.testng.internal.TestMethodWorker.invokeTestMethods(TestMethodWorker.java:146)
	at org.testng.internal.TestMethodWorker.run(TestMethodWorker.java:128)
	at java.base/java.util.ArrayList.forEach(ArrayList.java:1511)
	at org.testng.TestRunner.privateRun(TestRunner.java:794)
	at org.testng.TestRunner.run(TestRunner.java:596)
	at org.testng.SuiteRunner.runTest(SuiteRunner.java:377)
	at org.testng.SuiteRunner.runSequentially(SuiteRunner.java:371)
	at org.testng.SuiteRunner.privateRun(SuiteRunner.java:332)
	at org.testng.SuiteRunner.run(SuiteRunner.java:276)
	at org.testng.SuiteRunnerWorker.runSuite(SuiteRunnerWorker.java:53)
	at org.testng.SuiteRunnerWorker.run(SuiteRunnerWorker.java:96)
	at org.testng.TestNG.runSuitesSequentially(TestNG.java:1212)
	at org.testng.TestNG.runSuitesSequentially(TestNG.java:1207)
	at org.testng.TestNG.runSuitesLocally(TestNG.java:1134)
	at org.testng.TestNG.runSuites(TestNG.java:1063)
	at org.testng.TestNG.run(TestNG.java:1031)
	at org.testng.remote.AbstractRemoteTestNG.run(AbstractRemoteTestNG.java:115)
	at org.testng.remote.RemoteTestNG.initAndRun(RemoteTestNG.java:251)
	at org.testng.remote.RemoteTestNG.main(RemoteTestNG.java:77)
</pre></div></td>
<td>0</td>
<td>opportunity.LOU_OP_OP_Business_Flow_Test@34129c78</td></tr>
<tr>
<td title='opportunity.LOU_OP_OP_Business_Flow_Test.L2_current_status_before_sending_to_proposal()'><b>L2_current_status_before_sending_to_proposal</b><br>Test class: opportunity.LOU_OP_OP_Business_Flow_Test</td>
<td><div><pre>java.lang.Throwable: Method LOU_OP_OP_Business_Flow_Test.L2_current_status_before_sending_to_proposal()[pri:2, instance:opportunity.LOU_OP_OP_Business_Flow_Test@34129c78] depends on not successfully finished methods
	at java.base/java.util.ArrayList.forEach(ArrayList.java:1511)
... Removed 19 stack frames</pre></div><a href='#' onClick='toggleBox("stack-trace1346816555", this, "Click to show all stack frames", "Click to hide stack frames")'>Click to show all stack frames</a>
<div class='stack-trace' id='stack-trace1346816555'><pre>java.lang.Throwable: Method LOU_OP_OP_Business_Flow_Test.L2_current_status_before_sending_to_proposal()[pri:2, instance:opportunity.LOU_OP_OP_Business_Flow_Test@34129c78] depends on not successfully finished methods
	at org.testng.internal.TestInvoker.invokeTestMethods(TestInvoker.java:102)
	at org.testng.internal.TestMethodWorker.invokeTestMethods(TestMethodWorker.java:146)
	at org.testng.internal.TestMethodWorker.run(TestMethodWorker.java:128)
	at java.base/java.util.ArrayList.forEach(ArrayList.java:1511)
	at org.testng.TestRunner.privateRun(TestRunner.java:794)
	at org.testng.TestRunner.run(TestRunner.java:596)
	at org.testng.SuiteRunner.runTest(SuiteRunner.java:377)
	at org.testng.SuiteRunner.runSequentially(SuiteRunner.java:371)
	at org.testng.SuiteRunner.privateRun(SuiteRunner.java:332)
	at org.testng.SuiteRunner.run(SuiteRunner.java:276)
	at org.testng.SuiteRunnerWorker.runSuite(SuiteRunnerWorker.java:53)
	at org.testng.SuiteRunnerWorker.run(SuiteRunnerWorker.java:96)
	at org.testng.TestNG.runSuitesSequentially(TestNG.java:1212)
	at org.testng.TestNG.runSuitesSequentially(TestNG.java:1207)
	at org.testng.TestNG.runSuitesLocally(TestNG.java:1134)
	at org.testng.TestNG.runSuites(TestNG.java:1063)
	at org.testng.TestNG.run(TestNG.java:1031)
	at org.testng.remote.AbstractRemoteTestNG.run(AbstractRemoteTestNG.java:115)
	at org.testng.remote.RemoteTestNG.initAndRun(RemoteTestNG.java:251)
	at org.testng.remote.RemoteTestNG.main(RemoteTestNG.java:77)
</pre></div></td>
<td>0</td>
<td>opportunity.LOU_OP_OP_Business_Flow_Test@34129c78</td></tr>
<tr>
<td title='orders.Orders_Verify_Outright_Purchase_With_Customer_Flow_Test.T17_verify_delivery_status_after_selecting_date_offered_in_delivery_section_of_customer_contract_tab_test()'><b>T17_verify_delivery_status_after_selecting_date_offered_in_delivery_section_of_customer_contract_tab_test</b><br>Test class: orders.Orders_Verify_Outright_Purchase_With_Customer_Flow_Test</td>
<td><div><pre>java.lang.Throwable: Method Orders_Verify_Outright_Purchase_With_Customer_Flow_Test.T17_verify_delivery_status_after_selecting_date_offered_in_delivery_section_of_customer_contract_tab_test()[pri:17, instance:orders.Orders_Verify_Outright_Purchase_With_Customer_Flow_Test@222a59e6] depends on not successfully finished methods
	at java.base/java.util.ArrayList.forEach(ArrayList.java:1511)
... Removed 19 stack frames</pre></div><a href='#' onClick='toggleBox("stack-trace874666767", this, "Click to show all stack frames", "Click to hide stack frames")'>Click to show all stack frames</a>
<div class='stack-trace' id='stack-trace874666767'><pre>java.lang.Throwable: Method Orders_Verify_Outright_Purchase_With_Customer_Flow_Test.T17_verify_delivery_status_after_selecting_date_offered_in_delivery_section_of_customer_contract_tab_test()[pri:17, instance:orders.Orders_Verify_Outright_Purchase_With_Customer_Flow_Test@222a59e6] depends on not successfully finished methods
	at org.testng.internal.TestInvoker.invokeTestMethods(TestInvoker.java:102)
	at org.testng.internal.TestMethodWorker.invokeTestMethods(TestMethodWorker.java:146)
	at org.testng.internal.TestMethodWorker.run(TestMethodWorker.java:128)
	at java.base/java.util.ArrayList.forEach(ArrayList.java:1511)
	at org.testng.TestRunner.privateRun(TestRunner.java:794)
	at org.testng.TestRunner.run(TestRunner.java:596)
	at org.testng.SuiteRunner.runTest(SuiteRunner.java:377)
	at org.testng.SuiteRunner.runSequentially(SuiteRunner.java:371)
	at org.testng.SuiteRunner.privateRun(SuiteRunner.java:332)
	at org.testng.SuiteRunner.run(SuiteRunner.java:276)
	at org.testng.SuiteRunnerWorker.runSuite(SuiteRunnerWorker.java:53)
	at org.testng.SuiteRunnerWorker.run(SuiteRunnerWorker.java:96)
	at org.testng.TestNG.runSuitesSequentially(TestNG.java:1212)
	at org.testng.TestNG.runSuitesSequentially(TestNG.java:1207)
	at org.testng.TestNG.runSuitesLocally(TestNG.java:1134)
	at org.testng.TestNG.runSuites(TestNG.java:1063)
	at org.testng.TestNG.run(TestNG.java:1031)
	at org.testng.remote.AbstractRemoteTestNG.run(AbstractRemoteTestNG.java:115)
	at org.testng.remote.RemoteTestNG.initAndRun(RemoteTestNG.java:251)
	at org.testng.remote.RemoteTestNG.main(RemoteTestNG.java:77)
</pre></div></td>
<td>0</td>
<td>orders.Orders_Verify_Outright_Purchase_With_Customer_Flow_Test@222a59e6</td></tr>
<tr>
<td title='opportunity.LOU_OP_OP_Business_Flow_Test.L7_verify_signed_contract_status_with_api_call()'><b>L7_verify_signed_contract_status_with_api_call</b><br>Test class: opportunity.LOU_OP_OP_Business_Flow_Test</td>
<td><div><pre>java.lang.Throwable: Method LOU_OP_OP_Business_Flow_Test.L7_verify_signed_contract_status_with_api_call()[pri:7, instance:opportunity.LOU_OP_OP_Business_Flow_Test@34129c78] depends on not successfully finished methods
	at java.base/java.util.ArrayList.forEach(ArrayList.java:1511)
... Removed 19 stack frames</pre></div><a href='#' onClick='toggleBox("stack-trace1792548534", this, "Click to show all stack frames", "Click to hide stack frames")'>Click to show all stack frames</a>
<div class='stack-trace' id='stack-trace1792548534'><pre>java.lang.Throwable: Method LOU_OP_OP_Business_Flow_Test.L7_verify_signed_contract_status_with_api_call()[pri:7, instance:opportunity.LOU_OP_OP_Business_Flow_Test@34129c78] depends on not successfully finished methods
	at org.testng.internal.TestInvoker.invokeTestMethods(TestInvoker.java:102)
	at org.testng.internal.TestMethodWorker.invokeTestMethods(TestMethodWorker.java:146)
	at org.testng.internal.TestMethodWorker.run(TestMethodWorker.java:128)
	at java.base/java.util.ArrayList.forEach(ArrayList.java:1511)
	at org.testng.TestRunner.privateRun(TestRunner.java:794)
	at org.testng.TestRunner.run(TestRunner.java:596)
	at org.testng.SuiteRunner.runTest(SuiteRunner.java:377)
	at org.testng.SuiteRunner.runSequentially(SuiteRunner.java:371)
	at org.testng.SuiteRunner.privateRun(SuiteRunner.java:332)
	at org.testng.SuiteRunner.run(SuiteRunner.java:276)
	at org.testng.SuiteRunnerWorker.runSuite(SuiteRunnerWorker.java:53)
	at org.testng.SuiteRunnerWorker.run(SuiteRunnerWorker.java:96)
	at org.testng.TestNG.runSuitesSequentially(TestNG.java:1212)
	at org.testng.TestNG.runSuitesSequentially(TestNG.java:1207)
	at org.testng.TestNG.runSuitesLocally(TestNG.java:1134)
	at org.testng.TestNG.runSuites(TestNG.java:1063)
	at org.testng.TestNG.run(TestNG.java:1031)
	at org.testng.remote.AbstractRemoteTestNG.run(AbstractRemoteTestNG.java:115)
	at org.testng.remote.RemoteTestNG.initAndRun(RemoteTestNG.java:251)
	at org.testng.remote.RemoteTestNG.main(RemoteTestNG.java:77)
</pre></div></td>
<td>0</td>
<td>opportunity.LOU_OP_OP_Business_Flow_Test@34129c78</td></tr>
<tr>
<td title='opportunity.LOU_OP_OP_Business_Flow_Test.L3_fill_up_the_required_fields_for_sending_a_proposal()'><b>L3_fill_up_the_required_fields_for_sending_a_proposal</b><br>Test class: opportunity.LOU_OP_OP_Business_Flow_Test</td>
<td><div><pre>java.lang.Throwable: Method LOU_OP_OP_Business_Flow_Test.L3_fill_up_the_required_fields_for_sending_a_proposal()[pri:3, instance:opportunity.LOU_OP_OP_Business_Flow_Test@34129c78] depends on not successfully finished methods
	at java.base/java.util.ArrayList.forEach(ArrayList.java:1511)
... Removed 19 stack frames</pre></div><a href='#' onClick='toggleBox("stack-trace1393279291", this, "Click to show all stack frames", "Click to hide stack frames")'>Click to show all stack frames</a>
<div class='stack-trace' id='stack-trace1393279291'><pre>java.lang.Throwable: Method LOU_OP_OP_Business_Flow_Test.L3_fill_up_the_required_fields_for_sending_a_proposal()[pri:3, instance:opportunity.LOU_OP_OP_Business_Flow_Test@34129c78] depends on not successfully finished methods
	at org.testng.internal.TestInvoker.invokeTestMethods(TestInvoker.java:102)
	at org.testng.internal.TestMethodWorker.invokeTestMethods(TestMethodWorker.java:146)
	at org.testng.internal.TestMethodWorker.run(TestMethodWorker.java:128)
	at java.base/java.util.ArrayList.forEach(ArrayList.java:1511)
	at org.testng.TestRunner.privateRun(TestRunner.java:794)
	at org.testng.TestRunner.run(TestRunner.java:596)
	at org.testng.SuiteRunner.runTest(SuiteRunner.java:377)
	at org.testng.SuiteRunner.runSequentially(SuiteRunner.java:371)
	at org.testng.SuiteRunner.privateRun(SuiteRunner.java:332)
	at org.testng.SuiteRunner.run(SuiteRunner.java:276)
	at org.testng.SuiteRunnerWorker.runSuite(SuiteRunnerWorker.java:53)
	at org.testng.SuiteRunnerWorker.run(SuiteRunnerWorker.java:96)
	at org.testng.TestNG.runSuitesSequentially(TestNG.java:1212)
	at org.testng.TestNG.runSuitesSequentially(TestNG.java:1207)
	at org.testng.TestNG.runSuitesLocally(TestNG.java:1134)
	at org.testng.TestNG.runSuites(TestNG.java:1063)
	at org.testng.TestNG.run(TestNG.java:1031)
	at org.testng.remote.AbstractRemoteTestNG.run(AbstractRemoteTestNG.java:115)
	at org.testng.remote.RemoteTestNG.initAndRun(RemoteTestNG.java:251)
	at org.testng.remote.RemoteTestNG.main(RemoteTestNG.java:77)
</pre></div></td>
<td>0</td>
<td>opportunity.LOU_OP_OP_Business_Flow_Test@34129c78</td></tr>
<tr>
<td title='orders.Orders_Verify_Outright_Purchase_With_Customer_Flow_Test.T5_verify_default_payment_status_on_vehicle_tab_test()'><b>T5_verify_default_payment_status_on_vehicle_tab_test</b><br>Test class: orders.Orders_Verify_Outright_Purchase_With_Customer_Flow_Test</td>
<td><div><pre>java.lang.Throwable: Method Orders_Verify_Outright_Purchase_With_Customer_Flow_Test.T5_verify_default_payment_status_on_vehicle_tab_test()[pri:5, instance:orders.Orders_Verify_Outright_Purchase_With_Customer_Flow_Test@222a59e6] depends on not successfully finished methods
	at java.base/java.util.ArrayList.forEach(ArrayList.java:1511)
... Removed 19 stack frames</pre></div><a href='#' onClick='toggleBox("stack-trace1476392398", this, "Click to show all stack frames", "Click to hide stack frames")'>Click to show all stack frames</a>
<div class='stack-trace' id='stack-trace1476392398'><pre>java.lang.Throwable: Method Orders_Verify_Outright_Purchase_With_Customer_Flow_Test.T5_verify_default_payment_status_on_vehicle_tab_test()[pri:5, instance:orders.Orders_Verify_Outright_Purchase_With_Customer_Flow_Test@222a59e6] depends on not successfully finished methods
	at org.testng.internal.TestInvoker.invokeTestMethods(TestInvoker.java:102)
	at org.testng.internal.TestMethodWorker.invokeTestMethods(TestMethodWorker.java:146)
	at org.testng.internal.TestMethodWorker.run(TestMethodWorker.java:128)
	at java.base/java.util.ArrayList.forEach(ArrayList.java:1511)
	at org.testng.TestRunner.privateRun(TestRunner.java:794)
	at org.testng.TestRunner.run(TestRunner.java:596)
	at org.testng.SuiteRunner.runTest(SuiteRunner.java:377)
	at org.testng.SuiteRunner.runSequentially(SuiteRunner.java:371)
	at org.testng.SuiteRunner.privateRun(SuiteRunner.java:332)
	at org.testng.SuiteRunner.run(SuiteRunner.java:276)
	at org.testng.SuiteRunnerWorker.runSuite(SuiteRunnerWorker.java:53)
	at org.testng.SuiteRunnerWorker.run(SuiteRunnerWorker.java:96)
	at org.testng.TestNG.runSuitesSequentially(TestNG.java:1212)
	at org.testng.TestNG.runSuitesSequentially(TestNG.java:1207)
	at org.testng.TestNG.runSuitesLocally(TestNG.java:1134)
	at org.testng.TestNG.runSuites(TestNG.java:1063)
	at org.testng.TestNG.run(TestNG.java:1031)
	at org.testng.remote.AbstractRemoteTestNG.run(AbstractRemoteTestNG.java:115)
	at org.testng.remote.RemoteTestNG.initAndRun(RemoteTestNG.java:251)
	at org.testng.remote.RemoteTestNG.main(RemoteTestNG.java:77)
</pre></div></td>
<td>0</td>
<td>orders.Orders_Verify_Outright_Purchase_With_Customer_Flow_Test@222a59e6</td></tr>
<tr>
<td title='orders.Orders_Verify_Outright_Purchase_With_Customer_Flow_Test.T12_verify_default_status_acceptance_conditions_for_outright_purchase_flow()'><b>T12_verify_default_status_acceptance_conditions_for_outright_purchase_flow</b><br>Test class: orders.Orders_Verify_Outright_Purchase_With_Customer_Flow_Test</td>
<td><div><pre>java.lang.Throwable: Method Orders_Verify_Outright_Purchase_With_Customer_Flow_Test.T12_verify_default_status_acceptance_conditions_for_outright_purchase_flow()[pri:12, instance:orders.Orders_Verify_Outright_Purchase_With_Customer_Flow_Test@222a59e6] depends on not successfully finished methods
	at java.base/java.util.ArrayList.forEach(ArrayList.java:1511)
... Removed 19 stack frames</pre></div><a href='#' onClick='toggleBox("stack-trace1772956889", this, "Click to show all stack frames", "Click to hide stack frames")'>Click to show all stack frames</a>
<div class='stack-trace' id='stack-trace1772956889'><pre>java.lang.Throwable: Method Orders_Verify_Outright_Purchase_With_Customer_Flow_Test.T12_verify_default_status_acceptance_conditions_for_outright_purchase_flow()[pri:12, instance:orders.Orders_Verify_Outright_Purchase_With_Customer_Flow_Test@222a59e6] depends on not successfully finished methods
	at org.testng.internal.TestInvoker.invokeTestMethods(TestInvoker.java:102)
	at org.testng.internal.TestMethodWorker.invokeTestMethods(TestMethodWorker.java:146)
	at org.testng.internal.TestMethodWorker.run(TestMethodWorker.java:128)
	at java.base/java.util.ArrayList.forEach(ArrayList.java:1511)
	at org.testng.TestRunner.privateRun(TestRunner.java:794)
	at org.testng.TestRunner.run(TestRunner.java:596)
	at org.testng.SuiteRunner.runTest(SuiteRunner.java:377)
	at org.testng.SuiteRunner.runSequentially(SuiteRunner.java:371)
	at org.testng.SuiteRunner.privateRun(SuiteRunner.java:332)
	at org.testng.SuiteRunner.run(SuiteRunner.java:276)
	at org.testng.SuiteRunnerWorker.runSuite(SuiteRunnerWorker.java:53)
	at org.testng.SuiteRunnerWorker.run(SuiteRunnerWorker.java:96)
	at org.testng.TestNG.runSuitesSequentially(TestNG.java:1212)
	at org.testng.TestNG.runSuitesSequentially(TestNG.java:1207)
	at org.testng.TestNG.runSuitesLocally(TestNG.java:1134)
	at org.testng.TestNG.runSuites(TestNG.java:1063)
	at org.testng.TestNG.run(TestNG.java:1031)
	at org.testng.remote.AbstractRemoteTestNG.run(AbstractRemoteTestNG.java:115)
	at org.testng.remote.RemoteTestNG.initAndRun(RemoteTestNG.java:251)
	at org.testng.remote.RemoteTestNG.main(RemoteTestNG.java:77)
</pre></div></td>
<td>0</td>
<td>orders.Orders_Verify_Outright_Purchase_With_Customer_Flow_Test@222a59e6</td></tr>
<tr>
<td title='orders.Orders_Verify_Outright_Purchase_With_Customer_Flow_Test.T4_verify_order_status_after_uploading_order_form_in_vehicle_tab_test()'><b>T4_verify_order_status_after_uploading_order_form_in_vehicle_tab_test</b><br>Test class: orders.Orders_Verify_Outright_Purchase_With_Customer_Flow_Test</td>
<td><div><pre>java.lang.Throwable: Method Orders_Verify_Outright_Purchase_With_Customer_Flow_Test.T4_verify_order_status_after_uploading_order_form_in_vehicle_tab_test()[pri:4, instance:orders.Orders_Verify_Outright_Purchase_With_Customer_Flow_Test@222a59e6] depends on not successfully finished methods
	at java.base/java.util.ArrayList.forEach(ArrayList.java:1511)
... Removed 19 stack frames</pre></div><a href='#' onClick='toggleBox("stack-trace1998051362", this, "Click to show all stack frames", "Click to hide stack frames")'>Click to show all stack frames</a>
<div class='stack-trace' id='stack-trace1998051362'><pre>java.lang.Throwable: Method Orders_Verify_Outright_Purchase_With_Customer_Flow_Test.T4_verify_order_status_after_uploading_order_form_in_vehicle_tab_test()[pri:4, instance:orders.Orders_Verify_Outright_Purchase_With_Customer_Flow_Test@222a59e6] depends on not successfully finished methods
	at org.testng.internal.TestInvoker.invokeTestMethods(TestInvoker.java:102)
	at org.testng.internal.TestMethodWorker.invokeTestMethods(TestMethodWorker.java:146)
	at org.testng.internal.TestMethodWorker.run(TestMethodWorker.java:128)
	at java.base/java.util.ArrayList.forEach(ArrayList.java:1511)
	at org.testng.TestRunner.privateRun(TestRunner.java:794)
	at org.testng.TestRunner.run(TestRunner.java:596)
	at org.testng.SuiteRunner.runTest(SuiteRunner.java:377)
	at org.testng.SuiteRunner.runSequentially(SuiteRunner.java:371)
	at org.testng.SuiteRunner.privateRun(SuiteRunner.java:332)
	at org.testng.SuiteRunner.run(SuiteRunner.java:276)
	at org.testng.SuiteRunnerWorker.runSuite(SuiteRunnerWorker.java:53)
	at org.testng.SuiteRunnerWorker.run(SuiteRunnerWorker.java:96)
	at org.testng.TestNG.runSuitesSequentially(TestNG.java:1212)
	at org.testng.TestNG.runSuitesSequentially(TestNG.java:1207)
	at org.testng.TestNG.runSuitesLocally(TestNG.java:1134)
	at org.testng.TestNG.runSuites(TestNG.java:1063)
	at org.testng.TestNG.run(TestNG.java:1031)
	at org.testng.remote.AbstractRemoteTestNG.run(AbstractRemoteTestNG.java:115)
	at org.testng.remote.RemoteTestNG.initAndRun(RemoteTestNG.java:251)
	at org.testng.remote.RemoteTestNG.main(RemoteTestNG.java:77)
</pre></div></td>
<td>0</td>
<td>orders.Orders_Verify_Outright_Purchase_With_Customer_Flow_Test@222a59e6</td></tr>
<tr>
<td title='orders.Orders_Verify_Outright_Purchase_With_Customer_Flow_Test.T19_verify_delivery_status_after_uploading_delivery_note_in_post_delivery_section_on_customer_contract_tab_test()'><b>T19_verify_delivery_status_after_uploading_delivery_note_in_post_delivery_section_on_customer_contract_tab_test</b><br>Test class: orders.Orders_Verify_Outright_Purchase_With_Customer_Flow_Test</td>
<td><div><pre>java.lang.Throwable: Method Orders_Verify_Outright_Purchase_With_Customer_Flow_Test.T19_verify_delivery_status_after_uploading_delivery_note_in_post_delivery_section_on_customer_contract_tab_test()[pri:19, instance:orders.Orders_Verify_Outright_Purchase_With_Customer_Flow_Test@222a59e6] depends on not successfully finished methods
	at java.base/java.util.ArrayList.forEach(ArrayList.java:1511)
... Removed 19 stack frames</pre></div><a href='#' onClick='toggleBox("stack-trace2098439013", this, "Click to show all stack frames", "Click to hide stack frames")'>Click to show all stack frames</a>
<div class='stack-trace' id='stack-trace2098439013'><pre>java.lang.Throwable: Method Orders_Verify_Outright_Purchase_With_Customer_Flow_Test.T19_verify_delivery_status_after_uploading_delivery_note_in_post_delivery_section_on_customer_contract_tab_test()[pri:19, instance:orders.Orders_Verify_Outright_Purchase_With_Customer_Flow_Test@222a59e6] depends on not successfully finished methods
	at org.testng.internal.TestInvoker.invokeTestMethods(TestInvoker.java:102)
	at org.testng.internal.TestMethodWorker.invokeTestMethods(TestMethodWorker.java:146)
	at org.testng.internal.TestMethodWorker.run(TestMethodWorker.java:128)
	at java.base/java.util.ArrayList.forEach(ArrayList.java:1511)
	at org.testng.TestRunner.privateRun(TestRunner.java:794)
	at org.testng.TestRunner.run(TestRunner.java:596)
	at org.testng.SuiteRunner.runTest(SuiteRunner.java:377)
	at org.testng.SuiteRunner.runSequentially(SuiteRunner.java:371)
	at org.testng.SuiteRunner.privateRun(SuiteRunner.java:332)
	at org.testng.SuiteRunner.run(SuiteRunner.java:276)
	at org.testng.SuiteRunnerWorker.runSuite(SuiteRunnerWorker.java:53)
	at org.testng.SuiteRunnerWorker.run(SuiteRunnerWorker.java:96)
	at org.testng.TestNG.runSuitesSequentially(TestNG.java:1212)
	at org.testng.TestNG.runSuitesSequentially(TestNG.java:1207)
	at org.testng.TestNG.runSuitesLocally(TestNG.java:1134)
	at org.testng.TestNG.runSuites(TestNG.java:1063)
	at org.testng.TestNG.run(TestNG.java:1031)
	at org.testng.remote.AbstractRemoteTestNG.run(AbstractRemoteTestNG.java:115)
	at org.testng.remote.RemoteTestNG.initAndRun(RemoteTestNG.java:251)
	at org.testng.remote.RemoteTestNG.main(RemoteTestNG.java:77)
</pre></div></td>
<td>0</td>
<td>orders.Orders_Verify_Outright_Purchase_With_Customer_Flow_Test@222a59e6</td></tr>
<tr>
<td title='orders.Orders_Verify_Outright_Purchase_With_Customer_Flow_Test.T8_verify_payment_status_after_selecting_payment_sent_date_for_amount_due_on_vehicle_tab_test()'><b>T8_verify_payment_status_after_selecting_payment_sent_date_for_amount_due_on_vehicle_tab_test</b><br>Test class: orders.Orders_Verify_Outright_Purchase_With_Customer_Flow_Test</td>
<td><div><pre>java.lang.Throwable: Method Orders_Verify_Outright_Purchase_With_Customer_Flow_Test.T8_verify_payment_status_after_selecting_payment_sent_date_for_amount_due_on_vehicle_tab_test()[pri:8, instance:orders.Orders_Verify_Outright_Purchase_With_Customer_Flow_Test@222a59e6] depends on not successfully finished methods
	at java.base/java.util.ArrayList.forEach(ArrayList.java:1511)
... Removed 19 stack frames</pre></div><a href='#' onClick='toggleBox("stack-trace254822343", this, "Click to show all stack frames", "Click to hide stack frames")'>Click to show all stack frames</a>
<div class='stack-trace' id='stack-trace254822343'><pre>java.lang.Throwable: Method Orders_Verify_Outright_Purchase_With_Customer_Flow_Test.T8_verify_payment_status_after_selecting_payment_sent_date_for_amount_due_on_vehicle_tab_test()[pri:8, instance:orders.Orders_Verify_Outright_Purchase_With_Customer_Flow_Test@222a59e6] depends on not successfully finished methods
	at org.testng.internal.TestInvoker.invokeTestMethods(TestInvoker.java:102)
	at org.testng.internal.TestMethodWorker.invokeTestMethods(TestMethodWorker.java:146)
	at org.testng.internal.TestMethodWorker.run(TestMethodWorker.java:128)
	at java.base/java.util.ArrayList.forEach(ArrayList.java:1511)
	at org.testng.TestRunner.privateRun(TestRunner.java:794)
	at org.testng.TestRunner.run(TestRunner.java:596)
	at org.testng.SuiteRunner.runTest(SuiteRunner.java:377)
	at org.testng.SuiteRunner.runSequentially(SuiteRunner.java:371)
	at org.testng.SuiteRunner.privateRun(SuiteRunner.java:332)
	at org.testng.SuiteRunner.run(SuiteRunner.java:276)
	at org.testng.SuiteRunnerWorker.runSuite(SuiteRunnerWorker.java:53)
	at org.testng.SuiteRunnerWorker.run(SuiteRunnerWorker.java:96)
	at org.testng.TestNG.runSuitesSequentially(TestNG.java:1212)
	at org.testng.TestNG.runSuitesSequentially(TestNG.java:1207)
	at org.testng.TestNG.runSuitesLocally(TestNG.java:1134)
	at org.testng.TestNG.runSuites(TestNG.java:1063)
	at org.testng.TestNG.run(TestNG.java:1031)
	at org.testng.remote.AbstractRemoteTestNG.run(AbstractRemoteTestNG.java:115)
	at org.testng.remote.RemoteTestNG.initAndRun(RemoteTestNG.java:251)
	at org.testng.remote.RemoteTestNG.main(RemoteTestNG.java:77)
</pre></div></td>
<td>0</td>
<td>orders.Orders_Verify_Outright_Purchase_With_Customer_Flow_Test@222a59e6</td></tr>
<tr>
<td title='orders.Orders_Verify_Outright_Purchase_With_Customer_Flow_Test.T21_verify_payout_pack_statuses_on_customer_contract_tab_test()'><b>T21_verify_payout_pack_statuses_on_customer_contract_tab_test</b><br>Test class: orders.Orders_Verify_Outright_Purchase_With_Customer_Flow_Test</td>
<td><div><pre>java.lang.Throwable: Method Orders_Verify_Outright_Purchase_With_Customer_Flow_Test.T21_verify_payout_pack_statuses_on_customer_contract_tab_test()[pri:21, instance:orders.Orders_Verify_Outright_Purchase_With_Customer_Flow_Test@222a59e6] depends on not successfully finished methods
	at java.base/java.util.ArrayList.forEach(ArrayList.java:1511)
... Removed 19 stack frames</pre></div><a href='#' onClick='toggleBox("stack-trace999559405", this, "Click to show all stack frames", "Click to hide stack frames")'>Click to show all stack frames</a>
<div class='stack-trace' id='stack-trace999559405'><pre>java.lang.Throwable: Method Orders_Verify_Outright_Purchase_With_Customer_Flow_Test.T21_verify_payout_pack_statuses_on_customer_contract_tab_test()[pri:21, instance:orders.Orders_Verify_Outright_Purchase_With_Customer_Flow_Test@222a59e6] depends on not successfully finished methods
	at org.testng.internal.TestInvoker.invokeTestMethods(TestInvoker.java:102)
	at org.testng.internal.TestMethodWorker.invokeTestMethods(TestMethodWorker.java:146)
	at org.testng.internal.TestMethodWorker.run(TestMethodWorker.java:128)
	at java.base/java.util.ArrayList.forEach(ArrayList.java:1511)
	at org.testng.TestRunner.privateRun(TestRunner.java:794)
	at org.testng.TestRunner.run(TestRunner.java:596)
	at org.testng.SuiteRunner.runTest(SuiteRunner.java:377)
	at org.testng.SuiteRunner.runSequentially(SuiteRunner.java:371)
	at org.testng.SuiteRunner.privateRun(SuiteRunner.java:332)
	at org.testng.SuiteRunner.run(SuiteRunner.java:276)
	at org.testng.SuiteRunnerWorker.runSuite(SuiteRunnerWorker.java:53)
	at org.testng.SuiteRunnerWorker.run(SuiteRunnerWorker.java:96)
	at org.testng.TestNG.runSuitesSequentially(TestNG.java:1212)
	at org.testng.TestNG.runSuitesSequentially(TestNG.java:1207)
	at org.testng.TestNG.runSuitesLocally(TestNG.java:1134)
	at org.testng.TestNG.runSuites(TestNG.java:1063)
	at org.testng.TestNG.run(TestNG.java:1031)
	at org.testng.remote.AbstractRemoteTestNG.run(AbstractRemoteTestNG.java:115)
	at org.testng.remote.RemoteTestNG.initAndRun(RemoteTestNG.java:251)
	at org.testng.remote.RemoteTestNG.main(RemoteTestNG.java:77)
</pre></div></td>
<td>0</td>
<td>orders.Orders_Verify_Outright_Purchase_With_Customer_Flow_Test@222a59e6</td></tr>
<tr>
<td title='orders.Orders_Verify_Outright_Purchase_With_Customer_Flow_Test.T9_open_asset_funding_tab_and_verify_default_status_cash_purchase_pending()'><b>T9_open_asset_funding_tab_and_verify_default_status_cash_purchase_pending</b><br>Test class: orders.Orders_Verify_Outright_Purchase_With_Customer_Flow_Test</td>
<td><div><pre>java.lang.Throwable: Method Orders_Verify_Outright_Purchase_With_Customer_Flow_Test.T9_open_asset_funding_tab_and_verify_default_status_cash_purchase_pending()[pri:9, instance:orders.Orders_Verify_Outright_Purchase_With_Customer_Flow_Test@222a59e6] depends on not successfully finished methods
	at java.base/java.util.ArrayList.forEach(ArrayList.java:1511)
... Removed 19 stack frames</pre></div><a href='#' onClick='toggleBox("stack-trace1771807143", this, "Click to show all stack frames", "Click to hide stack frames")'>Click to show all stack frames</a>
<div class='stack-trace' id='stack-trace1771807143'><pre>java.lang.Throwable: Method Orders_Verify_Outright_Purchase_With_Customer_Flow_Test.T9_open_asset_funding_tab_and_verify_default_status_cash_purchase_pending()[pri:9, instance:orders.Orders_Verify_Outright_Purchase_With_Customer_Flow_Test@222a59e6] depends on not successfully finished methods
	at org.testng.internal.TestInvoker.invokeTestMethods(TestInvoker.java:102)
	at org.testng.internal.TestMethodWorker.invokeTestMethods(TestMethodWorker.java:146)
	at org.testng.internal.TestMethodWorker.run(TestMethodWorker.java:128)
	at java.base/java.util.ArrayList.forEach(ArrayList.java:1511)
	at org.testng.TestRunner.privateRun(TestRunner.java:794)
	at org.testng.TestRunner.run(TestRunner.java:596)
	at org.testng.SuiteRunner.runTest(SuiteRunner.java:377)
	at org.testng.SuiteRunner.runSequentially(SuiteRunner.java:371)
	at org.testng.SuiteRunner.privateRun(SuiteRunner.java:332)
	at org.testng.SuiteRunner.run(SuiteRunner.java:276)
	at org.testng.SuiteRunnerWorker.runSuite(SuiteRunnerWorker.java:53)
	at org.testng.SuiteRunnerWorker.run(SuiteRunnerWorker.java:96)
	at org.testng.TestNG.runSuitesSequentially(TestNG.java:1212)
	at org.testng.TestNG.runSuitesSequentially(TestNG.java:1207)
	at org.testng.TestNG.runSuitesLocally(TestNG.java:1134)
	at org.testng.TestNG.runSuites(TestNG.java:1063)
	at org.testng.TestNG.run(TestNG.java:1031)
	at org.testng.remote.AbstractRemoteTestNG.run(AbstractRemoteTestNG.java:115)
	at org.testng.remote.RemoteTestNG.initAndRun(RemoteTestNG.java:251)
	at org.testng.remote.RemoteTestNG.main(RemoteTestNG.java:77)
</pre></div></td>
<td>0</td>
<td>orders.Orders_Verify_Outright_Purchase_With_Customer_Flow_Test@222a59e6</td></tr>
</table><p>
</body>
</html>