<?xml version="1.0" encoding="UTF-8"?>
<!-- Generated by org.testng.reporters.JUnitXMLReporter -->
<testsuite ignored="2" hostname="DSK-4052" failures="0" tests="15" name="Check Asset Funding Funder Related Cases with FL" time="824.414" errors="0" timestamp="2024-01-30T23:13:10 IST">
  <testcase classname="acquisition.Acquisition_Quotes_FL_BCH_with_funder_quote_addition_with_maintenance_Test" name="aquisition_quotes_FL_BCH_OTR_calculation_with_maintenance_test" time="183.547"/>
  <testcase classname="acquisition.Acquisition_Quotes_FL_BCH_with_funder_quote_addition_with_maintenance_Test" name="aquisition_quotes_FL_BCH_after_discount_calculations_with_maintenance_test" time="4.914"/>
  <testcase classname="acquisition.Acquisition_Quotes_FL_BCH_with_funder_quote_addition_with_maintenance_Test" name="aquisition_quotes_FL_BCH_holding_cost_calculations_with_maintenance_test" time="96.003"/>
  <testcase classname="acquisition.Acquisition_Quotes_FL_BCH_with_funder_quote_addition_with_maintenance_Test" name="aquisition_quotes_FL_BCH_customer_quote_payment_profile_calculations_with_maintenance_test" time="147.367"/>
  <testcase classname="acquisition.Acquisition_Quotes_FL_BCH_with_funder_quote_addition_with_maintenance_Test" name="aquisition_quotes_FL_BCH_quote_summary_values_verification_with_maintenance_test" time="128.955"/>
  <testcase classname="orders.Orders_Asset_Funding_Required_Flow_FL_BCH_with_funder_with_maintenance_Test" name="open_order_created_in_acquisition_test" time="91.592"/>
  <testcase classname="orders.Orders_Asset_Funding_Required_Flow_FL_BCH_with_funder_with_maintenance_Test" name="verify_default_status_required_flow_test" time="17.49"/>
  <testcase classname="orders.Orders_Asset_Funding_Required_Flow_FL_BCH_with_funder_with_maintenance_Test" name="verify_default_funder_is_not_deleted_test" time="4.115"/>
  <testcase classname="orders.Orders_Asset_Funding_Required_Flow_FL_BCH_with_funder_with_maintenance_Test" name="verify_selected_funder_can_not_be_edited_test" time="0.236"/>
  <testcase classname="orders.Orders_Asset_Funding_Required_Flow_FL_BCH_with_funder_with_maintenance_Test" name="verify_holding_cost_after_deselecting_funder_test" time="23.869"/>
  <testcase classname="orders.Orders_Asset_Funding_Required_Flow_FL_BCH_with_funder_with_maintenance_Test" name="verify_holding_cost_based_on_ownbook_calculation_on_toggling_in_funder_test" time="17.729"/>
  <testcase classname="orders.Orders_Asset_Funding_Required_Flow_FL_BCH_with_funder_with_maintenance_Test" name="verify_holding_cost_without_maintenance_based_on_ownbook_calculation_test" time="9.243"/>
  <testcase classname="orders.Orders_Asset_Funding_Required_Flow_FL_BCH_with_funder_with_maintenance_Test" name="verify_funder_is_deselected_after_selecting_the_other_matrix_cell_test" time="15.637"/>
  <testcase classname="orders.Orders_Asset_Funding_Required_Flow_FL_BCH_with_funder_with_maintenance_Test" name="verify_document_is_uploaded_in_funder_test" time="23.648"/>
  <testcase classname="orders.Orders_Asset_Funding_Required_Flow_FL_BCH_with_funder_with_maintenance_Test" name="verify_funders_are_deleted_on_changing_contract_type_test" time="36.063"/>
  <testcase classname="com.amt.testBase.TestBase" name="@AfterSuite end" time="0.0">
    <ignored/>
  </testcase> <!-- @AfterSuite end -->
  <testcase classname="com.amt.testBase.TestBase" name="@BeforeTest start_info" time="0.0">
    <ignored/>
  </testcase> <!-- @BeforeTest start_info -->
</testsuite> <!-- Check Asset Funding Funder Related Cases with FL -->
