<?xml version="1.0" encoding="UTF-8"?>
<!-- Generated by org.testng.reporters.JUnitXMLReporter -->
<testsuite ignored="2" hostname="DSK-4052" failures="0" tests="9" name="Add Cap maint in Asset Funding And Verify Holding Cost For BCH" time="635.744" errors="0" timestamp="2024-06-20T20:51:21 IST">
  <testcase classname="acquisition.Acquisition_Quotes_BCH_BCH_without_maintenance_Test" name="aquisition_quotes_BCH_BCH_OTR_calculation_without_maintenance_test" time="138.092"/>
  <testcase classname="acquisition.Acquisition_Quotes_BCH_BCH_without_maintenance_Test" name="aquisition_quotes_BCH_BCH_after_discount_calculations_without_maintenance_test" time="4.426"/>
  <testcase classname="acquisition.Acquisition_Quotes_BCH_BCH_without_maintenance_Test" name="aquisition_quotes_BCH_BCH_holding_cost_calculations_without_maintenance_test" time="28.397"/>
  <testcase classname="acquisition.Acquisition_Quotes_BCH_BCH_without_maintenance_Test" name="aquisition_quotes_BCH_BCH_customer_quote_payment_profile_calculations_without_maintenance_test" time="106.724"/>
  <testcase classname="acquisition.Acquisition_Quotes_BCH_BCH_without_maintenance_Test" name="aquisition_quotes_BCH_BCH_quote_summary_values_verification_without_maintenance_test" time="192.017"/>
  <testcase classname="orders.Orders_Asset_Funding_Required_Flow_BCH_Add_Cap_Maint_Test" name="open_order_created_in_acquisition_test" time="78.588"/>
  <testcase classname="orders.Orders_Asset_Funding_Required_Flow_BCH_Add_Cap_Maint_Test" name="verify_default_status_required_flow_test" time="16.496"/>
  <testcase classname="orders.Orders_Asset_Funding_Required_Flow_BCH_Add_Cap_Maint_Test" name="verify_holding_cost_after_adding_cap_maint_test" time="12.349"/>
  <testcase classname="orders.Orders_Asset_Funding_Required_Flow_BCH_Add_Cap_Maint_Test" name="verify_holding_cost_after_adding_maintenance_in_funder_test" time="33.395"/>
  <testcase classname="com.amt.testBase.TestBase" name="@AfterSuite end" time="0.0">
    <ignored/>
  </testcase> <!-- @AfterSuite end -->
  <testcase classname="com.amt.testBase.TestBase" name="@BeforeTest start_info" time="0.0">
    <ignored/>
  </testcase> <!-- @BeforeTest start_info -->
</testsuite> <!-- Add Cap maint in Asset Funding And Verify Holding Cost For BCH -->
