<?xml version="1.0" encoding="UTF-8"?>
<!-- Generated by org.testng.reporters.JUnitXMLReporter -->
<testsuite ignored="2" hostname="DSK-4052" failures="0" tests="16" name="Add Funder And Add Cap Maint Value And Verify Holding Cost" time="799.704" errors="0" timestamp="2023-12-14T18:42:39 IST">
  <testcase classname="acquisition.Create_Order_in_Acquisition_Quotes_HPNR_HPNR_without_maintenance_Test" name="aquisition_quotes_HPNR_HPNR_OTR_calculation_without_maintenance_test" time="137.504"/>
  <testcase classname="acquisition.Create_Order_in_Acquisition_Quotes_HPNR_HPNR_without_maintenance_Test" name="aquisition_quotes_HPNR_HPNR_after_discount_calculations_without_maintenance_test" time="9.271"/>
  <testcase classname="acquisition.Create_Order_in_Acquisition_Quotes_HPNR_HPNR_without_maintenance_Test" name="aquisition_quotes_HPNR_HPNR_holding_cost_calculations_without_maintenance_test" time="28.067"/>
  <testcase classname="acquisition.Create_Order_in_Acquisition_Quotes_HPNR_HPNR_without_maintenance_Test" name="aquisition_quotes_HPNR_HPNR_customer_quote_calculations_check_monthly_finance_payment_without_maintenance_test" time="109.972"/>
  <testcase classname="acquisition.Create_Order_in_Acquisition_Quotes_HPNR_HPNR_without_maintenance_Test" name="aquisition_quotes_HPNR_HPNR_customer_quote_vehicle_profit_edit_check_without_maintenance_test" time="53.552"/>
  <testcase classname="acquisition.Create_Order_in_Acquisition_Quotes_HPNR_HPNR_without_maintenance_Test" name="aquisition_quotes_HPNR_HPNR_customer_quote_part_exchange_value_edit_check_without_maintenance_test" time="77.9"/>
  <testcase classname="acquisition.Create_Order_in_Acquisition_Quotes_HPNR_HPNR_without_maintenance_Test" name="aquisition_quotes_HPNR_HPNR_customer_quote_monthly_finance_payment_after_balloon_payment_off_without_maintenance_test" time="17.605"/>
  <testcase classname="acquisition.Create_Order_in_Acquisition_Quotes_HPNR_HPNR_without_maintenance_Test" name="aquisition_quotes_HPNR_HPNR_quote_summary_values_verification_without_maintenance_test" time="238.211"/>
  <testcase classname="orders.Orders_Asset_Funding_Required_Flow_HPNR_add_funder_and_add_cap_maint_and_verify_holding_cost_shown_Test" name="open_order_created_in_acquisition_test" time="86.502"/>
  <testcase classname="orders.Orders_Asset_Funding_Required_Flow_HPNR_add_funder_and_add_cap_maint_and_verify_holding_cost_shown_Test" name="verify_default_status_required_flow_test" time="10.55"/>
  <testcase classname="orders.Orders_Asset_Funding_Required_Flow_HPNR_add_funder_and_add_cap_maint_and_verify_holding_cost_shown_Test" name="verify_holding_cost_shown_test" time="7.825"/>
  <testcase classname="orders.Orders_Asset_Funding_Required_Flow_HPNR_add_funder_and_add_cap_maint_and_verify_holding_cost_shown_Test" name="add_funder" time="0.0">
    <skipped/>
  </testcase> <!-- add_funder -->
  <testcase classname="orders.Orders_Asset_Funding_Required_Flow_HPNR_add_funder_and_add_cap_maint_and_verify_holding_cost_shown_Test" name="verify_status_after_adding_funder_required_flow_test" time="0.0">
    <skipped/>
  </testcase> <!-- verify_status_after_adding_funder_required_flow_test -->
  <testcase classname="orders.Orders_Asset_Funding_Required_Flow_HPNR_add_funder_and_add_cap_maint_and_verify_holding_cost_shown_Test" name="verify_status_after_selecting_the_added_funder_in_required_flow_test" time="0.0">
    <skipped/>
  </testcase> <!-- verify_status_after_selecting_the_added_funder_in_required_flow_test -->
  <testcase classname="orders.Orders_Asset_Funding_Required_Flow_HPNR_add_funder_and_add_cap_maint_and_verify_holding_cost_shown_Test" name="verify_holding_cost_on_adding_funder_test" time="0.0">
    <skipped/>
  </testcase> <!-- verify_holding_cost_on_adding_funder_test -->
  <testcase classname="orders.Orders_Asset_Funding_Required_Flow_HPNR_add_funder_and_add_cap_maint_and_verify_holding_cost_shown_Test" name="verify_holding_cost_on_adding_maintenance_test" time="0.0">
    <skipped/>
  </testcase> <!-- verify_holding_cost_on_adding_maintenance_test -->
  <testcase classname="com.amt.testBase.TestBase" name="@AfterSuite end" time="0.0">
    <ignored/>
  </testcase> <!-- @AfterSuite end -->
  <testcase classname="com.amt.testBase.TestBase" name="@BeforeTest start_info" time="0.0">
    <ignored/>
  </testcase> <!-- @BeforeTest start_info -->
</testsuite> <!-- Add Funder And Add Cap Maint Value And Verify Holding Cost -->
