<?xml version="1.0" encoding="UTF-8"?>
<!-- Generated by org.testng.reporters.JUnitXMLReporter -->
<testsuite ignored="2" hostname="DSK-4052" failures="2" tests="16" name="Add Funder And Add Cap Maint Value And Verify Holding Cost" time="610.113" errors="0" timestamp="2024-06-19T18:11:33 IST">
  <testcase classname="acquisition.Create_Order_in_Acquisition_Quotes_HPNR_HPNR_without_maintenance_Test" name="aquisition_quotes_HPNR_HPNR_OTR_calculation_without_maintenance_test" time="155.155"/>
  <testcase classname="acquisition.Create_Order_in_Acquisition_Quotes_HPNR_HPNR_without_maintenance_Test" name="aquisition_quotes_HPNR_HPNR_after_discount_calculations_without_maintenance_test" time="9.17"/>
  <testcase classname="acquisition.Create_Order_in_Acquisition_Quotes_HPNR_HPNR_without_maintenance_Test" name="aquisition_quotes_HPNR_HPNR_holding_cost_calculations_without_maintenance_test" time="33.804"/>
  <testcase classname="acquisition.Create_Order_in_Acquisition_Quotes_HPNR_HPNR_without_maintenance_Test" name="aquisition_quotes_HPNR_HPNR_customer_quote_calculations_check_monthly_finance_payment_without_maintenance_test" time="148.788"/>
  <testcase classname="acquisition.Create_Order_in_Acquisition_Quotes_HPNR_HPNR_without_maintenance_Test" name="aquisition_quotes_HPNR_HPNR_customer_quote_vehicle_profit_edit_check_without_maintenance_test" time="66.685"/>
  <testcase classname="acquisition.Create_Order_in_Acquisition_Quotes_HPNR_HPNR_without_maintenance_Test" name="aquisition_quotes_HPNR_HPNR_customer_quote_part_exchange_value_edit_check_without_maintenance_test" time="67.878">
    <failure type="java.lang.AssertionError" message="expected [true] but found [false]">
      <![CDATA[java.lang.AssertionError: expected [true] but found [false]
at acquisition.Create_Order_in_Acquisition_Quotes_HPNR_HPNR_without_maintenance_Test.aquisition_quotes_HPNR_HPNR_customer_quote_part_exchange_value_edit_check_without_maintenance_test(Create_Order_in_Acquisition_Quotes_HPNR_HPNR_without_maintenance_Test.java:201)
at java.base/java.util.ArrayList.forEach(ArrayList.java:1511)
... Removed 29 stack frames]]>
    </failure>
  </testcase> <!-- aquisition_quotes_HPNR_HPNR_customer_quote_part_exchange_value_edit_check_without_maintenance_test -->
  <testcase classname="acquisition.Create_Order_in_Acquisition_Quotes_HPNR_HPNR_without_maintenance_Test" name="aquisition_quotes_HPNR_HPNR_customer_quote_monthly_finance_payment_after_balloon_payment_off_without_maintenance_test" time="0.0">
    <skipped/>
  </testcase> <!-- aquisition_quotes_HPNR_HPNR_customer_quote_monthly_finance_payment_after_balloon_payment_off_without_maintenance_test -->
  <testcase classname="acquisition.Create_Order_in_Acquisition_Quotes_HPNR_HPNR_without_maintenance_Test" name="aquisition_quotes_HPNR_HPNR_quote_summary_values_verification_without_maintenance_test" time="0.0">
    <skipped/>
  </testcase> <!-- aquisition_quotes_HPNR_HPNR_quote_summary_values_verification_without_maintenance_test -->
  <testcase classname="orders.Orders_Asset_Funding_Required_Flow_HPNR_add_funder_and_add_cap_maint_and_verify_holding_cost_shown_Test" name="open_order_created_in_acquisition_test" time="85.186"/>
  <testcase classname="orders.Orders_Asset_Funding_Required_Flow_HPNR_add_funder_and_add_cap_maint_and_verify_holding_cost_shown_Test" name="verify_default_status_required_flow_test" time="17.553">
    <failure type="java.lang.AssertionError" message="expected [true] but found [false]">
      <![CDATA[java.lang.AssertionError: expected [true] but found [false]
at orders.Orders_Asset_Funding_Required_Flow_HPNR_add_funder_and_add_cap_maint_and_verify_holding_cost_shown_Test.verify_default_status_required_flow_test(Orders_Asset_Funding_Required_Flow_HPNR_add_funder_and_add_cap_maint_and_verify_holding_cost_shown_Test.java:64)
at java.base/java.util.ArrayList.forEach(ArrayList.java:1511)
... Removed 29 stack frames]]>
    </failure>
  </testcase> <!-- verify_default_status_required_flow_test -->
  <testcase classname="orders.Orders_Asset_Funding_Required_Flow_HPNR_add_funder_and_add_cap_maint_and_verify_holding_cost_shown_Test" name="verify_holding_cost_shown_test" time="0.0">
    <skipped/>
  </testcase> <!-- verify_holding_cost_shown_test -->
  <testcase classname="orders.Orders_Asset_Funding_Required_Flow_HPNR_add_funder_and_add_cap_maint_and_verify_holding_cost_shown_Test" name="add_funder" time="0.0">
    <skipped/>
  </testcase> <!-- add_funder -->
  <testcase classname="orders.Orders_Asset_Funding_Required_Flow_HPNR_add_funder_and_add_cap_maint_and_verify_holding_cost_shown_Test" name="verify_status_after_adding_funder_required_flow_test" time="0.0">
    <skipped/>
  </testcase> <!-- verify_status_after_adding_funder_required_flow_test -->
  <testcase classname="orders.Orders_Asset_Funding_Required_Flow_HPNR_add_funder_and_add_cap_maint_and_verify_holding_cost_shown_Test" name="verify_status_after_selecting_the_added_funder_in_required_flow_test" time="0.0">
    <skipped/>
  </testcase> <!-- verify_status_after_selecting_the_added_funder_in_required_flow_test -->
  <testcase classname="orders.Orders_Asset_Funding_Required_Flow_HPNR_add_funder_and_add_cap_maint_and_verify_holding_cost_shown_Test" name="verify_holding_cost_on_adding_funder_test" time="0.0">
    <skipped/>
  </testcase> <!-- verify_holding_cost_on_adding_funder_test -->
  <testcase classname="orders.Orders_Asset_Funding_Required_Flow_HPNR_add_funder_and_add_cap_maint_and_verify_holding_cost_shown_Test" name="verify_holding_cost_on_adding_maintenance_test" time="0.0">
    <skipped/>
  </testcase> <!-- verify_holding_cost_on_adding_maintenance_test -->
  <testcase classname="com.amt.testBase.TestBase" name="@AfterSuite end" time="0.0">
    <ignored/>
  </testcase> <!-- @AfterSuite end -->
  <testcase classname="com.amt.testBase.TestBase" name="@BeforeTest start_info" time="0.0">
    <ignored/>
  </testcase> <!-- @BeforeTest start_info -->
</testsuite> <!-- Add Funder And Add Cap Maint Value And Verify Holding Cost -->
