<?xml version="1.0" encoding="UTF-8"?>
<!-- Generated by org.testng.reporters.JUnitXMLReporter -->
<testsuite ignored="2" hostname="DSK-4052" failures="0" tests="8" name="Add Maintenance In The Funder In The Asset Funding Tab And Verify Holding Cost Shown" time="517.873" errors="0" timestamp="2024-01-09T18:56:52 IST">
  <testcase classname="acquisition.Acquisition_Quotes_FL_PCH_with_funder_quote_addition_without_maintenance_Test" name="aquisition_quotes_FL_PCH_OTR_calculation_without_maintenance_test" time="120.461"/>
  <testcase classname="acquisition.Acquisition_Quotes_FL_PCH_with_funder_quote_addition_without_maintenance_Test" name="aquisition_quotes_FL_PCH_after_discount_calculations_without_maintenance_test" time="4.626"/>
  <testcase classname="acquisition.Acquisition_Quotes_FL_PCH_with_funder_quote_addition_without_maintenance_Test" name="aquisition_quotes_FL_PCH_holding_cost_calculations_without_maintenance_test" time="37.726"/>
  <testcase classname="acquisition.Acquisition_Quotes_FL_PCH_with_funder_quote_addition_without_maintenance_Test" name="aquisition_quotes_FL_PCH_customer_quote_payment_profile_calculations_without_maintenance_test" time="101.541"/>
  <testcase classname="acquisition.Acquisition_Quotes_FL_PCH_with_funder_quote_addition_without_maintenance_Test" name="aquisition_quotes_FL_PCH_quote_summary_values_verification_without_maintenance_test" time="105.374"/>
  <testcase classname="orders.Orders_Asset_Funding_Required_Flow_FL_PCH_with_funder_add_maintenance_Test" name="open_order_created_in_acquisition_test" time="75.616"/>
  <testcase classname="orders.Orders_Asset_Funding_Required_Flow_FL_PCH_with_funder_add_maintenance_Test" name="verify_default_status_required_flow_test" time="11.544"/>
  <testcase classname="orders.Orders_Asset_Funding_Required_Flow_FL_PCH_with_funder_add_maintenance_Test" name="verify_holding_cost_after_adding_maintenance_in_funder_test" time="37.224"/>
  <testcase classname="com.amt.testBase.TestBase" name="@AfterSuite end" time="0.0">
    <ignored/>
  </testcase> <!-- @AfterSuite end -->
  <testcase classname="com.amt.testBase.TestBase" name="@BeforeTest start_info" time="0.0">
    <ignored/>
  </testcase> <!-- @BeforeTest start_info -->
</testsuite> <!-- Add Maintenance In The Funder In The Asset Funding Tab And Verify Holding Cost Shown -->
