<html>
<head>
<title>TestNG:  Check Required to Funded Flow For BCH</title>
<link href="../testng.css" rel="stylesheet" type="text/css" />
<link href="../my-testng.css" rel="stylesheet" type="text/css" />

<style type="text/css">
.log { display: none;} 
.stack-trace { display: none;} 
</style>
<script type="text/javascript">
<!--
function flip(e) {
  current = e.style.display;
  if (current == 'block') {
    e.style.display = 'none';
    return 0;
  }
  else {
    e.style.display = 'block';
    return 1;
  }
}

function toggleBox(szDivId, elem, msg1, msg2)
{
  var res = -1;  if (document.getElementById) {
    res = flip(document.getElementById(szDivId));
  }
  else if (document.all) {
    // this is the way old msie versions work
    res = flip(document.all[szDivId]);
  }
  if(elem) {
    if(res == 0) elem.innerHTML = msg1; else elem.innerHTML = msg2;
  }

}

function toggleAllBoxes() {
  if (document.getElementsByTagName) {
    d = document.getElementsByTagName('div');
    for (i = 0; i < d.length; i++) {
      if (d[i].className == 'log') {
        flip(d[i]);
      }
    }
  }
}

// -->
</script>

</head>
<body>
<h2 align='center'>Check Required to Funded Flow For BCH</h2><table border='1' align="center">
<tr>
<td>Tests passed/Failed/Skipped:</td><td>4/2/5</td>
</tr><tr>
<td>Started on:</td><td>Thu Jun 20 19:26:26 IST 2024</td>
</tr>
<tr><td>Total time:</td><td>669 seconds (669883 ms)</td>
</tr><tr>
<td>Included groups:</td><td></td>
</tr><tr>
<td>Excluded groups:</td><td></td>
</tr>
</table><p/>
<small><i>(Hover the method name to see the test class name)</i></small><p/>
<table width='100%' border='1' class='invocation-failed'>
<tr><td colspan='4' align='center'><b>FAILED TESTS</b></td></tr>
<tr><td><b>Test method</b></td>
<td width="30%"><b>Exception</b></td>
<td width="10%"><b>Time (seconds)</b></td>
<td><b>Instance</b></td>
</tr>
<tr>
<td title='orders.Orders_Asset_Funding_Required_Flow_BCH_Test.deliver_vehicle_tab_test()'><b>deliver_vehicle_tab_test</b><br>Test class: orders.Orders_Asset_Funding_Required_Flow_BCH_Test<br/>
<a href="#Output-1985840829" onClick='toggleBox("Output-1985840829", this, "Show output", "Hide output");'>Show output</a>

<a href="#Output-1985840829" onClick="toggleAllBoxes();">Show all outputs</a>
<div class='log' id="Output-1985840829">
<b>File is Uploaded Successfully</b> <br /><br/>
<br>----------Screenshot---------<br><br/>
<img src="D:\Orders_Vehicles\AMT_Orders_Vehicles\target\surefire-reports\html\failure_screenshots\deliver_vehicle_tab_test_20_06_2024_07_37_36.png" height="800" width="1000"><br/>
</div>
</td>
<td><div><pre>org.openqa.selenium.TimeoutException: Expected condition failed: waiting for element to be clickable: [[ChromeDriver: chrome on WINDOWS (60bd3a3923919a5c3377192b20475676)] -&gt; xpath: //*[normalize-space()=&apos;Date offered&apos;]//input] (tried for 20 second(s) with 500 milliseconds interval)
Build info: version: &apos;4.1.0&apos;, revision: &apos;87802e897b&apos;
System info: host: &apos;DSK-4052&apos;, ip: &apos;172.16.1.80&apos;, os.name: &apos;Windows 10&apos;, os.arch: &apos;amd64&apos;, os.version: &apos;10.0&apos;, java.version: &apos;19.0.1&apos;
Driver info: org.openqa.selenium.chrome.ChromeDriver
Capabilities {acceptInsecureCerts: false, browserName: chrome, browserVersion: 126.0.6478.62, chrome: {chromedriverVersion: 125.0.6422.141 (4b1e8393712..., userDataDir: C:\Users\NITEIN~1.KUR\AppDa...}, fedcm:accounts: true, goog:chromeOptions: {debuggerAddress: localhost:54333}, javascriptEnabled: true, networkConnectionEnabled: false, pageLoadStrategy: normal, platform: WINDOWS, platformName: WINDOWS, proxy: Proxy(), se:cdp: ws://localhost:54333/devtoo..., se:cdpVersion: 126.0.6478.62, setWindowRect: true, strictFileInteractability: false, timeouts: {implicit: 0, pageLoad: 300000, script: 30000}, unhandledPromptBehavior: dismiss and notify, webauthn:extension:credBlob: true, webauthn:extension:largeBlob: true, webauthn:extension:minPinLength: true, webauthn:extension:prf: true, webauthn:virtualAuthenticators: true}
Session ID: 60bd3a3923919a5c3377192b20475676
	at org.openqa.selenium.support.ui.WebDriverWait.timeoutException(WebDriverWait.java:138)
	at org.openqa.selenium.support.ui.FluentWait.until(FluentWait.java:231)
	at com.amt.testUtil.Click.on(Click.java:17)
	at com.amt.pages.VehicleOrderPage.fill_up_delivery_info_on_vehicle_order_tab(VehicleOrderPage.java:1170)
	at com.amt.pages.VehicleOrderPage.deliver_vehicle(VehicleOrderPage.java:365)
	at orders.Orders_Asset_Funding_Required_Flow_BCH_Test.deliver_vehicle_tab_test(Orders_Asset_Funding_Required_Flow_BCH_Test.java:52)
	at java.base/java.util.ArrayList.forEach(ArrayList.java:1511)
... Removed 25 stack frames</pre></div><a href='#' onClick='toggleBox("stack-trace1985840829", this, "Click to show all stack frames", "Click to hide stack frames")'>Click to show all stack frames</a>
<div class='stack-trace' id='stack-trace1985840829'><pre>org.openqa.selenium.TimeoutException: Expected condition failed: waiting for element to be clickable: [[ChromeDriver: chrome on WINDOWS (60bd3a3923919a5c3377192b20475676)] -&gt; xpath: //*[normalize-space()=&apos;Date offered&apos;]//input] (tried for 20 second(s) with 500 milliseconds interval)
Build info: version: &apos;4.1.0&apos;, revision: &apos;87802e897b&apos;
System info: host: &apos;DSK-4052&apos;, ip: &apos;172.16.1.80&apos;, os.name: &apos;Windows 10&apos;, os.arch: &apos;amd64&apos;, os.version: &apos;10.0&apos;, java.version: &apos;19.0.1&apos;
Driver info: org.openqa.selenium.chrome.ChromeDriver
Capabilities {acceptInsecureCerts: false, browserName: chrome, browserVersion: 126.0.6478.62, chrome: {chromedriverVersion: 125.0.6422.141 (4b1e8393712..., userDataDir: C:\Users\NITEIN~1.KUR\AppDa...}, fedcm:accounts: true, goog:chromeOptions: {debuggerAddress: localhost:54333}, javascriptEnabled: true, networkConnectionEnabled: false, pageLoadStrategy: normal, platform: WINDOWS, platformName: WINDOWS, proxy: Proxy(), se:cdp: ws://localhost:54333/devtoo..., se:cdpVersion: 126.0.6478.62, setWindowRect: true, strictFileInteractability: false, timeouts: {implicit: 0, pageLoad: 300000, script: 30000}, unhandledPromptBehavior: dismiss and notify, webauthn:extension:credBlob: true, webauthn:extension:largeBlob: true, webauthn:extension:minPinLength: true, webauthn:extension:prf: true, webauthn:virtualAuthenticators: true}
Session ID: 60bd3a3923919a5c3377192b20475676
	at org.openqa.selenium.support.ui.WebDriverWait.timeoutException(WebDriverWait.java:138)
	at org.openqa.selenium.support.ui.FluentWait.until(FluentWait.java:231)
	at com.amt.testUtil.Click.on(Click.java:17)
	at com.amt.pages.VehicleOrderPage.fill_up_delivery_info_on_vehicle_order_tab(VehicleOrderPage.java:1170)
	at com.amt.pages.VehicleOrderPage.deliver_vehicle(VehicleOrderPage.java:365)
	at orders.Orders_Asset_Funding_Required_Flow_BCH_Test.deliver_vehicle_tab_test(Orders_Asset_Funding_Required_Flow_BCH_Test.java:52)
	at java.base/jdk.internal.reflect.DirectMethodHandleAccessor.invoke(DirectMethodHandleAccessor.java:104)
	at java.base/java.lang.reflect.Method.invoke(Method.java:578)
	at org.testng.internal.MethodInvocationHelper.invokeMethod(MethodInvocationHelper.java:133)
	at org.testng.internal.TestInvoker.invokeMethod(TestInvoker.java:598)
	at org.testng.internal.TestInvoker.invokeTestMethod(TestInvoker.java:173)
	at org.testng.internal.MethodRunner.runInSequence(MethodRunner.java:46)
	at org.testng.internal.TestInvoker$MethodInvocationAgent.invoke(TestInvoker.java:824)
	at org.testng.internal.TestInvoker.invokeTestMethods(TestInvoker.java:146)
	at org.testng.internal.TestMethodWorker.invokeTestMethods(TestMethodWorker.java:146)
	at org.testng.internal.TestMethodWorker.run(TestMethodWorker.java:128)
	at java.base/java.util.ArrayList.forEach(ArrayList.java:1511)
	at org.testng.TestRunner.privateRun(TestRunner.java:794)
	at org.testng.TestRunner.run(TestRunner.java:596)
	at org.testng.SuiteRunner.runTest(SuiteRunner.java:377)
	at org.testng.SuiteRunner.runSequentially(SuiteRunner.java:371)
	at org.testng.SuiteRunner.privateRun(SuiteRunner.java:332)
	at org.testng.SuiteRunner.run(SuiteRunner.java:276)
	at org.testng.SuiteRunnerWorker.runSuite(SuiteRunnerWorker.java:53)
	at org.testng.SuiteRunnerWorker.run(SuiteRunnerWorker.java:96)
	at org.testng.TestNG.runSuitesSequentially(TestNG.java:1212)
	at org.testng.TestNG.runSuitesLocally(TestNG.java:1134)
	at org.testng.TestNG.runSuites(TestNG.java:1063)
	at org.testng.TestNG.run(TestNG.java:1031)
	at org.testng.remote.AbstractRemoteTestNG.run(AbstractRemoteTestNG.java:115)
	at org.testng.remote.RemoteTestNG.initAndRun(RemoteTestNG.java:251)
	at org.testng.remote.RemoteTestNG.main(RemoteTestNG.java:77)
</pre></div></td>
<td>79</td>
<td>orders.Orders_Asset_Funding_Required_Flow_BCH_Test@543295b0</td></tr>
<tr>
<td title='acquisition.Acquisition_Quotes_BCH_BCH_without_maintenance_Test.aquisition_quotes_BCH_BCH_customer_quote_payment_profile_calculations_without_maintenance_test()'><b>aquisition_quotes_BCH_BCH_customer_quote_payment_profile_calculations_without_maintenance_test</b><br>Test class: acquisition.Acquisition_Quotes_BCH_BCH_without_maintenance_Test<br>Parameters: AUDI, A7, 1, 05/12/26, 12, 5000, 500, 12, 1, 10000, 6000, 2000, 1000, 199.99, 500, 200, 200, 22, 22000, NO, 0, 200, YES, 0, BCH (Formula 3) - BCH<br/>
<a href="#Output-687694560" onClick='toggleBox("Output-687694560", this, "Show output", "Hide output");'>Show output</a>

<a href="#Output-687694560" onClick="toggleAllBoxes();">Show all outputs</a>
<div class='log' id="Output-687694560">
<b>Writing configuration values from property file to Excel for customer quote calculation -started</b> <br /><br/>
<b>Writing configuration values from property file to Excel for customer quote calculation -completed</b> <br /><br/>
<b>************Calculations for Customer Quote Page has been started***********</b> <br /><br/>
<b>Payment Profile Monthly in Advance option has been selected</b> <br /><br/>
<b>Writing values to Excel for customer quote calculation -started</b> <br /><br/>
<b>Writing values to Excel for customer quote calculation -completed</b> <br /><br/>
<b>Reading  Monthly Finance Rental from  Excel   -started</b> <br /><br/>
<b>Reading  Monthly Finance Rental from  Excel   -completed</b> <br /><br/>
<b>Monthly Finance Rental from Excel is =962.9134025816834</b> <br /><br/>
<b>Monthly Finance Rental from screen is 962.91</b> <br /><br/>
<b>****************************************************************</b> <br /><br/>
<b>***********Assertion Passed For Monthly Finance Rental***********</b> <br /><br/>
<b>****************************************************************</b> <br /><br/>
<b>Monthly Finance Rental from screen (after submitting upsell values) is 962.91</b> <br /><br/>
<b>Writing upsell values to excel</b> <br /><br/>
<b>Monthly Finance Rental from Excel (after submitting upsell values) is 1000.264186201125</b> <br /><br/>
<b>Monthly finance (after submitting upsell values) is found wrong</b> <br /><br/>
<br>----------Screenshot---------<br><br/>
<img src="D:\Orders_Vehicles\AMT_Orders_Vehicles\target\surefire-reports\html\failure_screenshots\aquisition_quotes_BCH_BCH_customer_quote_payment_profile_calculations_without_maintenance_test_20_06_2024_07_34_30.png" height="800" width="1000"><br/>
</div>
</td>
<td><div><pre>java.lang.AssertionError: expected [true] but found [false]
	at acquisition.Acquisition_Quotes_BCH_BCH_without_maintenance_Test.aquisition_quotes_BCH_BCH_customer_quote_payment_profile_calculations_without_maintenance_test(Acquisition_Quotes_BCH_BCH_without_maintenance_Test.java:161)
	at java.base/java.util.ArrayList.forEach(ArrayList.java:1511)
... Removed 29 stack frames</pre></div><a href='#' onClick='toggleBox("stack-trace687694560", this, "Click to show all stack frames", "Click to hide stack frames")'>Click to show all stack frames</a>
<div class='stack-trace' id='stack-trace687694560'><pre>java.lang.AssertionError: expected [true] but found [false]
	at org.testng.Assert.fail(Assert.java:99)
	at org.testng.Assert.failNotEquals(Assert.java:1037)
	at org.testng.Assert.assertTrue(Assert.java:45)
	at org.testng.Assert.assertTrue(Assert.java:55)
	at acquisition.Acquisition_Quotes_BCH_BCH_without_maintenance_Test.aquisition_quotes_BCH_BCH_customer_quote_payment_profile_calculations_without_maintenance_test(Acquisition_Quotes_BCH_BCH_without_maintenance_Test.java:161)
	at java.base/jdk.internal.reflect.DirectMethodHandleAccessor.invoke(DirectMethodHandleAccessor.java:104)
	at java.base/java.lang.reflect.Method.invoke(Method.java:578)
	at org.testng.internal.MethodInvocationHelper.invokeMethod(MethodInvocationHelper.java:133)
	at org.testng.internal.TestInvoker.invokeMethod(TestInvoker.java:598)
	at org.testng.internal.TestInvoker.invokeTestMethod(TestInvoker.java:173)
	at org.testng.internal.MethodRunner.runInSequence(MethodRunner.java:46)
	at org.testng.internal.TestInvoker$MethodInvocationAgent.invoke(TestInvoker.java:824)
	at org.testng.internal.TestInvoker.invokeTestMethods(TestInvoker.java:146)
	at org.testng.internal.TestMethodWorker.invokeTestMethods(TestMethodWorker.java:146)
	at org.testng.internal.TestMethodWorker.run(TestMethodWorker.java:128)
	at java.base/java.util.ArrayList.forEach(ArrayList.java:1511)
	at org.testng.TestRunner.privateRun(TestRunner.java:794)
	at org.testng.TestRunner.run(TestRunner.java:596)
	at org.testng.SuiteRunner.runTest(SuiteRunner.java:377)
	at org.testng.SuiteRunner.runSequentially(SuiteRunner.java:371)
	at org.testng.SuiteRunner.privateRun(SuiteRunner.java:332)
	at org.testng.SuiteRunner.run(SuiteRunner.java:276)
	at org.testng.SuiteRunnerWorker.runSuite(SuiteRunnerWorker.java:53)
	at org.testng.SuiteRunnerWorker.run(SuiteRunnerWorker.java:96)
	at org.testng.TestNG.runSuitesSequentially(TestNG.java:1212)
	at org.testng.TestNG.runSuitesLocally(TestNG.java:1134)
	at org.testng.TestNG.runSuites(TestNG.java:1063)
	at org.testng.TestNG.run(TestNG.java:1031)
	at org.testng.remote.AbstractRemoteTestNG.run(AbstractRemoteTestNG.java:115)
	at org.testng.remote.RemoteTestNG.initAndRun(RemoteTestNG.java:251)
	at org.testng.remote.RemoteTestNG.main(RemoteTestNG.java:77)
</pre></div></td>
<td>287</td>
<td>acquisition.Acquisition_Quotes_BCH_BCH_without_maintenance_Test@17f62e33</td></tr>
</table><p>
<table width='100%' border='1' class='invocation-passed'>
<tr><td colspan='4' align='center'><b>PASSED TESTS</b></td></tr>
<tr><td><b>Test method</b></td>
<td width="30%"><b>Exception</b></td>
<td width="10%"><b>Time (seconds)</b></td>
<td><b>Instance</b></td>
</tr>
<tr>
<td title='acquisition.Acquisition_Quotes_BCH_BCH_without_maintenance_Test.aquisition_quotes_BCH_BCH_after_discount_calculations_without_maintenance_test()'><b>aquisition_quotes_BCH_BCH_after_discount_calculations_without_maintenance_test</b><br>Test class: acquisition.Acquisition_Quotes_BCH_BCH_without_maintenance_Test<br>Parameters: AUDI, A7, 1, 05/12/26, 12, 5000, 500, 12, 1, 10000, 6000, 2000, 1000, 199.99, 500, 200, 200, 22, 22000, NO, 0, 200, YES, 0, BCH (Formula 3) - BCH<br/>
<a href="#Output-20648744" onClick='toggleBox("Output-20648744", this, "Show output", "Hide output");'>Show output</a>

<a href="#Output-20648744" onClick="toggleAllBoxes();">Show all outputs</a>
<div class='log' id="Output-20648744">
<b>*********Calculations for On Road Price has been started***********</b> <br /><br/>
<b>Started getting On screen values from after discount table </b> <br /><br/>
<b>Manufacture_delivery_charges =645.83</b> <br /><br/>
<b>Road_tax_first_year =585.0</b> <br /><br/>
<b>First_registration_fee =65.0</b> <br /><br/>
<b>Rebate =0.0</b> <br /><br/>
<b>Writing After discount values to excel has been started</b> <br /><br/>
<b>Writing After discount values to excel has been completed</b> <br /><br/>
<b>Reading On Road Price for invoice from excel has been Started</b> <br /><br/>
<b>Reading On Road Price for invoice from excel has been completed</b> <br /><br/>
<b>Expected on the road price from excel is =69019.99</b> <br /><br/>
<b>Actual on the road price from screen is =69019.99</b> <br /><br/>
<b>****************************************************************</b> <br /><br/>
<b>*****************Assertion Passed For OTR Price*****************</b> <br /><br/>
<b>****************************************************************</b> <br /><br/>
</div>
</td>
<td></td>
<td>4</td>
<td>acquisition.Acquisition_Quotes_BCH_BCH_without_maintenance_Test@17f62e33</td></tr>
<tr>
<td title='acquisition.Acquisition_Quotes_BCH_BCH_without_maintenance_Test.aquisition_quotes_BCH_BCH_OTR_calculation_without_maintenance_test()'><b>aquisition_quotes_BCH_BCH_OTR_calculation_without_maintenance_test</b><br>Test class: acquisition.Acquisition_Quotes_BCH_BCH_without_maintenance_Test<br>Parameters: AUDI, A7, 1, 05/12/26, 12, 5000, 500, 12, 1, 10000, 6000, 2000, 1000, 199.99, 500, 200, 200, 22, 22000, NO, 0, 200, YES, 0, BCH (Formula 3) - BCH<br/>
<a href="#Output-1248595768" onClick='toggleBox("Output-1248595768", this, "Show output", "Hide output");'>Show output</a>

<a href="#Output-1248595768" onClick="toggleAllBoxes();">Show all outputs</a>
<div class='log' id="Output-1248595768">
<b>Clicking on New quote</b> <br /><br/>
<b>Clicked on Quote button </b> <br /><br/>
<b>Manufacture =AUDI has been selected</b> <br /><br/>
<b>Model range =A7 has been selected</b> <br /><br/>
<b>Vehicle has been selected</b> <br /><br/>
<b>Paint option has been selected</b> <br /><br/>
<b>Interior option has been selected</b> <br /><br/>
<b> Acquisition Contract type option = Business Contract Hire(BCH) has been selected</b> <br /><br/>
<b> Customer Contract type option = Business Contract Hire(BCH) has been selected</b> <br /><br/>
<b>Getting Basic Price- Vehicle value is  =55495.83</b> <br /><br/>
<b>Getting Basic Price - Paint  value is  =0.00</b> <br /><br/>
<b>Getting  Basic Price - Options value is   =833.33</b> <br /><br/>
<b>Getting Discount- Vehicle value is  =0.00</b> <br /><br/>
<b>Getting   Discount - Paint value is   =0.00</b> <br /><br/>
<b>Getting  Discount- Options value is   =0.00</b> <br /><br/>
<b>Getting Additional Discount- Vehicle value is  =0.00</b> <br /><br/>
<b>Getting  Additional Discount - paint value is  =0.00</b> <br /><br/>
<b>Getting  Additional Discount - Options value is  =0.00</b> <br /><br/>
<b>Writing OTR table values to excel sheet -Started </b> <br /><br/>
<b>Writing OTR table values to excel sheet -Completed </b> <br /><br/>
<b>Reading Subtotal After Discount from excel sheet -Started </b> <br /><br/>
<b>Reading Subtotal After Discount from excel sheet -Started </b> <br /><br/>
<b>Subtotal After Discount from excel sheet is =56329.16</b> <br /><br/>
<b>Subtotal after discount actual value from screen =Â£ 56,329.16</b> <br /><br/>
<b>****************************************************************</b> <br /><br/>
<b>**********Assertion Passed For Subtotal After Discount**********</b> <br /><br/>
<b>****************************************************************</b> <br /><br/>
</div>
</td>
<td></td>
<td>140</td>
<td>acquisition.Acquisition_Quotes_BCH_BCH_without_maintenance_Test@17f62e33</td></tr>
<tr>
<td title='orders.Orders_Asset_Funding_Required_Flow_BCH_Test.open_order_created_in_acquisition_test()'><b>open_order_created_in_acquisition_test</b><br>Test class: orders.Orders_Asset_Funding_Required_Flow_BCH_Test<br/>
<a href="#Output-1613943109" onClick='toggleBox("Output-1613943109", this, "Show output", "Hide output");'>Show output</a>

<a href="#Output-1613943109" onClick="toggleAllBoxes();">Show all outputs</a>
<div class='log' id="Output-1613943109">
<b></b> <br /><br/>
<b>Searching for Order ID OP-94648</b> <br /><br/>
</div>
</td>
<td></td>
<td>93</td>
<td>orders.Orders_Asset_Funding_Required_Flow_BCH_Test@543295b0</td></tr>
<tr>
<td title='acquisition.Acquisition_Quotes_BCH_BCH_without_maintenance_Test.aquisition_quotes_BCH_BCH_holding_cost_calculations_without_maintenance_test()'><b>aquisition_quotes_BCH_BCH_holding_cost_calculations_without_maintenance_test</b><br>Test class: acquisition.Acquisition_Quotes_BCH_BCH_without_maintenance_Test<br>Parameters: AUDI, A7, 1, 05/12/26, 12, 5000, 500, 12, 1, 10000, 6000, 2000, 1000, 199.99, 500, 200, 200, 22, 22000, NO, 0, 200, YES, 0, BCH (Formula 3) - BCH<br/>
<a href="#Output-270223031" onClick='toggleBox("Output-270223031", this, "Show output", "Hide output");'>Show output</a>

<a href="#Output-270223031" onClick="toggleAllBoxes();">Show all outputs</a>
<div class='log' id="Output-270223031">
<b>***********Entered in holding cost page ***********</b> <br /><br/>
<b>Funder added successfully</b> <br /><br/>
<b>Holding cost verified successfully</b> <br /><br/>
<b>****************************************************************</b> <br /><br/>
<b>***************Assertion Passed For Holding Cost****************</b> <br /><br/>
<b>****************************************************************</b> <br /><br/>
</div>
</td>
<td></td>
<td>28</td>
<td>acquisition.Acquisition_Quotes_BCH_BCH_without_maintenance_Test@17f62e33</td></tr>
</table><p>
<table width='100%' border='1' class='invocation-skipped'>
<tr><td colspan='4' align='center'><b>SKIPPED TESTS</b></td></tr>
<tr><td><b>Test method</b></td>
<td width="30%"><b>Exception</b></td>
<td width="10%"><b>Time (seconds)</b></td>
<td><b>Instance</b></td>
</tr>
<tr>
<td title='orders.Orders_Asset_Funding_Required_Flow_BCH_Test.verify_finance_documents_statuses_for_required_flow_test()'><b>verify_finance_documents_statuses_for_required_flow_test</b><br>Test class: orders.Orders_Asset_Funding_Required_Flow_BCH_Test</td>
<td><div><pre>java.lang.Throwable: Method Orders_Asset_Funding_Required_Flow_BCH_Test.verify_finance_documents_statuses_for_required_flow_test()[pri:4, instance:orders.Orders_Asset_Funding_Required_Flow_BCH_Test@543295b0] depends on not successfully finished methods
	at java.base/java.util.ArrayList.forEach(ArrayList.java:1511)
... Removed 18 stack frames</pre></div><a href='#' onClick='toggleBox("stack-trace1942530043", this, "Click to show all stack frames", "Click to hide stack frames")'>Click to show all stack frames</a>
<div class='stack-trace' id='stack-trace1942530043'><pre>java.lang.Throwable: Method Orders_Asset_Funding_Required_Flow_BCH_Test.verify_finance_documents_statuses_for_required_flow_test()[pri:4, instance:orders.Orders_Asset_Funding_Required_Flow_BCH_Test@543295b0] depends on not successfully finished methods
	at org.testng.internal.TestInvoker.invokeTestMethods(TestInvoker.java:102)
	at org.testng.internal.TestMethodWorker.invokeTestMethods(TestMethodWorker.java:146)
	at org.testng.internal.TestMethodWorker.run(TestMethodWorker.java:128)
	at java.base/java.util.ArrayList.forEach(ArrayList.java:1511)
	at org.testng.TestRunner.privateRun(TestRunner.java:794)
	at org.testng.TestRunner.run(TestRunner.java:596)
	at org.testng.SuiteRunner.runTest(SuiteRunner.java:377)
	at org.testng.SuiteRunner.runSequentially(SuiteRunner.java:371)
	at org.testng.SuiteRunner.privateRun(SuiteRunner.java:332)
	at org.testng.SuiteRunner.run(SuiteRunner.java:276)
	at org.testng.SuiteRunnerWorker.runSuite(SuiteRunnerWorker.java:53)
	at org.testng.SuiteRunnerWorker.run(SuiteRunnerWorker.java:96)
	at org.testng.TestNG.runSuitesSequentially(TestNG.java:1212)
	at org.testng.TestNG.runSuitesLocally(TestNG.java:1134)
	at org.testng.TestNG.runSuites(TestNG.java:1063)
	at org.testng.TestNG.run(TestNG.java:1031)
	at org.testng.remote.AbstractRemoteTestNG.run(AbstractRemoteTestNG.java:115)
	at org.testng.remote.RemoteTestNG.initAndRun(RemoteTestNG.java:251)
	at org.testng.remote.RemoteTestNG.main(RemoteTestNG.java:77)
</pre></div></td>
<td>0</td>
<td>orders.Orders_Asset_Funding_Required_Flow_BCH_Test@543295b0</td></tr>
<tr>
<td title='orders.Orders_Asset_Funding_Required_Flow_BCH_Test.verify_payments_to_funder_statuses_for_required_flow_test()'><b>verify_payments_to_funder_statuses_for_required_flow_test</b><br>Test class: orders.Orders_Asset_Funding_Required_Flow_BCH_Test</td>
<td><div><pre>java.lang.Throwable: Method Orders_Asset_Funding_Required_Flow_BCH_Test.verify_payments_to_funder_statuses_for_required_flow_test()[pri:5, instance:orders.Orders_Asset_Funding_Required_Flow_BCH_Test@543295b0] depends on not successfully finished methods
	at java.base/java.util.ArrayList.forEach(ArrayList.java:1511)
... Removed 18 stack frames</pre></div><a href='#' onClick='toggleBox("stack-trace169710248", this, "Click to show all stack frames", "Click to hide stack frames")'>Click to show all stack frames</a>
<div class='stack-trace' id='stack-trace169710248'><pre>java.lang.Throwable: Method Orders_Asset_Funding_Required_Flow_BCH_Test.verify_payments_to_funder_statuses_for_required_flow_test()[pri:5, instance:orders.Orders_Asset_Funding_Required_Flow_BCH_Test@543295b0] depends on not successfully finished methods
	at org.testng.internal.TestInvoker.invokeTestMethods(TestInvoker.java:102)
	at org.testng.internal.TestMethodWorker.invokeTestMethods(TestMethodWorker.java:146)
	at org.testng.internal.TestMethodWorker.run(TestMethodWorker.java:128)
	at java.base/java.util.ArrayList.forEach(ArrayList.java:1511)
	at org.testng.TestRunner.privateRun(TestRunner.java:794)
	at org.testng.TestRunner.run(TestRunner.java:596)
	at org.testng.SuiteRunner.runTest(SuiteRunner.java:377)
	at org.testng.SuiteRunner.runSequentially(SuiteRunner.java:371)
	at org.testng.SuiteRunner.privateRun(SuiteRunner.java:332)
	at org.testng.SuiteRunner.run(SuiteRunner.java:276)
	at org.testng.SuiteRunnerWorker.runSuite(SuiteRunnerWorker.java:53)
	at org.testng.SuiteRunnerWorker.run(SuiteRunnerWorker.java:96)
	at org.testng.TestNG.runSuitesSequentially(TestNG.java:1212)
	at org.testng.TestNG.runSuitesLocally(TestNG.java:1134)
	at org.testng.TestNG.runSuites(TestNG.java:1063)
	at org.testng.TestNG.run(TestNG.java:1031)
	at org.testng.remote.AbstractRemoteTestNG.run(AbstractRemoteTestNG.java:115)
	at org.testng.remote.RemoteTestNG.initAndRun(RemoteTestNG.java:251)
	at org.testng.remote.RemoteTestNG.main(RemoteTestNG.java:77)
</pre></div></td>
<td>0</td>
<td>orders.Orders_Asset_Funding_Required_Flow_BCH_Test@543295b0</td></tr>
<tr>
<td title='orders.Orders_Asset_Funding_Required_Flow_BCH_Test.verify_completed_status_for_required_flow_test()'><b>verify_completed_status_for_required_flow_test</b><br>Test class: orders.Orders_Asset_Funding_Required_Flow_BCH_Test</td>
<td><div><pre>java.lang.Throwable: Method Orders_Asset_Funding_Required_Flow_BCH_Test.verify_completed_status_for_required_flow_test()[pri:6, instance:orders.Orders_Asset_Funding_Required_Flow_BCH_Test@543295b0] depends on not successfully finished methods
	at java.base/java.util.ArrayList.forEach(ArrayList.java:1511)
... Removed 18 stack frames</pre></div><a href='#' onClick='toggleBox("stack-trace1627227989", this, "Click to show all stack frames", "Click to hide stack frames")'>Click to show all stack frames</a>
<div class='stack-trace' id='stack-trace1627227989'><pre>java.lang.Throwable: Method Orders_Asset_Funding_Required_Flow_BCH_Test.verify_completed_status_for_required_flow_test()[pri:6, instance:orders.Orders_Asset_Funding_Required_Flow_BCH_Test@543295b0] depends on not successfully finished methods
	at org.testng.internal.TestInvoker.invokeTestMethods(TestInvoker.java:102)
	at org.testng.internal.TestMethodWorker.invokeTestMethods(TestMethodWorker.java:146)
	at org.testng.internal.TestMethodWorker.run(TestMethodWorker.java:128)
	at java.base/java.util.ArrayList.forEach(ArrayList.java:1511)
	at org.testng.TestRunner.privateRun(TestRunner.java:794)
	at org.testng.TestRunner.run(TestRunner.java:596)
	at org.testng.SuiteRunner.runTest(SuiteRunner.java:377)
	at org.testng.SuiteRunner.runSequentially(SuiteRunner.java:371)
	at org.testng.SuiteRunner.privateRun(SuiteRunner.java:332)
	at org.testng.SuiteRunner.run(SuiteRunner.java:276)
	at org.testng.SuiteRunnerWorker.runSuite(SuiteRunnerWorker.java:53)
	at org.testng.SuiteRunnerWorker.run(SuiteRunnerWorker.java:96)
	at org.testng.TestNG.runSuitesSequentially(TestNG.java:1212)
	at org.testng.TestNG.runSuitesLocally(TestNG.java:1134)
	at org.testng.TestNG.runSuites(TestNG.java:1063)
	at org.testng.TestNG.run(TestNG.java:1031)
	at org.testng.remote.AbstractRemoteTestNG.run(AbstractRemoteTestNG.java:115)
	at org.testng.remote.RemoteTestNG.initAndRun(RemoteTestNG.java:251)
	at org.testng.remote.RemoteTestNG.main(RemoteTestNG.java:77)
</pre></div></td>
<td>0</td>
<td>orders.Orders_Asset_Funding_Required_Flow_BCH_Test@543295b0</td></tr>
<tr>
<td title='orders.Orders_Asset_Funding_Required_Flow_BCH_Test.verify_default_status_required_flow_test()'><b>verify_default_status_required_flow_test</b><br>Test class: orders.Orders_Asset_Funding_Required_Flow_BCH_Test</td>
<td><div><pre>java.lang.Throwable: Method Orders_Asset_Funding_Required_Flow_BCH_Test.verify_default_status_required_flow_test()[pri:3, instance:orders.Orders_Asset_Funding_Required_Flow_BCH_Test@543295b0] depends on not successfully finished methods
	at java.base/java.util.ArrayList.forEach(ArrayList.java:1511)
... Removed 18 stack frames</pre></div><a href='#' onClick='toggleBox("stack-trace1927082966", this, "Click to show all stack frames", "Click to hide stack frames")'>Click to show all stack frames</a>
<div class='stack-trace' id='stack-trace1927082966'><pre>java.lang.Throwable: Method Orders_Asset_Funding_Required_Flow_BCH_Test.verify_default_status_required_flow_test()[pri:3, instance:orders.Orders_Asset_Funding_Required_Flow_BCH_Test@543295b0] depends on not successfully finished methods
	at org.testng.internal.TestInvoker.invokeTestMethods(TestInvoker.java:102)
	at org.testng.internal.TestMethodWorker.invokeTestMethods(TestMethodWorker.java:146)
	at org.testng.internal.TestMethodWorker.run(TestMethodWorker.java:128)
	at java.base/java.util.ArrayList.forEach(ArrayList.java:1511)
	at org.testng.TestRunner.privateRun(TestRunner.java:794)
	at org.testng.TestRunner.run(TestRunner.java:596)
	at org.testng.SuiteRunner.runTest(SuiteRunner.java:377)
	at org.testng.SuiteRunner.runSequentially(SuiteRunner.java:371)
	at org.testng.SuiteRunner.privateRun(SuiteRunner.java:332)
	at org.testng.SuiteRunner.run(SuiteRunner.java:276)
	at org.testng.SuiteRunnerWorker.runSuite(SuiteRunnerWorker.java:53)
	at org.testng.SuiteRunnerWorker.run(SuiteRunnerWorker.java:96)
	at org.testng.TestNG.runSuitesSequentially(TestNG.java:1212)
	at org.testng.TestNG.runSuitesLocally(TestNG.java:1134)
	at org.testng.TestNG.runSuites(TestNG.java:1063)
	at org.testng.TestNG.run(TestNG.java:1031)
	at org.testng.remote.AbstractRemoteTestNG.run(AbstractRemoteTestNG.java:115)
	at org.testng.remote.RemoteTestNG.initAndRun(RemoteTestNG.java:251)
	at org.testng.remote.RemoteTestNG.main(RemoteTestNG.java:77)
</pre></div></td>
<td>0</td>
<td>orders.Orders_Asset_Funding_Required_Flow_BCH_Test@543295b0</td></tr>
<tr>
<td title='acquisition.Acquisition_Quotes_BCH_BCH_without_maintenance_Test.aquisition_quotes_BCH_BCH_quote_summary_values_verification_without_maintenance_test()'><b>aquisition_quotes_BCH_BCH_quote_summary_values_verification_without_maintenance_test</b><br>Test class: acquisition.Acquisition_Quotes_BCH_BCH_without_maintenance_Test</td>
<td><div><pre>java.lang.Throwable: Method Acquisition_Quotes_BCH_BCH_without_maintenance_Test.aquisition_quotes_BCH_BCH_quote_summary_values_verification_without_maintenance_test(java.lang.String,java.lang.String,java.lang.String,java.lang.String,java.lang.String,java.lang.String,java.lang.String,java.lang.String,java.lang.String,java.lang.String,java.lang.String,java.lang.String,java.lang.String,java.lang.String,java.lang.String,java.lang.String,java.lang.String,java.lang.String,java.lang.String,java.lang.String,java.lang.String,java.lang.String,java.lang.String,java.lang.String,java.lang.String)[pri:5, instance:acquisition.Acquisition_Quotes_BCH_BCH_without_maintenance_Test@17f62e33] depends on not successfully finished methods
	at java.base/java.util.ArrayList.forEach(ArrayList.java:1511)
... Removed 18 stack frames</pre></div><a href='#' onClick='toggleBox("stack-trace1336976683", this, "Click to show all stack frames", "Click to hide stack frames")'>Click to show all stack frames</a>
<div class='stack-trace' id='stack-trace1336976683'><pre>java.lang.Throwable: Method Acquisition_Quotes_BCH_BCH_without_maintenance_Test.aquisition_quotes_BCH_BCH_quote_summary_values_verification_without_maintenance_test(java.lang.String,java.lang.String,java.lang.String,java.lang.String,java.lang.String,java.lang.String,java.lang.String,java.lang.String,java.lang.String,java.lang.String,java.lang.String,java.lang.String,java.lang.String,java.lang.String,java.lang.String,java.lang.String,java.lang.String,java.lang.String,java.lang.String,java.lang.String,java.lang.String,java.lang.String,java.lang.String,java.lang.String,java.lang.String)[pri:5, instance:acquisition.Acquisition_Quotes_BCH_BCH_without_maintenance_Test@17f62e33] depends on not successfully finished methods
	at org.testng.internal.TestInvoker.invokeTestMethods(TestInvoker.java:102)
	at org.testng.internal.TestMethodWorker.invokeTestMethods(TestMethodWorker.java:146)
	at org.testng.internal.TestMethodWorker.run(TestMethodWorker.java:128)
	at java.base/java.util.ArrayList.forEach(ArrayList.java:1511)
	at org.testng.TestRunner.privateRun(TestRunner.java:794)
	at org.testng.TestRunner.run(TestRunner.java:596)
	at org.testng.SuiteRunner.runTest(SuiteRunner.java:377)
	at org.testng.SuiteRunner.runSequentially(SuiteRunner.java:371)
	at org.testng.SuiteRunner.privateRun(SuiteRunner.java:332)
	at org.testng.SuiteRunner.run(SuiteRunner.java:276)
	at org.testng.SuiteRunnerWorker.runSuite(SuiteRunnerWorker.java:53)
	at org.testng.SuiteRunnerWorker.run(SuiteRunnerWorker.java:96)
	at org.testng.TestNG.runSuitesSequentially(TestNG.java:1212)
	at org.testng.TestNG.runSuitesLocally(TestNG.java:1134)
	at org.testng.TestNG.runSuites(TestNG.java:1063)
	at org.testng.TestNG.run(TestNG.java:1031)
	at org.testng.remote.AbstractRemoteTestNG.run(AbstractRemoteTestNG.java:115)
	at org.testng.remote.RemoteTestNG.initAndRun(RemoteTestNG.java:251)
	at org.testng.remote.RemoteTestNG.main(RemoteTestNG.java:77)
</pre></div></td>
<td>0</td>
<td>acquisition.Acquisition_Quotes_BCH_BCH_without_maintenance_Test@17f62e33</td></tr>
</table><p>
</body>
</html>