<?xml version="1.0" encoding="UTF-8"?>
<!-- Generated by org.testng.reporters.JUnitXMLReporter -->
<testsuite ignored="2" hostname="DSK-4052" failures="2" tests="11" name="Check Required to Funded Flow For BCH" time="669.883" errors="0" timestamp="2024-06-20T19:37:36 IST">
  <testcase classname="acquisition.Acquisition_Quotes_BCH_BCH_without_maintenance_Test" name="aquisition_quotes_BCH_BCH_OTR_calculation_without_maintenance_test" time="140.696"/>
  <testcase classname="acquisition.Acquisition_Quotes_BCH_BCH_without_maintenance_Test" name="aquisition_quotes_BCH_BCH_after_discount_calculations_without_maintenance_test" time="4.584"/>
  <testcase classname="acquisition.Acquisition_Quotes_BCH_BCH_without_maintenance_Test" name="aquisition_quotes_BCH_BCH_holding_cost_calculations_without_maintenance_test" time="28.832"/>
  <testcase classname="acquisition.Acquisition_Quotes_BCH_BCH_without_maintenance_Test" name="aquisition_quotes_BCH_BCH_customer_quote_payment_profile_calculations_without_maintenance_test" time="287.273">
    <failure type="java.lang.AssertionError" message="expected [true] but found [false]">
      <![CDATA[java.lang.AssertionError: expected [true] but found [false]
at acquisition.Acquisition_Quotes_BCH_BCH_without_maintenance_Test.aquisition_quotes_BCH_BCH_customer_quote_payment_profile_calculations_without_maintenance_test(Acquisition_Quotes_BCH_BCH_without_maintenance_Test.java:161)
at java.base/java.util.ArrayList.forEach(ArrayList.java:1511)
... Removed 29 stack frames]]>
    </failure>
  </testcase> <!-- aquisition_quotes_BCH_BCH_customer_quote_payment_profile_calculations_without_maintenance_test -->
  <testcase classname="acquisition.Acquisition_Quotes_BCH_BCH_without_maintenance_Test" name="aquisition_quotes_BCH_BCH_quote_summary_values_verification_without_maintenance_test" time="0.0">
    <skipped/>
  </testcase> <!-- aquisition_quotes_BCH_BCH_quote_summary_values_verification_without_maintenance_test -->
  <testcase classname="orders.Orders_Asset_Funding_Required_Flow_BCH_Test" name="open_order_created_in_acquisition_test" time="93.349"/>
  <testcase classname="orders.Orders_Asset_Funding_Required_Flow_BCH_Test" name="deliver_vehicle_tab_test" time="79.591">
    <failure type="org.openqa.selenium.TimeoutException" message="Expected condition failed: waiting for element to be clickable: [[ChromeDriver: chrome on WINDOWS (60bd3a3923919a5c3377192b20475676)] -&amp;gt; xpath: //*[normalize-space()=&amp;apos;Date offered&amp;apos;]//input] (tried for 20 second(s) with 500 milliseconds interval)
Build info: version: &amp;apos;4.1.0&amp;apos;, revision: &amp;apos;87802e897b&amp;apos;
System info: host: &amp;apos;DSK-4052&amp;apos;, ip: &amp;apos;172.16.1.80&amp;apos;, os.name: &amp;apos;Windows 10&amp;apos;, os.arch: &amp;apos;amd64&amp;apos;, os.version: &amp;apos;10.0&amp;apos;, java.version: &amp;apos;19.0.1&amp;apos;
Driver info: org.openqa.selenium.chrome.ChromeDriver
Capabilities {acceptInsecureCerts: false, browserName: chrome, browserVersion: 126.0.6478.62, chrome: {chromedriverVersion: 125.0.6422.141 (4b1e8393712..., userDataDir: C:\Users\NITEIN~1.KUR\AppDa...}, fedcm:accounts: true, goog:chromeOptions: {debuggerAddress: localhost:54333}, javascriptEnabled: true, networkConnectionEnabled: false, pageLoadStrategy: normal, platform: WINDOWS, platformName: WINDOWS, proxy: Proxy(), se:cdp: ws://localhost:54333/devtoo..., se:cdpVersion: 126.0.6478.62, setWindowRect: true, strictFileInteractability: false, timeouts: {implicit: 0, pageLoad: 300000, script: 30000}, unhandledPromptBehavior: dismiss and notify, webauthn:extension:credBlob: true, webauthn:extension:largeBlob: true, webauthn:extension:minPinLength: true, webauthn:extension:prf: true, webauthn:virtualAuthenticators: true}
Session ID: 60bd3a3923919a5c3377192b20475676">
      <![CDATA[org.openqa.selenium.TimeoutException: Expected condition failed: waiting for element to be clickable: [[ChromeDriver: chrome on WINDOWS (60bd3a3923919a5c3377192b20475676)] -> xpath: //*[normalize-space()='Date offered']//input] (tried for 20 second(s) with 500 milliseconds interval)
Build info: version: '4.1.0', revision: '87802e897b'
System info: host: 'DSK-4052', ip: '172.16.1.80', os.name: 'Windows 10', os.arch: 'amd64', os.version: '10.0', java.version: '19.0.1'
Driver info: org.openqa.selenium.chrome.ChromeDriver
Capabilities {acceptInsecureCerts: false, browserName: chrome, browserVersion: 126.0.6478.62, chrome: {chromedriverVersion: 125.0.6422.141 (4b1e8393712..., userDataDir: C:\Users\NITEIN~1.KUR\AppDa...}, fedcm:accounts: true, goog:chromeOptions: {debuggerAddress: localhost:54333}, javascriptEnabled: true, networkConnectionEnabled: false, pageLoadStrategy: normal, platform: WINDOWS, platformName: WINDOWS, proxy: Proxy(), se:cdp: ws://localhost:54333/devtoo..., se:cdpVersion: 126.0.6478.62, setWindowRect: true, strictFileInteractability: false, timeouts: {implicit: 0, pageLoad: 300000, script: 30000}, unhandledPromptBehavior: dismiss and notify, webauthn:extension:credBlob: true, webauthn:extension:largeBlob: true, webauthn:extension:minPinLength: true, webauthn:extension:prf: true, webauthn:virtualAuthenticators: true}
Session ID: 60bd3a3923919a5c3377192b20475676
at org.openqa.selenium.support.ui.WebDriverWait.timeoutException(WebDriverWait.java:138)
at org.openqa.selenium.support.ui.FluentWait.until(FluentWait.java:231)
at com.amt.testUtil.Click.on(Click.java:17)
at com.amt.pages.VehicleOrderPage.fill_up_delivery_info_on_vehicle_order_tab(VehicleOrderPage.java:1170)
at com.amt.pages.VehicleOrderPage.deliver_vehicle(VehicleOrderPage.java:365)
at orders.Orders_Asset_Funding_Required_Flow_BCH_Test.deliver_vehicle_tab_test(Orders_Asset_Funding_Required_Flow_BCH_Test.java:52)
at java.base/java.util.ArrayList.forEach(ArrayList.java:1511)
... Removed 25 stack frames]]>
    </failure>
  </testcase> <!-- deliver_vehicle_tab_test -->
  <testcase classname="orders.Orders_Asset_Funding_Required_Flow_BCH_Test" name="verify_default_status_required_flow_test" time="0.0">
    <skipped/>
  </testcase> <!-- verify_default_status_required_flow_test -->
  <testcase classname="orders.Orders_Asset_Funding_Required_Flow_BCH_Test" name="verify_finance_documents_statuses_for_required_flow_test" time="0.0">
    <skipped/>
  </testcase> <!-- verify_finance_documents_statuses_for_required_flow_test -->
  <testcase classname="orders.Orders_Asset_Funding_Required_Flow_BCH_Test" name="verify_payments_to_funder_statuses_for_required_flow_test" time="0.0">
    <skipped/>
  </testcase> <!-- verify_payments_to_funder_statuses_for_required_flow_test -->
  <testcase classname="orders.Orders_Asset_Funding_Required_Flow_BCH_Test" name="verify_completed_status_for_required_flow_test" time="0.0">
    <skipped/>
  </testcase> <!-- verify_completed_status_for_required_flow_test -->
  <testcase classname="com.amt.testBase.TestBase" name="@AfterSuite end" time="0.0">
    <ignored/>
  </testcase> <!-- @AfterSuite end -->
  <testcase classname="com.amt.testBase.TestBase" name="@BeforeTest start_info" time="0.0">
    <ignored/>
  </testcase> <!-- @BeforeTest start_info -->
</testsuite> <!-- Check Required to Funded Flow For BCH -->
