<?xml version="1.0" encoding="UTF-8"?>
<!-- Generated by org.testng.reporters.JUnitXMLReporter -->
<testsuite ignored="0" hostname="DSK-4052" failures="5" tests="30" name="Test" time="1068.209" errors="0" timestamp="2023-03-09T16:23:33 IST">
  <testcase classname="com.amt.test.FL.Acquisition_Quotes_FL_BCH_used_car_with_maintenance_Test" name="aquisition_quotes_used_car_OTR_calculation_with_maintenance_test" time="51.144"/>
  <testcase classname="com.amt.test.FL.Acquisition_Quotes_FL_BCH_used_car_with_maintenance_Test" name="aquisition_quotes_used_car_edit_cost_price_and_check_OTR_with_maintenance_test" time="0.001"/>
  <testcase classname="com.amt.test.FL.Acquisition_Quotes_FL_BCH_used_car_with_maintenance_Test" name="aquisition_quotes_used_car_holding_cost_calculations_with_maintenance_test" time="67.354"/>
  <testcase classname="com.amt.test.FL.Acquisition_Quotes_FL_BCH_used_car_with_maintenance_Test" name="aquisition_quotes_customer_quote_payment_profile_calculations_with_maintenance_test" time="22.954">
    <failure type="java.lang.AssertionError" message="expected [true] but found [false]">
      <![CDATA[java.lang.AssertionError: expected [true] but found [false]
at com.amt.test.FL.Acquisition_Quotes_FL_BCH_used_car_with_maintenance_Test.aquisition_quotes_customer_quote_payment_profile_calculations_with_maintenance_test(Acquisition_Quotes_FL_BCH_used_car_with_maintenance_Test.java:140)
at java.base/java.util.ArrayList.forEach(ArrayList.java:1511)
... Removed 31 stack frames]]>
    </failure>
  </testcase> <!-- aquisition_quotes_customer_quote_payment_profile_calculations_with_maintenance_test -->
  <testcase classname="com.amt.test.FL.Acquisition_Quotes_FL_BCH_used_car_with_maintenance_Test" name="aquisition_quotes_quote_summary_values_verification_with_maintenance_test" time="0.0">
    <skipped/>
  </testcase> <!-- aquisition_quotes_quote_summary_values_verification_with_maintenance_test -->
  <testcase classname="com.amt.test.FL.Acquisition_Quotes_FL_FL_used_car_without_maintenance_Test" name="aquisition_quotes_used_car_OTR_calculation_without_maintenance_test" time="50.722"/>
  <testcase classname="com.amt.test.FL.Acquisition_Quotes_FL_FL_used_car_without_maintenance_Test" name="aquisition_quotes_used_car_edit_cost_price_and_check_OTR_without_maintenance_test" time="0.001"/>
  <testcase classname="com.amt.test.FL.Acquisition_Quotes_FL_FL_used_car_without_maintenance_Test" name="aquisition_quotes_used_car_holding_cost_calculations_without_maintenance_test" time="32.804">
    <failure type="org.openqa.selenium.ElementClickInterceptedException" message="element click intercepted: Element &amp;lt;div class=&amp;quot;acc-head havebtns&amp;quot;&amp;gt;...&amp;lt;/div&amp;gt; is not clickable at point (785, 412). Other element would receive the click: &amp;lt;div _ngcontent-dhh-c0=&amp;quot;&amp;quot; class=&amp;quot;loader_div&amp;quot;&amp;gt;...&amp;lt;/div&amp;gt;
  (Session info: chrome=110.0.5481.180)
Build info: version: &amp;apos;4.0.0&amp;apos;, revision: &amp;apos;3a21814679&amp;apos;
System info: host: &amp;apos;DSK-4052&amp;apos;, ip: &amp;apos;172.16.1.80&amp;apos;, os.name: &amp;apos;Windows 10&amp;apos;, os.arch: &amp;apos;amd64&amp;apos;, os.version: &amp;apos;10.0&amp;apos;, java.version: &amp;apos;17.0.6&amp;apos;
Driver info: org.openqa.selenium.chrome.ChromeDriver
Command: [7c5dfb7a8f928e48f1aeb45729de1c6c, clickElement {id=8f14d90c-9656-434f-8c33-6dc6bee5a97e}]
Capabilities {acceptInsecureCerts: false, browserName: chrome, browserVersion: 110.0.5481.180, chrome: {chromedriverVersion: 110.0.5481.77 (65ed616c6e8e..., userDataDir: C:\Users\NITEIN~1.KUR\AppDa...}, goog:chromeOptions: {debuggerAddress: localhost:60992}, javascriptEnabled: true, networkConnectionEnabled: false, pageLoadStrategy: normal, platform: WINDOWS, platformName: WINDOWS, proxy: Proxy(), se:cdp: ws://localhost:60992/devtoo..., se:cdpVersion: 110.0.5481.180, setWindowRect: true, strictFileInteractability: false, timeouts: {implicit: 0, pageLoad: 300000, script: 30000}, unhandledPromptBehavior: dismiss and notify, webauthn:extension:credBlob: true, webauthn:extension:largeBlob: true, webauthn:virtualAuthenticators: true}
Element: [[ChromeDriver: chrome on WINDOWS (7c5dfb7a8f928e48f1aeb45729de1c6c)] -&amp;gt; xpath: //div[@class=&amp;apos;acc-head havebtns&amp;apos;]]
Session ID: 7c5dfb7a8f928e48f1aeb45729de1c6c">
      <![CDATA[org.openqa.selenium.ElementClickInterceptedException: element click intercepted: Element <div class="acc-head havebtns">...</div> is not clickable at point (785, 412). Other element would receive the click: <div _ngcontent-dhh-c0="" class="loader_div">...</div>
  (Session info: chrome=110.0.5481.180)
Build info: version: '4.0.0', revision: '3a21814679'
System info: host: 'DSK-4052', ip: '172.16.1.80', os.name: 'Windows 10', os.arch: 'amd64', os.version: '10.0', java.version: '17.0.6'
Driver info: org.openqa.selenium.chrome.ChromeDriver
Command: [7c5dfb7a8f928e48f1aeb45729de1c6c, clickElement {id=8f14d90c-9656-434f-8c33-6dc6bee5a97e}]
Capabilities {acceptInsecureCerts: false, browserName: chrome, browserVersion: 110.0.5481.180, chrome: {chromedriverVersion: 110.0.5481.77 (65ed616c6e8e..., userDataDir: C:\Users\NITEIN~1.KUR\AppDa...}, goog:chromeOptions: {debuggerAddress: localhost:60992}, javascriptEnabled: true, networkConnectionEnabled: false, pageLoadStrategy: normal, platform: WINDOWS, platformName: WINDOWS, proxy: Proxy(), se:cdp: ws://localhost:60992/devtoo..., se:cdpVersion: 110.0.5481.180, setWindowRect: true, strictFileInteractability: false, timeouts: {implicit: 0, pageLoad: 300000, script: 30000}, unhandledPromptBehavior: dismiss and notify, webauthn:extension:credBlob: true, webauthn:extension:largeBlob: true, webauthn:virtualAuthenticators: true}
Element: [[ChromeDriver: chrome on WINDOWS (7c5dfb7a8f928e48f1aeb45729de1c6c)] -> xpath: //div[@class='acc-head havebtns']]
Session ID: 7c5dfb7a8f928e48f1aeb45729de1c6c
at org.openqa.selenium.remote.codec.w3c.W3CHttpResponseCodec.createException(W3CHttpResponseCodec.java:200)
at org.openqa.selenium.remote.codec.w3c.W3CHttpResponseCodec.decode(W3CHttpResponseCodec.java:133)
at org.openqa.selenium.remote.codec.w3c.W3CHttpResponseCodec.decode(W3CHttpResponseCodec.java:53)
at org.openqa.selenium.remote.HttpCommandExecutor.execute(HttpCommandExecutor.java:184)
at org.openqa.selenium.remote.service.DriverCommandExecutor.invokeExecute(DriverCommandExecutor.java:164)
at org.openqa.selenium.remote.service.DriverCommandExecutor.execute(DriverCommandExecutor.java:139)
at org.openqa.selenium.remote.RemoteWebDriver.execute(RemoteWebDriver.java:559)
at org.openqa.selenium.remote.RemoteWebElement.execute(RemoteWebElement.java:251)
at org.openqa.selenium.remote.RemoteWebElement.click(RemoteWebElement.java:77)
at org.openqa.selenium.support.pagefactory.internal.LocatingElementHandler.invoke(LocatingElementHandler.java:52)
at jdk.proxy2/jdk.proxy2.$Proxy17.click(Unknown Source)
at com.amt.testUtil.Click.on(Click.java:18)
at com.amt.HoldingCostPages.HoldingCost_HPNR_BCHPage.verify_holding_cost_for_used_car_without_maintenance(HoldingCost_HPNR_BCHPage.java:697)
at com.amt.test.FL.Acquisition_Quotes_FL_FL_used_car_without_maintenance_Test.aquisition_quotes_used_car_holding_cost_calculations_without_maintenance_test(Acquisition_Quotes_FL_FL_used_car_without_maintenance_Test.java:94)
at java.base/java.util.ArrayList.forEach(ArrayList.java:1511)
... Removed 35 stack frames]]>
    </failure>
  </testcase> <!-- aquisition_quotes_used_car_holding_cost_calculations_without_maintenance_test -->
  <testcase classname="com.amt.test.FL.Acquisition_Quotes_FL_FL_used_car_without_maintenance_Test" name="aquisition_quotes_customer_quote_payment_profile_calculations_without_maintenance_test" time="0.0">
    <skipped/>
  </testcase> <!-- aquisition_quotes_customer_quote_payment_profile_calculations_without_maintenance_test -->
  <testcase classname="com.amt.test.FL.Acquisition_Quotes_FL_FL_used_car_without_maintenance_Test" name="aquisition_quotes_quote_summary_values_verification_without_maintenance_test" time="0.0">
    <skipped/>
  </testcase> <!-- aquisition_quotes_quote_summary_values_verification_without_maintenance_test -->
  <testcase classname="com.amt.test.FL.Acquisition_Quotes_FL_PCH_used_car_with_maintenance_Test" name="aquisition_quotes_used_car_OTR_calculation_with_maintenance_test" time="40.928"/>
  <testcase classname="com.amt.test.FL.Acquisition_Quotes_FL_PCH_used_car_with_maintenance_Test" name="aquisition_quotes_used_car_edit_cost_price_and_check_OTR_with_maintenance_test" time="0.001"/>
  <testcase classname="com.amt.test.FL.Acquisition_Quotes_FL_PCH_used_car_with_maintenance_Test" name="aquisition_quotes_used_car_holding_cost_calculations_with_maintenance_test" time="78.765"/>
  <testcase classname="com.amt.test.FL.Acquisition_Quotes_FL_PCH_used_car_with_maintenance_Test" name="aquisition_quotes_customer_quote_payment_profile_calculations_with_maintenance_test" time="55.205"/>
  <testcase classname="com.amt.test.FL.Acquisition_Quotes_FL_PCH_used_car_with_maintenance_Test" name="aquisition_quotes_quote_summary_values_verification_with_maintenance_test" time="149.7"/>
  <testcase classname="com.amt.test.FL.Acquisition_Quotes_FL_FL_used_car_with_maintenance_Test" name="aquisition_quotes_used_car_OTR_calculation_with_maintenance_test" time="45.762"/>
  <testcase classname="com.amt.test.FL.Acquisition_Quotes_FL_FL_used_car_with_maintenance_Test" name="aquisition_quotes_used_car_edit_cost_price_and_check_OTR_with_maintenance_test" time="0.0"/>
  <testcase classname="com.amt.test.FL.Acquisition_Quotes_FL_FL_used_car_with_maintenance_Test" name="aquisition_quotes_used_car_holding_cost_calculations_with_maintenance_test" time="69.372"/>
  <testcase classname="com.amt.test.FL.Acquisition_Quotes_FL_FL_used_car_with_maintenance_Test" name="aquisition_quotes_customer_quote_payment_profile_calculations_with_maintenance_test" time="24.179">
    <failure type="java.lang.AssertionError" message="expected [true] but found [false]">
      <![CDATA[java.lang.AssertionError: expected [true] but found [false]
at com.amt.test.FL.Acquisition_Quotes_FL_FL_used_car_with_maintenance_Test.aquisition_quotes_customer_quote_payment_profile_calculations_with_maintenance_test(Acquisition_Quotes_FL_FL_used_car_with_maintenance_Test.java:140)
at java.base/java.util.ArrayList.forEach(ArrayList.java:1511)
... Removed 31 stack frames]]>
    </failure>
  </testcase> <!-- aquisition_quotes_customer_quote_payment_profile_calculations_with_maintenance_test -->
  <testcase classname="com.amt.test.FL.Acquisition_Quotes_FL_FL_used_car_with_maintenance_Test" name="aquisition_quotes_quote_summary_values_verification_with_maintenance_test" time="0.0">
    <skipped/>
  </testcase> <!-- aquisition_quotes_quote_summary_values_verification_with_maintenance_test -->
  <testcase classname="com.amt.test.FL.Acquisition_Quotes_FL_PCH_used_car_without_maintenance_Test" name="aquisition_quotes_HPNR_PCH_used_car_OTR_calculation_without_maintenance_test" time="45.124"/>
  <testcase classname="com.amt.test.FL.Acquisition_Quotes_FL_PCH_used_car_without_maintenance_Test" name="aquisition_quotes_HPNR_PCH_used_car_edit_cost_price_and_check_OTR_without_maintenance_test" time="0.001"/>
  <testcase classname="com.amt.test.FL.Acquisition_Quotes_FL_PCH_used_car_without_maintenance_Test" name="aquisition_quotes_HPNR_PCH_used_car_holding_cost_calculations_without_maintenance_test" time="64.496"/>
  <testcase classname="com.amt.test.FL.Acquisition_Quotes_FL_PCH_used_car_without_maintenance_Test" name="aquisition_quotes_HPNR_PCH_customer_quote_payment_profile_calculations_without_maintenance_test" time="15.401">
    <failure type="java.lang.AssertionError" message="expected [true] but found [false]">
      <![CDATA[java.lang.AssertionError: expected [true] but found [false]
at com.amt.test.FL.Acquisition_Quotes_FL_PCH_used_car_without_maintenance_Test.aquisition_quotes_HPNR_PCH_customer_quote_payment_profile_calculations_without_maintenance_test(Acquisition_Quotes_FL_PCH_used_car_without_maintenance_Test.java:139)
at java.base/java.util.ArrayList.forEach(ArrayList.java:1511)
... Removed 31 stack frames]]>
    </failure>
  </testcase> <!-- aquisition_quotes_HPNR_PCH_customer_quote_payment_profile_calculations_without_maintenance_test -->
  <testcase classname="com.amt.test.FL.Acquisition_Quotes_FL_PCH_used_car_without_maintenance_Test" name="aquisition_quotes_HPNR_PCH_quote_summary_values_verification_without_maintenance_test" time="0.0">
    <skipped/>
  </testcase> <!-- aquisition_quotes_HPNR_PCH_quote_summary_values_verification_without_maintenance_test -->
  <testcase classname="com.amt.test.FL.Acquisition_Quotes_FL_BCH_used_car_without_maintenance_Test" name="aquisition_quotes_used_car_OTR_calculation_without_maintenance_test" time="43.573"/>
  <testcase classname="com.amt.test.FL.Acquisition_Quotes_FL_BCH_used_car_without_maintenance_Test" name="aquisition_quotes_used_car_edit_cost_price_and_check_OTR_without_maintenance_test" time="0.0"/>
  <testcase classname="com.amt.test.FL.Acquisition_Quotes_FL_BCH_used_car_without_maintenance_Test" name="aquisition_quotes_used_car_holding_cost_calculations_without_maintenance_test" time="63.971"/>
  <testcase classname="com.amt.test.FL.Acquisition_Quotes_FL_BCH_used_car_without_maintenance_Test" name="aquisition_quotes_customer_quote_payment_profile_calculations_without_maintenance_test" time="14.302">
    <failure type="java.lang.AssertionError" message="expected [true] but found [false]">
      <![CDATA[java.lang.AssertionError: expected [true] but found [false]
at com.amt.test.FL.Acquisition_Quotes_FL_BCH_used_car_without_maintenance_Test.aquisition_quotes_customer_quote_payment_profile_calculations_without_maintenance_test(Acquisition_Quotes_FL_BCH_used_car_without_maintenance_Test.java:138)
at java.base/java.util.ArrayList.forEach(ArrayList.java:1511)
... Removed 31 stack frames]]>
    </failure>
  </testcase> <!-- aquisition_quotes_customer_quote_payment_profile_calculations_without_maintenance_test -->
  <testcase classname="com.amt.test.FL.Acquisition_Quotes_FL_BCH_used_car_without_maintenance_Test" name="aquisition_quotes_quote_summary_values_verification_without_maintenance_test" time="0.0">
    <skipped/>
  </testcase> <!-- aquisition_quotes_quote_summary_values_verification_without_maintenance_test -->
</testsuite> <!-- Test -->
