<html>
<head>
<title>TestNG:  Test</title>
<link href="../testng.css" rel="stylesheet" type="text/css" />
<link href="../my-testng.css" rel="stylesheet" type="text/css" />

<style type="text/css">
.log { display: none;} 
.stack-trace { display: none;} 
</style>
<script type="text/javascript">
<!--
function flip(e) {
  current = e.style.display;
  if (current == 'block') {
    e.style.display = 'none';
    return 0;
  }
  else {
    e.style.display = 'block';
    return 1;
  }
}

function toggleBox(szDivId, elem, msg1, msg2)
{
  var res = -1;  if (document.getElementById) {
    res = flip(document.getElementById(szDivId));
  }
  else if (document.all) {
    // this is the way old msie versions work
    res = flip(document.all[szDivId]);
  }
  if(elem) {
    if(res == 0) elem.innerHTML = msg1; else elem.innerHTML = msg2;
  }

}

function toggleAllBoxes() {
  if (document.getElementsByTagName) {
    d = document.getElementsByTagName('div');
    for (i = 0; i < d.length; i++) {
      if (d[i].className == 'log') {
        flip(d[i]);
      }
    }
  }
}

// -->
</script>

</head>
<body>
<h2 align='center'>Test</h2><table border='1' align="center">
<tr>
<td>Tests passed/Failed/Skipped:</td><td>7/1/4</td>
</tr><tr>
<td>Started on:</td><td>Wed Jan 03 19:11:33 IST 2024</td>
</tr>
<tr><td>Total time:</td><td>657 seconds (657428 ms)</td>
</tr><tr>
<td>Included groups:</td><td></td>
</tr><tr>
<td>Excluded groups:</td><td></td>
</tr>
</table><p/>
<small><i>(Hover the method name to see the test class name)</i></small><p/>
<table width='100%' border='1' class='invocation-failed'>
<tr><td colspan='4' align='center'><b>FAILED TESTS</b></td></tr>
<tr><td><b>Test method</b></td>
<td width="30%"><b>Exception</b></td>
<td width="10%"><b>Time (seconds)</b></td>
<td><b>Instance</b></td>
</tr>
<tr>
<td title='orders.Orders_Asset_Funding_Required_Flow_CP_BCH_with_funder_with_maintenance_Test.verify_funder_with_same_term_and_mileage_can_not_be_added_test()'><b>verify_funder_with_same_term_and_mileage_can_not_be_added_test</b><br>Test class: orders.Orders_Asset_Funding_Required_Flow_CP_BCH_with_funder_with_maintenance_Test</td>
<td><div><pre>org.testng.internal.reflect.MethodMatcherException: 
[public void orders.Orders_Asset_Funding_Required_Flow_CP_BCH_with_funder_with_maintenance_Test.verify_funder_with_same_term_and_mileage_can_not_be_added_test(java.lang.String,java.lang.String,java.lang.String,java.lang.String,java.lang.String,java.lang.String,java.lang.String,java.lang.String,java.lang.String,java.lang.String,java.lang.String,java.lang.String,java.lang.String,java.lang.String) throws java.io.IOException,java.lang.InterruptedException,java.awt.AWTException,java.lang.ClassNotFoundException] has no parameters defined but was found to be using a data provider (either explicitly specified or inherited from class level annotation).
Data provider mismatch
Method: verify_funder_with_same_term_and_mileage_can_not_be_added_test([Parameter{index=0, type=java.lang.String, declaredAnnotations=[]}, Parameter{index=1, type=java.lang.String, declaredAnnotations=[]}, Parameter{index=2, type=java.lang.String, declaredAnnotations=[]}, Parameter{index=3, type=java.lang.String, declaredAnnotations=[]}, Parameter{index=4, type=java.lang.String, declaredAnnotations=[]}, Parameter{index=5, type=java.lang.String, declaredAnnotations=[]}, Parameter{index=6, type=java.lang.String, declaredAnnotations=[]}, Parameter{index=7, type=java.lang.String, declaredAnnotations=[]}, Parameter{index=8, type=java.lang.String, declaredAnnotations=[]}, Parameter{index=9, type=java.lang.String, declaredAnnotations=[]}, Parameter{index=10, type=java.lang.String, declaredAnnotations=[]}, Parameter{index=11, type=java.lang.String, declaredAnnotations=[]}, Parameter{index=12, type=java.lang.String, declaredAnnotations=[]}, Parameter{index=13, type=java.lang.String, declaredAnnotations=[]}])
Arguments: [(java.lang.String) 5000,(java.lang.String) 1000,(java.lang.String) 200,(java.lang.String) 12,(java.lang.String) 500,(java.lang.String) 50,(java.lang.String) 6000,(java.lang.String) 20,(java.lang.String) 10,(java.lang.String) 10,(java.lang.String) CP (Formula 3) - BCH]
	at java.base/java.util.ArrayList.forEach(ArrayList.java:1511)
... Removed 22 stack frames</pre></div><a href='#' onClick='toggleBox("stack-trace499841284", this, "Click to show all stack frames", "Click to hide stack frames")'>Click to show all stack frames</a>
<div class='stack-trace' id='stack-trace499841284'><pre>org.testng.internal.reflect.MethodMatcherException: 
[public void orders.Orders_Asset_Funding_Required_Flow_CP_BCH_with_funder_with_maintenance_Test.verify_funder_with_same_term_and_mileage_can_not_be_added_test(java.lang.String,java.lang.String,java.lang.String,java.lang.String,java.lang.String,java.lang.String,java.lang.String,java.lang.String,java.lang.String,java.lang.String,java.lang.String,java.lang.String,java.lang.String,java.lang.String) throws java.io.IOException,java.lang.InterruptedException,java.awt.AWTException,java.lang.ClassNotFoundException] has no parameters defined but was found to be using a data provider (either explicitly specified or inherited from class level annotation).
Data provider mismatch
Method: verify_funder_with_same_term_and_mileage_can_not_be_added_test([Parameter{index=0, type=java.lang.String, declaredAnnotations=[]}, Parameter{index=1, type=java.lang.String, declaredAnnotations=[]}, Parameter{index=2, type=java.lang.String, declaredAnnotations=[]}, Parameter{index=3, type=java.lang.String, declaredAnnotations=[]}, Parameter{index=4, type=java.lang.String, declaredAnnotations=[]}, Parameter{index=5, type=java.lang.String, declaredAnnotations=[]}, Parameter{index=6, type=java.lang.String, declaredAnnotations=[]}, Parameter{index=7, type=java.lang.String, declaredAnnotations=[]}, Parameter{index=8, type=java.lang.String, declaredAnnotations=[]}, Parameter{index=9, type=java.lang.String, declaredAnnotations=[]}, Parameter{index=10, type=java.lang.String, declaredAnnotations=[]}, Parameter{index=11, type=java.lang.String, declaredAnnotations=[]}, Parameter{index=12, type=java.lang.String, declaredAnnotations=[]}, Parameter{index=13, type=java.lang.String, declaredAnnotations=[]}])
Arguments: [(java.lang.String) 5000,(java.lang.String) 1000,(java.lang.String) 200,(java.lang.String) 12,(java.lang.String) 500,(java.lang.String) 50,(java.lang.String) 6000,(java.lang.String) 20,(java.lang.String) 10,(java.lang.String) 10,(java.lang.String) CP (Formula 3) - BCH]
	at org.testng.internal.reflect.DataProviderMethodMatcher.getConformingArguments(DataProviderMethodMatcher.java:43)
	at org.testng.internal.Parameters.injectParameters(Parameters.java:914)
	at org.testng.internal.MethodRunner.runInSequence(MethodRunner.java:34)
	at org.testng.internal.TestInvoker$MethodInvocationAgent.invoke(TestInvoker.java:824)
	at org.testng.internal.TestInvoker.invokeTestMethods(TestInvoker.java:146)
	at org.testng.internal.TestMethodWorker.invokeTestMethods(TestMethodWorker.java:146)
	at org.testng.internal.TestMethodWorker.run(TestMethodWorker.java:128)
	at java.base/java.util.ArrayList.forEach(ArrayList.java:1511)
	at org.testng.TestRunner.privateRun(TestRunner.java:794)
	at org.testng.TestRunner.run(TestRunner.java:596)
	at org.testng.SuiteRunner.runTest(SuiteRunner.java:377)
	at org.testng.SuiteRunner.runSequentially(SuiteRunner.java:371)
	at org.testng.SuiteRunner.privateRun(SuiteRunner.java:332)
	at org.testng.SuiteRunner.run(SuiteRunner.java:276)
	at org.testng.SuiteRunnerWorker.runSuite(SuiteRunnerWorker.java:53)
	at org.testng.SuiteRunnerWorker.run(SuiteRunnerWorker.java:96)
	at org.testng.TestNG.runSuitesSequentially(TestNG.java:1212)
	at org.testng.TestNG.runSuitesLocally(TestNG.java:1134)
	at org.testng.TestNG.runSuites(TestNG.java:1063)
	at org.testng.TestNG.run(TestNG.java:1031)
	at org.testng.remote.AbstractRemoteTestNG.run(AbstractRemoteTestNG.java:115)
	at org.testng.remote.RemoteTestNG.initAndRun(RemoteTestNG.java:251)
	at org.testng.remote.RemoteTestNG.main(RemoteTestNG.java:77)
</pre></div></td>
<td>0</td>
<td>orders.Orders_Asset_Funding_Required_Flow_CP_BCH_with_funder_with_maintenance_Test@54422e18</td></tr>
</table><p>
<table width='100%' border='1' class='invocation-passed'>
<tr><td colspan='4' align='center'><b>PASSED TESTS</b></td></tr>
<tr><td><b>Test method</b></td>
<td width="30%"><b>Exception</b></td>
<td width="10%"><b>Time (seconds)</b></td>
<td><b>Instance</b></td>
</tr>
<tr>
<td title='acquisition.Acquisition_Quotes_CP_BCH_with_funder_quote_addition_with_maintenance_Test.aquisition_quotes_CP_BCH_customer_quote_payment_profile_calculations_with_maintenance_test()'><b>aquisition_quotes_CP_BCH_customer_quote_payment_profile_calculations_with_maintenance_test</b><br>Test class: acquisition.Acquisition_Quotes_CP_BCH_with_funder_quote_addition_with_maintenance_Test<br>Parameters: AUDI, A7, REF001, 05/12/26, 12, 5000, 1000, 12, 500, 50, 6000, 20, 10, 10, 10000, 6000, 2000, 1000, 199.99, 500, 200, 200, 22, 22000, YES, 20, 200, YES, 0, CP (Formula 3) - BCH<br/>
<a href="#Output-1009765947" onClick='toggleBox("Output-1009765947", this, "Show output", "Hide output");'>Show output</a>

<a href="#Output-1009765947" onClick="toggleAllBoxes();">Show all outputs</a>
<div class='log' id="Output-1009765947">
<b>Writing configuration values from property file to Excel for customer quote calculation -started</b> <br /><br/>
<b>Writing configuration values from property file to Excel for customer quote calculation -completed</b> <br /><br/>
<b>************Calculations for Customer Quote Page has been started***********</b> <br /><br/>
<b>Payment Profile Monthly in Advance option has been selected</b> <br /><br/>
<b>Writing values to Excel for customer quote calculation -started</b> <br /><br/>
<b>Writing values to Excel for customer quote calculation -completed</b> <br /><br/>
<b>Reading  Monthly Finance and Maintenance Rental from  Excel   -started</b> <br /><br/>
<b>Reading  Monthly Finance and Maintenance Rental from  Excel   -completed</b> <br /><br/>
<b>Monthly Finance Rental from Excel is =179.82581462059085</b> <br /><br/>
<b>Monthly Finance Rental from screen is 179.82</b> <br /><br/>
<b>Monthly Maintenance Rental from Excel is =60.0</b> <br /><br/>
<b>Monthly Maintenance Rental from screen is 60.0</b> <br /><br/>
<b>Monthly Finance Rental from screen (after submitting upsell values) is 217.17</b> <br /><br/>
<b>Monthly Mainte. Rental from screen ((after submitting upsell values) is 60.0</b> <br /><br/>
<b>Writing upsell values to excel</b> <br /><br/>
<b>Monthly Finance Rental from Excel (after submitting upsell values) is 217.17659824003167</b> <br /><br/>
<b>Monthly Mainte. Rental from Excel ((after submitting upsell values) is 60.0</b> <br /><br/>
<b>Monthly finance and maint. rental (after submitting upsell values) is found OK</b> <br /><br/>
<b>Clicked on Part Exchange panel</b> <br /><br/>
<b>Expected Monthly Finance Rental From Excel is =217.17659824003167</b> <br /><br/>
<b>Actuacl Monthly Finance Rental From screen is =217.17</b> <br /><br/>
<b>Expected Monthly Maint. Rental From Excel is =60.0</b> <br /><br/>
<b>Actuacl Monthly Maint. Rental From screen is =60.0</b> <br /><br/>
<b></b> <br /><br/>
<b>Balance Due value started verifying</b> <br /><br/>
<b>Balance due value Actual from screen is -2760.01</b> <br /><br/>
<b></b> <br /><br/>
<b>Balance due value Expected from Excel is -2760.0119999999997</b> <br /><br/>
<b></b> <br /><br/>
<b>Balance due value (with part exchange values) is verified and found ok</b> <br /><br/>
<b>Monthly Finance Rental from screen (after updating customer quote summary upsell value) is 235.85</b> <br /><br/>
<b>Monthly Mainte. Rental from screen (after updating customer quote summary upsell value) is 60.0</b> <br /><br/>
<b>Writing upsell values to excel</b> <br /><br/>
<b>Monthly Finance Rental from Excel (after updating customer quote summary upsell value) is 235.85199004975166</b> <br /><br/>
<b>Monthly Mainte. Rental from Excel (after updating customer quote summary upsell value) is 60.0</b> <br /><br/>
<b>Monthly finance and maint. rental (after updating customer quote summary upsell value) is found OK</b> <br /><br/>
</div>
</td>
<td></td>
<td>117</td>
<td>acquisition.Acquisition_Quotes_CP_BCH_with_funder_quote_addition_with_maintenance_Test@76b1e9b8</td></tr>
<tr>
<td title='orders.Orders_Asset_Funding_Required_Flow_CP_BCH_with_funder_with_maintenance_Test.verify_default_status_required_flow_test()'><b>verify_default_status_required_flow_test</b><br>Test class: orders.Orders_Asset_Funding_Required_Flow_CP_BCH_with_funder_with_maintenance_Test<br/>
<a href="#Output-65332817" onClick='toggleBox("Output-65332817", this, "Show output", "Hide output");'>Show output</a>

<a href="#Output-65332817" onClick="toggleAllBoxes();">Show all outputs</a>
<div class='log' id="Output-65332817">
<b></b> <br /><br/>
<b>Started verifying Default Status for BCH required flow</b> <br /><br/>
<b>Default Status for BCH required flow Found OK i.e Quote Accepted because Funder is already added from acquisition quote</b> <br /><br/>
</div>
</td>
<td></td>
<td>11</td>
<td>orders.Orders_Asset_Funding_Required_Flow_CP_BCH_with_funder_with_maintenance_Test@54422e18</td></tr>
<tr>
<td title='orders.Orders_Asset_Funding_Required_Flow_CP_BCH_with_funder_with_maintenance_Test.open_order_created_in_acquisition_test()'><b>open_order_created_in_acquisition_test</b><br>Test class: orders.Orders_Asset_Funding_Required_Flow_CP_BCH_with_funder_with_maintenance_Test<br/>
<a href="#Output-1452582178" onClick='toggleBox("Output-1452582178", this, "Show output", "Hide output");'>Show output</a>

<a href="#Output-1452582178" onClick="toggleAllBoxes();">Show all outputs</a>
<div class='log' id="Output-1452582178">
<b></b> <br /><br/>
<b>Searching for Order ID OQ-46055</b> <br /><br/>
</div>
</td>
<td></td>
<td>64</td>
<td>orders.Orders_Asset_Funding_Required_Flow_CP_BCH_with_funder_with_maintenance_Test@54422e18</td></tr>
<tr>
<td title='acquisition.Acquisition_Quotes_CP_BCH_with_funder_quote_addition_with_maintenance_Test.aquisition_quotes_CP_BCH_holding_cost_calculations_with_maintenance_test()'><b>aquisition_quotes_CP_BCH_holding_cost_calculations_with_maintenance_test</b><br>Test class: acquisition.Acquisition_Quotes_CP_BCH_with_funder_quote_addition_with_maintenance_Test<br>Parameters: AUDI, A7, REF001, 05/12/26, 12, 5000, 1000, 12, 500, 50, 6000, 20, 10, 10, 10000, 6000, 2000, 1000, 199.99, 500, 200, 200, 22, 22000, YES, 20, 200, YES, 0, CP (Formula 3) - BCH<br/>
<a href="#Output-1741129421" onClick='toggleBox("Output-1741129421", this, "Show output", "Hide output");'>Show output</a>

<a href="#Output-1741129421" onClick="toggleAllBoxes();">Show all outputs</a>
<div class='log' id="Output-1741129421">
<b>***********Entered in holding cost page ***********</b> <br /><br/>
<b>Writing Holding Cost Summary values to excel has been completed</b> <br /><br/>
<b>Reading Monthly Holding Cost value from excel</b> <br /><br/>
<b>Total_monthly_holding_cost_from_screen =-167.96</b> <br /><br/>
<b>Total_monthly_holding_cost_from_excel =-167.95833333333334</b> <br /><br/>
</div>
</td>
<td></td>
<td>50</td>
<td>acquisition.Acquisition_Quotes_CP_BCH_with_funder_quote_addition_with_maintenance_Test@76b1e9b8</td></tr>
<tr>
<td title='acquisition.Acquisition_Quotes_CP_BCH_with_funder_quote_addition_with_maintenance_Test.aquisition_quotes_CP_BCH_after_discount_calculations_with_maintenance_test()'><b>aquisition_quotes_CP_BCH_after_discount_calculations_with_maintenance_test</b><br>Test class: acquisition.Acquisition_Quotes_CP_BCH_with_funder_quote_addition_with_maintenance_Test<br>Parameters: AUDI, A7, REF001, 05/12/26, 12, 5000, 1000, 12, 500, 50, 6000, 20, 10, 10, 10000, 6000, 2000, 1000, 199.99, 500, 200, 200, 22, 22000, YES, 20, 200, YES, 0, CP (Formula 3) - BCH<br/>
<a href="#Output-405896778" onClick='toggleBox("Output-405896778", this, "Show output", "Hide output");'>Show output</a>

<a href="#Output-405896778" onClick="toggleAllBoxes();">Show all outputs</a>
<div class='log' id="Output-405896778">
<b>*********Calculations for On Road Price has been started***********</b> <br /><br/>
<b>Started getting On screen values from after discount table </b> <br /><br/>
<b>Manufacture_delivery_charges =550.0</b> <br /><br/>
<b>Road_tax_first_year =585.0</b> <br /><br/>
<b>First_registration_fee =65.0</b> <br /><br/>
<b>Rebate =0.0</b> <br /><br/>
<b>Writing After discount values to excel has been started</b> <br /><br/>
<b>Writing After discount values to excel has been completed</b> <br /><br/>
<b>Reading On Road Price for invoice from excel has been Started</b> <br /><br/>
<b>Reading On Road Price for invoice from excel has been completed</b> <br /><br/>
<b>Expected on the road price from excel is =58535.0</b> <br /><br/>
<b>Actual on the road price from screen is =58535.00</b> <br /><br/>
</div>
</td>
<td></td>
<td>4</td>
<td>acquisition.Acquisition_Quotes_CP_BCH_with_funder_quote_addition_with_maintenance_Test@76b1e9b8</td></tr>
<tr>
<td title='acquisition.Acquisition_Quotes_CP_BCH_with_funder_quote_addition_with_maintenance_Test.aquisition_quotes_CP_BCH_quote_summary_values_verification_with_maintenance_test()'><b>aquisition_quotes_CP_BCH_quote_summary_values_verification_with_maintenance_test</b><br>Test class: acquisition.Acquisition_Quotes_CP_BCH_with_funder_quote_addition_with_maintenance_Test<br>Parameters: AUDI, A7, REF001, 05/12/26, 12, 5000, 1000, 12, 500, 50, 6000, 20, 10, 10, 10000, 6000, 2000, 1000, 199.99, 500, 200, 200, 22, 22000, YES, 20, 200, YES, 0, CP (Formula 3) - BCH<br/>
<a href="#Output-2018301841" onClick='toggleBox("Output-2018301841", this, "Show output", "Hide output");'>Show output</a>

<a href="#Output-2018301841" onClick="toggleAllBoxes();">Show all outputs</a>
<div class='log' id="Output-2018301841">
<b>*********Customer Quote generated successfully and Quote_ref_no is=EUY58130</b> <br /><br/>
<b>*************OTR Calulation on quote summary page has been started************</b> <br /><br/>
<b>Reading values from OTR calculation -Quote Summary Page</b> <br /><br/>
<b></b> <br /><br/>
<b>Cost otr price from screen is 58535.0</b> <br /><br/>
<b>Cost price ex vat and rfl from screen is 48237.5</b> <br /><br/>
<b>Otr Vat from screen is 9647.5</b> <br /><br/>
<b>Otr rfl and frf from screen is 650.0</b> <br /><br/>
<b></b> <br /><br/>
<b>Cost otr price from excel is 58535.0</b> <br /><br/>
<b>Cost price ex vat and rfl from excel is 48237.5</b> <br /><br/>
<b>Otr Vat from excel is 9647.5</b> <br /><br/>
<b>Otr rfl and frf from excel is 650.0</b> <br /><br/>
<b></b> <br /><br/>
<b>OTR price compared</b> <br /><br/>
<b>Cost price ex vat and rfl compared</b> <br /><br/>
<b>VAT compared</b> <br /><br/>
<b>RFL & FRF compared</b> <br /><br/>
<b>*************Holding Cost Calulation on quote summary page has been started************</b> <br /><br/>
<b>Reading values from Holding Cost summary -Quote Summary Page</b> <br /><br/>
<b></b> <br /><br/>
<b>Holding cost Terms from screen12.0</b> <br /><br/>
<b>Holding cost miles per annum from screen is 5000.0</b> <br /><br/>
<b>Holding cost monthly finance cost from screen is -217.96</b> <br /><br/>
<b>Holding cost monthly maint cost used from screen is 50.0</b> <br /><br/>
<b>Holding cost total monthly holding cost from screen is -167.96</b> <br /><br/>
<b></b> <br /><br/>
<b>Holding cost Terms from excel is 12.0</b> <br /><br/>
<b>Holding cost miles per annum from excel is 5000.0</b> <br /><br/>
<b>Holding cost monthly finance cost from excel is -217.95833333333334</b> <br /><br/>
<b>Holding cost monthly maint cost used from excel is 50.0</b> <br /><br/>
<b>Holding cost total monthly holding cost from excel is -167.95833333333334</b> <br /><br/>
<b>terms compared</b> <br /><br/>
<b>Miles per annum compared</b> <br /><br/>
<b>Finance cost compared</b> <br /><br/>
<b>Maint cost used  compared</b> <br /><br/>
<b>Total Monthly Holding Cost compared</b> <br /><br/>
<b></b> <br /><br/>
<b>********Balance Due value started verifying**********</b> <br /><br/>
<b>Balance due value Actual from screen is -2760.01</b> <br /><br/>
<b></b> <br /><br/>
<b>Balance due value Expected from Excel is -2760.0119999999997</b> <br /><br/>
<b></b> <br /><br/>
<b>Balance due value (with part exchange values) is verified and found ok</b> <br /><br/>
<b>*************Customer Quote Calulation on quote summary page has been started************</b> <br /><br/>
<b>Terms found OK</b> <br /><br/>
<b>miles found OK</b> <br /><br/>
<b>Monthly Finance Rental found OK</b> <br /><br/>
<b>Monthly Maintenance Rental found OK</b> <br /><br/>
<b>Initial Finance Rental found OK</b> <br /><br/>
<b>Initial Maint Rental found OK</b> <br /><br/>
<b>Initial Total Rental found OK</b> <br /><br/>
<b>Part Exchange Value - found OK</b> <br /><br/>
<b>Followed By months - found OK</b> <br /><br/>
<b>Pence per excess mile finance - found OK</b> <br /><br/>
<b>Pence per excess mile Maintenance - found OK</b> <br /><br/>
<b>Pence per excess mile total - found OK</b> <br /><br/>
<b>Document Fee - found OK</b> <br /><br/>
<b>Upsell - found OK</b> <br /><br/>
<b>Default Finance Commission - found OK</b> <br /><br/>
<b>Upsell Commission - found OK</b> <br /><br/>
<b>Maintenance Commission - found OK</b> <br /><br/>
<b>Document Fee Commission - found OK</b> <br /><br/>
<b>Total Commission - found OK</b> <br /><br/>
<b>Referrer Commission - found OK</b> <br /><br/>
<b>*************Configuration Values Verification on quote summary page has been started************</b> <br /><br/>
<b>Finance Margin found OK</b> <br /><br/>
<b>Deductions found OK</b> <br /><br/>
<b>Additional Margin found OK</b> <br /><br/>
<b>Total Margin found OK</b> <br /><br/>
<b>Default Broker Margin percentage found OK</b> <br /><br/>
<b>Broker Upsell Margin percentage found OK</b> <br /><br/>
<b>Broker Upsell Margin  found OK</b> <br /><br/>
<b>Maintenance Margin  found OK</b> <br /><br/>
<b>Document Fee Margin  found OK</b> <br /><br/>
<b>Refferer Margin  found OK</b> <br /><br/>
<b> </b> <br /><br/>
<b>*****Creating Order Started*****</b> <br /><br/>
<b> </b> <br /><br/>
<b>***** Order Created Successfully *****</b> <br /><br/>
<b>Order ID OQ-46055 is saved to Excel sheet named Quote Save, in the sheet Order_ID</b> <br /><br/>
<b>*****xxxxxxxxxxxxxxxxxxxxxxxxxxxxx*****</b> <br /><br/>
</div>
</td>
<td></td>
<td>255</td>
<td>acquisition.Acquisition_Quotes_CP_BCH_with_funder_quote_addition_with_maintenance_Test@76b1e9b8</td></tr>
<tr>
<td title='acquisition.Acquisition_Quotes_CP_BCH_with_funder_quote_addition_with_maintenance_Test.aquisition_quotes_CP_BCH_OTR_calculation_with_maintenance_test()'><b>aquisition_quotes_CP_BCH_OTR_calculation_with_maintenance_test</b><br>Test class: acquisition.Acquisition_Quotes_CP_BCH_with_funder_quote_addition_with_maintenance_Test<br>Parameters: AUDI, A7, REF001, 05/12/26, 12, 5000, 1000, 12, 500, 50, 6000, 20, 10, 10, 10000, 6000, 2000, 1000, 199.99, 500, 200, 200, 22, 22000, YES, 20, 200, YES, 0, CP (Formula 3) - BCH<br/>
<a href="#Output-836371508" onClick='toggleBox("Output-836371508", this, "Show output", "Hide output");'>Show output</a>

<a href="#Output-836371508" onClick="toggleAllBoxes();">Show all outputs</a>
<div class='log' id="Output-836371508">
<b>Clicking on New quote</b> <br /><br/>
<b>Clicked on Quote button </b> <br /><br/>
<b>Manufacture =AUDI has been selected</b> <br /><br/>
<b>Model range =A7 has been selected</b> <br /><br/>
<b>Vehicle has been selected</b> <br /><br/>
<b>Paint option has been selected</b> <br /><br/>
<b>Interior option has been selected</b> <br /><br/>
<b> Acquisition Contract type option = Contract Purchase has been selected</b> <br /><br/>
<b> Customer Contract type option = Business Contract Hire(BCH) has been selected</b> <br /><br/>
<b>Getting Basic Price- Vehicle value is  =46854.17</b> <br /><br/>
<b>Getting Basic Price - Paint  value is  =0.00</b> <br /><br/>
<b>Getting  Basic Price - Options value is   =833.33</b> <br /><br/>
<b>Getting Discount- Vehicle value is  =0.00</b> <br /><br/>
<b>Getting   Discount - Paint value is   =0.00</b> <br /><br/>
<b>Getting  Discount- Options value is   =0.00</b> <br /><br/>
<b>Getting Additional Discount- Vehicle value is  =0.00</b> <br /><br/>
<b>Getting  Additional Discount - paint value is  =0.00</b> <br /><br/>
<b>Getting  Additional Discount - Options value is  =0.00</b> <br /><br/>
<b>Writing OTR table values to excel sheet -Started </b> <br /><br/>
<b>Writing OTR table values to excel sheet -Completed </b> <br /><br/>
<b>Reading Subtotal After Discount from excel sheet -Started </b> <br /><br/>
<b>Reading Subtotal After Discount from excel sheet -Started </b> <br /><br/>
<b>Subtotal After Discount from excel sheet is =47687.5</b> <br /><br/>
<b>Subtotal after discount actual value from screen =Â£ 47,687.50</b> <br /><br/>
</div>
</td>
<td></td>
<td>121</td>
<td>acquisition.Acquisition_Quotes_CP_BCH_with_funder_quote_addition_with_maintenance_Test@76b1e9b8</td></tr>
</table><p>
<table width='100%' border='1' class='invocation-skipped'>
<tr><td colspan='4' align='center'><b>SKIPPED TESTS</b></td></tr>
<tr><td><b>Test method</b></td>
<td width="30%"><b>Exception</b></td>
<td width="10%"><b>Time (seconds)</b></td>
<td><b>Instance</b></td>
</tr>
<tr>
<td title='orders.Orders_Asset_Funding_Required_Flow_CP_BCH_with_funder_with_maintenance_Test.verify_residualValue_and_maintCost_fields_are_freezed_after_selecting_a_funder_test()'><b>verify_residualValue_and_maintCost_fields_are_freezed_after_selecting_a_funder_test</b><br>Test class: orders.Orders_Asset_Funding_Required_Flow_CP_BCH_with_funder_with_maintenance_Test</td>
<td><div><pre>java.lang.Throwable: Method Orders_Asset_Funding_Required_Flow_CP_BCH_with_funder_with_maintenance_Test.verify_residualValue_and_maintCost_fields_are_freezed_after_selecting_a_funder_test()[pri:6, instance:orders.Orders_Asset_Funding_Required_Flow_CP_BCH_with_funder_with_maintenance_Test@54422e18] depends on not successfully finished methods
	at java.base/java.util.ArrayList.forEach(ArrayList.java:1511)
... Removed 18 stack frames</pre></div><a href='#' onClick='toggleBox("stack-trace1276165318", this, "Click to show all stack frames", "Click to hide stack frames")'>Click to show all stack frames</a>
<div class='stack-trace' id='stack-trace1276165318'><pre>java.lang.Throwable: Method Orders_Asset_Funding_Required_Flow_CP_BCH_with_funder_with_maintenance_Test.verify_residualValue_and_maintCost_fields_are_freezed_after_selecting_a_funder_test()[pri:6, instance:orders.Orders_Asset_Funding_Required_Flow_CP_BCH_with_funder_with_maintenance_Test@54422e18] depends on not successfully finished methods
	at org.testng.internal.TestInvoker.invokeTestMethods(TestInvoker.java:102)
	at org.testng.internal.TestMethodWorker.invokeTestMethods(TestMethodWorker.java:146)
	at org.testng.internal.TestMethodWorker.run(TestMethodWorker.java:128)
	at java.base/java.util.ArrayList.forEach(ArrayList.java:1511)
	at org.testng.TestRunner.privateRun(TestRunner.java:794)
	at org.testng.TestRunner.run(TestRunner.java:596)
	at org.testng.SuiteRunner.runTest(SuiteRunner.java:377)
	at org.testng.SuiteRunner.runSequentially(SuiteRunner.java:371)
	at org.testng.SuiteRunner.privateRun(SuiteRunner.java:332)
	at org.testng.SuiteRunner.run(SuiteRunner.java:276)
	at org.testng.SuiteRunnerWorker.runSuite(SuiteRunnerWorker.java:53)
	at org.testng.SuiteRunnerWorker.run(SuiteRunnerWorker.java:96)
	at org.testng.TestNG.runSuitesSequentially(TestNG.java:1212)
	at org.testng.TestNG.runSuitesLocally(TestNG.java:1134)
	at org.testng.TestNG.runSuites(TestNG.java:1063)
	at org.testng.TestNG.run(TestNG.java:1031)
	at org.testng.remote.AbstractRemoteTestNG.run(AbstractRemoteTestNG.java:115)
	at org.testng.remote.RemoteTestNG.initAndRun(RemoteTestNG.java:251)
	at org.testng.remote.RemoteTestNG.main(RemoteTestNG.java:77)
</pre></div></td>
<td>0</td>
<td>orders.Orders_Asset_Funding_Required_Flow_CP_BCH_with_funder_with_maintenance_Test@54422e18</td></tr>
<tr>
<td title='orders.Orders_Asset_Funding_Required_Flow_CP_BCH_with_funder_with_maintenance_Test.verify_holding_cost_doesnt_change_if_funder_quote_is_selected_test()'><b>verify_holding_cost_doesnt_change_if_funder_quote_is_selected_test</b><br>Test class: orders.Orders_Asset_Funding_Required_Flow_CP_BCH_with_funder_with_maintenance_Test</td>
<td><div><pre>java.lang.Throwable: Method Orders_Asset_Funding_Required_Flow_CP_BCH_with_funder_with_maintenance_Test.verify_holding_cost_doesnt_change_if_funder_quote_is_selected_test()[pri:7, instance:orders.Orders_Asset_Funding_Required_Flow_CP_BCH_with_funder_with_maintenance_Test@54422e18] depends on not successfully finished methods
	at java.base/java.util.ArrayList.forEach(ArrayList.java:1511)
... Removed 18 stack frames</pre></div><a href='#' onClick='toggleBox("stack-trace1076608604", this, "Click to show all stack frames", "Click to hide stack frames")'>Click to show all stack frames</a>
<div class='stack-trace' id='stack-trace1076608604'><pre>java.lang.Throwable: Method Orders_Asset_Funding_Required_Flow_CP_BCH_with_funder_with_maintenance_Test.verify_holding_cost_doesnt_change_if_funder_quote_is_selected_test()[pri:7, instance:orders.Orders_Asset_Funding_Required_Flow_CP_BCH_with_funder_with_maintenance_Test@54422e18] depends on not successfully finished methods
	at org.testng.internal.TestInvoker.invokeTestMethods(TestInvoker.java:102)
	at org.testng.internal.TestMethodWorker.invokeTestMethods(TestMethodWorker.java:146)
	at org.testng.internal.TestMethodWorker.run(TestMethodWorker.java:128)
	at java.base/java.util.ArrayList.forEach(ArrayList.java:1511)
	at org.testng.TestRunner.privateRun(TestRunner.java:794)
	at org.testng.TestRunner.run(TestRunner.java:596)
	at org.testng.SuiteRunner.runTest(SuiteRunner.java:377)
	at org.testng.SuiteRunner.runSequentially(SuiteRunner.java:371)
	at org.testng.SuiteRunner.privateRun(SuiteRunner.java:332)
	at org.testng.SuiteRunner.run(SuiteRunner.java:276)
	at org.testng.SuiteRunnerWorker.runSuite(SuiteRunnerWorker.java:53)
	at org.testng.SuiteRunnerWorker.run(SuiteRunnerWorker.java:96)
	at org.testng.TestNG.runSuitesSequentially(TestNG.java:1212)
	at org.testng.TestNG.runSuitesLocally(TestNG.java:1134)
	at org.testng.TestNG.runSuites(TestNG.java:1063)
	at org.testng.TestNG.run(TestNG.java:1031)
	at org.testng.remote.AbstractRemoteTestNG.run(AbstractRemoteTestNG.java:115)
	at org.testng.remote.RemoteTestNG.initAndRun(RemoteTestNG.java:251)
	at org.testng.remote.RemoteTestNG.main(RemoteTestNG.java:77)
</pre></div></td>
<td>0</td>
<td>orders.Orders_Asset_Funding_Required_Flow_CP_BCH_with_funder_with_maintenance_Test@54422e18</td></tr>
<tr>
<td title='orders.Orders_Asset_Funding_Required_Flow_CP_BCH_with_funder_with_maintenance_Test.verify_funder_with_different_term_and_mileage_can_be_added_test()'><b>verify_funder_with_different_term_and_mileage_can_be_added_test</b><br>Test class: orders.Orders_Asset_Funding_Required_Flow_CP_BCH_with_funder_with_maintenance_Test</td>
<td><div><pre>java.lang.Throwable: Method Orders_Asset_Funding_Required_Flow_CP_BCH_with_funder_with_maintenance_Test.verify_funder_with_different_term_and_mileage_can_be_added_test(java.lang.String,java.lang.String,java.lang.String,java.lang.String,java.lang.String,java.lang.String,java.lang.String,java.lang.String,java.lang.String,java.lang.String,java.lang.String,java.lang.String,java.lang.String,java.lang.String)[pri:4, instance:orders.Orders_Asset_Funding_Required_Flow_CP_BCH_with_funder_with_maintenance_Test@54422e18] depends on not successfully finished methods
	at java.base/java.util.ArrayList.forEach(ArrayList.java:1511)
... Removed 18 stack frames</pre></div><a href='#' onClick='toggleBox("stack-trace663895212", this, "Click to show all stack frames", "Click to hide stack frames")'>Click to show all stack frames</a>
<div class='stack-trace' id='stack-trace663895212'><pre>java.lang.Throwable: Method Orders_Asset_Funding_Required_Flow_CP_BCH_with_funder_with_maintenance_Test.verify_funder_with_different_term_and_mileage_can_be_added_test(java.lang.String,java.lang.String,java.lang.String,java.lang.String,java.lang.String,java.lang.String,java.lang.String,java.lang.String,java.lang.String,java.lang.String,java.lang.String,java.lang.String,java.lang.String,java.lang.String)[pri:4, instance:orders.Orders_Asset_Funding_Required_Flow_CP_BCH_with_funder_with_maintenance_Test@54422e18] depends on not successfully finished methods
	at org.testng.internal.TestInvoker.invokeTestMethods(TestInvoker.java:102)
	at org.testng.internal.TestMethodWorker.invokeTestMethods(TestMethodWorker.java:146)
	at org.testng.internal.TestMethodWorker.run(TestMethodWorker.java:128)
	at java.base/java.util.ArrayList.forEach(ArrayList.java:1511)
	at org.testng.TestRunner.privateRun(TestRunner.java:794)
	at org.testng.TestRunner.run(TestRunner.java:596)
	at org.testng.SuiteRunner.runTest(SuiteRunner.java:377)
	at org.testng.SuiteRunner.runSequentially(SuiteRunner.java:371)
	at org.testng.SuiteRunner.privateRun(SuiteRunner.java:332)
	at org.testng.SuiteRunner.run(SuiteRunner.java:276)
	at org.testng.SuiteRunnerWorker.runSuite(SuiteRunnerWorker.java:53)
	at org.testng.SuiteRunnerWorker.run(SuiteRunnerWorker.java:96)
	at org.testng.TestNG.runSuitesSequentially(TestNG.java:1212)
	at org.testng.TestNG.runSuitesLocally(TestNG.java:1134)
	at org.testng.TestNG.runSuites(TestNG.java:1063)
	at org.testng.TestNG.run(TestNG.java:1031)
	at org.testng.remote.AbstractRemoteTestNG.run(AbstractRemoteTestNG.java:115)
	at org.testng.remote.RemoteTestNG.initAndRun(RemoteTestNG.java:251)
	at org.testng.remote.RemoteTestNG.main(RemoteTestNG.java:77)
</pre></div></td>
<td>0</td>
<td>orders.Orders_Asset_Funding_Required_Flow_CP_BCH_with_funder_with_maintenance_Test@54422e18</td></tr>
<tr>
<td title='orders.Orders_Asset_Funding_Required_Flow_CP_BCH_with_funder_with_maintenance_Test.verify_holding_cost_after_selecting_newly_added_funder_test()'><b>verify_holding_cost_after_selecting_newly_added_funder_test</b><br>Test class: orders.Orders_Asset_Funding_Required_Flow_CP_BCH_with_funder_with_maintenance_Test</td>
<td><div><pre>java.lang.Throwable: Method Orders_Asset_Funding_Required_Flow_CP_BCH_with_funder_with_maintenance_Test.verify_holding_cost_after_selecting_newly_added_funder_test(java.lang.String,java.lang.String,java.lang.String,java.lang.String,java.lang.String,java.lang.String,java.lang.String,java.lang.String,java.lang.String,java.lang.String,java.lang.String,java.lang.String,java.lang.String,java.lang.String)[pri:5, instance:orders.Orders_Asset_Funding_Required_Flow_CP_BCH_with_funder_with_maintenance_Test@54422e18] depends on not successfully finished methods
	at java.base/java.util.ArrayList.forEach(ArrayList.java:1511)
... Removed 18 stack frames</pre></div><a href='#' onClick='toggleBox("stack-trace1799798168", this, "Click to show all stack frames", "Click to hide stack frames")'>Click to show all stack frames</a>
<div class='stack-trace' id='stack-trace1799798168'><pre>java.lang.Throwable: Method Orders_Asset_Funding_Required_Flow_CP_BCH_with_funder_with_maintenance_Test.verify_holding_cost_after_selecting_newly_added_funder_test(java.lang.String,java.lang.String,java.lang.String,java.lang.String,java.lang.String,java.lang.String,java.lang.String,java.lang.String,java.lang.String,java.lang.String,java.lang.String,java.lang.String,java.lang.String,java.lang.String)[pri:5, instance:orders.Orders_Asset_Funding_Required_Flow_CP_BCH_with_funder_with_maintenance_Test@54422e18] depends on not successfully finished methods
	at org.testng.internal.TestInvoker.invokeTestMethods(TestInvoker.java:102)
	at org.testng.internal.TestMethodWorker.invokeTestMethods(TestMethodWorker.java:146)
	at org.testng.internal.TestMethodWorker.run(TestMethodWorker.java:128)
	at java.base/java.util.ArrayList.forEach(ArrayList.java:1511)
	at org.testng.TestRunner.privateRun(TestRunner.java:794)
	at org.testng.TestRunner.run(TestRunner.java:596)
	at org.testng.SuiteRunner.runTest(SuiteRunner.java:377)
	at org.testng.SuiteRunner.runSequentially(SuiteRunner.java:371)
	at org.testng.SuiteRunner.privateRun(SuiteRunner.java:332)
	at org.testng.SuiteRunner.run(SuiteRunner.java:276)
	at org.testng.SuiteRunnerWorker.runSuite(SuiteRunnerWorker.java:53)
	at org.testng.SuiteRunnerWorker.run(SuiteRunnerWorker.java:96)
	at org.testng.TestNG.runSuitesSequentially(TestNG.java:1212)
	at org.testng.TestNG.runSuitesLocally(TestNG.java:1134)
	at org.testng.TestNG.runSuites(TestNG.java:1063)
	at org.testng.TestNG.run(TestNG.java:1031)
	at org.testng.remote.AbstractRemoteTestNG.run(AbstractRemoteTestNG.java:115)
	at org.testng.remote.RemoteTestNG.initAndRun(RemoteTestNG.java:251)
	at org.testng.remote.RemoteTestNG.main(RemoteTestNG.java:77)
</pre></div></td>
<td>0</td>
<td>orders.Orders_Asset_Funding_Required_Flow_CP_BCH_with_funder_with_maintenance_Test@54422e18</td></tr>
</table><p>
</body>
</html>