<?xml version="1.0" encoding="UTF-8"?>
<!-- Generated by org.testng.reporters.JUnitXMLReporter -->
<testsuite ignored="2" hostname="DSK-4052" failures="0" tests="12" name="Test" time="813.068" errors="0" timestamp="2024-06-20T12:36:16 IST">
  <testcase classname="acquisition.Acquisition_Quotes_CP_BCH_with_funder_quote_addition_with_maintenance_Test" name="aquisition_quotes_CP_BCH_OTR_calculation_with_maintenance_test" time="142.673"/>
  <testcase classname="acquisition.Acquisition_Quotes_CP_BCH_with_funder_quote_addition_with_maintenance_Test" name="aquisition_quotes_CP_BCH_after_discount_calculations_with_maintenance_test" time="4.491"/>
  <testcase classname="acquisition.Acquisition_Quotes_CP_BCH_with_funder_quote_addition_with_maintenance_Test" name="aquisition_quotes_CP_BCH_holding_cost_calculations_with_maintenance_test" time="81.973"/>
  <testcase classname="acquisition.Acquisition_Quotes_CP_BCH_with_funder_quote_addition_with_maintenance_Test" name="aquisition_quotes_CP_BCH_customer_quote_payment_profile_calculations_with_maintenance_test" time="107.022"/>
  <testcase classname="acquisition.Acquisition_Quotes_CP_BCH_with_funder_quote_addition_with_maintenance_Test" name="aquisition_quotes_CP_BCH_quote_summary_values_verification_with_maintenance_test" time="233.47"/>
  <testcase classname="orders.Orders_Asset_Funding_Required_Flow_CP_BCH_with_funder_with_maintenance_Test" name="open_order_created_in_acquisition_test" time="90.977"/>
  <testcase classname="orders.Orders_Asset_Funding_Required_Flow_CP_BCH_with_funder_with_maintenance_Test" name="verify_default_status_required_flow_test" time="17.581"/>
  <testcase classname="orders.Orders_Asset_Funding_Required_Flow_CP_BCH_with_funder_with_maintenance_Test" name="verify_funder_with_same_term_and_mileage_can_not_be_added_test" time="43.802"/>
  <testcase classname="orders.Orders_Asset_Funding_Required_Flow_CP_BCH_with_funder_with_maintenance_Test" name="verify_funder_with_different_term_and_mileage_can_be_added_test" time="34.982"/>
  <testcase classname="orders.Orders_Asset_Funding_Required_Flow_CP_BCH_with_funder_with_maintenance_Test" name="verify_holding_cost_after_selecting_newly_added_funder_test" time="11.91"/>
  <testcase classname="orders.Orders_Asset_Funding_Required_Flow_CP_BCH_with_funder_with_maintenance_Test" name="verify_residualValue_and_maintCost_fields_are_freezed_after_selecting_a_funder_test" time="11.182"/>
  <testcase classname="orders.Orders_Asset_Funding_Required_Flow_CP_BCH_with_funder_with_maintenance_Test" name="verify_holding_cost_doesnt_change_if_funder_quote_is_selected_test" time="8.202"/>
  <testcase classname="com.amt.testBase.TestBase" name="@AfterSuite end" time="0.0">
    <ignored/>
  </testcase> <!-- @AfterSuite end -->
  <testcase classname="com.amt.testBase.TestBase" name="@BeforeTest start_info" time="0.0">
    <ignored/>
  </testcase> <!-- @BeforeTest start_info -->
</testsuite> <!-- Test -->
