<?xml version="1.0" encoding="UTF-8"?>
<!-- Generated by org.testng.reporters.JUnitXMLReporter -->
<testsuite ignored="0" hostname="DSK-4052" failures="0" tests="27" name="Verify With Customer Flow For Ownbook Purchase Funder" time="1364.198" errors="0" timestamp="2024-01-19T14:48:37 IST">
  <testcase classname="orders.Orders_Verify_used_car_ownbook_business_purchase_funder_With_Customer_Flow_Test" name="T1_open_order_created_in_acquisition_test" time="90.515"/>
  <testcase classname="orders.Orders_Verify_used_car_ownbook_business_purchase_funder_With_Customer_Flow_Test" name="T2_pre_order_pass_check_in_customer_contract_tab_test" time="17.471"/>
  <testcase classname="orders.Orders_Verify_used_car_ownbook_business_purchase_funder_With_Customer_Flow_Test" name="T3_verify_that_editing_the_basic_cash_price_does_not_affect_the_monthly_payment_on_customer_contract_tab_test" time="56.075"/>
  <testcase classname="orders.Orders_Verify_used_car_ownbook_business_purchase_funder_With_Customer_Flow_Test" name="T4_verify_that_same_funder_with_same_term_and_mileage_can_not_be_added_for_with_customer_flow_test" time="32.982"/>
  <testcase classname="orders.Orders_Verify_used_car_ownbook_business_purchase_funder_With_Customer_Flow_Test" name="T5_verify_that_deselecting_the_selected_funder_does_not_affect_the_monthly_payment_on_customer_contract_tab_test" time="67.441"/>
  <testcase classname="orders.Orders_Verify_used_car_ownbook_business_purchase_funder_With_Customer_Flow_Test" name="T6_verify_default_order_status_vehicle_tab_test" time="10.397"/>
  <testcase classname="orders.Orders_Verify_used_car_ownbook_business_purchase_funder_With_Customer_Flow_Test" name="T7_verify_order_status_after_uploading_order_form_in_vehicle_tab_test" time="63.423"/>
  <testcase classname="orders.Orders_Verify_used_car_ownbook_business_purchase_funder_With_Customer_Flow_Test" name="T8_verify_default_payment_status_on_vehicle_tab_test" time="6.878"/>
  <testcase classname="orders.Orders_Verify_used_car_ownbook_business_purchase_funder_With_Customer_Flow_Test" name="T9_verify_payment_status_after_selecting_payment_sent_date_on_vehicle_tab_test" time="43.438"/>
  <testcase classname="orders.Orders_Verify_used_car_ownbook_business_purchase_funder_With_Customer_Flow_Test" name="T10_verify_payment_status_should_be_reversed_to_payment_required_after_selecting_payment_by_AMT_on_vehicle_tab_test" time="10.981"/>
  <testcase classname="orders.Orders_Verify_used_car_ownbook_business_purchase_funder_With_Customer_Flow_Test" name="T11_verify_payment_status_after_selecting_payment_sent_date_for_amount_due_on_vehicle_tab_test" time="125.897"/>
  <testcase classname="orders.Orders_Verify_used_car_ownbook_business_purchase_funder_With_Customer_Flow_Test" name="T12_verify_default_status_acceptance_conditions_for_ownbook_purchase_flow" time="16.371"/>
  <testcase classname="orders.Orders_Verify_used_car_ownbook_business_purchase_funder_With_Customer_Flow_Test" name="T13_verify_summary_section_values" time="98.476"/>
  <testcase classname="orders.Orders_Verify_used_car_ownbook_business_purchase_funder_With_Customer_Flow_Test" name="T14_verify_payment_default_status" time="4.774"/>
  <testcase classname="orders.Orders_Verify_used_car_ownbook_business_purchase_funder_With_Customer_Flow_Test" name="T15_make_payment_with_new_payment" time="107.057"/>
  <testcase classname="orders.Orders_Verify_used_car_ownbook_business_purchase_funder_With_Customer_Flow_Test" name="T16_verify_payment_status_after_making_a_payment_on_customer_contract_tab" time="4.161"/>
  <testcase classname="orders.Orders_Verify_used_car_ownbook_business_purchase_funder_With_Customer_Flow_Test" name="T17_verify_delivery_status_after_selecting_date_offered_in_delivery_section_of_customer_contract_tab_test" time="49.594"/>
  <testcase classname="orders.Orders_Verify_used_car_ownbook_business_purchase_funder_With_Customer_Flow_Test" name="T18_verify_delivery_status_after_selecting_confirmed_delivery_date_in_delivery_section_of_customer_contract_test" time="18.44"/>
  <testcase classname="orders.Orders_Verify_used_car_ownbook_business_purchase_funder_With_Customer_Flow_Test" name="T19_verify_delivery_status_after_uploading_delivery_note_in_post_delivery_section_on_customer_contract_tab_test" time="69.044"/>
  <testcase classname="orders.Orders_Verify_used_car_ownbook_business_purchase_funder_With_Customer_Flow_Test" name="T20_verify_delivery_status_on_customer_contract_tab_and_vehicle_order_tab_are_same_when_deliver_to_customer_toggle_button_in_on_test" time="6.299"/>
  <testcase classname="orders.Orders_Verify_used_car_ownbook_business_purchase_funder_With_Customer_Flow_Test" name="T21_verify_delivery_section_gets_enabled_when_deliver_to_customer_toggle_button_is_made_off_test" time="9.884"/>
  <testcase classname="orders.Orders_Verify_used_car_ownbook_business_purchase_funder_With_Customer_Flow_Test" name="T22_verify_delivery_status_after_selecting_date_offered_in_delivery_section_of_vehicle_order_tab_test" time="49.396"/>
  <testcase classname="orders.Orders_Verify_used_car_ownbook_business_purchase_funder_With_Customer_Flow_Test" name="T23_verify_delivery_status_after_selecting_confirmed_delivery_date_in_delivery_section_of_vehicle_tab_test" time="18.363"/>
  <testcase classname="orders.Orders_Verify_used_car_ownbook_business_purchase_funder_With_Customer_Flow_Test" name="T24_verify_delivery_status_after_uploading_delivery_note_in_post_delivery_section_on_vehicle_order_tab_test" time="43.637"/>
  <testcase classname="orders.Orders_Verify_used_car_ownbook_business_purchase_funder_With_Customer_Flow_Test" name="T25_verify_finance_documents_statuses_for_required_flow_test" time="146.406"/>
  <testcase classname="orders.Orders_Verify_used_car_ownbook_business_purchase_funder_With_Customer_Flow_Test" name="T26_verify_payments_to_funder_statuses_for_required_flow_test" time="118.098"/>
  <testcase classname="orders.Orders_Verify_used_car_ownbook_business_purchase_funder_With_Customer_Flow_Test" name="T27_verify_completed_status_for_required_flow_test" time="68.372"/>
</testsuite> <!-- Verify With Customer Flow For Ownbook Purchase Funder -->
