<?xml version="1.0" encoding="UTF-8"?>
<!-- Generated by org.testng.reporters.JUnitXMLReporter -->
<testsuite ignored="4" hostname="DSK-4052" failures="0" tests="26" name="Verify With Customer Flow For Ownbook Purchase Funder" time="1258.963" errors="0" timestamp="2024-01-16T19:49:30 IST">
  <testcase classname="acquisition.Acquisition_Quotes_HPNR_HPNR_used_car_with_funder_quote_addition_without_maintenance_Test" name="aquisition_quotes_OTR_calculation_without_maintenance_test" time="80.025"/>
  <testcase classname="acquisition.Acquisition_Quotes_HPNR_HPNR_used_car_with_funder_quote_addition_without_maintenance_Test" name="aquisition_quotes_used_car_edit_cost_price_and_check_OTR_without_maintenance_test" time="0.001"/>
  <testcase classname="acquisition.Acquisition_Quotes_HPNR_HPNR_used_car_with_funder_quote_addition_without_maintenance_Test" name="aquisition_quotes_holding_cost_calculations_without_maintenance_test" time="56.68"/>
  <testcase classname="acquisition.Acquisition_Quotes_HPNR_HPNR_used_car_with_funder_quote_addition_without_maintenance_Test" name="aquisition_quotes_customer_quote_calculations_check_monthly_finance_payment_without_maintenance_test" time="52.929"/>
  <testcase classname="acquisition.Acquisition_Quotes_HPNR_HPNR_used_car_with_funder_quote_addition_without_maintenance_Test" name="aquisition_quotes_customer_quote_monthly_finance_payment_after_balloon_payment_off_without_maintenance_test" time="17.626"/>
  <testcase classname="acquisition.Acquisition_Quotes_HPNR_HPNR_used_car_with_funder_quote_addition_without_maintenance_Test" name="aquisition_quotes_quote_summary_values_verification_without_maintenance_test" time="158.925"/>
  <testcase classname="opportunity.LOU_used_car_ownbook_business_purchase_funder_accept_with_changes_Test" name="L1_create_lead_convert_to_lead_for_ownbook_business_flow" time="206.134"/>
  <testcase classname="opportunity.LOU_used_car_ownbook_business_purchase_funder_accept_with_changes_Test" name="L2_ownbook_business_current_status_before_sending_to_proposal" time="26.747"/>
  <testcase classname="opportunity.LOU_used_car_ownbook_business_purchase_funder_accept_with_changes_Test" name="L3_verify_table_values_on_opportunity_page_before_sending_proposal" time="4.128"/>
  <testcase classname="opportunity.LOU_used_car_ownbook_business_purchase_funder_accept_with_changes_Test" name="L4_fill_up_the_required_fields_for_sending_a_proposal" time="86.422"/>
  <testcase classname="opportunity.LOU_used_car_ownbook_business_purchase_funder_accept_with_changes_Test" name="L5_ownbook_create_opportunity_business_currentstatus_after_sending_to_proposal" time="14.915"/>
  <testcase classname="opportunity.LOU_used_car_ownbook_business_purchase_funder_accept_with_changes_Test" name="L6_ownbook_sending_contract" time="22.797"/>
  <testcase classname="opportunity.LOU_used_car_ownbook_business_purchase_funder_accept_with_changes_Test" name="L7_verify_current_status_on_opportunity_page_after_sending_contract_for_ownbook_business_flow" time="5.166"/>
  <testcase classname="opportunity.LOU_used_car_ownbook_business_purchase_funder_accept_with_changes_Test" name="L8_ownbook_signed_contract_status_with_api_call" time="29.476"/>
  <testcase classname="opportunity.LOU_used_car_ownbook_business_purchase_funder_accept_with_changes_Test" name="L9_ownbook_status_after_contract_signed" time="9.207"/>
  <testcase classname="opportunity.LOU_used_car_ownbook_business_purchase_funder_accept_with_changes_Test" name="UW1_verify_underwriting_flow_ownbook_with_status" time="84.782"/>
  <testcase classname="opportunity.LOU_used_car_ownbook_business_purchase_funder_accept_with_changes_Test" name="UW2_verify_status_after_sending_to_underwriting" time="2.127"/>
  <testcase classname="opportunity.LOU_used_car_ownbook_business_purchase_funder_accept_with_changes_Test" name="UW3_verify_underwriting_lisitig_page" time="15.245"/>
  <testcase classname="opportunity.LOU_used_car_ownbook_business_purchase_funder_accept_with_changes_Test" name="UW4_verify_ownbook_underwriting_proposal_page_flow" time="121.514"/>
  <testcase classname="opportunity.LOU_used_car_ownbook_business_purchase_funder_accept_with_changes_Test" name="UW5_verify_ownbook_underwriting_proposal_decision_with_accept" time="36.477"/>
  <testcase classname="opportunity.LOU_used_car_ownbook_business_purchase_funder_accept_with_changes_Test" name="UW6_verify_ownbook_opportunity_search_text_box_accept_with_changes" time="22.423"/>
  <testcase classname="opportunity.LOU_used_car_ownbook_business_purchase_funder_accept_with_changes_Test" name="UW7_verify_ownbook_opportunity_accept_with_changes_underwriting_pop_up" time="51.919"/>
  <testcase classname="opportunity.LOU_used_car_ownbook_business_purchase_funder_accept_with_changes_Test" name="UW8_verify_ownbook_opportunity_underwriting_accept_with_changes_cancel_flow_verification" time="25.86"/>
  <testcase classname="opportunity.LOU_used_car_ownbook_business_purchase_funder_accept_with_changes_Test" name="UW9_ownbook_after_opportunity_underwriting_accept_with_changes_signed_contract_status_with_api_call" time="29.948"/>
  <testcase classname="opportunity.LOU_used_car_ownbook_business_purchase_funder_accept_with_changes_Test" name="OP1_ownbook_after_Underwriting_accepted_mothlty_payment_price" time="3.806"/>
  <testcase classname="opportunity.Create_order_from_opportunity_Test" name="create_order_from_opportunity_test" time="63.163"/>
  <testcase classname="com.amt.testBase.TestBase" name="@AfterSuite end" time="0.0">
    <ignored/>
  </testcase> <!-- @AfterSuite end -->
  <testcase classname="com.amt.testBase.TestBase" name="@AfterSuite end" time="0.0">
    <ignored/>
  </testcase> <!-- @AfterSuite end -->
  <testcase classname="com.amt.testBase.TestBase" name="@BeforeTest start_info" time="0.0">
    <ignored/>
  </testcase> <!-- @BeforeTest start_info -->
  <testcase classname="com.amt.testBase.TestBase" name="@BeforeTest start_info" time="0.0">
    <ignored/>
  </testcase> <!-- @BeforeTest start_info -->
</testsuite> <!-- Verify With Customer Flow For Ownbook Purchase Funder -->
