<?xml version="1.0" encoding="UTF-8"?>
<!-- Generated by org.testng.reporters.JUnitXMLReporter -->
<testsuite ignored="6" hostname="DSK-4052" failures="0" tests="51" name="Verify With Customer Flow For Ownbook Purchase Funder" time="2123.703" errors="0" timestamp="2023-12-29T20:40:36 IST">
  <testcase classname="acquisition.Acquisition_Quotes_HPNR_HPNR_with_funder_quote_addition_without_maintenance_for_with_customer_order_Test" name="aquisition_quotes_HPNR_HPNR_OTR_calculation_without_maintenance_test" time="145.491"/>
  <testcase classname="acquisition.Acquisition_Quotes_HPNR_HPNR_with_funder_quote_addition_without_maintenance_for_with_customer_order_Test" name="aquisition_quotes_HPNR_HPNR_after_discount_calculations_without_maintenance_test" time="5.059"/>
  <testcase classname="acquisition.Acquisition_Quotes_HPNR_HPNR_with_funder_quote_addition_without_maintenance_for_with_customer_order_Test" name="aquisition_quotes_HPNR_HPNR_holding_cost_calculations_without_maintenance_test" time="27.686"/>
  <testcase classname="acquisition.Acquisition_Quotes_HPNR_HPNR_with_funder_quote_addition_without_maintenance_for_with_customer_order_Test" name="aquisition_quotes_HPNR_HPNR_customer_quote_calculations_check_monthly_finance_payment_without_maintenance_test" time="44.997"/>
  <testcase classname="acquisition.Acquisition_Quotes_HPNR_HPNR_with_funder_quote_addition_without_maintenance_for_with_customer_order_Test" name="aquisition_quotes_HPNR_HPNR_customer_quote_monthly_finance_payment_after_balloon_payment_off_without_maintenance_test" time="18.925"/>
  <testcase classname="acquisition.Acquisition_Quotes_HPNR_HPNR_with_funder_quote_addition_without_maintenance_for_with_customer_order_Test" name="aquisition_quotes_HPNR_HPNR_quote_summary_values_verification_without_maintenance_test" time="168.183"/>
  <testcase classname="opportunity.LOU_ownbook_business_purchase_funder_accept_with_changes_Test" name="L1_create_lead_convert_to_lead_for_ownbook_business_flow" time="147.683"/>
  <testcase classname="opportunity.LOU_ownbook_business_purchase_funder_accept_with_changes_Test" name="L2_ownbook_business_current_status_before_sending_to_proposal" time="33.42"/>
  <testcase classname="opportunity.LOU_ownbook_business_purchase_funder_accept_with_changes_Test" name="L3_verify_table_values_on_opportunity_page_before_sending_proposal" time="4.035"/>
  <testcase classname="opportunity.LOU_ownbook_business_purchase_funder_accept_with_changes_Test" name="L4_fill_up_the_required_fields_for_sending_a_proposal" time="89.807"/>
  <testcase classname="opportunity.LOU_ownbook_business_purchase_funder_accept_with_changes_Test" name="L5_ownbook_create_opportunity_business_currentstatus_after_sending_to_proposal" time="9.426"/>
  <testcase classname="opportunity.LOU_ownbook_business_purchase_funder_accept_with_changes_Test" name="L6_ownbook_sending_contract" time="22.104"/>
  <testcase classname="opportunity.LOU_ownbook_business_purchase_funder_accept_with_changes_Test" name="L7_verify_current_status_on_opportunity_page_after_sending_contract_for_ownbook_business_flow" time="5.177"/>
  <testcase classname="opportunity.LOU_ownbook_business_purchase_funder_accept_with_changes_Test" name="L8_ownbook_signed_contract_status_with_api_call" time="29.527"/>
  <testcase classname="opportunity.LOU_ownbook_business_purchase_funder_accept_with_changes_Test" name="L9_ownbook_status_after_contract_signed" time="9.126"/>
  <testcase classname="opportunity.LOU_ownbook_business_purchase_funder_accept_with_changes_Test" name="UW1_verify_underwriting_flow_ownbook_with_status" time="88.672"/>
  <testcase classname="opportunity.LOU_ownbook_business_purchase_funder_accept_with_changes_Test" name="UW2_verify_status_after_sending_to_underwriting" time="2.131"/>
  <testcase classname="opportunity.LOU_ownbook_business_purchase_funder_accept_with_changes_Test" name="UW3_verify_underwriting_lisitig_page" time="20.897"/>
  <testcase classname="opportunity.LOU_ownbook_business_purchase_funder_accept_with_changes_Test" name="UW4_verify_ownbook_underwriting_proposal_page_flow" time="151.096"/>
  <testcase classname="opportunity.LOU_ownbook_business_purchase_funder_accept_with_changes_Test" name="UW5_verify_ownbook_underwriting_proposal_decision_with_accept" time="33.928"/>
  <testcase classname="opportunity.LOU_ownbook_business_purchase_funder_accept_with_changes_Test" name="UW6_verify_ownbook_opportunity_search_text_box_accept_with_changes" time="21.165"/>
  <testcase classname="opportunity.LOU_ownbook_business_purchase_funder_accept_with_changes_Test" name="UW7_verify_ownbook_opportunity_accept_with_changes_underwriting_pop_up" time="11.945"/>
  <testcase classname="opportunity.LOU_ownbook_business_purchase_funder_accept_with_changes_Test" name="UW8_verify_ownbook_opportunity_underwriting_accept_with_changes_cancel_flow_verification" time="45.587"/>
  <testcase classname="opportunity.LOU_ownbook_business_purchase_funder_accept_with_changes_Test" name="UW9_ownbook_after_opportunity_underwriting_accept_with_changes_signed_contract_status_with_api_call" time="38.094"/>
  <testcase classname="opportunity.LOU_ownbook_business_purchase_funder_accept_with_changes_Test" name="OP1_ownbook_after_Underwriting_accepted_mothlty_payment_price" time="4.006"/>
  <testcase classname="opportunity.Create_order_from_opportunity_Test" name="create_order_from_opportunity_test" time="60.494"/>
  <testcase classname="orders.Orders_Verify_ownbook_business_purchase_funder_With_Customer_Flow_Test" name="T1_open_order_created_in_acquisition_test" time="65.139"/>
  <testcase classname="orders.Orders_Verify_ownbook_business_purchase_funder_With_Customer_Flow_Test" name="T2_pre_order_pass_check_in_customer_contract_tab_test" time="27.119"/>
  <testcase classname="orders.Orders_Verify_ownbook_business_purchase_funder_With_Customer_Flow_Test" name="T3_verify_that_editing_the_basic_cash_price_does_not_affect_the_monthly_payment_on_customer_contract_tab_test" time="30.856"/>
  <testcase classname="orders.Orders_Verify_ownbook_business_purchase_funder_With_Customer_Flow_Test" name="T4_verify_that_same_funder_with_same_term_and_mileage_can_not_be_added_for_with_customer_flow_test" time="25.66"/>
  <testcase classname="orders.Orders_Verify_ownbook_business_purchase_funder_With_Customer_Flow_Test" name="T5_verify_that_deselecting_the_selected_funder_does_not_affect_the_monthly_payment_on_customer_contract_tab_test" time="37.053"/>
  <testcase classname="orders.Orders_Verify_ownbook_business_purchase_funder_With_Customer_Flow_Test" name="T6_verify_default_order_status_vehicle_tab_test" time="6.32"/>
  <testcase classname="orders.Orders_Verify_ownbook_business_purchase_funder_With_Customer_Flow_Test" name="T7_verify_order_status_after_uploading_order_form_in_vehicle_tab_test" time="66.954"/>
  <testcase classname="orders.Orders_Verify_ownbook_business_purchase_funder_With_Customer_Flow_Test" name="T8_verify_default_payment_status_on_vehicle_tab_test" time="6.901"/>
  <testcase classname="orders.Orders_Verify_ownbook_business_purchase_funder_With_Customer_Flow_Test" name="T9_verify_payment_status_after_selecting_payment_sent_date_on_vehicle_tab_test" time="35.336"/>
  <testcase classname="orders.Orders_Verify_ownbook_business_purchase_funder_With_Customer_Flow_Test" name="T10_verify_payment_status_should_be_reversed_to_payment_required_after_selecting_payment_by_AMT_on_vehicle_tab_test" time="10.951"/>
  <testcase classname="orders.Orders_Verify_ownbook_business_purchase_funder_With_Customer_Flow_Test" name="T11_verify_payment_status_after_selecting_payment_sent_date_for_amount_due_on_vehicle_tab_test" time="79.92"/>
  <testcase classname="orders.Orders_Verify_ownbook_business_purchase_funder_With_Customer_Flow_Test" name="T12_verify_default_status_acceptance_conditions_for_ownbook_purchase_flow" time="12.288"/>
  <testcase classname="orders.Orders_Verify_ownbook_business_purchase_funder_With_Customer_Flow_Test" name="T13_verify_summary_section_values" time="93.814"/>
  <testcase classname="orders.Orders_Verify_ownbook_business_purchase_funder_With_Customer_Flow_Test" name="T14_verify_payment_default_status" time="2.716"/>
  <testcase classname="orders.Orders_Verify_ownbook_business_purchase_funder_With_Customer_Flow_Test" name="T15_make_payment_with_new_payment" time="92.675"/>
  <testcase classname="orders.Orders_Verify_ownbook_business_purchase_funder_With_Customer_Flow_Test" name="T16_verify_payment_status_after_making_a_payment_on_customer_contract_tab" time="0.042"/>
  <testcase classname="orders.Orders_Verify_ownbook_business_purchase_funder_With_Customer_Flow_Test" name="T17_verify_delivery_status_after_selecting_date_offered_in_delivery_section_of_customer_contract_tab_test" time="45.513"/>
  <testcase classname="orders.Orders_Verify_ownbook_business_purchase_funder_With_Customer_Flow_Test" name="T18_verify_delivery_status_after_selecting_confirmed_delivery_date_in_delivery_section_of_customer_contract_test" time="14.498"/>
  <testcase classname="orders.Orders_Verify_ownbook_business_purchase_funder_With_Customer_Flow_Test" name="T19_verify_delivery_status_after_uploading_delivery_note_in_post_delivery_section_on_customer_contract_tab_test" time="25.531"/>
  <testcase classname="orders.Orders_Verify_ownbook_business_purchase_funder_With_Customer_Flow_Test" name="T20_verify_delivery_status_on_customer_contract_tab_and_vehicle_order_tab_are_same_when_deliver_to_customer_toggle_button_in_on_test" time="4.25"/>
  <testcase classname="orders.Orders_Verify_ownbook_business_purchase_funder_With_Customer_Flow_Test" name="T21_verify_payout_pack_statuses_on_customer_contract_tab_test" time="50.914"/>
  <testcase classname="orders.Orders_Verify_ownbook_business_purchase_funder_With_Customer_Flow_Test" name="T22_verify_delivery_section_gets_enabled_when_deliver_to_customer_toggle_button_is_made_off_test" time="5.867"/>
  <testcase classname="orders.Orders_Verify_ownbook_business_purchase_funder_With_Customer_Flow_Test" name="T23_verify_delivery_status_after_selecting_date_offered_in_delivery_section_of_vehicle_order_tab_test" time="45.269"/>
  <testcase classname="orders.Orders_Verify_ownbook_business_purchase_funder_With_Customer_Flow_Test" name="T24_verify_delivery_status_after_selecting_confirmed_delivery_date_in_delivery_section_of_vehicle_tab_test" time="14.304"/>
  <testcase classname="orders.Orders_Verify_ownbook_business_purchase_funder_With_Customer_Flow_Test" name="T25_verify_delivery_status_after_uploading_delivery_note_in_post_delivery_section_on_vehicle_order_tab_test" time="35.907"/>
  <testcase classname="com.amt.testBase.TestBase" name="@AfterSuite end" time="0.0">
    <ignored/>
  </testcase> <!-- @AfterSuite end -->
  <testcase classname="com.amt.testBase.TestBase" name="@AfterSuite end" time="0.0">
    <ignored/>
  </testcase> <!-- @AfterSuite end -->
  <testcase classname="com.amt.testBase.TestBase" name="@AfterSuite end" time="0.0">
    <ignored/>
  </testcase> <!-- @AfterSuite end -->
  <testcase classname="com.amt.testBase.TestBase" name="@BeforeTest start_info" time="0.0">
    <ignored/>
  </testcase> <!-- @BeforeTest start_info -->
  <testcase classname="com.amt.testBase.TestBase" name="@BeforeTest start_info" time="0.0">
    <ignored/>
  </testcase> <!-- @BeforeTest start_info -->
  <testcase classname="com.amt.testBase.TestBase" name="@BeforeTest start_info" time="0.0">
    <ignored/>
  </testcase> <!-- @BeforeTest start_info -->
</testsuite> <!-- Verify With Customer Flow For Ownbook Purchase Funder -->
