<?xml version="1.0" encoding="utf-8" ?>
<!DOCTYPE html PUBLIC "-//W3C//DTD XHTML 1.0 Strict//EN"
        "http://www.w3.org/TR/xhtml1/DTD/xhtml1-strict.dtd">
<html xmlns="http://www.w3.org/1999/xhtml" xml:lang="" lang="">
<head>
  <title>Test Results Report - Test</title>
  <meta http-equiv="Content-Type" content="text/html;charset=utf-8" />
  <meta name="description" content="TestNG unit test results." />
  <link href="reportng.css" rel="stylesheet" type="text/css" />
    <script type="text/javascript" src="reportng.js"></script>
</head>
<body>
<h1>Test</h1>
<p>
  Test duration: 2852.637s
</p>



  <table class="resultsTable">
    <tr><th colspan="3" class="header failed">Failed Tests</th></tr>
          <tr>
        <td colspan="3" class="group">com.amt.test.Acquisition_Quotes_Broker_BCH_with_maintenance_Test</td>
      </tr>
            
<tr>
  <td class="method">
                  aquisition_quotes_user_flow_broker_bch_funder_quote_addition_with_maintenance_test
      </td>
  <td class="duration">
    99.243s
  </td>
  <td class="result">
        
          <i>Method arguments: </i><span class="arguments">"AUDI", "A7", "REF001", "02/02/23", "12", "5000", "1000", "20", "2000", "400", "2", "3", "20", "Formula1-BCH"</span><br />
    
            <div class="testOutput">
                        <br>----------Screenshot---------<br>
                                <img src="D:\newWorkspaceStaging\AutomationStaging\target\surefire-reports\html\failure_screenshots\aquisition_quotes_user_flow_broker_bch_funder_quote_addition_with_maintenance_test_09_11_2022_01_29_10.png" height="800" width="1000">
                  </div>
    

        <a href="javascript:toggleElement('exception-0', 'block')" title="Click to expand/collapse"><b>org.openqa.selenium.TimeoutException: Expected condition failed: waiting for visibility of Proxy element for: DefaultElementLocator &apos;By.xpath: //input[@id=&apos;monthlyMaintenanceRental&apos;]&apos; (tried for 60 second(s) with 500 milliseconds interval)</b></a><br />
    <div class="stackTrace" id="exception-0">
              org.openqa.selenium.support.ui.WebDriverWait.timeoutException(WebDriverWait.java:138)<br />
              org.openqa.selenium.support.ui.FluentWait.until(FluentWait.java:231)<br />
              com.amt.testUtil.Click.sendKeys(Click.java:23)<br />
              com.amt.CustomerQuotePackage.CustomerQuotePageBrokerBCHPage.customer_Quote_broker_bch_with_maintenance(CustomerQuotePageBrokerBCHPage.java:141)<br />
              com.amt.test.Acquisition_Quotes_Broker_BCH_with_maintenance_Test.aquisition_quotes_user_flow_broker_bch_funder_quote_addition_with_maintenance_test(Acquisition_Quotes_Broker_BCH_with_maintenance_Test.java:80)<br />
              java.base/jdk.internal.reflect.NativeMethodAccessorImpl.invoke0(Native Method)<br />
              java.base/jdk.internal.reflect.NativeMethodAccessorImpl.invoke(NativeMethodAccessorImpl.java:77)<br />
              java.base/jdk.internal.reflect.DelegatingMethodAccessorImpl.invoke(DelegatingMethodAccessorImpl.java:43)<br />
              java.base/java.lang.reflect.Method.invoke(Method.java:568)<br />
              org.testng.internal.MethodInvocationHelper.invokeMethod(MethodInvocationHelper.java:133)<br />
              org.testng.internal.TestInvoker.invokeMethod(TestInvoker.java:598)<br />
              org.testng.internal.TestInvoker.invokeTestMethod(TestInvoker.java:173)<br />
              org.testng.internal.MethodRunner.runInSequence(MethodRunner.java:46)<br />
              org.testng.internal.TestInvoker$MethodInvocationAgent.invoke(TestInvoker.java:824)<br />
              org.testng.internal.TestInvoker.invokeTestMethods(TestInvoker.java:146)<br />
              org.testng.internal.TestMethodWorker.invokeTestMethods(TestMethodWorker.java:146)<br />
              org.testng.internal.TestMethodWorker.run(TestMethodWorker.java:128)<br />
              java.base/java.util.ArrayList.forEach(ArrayList.java:1511)<br />
              org.testng.TestRunner.privateRun(TestRunner.java:794)<br />
              org.testng.TestRunner.run(TestRunner.java:596)<br />
              org.testng.SuiteRunner.runTest(SuiteRunner.java:377)<br />
              org.testng.SuiteRunner.runSequentially(SuiteRunner.java:371)<br />
              org.testng.SuiteRunner.privateRun(SuiteRunner.java:332)<br />
              org.testng.SuiteRunner.run(SuiteRunner.java:276)<br />
              org.testng.SuiteRunnerWorker.runSuite(SuiteRunnerWorker.java:53)<br />
              org.testng.SuiteRunnerWorker.run(SuiteRunnerWorker.java:96)<br />
              org.testng.TestNG.runSuitesSequentially(TestNG.java:1212)<br />
              org.testng.TestNG.runSuitesLocally(TestNG.java:1134)<br />
              org.testng.TestNG.runSuites(TestNG.java:1063)<br />
              org.testng.TestNG.run(TestNG.java:1031)<br />
              org.apache.maven.surefire.testng.TestNGExecutor.run(TestNGExecutor.java:283)<br />
              org.apache.maven.surefire.testng.TestNGXmlTestSuite.execute(TestNGXmlTestSuite.java:75)<br />
              org.apache.maven.surefire.testng.TestNGProvider.invoke(TestNGProvider.java:120)<br />
              org.apache.maven.surefire.booter.ForkedBooter.invokeProviderInSameClassLoader(ForkedBooter.java:384)<br />
              org.apache.maven.surefire.booter.ForkedBooter.runSuitesInProcess(ForkedBooter.java:345)<br />
              org.apache.maven.surefire.booter.ForkedBooter.execute(ForkedBooter.java:126)<br />
              org.apache.maven.surefire.booter.ForkedBooter.main(ForkedBooter.java:418)<br />
                    <b>Caused by: </b> <a href="javascript:toggleElement('exception-1', 'block')" title="Click to expand/collapse">org.openqa.selenium.NoSuchElementException: no such element: Unable to locate element: {&quot;method&quot;:&quot;xpath&quot;,&quot;selector&quot;:&quot;//input[@id=&apos;monthlyMaintenanceRental&apos;]&quot;}<br/>
&nbsp; (Session info: chrome=107.0.5304.88)<br/>
For documentation on this error, please visit: https://selenium.dev/exceptions/#no_such_element<br/>
Build info: version: &apos;4.0.0&apos;, revision: &apos;3a21814679&apos;<br/>
System info: host: &apos;DSK-951&apos;, ip: &apos;10.0.3.253&apos;, os.name: &apos;Windows 10&apos;, os.arch: &apos;amd64&apos;, os.version: &apos;10.0&apos;, java.version: &apos;17.0.4.1&apos;<br/>
Driver info: org.openqa.selenium.chrome.ChromeDriver<br/>
Command: [1e4ff8c8f3650626e3d902c7b36fa065, findElement {using=xpath, value=//input[@id=&apos;monthlyMaintenanceRental&apos;]}]<br/>
Capabilities {acceptInsecureCerts: false, browserName: chrome, browserVersion: 107.0.5304.88, chrome: {chromedriverVersion: 107.0.5304.62 (1eec40d3a576..., userDataDir: C:\Users\NITEIN~1.KUR\AppDa...}, goog:chromeOptions: {debuggerAddress: localhost:57828}, javascriptEnabled: true, networkConnectionEnabled: false, pageLoadStrategy: normal, platform: WINDOWS, platformName: WINDOWS, proxy: Proxy(), se:cdp: ws://localhost:57828/devtoo..., se:cdpVersion: 107.0.5304.88, setWindowRect: true, strictFileInteractability: false, timeouts: {implicit: 0, pageLoad: 300000, script: 30000}, unhandledPromptBehavior: dismiss and notify, webauthn:extension:credBlob: true, webauthn:extension:largeBlob: true, webauthn:virtualAuthenticators: true}<br/>
Session ID: 1e4ff8c8f3650626e3d902c7b36fa065</a><br />
        <div class="stackTrace" id="exception-1">
                      jdk.internal.reflect.GeneratedConstructorAccessor46.newInstance(Unknown Source)<br />
                      java.base/jdk.internal.reflect.DelegatingConstructorAccessorImpl.newInstance(DelegatingConstructorAccessorImpl.java:45)<br />
                      java.base/java.lang.reflect.Constructor.newInstanceWithCaller(Constructor.java:499)<br />
                      java.base/java.lang.reflect.Constructor.newInstance(Constructor.java:480)<br />
                      org.openqa.selenium.remote.codec.w3c.W3CHttpResponseCodec.createException(W3CHttpResponseCodec.java:200)<br />
                      org.openqa.selenium.remote.codec.w3c.W3CHttpResponseCodec.decode(W3CHttpResponseCodec.java:133)<br />
                      org.openqa.selenium.remote.codec.w3c.W3CHttpResponseCodec.decode(W3CHttpResponseCodec.java:53)<br />
                      org.openqa.selenium.remote.HttpCommandExecutor.execute(HttpCommandExecutor.java:184)<br />
                      org.openqa.selenium.remote.service.DriverCommandExecutor.invokeExecute(DriverCommandExecutor.java:164)<br />
                      org.openqa.selenium.remote.service.DriverCommandExecutor.execute(DriverCommandExecutor.java:139)<br />
                      org.openqa.selenium.remote.RemoteWebDriver.execute(RemoteWebDriver.java:559)<br />
                      org.openqa.selenium.remote.ElementLocation$ElementFinder$2.findElement(ElementLocation.java:162)<br />
                      org.openqa.selenium.remote.ElementLocation.findElement(ElementLocation.java:60)<br />
                      org.openqa.selenium.remote.RemoteWebDriver.findElement(RemoteWebDriver.java:383)<br />
                      org.openqa.selenium.remote.RemoteWebDriver.findElement(RemoteWebDriver.java:375)<br />
                      org.openqa.selenium.support.pagefactory.DefaultElementLocator.findElement(DefaultElementLocator.java:70)<br />
                      org.openqa.selenium.support.pagefactory.internal.LocatingElementHandler.invoke(LocatingElementHandler.java:39)<br />
                      jdk.proxy2/jdk.proxy2.$Proxy17.isDisplayed(Unknown Source)<br />
                      org.openqa.selenium.support.ui.ExpectedConditions.elementIfVisible(ExpectedConditions.java:307)<br />
                      org.openqa.selenium.support.ui.ExpectedConditions.access$000(ExpectedConditions.java:40)<br />
                      org.openqa.selenium.support.ui.ExpectedConditions$10.apply(ExpectedConditions.java:293)<br />
                      org.openqa.selenium.support.ui.ExpectedConditions$10.apply(ExpectedConditions.java:290)<br />
                      org.openqa.selenium.support.ui.FluentWait.until(FluentWait.java:208)<br />
                      com.amt.testUtil.Click.sendKeys(Click.java:23)<br />
                      com.amt.CustomerQuotePackage.CustomerQuotePageBrokerBCHPage.customer_Quote_broker_bch_with_maintenance(CustomerQuotePageBrokerBCHPage.java:141)<br />
                      com.amt.test.Acquisition_Quotes_Broker_BCH_with_maintenance_Test.aquisition_quotes_user_flow_broker_bch_funder_quote_addition_with_maintenance_test(Acquisition_Quotes_Broker_BCH_with_maintenance_Test.java:80)<br />
                      java.base/jdk.internal.reflect.NativeMethodAccessorImpl.invoke0(Native Method)<br />
                      java.base/jdk.internal.reflect.NativeMethodAccessorImpl.invoke(NativeMethodAccessorImpl.java:77)<br />
                      java.base/jdk.internal.reflect.DelegatingMethodAccessorImpl.invoke(DelegatingMethodAccessorImpl.java:43)<br />
                      java.base/java.lang.reflect.Method.invoke(Method.java:568)<br />
                      org.testng.internal.MethodInvocationHelper.invokeMethod(MethodInvocationHelper.java:133)<br />
                      org.testng.internal.TestInvoker.invokeMethod(TestInvoker.java:598)<br />
                      org.testng.internal.TestInvoker.invokeTestMethod(TestInvoker.java:173)<br />
                      org.testng.internal.MethodRunner.runInSequence(MethodRunner.java:46)<br />
                      org.testng.internal.TestInvoker$MethodInvocationAgent.invoke(TestInvoker.java:824)<br />
                      org.testng.internal.TestInvoker.invokeTestMethods(TestInvoker.java:146)<br />
                      org.testng.internal.TestMethodWorker.invokeTestMethods(TestMethodWorker.java:146)<br />
                      org.testng.internal.TestMethodWorker.run(TestMethodWorker.java:128)<br />
                      java.base/java.util.ArrayList.forEach(ArrayList.java:1511)<br />
                      org.testng.TestRunner.privateRun(TestRunner.java:794)<br />
                      org.testng.TestRunner.run(TestRunner.java:596)<br />
                      org.testng.SuiteRunner.runTest(SuiteRunner.java:377)<br />
                      org.testng.SuiteRunner.runSequentially(SuiteRunner.java:371)<br />
                      org.testng.SuiteRunner.privateRun(SuiteRunner.java:332)<br />
                      org.testng.SuiteRunner.run(SuiteRunner.java:276)<br />
                      org.testng.SuiteRunnerWorker.runSuite(SuiteRunnerWorker.java:53)<br />
                      org.testng.SuiteRunnerWorker.run(SuiteRunnerWorker.java:96)<br />
                      org.testng.TestNG.runSuitesSequentially(TestNG.java:1212)<br />
                      org.testng.TestNG.runSuitesLocally(TestNG.java:1134)<br />
                      org.testng.TestNG.runSuites(TestNG.java:1063)<br />
                      org.testng.TestNG.run(TestNG.java:1031)<br />
                      org.apache.maven.surefire.testng.TestNGExecutor.run(TestNGExecutor.java:283)<br />
                      org.apache.maven.surefire.testng.TestNGXmlTestSuite.execute(TestNGXmlTestSuite.java:75)<br />
                      org.apache.maven.surefire.testng.TestNGProvider.invoke(TestNGProvider.java:120)<br />
                      org.apache.maven.surefire.booter.ForkedBooter.invokeProviderInSameClassLoader(ForkedBooter.java:384)<br />
                      org.apache.maven.surefire.booter.ForkedBooter.runSuitesInProcess(ForkedBooter.java:345)<br />
                      org.apache.maven.surefire.booter.ForkedBooter.execute(ForkedBooter.java:126)<br />
                      org.apache.maven.surefire.booter.ForkedBooter.main(ForkedBooter.java:418)<br />
                  </div>
          </div>
      </td>
</tr>
          <tr>
        <td colspan="3" class="group">com.amt.test.Acquisition_Quotes_Broker_BCH_with_maintenance_edited_Test</td>
      </tr>
            
<tr>
  <td class="method">
                  aquisition_quotes_user_flow_broker_bch_with_maintenance_customer_quote_funder_quote_addition_test
      </td>
  <td class="duration">
    118.258s
  </td>
  <td class="result">
        
          <i>Method arguments: </i><span class="arguments">"AUDI", "A7", "50000", "600", "60000", "REF001", "02/02/23", "12", "5000", "1000", "20", "2000", "400", "2", "3", "20", "5000", "2000", "100", "1000", "200", "Formula1-BCH"</span><br />
    
            <div class="testOutput">
                        <br>----------Screenshot---------<br>
                                <img src="D:\newWorkspaceStaging\AutomationStaging\target\surefire-reports\html\failure_screenshots\aquisition_quotes_user_flow_broker_bch_with_maintenance_customer_quote_funder_quote_addition_test_09_11_2022_01_26_08.png" height="800" width="1000">
                  </div>
    

        <a href="javascript:toggleElement('exception-2', 'block')" title="Click to expand/collapse"><b>org.openqa.selenium.TimeoutException: Expected condition failed: waiting for visibility of Proxy element for: DefaultElementLocator &apos;By.xpath: //input[@id=&apos;monthlyMaintenanceRental&apos;]&apos; (tried for 60 second(s) with 500 milliseconds interval)</b></a><br />
    <div class="stackTrace" id="exception-2">
              org.openqa.selenium.support.ui.WebDriverWait.timeoutException(WebDriverWait.java:138)<br />
              org.openqa.selenium.support.ui.FluentWait.until(FluentWait.java:231)<br />
              com.amt.testUtil.Click.sendKeys(Click.java:23)<br />
              com.amt.CustomerQuotePackage.CustomerQuotePageBrokerBCHPage.customer_Quote_broker_bch_with_maintenance(CustomerQuotePageBrokerBCHPage.java:141)<br />
              com.amt.test.Acquisition_Quotes_Broker_BCH_with_maintenance_edited_Test.aquisition_quotes_user_flow_broker_bch_with_maintenance_customer_quote_funder_quote_addition_test(Acquisition_Quotes_Broker_BCH_with_maintenance_edited_Test.java:93)<br />
              java.base/jdk.internal.reflect.NativeMethodAccessorImpl.invoke0(Native Method)<br />
              java.base/jdk.internal.reflect.NativeMethodAccessorImpl.invoke(NativeMethodAccessorImpl.java:77)<br />
              java.base/jdk.internal.reflect.DelegatingMethodAccessorImpl.invoke(DelegatingMethodAccessorImpl.java:43)<br />
              java.base/java.lang.reflect.Method.invoke(Method.java:568)<br />
              org.testng.internal.MethodInvocationHelper.invokeMethod(MethodInvocationHelper.java:133)<br />
              org.testng.internal.TestInvoker.invokeMethod(TestInvoker.java:598)<br />
              org.testng.internal.TestInvoker.invokeTestMethod(TestInvoker.java:173)<br />
              org.testng.internal.MethodRunner.runInSequence(MethodRunner.java:46)<br />
              org.testng.internal.TestInvoker$MethodInvocationAgent.invoke(TestInvoker.java:824)<br />
              org.testng.internal.TestInvoker.invokeTestMethods(TestInvoker.java:146)<br />
              org.testng.internal.TestMethodWorker.invokeTestMethods(TestMethodWorker.java:146)<br />
              org.testng.internal.TestMethodWorker.run(TestMethodWorker.java:128)<br />
              java.base/java.util.ArrayList.forEach(ArrayList.java:1511)<br />
              org.testng.TestRunner.privateRun(TestRunner.java:794)<br />
              org.testng.TestRunner.run(TestRunner.java:596)<br />
              org.testng.SuiteRunner.runTest(SuiteRunner.java:377)<br />
              org.testng.SuiteRunner.runSequentially(SuiteRunner.java:371)<br />
              org.testng.SuiteRunner.privateRun(SuiteRunner.java:332)<br />
              org.testng.SuiteRunner.run(SuiteRunner.java:276)<br />
              org.testng.SuiteRunnerWorker.runSuite(SuiteRunnerWorker.java:53)<br />
              org.testng.SuiteRunnerWorker.run(SuiteRunnerWorker.java:96)<br />
              org.testng.TestNG.runSuitesSequentially(TestNG.java:1212)<br />
              org.testng.TestNG.runSuitesLocally(TestNG.java:1134)<br />
              org.testng.TestNG.runSuites(TestNG.java:1063)<br />
              org.testng.TestNG.run(TestNG.java:1031)<br />
              org.apache.maven.surefire.testng.TestNGExecutor.run(TestNGExecutor.java:283)<br />
              org.apache.maven.surefire.testng.TestNGXmlTestSuite.execute(TestNGXmlTestSuite.java:75)<br />
              org.apache.maven.surefire.testng.TestNGProvider.invoke(TestNGProvider.java:120)<br />
              org.apache.maven.surefire.booter.ForkedBooter.invokeProviderInSameClassLoader(ForkedBooter.java:384)<br />
              org.apache.maven.surefire.booter.ForkedBooter.runSuitesInProcess(ForkedBooter.java:345)<br />
              org.apache.maven.surefire.booter.ForkedBooter.execute(ForkedBooter.java:126)<br />
              org.apache.maven.surefire.booter.ForkedBooter.main(ForkedBooter.java:418)<br />
                    <b>Caused by: </b> <a href="javascript:toggleElement('exception-3', 'block')" title="Click to expand/collapse">org.openqa.selenium.NoSuchElementException: no such element: Unable to locate element: {&quot;method&quot;:&quot;xpath&quot;,&quot;selector&quot;:&quot;//input[@id=&apos;monthlyMaintenanceRental&apos;]&quot;}<br/>
&nbsp; (Session info: chrome=107.0.5304.88)<br/>
For documentation on this error, please visit: https://selenium.dev/exceptions/#no_such_element<br/>
Build info: version: &apos;4.0.0&apos;, revision: &apos;3a21814679&apos;<br/>
System info: host: &apos;DSK-951&apos;, ip: &apos;10.0.3.253&apos;, os.name: &apos;Windows 10&apos;, os.arch: &apos;amd64&apos;, os.version: &apos;10.0&apos;, java.version: &apos;17.0.4.1&apos;<br/>
Driver info: org.openqa.selenium.chrome.ChromeDriver<br/>
Command: [bcc7df16db3feba57f09cd113b945a11, findElement {using=xpath, value=//input[@id=&apos;monthlyMaintenanceRental&apos;]}]<br/>
Capabilities {acceptInsecureCerts: false, browserName: chrome, browserVersion: 107.0.5304.88, chrome: {chromedriverVersion: 107.0.5304.62 (1eec40d3a576..., userDataDir: C:\Users\NITEIN~1.KUR\AppDa...}, goog:chromeOptions: {debuggerAddress: localhost:57607}, javascriptEnabled: true, networkConnectionEnabled: false, pageLoadStrategy: normal, platform: WINDOWS, platformName: WINDOWS, proxy: Proxy(), se:cdp: ws://localhost:57607/devtoo..., se:cdpVersion: 107.0.5304.88, setWindowRect: true, strictFileInteractability: false, timeouts: {implicit: 0, pageLoad: 300000, script: 30000}, unhandledPromptBehavior: dismiss and notify, webauthn:extension:credBlob: true, webauthn:extension:largeBlob: true, webauthn:virtualAuthenticators: true}<br/>
Session ID: bcc7df16db3feba57f09cd113b945a11</a><br />
        <div class="stackTrace" id="exception-3">
                      jdk.internal.reflect.GeneratedConstructorAccessor46.newInstance(Unknown Source)<br />
                      java.base/jdk.internal.reflect.DelegatingConstructorAccessorImpl.newInstance(DelegatingConstructorAccessorImpl.java:45)<br />
                      java.base/java.lang.reflect.Constructor.newInstanceWithCaller(Constructor.java:499)<br />
                      java.base/java.lang.reflect.Constructor.newInstance(Constructor.java:480)<br />
                      org.openqa.selenium.remote.codec.w3c.W3CHttpResponseCodec.createException(W3CHttpResponseCodec.java:200)<br />
                      org.openqa.selenium.remote.codec.w3c.W3CHttpResponseCodec.decode(W3CHttpResponseCodec.java:133)<br />
                      org.openqa.selenium.remote.codec.w3c.W3CHttpResponseCodec.decode(W3CHttpResponseCodec.java:53)<br />
                      org.openqa.selenium.remote.HttpCommandExecutor.execute(HttpCommandExecutor.java:184)<br />
                      org.openqa.selenium.remote.service.DriverCommandExecutor.invokeExecute(DriverCommandExecutor.java:164)<br />
                      org.openqa.selenium.remote.service.DriverCommandExecutor.execute(DriverCommandExecutor.java:139)<br />
                      org.openqa.selenium.remote.RemoteWebDriver.execute(RemoteWebDriver.java:559)<br />
                      org.openqa.selenium.remote.ElementLocation$ElementFinder$2.findElement(ElementLocation.java:162)<br />
                      org.openqa.selenium.remote.ElementLocation.findElement(ElementLocation.java:60)<br />
                      org.openqa.selenium.remote.RemoteWebDriver.findElement(RemoteWebDriver.java:383)<br />
                      org.openqa.selenium.remote.RemoteWebDriver.findElement(RemoteWebDriver.java:375)<br />
                      org.openqa.selenium.support.pagefactory.DefaultElementLocator.findElement(DefaultElementLocator.java:70)<br />
                      org.openqa.selenium.support.pagefactory.internal.LocatingElementHandler.invoke(LocatingElementHandler.java:39)<br />
                      jdk.proxy2/jdk.proxy2.$Proxy17.isDisplayed(Unknown Source)<br />
                      org.openqa.selenium.support.ui.ExpectedConditions.elementIfVisible(ExpectedConditions.java:307)<br />
                      org.openqa.selenium.support.ui.ExpectedConditions.access$000(ExpectedConditions.java:40)<br />
                      org.openqa.selenium.support.ui.ExpectedConditions$10.apply(ExpectedConditions.java:293)<br />
                      org.openqa.selenium.support.ui.ExpectedConditions$10.apply(ExpectedConditions.java:290)<br />
                      org.openqa.selenium.support.ui.FluentWait.until(FluentWait.java:208)<br />
                      com.amt.testUtil.Click.sendKeys(Click.java:23)<br />
                      com.amt.CustomerQuotePackage.CustomerQuotePageBrokerBCHPage.customer_Quote_broker_bch_with_maintenance(CustomerQuotePageBrokerBCHPage.java:141)<br />
                      com.amt.test.Acquisition_Quotes_Broker_BCH_with_maintenance_edited_Test.aquisition_quotes_user_flow_broker_bch_with_maintenance_customer_quote_funder_quote_addition_test(Acquisition_Quotes_Broker_BCH_with_maintenance_edited_Test.java:93)<br />
                      java.base/jdk.internal.reflect.NativeMethodAccessorImpl.invoke0(Native Method)<br />
                      java.base/jdk.internal.reflect.NativeMethodAccessorImpl.invoke(NativeMethodAccessorImpl.java:77)<br />
                      java.base/jdk.internal.reflect.DelegatingMethodAccessorImpl.invoke(DelegatingMethodAccessorImpl.java:43)<br />
                      java.base/java.lang.reflect.Method.invoke(Method.java:568)<br />
                      org.testng.internal.MethodInvocationHelper.invokeMethod(MethodInvocationHelper.java:133)<br />
                      org.testng.internal.TestInvoker.invokeMethod(TestInvoker.java:598)<br />
                      org.testng.internal.TestInvoker.invokeTestMethod(TestInvoker.java:173)<br />
                      org.testng.internal.MethodRunner.runInSequence(MethodRunner.java:46)<br />
                      org.testng.internal.TestInvoker$MethodInvocationAgent.invoke(TestInvoker.java:824)<br />
                      org.testng.internal.TestInvoker.invokeTestMethods(TestInvoker.java:146)<br />
                      org.testng.internal.TestMethodWorker.invokeTestMethods(TestMethodWorker.java:146)<br />
                      org.testng.internal.TestMethodWorker.run(TestMethodWorker.java:128)<br />
                      java.base/java.util.ArrayList.forEach(ArrayList.java:1511)<br />
                      org.testng.TestRunner.privateRun(TestRunner.java:794)<br />
                      org.testng.TestRunner.run(TestRunner.java:596)<br />
                      org.testng.SuiteRunner.runTest(SuiteRunner.java:377)<br />
                      org.testng.SuiteRunner.runSequentially(SuiteRunner.java:371)<br />
                      org.testng.SuiteRunner.privateRun(SuiteRunner.java:332)<br />
                      org.testng.SuiteRunner.run(SuiteRunner.java:276)<br />
                      org.testng.SuiteRunnerWorker.runSuite(SuiteRunnerWorker.java:53)<br />
                      org.testng.SuiteRunnerWorker.run(SuiteRunnerWorker.java:96)<br />
                      org.testng.TestNG.runSuitesSequentially(TestNG.java:1212)<br />
                      org.testng.TestNG.runSuitesLocally(TestNG.java:1134)<br />
                      org.testng.TestNG.runSuites(TestNG.java:1063)<br />
                      org.testng.TestNG.run(TestNG.java:1031)<br />
                      org.apache.maven.surefire.testng.TestNGExecutor.run(TestNGExecutor.java:283)<br />
                      org.apache.maven.surefire.testng.TestNGXmlTestSuite.execute(TestNGXmlTestSuite.java:75)<br />
                      org.apache.maven.surefire.testng.TestNGProvider.invoke(TestNGProvider.java:120)<br />
                      org.apache.maven.surefire.booter.ForkedBooter.invokeProviderInSameClassLoader(ForkedBooter.java:384)<br />
                      org.apache.maven.surefire.booter.ForkedBooter.runSuitesInProcess(ForkedBooter.java:345)<br />
                      org.apache.maven.surefire.booter.ForkedBooter.execute(ForkedBooter.java:126)<br />
                      org.apache.maven.surefire.booter.ForkedBooter.main(ForkedBooter.java:418)<br />
                  </div>
          </div>
      </td>
</tr>
          <tr>
        <td colspan="3" class="group">com.amt.test.Acquisition_Quotes_Broker_BCH_without_maintenance_Test</td>
      </tr>
            
<tr>
  <td class="method">
                  aquisition_quotes_user_flow_broker_bch_quote_summary_values_verification_without_maintenance_test
      </td>
  <td class="duration">
    1.170s
  </td>
  <td class="result">
        
          <i>Method arguments: </i><span class="arguments">"AUDI", "A7", "REF001", "02/02/23", "12", "5000", "1000", "2000", "2", "5", "Formula1-BCH"</span><br />
    
            <div class="testOutput">
                        <b>*************Calculations for Quote Summary page gas been started************</b> <br />
                                <br>----------Screenshot---------<br>
                                <img src="D:\newWorkspaceStaging\AutomationStaging\target\surefire-reports\html\failure_screenshots\aquisition_quotes_user_flow_broker_bch_quote_summary_values_verification_without_maintenance_test_09_11_2022_01_55_57.png" height="800" width="1000">
                  </div>
    

        <a href="javascript:toggleElement('exception-4', 'block')" title="Click to expand/collapse"><b>org.openqa.selenium.ElementClickInterceptedException: element click intercepted: Element &lt;p&gt;...&lt;/p&gt; is not clickable at point (812, 97). Other element would receive the click: &lt;div _ngcontent-hvu-c0=&quot;&quot; class=&quot;loader_div&quot;&gt;...&lt;/div&gt;<br/>
&nbsp; (Session info: chrome=107.0.5304.88)<br/>
Build info: version: &apos;4.0.0&apos;, revision: &apos;3a21814679&apos;<br/>
System info: host: &apos;DSK-951&apos;, ip: &apos;10.0.3.253&apos;, os.name: &apos;Windows 10&apos;, os.arch: &apos;amd64&apos;, os.version: &apos;10.0&apos;, java.version: &apos;17.0.4.1&apos;<br/>
Driver info: org.openqa.selenium.chrome.ChromeDriver<br/>
Command: [39337d3d6a1f44a35170f3c8260a69ca, clickElement {id=86ca3951-44ca-4eea-9075-a780f4b365c1}]<br/>
Capabilities {acceptInsecureCerts: false, browserName: chrome, browserVersion: 107.0.5304.88, chrome: {chromedriverVersion: 107.0.5304.62 (1eec40d3a576..., userDataDir: C:\Users\NITEIN~1.KUR\AppDa...}, goog:chromeOptions: {debuggerAddress: localhost:60161}, javascriptEnabled: true, networkConnectionEnabled: false, pageLoadStrategy: normal, platform: WINDOWS, platformName: WINDOWS, proxy: Proxy(), se:cdp: ws://localhost:60161/devtoo..., se:cdpVersion: 107.0.5304.88, setWindowRect: true, strictFileInteractability: false, timeouts: {implicit: 0, pageLoad: 300000, script: 30000}, unhandledPromptBehavior: dismiss and notify, webauthn:extension:credBlob: true, webauthn:extension:largeBlob: true, webauthn:virtualAuthenticators: true}<br/>
Element: [[ChromeDriver: chrome on WINDOWS (39337d3d6a1f44a35170f3c8260a69ca)] -&gt; xpath: //p[normalize-space()=&apos;Quote summary&apos;]]<br/>
Session ID: 39337d3d6a1f44a35170f3c8260a69ca</b></a><br />
    <div class="stackTrace" id="exception-4">
              java.base/jdk.internal.reflect.NativeConstructorAccessorImpl.newInstance0(Native Method)<br />
              java.base/jdk.internal.reflect.NativeConstructorAccessorImpl.newInstance(NativeConstructorAccessorImpl.java:77)<br />
              java.base/jdk.internal.reflect.DelegatingConstructorAccessorImpl.newInstance(DelegatingConstructorAccessorImpl.java:45)<br />
              java.base/java.lang.reflect.Constructor.newInstanceWithCaller(Constructor.java:499)<br />
              java.base/java.lang.reflect.Constructor.newInstance(Constructor.java:480)<br />
              org.openqa.selenium.remote.codec.w3c.W3CHttpResponseCodec.createException(W3CHttpResponseCodec.java:200)<br />
              org.openqa.selenium.remote.codec.w3c.W3CHttpResponseCodec.decode(W3CHttpResponseCodec.java:133)<br />
              org.openqa.selenium.remote.codec.w3c.W3CHttpResponseCodec.decode(W3CHttpResponseCodec.java:53)<br />
              org.openqa.selenium.remote.HttpCommandExecutor.execute(HttpCommandExecutor.java:184)<br />
              org.openqa.selenium.remote.service.DriverCommandExecutor.invokeExecute(DriverCommandExecutor.java:164)<br />
              org.openqa.selenium.remote.service.DriverCommandExecutor.execute(DriverCommandExecutor.java:139)<br />
              org.openqa.selenium.remote.RemoteWebDriver.execute(RemoteWebDriver.java:559)<br />
              org.openqa.selenium.remote.RemoteWebElement.execute(RemoteWebElement.java:251)<br />
              org.openqa.selenium.remote.RemoteWebElement.click(RemoteWebElement.java:77)<br />
              jdk.internal.reflect.GeneratedMethodAccessor2.invoke(Unknown Source)<br />
              java.base/jdk.internal.reflect.DelegatingMethodAccessorImpl.invoke(DelegatingMethodAccessorImpl.java:43)<br />
              java.base/java.lang.reflect.Method.invoke(Method.java:568)<br />
              org.openqa.selenium.support.pagefactory.internal.LocatingElementHandler.invoke(LocatingElementHandler.java:52)<br />
              jdk.proxy2/jdk.proxy2.$Proxy17.click(Unknown Source)<br />
              com.amt.testUtil.Click.on(Click.java:18)<br />
              com.amt.QuoteSummaryPages.QuoteSummaryBrokerBCHPage.quote_summary_broker_BCH_without_maintenance(QuoteSummaryBrokerBCHPage.java:86)<br />
              com.amt.test.Acquisition_Quotes_Broker_BCH_without_maintenance_Test.aquisition_quotes_user_flow_broker_bch_quote_summary_values_verification_without_maintenance_test(Acquisition_Quotes_Broker_BCH_without_maintenance_Test.java:93)<br />
              java.base/jdk.internal.reflect.NativeMethodAccessorImpl.invoke0(Native Method)<br />
              java.base/jdk.internal.reflect.NativeMethodAccessorImpl.invoke(NativeMethodAccessorImpl.java:77)<br />
              java.base/jdk.internal.reflect.DelegatingMethodAccessorImpl.invoke(DelegatingMethodAccessorImpl.java:43)<br />
              java.base/java.lang.reflect.Method.invoke(Method.java:568)<br />
              org.testng.internal.MethodInvocationHelper.invokeMethod(MethodInvocationHelper.java:133)<br />
              org.testng.internal.TestInvoker.invokeMethod(TestInvoker.java:598)<br />
              org.testng.internal.TestInvoker.invokeTestMethod(TestInvoker.java:173)<br />
              org.testng.internal.MethodRunner.runInSequence(MethodRunner.java:46)<br />
              org.testng.internal.TestInvoker$MethodInvocationAgent.invoke(TestInvoker.java:824)<br />
              org.testng.internal.TestInvoker.invokeTestMethods(TestInvoker.java:146)<br />
              org.testng.internal.TestMethodWorker.invokeTestMethods(TestMethodWorker.java:146)<br />
              org.testng.internal.TestMethodWorker.run(TestMethodWorker.java:128)<br />
              java.base/java.util.ArrayList.forEach(ArrayList.java:1511)<br />
              org.testng.TestRunner.privateRun(TestRunner.java:794)<br />
              org.testng.TestRunner.run(TestRunner.java:596)<br />
              org.testng.SuiteRunner.runTest(SuiteRunner.java:377)<br />
              org.testng.SuiteRunner.runSequentially(SuiteRunner.java:371)<br />
              org.testng.SuiteRunner.privateRun(SuiteRunner.java:332)<br />
              org.testng.SuiteRunner.run(SuiteRunner.java:276)<br />
              org.testng.SuiteRunnerWorker.runSuite(SuiteRunnerWorker.java:53)<br />
              org.testng.SuiteRunnerWorker.run(SuiteRunnerWorker.java:96)<br />
              org.testng.TestNG.runSuitesSequentially(TestNG.java:1212)<br />
              org.testng.TestNG.runSuitesLocally(TestNG.java:1134)<br />
              org.testng.TestNG.runSuites(TestNG.java:1063)<br />
              org.testng.TestNG.run(TestNG.java:1031)<br />
              org.apache.maven.surefire.testng.TestNGExecutor.run(TestNGExecutor.java:283)<br />
              org.apache.maven.surefire.testng.TestNGXmlTestSuite.execute(TestNGXmlTestSuite.java:75)<br />
              org.apache.maven.surefire.testng.TestNGProvider.invoke(TestNGProvider.java:120)<br />
              org.apache.maven.surefire.booter.ForkedBooter.invokeProviderInSameClassLoader(ForkedBooter.java:384)<br />
              org.apache.maven.surefire.booter.ForkedBooter.runSuitesInProcess(ForkedBooter.java:345)<br />
              org.apache.maven.surefire.booter.ForkedBooter.execute(ForkedBooter.java:126)<br />
              org.apache.maven.surefire.booter.ForkedBooter.main(ForkedBooter.java:418)<br />
                </div>
      </td>
</tr>
          <tr>
        <td colspan="3" class="group">com.amt.test.Acquisition_Quotes_Broker_BCH_without_maintenance_edited_Test</td>
      </tr>
            
<tr>
  <td class="method">
                  aquisition_quotes_user_flow_broker_bch_without_maintenance_quote_summary_page_value_verification_test
      </td>
  <td class="duration">
    1.150s
  </td>
  <td class="result">
        
          <i>Method arguments: </i><span class="arguments">"AUDI", "A7", "50000", "600", "60000", "REF001", "02/02/23", "12", "5000", "1000", "2000", "2", "5", "5000", "2000", "100", "1000", "200", "Formula1-BCH"</span><br />
    
            <div class="testOutput">
                        <b>*************Calculations for Quote Summary page gas been started************</b> <br />
                                <br>----------Screenshot---------<br>
                                <img src="D:\newWorkspaceStaging\AutomationStaging\target\surefire-reports\html\failure_screenshots\aquisition_quotes_user_flow_broker_bch_without_maintenance_quote_summary_page_value_verification_test_09_11_2022_02_00_49.png" height="800" width="1000">
                  </div>
    

        <a href="javascript:toggleElement('exception-5', 'block')" title="Click to expand/collapse"><b>org.openqa.selenium.ElementClickInterceptedException: element click intercepted: Element &lt;p&gt;...&lt;/p&gt; is not clickable at point (812, 97). Other element would receive the click: &lt;div _ngcontent-fxa-c0=&quot;&quot; class=&quot;loader_div&quot;&gt;...&lt;/div&gt;<br/>
&nbsp; (Session info: chrome=107.0.5304.88)<br/>
Build info: version: &apos;4.0.0&apos;, revision: &apos;3a21814679&apos;<br/>
System info: host: &apos;DSK-951&apos;, ip: &apos;10.0.3.253&apos;, os.name: &apos;Windows 10&apos;, os.arch: &apos;amd64&apos;, os.version: &apos;10.0&apos;, java.version: &apos;17.0.4.1&apos;<br/>
Driver info: org.openqa.selenium.chrome.ChromeDriver<br/>
Command: [061f66f6f8617bf8a9738156f038c0c4, clickElement {id=e4f85986-1ffb-4c98-af5f-8193022fccc4}]<br/>
Capabilities {acceptInsecureCerts: false, browserName: chrome, browserVersion: 107.0.5304.88, chrome: {chromedriverVersion: 107.0.5304.62 (1eec40d3a576..., userDataDir: C:\Users\NITEIN~1.KUR\AppDa...}, goog:chromeOptions: {debuggerAddress: localhost:60688}, javascriptEnabled: true, networkConnectionEnabled: false, pageLoadStrategy: normal, platform: WINDOWS, platformName: WINDOWS, proxy: Proxy(), se:cdp: ws://localhost:60688/devtoo..., se:cdpVersion: 107.0.5304.88, setWindowRect: true, strictFileInteractability: false, timeouts: {implicit: 0, pageLoad: 300000, script: 30000}, unhandledPromptBehavior: dismiss and notify, webauthn:extension:credBlob: true, webauthn:extension:largeBlob: true, webauthn:virtualAuthenticators: true}<br/>
Element: [[ChromeDriver: chrome on WINDOWS (061f66f6f8617bf8a9738156f038c0c4)] -&gt; xpath: //p[normalize-space()=&apos;Quote summary&apos;]]<br/>
Session ID: 061f66f6f8617bf8a9738156f038c0c4</b></a><br />
    <div class="stackTrace" id="exception-5">
              java.base/jdk.internal.reflect.NativeConstructorAccessorImpl.newInstance0(Native Method)<br />
              java.base/jdk.internal.reflect.NativeConstructorAccessorImpl.newInstance(NativeConstructorAccessorImpl.java:77)<br />
              java.base/jdk.internal.reflect.DelegatingConstructorAccessorImpl.newInstance(DelegatingConstructorAccessorImpl.java:45)<br />
              java.base/java.lang.reflect.Constructor.newInstanceWithCaller(Constructor.java:499)<br />
              java.base/java.lang.reflect.Constructor.newInstance(Constructor.java:480)<br />
              org.openqa.selenium.remote.codec.w3c.W3CHttpResponseCodec.createException(W3CHttpResponseCodec.java:200)<br />
              org.openqa.selenium.remote.codec.w3c.W3CHttpResponseCodec.decode(W3CHttpResponseCodec.java:133)<br />
              org.openqa.selenium.remote.codec.w3c.W3CHttpResponseCodec.decode(W3CHttpResponseCodec.java:53)<br />
              org.openqa.selenium.remote.HttpCommandExecutor.execute(HttpCommandExecutor.java:184)<br />
              org.openqa.selenium.remote.service.DriverCommandExecutor.invokeExecute(DriverCommandExecutor.java:164)<br />
              org.openqa.selenium.remote.service.DriverCommandExecutor.execute(DriverCommandExecutor.java:139)<br />
              org.openqa.selenium.remote.RemoteWebDriver.execute(RemoteWebDriver.java:559)<br />
              org.openqa.selenium.remote.RemoteWebElement.execute(RemoteWebElement.java:251)<br />
              org.openqa.selenium.remote.RemoteWebElement.click(RemoteWebElement.java:77)<br />
              jdk.internal.reflect.GeneratedMethodAccessor2.invoke(Unknown Source)<br />
              java.base/jdk.internal.reflect.DelegatingMethodAccessorImpl.invoke(DelegatingMethodAccessorImpl.java:43)<br />
              java.base/java.lang.reflect.Method.invoke(Method.java:568)<br />
              org.openqa.selenium.support.pagefactory.internal.LocatingElementHandler.invoke(LocatingElementHandler.java:52)<br />
              jdk.proxy2/jdk.proxy2.$Proxy17.click(Unknown Source)<br />
              com.amt.testUtil.Click.on(Click.java:18)<br />
              com.amt.QuoteSummaryPages.QuoteSummaryBrokerBCHPage.quote_summary_broker_BCH_without_maintenance(QuoteSummaryBrokerBCHPage.java:86)<br />
              com.amt.test.Acquisition_Quotes_Broker_BCH_without_maintenance_edited_Test.aquisition_quotes_user_flow_broker_bch_without_maintenance_quote_summary_page_value_verification_test(Acquisition_Quotes_Broker_BCH_without_maintenance_edited_Test.java:93)<br />
              java.base/jdk.internal.reflect.NativeMethodAccessorImpl.invoke0(Native Method)<br />
              java.base/jdk.internal.reflect.NativeMethodAccessorImpl.invoke(NativeMethodAccessorImpl.java:77)<br />
              java.base/jdk.internal.reflect.DelegatingMethodAccessorImpl.invoke(DelegatingMethodAccessorImpl.java:43)<br />
              java.base/java.lang.reflect.Method.invoke(Method.java:568)<br />
              org.testng.internal.MethodInvocationHelper.invokeMethod(MethodInvocationHelper.java:133)<br />
              org.testng.internal.TestInvoker.invokeMethod(TestInvoker.java:598)<br />
              org.testng.internal.TestInvoker.invokeTestMethod(TestInvoker.java:173)<br />
              org.testng.internal.MethodRunner.runInSequence(MethodRunner.java:46)<br />
              org.testng.internal.TestInvoker$MethodInvocationAgent.invoke(TestInvoker.java:824)<br />
              org.testng.internal.TestInvoker.invokeTestMethods(TestInvoker.java:146)<br />
              org.testng.internal.TestMethodWorker.invokeTestMethods(TestMethodWorker.java:146)<br />
              org.testng.internal.TestMethodWorker.run(TestMethodWorker.java:128)<br />
              java.base/java.util.ArrayList.forEach(ArrayList.java:1511)<br />
              org.testng.TestRunner.privateRun(TestRunner.java:794)<br />
              org.testng.TestRunner.run(TestRunner.java:596)<br />
              org.testng.SuiteRunner.runTest(SuiteRunner.java:377)<br />
              org.testng.SuiteRunner.runSequentially(SuiteRunner.java:371)<br />
              org.testng.SuiteRunner.privateRun(SuiteRunner.java:332)<br />
              org.testng.SuiteRunner.run(SuiteRunner.java:276)<br />
              org.testng.SuiteRunnerWorker.runSuite(SuiteRunnerWorker.java:53)<br />
              org.testng.SuiteRunnerWorker.run(SuiteRunnerWorker.java:96)<br />
              org.testng.TestNG.runSuitesSequentially(TestNG.java:1212)<br />
              org.testng.TestNG.runSuitesLocally(TestNG.java:1134)<br />
              org.testng.TestNG.runSuites(TestNG.java:1063)<br />
              org.testng.TestNG.run(TestNG.java:1031)<br />
              org.apache.maven.surefire.testng.TestNGExecutor.run(TestNGExecutor.java:283)<br />
              org.apache.maven.surefire.testng.TestNGXmlTestSuite.execute(TestNGXmlTestSuite.java:75)<br />
              org.apache.maven.surefire.testng.TestNGProvider.invoke(TestNGProvider.java:120)<br />
              org.apache.maven.surefire.booter.ForkedBooter.invokeProviderInSameClassLoader(ForkedBooter.java:384)<br />
              org.apache.maven.surefire.booter.ForkedBooter.runSuitesInProcess(ForkedBooter.java:345)<br />
              org.apache.maven.surefire.booter.ForkedBooter.execute(ForkedBooter.java:126)<br />
              org.apache.maven.surefire.booter.ForkedBooter.main(ForkedBooter.java:418)<br />
                </div>
      </td>
</tr>
          <tr>
        <td colspan="3" class="group">com.amt.test.Acquisition_Quotes_Broker_PCH_with_maintenance_Test</td>
      </tr>
            
<tr>
  <td class="method">
                  aquisition_quotes_user_flow_broker_pch_OTR_calculation_with_maintenance_test
      </td>
  <td class="duration">
    40.076s
  </td>
  <td class="result">
        
          <i>Method arguments: </i><span class="arguments">"AUDI", "A7", "REF001", "02/02/23", "12", "5000", "1000", "20", "2000", "400", "2", "3", "20", "Formula1-PCH"</span><br />
    
            <div class="testOutput">
                        <br>----------Screenshot---------<br>
                                <img src="D:\newWorkspaceStaging\AutomationStaging\target\surefire-reports\html\failure_screenshots\aquisition_quotes_user_flow_broker_pch_OTR_calculation_with_maintenance_test_09_11_2022_02_02_54.png" height="800" width="1000">
                  </div>
    

        <a href="javascript:toggleElement('exception-6', 'block')" title="Click to expand/collapse"><b>org.openqa.selenium.TimeoutException: Expected condition failed: waiting for element to be clickable: Proxy element for: DefaultElementLocator &apos;By.xpath: //*[@id =&apos;acqOTRHeader&apos;]&apos; (tried for 40 second(s) with 500 milliseconds interval)</b></a><br />
    <div class="stackTrace" id="exception-6">
              org.openqa.selenium.support.ui.WebDriverWait.timeoutException(WebDriverWait.java:138)<br />
              org.openqa.selenium.support.ui.FluentWait.until(FluentWait.java:231)<br />
              com.amt.testUtil.Click.on(Click.java:16)<br />
              com.amt.pages.ContractTypesAndOTRPages.ContractTypesAndOTR_Broker_PCH_Page.contractTypes_and_OTR_selection_broker_pch(ContractTypesAndOTR_Broker_PCH_Page.java:90)<br />
              com.amt.test.Acquisition_Quotes_Broker_PCH_with_maintenance_Test.aquisition_quotes_user_flow_broker_pch_OTR_calculation_with_maintenance_test(Acquisition_Quotes_Broker_PCH_with_maintenance_Test.java:45)<br />
              java.base/jdk.internal.reflect.NativeMethodAccessorImpl.invoke0(Native Method)<br />
              java.base/jdk.internal.reflect.NativeMethodAccessorImpl.invoke(NativeMethodAccessorImpl.java:77)<br />
              java.base/jdk.internal.reflect.DelegatingMethodAccessorImpl.invoke(DelegatingMethodAccessorImpl.java:43)<br />
              java.base/java.lang.reflect.Method.invoke(Method.java:568)<br />
              org.testng.internal.MethodInvocationHelper.invokeMethod(MethodInvocationHelper.java:133)<br />
              org.testng.internal.TestInvoker.invokeMethod(TestInvoker.java:598)<br />
              org.testng.internal.TestInvoker.invokeTestMethod(TestInvoker.java:173)<br />
              org.testng.internal.MethodRunner.runInSequence(MethodRunner.java:46)<br />
              org.testng.internal.TestInvoker$MethodInvocationAgent.invoke(TestInvoker.java:824)<br />
              org.testng.internal.TestInvoker.invokeTestMethods(TestInvoker.java:146)<br />
              org.testng.internal.TestMethodWorker.invokeTestMethods(TestMethodWorker.java:146)<br />
              org.testng.internal.TestMethodWorker.run(TestMethodWorker.java:128)<br />
              java.base/java.util.ArrayList.forEach(ArrayList.java:1511)<br />
              org.testng.TestRunner.privateRun(TestRunner.java:794)<br />
              org.testng.TestRunner.run(TestRunner.java:596)<br />
              org.testng.SuiteRunner.runTest(SuiteRunner.java:377)<br />
              org.testng.SuiteRunner.runSequentially(SuiteRunner.java:371)<br />
              org.testng.SuiteRunner.privateRun(SuiteRunner.java:332)<br />
              org.testng.SuiteRunner.run(SuiteRunner.java:276)<br />
              org.testng.SuiteRunnerWorker.runSuite(SuiteRunnerWorker.java:53)<br />
              org.testng.SuiteRunnerWorker.run(SuiteRunnerWorker.java:96)<br />
              org.testng.TestNG.runSuitesSequentially(TestNG.java:1212)<br />
              org.testng.TestNG.runSuitesLocally(TestNG.java:1134)<br />
              org.testng.TestNG.runSuites(TestNG.java:1063)<br />
              org.testng.TestNG.run(TestNG.java:1031)<br />
              org.apache.maven.surefire.testng.TestNGExecutor.run(TestNGExecutor.java:283)<br />
              org.apache.maven.surefire.testng.TestNGXmlTestSuite.execute(TestNGXmlTestSuite.java:75)<br />
              org.apache.maven.surefire.testng.TestNGProvider.invoke(TestNGProvider.java:120)<br />
              org.apache.maven.surefire.booter.ForkedBooter.invokeProviderInSameClassLoader(ForkedBooter.java:384)<br />
              org.apache.maven.surefire.booter.ForkedBooter.runSuitesInProcess(ForkedBooter.java:345)<br />
              org.apache.maven.surefire.booter.ForkedBooter.execute(ForkedBooter.java:126)<br />
              org.apache.maven.surefire.booter.ForkedBooter.main(ForkedBooter.java:418)<br />
                    <b>Caused by: </b> <a href="javascript:toggleElement('exception-7', 'block')" title="Click to expand/collapse">org.openqa.selenium.NoSuchElementException: no such element: Unable to locate element: {&quot;method&quot;:&quot;xpath&quot;,&quot;selector&quot;:&quot;//*[@id =&apos;acqOTRHeader&apos;]&quot;}<br/>
&nbsp; (Session info: chrome=107.0.5304.88)<br/>
For documentation on this error, please visit: https://selenium.dev/exceptions/#no_such_element<br/>
Build info: version: &apos;4.0.0&apos;, revision: &apos;3a21814679&apos;<br/>
System info: host: &apos;DSK-951&apos;, ip: &apos;10.0.3.253&apos;, os.name: &apos;Windows 10&apos;, os.arch: &apos;amd64&apos;, os.version: &apos;10.0&apos;, java.version: &apos;17.0.4.1&apos;<br/>
Driver info: org.openqa.selenium.chrome.ChromeDriver<br/>
Command: [ff095606e38dae7b154b49961b413777, findElement {using=xpath, value=//*[@id =&apos;acqOTRHeader&apos;]}]<br/>
Capabilities {acceptInsecureCerts: false, browserName: chrome, browserVersion: 107.0.5304.88, chrome: {chromedriverVersion: 107.0.5304.62 (1eec40d3a576..., userDataDir: C:\Users\NITEIN~1.KUR\AppDa...}, goog:chromeOptions: {debuggerAddress: localhost:61058}, javascriptEnabled: true, networkConnectionEnabled: false, pageLoadStrategy: normal, platform: WINDOWS, platformName: WINDOWS, proxy: Proxy(), se:cdp: ws://localhost:61058/devtoo..., se:cdpVersion: 107.0.5304.88, setWindowRect: true, strictFileInteractability: false, timeouts: {implicit: 0, pageLoad: 300000, script: 30000}, unhandledPromptBehavior: dismiss and notify, webauthn:extension:credBlob: true, webauthn:extension:largeBlob: true, webauthn:virtualAuthenticators: true}<br/>
Session ID: ff095606e38dae7b154b49961b413777</a><br />
        <div class="stackTrace" id="exception-7">
                      jdk.internal.reflect.GeneratedConstructorAccessor46.newInstance(Unknown Source)<br />
                      java.base/jdk.internal.reflect.DelegatingConstructorAccessorImpl.newInstance(DelegatingConstructorAccessorImpl.java:45)<br />
                      java.base/java.lang.reflect.Constructor.newInstanceWithCaller(Constructor.java:499)<br />
                      java.base/java.lang.reflect.Constructor.newInstance(Constructor.java:480)<br />
                      org.openqa.selenium.remote.codec.w3c.W3CHttpResponseCodec.createException(W3CHttpResponseCodec.java:200)<br />
                      org.openqa.selenium.remote.codec.w3c.W3CHttpResponseCodec.decode(W3CHttpResponseCodec.java:133)<br />
                      org.openqa.selenium.remote.codec.w3c.W3CHttpResponseCodec.decode(W3CHttpResponseCodec.java:53)<br />
                      org.openqa.selenium.remote.HttpCommandExecutor.execute(HttpCommandExecutor.java:184)<br />
                      org.openqa.selenium.remote.service.DriverCommandExecutor.invokeExecute(DriverCommandExecutor.java:164)<br />
                      org.openqa.selenium.remote.service.DriverCommandExecutor.execute(DriverCommandExecutor.java:139)<br />
                      org.openqa.selenium.remote.RemoteWebDriver.execute(RemoteWebDriver.java:559)<br />
                      org.openqa.selenium.remote.ElementLocation$ElementFinder$2.findElement(ElementLocation.java:162)<br />
                      org.openqa.selenium.remote.ElementLocation.findElement(ElementLocation.java:60)<br />
                      org.openqa.selenium.remote.RemoteWebDriver.findElement(RemoteWebDriver.java:383)<br />
                      org.openqa.selenium.remote.RemoteWebDriver.findElement(RemoteWebDriver.java:375)<br />
                      org.openqa.selenium.support.pagefactory.DefaultElementLocator.findElement(DefaultElementLocator.java:70)<br />
                      org.openqa.selenium.support.pagefactory.internal.LocatingElementHandler.invoke(LocatingElementHandler.java:39)<br />
                      jdk.proxy2/jdk.proxy2.$Proxy17.isDisplayed(Unknown Source)<br />
                      org.openqa.selenium.support.ui.ExpectedConditions.elementIfVisible(ExpectedConditions.java:307)<br />
                      org.openqa.selenium.support.ui.ExpectedConditions.access$000(ExpectedConditions.java:40)<br />
                      org.openqa.selenium.support.ui.ExpectedConditions$10.apply(ExpectedConditions.java:293)<br />
                      org.openqa.selenium.support.ui.ExpectedConditions$10.apply(ExpectedConditions.java:290)<br />
                      org.openqa.selenium.support.ui.ExpectedConditions$23.apply(ExpectedConditions.java:660)<br />
                      org.openqa.selenium.support.ui.ExpectedConditions$23.apply(ExpectedConditions.java:656)<br />
                      org.openqa.selenium.support.ui.FluentWait.until(FluentWait.java:208)<br />
                      com.amt.testUtil.Click.on(Click.java:16)<br />
                      com.amt.pages.ContractTypesAndOTRPages.ContractTypesAndOTR_Broker_PCH_Page.contractTypes_and_OTR_selection_broker_pch(ContractTypesAndOTR_Broker_PCH_Page.java:90)<br />
                      com.amt.test.Acquisition_Quotes_Broker_PCH_with_maintenance_Test.aquisition_quotes_user_flow_broker_pch_OTR_calculation_with_maintenance_test(Acquisition_Quotes_Broker_PCH_with_maintenance_Test.java:45)<br />
                      java.base/jdk.internal.reflect.NativeMethodAccessorImpl.invoke0(Native Method)<br />
                      java.base/jdk.internal.reflect.NativeMethodAccessorImpl.invoke(NativeMethodAccessorImpl.java:77)<br />
                      java.base/jdk.internal.reflect.DelegatingMethodAccessorImpl.invoke(DelegatingMethodAccessorImpl.java:43)<br />
                      java.base/java.lang.reflect.Method.invoke(Method.java:568)<br />
                      org.testng.internal.MethodInvocationHelper.invokeMethod(MethodInvocationHelper.java:133)<br />
                      org.testng.internal.TestInvoker.invokeMethod(TestInvoker.java:598)<br />
                      org.testng.internal.TestInvoker.invokeTestMethod(TestInvoker.java:173)<br />
                      org.testng.internal.MethodRunner.runInSequence(MethodRunner.java:46)<br />
                      org.testng.internal.TestInvoker$MethodInvocationAgent.invoke(TestInvoker.java:824)<br />
                      org.testng.internal.TestInvoker.invokeTestMethods(TestInvoker.java:146)<br />
                      org.testng.internal.TestMethodWorker.invokeTestMethods(TestMethodWorker.java:146)<br />
                      org.testng.internal.TestMethodWorker.run(TestMethodWorker.java:128)<br />
                      java.base/java.util.ArrayList.forEach(ArrayList.java:1511)<br />
                      org.testng.TestRunner.privateRun(TestRunner.java:794)<br />
                      org.testng.TestRunner.run(TestRunner.java:596)<br />
                      org.testng.SuiteRunner.runTest(SuiteRunner.java:377)<br />
                      org.testng.SuiteRunner.runSequentially(SuiteRunner.java:371)<br />
                      org.testng.SuiteRunner.privateRun(SuiteRunner.java:332)<br />
                      org.testng.SuiteRunner.run(SuiteRunner.java:276)<br />
                      org.testng.SuiteRunnerWorker.runSuite(SuiteRunnerWorker.java:53)<br />
                      org.testng.SuiteRunnerWorker.run(SuiteRunnerWorker.java:96)<br />
                      org.testng.TestNG.runSuitesSequentially(TestNG.java:1212)<br />
                      org.testng.TestNG.runSuitesLocally(TestNG.java:1134)<br />
                      org.testng.TestNG.runSuites(TestNG.java:1063)<br />
                      org.testng.TestNG.run(TestNG.java:1031)<br />
                      org.apache.maven.surefire.testng.TestNGExecutor.run(TestNGExecutor.java:283)<br />
                      org.apache.maven.surefire.testng.TestNGXmlTestSuite.execute(TestNGXmlTestSuite.java:75)<br />
                      org.apache.maven.surefire.testng.TestNGProvider.invoke(TestNGProvider.java:120)<br />
                      org.apache.maven.surefire.booter.ForkedBooter.invokeProviderInSameClassLoader(ForkedBooter.java:384)<br />
                      org.apache.maven.surefire.booter.ForkedBooter.runSuitesInProcess(ForkedBooter.java:345)<br />
                      org.apache.maven.surefire.booter.ForkedBooter.execute(ForkedBooter.java:126)<br />
                      org.apache.maven.surefire.booter.ForkedBooter.main(ForkedBooter.java:418)<br />
                  </div>
          </div>
      </td>
</tr>
          <tr>
        <td colspan="3" class="group">com.amt.test.Acquisition_Quotes_Broker_PCH_with_maintenance_edited_Test</td>
      </tr>
            
<tr>
  <td class="method">
                  aquisition_quotes_user_flow_broker_pch_with_maintenance_vehicle_price_edited_test
      </td>
  <td class="duration">
    42.072s
  </td>
  <td class="result">
        
          <i>Method arguments: </i><span class="arguments">"AUDI", "A7", "50000", "600", "60000", "REF001", "02/02/23", "12", "5000", "1000", "20", "2000", "400", "2", "3", "20", "5000", "2000", "100", "1000", "200", "Formula1-PCH"</span><br />
    
            <div class="testOutput">
                        <b>Clicked on Quote button </b> <br />
                                <b>Manufacture =AUDI has been selected</b> <br />
                                <b>Model range =A7 has been selected</b> <br />
                                <br>----------Screenshot---------<br>
                                <img src="D:\newWorkspaceStaging\AutomationStaging\target\surefire-reports\html\failure_screenshots\aquisition_quotes_user_flow_broker_pch_with_maintenance_vehicle_price_edited_test_09_11_2022_02_01_59.png" height="800" width="1000">
                  </div>
    

        <a href="javascript:toggleElement('exception-8', 'block')" title="Click to expand/collapse"><b>org.openqa.selenium.ElementClickInterceptedException: element click intercepted: Element &lt;input autocomplete=&quot;off&quot; type=&quot;text&quot; placeholder=&quot;Select model&quot; class=&quot;ng-untouched ng-pristine ng-valid&quot;&gt; is not clickable at point (1077, 303). Other element would receive the click: &lt;div _ngcontent-xln-c0=&quot;&quot; class=&quot;loader_div&quot;&gt;...&lt;/div&gt;<br/>
&nbsp; (Session info: chrome=107.0.5304.88)<br/>
Build info: version: &apos;4.0.0&apos;, revision: &apos;3a21814679&apos;<br/>
System info: host: &apos;DSK-951&apos;, ip: &apos;10.0.3.253&apos;, os.name: &apos;Windows 10&apos;, os.arch: &apos;amd64&apos;, os.version: &apos;10.0&apos;, java.version: &apos;17.0.4.1&apos;<br/>
Driver info: org.openqa.selenium.chrome.ChromeDriver<br/>
Command: [541d4095da6b338b01065f436005a568, clickElement {id=53130a64-6994-49bf-9ee2-e77d7a605d56}]<br/>
Capabilities {acceptInsecureCerts: false, browserName: chrome, browserVersion: 107.0.5304.88, chrome: {chromedriverVersion: 107.0.5304.62 (1eec40d3a576..., userDataDir: C:\Users\NITEIN~1.KUR\AppDa...}, goog:chromeOptions: {debuggerAddress: localhost:60921}, javascriptEnabled: true, networkConnectionEnabled: false, pageLoadStrategy: normal, platform: WINDOWS, platformName: WINDOWS, proxy: Proxy(), se:cdp: ws://localhost:60921/devtoo..., se:cdpVersion: 107.0.5304.88, setWindowRect: true, strictFileInteractability: false, timeouts: {implicit: 0, pageLoad: 300000, script: 30000}, unhandledPromptBehavior: dismiss and notify, webauthn:extension:credBlob: true, webauthn:extension:largeBlob: true, webauthn:virtualAuthenticators: true}<br/>
Element: [[ChromeDriver: chrome on WINDOWS (541d4095da6b338b01065f436005a568)] -&gt; xpath: //*[@placeholder=&apos;Select model&apos;]]<br/>
Session ID: 541d4095da6b338b01065f436005a568</b></a><br />
    <div class="stackTrace" id="exception-8">
              java.base/jdk.internal.reflect.NativeConstructorAccessorImpl.newInstance0(Native Method)<br />
              java.base/jdk.internal.reflect.NativeConstructorAccessorImpl.newInstance(NativeConstructorAccessorImpl.java:77)<br />
              java.base/jdk.internal.reflect.DelegatingConstructorAccessorImpl.newInstance(DelegatingConstructorAccessorImpl.java:45)<br />
              java.base/java.lang.reflect.Constructor.newInstanceWithCaller(Constructor.java:499)<br />
              java.base/java.lang.reflect.Constructor.newInstance(Constructor.java:480)<br />
              org.openqa.selenium.remote.codec.w3c.W3CHttpResponseCodec.createException(W3CHttpResponseCodec.java:200)<br />
              org.openqa.selenium.remote.codec.w3c.W3CHttpResponseCodec.decode(W3CHttpResponseCodec.java:133)<br />
              org.openqa.selenium.remote.codec.w3c.W3CHttpResponseCodec.decode(W3CHttpResponseCodec.java:53)<br />
              org.openqa.selenium.remote.HttpCommandExecutor.execute(HttpCommandExecutor.java:184)<br />
              org.openqa.selenium.remote.service.DriverCommandExecutor.invokeExecute(DriverCommandExecutor.java:164)<br />
              org.openqa.selenium.remote.service.DriverCommandExecutor.execute(DriverCommandExecutor.java:139)<br />
              org.openqa.selenium.remote.RemoteWebDriver.execute(RemoteWebDriver.java:559)<br />
              org.openqa.selenium.remote.RemoteWebElement.execute(RemoteWebElement.java:251)<br />
              org.openqa.selenium.remote.RemoteWebElement.click(RemoteWebElement.java:77)<br />
              jdk.internal.reflect.GeneratedMethodAccessor2.invoke(Unknown Source)<br />
              java.base/jdk.internal.reflect.DelegatingMethodAccessorImpl.invoke(DelegatingMethodAccessorImpl.java:43)<br />
              java.base/java.lang.reflect.Method.invoke(Method.java:568)<br />
              org.openqa.selenium.support.pagefactory.internal.LocatingElementHandler.invoke(LocatingElementHandler.java:52)<br />
              jdk.proxy2/jdk.proxy2.$Proxy17.click(Unknown Source)<br />
              com.amt.testUtil.Click.on(Click.java:18)<br />
              com.amt.pages.VehicleSelectionPage.select_vehicle(VehicleSelectionPage.java:65)<br />
              com.amt.test.Acquisition_Quotes_Broker_PCH_with_maintenance_edited_Test.aquisition_quotes_user_flow_broker_pch_with_maintenance_vehicle_price_edited_test(Acquisition_Quotes_Broker_PCH_with_maintenance_edited_Test.java:50)<br />
              java.base/jdk.internal.reflect.NativeMethodAccessorImpl.invoke0(Native Method)<br />
              java.base/jdk.internal.reflect.NativeMethodAccessorImpl.invoke(NativeMethodAccessorImpl.java:77)<br />
              java.base/jdk.internal.reflect.DelegatingMethodAccessorImpl.invoke(DelegatingMethodAccessorImpl.java:43)<br />
              java.base/java.lang.reflect.Method.invoke(Method.java:568)<br />
              org.testng.internal.MethodInvocationHelper.invokeMethod(MethodInvocationHelper.java:133)<br />
              org.testng.internal.TestInvoker.invokeMethod(TestInvoker.java:598)<br />
              org.testng.internal.TestInvoker.invokeTestMethod(TestInvoker.java:173)<br />
              org.testng.internal.MethodRunner.runInSequence(MethodRunner.java:46)<br />
              org.testng.internal.TestInvoker$MethodInvocationAgent.invoke(TestInvoker.java:824)<br />
              org.testng.internal.TestInvoker.invokeTestMethods(TestInvoker.java:146)<br />
              org.testng.internal.TestMethodWorker.invokeTestMethods(TestMethodWorker.java:146)<br />
              org.testng.internal.TestMethodWorker.run(TestMethodWorker.java:128)<br />
              java.base/java.util.ArrayList.forEach(ArrayList.java:1511)<br />
              org.testng.TestRunner.privateRun(TestRunner.java:794)<br />
              org.testng.TestRunner.run(TestRunner.java:596)<br />
              org.testng.SuiteRunner.runTest(SuiteRunner.java:377)<br />
              org.testng.SuiteRunner.runSequentially(SuiteRunner.java:371)<br />
              org.testng.SuiteRunner.privateRun(SuiteRunner.java:332)<br />
              org.testng.SuiteRunner.run(SuiteRunner.java:276)<br />
              org.testng.SuiteRunnerWorker.runSuite(SuiteRunnerWorker.java:53)<br />
              org.testng.SuiteRunnerWorker.run(SuiteRunnerWorker.java:96)<br />
              org.testng.TestNG.runSuitesSequentially(TestNG.java:1212)<br />
              org.testng.TestNG.runSuitesLocally(TestNG.java:1134)<br />
              org.testng.TestNG.runSuites(TestNG.java:1063)<br />
              org.testng.TestNG.run(TestNG.java:1031)<br />
              org.apache.maven.surefire.testng.TestNGExecutor.run(TestNGExecutor.java:283)<br />
              org.apache.maven.surefire.testng.TestNGXmlTestSuite.execute(TestNGXmlTestSuite.java:75)<br />
              org.apache.maven.surefire.testng.TestNGProvider.invoke(TestNGProvider.java:120)<br />
              org.apache.maven.surefire.booter.ForkedBooter.invokeProviderInSameClassLoader(ForkedBooter.java:384)<br />
              org.apache.maven.surefire.booter.ForkedBooter.runSuitesInProcess(ForkedBooter.java:345)<br />
              org.apache.maven.surefire.booter.ForkedBooter.execute(ForkedBooter.java:126)<br />
              org.apache.maven.surefire.booter.ForkedBooter.main(ForkedBooter.java:418)<br />
                </div>
      </td>
</tr>
          <tr>
        <td colspan="3" class="group">com.amt.test.Acquisition_Quotes_Outright_BCH_without_maintenance_Test</td>
      </tr>
            
<tr>
  <td class="method">
                  aquisition_quotes_outright_BCH_customer_quote_payment_profile_calculations_without_maintenance_test
      </td>
  <td class="duration">
    4.265s
  </td>
  <td class="result">
        
          <i>Method arguments: </i><span class="arguments">"AUDI", "A7", "0", "0", "100", "20000", "10000", "6000", "2000", "1000", "199.99", "0", "NO", "0", "200", "NO", "0", "Formula1-BCH"</span><br />
    
            <div class="testOutput">
                        <b>Writing configuration values from property file to Excel for customer quote calculation -started</b> <br />
                                <b>Writing configuration values from property file to Excel for customer quote calculation -completed</b> <br />
                                <b>************Calculations for Customer Quote Page has been started***********</b> <br />
                                <b>Payment Profile Monthly in Advance option has been selected</b> <br />
                                <b>Clicked on Part Exchange panel</b> <br />
                                <b>Writing values to Excel for customer quote calculation -started</b> <br />
                                <b>Writing values to Excel for customer quote calculation -completed</b> <br />
                                <b>Reading  Monthly Finance Rental from  Excel   -started</b> <br />
                                <b>Reading  Monthly Finance Rental from  Excel   -completed</b> <br />
                                <b>Monthly Finance Rental from Excel is =1079.4386441920722</b> <br />
                                <br>----------Screenshot---------<br>
                                <img src="D:\newWorkspaceStaging\AutomationStaging\target\surefire-reports\html\failure_screenshots\aquisition_quotes_outright_BCH_customer_quote_payment_profile_calculations_without_maintenance_test_09_11_2022_01_42_04.png" height="800" width="1000">
                  </div>
    

        <a href="javascript:toggleElement('exception-9', 'block')" title="Click to expand/collapse"><b>java.lang.AssertionError: expected [true] but found [false]</b></a><br />
    <div class="stackTrace" id="exception-9">
              org.testng.Assert.fail(Assert.java:99)<br />
              org.testng.Assert.failNotEquals(Assert.java:1037)<br />
              org.testng.Assert.assertTrue(Assert.java:45)<br />
              org.testng.Assert.assertTrue(Assert.java:55)<br />
              com.amt.test.Acquisition_Quotes_Outright_BCH_without_maintenance_Test.aquisition_quotes_outright_BCH_customer_quote_payment_profile_calculations_without_maintenance_test(Acquisition_Quotes_Outright_BCH_without_maintenance_Test.java:120)<br />
              java.base/jdk.internal.reflect.NativeMethodAccessorImpl.invoke0(Native Method)<br />
              java.base/jdk.internal.reflect.NativeMethodAccessorImpl.invoke(NativeMethodAccessorImpl.java:77)<br />
              java.base/jdk.internal.reflect.DelegatingMethodAccessorImpl.invoke(DelegatingMethodAccessorImpl.java:43)<br />
              java.base/java.lang.reflect.Method.invoke(Method.java:568)<br />
              org.testng.internal.MethodInvocationHelper.invokeMethod(MethodInvocationHelper.java:133)<br />
              org.testng.internal.TestInvoker.invokeMethod(TestInvoker.java:598)<br />
              org.testng.internal.TestInvoker.invokeTestMethod(TestInvoker.java:173)<br />
              org.testng.internal.MethodRunner.runInSequence(MethodRunner.java:46)<br />
              org.testng.internal.TestInvoker$MethodInvocationAgent.invoke(TestInvoker.java:824)<br />
              org.testng.internal.TestInvoker.invokeTestMethods(TestInvoker.java:146)<br />
              org.testng.internal.TestMethodWorker.invokeTestMethods(TestMethodWorker.java:146)<br />
              org.testng.internal.TestMethodWorker.run(TestMethodWorker.java:128)<br />
              java.base/java.util.ArrayList.forEach(ArrayList.java:1511)<br />
              org.testng.TestRunner.privateRun(TestRunner.java:794)<br />
              org.testng.TestRunner.run(TestRunner.java:596)<br />
              org.testng.SuiteRunner.runTest(SuiteRunner.java:377)<br />
              org.testng.SuiteRunner.runSequentially(SuiteRunner.java:371)<br />
              org.testng.SuiteRunner.privateRun(SuiteRunner.java:332)<br />
              org.testng.SuiteRunner.run(SuiteRunner.java:276)<br />
              org.testng.SuiteRunnerWorker.runSuite(SuiteRunnerWorker.java:53)<br />
              org.testng.SuiteRunnerWorker.run(SuiteRunnerWorker.java:96)<br />
              org.testng.TestNG.runSuitesSequentially(TestNG.java:1212)<br />
              org.testng.TestNG.runSuitesLocally(TestNG.java:1134)<br />
              org.testng.TestNG.runSuites(TestNG.java:1063)<br />
              org.testng.TestNG.run(TestNG.java:1031)<br />
              org.apache.maven.surefire.testng.TestNGExecutor.run(TestNGExecutor.java:283)<br />
              org.apache.maven.surefire.testng.TestNGXmlTestSuite.execute(TestNGXmlTestSuite.java:75)<br />
              org.apache.maven.surefire.testng.TestNGProvider.invoke(TestNGProvider.java:120)<br />
              org.apache.maven.surefire.booter.ForkedBooter.invokeProviderInSameClassLoader(ForkedBooter.java:384)<br />
              org.apache.maven.surefire.booter.ForkedBooter.runSuitesInProcess(ForkedBooter.java:345)<br />
              org.apache.maven.surefire.booter.ForkedBooter.execute(ForkedBooter.java:126)<br />
              org.apache.maven.surefire.booter.ForkedBooter.main(ForkedBooter.java:418)<br />
                </div>
      </td>
</tr>
          <tr>
        <td colspan="3" class="group">com.amt.test.Acquisition_Quotes_Outright_PCH_with_maintenance_Test</td>
      </tr>
            
<tr>
  <td class="method">
                  aquisition_quotes_outright_PCH_OTR_calculation_with_maintenance_test
      </td>
  <td class="duration">
    46.366s
  </td>
  <td class="result">
        
          <i>Method arguments: </i><span class="arguments">"AUDI", "A7", "0", "0", "100", "100", "20000", "0", "10000", "6000", "2000", "1000", "199.99", "0", "YES", "0.2", "200", "NO", "0", "Formula1-PCH"</span><br />
    
            <div class="testOutput">
                        <b>Clicked on Quote button </b> <br />
                                <b>Manufacture =AUDI has been selected</b> <br />
                                <b>Model range =A7 has been selected</b> <br />
                                <b>Vehicle has been selected</b> <br />
                                <b>Paint option has been selected</b> <br />
                                <br>----------Screenshot---------<br>
                                <img src="D:\newWorkspaceStaging\AutomationStaging\target\surefire-reports\html\failure_screenshots\aquisition_quotes_outright_PCH_OTR_calculation_with_maintenance_test_09_11_2022_01_16_16.png" height="800" width="1000">
                  </div>
    

        <a href="javascript:toggleElement('exception-10', 'block')" title="Click to expand/collapse"><b>org.openqa.selenium.NoSuchElementException: no such element: Unable to locate element: {&quot;method&quot;:&quot;xpath&quot;,&quot;selector&quot;:&quot;//body/app-root[1]/div[1]/div[2]/div[2]/div[1]/app-aquisition-generic[1]/form[1]/div[1]/div[1]/div[1]/app-aquisition-detail[1]/div[1]/div[1]/div[1]/div[1]/div[1]/div[1]/div[1]/div[1]/app-aquisition-optional-extras[1]/div[2]/div[1]/div[2]/div[1]/div[1]/div[1]/div[1]/label[1]&quot;}<br/>
&nbsp; (Session info: chrome=107.0.5304.88)<br/>
For documentation on this error, please visit: https://selenium.dev/exceptions/#no_such_element<br/>
Build info: version: &apos;4.0.0&apos;, revision: &apos;3a21814679&apos;<br/>
System info: host: &apos;DSK-951&apos;, ip: &apos;10.0.3.253&apos;, os.name: &apos;Windows 10&apos;, os.arch: &apos;amd64&apos;, os.version: &apos;10.0&apos;, java.version: &apos;17.0.4.1&apos;<br/>
Driver info: org.openqa.selenium.chrome.ChromeDriver<br/>
Command: [f289aa6d683fc4638e1fef00ac89785e, findElement {using=xpath, value=//body/app-root[1]/div[1]/div[2]/div[2]/div[1]/app-aquisition-generic[1]/form[1]/div[1]/div[1]/div[1]/app-aquisition-detail[1]/div[1]/div[1]/div[1]/div[1]/div[1]/div[1]/div[1]/div[1]/app-aquisition-optional-extras[1]/div[2]/div[1]/div[2]/div[1]/div[1]/div[1]/div[1]/label[1]}]<br/>
Capabilities {acceptInsecureCerts: false, browserName: chrome, browserVersion: 107.0.5304.88, chrome: {chromedriverVersion: 107.0.5304.62 (1eec40d3a576..., userDataDir: C:\Users\NITEIN~1.KUR\AppDa...}, goog:chromeOptions: {debuggerAddress: localhost:57064}, javascriptEnabled: true, networkConnectionEnabled: false, pageLoadStrategy: normal, platform: WINDOWS, platformName: WINDOWS, proxy: Proxy(), se:cdp: ws://localhost:57064/devtoo..., se:cdpVersion: 107.0.5304.88, setWindowRect: true, strictFileInteractability: false, timeouts: {implicit: 0, pageLoad: 300000, script: 30000}, unhandledPromptBehavior: dismiss and notify, webauthn:extension:credBlob: true, webauthn:extension:largeBlob: true, webauthn:virtualAuthenticators: true}<br/>
Session ID: f289aa6d683fc4638e1fef00ac89785e</b></a><br />
    <div class="stackTrace" id="exception-10">
              java.base/jdk.internal.reflect.NativeConstructorAccessorImpl.newInstance0(Native Method)<br />
              java.base/jdk.internal.reflect.NativeConstructorAccessorImpl.newInstance(NativeConstructorAccessorImpl.java:77)<br />
              java.base/jdk.internal.reflect.DelegatingConstructorAccessorImpl.newInstance(DelegatingConstructorAccessorImpl.java:45)<br />
              java.base/java.lang.reflect.Constructor.newInstanceWithCaller(Constructor.java:499)<br />
              java.base/java.lang.reflect.Constructor.newInstance(Constructor.java:480)<br />
              org.openqa.selenium.remote.codec.w3c.W3CHttpResponseCodec.createException(W3CHttpResponseCodec.java:200)<br />
              org.openqa.selenium.remote.codec.w3c.W3CHttpResponseCodec.decode(W3CHttpResponseCodec.java:133)<br />
              org.openqa.selenium.remote.codec.w3c.W3CHttpResponseCodec.decode(W3CHttpResponseCodec.java:53)<br />
              org.openqa.selenium.remote.HttpCommandExecutor.execute(HttpCommandExecutor.java:184)<br />
              org.openqa.selenium.remote.service.DriverCommandExecutor.invokeExecute(DriverCommandExecutor.java:164)<br />
              org.openqa.selenium.remote.service.DriverCommandExecutor.execute(DriverCommandExecutor.java:139)<br />
              org.openqa.selenium.remote.RemoteWebDriver.execute(RemoteWebDriver.java:559)<br />
              org.openqa.selenium.remote.ElementLocation$ElementFinder$2.findElement(ElementLocation.java:162)<br />
              org.openqa.selenium.remote.ElementLocation.findElement(ElementLocation.java:60)<br />
              org.openqa.selenium.remote.RemoteWebDriver.findElement(RemoteWebDriver.java:383)<br />
              org.openqa.selenium.remote.RemoteWebDriver.findElement(RemoteWebDriver.java:375)<br />
              org.openqa.selenium.support.pagefactory.DefaultElementLocator.findElement(DefaultElementLocator.java:70)<br />
              org.openqa.selenium.support.pagefactory.internal.LocatingElementHandler.invoke(LocatingElementHandler.java:39)<br />
              jdk.proxy2/jdk.proxy2.$Proxy17.getWrappedElement(Unknown Source)<br />
              org.openqa.selenium.remote.internal.WebElementToJsonConverter.apply(WebElementToJsonConverter.java:51)<br />
              java.base/java.util.stream.ReferencePipeline$3$1.accept(ReferencePipeline.java:197)<br />
              java.base/java.util.Spliterators$ArraySpliterator.forEachRemaining(Spliterators.java:992)<br />
              java.base/java.util.stream.AbstractPipeline.copyInto(AbstractPipeline.java:509)<br />
              java.base/java.util.stream.AbstractPipeline.wrapAndCopyInto(AbstractPipeline.java:499)<br />
              java.base/java.util.stream.ReduceOps$ReduceOp.evaluateSequential(ReduceOps.java:921)<br />
              java.base/java.util.stream.AbstractPipeline.evaluate(AbstractPipeline.java:234)<br />
              java.base/java.util.stream.ReferencePipeline.collect(ReferencePipeline.java:682)<br />
              org.openqa.selenium.remote.RemoteWebDriver.executeScript(RemoteWebDriver.java:490)<br />
              com.amt.pages.OptionsAccessoriesPage.options_And_Accessories_selection(OptionsAccessoriesPage.java:39)<br />
              com.amt.test.Acquisition_Quotes_Outright_PCH_with_maintenance_Test.aquisition_quotes_outright_PCH_OTR_calculation_with_maintenance_test(Acquisition_Quotes_Outright_PCH_with_maintenance_Test.java:57)<br />
              java.base/jdk.internal.reflect.NativeMethodAccessorImpl.invoke0(Native Method)<br />
              java.base/jdk.internal.reflect.NativeMethodAccessorImpl.invoke(NativeMethodAccessorImpl.java:77)<br />
              java.base/jdk.internal.reflect.DelegatingMethodAccessorImpl.invoke(DelegatingMethodAccessorImpl.java:43)<br />
              java.base/java.lang.reflect.Method.invoke(Method.java:568)<br />
              org.testng.internal.MethodInvocationHelper.invokeMethod(MethodInvocationHelper.java:133)<br />
              org.testng.internal.TestInvoker.invokeMethod(TestInvoker.java:598)<br />
              org.testng.internal.TestInvoker.invokeTestMethod(TestInvoker.java:173)<br />
              org.testng.internal.MethodRunner.runInSequence(MethodRunner.java:46)<br />
              org.testng.internal.TestInvoker$MethodInvocationAgent.invoke(TestInvoker.java:824)<br />
              org.testng.internal.TestInvoker.invokeTestMethods(TestInvoker.java:146)<br />
              org.testng.internal.TestMethodWorker.invokeTestMethods(TestMethodWorker.java:146)<br />
              org.testng.internal.TestMethodWorker.run(TestMethodWorker.java:128)<br />
              java.base/java.util.ArrayList.forEach(ArrayList.java:1511)<br />
              org.testng.TestRunner.privateRun(TestRunner.java:794)<br />
              org.testng.TestRunner.run(TestRunner.java:596)<br />
              org.testng.SuiteRunner.runTest(SuiteRunner.java:377)<br />
              org.testng.SuiteRunner.runSequentially(SuiteRunner.java:371)<br />
              org.testng.SuiteRunner.privateRun(SuiteRunner.java:332)<br />
              org.testng.SuiteRunner.run(SuiteRunner.java:276)<br />
              org.testng.SuiteRunnerWorker.runSuite(SuiteRunnerWorker.java:53)<br />
              org.testng.SuiteRunnerWorker.run(SuiteRunnerWorker.java:96)<br />
              org.testng.TestNG.runSuitesSequentially(TestNG.java:1212)<br />
              org.testng.TestNG.runSuitesLocally(TestNG.java:1134)<br />
              org.testng.TestNG.runSuites(TestNG.java:1063)<br />
              org.testng.TestNG.run(TestNG.java:1031)<br />
              org.apache.maven.surefire.testng.TestNGExecutor.run(TestNGExecutor.java:283)<br />
              org.apache.maven.surefire.testng.TestNGXmlTestSuite.execute(TestNGXmlTestSuite.java:75)<br />
              org.apache.maven.surefire.testng.TestNGProvider.invoke(TestNGProvider.java:120)<br />
              org.apache.maven.surefire.booter.ForkedBooter.invokeProviderInSameClassLoader(ForkedBooter.java:384)<br />
              org.apache.maven.surefire.booter.ForkedBooter.runSuitesInProcess(ForkedBooter.java:345)<br />
              org.apache.maven.surefire.booter.ForkedBooter.execute(ForkedBooter.java:126)<br />
              org.apache.maven.surefire.booter.ForkedBooter.main(ForkedBooter.java:418)<br />
                </div>
      </td>
</tr>
          <tr>
        <td colspan="3" class="group">com.amt.test.Acquisition_Quotes_Outright_PCH_without_maintenance_Test</td>
      </tr>
            
<tr>
  <td class="method">
                  aquisition_quotes_outright_PCH_OTR_calculation_without_maintenance_test
      </td>
  <td class="duration">
    63.206s
  </td>
  <td class="result">
        
          <i>Method arguments: </i><span class="arguments">"AUDI", "A7", "0", "0", "100", "20000", "10000", "6000", "2000", "1000", "199.99", "0", "NO", "0", "200", "NO", "0", "Formula1-PCH"</span><br />
    
            <div class="testOutput">
                        <b>Clicked on Quote button </b> <br />
                                <b>Manufacture =AUDI has been selected</b> <br />
                                <b>Model range =A7 has been selected</b> <br />
                                <b>Vehicle has been selected</b> <br />
                                <b>Paint option has been selected</b> <br />
                                <b>Interior option has been selected</b> <br />
                                <br>----------Screenshot---------<br>
                                <img src="D:\newWorkspaceStaging\AutomationStaging\target\surefire-reports\html\failure_screenshots\aquisition_quotes_outright_PCH_OTR_calculation_without_maintenance_test_09_11_2022_01_37_20.png" height="800" width="1000">
                  </div>
    

        <a href="javascript:toggleElement('exception-11', 'block')" title="Click to expand/collapse"><b>org.openqa.selenium.ElementClickInterceptedException: element click intercepted: Element &lt;a href=&quot;javascript:;&quot; id=&quot;acqOTRHeader&quot;&gt;...&lt;/a&gt; is not clickable at point (559, 88). Other element would receive the click: &lt;div _ngcontent-bea-c0=&quot;&quot; class=&quot;loader_div&quot;&gt;...&lt;/div&gt;<br/>
&nbsp; (Session info: chrome=107.0.5304.88)<br/>
Build info: version: &apos;4.0.0&apos;, revision: &apos;3a21814679&apos;<br/>
System info: host: &apos;DSK-951&apos;, ip: &apos;10.0.3.253&apos;, os.name: &apos;Windows 10&apos;, os.arch: &apos;amd64&apos;, os.version: &apos;10.0&apos;, java.version: &apos;17.0.4.1&apos;<br/>
Driver info: org.openqa.selenium.chrome.ChromeDriver<br/>
Command: [aeeafc7b2c00e4a0d725d98d6ee525da, clickElement {id=2d615103-0598-4ddf-9369-48e8d0da8671}]<br/>
Capabilities {acceptInsecureCerts: false, browserName: chrome, browserVersion: 107.0.5304.88, chrome: {chromedriverVersion: 107.0.5304.62 (1eec40d3a576..., userDataDir: C:\Users\NITEIN~1.KUR\AppDa...}, goog:chromeOptions: {debuggerAddress: localhost:58497}, javascriptEnabled: true, networkConnectionEnabled: false, pageLoadStrategy: normal, platform: WINDOWS, platformName: WINDOWS, proxy: Proxy(), se:cdp: ws://localhost:58497/devtoo..., se:cdpVersion: 107.0.5304.88, setWindowRect: true, strictFileInteractability: false, timeouts: {implicit: 0, pageLoad: 300000, script: 30000}, unhandledPromptBehavior: dismiss and notify, webauthn:extension:credBlob: true, webauthn:extension:largeBlob: true, webauthn:virtualAuthenticators: true}<br/>
Element: [[ChromeDriver: chrome on WINDOWS (aeeafc7b2c00e4a0d725d98d6ee525da)] -&gt; xpath: //*[@id =&apos;acqOTRHeader&apos;]]<br/>
Session ID: aeeafc7b2c00e4a0d725d98d6ee525da</b></a><br />
    <div class="stackTrace" id="exception-11">
              java.base/jdk.internal.reflect.NativeConstructorAccessorImpl.newInstance0(Native Method)<br />
              java.base/jdk.internal.reflect.NativeConstructorAccessorImpl.newInstance(NativeConstructorAccessorImpl.java:77)<br />
              java.base/jdk.internal.reflect.DelegatingConstructorAccessorImpl.newInstance(DelegatingConstructorAccessorImpl.java:45)<br />
              java.base/java.lang.reflect.Constructor.newInstanceWithCaller(Constructor.java:499)<br />
              java.base/java.lang.reflect.Constructor.newInstance(Constructor.java:480)<br />
              org.openqa.selenium.remote.codec.w3c.W3CHttpResponseCodec.createException(W3CHttpResponseCodec.java:200)<br />
              org.openqa.selenium.remote.codec.w3c.W3CHttpResponseCodec.decode(W3CHttpResponseCodec.java:133)<br />
              org.openqa.selenium.remote.codec.w3c.W3CHttpResponseCodec.decode(W3CHttpResponseCodec.java:53)<br />
              org.openqa.selenium.remote.HttpCommandExecutor.execute(HttpCommandExecutor.java:184)<br />
              org.openqa.selenium.remote.service.DriverCommandExecutor.invokeExecute(DriverCommandExecutor.java:164)<br />
              org.openqa.selenium.remote.service.DriverCommandExecutor.execute(DriverCommandExecutor.java:139)<br />
              org.openqa.selenium.remote.RemoteWebDriver.execute(RemoteWebDriver.java:559)<br />
              org.openqa.selenium.remote.RemoteWebElement.execute(RemoteWebElement.java:251)<br />
              org.openqa.selenium.remote.RemoteWebElement.click(RemoteWebElement.java:77)<br />
              jdk.internal.reflect.GeneratedMethodAccessor2.invoke(Unknown Source)<br />
              java.base/jdk.internal.reflect.DelegatingMethodAccessorImpl.invoke(DelegatingMethodAccessorImpl.java:43)<br />
              java.base/java.lang.reflect.Method.invoke(Method.java:568)<br />
              org.openqa.selenium.support.pagefactory.internal.LocatingElementHandler.invoke(LocatingElementHandler.java:52)<br />
              jdk.proxy2/jdk.proxy2.$Proxy17.click(Unknown Source)<br />
              com.amt.testUtil.Click.on(Click.java:18)<br />
              com.amt.pages.ContractTypesAndOTRPages.ContractTypesAndOTR_Outright_PCH_Ownbook_CalculationPage.contractTypes_and_OTR_selection_outright_PCH_Ownbook_calculation(ContractTypesAndOTR_Outright_PCH_Ownbook_CalculationPage.java:97)<br />
              com.amt.test.Acquisition_Quotes_Outright_PCH_without_maintenance_Test.aquisition_quotes_outright_PCH_OTR_calculation_without_maintenance_test(Acquisition_Quotes_Outright_PCH_without_maintenance_Test.java:60)<br />
              java.base/jdk.internal.reflect.NativeMethodAccessorImpl.invoke0(Native Method)<br />
              java.base/jdk.internal.reflect.NativeMethodAccessorImpl.invoke(NativeMethodAccessorImpl.java:77)<br />
              java.base/jdk.internal.reflect.DelegatingMethodAccessorImpl.invoke(DelegatingMethodAccessorImpl.java:43)<br />
              java.base/java.lang.reflect.Method.invoke(Method.java:568)<br />
              org.testng.internal.MethodInvocationHelper.invokeMethod(MethodInvocationHelper.java:133)<br />
              org.testng.internal.TestInvoker.invokeMethod(TestInvoker.java:598)<br />
              org.testng.internal.TestInvoker.invokeTestMethod(TestInvoker.java:173)<br />
              org.testng.internal.MethodRunner.runInSequence(MethodRunner.java:46)<br />
              org.testng.internal.TestInvoker$MethodInvocationAgent.invoke(TestInvoker.java:824)<br />
              org.testng.internal.TestInvoker.invokeTestMethods(TestInvoker.java:146)<br />
              org.testng.internal.TestMethodWorker.invokeTestMethods(TestMethodWorker.java:146)<br />
              org.testng.internal.TestMethodWorker.run(TestMethodWorker.java:128)<br />
              java.base/java.util.ArrayList.forEach(ArrayList.java:1511)<br />
              org.testng.TestRunner.privateRun(TestRunner.java:794)<br />
              org.testng.TestRunner.run(TestRunner.java:596)<br />
              org.testng.SuiteRunner.runTest(SuiteRunner.java:377)<br />
              org.testng.SuiteRunner.runSequentially(SuiteRunner.java:371)<br />
              org.testng.SuiteRunner.privateRun(SuiteRunner.java:332)<br />
              org.testng.SuiteRunner.run(SuiteRunner.java:276)<br />
              org.testng.SuiteRunnerWorker.runSuite(SuiteRunnerWorker.java:53)<br />
              org.testng.SuiteRunnerWorker.run(SuiteRunnerWorker.java:96)<br />
              org.testng.TestNG.runSuitesSequentially(TestNG.java:1212)<br />
              org.testng.TestNG.runSuitesLocally(TestNG.java:1134)<br />
              org.testng.TestNG.runSuites(TestNG.java:1063)<br />
              org.testng.TestNG.run(TestNG.java:1031)<br />
              org.apache.maven.surefire.testng.TestNGExecutor.run(TestNGExecutor.java:283)<br />
              org.apache.maven.surefire.testng.TestNGXmlTestSuite.execute(TestNGXmlTestSuite.java:75)<br />
              org.apache.maven.surefire.testng.TestNGProvider.invoke(TestNGProvider.java:120)<br />
              org.apache.maven.surefire.booter.ForkedBooter.invokeProviderInSameClassLoader(ForkedBooter.java:384)<br />
              org.apache.maven.surefire.booter.ForkedBooter.runSuitesInProcess(ForkedBooter.java:345)<br />
              org.apache.maven.surefire.booter.ForkedBooter.execute(ForkedBooter.java:126)<br />
              org.apache.maven.surefire.booter.ForkedBooter.main(ForkedBooter.java:418)<br />
                </div>
      </td>
</tr>
      </table>

  <table class="resultsTable" width="100%">
    <tr><th colspan="3" class="header skipped">Skipped Tests</th></tr>
          <tr>
        <td colspan="3" class="group">com.amt.test.Acquisition_Quotes_Broker_BCH_with_maintenance_Test</td>
      </tr>
            
<tr>
  <td class="method">
                  aquisition_quotes_user_flow_broker_bch_quote_summary_values_verification_with_maintenance_test
      </td>
  <td class="duration">
    0.000s
  </td>
  <td class="result">
                             <i>Depends on method(s): </i>
        <span class="dependency">com.amt.test.Acquisition_Quotes_Broker_BCH_with_maintenance_Test.aquisition_quotes_user_flow_broker_bch_funder_quote_addition_with_maintenance_test</span>
                
    
        

      </td>
</tr>
          <tr>
        <td colspan="3" class="group">com.amt.test.Acquisition_Quotes_Broker_BCH_with_maintenance_edited_Test</td>
      </tr>
            
<tr>
  <td class="method">
                  aquisition_quotes_user_flow_broker_bch_with_maintenance_quote_summary_page_value_verification_test
      </td>
  <td class="duration">
    0.000s
  </td>
  <td class="result">
                             <i>Depends on method(s): </i>
        <span class="dependency">com.amt.test.Acquisition_Quotes_Broker_BCH_with_maintenance_edited_Test.aquisition_quotes_user_flow_broker_bch_with_maintenance_customer_quote_funder_quote_addition_test</span>
                
    
        

      </td>
</tr>
          <tr>
        <td colspan="3" class="group">com.amt.test.Acquisition_Quotes_Broker_PCH_with_maintenance_Test</td>
      </tr>
            
<tr>
  <td class="method">
                  aquisition_quotes_user_flow_broker_pch_after_discount_calculation_with_maintenance_test
      </td>
  <td class="duration">
    0.000s
  </td>
  <td class="result">
                             <i>Depends on method(s): </i>
        <span class="dependency">com.amt.test.Acquisition_Quotes_Broker_PCH_with_maintenance_Test.aquisition_quotes_user_flow_broker_pch_OTR_calculation_with_maintenance_test</span>
                
    
        

      </td>
</tr>
<tr>
  <td class="method">
                  aquisition_quotes_user_flow_broker_pch_funder_quote_addition_with_maintenance_test
      </td>
  <td class="duration">
    0.000s
  </td>
  <td class="result">
                             <i>Depends on method(s): </i>
        <span class="dependency">com.amt.test.Acquisition_Quotes_Broker_PCH_with_maintenance_Test.aquisition_quotes_user_flow_broker_pch_after_discount_calculation_with_maintenance_test</span>
                
    
        

      </td>
</tr>
<tr>
  <td class="method">
                  aquisition_quotes_user_flow_broker_pch_quote_summary_values_verification_with_maintenance_test
      </td>
  <td class="duration">
    0.000s
  </td>
  <td class="result">
                             <i>Depends on method(s): </i>
        <span class="dependency">com.amt.test.Acquisition_Quotes_Broker_PCH_with_maintenance_Test.aquisition_quotes_user_flow_broker_pch_funder_quote_addition_with_maintenance_test</span>
                
    
        

      </td>
</tr>
          <tr>
        <td colspan="3" class="group">com.amt.test.Acquisition_Quotes_Broker_PCH_with_maintenance_edited_Test</td>
      </tr>
            
<tr>
  <td class="method">
                  aquisition_quotes_user_flow_broker_pch_with_maintenance_customer_quote_funder_quote_addition_test
      </td>
  <td class="duration">
    0.000s
  </td>
  <td class="result">
                             <i>Depends on method(s): </i>
        <span class="dependency">com.amt.test.Acquisition_Quotes_Broker_PCH_with_maintenance_edited_Test.aquisition_quotes_user_flow_broker_pch_with_maintenance_road_tax_for_first_year_edited_test</span>
                
    
        

      </td>
</tr>
<tr>
  <td class="method">
                  aquisition_quotes_user_flow_broker_pch_with_maintenance_quote_summary_page_value_verification_test
      </td>
  <td class="duration">
    0.000s
  </td>
  <td class="result">
                             <i>Depends on method(s): </i>
        <span class="dependency">com.amt.test.Acquisition_Quotes_Broker_PCH_with_maintenance_edited_Test.aquisition_quotes_user_flow_broker_pch_with_maintenance_customer_quote_funder_quote_addition_test</span>
                
    
        

      </td>
</tr>
<tr>
  <td class="method">
                  aquisition_quotes_user_flow_broker_pch_with_maintenance_road_tax_for_first_year_edited_test
      </td>
  <td class="duration">
    0.000s
  </td>
  <td class="result">
                             <i>Depends on method(s): </i>
        <span class="dependency">com.amt.test.Acquisition_Quotes_Broker_PCH_with_maintenance_edited_Test.aquisition_quotes_user_flow_broker_pch_with_maintenance_vehicle_price_edited_test</span>
                
    
        

      </td>
</tr>
          <tr>
        <td colspan="3" class="group">com.amt.test.Acquisition_Quotes_Outright_BCH_without_maintenance_Test</td>
      </tr>
            
<tr>
  <td class="method">
                  aquisition_quotes_outright_BCH_quote_summary_values_verification_without_maintenance_test
      </td>
  <td class="duration">
    0.000s
  </td>
  <td class="result">
                             <i>Depends on method(s): </i>
        <span class="dependency">com.amt.test.Acquisition_Quotes_Outright_BCH_without_maintenance_Test.aquisition_quotes_outright_BCH_customer_quote_payment_profile_calculations_without_maintenance_test</span>
                
    
        

      </td>
</tr>
          <tr>
        <td colspan="3" class="group">com.amt.test.Acquisition_Quotes_Outright_PCH_with_maintenance_Test</td>
      </tr>
            
<tr>
  <td class="method">
                  aquisition_quotes_outright_PCH_after_discount_calculations_with_maintenance_test
      </td>
  <td class="duration">
    0.000s
  </td>
  <td class="result">
                             <i>Depends on method(s): </i>
        <span class="dependency">com.amt.test.Acquisition_Quotes_Outright_PCH_with_maintenance_Test.aquisition_quotes_outright_PCH_OTR_calculation_with_maintenance_test</span>
                
    
        

      </td>
</tr>
<tr>
  <td class="method">
                  aquisition_quotes_outright_PCH_customer_quote_payment_profile_calculations_with_maintenance_test
      </td>
  <td class="duration">
    0.000s
  </td>
  <td class="result">
                             <i>Depends on method(s): </i>
        <span class="dependency">com.amt.test.Acquisition_Quotes_Outright_PCH_with_maintenance_Test.aquisition_quotes_outright_PCH_holding_cost_calculations_with_maintenance_test</span>
                
    
        

      </td>
</tr>
<tr>
  <td class="method">
                  aquisition_quotes_outright_PCH_holding_cost_calculations_with_maintenance_test
      </td>
  <td class="duration">
    0.000s
  </td>
  <td class="result">
                             <i>Depends on method(s): </i>
        <span class="dependency">com.amt.test.Acquisition_Quotes_Outright_PCH_with_maintenance_Test.aquisition_quotes_outright_PCH_after_discount_calculations_with_maintenance_test</span>
                
    
        

      </td>
</tr>
<tr>
  <td class="method">
                  aquisition_quotes_outright_PCH_quote_summary_values_verification_with_maintenance_test
      </td>
  <td class="duration">
    0.000s
  </td>
  <td class="result">
                             <i>Depends on method(s): </i>
        <span class="dependency">com.amt.test.Acquisition_Quotes_Outright_PCH_with_maintenance_Test.aquisition_quotes_outright_PCH_customer_quote_payment_profile_calculations_with_maintenance_test</span>
                
    
        

      </td>
</tr>
          <tr>
        <td colspan="3" class="group">com.amt.test.Acquisition_Quotes_Outright_PCH_without_maintenance_Test</td>
      </tr>
            
<tr>
  <td class="method">
                  aquisition_quotes_outright_PCH_after_discount_calculations_without_maintenance_test
      </td>
  <td class="duration">
    0.000s
  </td>
  <td class="result">
                             <i>Depends on method(s): </i>
        <span class="dependency">com.amt.test.Acquisition_Quotes_Outright_PCH_without_maintenance_Test.aquisition_quotes_outright_PCH_OTR_calculation_without_maintenance_test</span>
                
    
        

      </td>
</tr>
<tr>
  <td class="method">
                  aquisition_quotes_outright_PCH_customer_quote_payment_profile_calculations_without_maintenance_test
      </td>
  <td class="duration">
    0.000s
  </td>
  <td class="result">
                             <i>Depends on method(s): </i>
        <span class="dependency">com.amt.test.Acquisition_Quotes_Outright_PCH_without_maintenance_Test.aquisition_quotes_outright_PCH_holding_cost_calculations_without_maintenance_test</span>
                
    
        

      </td>
</tr>
<tr>
  <td class="method">
                  aquisition_quotes_outright_PCH_holding_cost_calculations_without_maintenance_test
      </td>
  <td class="duration">
    0.000s
  </td>
  <td class="result">
                             <i>Depends on method(s): </i>
        <span class="dependency">com.amt.test.Acquisition_Quotes_Outright_PCH_without_maintenance_Test.aquisition_quotes_outright_PCH_after_discount_calculations_without_maintenance_test</span>
                
    
        

      </td>
</tr>
<tr>
  <td class="method">
                  aquisition_quotes_outright_PCH_quote_summary_values_verification_without_maintenance_test
      </td>
  <td class="duration">
    0.000s
  </td>
  <td class="result">
                             <i>Depends on method(s): </i>
        <span class="dependency">com.amt.test.Acquisition_Quotes_Outright_PCH_without_maintenance_Test.aquisition_quotes_outright_PCH_customer_quote_payment_profile_calculations_without_maintenance_test</span>
                
    
        

      </td>
</tr>
      </table>

  <table class="resultsTable">
    <tr><th colspan="3" class="header passed">Passed Tests</th></tr>
          <tr>
        <td colspan="3" class="group">com.amt.test.Acquisition_Quotes_Broker_BCH_with_maintenance_Test</td>
      </tr>
            
<tr>
  <td class="method">
                  aquisition_quotes_user_flow_broker_bch_OTR_calculation_with_maintenance_test
      </td>
  <td class="duration">
    71.272s
  </td>
  <td class="result">
        
          <i>Method arguments: </i><span class="arguments">"AUDI", "A7", "REF001", "02/02/23", "12", "5000", "1000", "20", "2000", "400", "2", "3", "20", "Formula1-BCH"</span><br />
    
            <div class="testOutput">
                        <b>Clicked on Quote button </b> <br />
                                <b>Manufacture =AUDI has been selected</b> <br />
                                <b>Model range =A7 has been selected</b> <br />
                                <b>Vehicle has been selected</b> <br />
                                <b>Paint option has been selected</b> <br />
                                <b>Interior option has been selected</b> <br />
                                <b>Contract type option has been selected</b> <br />
                                <b>Getting Basic Price- Vehicle value is  =46854.17</b> <br />
                                <b>Getting Basic Price - Paint  value is  =0.00</b> <br />
                                <b>Getting  Basic Price - Options value is   =833.33</b> <br />
                                <b>Getting Discount- Vehicle value is  =0.00</b> <br />
                                <b>Getting   Discount - Paint value is   =0.00</b> <br />
                                <b>Getting  Discount- Options value is   =0.00</b> <br />
                                <b>Getting Additional Discount- Vehicle value is  =0.00</b> <br />
                                <b>Getting  Additional Discount - paint value is  =0.00</b> <br />
                                <b>Getting  Additional Discount - Options value is  =0.00</b> <br />
                                <b>Writing OTR table values to excel sheet -Started </b> <br />
                                <b>Writing OTR table values to excel sheet -Completed </b> <br />
                                <b>Reading Subtotal After Discount from excel sheet -Started </b> <br />
                                <b>Reading Subtotal After Discount from excel sheet -Started </b> <br />
                                <b>Subtotal After Discount from excel sheet is =47687.5</b> <br />
                                <b>Subtotal after discount actual value from screen = 47,687.50</b> <br />
                  </div>
    

      </td>
</tr>
<tr>
  <td class="method">
                  aquisition_quotes_user_flow_broker_bch_after_discount_calculations_with_maintenance_test
      </td>
  <td class="duration">
    0.657s
  </td>
  <td class="result">
        
          <i>Method arguments: </i><span class="arguments">"AUDI", "A7", "REF001", "02/02/23", "12", "5000", "1000", "20", "2000", "400", "2", "3", "20", "Formula1-BCH"</span><br />
    
            <div class="testOutput">
                        <b>*********Calculations for On Road Price has been started***********</b> <br />
                                <b>Started getting On screen values from after discount table </b> <br />
                                <b>Manufacture_delivery_charges =550.00</b> <br />
                                <b>Road_tax_first_year =585.00</b> <br />
                                <b>First_registration_fee =55.00</b> <br />
                                <b>Rebate =0.00</b> <br />
                                <b>Writing After discount values to excel has been started</b> <br />
                                <b>Writing After discount values to excel has been completed</b> <br />
                                <b>Reading On Road Price for invoice from excel has been Started</b> <br />
                                <b>Reading On Road Price for invoice from excel has been completed</b> <br />
                                <b>Expected on the road price from excel is =58525.0</b> <br />
                                <b>Actual on the road price from screen is =58525.00</b> <br />
                  </div>
    

      </td>
</tr>
          <tr>
        <td colspan="3" class="group">com.amt.test.Acquisition_Quotes_Broker_BCH_with_maintenance_edited_Test</td>
      </tr>
            
<tr>
  <td class="method">
                  aquisition_quotes_user_flow_broker_bch_with_maintenance_road_tax_for_first_year_edited_test
      </td>
  <td class="duration">
    1.117s
  </td>
  <td class="result">
        
          <i>Method arguments: </i><span class="arguments">"AUDI", "A7", "50000", "600", "60000", "REF001", "02/02/23", "12", "5000", "1000", "20", "2000", "400", "2", "3", "20", "5000", "2000", "100", "1000", "200", "Formula1-BCH"</span><br />
    
            <div class="testOutput">
                        <b>*********Calculations for On Road Price has been started***********</b> <br />
                                <b>Started getting On screen values from after discount table </b> <br />
                                <b>Manufacture_delivery_charges =550.00</b> <br />
                                <b>Road_tax_first_year_from_test_data =600</b> <br />
                                <b>First_registration_fee =55.00</b> <br />
                                <b>Rebate =0.00</b> <br />
                                <b>Writing After discount values to excel has been started</b> <br />
                                <b>Writing After discount values to excel has been completed</b> <br />
                                <b>Reading On Road Price for invoice from excel has been Started</b> <br />
                                <b>Reading On Road Price for invoice from excel has been completed</b> <br />
                                <b>Expected on the road price from excel is =62315.0</b> <br />
                                <b>Actual on the road price from screen is =62315.00</b> <br />
                  </div>
    

      </td>
</tr>
<tr>
  <td class="method">
                  aquisition_quotes_user_flow_broker_bch_with_maintenance_vehicle_price_edited_test
      </td>
  <td class="duration">
    73.039s
  </td>
  <td class="result">
        
          <i>Method arguments: </i><span class="arguments">"AUDI", "A7", "50000", "600", "60000", "REF001", "02/02/23", "12", "5000", "1000", "20", "2000", "400", "2", "3", "20", "5000", "2000", "100", "1000", "200", "Formula1-BCH"</span><br />
    
            <div class="testOutput">
                        <b>Clicked on Quote button </b> <br />
                                <b>Manufacture =AUDI has been selected</b> <br />
                                <b>Model range =A7 has been selected</b> <br />
                                <b>Vehicle has been selected</b> <br />
                                <b>Paint option has been selected</b> <br />
                                <b>Interior option has been selected</b> <br />
                                <b>Contract type option has been selected</b> <br />
                                <b>Getting Basic Price- Vehicle value is  =50000</b> <br />
                                <b>Getting Basic Price - Paint  value is  =0.00</b> <br />
                                <b>Getting  Basic Price - Options value is   =833.33</b> <br />
                                <b>Getting Discount- Vehicle value is  =0.00</b> <br />
                                <b>Getting   Discount - Paint value is   =0.00</b> <br />
                                <b>Getting  Discount- Options value is   =0.00</b> <br />
                                <b>Getting Additional Discount- Vehicle value is  =0.00</b> <br />
                                <b>Getting  Additional Discount - paint value is  =0.00</b> <br />
                                <b>Getting  Additional Discount - Options value is  =0.00</b> <br />
                                <b>Writing OTR table values to excel sheet -Started </b> <br />
                                <b>Writing OTR table values to excel sheet -Completed </b> <br />
                                <b>Reading Subtotal After Discount from excel sheet -Started </b> <br />
                                <b>Reading Subtotal After Discount from excel sheet -Started </b> <br />
                                <b>Subtotal After Discount from excel sheet is =50833.33</b> <br />
                                <b>Subtotal after discount actual value from screen = 50,833.33</b> <br />
                  </div>
    

      </td>
</tr>
          <tr>
        <td colspan="3" class="group">com.amt.test.Acquisition_Quotes_Broker_BCH_without_maintenance_Test</td>
      </tr>
            
<tr>
  <td class="method">
                  aquisition_quotes_user_flow_broker_bch_OTR_calculation_without_maintenance_test
      </td>
  <td class="duration">
    77.557s
  </td>
  <td class="result">
        
          <i>Method arguments: </i><span class="arguments">"AUDI", "A7", "REF001", "02/02/23", "12", "5000", "1000", "2000", "2", "5", "Formula1-BCH"</span><br />
    
            <div class="testOutput">
                        <b>Clicked on Quote button </b> <br />
                                <b>Manufacture =AUDI has been selected</b> <br />
                                <b>Model range =A7 has been selected</b> <br />
                                <b>Vehicle has been selected</b> <br />
                                <b>Paint option has been selected</b> <br />
                                <b>Interior option has been selected</b> <br />
                                <b>Contract type option has been selected</b> <br />
                                <b>Getting Basic Price- Vehicle value is  =46854.17</b> <br />
                                <b>Getting Basic Price - Paint  value is  =0.00</b> <br />
                                <b>Getting  Basic Price - Options value is   =833.33</b> <br />
                                <b>Getting Discount- Vehicle value is  =0.00</b> <br />
                                <b>Getting   Discount - Paint value is   =0.00</b> <br />
                                <b>Getting  Discount- Options value is   =0.00</b> <br />
                                <b>Getting Additional Discount- Vehicle value is  =0.00</b> <br />
                                <b>Getting  Additional Discount - paint value is  =0.00</b> <br />
                                <b>Getting  Additional Discount - Options value is  =0.00</b> <br />
                                <b>Writing OTR table values to excel sheet -Started </b> <br />
                                <b>Writing OTR table values to excel sheet -Completed </b> <br />
                                <b>Reading Subtotal After Discount from excel sheet -Started </b> <br />
                                <b>Reading Subtotal After Discount from excel sheet -Started </b> <br />
                                <b>Subtotal After Discount from excel sheet is =47687.5</b> <br />
                                <b>Subtotal after discount actual value from screen = 47,687.50</b> <br />
                  </div>
    

      </td>
</tr>
<tr>
  <td class="method">
                  aquisition_quotes_user_flow_broker_bch_after_discount_calculation_without_maintenance_test
      </td>
  <td class="duration">
    0.665s
  </td>
  <td class="result">
        
          <i>Method arguments: </i><span class="arguments">"AUDI", "A7", "REF001", "02/02/23", "12", "5000", "1000", "2000", "2", "5", "Formula1-BCH"</span><br />
    
            <div class="testOutput">
                        <b>*********Calculations for On Road Price has been started***********</b> <br />
                                <b>Started getting On screen values from after discount table </b> <br />
                                <b>Manufacture_delivery_charges =550.00</b> <br />
                                <b>Road_tax_first_year =585.00</b> <br />
                                <b>First_registration_fee =55.00</b> <br />
                                <b>Rebate =0.00</b> <br />
                                <b>Writing After discount values to excel has been started</b> <br />
                                <b>Writing After discount values to excel has been completed</b> <br />
                                <b>Reading On Road Price for invoice from excel has been Started</b> <br />
                                <b>Reading On Road Price for invoice from excel has been completed</b> <br />
                                <b>Expected on the road price from excel is =58525.0</b> <br />
                                <b>Actual on the road price from screen is =58525.00</b> <br />
                  </div>
    

      </td>
</tr>
<tr>
  <td class="method">
                  aquisition_quotes_user_flow_broker_bch_funder_quote_addition_without_maintenance_test
      </td>
  <td class="duration">
    46.074s
  </td>
  <td class="result">
        
          <i>Method arguments: </i><span class="arguments">"AUDI", "A7", "REF001", "02/02/23", "12", "5000", "1000", "2000", "2", "5", "Formula1-BCH"</span><br />
    
            <div class="testOutput">
                        <b>Funder quote added successfully</b> <br />
                  </div>
    

      </td>
</tr>
          <tr>
        <td colspan="3" class="group">com.amt.test.Acquisition_Quotes_Broker_BCH_without_maintenance_edited_Test</td>
      </tr>
            
<tr>
  <td class="method">
                  aquisition_quotes_user_flow_broker_bch_without_maintenance_customer_quote_funder_quote_addition_test
      </td>
  <td class="duration">
    51.329s
  </td>
  <td class="result">
        
          <i>Method arguments: </i><span class="arguments">"AUDI", "A7", "50000", "600", "60000", "REF001", "02/02/23", "12", "5000", "1000", "2000", "2", "5", "5000", "2000", "100", "1000", "200", "Formula1-BCH"</span><br />
    
            <div class="testOutput">
                        <b>Funder quote added successfully</b> <br />
                  </div>
    

      </td>
</tr>
<tr>
  <td class="method">
                  aquisition_quotes_user_flow_broker_bch_without_maintenance_road_tax_for_first_year_edited_test
      </td>
  <td class="duration">
    1.101s
  </td>
  <td class="result">
        
          <i>Method arguments: </i><span class="arguments">"AUDI", "A7", "50000", "600", "60000", "REF001", "02/02/23", "12", "5000", "1000", "2000", "2", "5", "5000", "2000", "100", "1000", "200", "Formula1-BCH"</span><br />
    
            <div class="testOutput">
                        <b>*********Calculations for On Road Price has been started***********</b> <br />
                                <b>Started getting On screen values from after discount table </b> <br />
                                <b>Manufacture_delivery_charges =550.00</b> <br />
                                <b>Road_tax_first_year_from_test_data =600</b> <br />
                                <b>First_registration_fee =55.00</b> <br />
                                <b>Rebate =0.00</b> <br />
                                <b>Writing After discount values to excel has been started</b> <br />
                                <b>Writing After discount values to excel has been completed</b> <br />
                                <b>Reading On Road Price for invoice from excel has been Started</b> <br />
                                <b>Reading On Road Price for invoice from excel has been completed</b> <br />
                                <b>Expected on the road price from excel is =62315.0</b> <br />
                                <b>Actual on the road price from screen is =62315.00</b> <br />
                  </div>
    

      </td>
</tr>
<tr>
  <td class="method">
                  aquisition_quotes_user_flow_broker_bch_without_maintenance_vehicle_price_edited_test
      </td>
  <td class="duration">
    72.023s
  </td>
  <td class="result">
        
          <i>Method arguments: </i><span class="arguments">"AUDI", "A7", "50000", "600", "60000", "REF001", "02/02/23", "12", "5000", "1000", "2000", "2", "5", "5000", "2000", "100", "1000", "200", "Formula1-BCH"</span><br />
    
            <div class="testOutput">
                        <b>Clicked on Quote button </b> <br />
                                <b>Manufacture =AUDI has been selected</b> <br />
                                <b>Model range =A7 has been selected</b> <br />
                                <b>Vehicle has been selected</b> <br />
                                <b>Paint option has been selected</b> <br />
                                <b>Interior option has been selected</b> <br />
                                <b>Contract type option has been selected</b> <br />
                                <b>Getting Basic Price- Vehicle value is  =50000</b> <br />
                                <b>Getting Basic Price - Paint  value is  =0.00</b> <br />
                                <b>Getting  Basic Price - Options value is   =833.33</b> <br />
                                <b>Getting Discount- Vehicle value is  =0.00</b> <br />
                                <b>Getting   Discount - Paint value is   =0.00</b> <br />
                                <b>Getting  Discount- Options value is   =0.00</b> <br />
                                <b>Getting Additional Discount- Vehicle value is  =0.00</b> <br />
                                <b>Getting  Additional Discount - paint value is  =0.00</b> <br />
                                <b>Getting  Additional Discount - Options value is  =0.00</b> <br />
                                <b>Writing OTR table values to excel sheet -Started </b> <br />
                                <b>Writing OTR table values to excel sheet -Completed </b> <br />
                                <b>Reading Subtotal After Discount from excel sheet -Started </b> <br />
                                <b>Reading Subtotal After Discount from excel sheet -Started </b> <br />
                                <b>Subtotal After Discount from excel sheet is =50833.33</b> <br />
                                <b>Subtotal after discount actual value from screen = 50,833.33</b> <br />
                  </div>
    

      </td>
</tr>
          <tr>
        <td colspan="3" class="group">com.amt.test.Acquisition_Quotes_Broker_FL_with_maintenance_Test</td>
      </tr>
            
<tr>
  <td class="method">
                  aquisition_quotes_user_flow_broker_pch_OTR_calculation_with_maintenance_test
      </td>
  <td class="duration">
    71.798s
  </td>
  <td class="result">
        
          <i>Method arguments: </i><span class="arguments">"AUDI", "A7", "REF001", "02/02/23", "12", "5000", "1000", "20", "2000", "400", "10", "2", "3", "4", "15", "20", "Formula1-FL"</span><br />
    
            <div class="testOutput">
                        <b>Clicked on Quote button </b> <br />
                                <b>Manufacture =AUDI has been selected</b> <br />
                                <b>Model range =A7 has been selected</b> <br />
                                <b>Vehicle has been selected</b> <br />
                                <b>Paint option has been selected</b> <br />
                                <b>Interior option has been selected</b> <br />
                                <b>Contract type option has been selected</b> <br />
                                <b>Getting Basic Price- Vehicle value is  =46854.17</b> <br />
                                <b>Getting Basic Price - Paint  value is  =0.00</b> <br />
                                <b>Getting  Basic Price - Options value is   =833.33</b> <br />
                                <b>Getting Discount- Vehicle value is  =0.00</b> <br />
                                <b>Getting   Discount - Paint value is   =0.00</b> <br />
                                <b>Getting  Discount- Options value is   =0.00</b> <br />
                                <b>Getting Additional Discount- Vehicle value is  =0.00</b> <br />
                                <b>Getting  Additional Discount - paint value is  =0.00</b> <br />
                                <b>Getting  Additional Discount - Options value is  =0.00</b> <br />
                                <b>Writing OTR table values to excel sheet -Started </b> <br />
                                <b>Writing OTR table values to excel sheet -Completed </b> <br />
                                <b>Reading Subtotal After Discount from excel sheet -Started </b> <br />
                                <b>Reading Subtotal After Discount from excel sheet -Started </b> <br />
                                <b>Subtotal After Discount from excel sheet is =47687.5</b> <br />
                                <b>Subtotal after discount actual value from screen = 47,687.50</b> <br />
                  </div>
    

      </td>
</tr>
<tr>
  <td class="method">
                  aquisition_quotes_user_flow_broker_pch_after_discount_calculation_with_maintenance_test
      </td>
  <td class="duration">
    0.709s
  </td>
  <td class="result">
        
          <i>Method arguments: </i><span class="arguments">"AUDI", "A7", "REF001", "02/02/23", "12", "5000", "1000", "20", "2000", "400", "10", "2", "3", "4", "15", "20", "Formula1-FL"</span><br />
    
            <div class="testOutput">
                        <b>*********Calculations for On Road Price has been started***********</b> <br />
                                <b>Started getting On screen values from after discount table </b> <br />
                                <b>Manufacture_delivery_charges =550.00</b> <br />
                                <b>Road_tax_first_year =585.00</b> <br />
                                <b>First_registration_fee =55.00</b> <br />
                                <b>Rebate =0.00</b> <br />
                                <b>Writing After discount values to excel has been started</b> <br />
                                <b>Writing After discount values to excel has been completed</b> <br />
                                <b>Reading On Road Price for invoice from excel has been Started</b> <br />
                                <b>Reading On Road Price for invoice from excel has been completed</b> <br />
                                <b>Expected on the road price from excel is =58525.0</b> <br />
                                <b>Actual on the road price from screen is =58525.00</b> <br />
                  </div>
    

      </td>
</tr>
<tr>
  <td class="method">
                  aquisition_quotes_user_flow_broker_pch_funder_quote_addition_with_maintenance_test
      </td>
  <td class="duration">
    111.340s
  </td>
  <td class="result">
        
          <i>Method arguments: </i><span class="arguments">"AUDI", "A7", "REF001", "02/02/23", "12", "5000", "1000", "20", "2000", "400", "10", "2", "3", "4", "15", "20", "Formula1-FL"</span><br />
    
            <div class="testOutput">
                        <b>Funder quote added successfully</b> <br />
                  </div>
    

      </td>
</tr>
<tr>
  <td class="method">
                  aquisition_quotes_user_flow_broker_pch_quote_summary_calculation_with_maintenance_test
      </td>
  <td class="duration">
    35.057s
  </td>
  <td class="result">
        
          <i>Method arguments: </i><span class="arguments">"AUDI", "A7", "REF001", "02/02/23", "12", "5000", "1000", "20", "2000", "400", "10", "2", "3", "4", "15", "20", "Formula1-FL"</span><br />
    
            <div class="testOutput">
                        <b>*************Calculations for Quote Summary page gas been started************</b> <br />
                                <b>Reading values from sceen -Quote Summary Page</b> <br />
                                <b>Getting values from screen</b> <br />
                                <b>Quote_summary_cost_otr_price =58,525.00</b> <br />
                                <b>Customer contract_type =Finance Lease</b> <br />
                                <b>Customer Quote generated successfully and Quote_ref_no =YKK15311</b> <br />
                                <b>Reading values from excel sheet to compare it with quote summary on screen values</b> <br />
                                <b>Comparing excel values with actual values on screen</b> <br />
                                <b>OTR price compared</b> <br />
                  </div>
    

      </td>
</tr>
          <tr>
        <td colspan="3" class="group">com.amt.test.Acquisition_Quotes_Broker_FL_with_maintenance_edited_Test</td>
      </tr>
            
<tr>
  <td class="method">
                  aquisition_quotes_user_flow_broker_fl_with_maintenance_customer_quote_funder_quote_addition_test
      </td>
  <td class="duration">
    111.545s
  </td>
  <td class="result">
        
          <i>Method arguments: </i><span class="arguments">"AUDI", "A7", "50000", "600", "60000", "REF001", "02/02/23", "12", "5000", "1000", "20", "2000", "400", "10", "2", "3", "4", "15", "20", "5000", "2000", "100", "1000", "200", "Formula1-FL"</span><br />
    
            <div class="testOutput">
                        <b>Funder quote added successfully</b> <br />
                  </div>
    

      </td>
</tr>
<tr>
  <td class="method">
                  aquisition_quotes_user_flow_broker_fl_with_maintenance_quote_summary_page_value_verification_test
      </td>
  <td class="duration">
    50.315s
  </td>
  <td class="result">
        
          <i>Method arguments: </i><span class="arguments">"AUDI", "A7", "50000", "600", "60000", "REF001", "02/02/23", "12", "5000", "1000", "20", "2000", "400", "10", "2", "3", "4", "15", "20", "5000", "2000", "100", "1000", "200", "Formula1-FL"</span><br />
    
            <div class="testOutput">
                        <b>*************Calculations for Quote Summary page gas been started************</b> <br />
                                <b>Reading values from sceen -Quote Summary Page</b> <br />
                                <b>Getting values from screen</b> <br />
                                <b>Quote_summary_cost_otr_price =62,315.00</b> <br />
                                <b>Customer contract_type =Finance Lease</b> <br />
                                <b>Customer Quote generated successfully and Quote_ref_no =EAH88375</b> <br />
                                <b>Reading values from excel sheet to compare it with quote summary on screen values</b> <br />
                                <b>Comparing excel values with actual values on screen</b> <br />
                                <b>OTR price compared</b> <br />
                  </div>
    

      </td>
</tr>
<tr>
  <td class="method">
                  aquisition_quotes_user_flow_broker_fl_with_maintenance_road_tax_for_first_year_edited_test
      </td>
  <td class="duration">
    1.508s
  </td>
  <td class="result">
        
          <i>Method arguments: </i><span class="arguments">"AUDI", "A7", "50000", "600", "60000", "REF001", "02/02/23", "12", "5000", "1000", "20", "2000", "400", "10", "2", "3", "4", "15", "20", "5000", "2000", "100", "1000", "200", "Formula1-FL"</span><br />
    
            <div class="testOutput">
                        <b>*********Calculations for On Road Price has been started***********</b> <br />
                                <b>Started getting On screen values from after discount table </b> <br />
                                <b>Manufacture_delivery_charges =550.00</b> <br />
                                <b>Road_tax_first_year_from_test_data =600</b> <br />
                                <b>First_registration_fee =55.00</b> <br />
                                <b>Rebate =0.00</b> <br />
                                <b>Writing After discount values to excel has been started</b> <br />
                                <b>Writing After discount values to excel has been completed</b> <br />
                                <b>Reading On Road Price for invoice from excel has been Started</b> <br />
                                <b>Reading On Road Price for invoice from excel has been completed</b> <br />
                                <b>Expected on the road price from excel is =62315.0</b> <br />
                                <b>Actual on the road price from screen is =62315.00</b> <br />
                  </div>
    

      </td>
</tr>
<tr>
  <td class="method">
                  aquisition_quotes_user_flow_broker_fl_with_maintenance_vehicle_price_edited_test
      </td>
  <td class="duration">
    74.183s
  </td>
  <td class="result">
        
          <i>Method arguments: </i><span class="arguments">"AUDI", "A7", "50000", "600", "60000", "REF001", "02/02/23", "12", "5000", "1000", "20", "2000", "400", "10", "2", "3", "4", "15", "20", "5000", "2000", "100", "1000", "200", "Formula1-FL"</span><br />
    
            <div class="testOutput">
                        <b>Clicked on Quote button </b> <br />
                                <b>Manufacture =AUDI has been selected</b> <br />
                                <b>Model range =A7 has been selected</b> <br />
                                <b>Vehicle has been selected</b> <br />
                                <b>Paint option has been selected</b> <br />
                                <b>Interior option has been selected</b> <br />
                                <b>Contract type option has been selected</b> <br />
                                <b>Getting Basic Price- Vehicle value is  =50000</b> <br />
                                <b>Getting Basic Price - Paint  value is  =0.00</b> <br />
                                <b>Getting  Basic Price - Options value is   =833.33</b> <br />
                                <b>Getting Discount- Vehicle value is  =0.00</b> <br />
                                <b>Getting   Discount - Paint value is   =0.00</b> <br />
                                <b>Getting  Discount- Options value is   =0.00</b> <br />
                                <b>Getting Additional Discount- Vehicle value is  =0.00</b> <br />
                                <b>Getting  Additional Discount - paint value is  =0.00</b> <br />
                                <b>Getting  Additional Discount - Options value is  =0.00</b> <br />
                                <b>Writing OTR table values to excel sheet -Started </b> <br />
                                <b>Writing OTR table values to excel sheet -Completed </b> <br />
                                <b>Reading Subtotal After Discount from excel sheet -Started </b> <br />
                                <b>Reading Subtotal After Discount from excel sheet -Started </b> <br />
                                <b>Subtotal After Discount from excel sheet is =50833.33</b> <br />
                                <b>Subtotal after discount actual value from screen = 50,833.33</b> <br />
                  </div>
    

      </td>
</tr>
          <tr>
        <td colspan="3" class="group">com.amt.test.Acquisition_Quotes_Broker_FL_without_maintenance_Test</td>
      </tr>
            
<tr>
  <td class="method">
                  aquisition_quotes_user_flow_broker_fl_OTR_calculation_without_maintenance_test
      </td>
  <td class="duration">
    73.126s
  </td>
  <td class="result">
        
          <i>Method arguments: </i><span class="arguments">"AUDI", "A7", "REF001", "02/02/23", "12", "5000", "1000", "2000", "10", "2", "4", "15", "5", "Formula1-FL"</span><br />
    
            <div class="testOutput">
                        <b>Clicked on Quote button </b> <br />
                                <b>Manufacture =AUDI has been selected</b> <br />
                                <b>Model range =A7 has been selected</b> <br />
                                <b>Vehicle has been selected</b> <br />
                                <b>Paint option has been selected</b> <br />
                                <b>Interior option has been selected</b> <br />
                                <b>Contract type option has been selected</b> <br />
                                <b>Getting Basic Price- Vehicle value is  =46854.17</b> <br />
                                <b>Getting Basic Price - Paint  value is  =0.00</b> <br />
                                <b>Getting  Basic Price - Options value is   =833.33</b> <br />
                                <b>Getting Discount- Vehicle value is  =0.00</b> <br />
                                <b>Getting   Discount - Paint value is   =0.00</b> <br />
                                <b>Getting  Discount- Options value is   =0.00</b> <br />
                                <b>Getting Additional Discount- Vehicle value is  =0.00</b> <br />
                                <b>Getting  Additional Discount - paint value is  =0.00</b> <br />
                                <b>Getting  Additional Discount - Options value is  =0.00</b> <br />
                                <b>Writing OTR table values to excel sheet -Started </b> <br />
                                <b>Writing OTR table values to excel sheet -Completed </b> <br />
                                <b>Reading Subtotal After Discount from excel sheet -Started </b> <br />
                                <b>Reading Subtotal After Discount from excel sheet -Started </b> <br />
                                <b>Subtotal After Discount from excel sheet is =47687.5</b> <br />
                                <b>Subtotal after discount actual value from screen = 47,687.50</b> <br />
                  </div>
    

      </td>
</tr>
<tr>
  <td class="method">
                  aquisition_quotes_user_flow_broker_fl_after_discount_calculation_without_maintenance_test
      </td>
  <td class="duration">
    0.621s
  </td>
  <td class="result">
        
          <i>Method arguments: </i><span class="arguments">"AUDI", "A7", "REF001", "02/02/23", "12", "5000", "1000", "2000", "10", "2", "4", "15", "5", "Formula1-FL"</span><br />
    
            <div class="testOutput">
                        <b>*********Calculations for On Road Price has been started***********</b> <br />
                                <b>Started getting On screen values from after discount table </b> <br />
                                <b>Manufacture_delivery_charges =550.00</b> <br />
                                <b>Road_tax_first_year =585.00</b> <br />
                                <b>First_registration_fee =55.00</b> <br />
                                <b>Rebate =0.00</b> <br />
                                <b>Writing After discount values to excel has been started</b> <br />
                                <b>Writing After discount values to excel has been completed</b> <br />
                                <b>Reading On Road Price for invoice from excel has been Started</b> <br />
                                <b>Reading On Road Price for invoice from excel has been completed</b> <br />
                                <b>Expected on the road price from excel is =58525.0</b> <br />
                                <b>Actual on the road price from screen is =58525.00</b> <br />
                  </div>
    

      </td>
</tr>
<tr>
  <td class="method">
                  aquisition_quotes_user_flow_broker_fl_funder_quote_addition_without_maintenance_test
      </td>
  <td class="duration">
    112.859s
  </td>
  <td class="result">
        
          <i>Method arguments: </i><span class="arguments">"AUDI", "A7", "REF001", "02/02/23", "12", "5000", "1000", "2000", "10", "2", "4", "15", "5", "Formula1-FL"</span><br />
    
            <div class="testOutput">
                        <b>Funder quote added successfully</b> <br />
                  </div>
    

      </td>
</tr>
<tr>
  <td class="method">
                  aquisition_quotes_user_flow_broker_fl_quote_summary_values_verification_without_maintenance_test
      </td>
  <td class="duration">
    34.249s
  </td>
  <td class="result">
        
          <i>Method arguments: </i><span class="arguments">"AUDI", "A7", "REF001", "02/02/23", "12", "5000", "1000", "2000", "10", "2", "4", "15", "5", "Formula1-FL"</span><br />
    
            <div class="testOutput">
                        <b>*************Calculations for Quote Summary page gas been started************</b> <br />
                                <b>Reading values from sceen -Quote Summary Page</b> <br />
                                <b>Getting values from screen</b> <br />
                                <b>Quote_summary_cost_otr_price =58,525.00</b> <br />
                                <b>Customer contract_type =Finance Lease</b> <br />
                                <b>Reading values from excel sheet to compare it with quote summary on screen values</b> <br />
                                <b>Comparing excel values with actual values on screen</b> <br />
                                <b>OTR price compared</b> <br />
                  </div>
    

      </td>
</tr>
          <tr>
        <td colspan="3" class="group">com.amt.test.Acquisition_Quotes_Broker_FL_without_maintenance_edited_Test</td>
      </tr>
            
<tr>
  <td class="method">
                  aquisition_quotes_user_flow_broker_FL_without_maintenance_customer_quote_funder_quote_addition_test
      </td>
  <td class="duration">
    105.500s
  </td>
  <td class="result">
        
          <i>Method arguments: </i><span class="arguments">"AUDI", "A7", "50000", "600", "60000", "REF001", "02/02/23", "12", "5000", "1000", "2000", "10", "2", "4", "15", "5", "5000", "2000", "100", "1000", "200", "Formula1-FL"</span><br />
    
            <div class="testOutput">
                        <b>Funder quote added successfully</b> <br />
                  </div>
    

      </td>
</tr>
<tr>
  <td class="method">
                  aquisition_quotes_user_flow_broker_FL_without_maintenance_quote_summary_page_value_verification_test
      </td>
  <td class="duration">
    34.983s
  </td>
  <td class="result">
        
          <i>Method arguments: </i><span class="arguments">"AUDI", "A7", "50000", "600", "60000", "REF001", "02/02/23", "12", "5000", "1000", "2000", "10", "2", "4", "15", "5", "5000", "2000", "100", "1000", "200", "Formula1-FL"</span><br />
    
            <div class="testOutput">
                        <b>*************Calculations for Quote Summary page gas been started************</b> <br />
                                <b>Reading values from sceen -Quote Summary Page</b> <br />
                                <b>Getting values from screen</b> <br />
                                <b>Quote_summary_cost_otr_price =62,315.00</b> <br />
                                <b>Customer contract_type =Finance Lease</b> <br />
                                <b>Reading values from excel sheet to compare it with quote summary on screen values</b> <br />
                                <b>Comparing excel values with actual values on screen</b> <br />
                                <b>OTR price compared</b> <br />
                  </div>
    

      </td>
</tr>
<tr>
  <td class="method">
                  aquisition_quotes_user_flow_broker_FL_without_maintenance_road_tax_for_first_year_edited_test
      </td>
  <td class="duration">
    1.224s
  </td>
  <td class="result">
        
          <i>Method arguments: </i><span class="arguments">"AUDI", "A7", "50000", "600", "60000", "REF001", "02/02/23", "12", "5000", "1000", "2000", "10", "2", "4", "15", "5", "5000", "2000", "100", "1000", "200", "Formula1-FL"</span><br />
    
            <div class="testOutput">
                        <b>*********Calculations for On Road Price has been started***********</b> <br />
                                <b>Started getting On screen values from after discount table </b> <br />
                                <b>Manufacture_delivery_charges =550.00</b> <br />
                                <b>Road_tax_first_year_from_test_data =600</b> <br />
                                <b>First_registration_fee =55.00</b> <br />
                                <b>Rebate =0.00</b> <br />
                                <b>Writing After discount values to excel has been started</b> <br />
                                <b>Writing After discount values to excel has been completed</b> <br />
                                <b>Reading On Road Price for invoice from excel has been Started</b> <br />
                                <b>Reading On Road Price for invoice from excel has been completed</b> <br />
                                <b>Expected on the road price from excel is =62315.0</b> <br />
                                <b>Actual on the road price from screen is =62315.00</b> <br />
                  </div>
    

      </td>
</tr>
<tr>
  <td class="method">
                  aquisition_quotes_user_flow_broker_FL_without_maintenance_vehicle_price_edited_test
      </td>
  <td class="duration">
    81.762s
  </td>
  <td class="result">
        
          <i>Method arguments: </i><span class="arguments">"AUDI", "A7", "50000", "600", "60000", "REF001", "02/02/23", "12", "5000", "1000", "2000", "10", "2", "4", "15", "5", "5000", "2000", "100", "1000", "200", "Formula1-FL"</span><br />
    
            <div class="testOutput">
                        <b>Clicked on Quote button </b> <br />
                                <b>Manufacture =AUDI has been selected</b> <br />
                                <b>Model range =A7 has been selected</b> <br />
                                <b>Vehicle has been selected</b> <br />
                                <b>Paint option has been selected</b> <br />
                                <b>Interior option has been selected</b> <br />
                                <b>Contract type option has been selected</b> <br />
                                <b>Getting Basic Price- Vehicle value is  =50000</b> <br />
                                <b>Getting Basic Price - Paint  value is  =0.00</b> <br />
                                <b>Getting  Basic Price - Options value is   =833.33</b> <br />
                                <b>Getting Discount- Vehicle value is  =0.00</b> <br />
                                <b>Getting   Discount - Paint value is   =0.00</b> <br />
                                <b>Getting  Discount- Options value is   =0.00</b> <br />
                                <b>Getting Additional Discount- Vehicle value is  =0.00</b> <br />
                                <b>Getting  Additional Discount - paint value is  =0.00</b> <br />
                                <b>Getting  Additional Discount - Options value is  =0.00</b> <br />
                                <b>Writing OTR table values to excel sheet -Started </b> <br />
                                <b>Writing OTR table values to excel sheet -Completed </b> <br />
                                <b>Reading Subtotal After Discount from excel sheet -Started </b> <br />
                                <b>Reading Subtotal After Discount from excel sheet -Started </b> <br />
                                <b>Subtotal After Discount from excel sheet is =50833.33</b> <br />
                                <b>Subtotal after discount actual value from screen = 50,833.33</b> <br />
                  </div>
    

      </td>
</tr>
          <tr>
        <td colspan="3" class="group">com.amt.test.Acquisition_Quotes_Broker_PCH_without_maintenance_Test</td>
      </tr>
            
<tr>
  <td class="method">
                  aquisition_quotes_user_flow_broker_pch_OTR_calculations_without_maintenance_test
      </td>
  <td class="duration">
    75.691s
  </td>
  <td class="result">
        
          <i>Method arguments: </i><span class="arguments">"AUDI", "A7", "REF001", "02/02/23", "12", "5000", "1000", "2000", "2", "5", "Formula1-PCH"</span><br />
    
            <div class="testOutput">
                        <b>Clicked on Quote button </b> <br />
                                <b>Manufacture =AUDI has been selected</b> <br />
                                <b>Model range =A7 has been selected</b> <br />
                                <b>Vehicle has been selected</b> <br />
                                <b>Paint option has been selected</b> <br />
                                <b>Interior option has been selected</b> <br />
                                <b>Contract type option has been selected</b> <br />
                                <b>Getting Basic Price- Vehicle value is  =46854.17</b> <br />
                                <b>Getting Basic Price - Paint  value is  =0.00</b> <br />
                                <b>Getting  Basic Price - Options value is   =833.33</b> <br />
                                <b>Getting Discount- Vehicle value is  =0.00</b> <br />
                                <b>Getting   Discount - Paint value is   =0.00</b> <br />
                                <b>Getting  Discount- Options value is   =0.00</b> <br />
                                <b>Getting Additional Discount- Vehicle value is  =0.00</b> <br />
                                <b>Getting  Additional Discount - paint value is  =0.00</b> <br />
                                <b>Getting  Additional Discount - Options value is  =0.00</b> <br />
                                <b>Writing OTR table values to excel sheet -Started </b> <br />
                                <b>Writing OTR table values to excel sheet -Completed </b> <br />
                                <b>Reading Subtotal After Discount from excel sheet -Started </b> <br />
                                <b>Reading Subtotal After Discount from excel sheet -Started </b> <br />
                                <b>Subtotal After Discount from excel sheet is =47687.5</b> <br />
                                <b>Subtotal after discount actual value from screen = 47,687.50</b> <br />
                  </div>
    

      </td>
</tr>
<tr>
  <td class="method">
                  aquisition_quotes_user_flow_broker_pch_after_discount_calculations_without_maintenance_test
      </td>
  <td class="duration">
    0.622s
  </td>
  <td class="result">
        
          <i>Method arguments: </i><span class="arguments">"AUDI", "A7", "REF001", "02/02/23", "12", "5000", "1000", "2000", "2", "5", "Formula1-PCH"</span><br />
    
            <div class="testOutput">
                        <b>*********Calculations for On Road Price has been started***********</b> <br />
                                <b>Started getting On screen values from after discount table </b> <br />
                                <b>Manufacture_delivery_charges =550.00</b> <br />
                                <b>Road_tax_first_year =585.00</b> <br />
                                <b>First_registration_fee =55.00</b> <br />
                                <b>Rebate =0.00</b> <br />
                                <b>Writing After discount values to excel has been started</b> <br />
                                <b>Writing After discount values to excel has been completed</b> <br />
                                <b>Reading On Road Price for invoice from excel has been Started</b> <br />
                                <b>Reading On Road Price for invoice from excel has been completed</b> <br />
                                <b>Expected on the road price from excel is =58525.0</b> <br />
                                <b>Actual on the road price from screen is =58525.00</b> <br />
                  </div>
    

      </td>
</tr>
<tr>
  <td class="method">
                  aquisition_quotes_user_flow_broker_pch_funder_quote_addition_without_maintenance_test
      </td>
  <td class="duration">
    82.771s
  </td>
  <td class="result">
        
          <i>Method arguments: </i><span class="arguments">"AUDI", "A7", "REF001", "02/02/23", "12", "5000", "1000", "2000", "2", "5", "Formula1-PCH"</span><br />
    
            <div class="testOutput">
                        <b>Funder quote added successfully</b> <br />
                  </div>
    

      </td>
</tr>
<tr>
  <td class="method">
                  aquisition_quotes_user_flow_broker_pch_quote_summary_values_verification_without_maintenance_test
      </td>
  <td class="duration">
    34.134s
  </td>
  <td class="result">
        
          <i>Method arguments: </i><span class="arguments">"AUDI", "A7", "REF001", "02/02/23", "12", "5000", "1000", "2000", "2", "5", "Formula1-PCH"</span><br />
    
            <div class="testOutput">
                        <b>*************Calculations for Quote Summary page gas been started************</b> <br />
                                <b>Reading values from sceen -Quote Summary Page</b> <br />
                                <b>Getting values from screen</b> <br />
                                <b>Quote_summary_cost_otr_price =58,525.00</b> <br />
                                <b>Customer contract_type =Personal Contract Hire</b> <br />
                                <b>Reading values from excel sheet to compare it with quote summary on screen values</b> <br />
                                <b>Comparing excel values with actual values on screen</b> <br />
                                <b>OTR price compared</b> <br />
                  </div>
    

      </td>
</tr>
          <tr>
        <td colspan="3" class="group">com.amt.test.Acquisition_Quotes_Broker_PCH_without_maintenance_edited_Test</td>
      </tr>
            
<tr>
  <td class="method">
                  aquisition_quotes_user_flow_broker_PCH_without_maintenance_customer_quote_funder_quote_addition_test
      </td>
  <td class="duration">
    42.992s
  </td>
  <td class="result">
        
          <i>Method arguments: </i><span class="arguments">"AUDI", "A7", "50000", "600", "60000", "REF001", "02/02/23", "12", "5000", "1000", "2000", "2", "5", "5000", "2000", "100", "1000", "200", "Formula1-BCH"</span><br />
    
            <div class="testOutput">
                        <b>Funder quote added successfully</b> <br />
                  </div>
    

      </td>
</tr>
<tr>
  <td class="method">
                  aquisition_quotes_user_flow_broker_PCH_without_maintenance_quote_summary_page_value_verification_test
      </td>
  <td class="duration">
    34.148s
  </td>
  <td class="result">
        
          <i>Method arguments: </i><span class="arguments">"AUDI", "A7", "50000", "600", "60000", "REF001", "02/02/23", "12", "5000", "1000", "2000", "2", "5", "5000", "2000", "100", "1000", "200", "Formula1-BCH"</span><br />
    
            <div class="testOutput">
                        <b>*************Calculations for Quote Summary page gas been started************</b> <br />
                                <b>Reading values from sceen -Quote Summary Page</b> <br />
                                <b>Getting values from screen</b> <br />
                                <b>Quote_summary_cost_otr_price =62,315.00</b> <br />
                                <b>Customer contract_type =Personal Contract Hire</b> <br />
                                <b>Reading values from excel sheet to compare it with quote summary on screen values</b> <br />
                                <b>Comparing excel values with actual values on screen</b> <br />
                                <b>OTR price compared</b> <br />
                  </div>
    

      </td>
</tr>
<tr>
  <td class="method">
                  aquisition_quotes_user_flow_broker_PCH_without_maintenance_road_tax_for_first_year_edited_test
      </td>
  <td class="duration">
    1.115s
  </td>
  <td class="result">
        
          <i>Method arguments: </i><span class="arguments">"AUDI", "A7", "50000", "600", "60000", "REF001", "02/02/23", "12", "5000", "1000", "2000", "2", "5", "5000", "2000", "100", "1000", "200", "Formula1-BCH"</span><br />
    
            <div class="testOutput">
                        <b>*********Calculations for On Road Price has been started***********</b> <br />
                                <b>Started getting On screen values from after discount table </b> <br />
                                <b>Manufacture_delivery_charges =550.00</b> <br />
                                <b>Road_tax_first_year_from_test_data =600</b> <br />
                                <b>First_registration_fee =55.00</b> <br />
                                <b>Rebate =0.00</b> <br />
                                <b>Writing After discount values to excel has been started</b> <br />
                                <b>Writing After discount values to excel has been completed</b> <br />
                                <b>Reading On Road Price for invoice from excel has been Started</b> <br />
                                <b>Reading On Road Price for invoice from excel has been completed</b> <br />
                                <b>Expected on the road price from excel is =62315.0</b> <br />
                                <b>Actual on the road price from screen is =62315.00</b> <br />
                  </div>
    

      </td>
</tr>
<tr>
  <td class="method">
                  aquisition_quotes_user_flow_broker_PCH_without_maintenance_vehicle_price_edited_test
      </td>
  <td class="duration">
    71.331s
  </td>
  <td class="result">
        
          <i>Method arguments: </i><span class="arguments">"AUDI", "A7", "50000", "600", "60000", "REF001", "02/02/23", "12", "5000", "1000", "2000", "2", "5", "5000", "2000", "100", "1000", "200", "Formula1-BCH"</span><br />
    
            <div class="testOutput">
                        <b>Clicked on Quote button </b> <br />
                                <b>Manufacture =AUDI has been selected</b> <br />
                                <b>Model range =A7 has been selected</b> <br />
                                <b>Vehicle has been selected</b> <br />
                                <b>Paint option has been selected</b> <br />
                                <b>Interior option has been selected</b> <br />
                                <b>Contract type option has been selected</b> <br />
                                <b>Getting Basic Price- Vehicle value is  =50000</b> <br />
                                <b>Getting Basic Price - Paint  value is  =0.00</b> <br />
                                <b>Getting  Basic Price - Options value is   =833.33</b> <br />
                                <b>Getting Discount- Vehicle value is  =0.00</b> <br />
                                <b>Getting   Discount - Paint value is   =0.00</b> <br />
                                <b>Getting  Discount- Options value is   =0.00</b> <br />
                                <b>Getting Additional Discount- Vehicle value is  =0.00</b> <br />
                                <b>Getting  Additional Discount - paint value is  =0.00</b> <br />
                                <b>Getting  Additional Discount - Options value is  =0.00</b> <br />
                                <b>Writing OTR table values to excel sheet -Started </b> <br />
                                <b>Writing OTR table values to excel sheet -Completed </b> <br />
                                <b>Reading Subtotal After Discount from excel sheet -Started </b> <br />
                                <b>Reading Subtotal After Discount from excel sheet -Started </b> <br />
                                <b>Subtotal After Discount from excel sheet is =50833.33</b> <br />
                                <b>Subtotal after discount actual value from screen = 50,833.33</b> <br />
                  </div>
    

      </td>
</tr>
          <tr>
        <td colspan="3" class="group">com.amt.test.Acquisition_Quotes_Outright_BCH_with_maintenance_Test</td>
      </tr>
            
<tr>
  <td class="method">
                  aquisition_quotes_outright_BCH_OTR_calculation_with_maintenance_test
      </td>
  <td class="duration">
    73.046s
  </td>
  <td class="result">
        
          <i>Method arguments: </i><span class="arguments">"AUDI", "A7", "0", "0", "100", "100", "20000", "0", "10000", "6000", "2000", "1000", "199.99", "0", "YES", "0.2", "200", "NO", "0", "Formula1-BCH"</span><br />
    
            <div class="testOutput">
                        <b>Clicked on Quote button </b> <br />
                                <b>Manufacture =AUDI has been selected</b> <br />
                                <b>Model range =A7 has been selected</b> <br />
                                <b>Vehicle has been selected</b> <br />
                                <b>Paint option has been selected</b> <br />
                                <b>Interior option has been selected</b> <br />
                                <b> Acquisition Contract type option = Outright has been selected</b> <br />
                                <b> Customer Contract type option = Business Contract Hire(BCH) has been selected</b> <br />
                                <b>Getting Basic Price- Vehicle value is  =46854.17</b> <br />
                                <b>Getting Basic Price - Paint  value is  =0.00</b> <br />
                                <b>Getting  Basic Price - Options value is   =833.33</b> <br />
                                <b>Getting Discount- Vehicle value is  =5.00</b> <br />
                                <b>Getting   Discount - Paint value is   =0.00</b> <br />
                                <b>Getting  Discount- Options value is   =5.00</b> <br />
                                <b>Getting Additional Discount- Vehicle value is  =2.00</b> <br />
                                <b>Getting  Additional Discount - paint value is  =0.00</b> <br />
                                <b>Getting  Additional Discount - Options value is  =0.00</b> <br />
                                <b>Writing OTR table values to excel sheet -Started </b> <br />
                                <b>Writing OTR table values to excel sheet -Completed </b> <br />
                                <b>Reading Subtotal After Discount from excel sheet -Started </b> <br />
                                <b>Reading Subtotal After Discount from excel sheet -Started </b> <br />
                                <b>Subtotal After Discount from excel sheet is =45301.125</b> <br />
                                <b>Subtotal after discount actual value from screen = 45,301.13</b> <br />
                  </div>
    

      </td>
</tr>
<tr>
  <td class="method">
                  aquisition_quotes_outright_BCH_after_discount_calculations_with_maintenance_test
      </td>
  <td class="duration">
    0.613s
  </td>
  <td class="result">
        
          <i>Method arguments: </i><span class="arguments">"AUDI", "A7", "0", "0", "100", "100", "20000", "0", "10000", "6000", "2000", "1000", "199.99", "0", "YES", "0.2", "200", "NO", "0", "Formula1-BCH"</span><br />
    
            <div class="testOutput">
                        <b>*********Calculations for On Road Price has been started***********</b> <br />
                                <b>Started getting On screen values from after discount table </b> <br />
                                <b>Manufacture_delivery_charges =550.00</b> <br />
                                <b>Road_tax_first_year =585.00</b> <br />
                                <b>First_registration_fee =55.00</b> <br />
                                <b>Rebate =0.00</b> <br />
                                <b>Writing After discount values to excel has been started</b> <br />
                                <b>Writing After discount values to excel has been completed</b> <br />
                                <b>Reading On Road Price for invoice from excel has been Started</b> <br />
                                <b>Reading On Road Price for invoice from excel has been completed</b> <br />
                                <b>Expected on the road price from excel is =55661.35</b> <br />
                                <b>Actual on the road price from screen is =55661.36</b> <br />
                  </div>
    

      </td>
</tr>
<tr>
  <td class="method">
                  aquisition_quotes_outright_BCH_customer_quote_payment_profile_calculations_with_maintenance_test
      </td>
  <td class="duration">
    17.122s
  </td>
  <td class="result">
        
          <i>Method arguments: </i><span class="arguments">"AUDI", "A7", "0", "0", "100", "100", "20000", "0", "10000", "6000", "2000", "1000", "199.99", "0", "YES", "0.2", "200", "NO", "0", "Formula1-BCH"</span><br />
    
            <div class="testOutput">
                        <b>Writing configuration values from property file to Excel for customer quote calculation -started</b> <br />
                                <b>Writing configuration values from property file to Excel for customer quote calculation -completed</b> <br />
                                <b>************Calculations for Customer Quote Page has been started***********</b> <br />
                                <b>Payment Profile Monthly in Advance option has been selected</b> <br />
                                <b>Clicked on Part Exchange panel</b> <br />
                                <b>Writing values to Excel for customer quote calculation -started</b> <br />
                                <b>Writing values to Excel for customer quote calculation -completed</b> <br />
                                <b>Reading  Monthly Finance Rental and monthly maintenance cost from  Excel   -started</b> <br />
                                <b>Reading  Monthly Finance Rental and monthly maintenance cost from  Excel  -completed</b> <br />
                                <b>Monthly Finance Rental from Excel is =1079.4386441920722</b> <br />
                                <b>Monthly maintenance Rental from Excel is =34.333333333333336</b> <br />
                                <b>Calculations with different payment profiles for customer quote has been started</b> <br />
                                <b>Calculations with different payment profiles for customer quote has been ended</b> <br />
                  </div>
    

      </td>
</tr>
<tr>
  <td class="method">
                  aquisition_quotes_outright_BCH_holding_cost_calculations_with_maintenance_test
      </td>
  <td class="duration">
    5.244s
  </td>
  <td class="result">
        
          <i>Method arguments: </i><span class="arguments">"AUDI", "A7", "0", "0", "100", "100", "20000", "0", "10000", "6000", "2000", "1000", "199.99", "0", "YES", "0.2", "200", "NO", "0", "Formula1-BCH"</span><br />
    
            <div class="testOutput">
                        <b>***********Entered in holding cost page ***********</b> <br />
                                <b>Clicked on holding cost summary</b> <br />
                                <b>Clicked on holding_cost_maintenance_toggle_button</b> <br />
                                <b>***********Holding Cost Calculations has been Started*************</b> <br />
                                <b>Getting on screen values from Holding Cost Page</b> <br />
                                <b>Duration(Terms) =36.0</b> <br />
                                <b>Annual_mileage =10000.0</b> <br />
                                <b>Cap_residual_value =27500.0</b> <br />
                                <b>Writing Holding Cost Summary values to excel has been started</b> <br />
                                <b>Writing Holding Cost Summary values to excel has been completed</b> <br />
                                <b>Reading Monthly Holding Cost value from excel has been started</b> <br />
                                <b>Reading Monthly Holding Cost value from excel has been completed</b> <br />
                                <b>Total_monthly_holding_cost_from_screen =878.39</b> <br />
                                <b>Total_monthly_holding_cost_from_excel =878.3919614327107</b> <br />
                  </div>
    

      </td>
</tr>
<tr>
  <td class="method">
                  aquisition_quotes_outright_BCH_quote_summary_values_verification_with_maintenance_test
      </td>
  <td class="duration">
    36.623s
  </td>
  <td class="result">
        
          <i>Method arguments: </i><span class="arguments">"AUDI", "A7", "0", "0", "100", "100", "20000", "0", "10000", "6000", "2000", "1000", "199.99", "0", "YES", "0.2", "200", "NO", "0", "Formula1-BCH"</span><br />
    
            <div class="testOutput">
                        <b>*************Calculations for Quote Summary page gas been started************</b> <br />
                                <b>Reading values from sceen -Quote Summary Page</b> <br />
                                <b>Getting values from screen</b> <br />
                                <b>Quote_summary_cost_otr_price =55,661.36</b> <br />
                                <b>Quote_summary_total_monthly_holding_cost =878.39</b> <br />
                                <b>Quote_summary_monthly_finance_rental =1,079.44</b> <br />
                                <b>Quote_summary_monthly_finance_rental =34.33</b> <br />
                                <b>Quote_summary_monthly_finance_rental =1,113.77</b> <br />
                                <b>Acquisition contract_type =Outright Purchase</b> <br />
                                <b>Customer contract_type =Business Contract Hire</b> <br />
                                <b>Reading values from excel sheet to compare it with quote summary on screen values</b> <br />
                                <b>Comparing excel values with actual values on screen</b> <br />
                                <b>OTR price compared</b> <br />
                                <b>Total monthly holding cost compared</b> <br />
                                <b>Finance Rental compared</b> <br />
                                <b>Maintenance Rental compared</b> <br />
                                <b>total Rental compared</b> <br />
                  </div>
    

      </td>
</tr>
          <tr>
        <td colspan="3" class="group">com.amt.test.Acquisition_Quotes_Outright_BCH_without_maintenance_Test</td>
      </tr>
            
<tr>
  <td class="method">
                  aquisition_quotes_outright_BCH_OTR_calculation_without_maintenance_test
      </td>
  <td class="duration">
    73.243s
  </td>
  <td class="result">
        
          <i>Method arguments: </i><span class="arguments">"AUDI", "A7", "0", "0", "100", "20000", "10000", "6000", "2000", "1000", "199.99", "0", "NO", "0", "200", "NO", "0", "Formula1-BCH"</span><br />
    
            <div class="testOutput">
                        <b>Clicked on Quote button </b> <br />
                                <b>Manufacture =AUDI has been selected</b> <br />
                                <b>Model range =A7 has been selected</b> <br />
                                <b>Vehicle has been selected</b> <br />
                                <b>Paint option has been selected</b> <br />
                                <b>Interior option has been selected</b> <br />
                                <b> Acquisition Contract type option = Outright has been selected</b> <br />
                                <b> Customer Contract type option = Business Contract Hire(BCH) has been selected</b> <br />
                                <b>Getting Basic Price- Vehicle value is  =46854.17</b> <br />
                                <b>Getting Basic Price - Paint  value is  =0.00</b> <br />
                                <b>Getting  Basic Price - Options value is   =833.33</b> <br />
                                <b>Getting Discount- Vehicle value is  =5.00</b> <br />
                                <b>Getting   Discount - Paint value is   =0.00</b> <br />
                                <b>Getting  Discount- Options value is   =5.00</b> <br />
                                <b>Getting Additional Discount- Vehicle value is  =2.00</b> <br />
                                <b>Getting  Additional Discount - paint value is  =0.00</b> <br />
                                <b>Getting  Additional Discount - Options value is  =0.00</b> <br />
                                <b>Writing OTR table values to excel sheet -Started </b> <br />
                                <b>Writing OTR table values to excel sheet -Completed </b> <br />
                                <b>Reading Subtotal After Discount from excel sheet -Started </b> <br />
                                <b>Reading Subtotal After Discount from excel sheet -Started </b> <br />
                                <b>Subtotal After Discount from excel sheet is =45301.125</b> <br />
                                <b>Subtotal after discount actual value from screen = 45,301.13</b> <br />
                  </div>
    

      </td>
</tr>
<tr>
  <td class="method">
                  aquisition_quotes_outright_BCH_after_discount_calculations_without_maintenance_test
      </td>
  <td class="duration">
    0.635s
  </td>
  <td class="result">
        
          <i>Method arguments: </i><span class="arguments">"AUDI", "A7", "0", "0", "100", "20000", "10000", "6000", "2000", "1000", "199.99", "0", "NO", "0", "200", "NO", "0", "Formula1-BCH"</span><br />
    
            <div class="testOutput">
                        <b>*********Calculations for On Road Price has been started***********</b> <br />
                                <b>Started getting On screen values from after discount table </b> <br />
                                <b>Manufacture_delivery_charges =550.00</b> <br />
                                <b>Road_tax_first_year =585.00</b> <br />
                                <b>First_registration_fee =55.00</b> <br />
                                <b>Rebate =0.00</b> <br />
                                <b>Writing After discount values to excel has been started</b> <br />
                                <b>Writing After discount values to excel has been completed</b> <br />
                                <b>Reading On Road Price for invoice from excel has been Started</b> <br />
                                <b>Reading On Road Price for invoice from excel has been completed</b> <br />
                                <b>Expected on the road price from excel is =55661.35</b> <br />
                                <b>Actual on the road price from screen is =55661.36</b> <br />
                  </div>
    

      </td>
</tr>
<tr>
  <td class="method">
                  aquisition_quotes_outright_BCH_holding_cost_calculations_without_maintenance_test
      </td>
  <td class="duration">
    5.274s
  </td>
  <td class="result">
        
          <i>Method arguments: </i><span class="arguments">"AUDI", "A7", "0", "0", "100", "20000", "10000", "6000", "2000", "1000", "199.99", "0", "NO", "0", "200", "NO", "0", "Formula1-BCH"</span><br />
    
            <div class="testOutput">
                        <b>***********Entered in holding cost page ***********</b> <br />
                                <b>Clicked on holding cost summary</b> <br />
                                <b>***********Holding Cost Calculations has been Started*************</b> <br />
                                <b>Getting on screen values from Holding Cost Page</b> <br />
                                <b>Duration(Terms) =36.0</b> <br />
                                <b>Annual_mileage =10000.0</b> <br />
                                <b>Cap_residual_value =27500.0</b> <br />
                                <b>Writing Holding Cost Summary values to excel has been started</b> <br />
                                <b>Writing Holding Cost Summary values to excel has been completed</b> <br />
                                <b>Reading Monthly Holding Cost value from excel has been started</b> <br />
                                <b>Reading Monthly Holding Cost value from excel has been completed</b> <br />
                                <b>Total_monthly_holding_cost_from_screen =849.78</b> <br />
                                <b>Total_monthly_holding_cost_from_excel =849.7808503215996</b> <br />
                  </div>
    

      </td>
</tr>
          <tr>
        <td colspan="3" class="group">com.amt.test.Acquisition_Quotes_Outright_FL_with_maintenance_Test</td>
      </tr>
            
<tr>
  <td class="method">
                  aquisition_quotes_outright_FL_OTR_calculation_with_maintenance_test
      </td>
  <td class="duration">
    78.665s
  </td>
  <td class="result">
        
          <i>Method arguments: </i><span class="arguments">"AUDI", "A7", "0", "0", "100", "100", "20000", "0", "10000", "6000", "2000", "1000", "199.99", "0", "YES", "0.2", "200", "NO", "0", "Formula1-FL"</span><br />
    
            <div class="testOutput">
                        <b>Clicked on Quote button </b> <br />
                                <b>Manufacture =AUDI has been selected</b> <br />
                                <b>Model range =A7 has been selected</b> <br />
                                <b>Vehicle has been selected</b> <br />
                                <b>Paint option has been selected</b> <br />
                                <b>Interior option has been selected</b> <br />
                                <b> Acquisition Contract type option = Outright has been selected</b> <br />
                                <b> Customer Contract type option = Finance Lease(FL) has been selected</b> <br />
                                <b>Getting Basic Price- Vehicle value is  =46854.17</b> <br />
                                <b>Getting Basic Price - Paint  value is  =0.00</b> <br />
                                <b>Getting  Basic Price - Options value is   =833.33</b> <br />
                                <b>Getting Discount- Vehicle value is  =5.00</b> <br />
                                <b>Getting   Discount - Paint value is   =0.00</b> <br />
                                <b>Getting  Discount- Options value is   =5.00</b> <br />
                                <b>Getting Additional Discount- Vehicle value is  =2.00</b> <br />
                                <b>Getting  Additional Discount - paint value is  =0.00</b> <br />
                                <b>Getting  Additional Discount - Options value is  =0.00</b> <br />
                                <b>Writing OTR table values to excel sheet -Started </b> <br />
                                <b>Writing OTR table values to excel sheet -Completed </b> <br />
                                <b>Reading Subtotal After Discount from excel sheet -Started </b> <br />
                                <b>Reading Subtotal After Discount from excel sheet -Started </b> <br />
                                <b>Subtotal After Discount from excel sheet is =45301.125</b> <br />
                                <b>Subtotal after discount actual value from screen = 45,301.13</b> <br />
                  </div>
    

      </td>
</tr>
<tr>
  <td class="method">
                  aquisition_quotes_outright_FL_after_discount_calculations_with_maintenance_test
      </td>
  <td class="duration">
    0.667s
  </td>
  <td class="result">
        
          <i>Method arguments: </i><span class="arguments">"AUDI", "A7", "0", "0", "100", "100", "20000", "0", "10000", "6000", "2000", "1000", "199.99", "0", "YES", "0.2", "200", "NO", "0", "Formula1-FL"</span><br />
    
            <div class="testOutput">
                        <b>*********Calculations for On Road Price has been started***********</b> <br />
                                <b>Started getting On screen values from after discount table </b> <br />
                                <b>Manufacture_delivery_charges =550.00</b> <br />
                                <b>Road_tax_first_year =585.00</b> <br />
                                <b>First_registration_fee =55.00</b> <br />
                                <b>Rebate =0.00</b> <br />
                                <b>Writing After discount values to excel has been started</b> <br />
                                <b>Writing After discount values to excel has been completed</b> <br />
                                <b>Reading On Road Price for invoice from excel has been Started</b> <br />
                                <b>Reading On Road Price for invoice from excel has been completed</b> <br />
                                <b>Expected on the road price from excel is =55661.35</b> <br />
                                <b>Actual on the road price from screen is =55661.36</b> <br />
                  </div>
    

      </td>
</tr>
<tr>
  <td class="method">
                  aquisition_quotes_outright_FL_customer_quote_payment_profile_calculations_with_maintenance_test
      </td>
  <td class="duration">
    18.550s
  </td>
  <td class="result">
        
          <i>Method arguments: </i><span class="arguments">"AUDI", "A7", "0", "0", "100", "100", "20000", "0", "10000", "6000", "2000", "1000", "199.99", "0", "YES", "0.2", "200", "NO", "0", "Formula1-FL"</span><br />
    
            <div class="testOutput">
                        <b>Writing configuration values from property file to Excel for customer quote calculation -started</b> <br />
                                <b>Writing configuration values from property file to Excel for customer quote calculation -completed</b> <br />
                                <b>************Calculations for Customer Quote Page has been started***********</b> <br />
                                <b>Payment Profile Monthly in Advance option has been selected</b> <br />
                                <b>Clicked on Part Exchange panel</b> <br />
                                <b>Writing values to Excel for customer quote calculation -started</b> <br />
                                <b>Writing values to Excel for customer quote calculation -completed</b> <br />
                                <b>Reading  Monthly Finance Rental and monthly maintenance cost from  Excel   -started</b> <br />
                                <b>Reading  Monthly Finance Rental and monthly maintenance cost from  Excel  -completed</b> <br />
                                <b>Monthly Finance Rental from Excel is =1049.0911325012778</b> <br />
                                <b>Monthly maintenance Rental from Excel is =34.333333333333336</b> <br />
                                <b>Calculations with different payment profiles for customer quote has been started</b> <br />
                                <b>Calculations with different payment profiles for customer quote has been ended</b> <br />
                  </div>
    

      </td>
</tr>
<tr>
  <td class="method">
                  aquisition_quotes_outright_FL_holding_cost_calculations_with_maintenance_test
      </td>
  <td class="duration">
    5.089s
  </td>
  <td class="result">
        
          <i>Method arguments: </i><span class="arguments">"AUDI", "A7", "0", "0", "100", "100", "20000", "0", "10000", "6000", "2000", "1000", "199.99", "0", "YES", "0.2", "200", "NO", "0", "Formula1-FL"</span><br />
    
            <div class="testOutput">
                        <b>***********Entered in holding cost page ***********</b> <br />
                                <b>Clicked on holding cost summary</b> <br />
                                <b>Clicked on holding_cost_maintenance_toggle_button</b> <br />
                                <b>***********Holding Cost Calculations has been Started*************</b> <br />
                                <b>Getting on screen values from Holding Cost Page</b> <br />
                                <b>Duration(Terms) =36.0</b> <br />
                                <b>Annual_mileage =10000.0</b> <br />
                                <b>Cap_residual_value =27500.0</b> <br />
                                <b>Writing Holding Cost Summary values to excel has been started</b> <br />
                                <b>Writing Holding Cost Summary values to excel has been completed</b> <br />
                                <b>Reading Monthly Holding Cost value from excel has been started</b> <br />
                                <b>Reading Monthly Holding Cost value from excel has been completed</b> <br />
                                <b>Total_monthly_holding_cost_from_screen =878.39</b> <br />
                                <b>Total_monthly_holding_cost_from_excel =878.3919614327107</b> <br />
                  </div>
    

      </td>
</tr>
<tr>
  <td class="method">
                  aquisition_quotes_outright_FL_quote_summary_values_verification_with_maintenance_test
      </td>
  <td class="duration">
    35.148s
  </td>
  <td class="result">
        
          <i>Method arguments: </i><span class="arguments">"AUDI", "A7", "0", "0", "100", "100", "20000", "0", "10000", "6000", "2000", "1000", "199.99", "0", "YES", "0.2", "200", "NO", "0", "Formula1-FL"</span><br />
    
            <div class="testOutput">
                        <b>*************Calculations for Quote Summary page gas been started************</b> <br />
                                <b>Reading values from sceen -Quote Summary Page</b> <br />
                                <b>Getting values from screen</b> <br />
                                <b>Quote_summary_cost_otr_price =55,661.36</b> <br />
                                <b>Quote_summary_total_monthly_holding_cost =878.39</b> <br />
                                <b>Quote_summary_monthly_finance_rental =1,049.09</b> <br />
                                <b>Quote_summary_monthly_finance_rental =34.33</b> <br />
                                <b>Quote_summary_monthly_finance_rental =1,083.42</b> <br />
                                <b>Acquisition contract_type =Outright Purchase</b> <br />
                                <b>Customer contract_type =Finance Lease</b> <br />
                                <b>Reading values from excel sheet to compare it with quote summary on screen values</b> <br />
                                <b>Comparing excel values with actual values on screen</b> <br />
                                <b>OTR price compared</b> <br />
                                <b>Total monthly holding cost compared</b> <br />
                                <b>Finance Rental compared</b> <br />
                                <b>Maintenance Rental compared</b> <br />
                                <b>total Rental compared</b> <br />
                  </div>
    

      </td>
</tr>
          <tr>
        <td colspan="3" class="group">com.amt.test.Acquisition_Quotes_Outright_FL_without_maintenance_Test</td>
      </tr>
            
<tr>
  <td class="method">
                  aquisition_quotes_outright_FL_OTR_calculation_without_maintenance_test
      </td>
  <td class="duration">
    69.556s
  </td>
  <td class="result">
        
          <i>Method arguments: </i><span class="arguments">"AUDI", "A7", "0", "0", "100", "20000", "10000", "6000", "2000", "1000", "199.99", "0", "NO", "0", "200", "NO", "0", "Formula1-FL"</span><br />
    
            <div class="testOutput">
                        <b>Clicked on Quote button </b> <br />
                                <b>Manufacture =AUDI has been selected</b> <br />
                                <b>Model range =A7 has been selected</b> <br />
                                <b>Vehicle has been selected</b> <br />
                                <b>Paint option has been selected</b> <br />
                                <b>Interior option has been selected</b> <br />
                                <b> Acquisition Contract type option = Outright has been selected</b> <br />
                                <b> Customer Contract type option = Finance Lease(FL) has been selected</b> <br />
                                <b>Getting Basic Price- Vehicle value is  =46854.17</b> <br />
                                <b>Getting Basic Price - Paint  value is  =0.00</b> <br />
                                <b>Getting  Basic Price - Options value is   =833.33</b> <br />
                                <b>Getting Discount- Vehicle value is  =5.00</b> <br />
                                <b>Getting   Discount - Paint value is   =0.00</b> <br />
                                <b>Getting  Discount- Options value is   =5.00</b> <br />
                                <b>Getting Additional Discount- Vehicle value is  =2.00</b> <br />
                                <b>Getting  Additional Discount - paint value is  =0.00</b> <br />
                                <b>Getting  Additional Discount - Options value is  =0.00</b> <br />
                                <b>Writing OTR table values to excel sheet -Started </b> <br />
                                <b>Writing OTR table values to excel sheet -Completed </b> <br />
                                <b>Reading Subtotal After Discount from excel sheet -Started </b> <br />
                                <b>Reading Subtotal After Discount from excel sheet -Started </b> <br />
                                <b>Subtotal After Discount from excel sheet is =45301.125</b> <br />
                                <b>Subtotal after discount actual value from screen = 45,301.13</b> <br />
                  </div>
    

      </td>
</tr>
<tr>
  <td class="method">
                  aquisition_quotes_outright_FL_after_discount_calculations_without_maintenance_test
      </td>
  <td class="duration">
    0.725s
  </td>
  <td class="result">
        
          <i>Method arguments: </i><span class="arguments">"AUDI", "A7", "0", "0", "100", "20000", "10000", "6000", "2000", "1000", "199.99", "0", "NO", "0", "200", "NO", "0", "Formula1-FL"</span><br />
    
            <div class="testOutput">
                        <b>*********Calculations for On Road Price has been started***********</b> <br />
                                <b>Started getting On screen values from after discount table </b> <br />
                                <b>Manufacture_delivery_charges =550.00</b> <br />
                                <b>Road_tax_first_year =585.00</b> <br />
                                <b>First_registration_fee =55.00</b> <br />
                                <b>Rebate =0.00</b> <br />
                                <b>Writing After discount values to excel has been started</b> <br />
                                <b>Writing After discount values to excel has been completed</b> <br />
                                <b>Reading On Road Price for invoice from excel has been Started</b> <br />
                                <b>Reading On Road Price for invoice from excel has been completed</b> <br />
                                <b>Expected on the road price from excel is =55661.35</b> <br />
                                <b>Actual on the road price from screen is =55661.36</b> <br />
                  </div>
    

      </td>
</tr>
<tr>
  <td class="method">
                  aquisition_quotes_outright_FL_customer_quote_payment_profile_calculations_without_maintenance_test
      </td>
  <td class="duration">
    16.429s
  </td>
  <td class="result">
        
          <i>Method arguments: </i><span class="arguments">"AUDI", "A7", "0", "0", "100", "20000", "10000", "6000", "2000", "1000", "199.99", "0", "NO", "0", "200", "NO", "0", "Formula1-FL"</span><br />
    
            <div class="testOutput">
                        <b>Writing configuration values from property file to Excel for customer quote calculation -started</b> <br />
                                <b>Writing configuration values from property file to Excel for customer quote calculation -completed</b> <br />
                                <b>************Calculations for Customer Quote Page has been started***********</b> <br />
                                <b>Payment Profile Monthly in Advance option has been selected</b> <br />
                                <b>Clicked on Part Exchange panel</b> <br />
                                <b>Writing values to Excel for customer quote calculation -started</b> <br />
                                <b>Writing values to Excel for customer quote calculation -completed</b> <br />
                                <b>Reading  Monthly Finance Rental from  Excel   -started</b> <br />
                                <b>Reading  Monthly Finance Rental from  Excel   -completed</b> <br />
                                <b>Monthly Finance Rental from Excel is =1049.0911325012778</b> <br />
                                <b>Calculations with different payment profiles for customer quote has been started</b> <br />
                                <b>Calculations with different payment profiles for customer quote has been ended</b> <br />
                  </div>
    

      </td>
</tr>
<tr>
  <td class="method">
                  aquisition_quotes_outright_FL_holding_cost_calculations_without_maintenance_test
      </td>
  <td class="duration">
    5.324s
  </td>
  <td class="result">
        
          <i>Method arguments: </i><span class="arguments">"AUDI", "A7", "0", "0", "100", "20000", "10000", "6000", "2000", "1000", "199.99", "0", "NO", "0", "200", "NO", "0", "Formula1-FL"</span><br />
    
            <div class="testOutput">
                        <b>***********Entered in holding cost page ***********</b> <br />
                                <b>Clicked on holding cost summary</b> <br />
                                <b>***********Holding Cost Calculations has been Started*************</b> <br />
                                <b>Getting on screen values from Holding Cost Page</b> <br />
                                <b>Duration(Terms) =36.0</b> <br />
                                <b>Annual_mileage =10000.0</b> <br />
                                <b>Cap_residual_value =27500.0</b> <br />
                                <b>Writing Holding Cost Summary values to excel has been started</b> <br />
                                <b>Writing Holding Cost Summary values to excel has been completed</b> <br />
                                <b>Reading Monthly Holding Cost value from excel has been started</b> <br />
                                <b>Reading Monthly Holding Cost value from excel has been completed</b> <br />
                                <b>Total_monthly_holding_cost_from_screen =849.78</b> <br />
                                <b>Total_monthly_holding_cost_from_excel =849.7808503215996</b> <br />
                  </div>
    

      </td>
</tr>
<tr>
  <td class="method">
                  aquisition_quotes_outright_FL_quote_summary_values_verification_without_maintenance_test
      </td>
  <td class="duration">
    36.826s
  </td>
  <td class="result">
        
          <i>Method arguments: </i><span class="arguments">"AUDI", "A7", "0", "0", "100", "20000", "10000", "6000", "2000", "1000", "199.99", "0", "NO", "0", "200", "NO", "0", "Formula1-FL"</span><br />
    
            <div class="testOutput">
                        <b>*************Calculations for Quote Summary page gas been started************</b> <br />
                                <b>Reading values from sceen -Quote Summary Page</b> <br />
                                <b>Getting values from screen</b> <br />
                                <b>Quote_summary_cost_otr_price =55,661.36</b> <br />
                                <b>Quote_summary_total_monthly_holding_cost =849.78</b> <br />
                                <b>Quote_summary_monthly_finance_rental =1,049.09</b> <br />
                                <b>Acquisition contract_type =Outright Purchase</b> <br />
                                <b>Customer contract_type =Finance Lease</b> <br />
                                <b>Reading values from excel sheet to compare it with quote summary on screen values</b> <br />
                                <b>Comparing excel values with actual values on screen</b> <br />
                                <b>OTR price compared</b> <br />
                                <b>Total monthly holding cost compared</b> <br />
                                <b>Finance Rental compared</b> <br />
                  </div>
    

      </td>
</tr>
          <tr>
        <td colspan="3" class="group">com.amt.test.LoginTest</td>
      </tr>
            
<tr>
  <td class="method">
                  amt_Logo_display_Test
      </td>
  <td class="duration">
    2.912s
  </td>
  <td class="result">
        
    
            <div class="testOutput">
                        <b>AMT-Logo is displayed</b> <br />
                  </div>
    

      </td>
</tr>
<tr>
  <td class="method">
                  login_Test
      </td>
  <td class="duration">
    4.653s
  </td>
  <td class="result">
        
    
            <div class="testOutput">
                        <b>Login screen is being displayed</b> <br />
                                <b>User has entered Username </b> <br />
                                <b>User has entered Password </b> <br />
                  </div>
    

      </td>
</tr>
<tr>
  <td class="method">
                  pageTitle_Test
      </td>
  <td class="duration">
    0.005s
  </td>
  <td class="result">
        
    
            <div class="testOutput">
                        <b>Page Title After login is Login-AMT</b> <br />
                  </div>
    

      </td>
</tr>
      </table>
  
</body>
</html>
