<!DOCTYPE html PUBLIC "-//W3C//DTD XHTML 1.1//EN" "https://www.w3.org/TR/xhtml11/DTD/xhtml11.dtd">
<html xmlns="https://www.w3.org/1999/xhtml">
<head>
<meta http-equiv="content-type" content="text/html; charset=UTF-8"/>
<title>TestNG Report</title>
<style type="text/css">table {margin-bottom:10px;border-collapse:collapse;empty-cells:show}th,td {border:1px solid #009;padding:.25em .5em}th {vertical-align:bottom}td {vertical-align:top}table a {font-weight:bold}.stripe td {background-color: #E6EBF9}.num {text-align:right}.passedodd td {background-color: #3F3}.passedeven td {background-color: #0A0}.skippedodd td {background-color: #DDD}.skippedeven td {background-color: #CCC}.failedodd td,.attn {background-color: #F33}.failedeven td,.stripe .attn {background-color: #D00}.stacktrace {white-space:pre;font-family:monospace}.totop {font-size:85%;text-align:center;border-bottom:2px solid #000}.invisible {display:none}</style>
</head>
<body>
<table>
<tr><th>Test</th><th># Passed</th><th># Skipped</th><th># Retried</th><th># Failed</th><th>Time (ms)</th><th>Included Groups</th><th>Excluded Groups</th></tr>
<tr><th colspan="8">Default suite</th></tr>
<tr><td><a href="#t0">Default test</a></td><td class="num">2</td><td class="num attn">2</td><td class="num">0</td><td class="num attn">1</td><td class="num">110,813</td><td></td><td></td></tr>
</table>
<table id='summary'><thead><tr><th>Class</th><th>Method</th><th>Start</th><th>Time (ms)</th></tr></thead><tbody><tr><th colspan="4">Default suite</th></tr></tbody><tbody id="t0"><tr><th colspan="4">Default test &#8212; failed</th></tr><tr class="failedeven"><td rowspan="1">com.amt.test.OP.Acquisition_Quotes_OP_OP_Test</td><td><a href="#m0">aquisition_quotes_OP_OP_customer_quote_vehicle_profit_edit_test</a></td><td rowspan="1">1677160482121</td><td rowspan="1">34453</td></tr><tr><th colspan="4">Default test &#8212; skipped</th></tr><tr class="skippedeven"><td rowspan="2">com.amt.test.OP.Acquisition_Quotes_OP_OP_Test</td><td><a href="#m1">aquisition_quotes_OP_OP_customer_quote_part_exchange_value_edit_test</a></td><td rowspan="1">1677160516798</td><td rowspan="1">0</td></tr><tr class="skippedeven"><td><a href="#m2">aquisition_quotes_OP_OP_quote_summary_values_verification_with_maintenance_test</a></td><td rowspan="1">1677160516801</td><td rowspan="1">0</td></tr><tr><th colspan="4">Default test &#8212; passed</th></tr><tr class="passedeven"><td rowspan="2">com.amt.test.OP.Acquisition_Quotes_OP_OP_Test</td><td><a href="#m3">aquisition_quotes_OP_OP_OTR_calculation_test</a></td><td rowspan="1">1677160423775</td><td rowspan="1">55090</td></tr><tr class="passedeven"><td><a href="#m4">aquisition_quotes_OP_OP_after_discount_calculations_test</a></td><td rowspan="1">1677160479190</td><td rowspan="1">2738</td></tr></tbody>
</table>
<h2>Default test</h2><h3 id="m0">com.amt.test.OP.Acquisition_Quotes_OP_OP_Test#aquisition_quotes_OP_OP_customer_quote_vehicle_profit_edit_test</h3><table class="result"><tr class="param"><th>Parameter #1</th><th>Parameter #2</th><th>Parameter #3</th><th>Parameter #4</th><th>Parameter #5</th><th>Parameter #6</th><th>Parameter #7</th><th>Parameter #8</th><th>Parameter #9</th><th>Parameter #10</th><th>Parameter #11</th><th>Parameter #12</th><th>Parameter #13</th></tr><tr class="param stripe"><td>AUDI</td><td>A7</td><td>50000</td><td>630</td><td>1000</td><td>200</td><td>2000</td><td>1000</td><td>500</td><td>1000</td><td>1000</td><td>199.99</td><td>ContractPurchase</td></tr><tr><th colspan="13">Messages</th></tr><tr><td colspan="13"><div class="messages"><b>***********Entered in Customer Quote page ***********</b> <br /><br/><b>Vehicle profit 1000.0 added to OTR price 35503.0and sales price updated is 36703.0 i.e. true</b> <br /><br/><b></b> <br /><br/><b>Started Verifying Sales price discount not to be greater than cost price discount</b> <br /><br/><br>----------Screenshot---------<br><br/><img src="D:\StagingNew\AMT_Automation\target\surefire-reports\html\failure_screenshots\aquisition_quotes_OP_OP_customer_quote_vehicle_profit_edit_test_23_02_2023_07_25_16.png" height="800" width="1000"></div></td></tr><tr><th colspan="13">Exception</th></tr><tr><td colspan="13"><div class="stacktrace">org.openqa.selenium.TimeoutException: Expected condition failed: waiting for visibility of Proxy element for: DefaultElementLocator &apos;By.xpath: (//*[@id=&apos;pdiscountper&apos;]//ancestor::div[3]//div)[1]&apos; (tried for 30 second(s) with 500 milliseconds interval)
	at org.openqa.selenium.support.ui.WebDriverWait.timeoutException(WebDriverWait.java:138)
	at org.openqa.selenium.support.ui.FluentWait.until(FluentWait.java:231)
	at com.amt.testUtil.ExplicitWait.visibleElement(ExplicitWait.java:23)
	at com.amt.CustomerQuotePackage.CustomerQuotePage_OP_OP_Page.enter_sales_price_discount_greater_than_cost_price_discount(CustomerQuotePage_OP_OP_Page.java:211)
	at com.amt.test.OP.Acquisition_Quotes_OP_OP_Test.aquisition_quotes_OP_OP_customer_quote_vehicle_profit_edit_test(Acquisition_Quotes_OP_OP_Test.java:88)
	at java.base/jdk.internal.reflect.NativeMethodAccessorImpl.invoke0(Native Method)
	at java.base/jdk.internal.reflect.NativeMethodAccessorImpl.invoke(NativeMethodAccessorImpl.java:77)
	at java.base/jdk.internal.reflect.DelegatingMethodAccessorImpl.invoke(DelegatingMethodAccessorImpl.java:43)
	at java.base/java.lang.reflect.Method.invoke(Method.java:568)
	at org.testng.internal.MethodInvocationHelper.invokeMethod(MethodInvocationHelper.java:133)
	at org.testng.internal.TestInvoker.invokeMethod(TestInvoker.java:598)
	at org.testng.internal.TestInvoker.invokeTestMethod(TestInvoker.java:173)
	at org.testng.internal.MethodRunner.runInSequence(MethodRunner.java:46)
	at org.testng.internal.TestInvoker$MethodInvocationAgent.invoke(TestInvoker.java:824)
	at org.testng.internal.TestInvoker.invokeTestMethods(TestInvoker.java:146)
	at org.testng.internal.TestMethodWorker.invokeTestMethods(TestMethodWorker.java:146)
	at org.testng.internal.TestMethodWorker.run(TestMethodWorker.java:128)
	at java.base/java.util.ArrayList.forEach(ArrayList.java:1511)
	at org.testng.TestRunner.privateRun(TestRunner.java:794)
	at org.testng.TestRunner.run(TestRunner.java:596)
	at org.testng.SuiteRunner.runTest(SuiteRunner.java:377)
	at org.testng.SuiteRunner.runSequentially(SuiteRunner.java:371)
	at org.testng.SuiteRunner.privateRun(SuiteRunner.java:332)
	at org.testng.SuiteRunner.run(SuiteRunner.java:276)
	at org.testng.SuiteRunnerWorker.runSuite(SuiteRunnerWorker.java:53)
	at org.testng.SuiteRunnerWorker.run(SuiteRunnerWorker.java:96)
	at org.testng.TestNG.runSuitesSequentially(TestNG.java:1212)
	at org.testng.TestNG.runSuitesLocally(TestNG.java:1134)
	at org.testng.TestNG.runSuites(TestNG.java:1063)
	at org.testng.TestNG.run(TestNG.java:1031)
	at org.testng.remote.AbstractRemoteTestNG.run(AbstractRemoteTestNG.java:115)
	at org.testng.remote.RemoteTestNG.initAndRun(RemoteTestNG.java:251)
	at org.testng.remote.RemoteTestNG.main(RemoteTestNG.java:77)
Caused by: org.openqa.selenium.NoSuchElementException: no such element: Unable to locate element: {&quot;method&quot;:&quot;xpath&quot;,&quot;selector&quot;:&quot;(//*[@id=&apos;pdiscountper&apos;]//ancestor::div[3]//div)[1]&quot;}
  (Session info: chrome=110.0.5481.104)
For documentation on this error, please visit: https://selenium.dev/exceptions/#no_such_element
Build info: version: &apos;4.0.0&apos;, revision: &apos;3a21814679&apos;
System info: host: &apos;DSK-951&apos;, ip: &apos;10.0.3.253&apos;, os.name: &apos;Windows 10&apos;, os.arch: &apos;amd64&apos;, os.version: &apos;10.0&apos;, java.version: &apos;17.0.4.1&apos;
Driver info: org.openqa.selenium.chrome.ChromeDriver
Command: [774213f6016174cfc49840f399c260b6, findElement {using=xpath, value=(//*[@id=&apos;pdiscountper&apos;]//ancestor::div[3]//div)[1]}]
Capabilities {acceptInsecureCerts: false, browserName: chrome, browserVersion: 110.0.5481.104, chrome: {chromedriverVersion: 110.0.5481.77 (65ed616c6e8e..., userDataDir: C:\Users\NITEIN~1.KUR\AppDa...}, goog:chromeOptions: {debuggerAddress: localhost:54111}, javascriptEnabled: true, networkConnectionEnabled: false, pageLoadStrategy: normal, platform: WINDOWS, platformName: WINDOWS, proxy: Proxy(), se:cdp: ws://localhost:54111/devtoo..., se:cdpVersion: 110.0.5481.104, setWindowRect: true, strictFileInteractability: false, timeouts: {implicit: 0, pageLoad: 300000, script: 30000}, unhandledPromptBehavior: dismiss and notify, webauthn:extension:credBlob: true, webauthn:extension:largeBlob: true, webauthn:virtualAuthenticators: true}
Session ID: 774213f6016174cfc49840f399c260b6
	at jdk.internal.reflect.GeneratedConstructorAccessor49.newInstance(Unknown Source)
	at java.base/jdk.internal.reflect.DelegatingConstructorAccessorImpl.newInstance(DelegatingConstructorAccessorImpl.java:45)
	at java.base/java.lang.reflect.Constructor.newInstanceWithCaller(Constructor.java:499)
	at java.base/java.lang.reflect.Constructor.newInstance(Constructor.java:480)
	at org.openqa.selenium.remote.codec.w3c.W3CHttpResponseCodec.createException(W3CHttpResponseCodec.java:200)
	at org.openqa.selenium.remote.codec.w3c.W3CHttpResponseCodec.decode(W3CHttpResponseCodec.java:133)
	at org.openqa.selenium.remote.codec.w3c.W3CHttpResponseCodec.decode(W3CHttpResponseCodec.java:53)
	at org.openqa.selenium.remote.HttpCommandExecutor.execute(HttpCommandExecutor.java:184)
	at org.openqa.selenium.remote.service.DriverCommandExecutor.invokeExecute(DriverCommandExecutor.java:164)
	at org.openqa.selenium.remote.service.DriverCommandExecutor.execute(DriverCommandExecutor.java:139)
	at org.openqa.selenium.remote.RemoteWebDriver.execute(RemoteWebDriver.java:559)
	at org.openqa.selenium.remote.ElementLocation$ElementFinder$2.findElement(ElementLocation.java:162)
	at org.openqa.selenium.remote.ElementLocation.findElement(ElementLocation.java:60)
	at org.openqa.selenium.remote.RemoteWebDriver.findElement(RemoteWebDriver.java:383)
	at org.openqa.selenium.remote.RemoteWebDriver.findElement(RemoteWebDriver.java:375)
	at org.openqa.selenium.support.pagefactory.DefaultElementLocator.findElement(DefaultElementLocator.java:70)
	at org.openqa.selenium.support.pagefactory.internal.LocatingElementHandler.invoke(LocatingElementHandler.java:39)
	at jdk.proxy2/jdk.proxy2.$Proxy17.isDisplayed(Unknown Source)
	at org.openqa.selenium.support.ui.ExpectedConditions.elementIfVisible(ExpectedConditions.java:307)
	at org.openqa.selenium.support.ui.ExpectedConditions.access$000(ExpectedConditions.java:40)
	at org.openqa.selenium.support.ui.ExpectedConditions$10.apply(ExpectedConditions.java:293)
	at org.openqa.selenium.support.ui.ExpectedConditions$10.apply(ExpectedConditions.java:290)
	at org.openqa.selenium.support.ui.FluentWait.until(FluentWait.java:208)
	... 31 more
</div></td></tr></table><p class="totop"><a href="#summary">back to summary</a></p>
<h3 id="m1">com.amt.test.OP.Acquisition_Quotes_OP_OP_Test#aquisition_quotes_OP_OP_customer_quote_part_exchange_value_edit_test</h3><table class="result"><tr><th>Exception</th></tr><tr><td><div class="stacktrace">java.lang.Throwable: Method Acquisition_Quotes_OP_OP_Test.aquisition_quotes_OP_OP_customer_quote_part_exchange_value_edit_test(java.lang.String,java.lang.String,java.lang.String,java.lang.String,java.lang.String,java.lang.String,java.lang.String,java.lang.String,java.lang.String,java.lang.String,java.lang.String,java.lang.String,java.lang.String)[pri:4, instance:com.amt.test.OP.Acquisition_Quotes_OP_OP_Test@791f145a] depends on not successfully finished methods
	at org.testng.internal.TestInvoker.invokeTestMethods(TestInvoker.java:102)
	at org.testng.internal.TestMethodWorker.invokeTestMethods(TestMethodWorker.java:146)
	at org.testng.internal.TestMethodWorker.run(TestMethodWorker.java:128)
	at java.base/java.util.ArrayList.forEach(ArrayList.java:1511)
	at org.testng.TestRunner.privateRun(TestRunner.java:794)
	at org.testng.TestRunner.run(TestRunner.java:596)
	at org.testng.SuiteRunner.runTest(SuiteRunner.java:377)
	at org.testng.SuiteRunner.runSequentially(SuiteRunner.java:371)
	at org.testng.SuiteRunner.privateRun(SuiteRunner.java:332)
	at org.testng.SuiteRunner.run(SuiteRunner.java:276)
	at org.testng.SuiteRunnerWorker.runSuite(SuiteRunnerWorker.java:53)
	at org.testng.SuiteRunnerWorker.run(SuiteRunnerWorker.java:96)
	at org.testng.TestNG.runSuitesSequentially(TestNG.java:1212)
	at org.testng.TestNG.runSuitesLocally(TestNG.java:1134)
	at org.testng.TestNG.runSuites(TestNG.java:1063)
	at org.testng.TestNG.run(TestNG.java:1031)
	at org.testng.remote.AbstractRemoteTestNG.run(AbstractRemoteTestNG.java:115)
	at org.testng.remote.RemoteTestNG.initAndRun(RemoteTestNG.java:251)
	at org.testng.remote.RemoteTestNG.main(RemoteTestNG.java:77)
</div></td></tr></table><p class="totop"><a href="#summary">back to summary</a></p>
<h3 id="m2">com.amt.test.OP.Acquisition_Quotes_OP_OP_Test#aquisition_quotes_OP_OP_quote_summary_values_verification_with_maintenance_test</h3><table class="result"><tr><th>Exception</th></tr><tr><td><div class="stacktrace">java.lang.Throwable: Method Acquisition_Quotes_OP_OP_Test.aquisition_quotes_OP_OP_quote_summary_values_verification_with_maintenance_test(java.lang.String,java.lang.String,java.lang.String,java.lang.String,java.lang.String,java.lang.String,java.lang.String,java.lang.String,java.lang.String,java.lang.String,java.lang.String,java.lang.String,java.lang.String)[pri:5, instance:com.amt.test.OP.Acquisition_Quotes_OP_OP_Test@791f145a] depends on not successfully finished methods
	at org.testng.internal.TestInvoker.invokeTestMethods(TestInvoker.java:102)
	at org.testng.internal.TestMethodWorker.invokeTestMethods(TestMethodWorker.java:146)
	at org.testng.internal.TestMethodWorker.run(TestMethodWorker.java:128)
	at java.base/java.util.ArrayList.forEach(ArrayList.java:1511)
	at org.testng.TestRunner.privateRun(TestRunner.java:794)
	at org.testng.TestRunner.run(TestRunner.java:596)
	at org.testng.SuiteRunner.runTest(SuiteRunner.java:377)
	at org.testng.SuiteRunner.runSequentially(SuiteRunner.java:371)
	at org.testng.SuiteRunner.privateRun(SuiteRunner.java:332)
	at org.testng.SuiteRunner.run(SuiteRunner.java:276)
	at org.testng.SuiteRunnerWorker.runSuite(SuiteRunnerWorker.java:53)
	at org.testng.SuiteRunnerWorker.run(SuiteRunnerWorker.java:96)
	at org.testng.TestNG.runSuitesSequentially(TestNG.java:1212)
	at org.testng.TestNG.runSuitesLocally(TestNG.java:1134)
	at org.testng.TestNG.runSuites(TestNG.java:1063)
	at org.testng.TestNG.run(TestNG.java:1031)
	at org.testng.remote.AbstractRemoteTestNG.run(AbstractRemoteTestNG.java:115)
	at org.testng.remote.RemoteTestNG.initAndRun(RemoteTestNG.java:251)
	at org.testng.remote.RemoteTestNG.main(RemoteTestNG.java:77)
</div></td></tr></table><p class="totop"><a href="#summary">back to summary</a></p>
<h3 id="m3">com.amt.test.OP.Acquisition_Quotes_OP_OP_Test#aquisition_quotes_OP_OP_OTR_calculation_test</h3><table class="result"><tr class="param"><th>Parameter #1</th><th>Parameter #2</th><th>Parameter #3</th><th>Parameter #4</th><th>Parameter #5</th><th>Parameter #6</th><th>Parameter #7</th><th>Parameter #8</th><th>Parameter #9</th><th>Parameter #10</th><th>Parameter #11</th><th>Parameter #12</th><th>Parameter #13</th></tr><tr class="param stripe"><td>AUDI</td><td>A7</td><td>50000</td><td>630</td><td>1000</td><td>200</td><td>2000</td><td>1000</td><td>500</td><td>1000</td><td>1000</td><td>199.99</td><td>ContractPurchase</td></tr><tr><th colspan="13">Messages</th></tr><tr><td colspan="13"><div class="messages"><b>Clicked on Quote button </b> <br /><br/><b>Manufacture =AUDI has been selected</b> <br /><br/><b>Model range =A7 has been selected</b> <br /><br/><b>Vehicle has been selected</b> <br /><br/><b>Paint option has been selected</b> <br /><br/><b>Interior option has been selected</b> <br /><br/><b> Acquisition Contract type option = Outright Purchase has been selected</b> <br /><br/><b> Customer Contract type option = Outright Purchase has been selected</b> <br /><br/><b>Getting Basic Price- Vehicle value is  =46854.17</b> <br /><br/><b>Getting Basic Price - Paint  value is  =0.00</b> <br /><br/><b>Getting  Basic Price - Options value is   =833.33</b> <br /><br/><b>Getting Discount- Vehicle value is  =40.00</b> <br /><br/><b>Getting   Discount - Paint value is   =0.00</b> <br /><br/><b>Getting  Discount- Options value is   =40.00</b> <br /><br/><b>Getting Additional Discount- Vehicle value is  =40.00</b> <br /><br/><b>Getting  Additional Discount - paint value is  =0.00</b> <br /><br/><b>Getting  Additional Discount - Options value is  =70.00</b> <br /><br/><b>Writing OTR table values to excel sheet -Started </b> <br /><br/><b>Writing OTR table values to excel sheet -Completed </b> <br /><br/><b>Reading Subtotal After Discount from excel sheet -Started </b> <br /><br/><b>Reading Subtotal After Discount from excel sheet -Started </b> <br /><br/><b>Subtotal After Discount from excel sheet is =28502.499999999996</b> <br /><br/><b>Subtotal after discount actual value from screen =Â£ 28,502.50</b> <br /></div></td></tr></table><p class="totop"><a href="#summary">back to summary</a></p>
<h3 id="m4">com.amt.test.OP.Acquisition_Quotes_OP_OP_Test#aquisition_quotes_OP_OP_after_discount_calculations_test</h3><table class="result"><tr class="param"><th>Parameter #1</th><th>Parameter #2</th><th>Parameter #3</th><th>Parameter #4</th><th>Parameter #5</th><th>Parameter #6</th><th>Parameter #7</th><th>Parameter #8</th><th>Parameter #9</th><th>Parameter #10</th><th>Parameter #11</th><th>Parameter #12</th><th>Parameter #13</th></tr><tr class="param stripe"><td>AUDI</td><td>A7</td><td>50000</td><td>630</td><td>1000</td><td>200</td><td>2000</td><td>1000</td><td>500</td><td>1000</td><td>1000</td><td>199.99</td><td>ContractPurchase</td></tr><tr><th colspan="13">Messages</th></tr><tr><td colspan="13"><div class="messages"><b>*********Calculations for On Road Price has been started***********</b> <br /><br/><b>Started getting On screen values from after discount table </b> <br /><br/><b>Manufacture_delivery_charges =550.00</b> <br /><br/><b>Road_tax_first_year =585.00</b> <br /><br/><b>First_registration_fee =55.00</b> <br /><br/><b>Rebate =0.00</b> <br /><br/><b>Writing After discount values to excel has been started</b> <br /><br/><b>Writing After discount values to excel has been completed</b> <br /><br/><b>Reading On Road Price for invoice from excel has been Started</b> <br /><br/><b>Reading On Road Price for invoice from excel has been completed</b> <br /><br/><b>Expected on the road price from excel is =35503.0</b> <br /><br/><b>Actual on the road price from screen is =35503.00</b> <br /></div></td></tr></table><p class="totop"><a href="#summary">back to summary</a></p>
</body>
</html>
