<!DOCTYPE html>

<html>
  <head>
  <meta charset='utf-8'>
  <title>TestNG reports</title>

    <link type="text/css" href="testng-reports1.css" rel="stylesheet" id="ultra" />
    <link type="text/css" href="testng-reports.css" rel="stylesheet" id="retro" disabled="false"/>
    <script type="text/javascript" src="jquery.min.js"></script>
    <script type="text/javascript" src="testng-reports.js"></script>
    <script type="text/javascript" src="https://www.google.com/jsapi"></script>
    <script type='text/javascript'>
      google.load('visualization', '1', {packages:['table']});
      google.setOnLoadCallback(drawTable);
      var suiteTableInitFunctions = new Array();
      var suiteTableData = new Array();
    </script>
    <!--
      <script type="text/javascript" src="jquery-ui/js/jquery-ui-1.8.16.custom.min.js"></script>
     -->
  </head>

  <body>
    <div class="top-banner-root">
      <span class="top-banner-title-font">Test results</span>
      <button id="button" class="button">Switch Retro Theme</button> <!-- button -->
      <br/>
      <span class="top-banner-font-1">1 suite, 1 failed test</span>
    </div> <!-- top-banner-root -->
    <div class="navigator-root">
      <div class="navigator-suite-header">
        <span>All suites</span>
        <a href="#" title="Collapse/expand all the suites" class="collapse-all-link">
          <img src="collapseall.gif" class="collapse-all-icon">
          </img> <!-- collapse-all-icon -->
        </a> <!-- collapse-all-link -->
      </div> <!-- navigator-suite-header -->
      <div class="suite">
        <div class="rounded-window">
          <div class="suite-header light-rounded-window-top">
            <a href="#" panel-name="suite-Default_suite" class="navigator-link">
              <span class="suite-name border-failed">Default suite</span>
            </a> <!-- navigator-link -->
          </div> <!-- suite-header light-rounded-window-top -->
          <div class="navigator-suite-content">
            <div class="suite-section-title">
              <span>Info</span>
            </div> <!-- suite-section-title -->
            <div class="suite-section-content">
              <ul>
                <li>
                  <a href="#" panel-name="test-xml-Default_suite" class="navigator-link ">
                    <span>C:\Users\nitein.kurane\AppData\Local\Temp\testng-eclipse-1410607061\testng-customsuite.xml</span>
                  </a> <!-- navigator-link  -->
                </li>
                <li>
                  <a href="#" panel-name="testlist-Default_suite" class="navigator-link ">
                    <span class="test-stats">1 test</span>
                  </a> <!-- navigator-link  -->
                </li>
                <li>
                  <a href="#" panel-name="group-Default_suite" class="navigator-link ">
                    <span>0 groups</span>
                  </a> <!-- navigator-link  -->
                </li>
                <li>
                  <a href="#" panel-name="times-Default_suite" class="navigator-link ">
                    <span>Times</span>
                  </a> <!-- navigator-link  -->
                </li>
                <li>
                  <a href="#" panel-name="reporter-Default_suite" class="navigator-link ">
                    <span>Reporter output</span>
                  </a> <!-- navigator-link  -->
                </li>
                <li>
                  <a href="#" panel-name="ignored-methods-Default_suite" class="navigator-link ">
                    <span>Ignored methods</span>
                  </a> <!-- navigator-link  -->
                </li>
                <li>
                  <a href="#" panel-name="chronological-Default_suite" class="navigator-link ">
                    <span>Chronological view</span>
                  </a> <!-- navigator-link  -->
                </li>
              </ul>
            </div> <!-- suite-section-content -->
            <div class="result-section">
              <div class="suite-section-title">
                <span>Results</span>
              </div> <!-- suite-section-title -->
              <div class="suite-section-content">
                <ul>
                  <li>
                    <span class="method-stats">4 methods, 1 failed,  1 skipped,  2 passed</span>
                  </li>
                  <li>
                    <span class="method-list-title failed">Failed methods</span>
                    <span class="show-or-hide-methods failed">
                      <a href="#" panel-name="suite-Default_suite" class="hide-methods failed suite-Default_suite"> (hide)</a> <!-- hide-methods failed suite-Default_suite -->
                      <a href="#" panel-name="suite-Default_suite" class="show-methods failed suite-Default_suite"> (show)</a> <!-- show-methods failed suite-Default_suite -->
                    </span>
                    <div class="method-list-content failed suite-Default_suite">
                      <span>
                        <img src="failed.png" width="3%"/>
                        <a href="#" panel-name="suite-Default_suite" title="com.amt.test.OP.Acquisition_Quotes_OP_OP_Test" class="method navigator-link" hash-for-method="aquisition_quotes_OP_OP_customer_quote_vehicle_profit_edit_check_with_maintenance_test(AUDI, A7, 50000, 630, 100, 100, 20000, 20, 0, 22, 22000, 1000, YES, A1 Credit, 100, YES, 2000, 1000,...)">aquisition_quotes_OP_OP_customer_quote_vehicle_profit_edit_check_with_maintenance_test(AUDI, A7, 50000, 630, 100, 100, 20000, 20, 0, 22, 22000, 1000, YES, A1 Credit, 100, YES, 2000, 1000,...)</a> <!-- method navigator-link -->
                      </span>
                      <br/>
                    </div> <!-- method-list-content failed suite-Default_suite -->
                  </li>
                  <li>
                    <span class="method-list-title skipped">Skipped methods</span>
                    <span class="show-or-hide-methods skipped">
                      <a href="#" panel-name="suite-Default_suite" class="hide-methods skipped suite-Default_suite"> (hide)</a> <!-- hide-methods skipped suite-Default_suite -->
                      <a href="#" panel-name="suite-Default_suite" class="show-methods skipped suite-Default_suite"> (show)</a> <!-- show-methods skipped suite-Default_suite -->
                    </span>
                    <div class="method-list-content skipped suite-Default_suite">
                      <span>
                        <img src="skipped.png" width="3%"/>
                        <a href="#" panel-name="suite-Default_suite" title="com.amt.test.OP.Acquisition_Quotes_OP_OP_Test" class="method navigator-link" hash-for-method="aquisition_quotes_OP_OP_customer_quote_part_exchange_value_edit_check_with_maintenance_test">aquisition_quotes_OP_OP_customer_quote_part_exchange_value_edit_check_with_maintenance_test</a> <!-- method navigator-link -->
                      </span>
                      <br/>
                    </div> <!-- method-list-content skipped suite-Default_suite -->
                  </li>
                  <li>
                    <span class="method-list-title passed">Passed methods</span>
                    <span class="show-or-hide-methods passed">
                      <a href="#" panel-name="suite-Default_suite" class="hide-methods passed suite-Default_suite"> (hide)</a> <!-- hide-methods passed suite-Default_suite -->
                      <a href="#" panel-name="suite-Default_suite" class="show-methods passed suite-Default_suite"> (show)</a> <!-- show-methods passed suite-Default_suite -->
                    </span>
                    <div class="method-list-content passed suite-Default_suite">
                      <span>
                        <img src="passed.png" width="3%"/>
                        <a href="#" panel-name="suite-Default_suite" title="com.amt.test.OP.Acquisition_Quotes_OP_OP_Test" class="method navigator-link" hash-for-method="aquisition_quotes_OP_OP_OTR_calculation_test(AUDI, A7, 50000, 630, 100, 100, 20000, 20, 0, 22, 22000, 1000, YES, A1 Credit, 100, YES, 2000, 1000,...)">aquisition_quotes_OP_OP_OTR_calculation_test(AUDI, A7, 50000, 630, 100, 100, 20000, 20, 0, 22, 22000, 1000, YES, A1 Credit, 100, YES, 2000, 1000,...)</a> <!-- method navigator-link -->
                      </span>
                      <br/>
                      <span>
                        <img src="passed.png" width="3%"/>
                        <a href="#" panel-name="suite-Default_suite" title="com.amt.test.OP.Acquisition_Quotes_OP_OP_Test" class="method navigator-link" hash-for-method="aquisition_quotes_OP_OP_after_discount_calculations_test(AUDI, A7, 50000, 630, 100, 100, 20000, 20, 0, 22, 22000, 1000, YES, A1 Credit, 100, YES, 2000, 1000,...)">aquisition_quotes_OP_OP_after_discount_calculations_test(AUDI, A7, 50000, 630, 100, 100, 20000, 20, 0, 22, 22000, 1000, YES, A1 Credit, 100, YES, 2000, 1000,...)</a> <!-- method navigator-link -->
                      </span>
                      <br/>
                    </div> <!-- method-list-content passed suite-Default_suite -->
                  </li>
                </ul>
              </div> <!-- suite-section-content -->
            </div> <!-- result-section -->
          </div> <!-- navigator-suite-content -->
        </div> <!-- rounded-window -->
      </div> <!-- suite -->
    </div> <!-- navigator-root -->
    <div class="wrapper">
      <div class="main-panel-root">
        <div panel-name="suite-Default_suite" class="panel Default_suite">
          <div class="suite-Default_suite-class-failed">
            <div class="main-panel-header rounded-window-top">
              <img src="failed.png"/>
              <span class="class-name">com.amt.test.OP.Acquisition_Quotes_OP_OP_Test</span>
            </div> <!-- main-panel-header rounded-window-top -->
            <div class="main-panel-content rounded-window-bottom">
              <div class="method">
                <div class="method-content">
                  <a name="aquisition_quotes_OP_OP_customer_quote_vehicle_profit_edit_check_with_maintenance_test(AUDI, A7, 50000, 630, 100, 100, 20000, 20, 0, 22, 22000, 1000, YES, A1 Credit, 100, YES, 2000, 1000,...)">
                  </a> <!-- aquisition_quotes_OP_OP_customer_quote_vehicle_profit_edit_check_with_maintenance_test(AUDI, A7, 50000, 630, 100, 100, 20000, 20, 0, 22, 22000, 1000, YES, A1 Credit, 100, YES, 2000, 1000,...) -->
                  <span class="method-name">aquisition_quotes_OP_OP_customer_quote_vehicle_profit_edit_check_with_maintenance_test</span>
                  <span class="parameters">(AUDI, A7, 50000, 630, 100, 100, 20000, 20, 0, 22, 22000, 1000, YES, A1 Credit, 100, YES, 2000, 1000, 500, 1000, 1000, 199.99, ContractPurchase)</span>
                  <div class="stack-trace">org.openqa.selenium.TimeoutException: Expected condition failed: waiting for visibility of Proxy element for: DefaultElementLocator &apos;By.xpath: //app-purchase-customer-quote-summary-header/div/div[6]/div/p/strong&apos; (tried for 30 second(s) with 500 milliseconds interval)
	at org.openqa.selenium.support.ui.WebDriverWait.timeoutException(WebDriverWait.java:138)
	at org.openqa.selenium.support.ui.FluentWait.until(FluentWait.java:231)
	at com.amt.testUtil.ExplicitWait.visibleElement(ExplicitWait.java:23)
	at com.amt.CustomerQuotePackage.CustomerQuotePage_OP_OP_Page.edit_vehicle_profit_and_check_monthly_total_payment(CustomerQuotePage_OP_OP_Page.java:382)
	at com.amt.test.OP.Acquisition_Quotes_OP_OP_Test.aquisition_quotes_OP_OP_customer_quote_vehicle_profit_edit_check_with_maintenance_test(Acquisition_Quotes_OP_OP_Test.java:90)
	at java.base/jdk.internal.reflect.NativeMethodAccessorImpl.invoke0(Native Method)
	at java.base/jdk.internal.reflect.NativeMethodAccessorImpl.invoke(NativeMethodAccessorImpl.java:77)
	at java.base/jdk.internal.reflect.DelegatingMethodAccessorImpl.invoke(DelegatingMethodAccessorImpl.java:43)
	at java.base/java.lang.reflect.Method.invoke(Method.java:568)
	at org.testng.internal.MethodInvocationHelper.invokeMethod(MethodInvocationHelper.java:133)
	at org.testng.internal.TestInvoker.invokeMethod(TestInvoker.java:598)
	at org.testng.internal.TestInvoker.invokeTestMethod(TestInvoker.java:173)
	at org.testng.internal.MethodRunner.runInSequence(MethodRunner.java:46)
	at org.testng.internal.TestInvoker$MethodInvocationAgent.invoke(TestInvoker.java:824)
	at org.testng.internal.TestInvoker.invokeTestMethods(TestInvoker.java:146)
	at org.testng.internal.TestMethodWorker.invokeTestMethods(TestMethodWorker.java:146)
	at org.testng.internal.TestMethodWorker.run(TestMethodWorker.java:128)
	at java.base/java.util.ArrayList.forEach(ArrayList.java:1511)
	at org.testng.TestRunner.privateRun(TestRunner.java:794)
	at org.testng.TestRunner.run(TestRunner.java:596)
	at org.testng.SuiteRunner.runTest(SuiteRunner.java:377)
	at org.testng.SuiteRunner.runSequentially(SuiteRunner.java:371)
	at org.testng.SuiteRunner.privateRun(SuiteRunner.java:332)
	at org.testng.SuiteRunner.run(SuiteRunner.java:276)
	at org.testng.SuiteRunnerWorker.runSuite(SuiteRunnerWorker.java:53)
	at org.testng.SuiteRunnerWorker.run(SuiteRunnerWorker.java:96)
	at org.testng.TestNG.runSuitesSequentially(TestNG.java:1212)
	at org.testng.TestNG.runSuitesLocally(TestNG.java:1134)
	at org.testng.TestNG.runSuites(TestNG.java:1063)
	at org.testng.TestNG.run(TestNG.java:1031)
	at org.testng.remote.AbstractRemoteTestNG.run(AbstractRemoteTestNG.java:115)
	at org.testng.remote.RemoteTestNG.initAndRun(RemoteTestNG.java:251)
	at org.testng.remote.RemoteTestNG.main(RemoteTestNG.java:77)
Caused by: org.openqa.selenium.NoSuchElementException: no such element: Unable to locate element: {&quot;method&quot;:&quot;xpath&quot;,&quot;selector&quot;:&quot;//app-purchase-customer-quote-summary-header/div/div[6]/div/p/strong&quot;}
  (Session info: chrome=108.0.5359.125)
For documentation on this error, please visit: https://selenium.dev/exceptions/#no_such_element
Build info: version: &apos;4.0.0&apos;, revision: &apos;3a21814679&apos;
System info: host: &apos;DSK-951&apos;, ip: &apos;10.0.3.253&apos;, os.name: &apos;Windows 10&apos;, os.arch: &apos;amd64&apos;, os.version: &apos;10.0&apos;, java.version: &apos;17.0.4.1&apos;
Driver info: org.openqa.selenium.chrome.ChromeDriver
Command: [0edfd9e7c83817fa5c69a85ac1ac7d61, findElement {using=xpath, value=//app-purchase-customer-quote-summary-header/div/div[6]/div/p/strong}]
Capabilities {acceptInsecureCerts: false, browserName: chrome, browserVersion: 108.0.5359.125, chrome: {chromedriverVersion: 108.0.5359.71 (1e0e3868ee06..., userDataDir: C:\Users\NITEIN~1.KUR\AppDa...}, goog:chromeOptions: {debuggerAddress: localhost:56916}, javascriptEnabled: true, networkConnectionEnabled: false, pageLoadStrategy: normal, platform: WINDOWS, platformName: WINDOWS, proxy: Proxy(), se:cdp: ws://localhost:56916/devtoo..., se:cdpVersion: 108.0.5359.125, setWindowRect: true, strictFileInteractability: false, timeouts: {implicit: 0, pageLoad: 300000, script: 30000}, unhandledPromptBehavior: dismiss and notify, webauthn:extension:credBlob: true, webauthn:extension:largeBlob: true, webauthn:virtualAuthenticators: true}
Session ID: 0edfd9e7c83817fa5c69a85ac1ac7d61
	at jdk.internal.reflect.GeneratedConstructorAccessor49.newInstance(Unknown Source)
	at java.base/jdk.internal.reflect.DelegatingConstructorAccessorImpl.newInstance(DelegatingConstructorAccessorImpl.java:45)
	at java.base/java.lang.reflect.Constructor.newInstanceWithCaller(Constructor.java:499)
	at java.base/java.lang.reflect.Constructor.newInstance(Constructor.java:480)
	at org.openqa.selenium.remote.codec.w3c.W3CHttpResponseCodec.createException(W3CHttpResponseCodec.java:200)
	at org.openqa.selenium.remote.codec.w3c.W3CHttpResponseCodec.decode(W3CHttpResponseCodec.java:133)
	at org.openqa.selenium.remote.codec.w3c.W3CHttpResponseCodec.decode(W3CHttpResponseCodec.java:53)
	at org.openqa.selenium.remote.HttpCommandExecutor.execute(HttpCommandExecutor.java:184)
	at org.openqa.selenium.remote.service.DriverCommandExecutor.invokeExecute(DriverCommandExecutor.java:164)
	at org.openqa.selenium.remote.service.DriverCommandExecutor.execute(DriverCommandExecutor.java:139)
	at org.openqa.selenium.remote.RemoteWebDriver.execute(RemoteWebDriver.java:559)
	at org.openqa.selenium.remote.ElementLocation$ElementFinder$2.findElement(ElementLocation.java:162)
	at org.openqa.selenium.remote.ElementLocation.findElement(ElementLocation.java:60)
	at org.openqa.selenium.remote.RemoteWebDriver.findElement(RemoteWebDriver.java:383)
	at org.openqa.selenium.remote.RemoteWebDriver.findElement(RemoteWebDriver.java:375)
	at org.openqa.selenium.support.pagefactory.DefaultElementLocator.findElement(DefaultElementLocator.java:70)
	at org.openqa.selenium.support.pagefactory.internal.LocatingElementHandler.invoke(LocatingElementHandler.java:39)
	at jdk.proxy2/jdk.proxy2.$Proxy17.isDisplayed(Unknown Source)
	at org.openqa.selenium.support.ui.ExpectedConditions.elementIfVisible(ExpectedConditions.java:307)
	at org.openqa.selenium.support.ui.ExpectedConditions.access$000(ExpectedConditions.java:40)
	at org.openqa.selenium.support.ui.ExpectedConditions$10.apply(ExpectedConditions.java:293)
	at org.openqa.selenium.support.ui.ExpectedConditions$10.apply(ExpectedConditions.java:290)
	at org.openqa.selenium.support.ui.FluentWait.until(FluentWait.java:208)
	... 31 more

</div> <!-- stack-trace -->
                </div> <!-- method-content -->
              </div> <!-- method -->
            </div> <!-- main-panel-content rounded-window-bottom -->
          </div> <!-- suite-Default_suite-class-failed -->
          <div class="suite-Default_suite-class-skipped">
            <div class="main-panel-header rounded-window-top">
              <img src="skipped.png"/>
              <span class="class-name">com.amt.test.OP.Acquisition_Quotes_OP_OP_Test</span>
            </div> <!-- main-panel-header rounded-window-top -->
            <div class="main-panel-content rounded-window-bottom">
              <div class="method">
                <div class="method-content">
                  <a name="aquisition_quotes_OP_OP_customer_quote_part_exchange_value_edit_check_with_maintenance_test">
                  </a> <!-- aquisition_quotes_OP_OP_customer_quote_part_exchange_value_edit_check_with_maintenance_test -->
                  <span class="method-name">aquisition_quotes_OP_OP_customer_quote_part_exchange_value_edit_check_with_maintenance_test</span>
                  <div class="stack-trace">java.lang.Throwable: Method Acquisition_Quotes_OP_OP_Test.aquisition_quotes_OP_OP_customer_quote_part_exchange_value_edit_check_with_maintenance_test(java.lang.String,java.lang.String,java.lang.String,java.lang.String,java.lang.String,java.lang.String,java.lang.String,java.lang.String,java.lang.String,java.lang.String,java.lang.String,java.lang.String,java.lang.String,java.lang.String,java.lang.String,java.lang.String,java.lang.String,java.lang.String,java.lang.String,java.lang.String,java.lang.String,java.lang.String,java.lang.String)[pri:6, instance:com.amt.test.OP.Acquisition_Quotes_OP_OP_Test@3f6f6701] depends on not successfully finished methods
	at org.testng.internal.TestInvoker.invokeTestMethods(TestInvoker.java:102)
	at org.testng.internal.TestMethodWorker.invokeTestMethods(TestMethodWorker.java:146)
	at org.testng.internal.TestMethodWorker.run(TestMethodWorker.java:128)
	at java.base/java.util.ArrayList.forEach(ArrayList.java:1511)
	at org.testng.TestRunner.privateRun(TestRunner.java:794)
	at org.testng.TestRunner.run(TestRunner.java:596)
	at org.testng.SuiteRunner.runTest(SuiteRunner.java:377)
	at org.testng.SuiteRunner.runSequentially(SuiteRunner.java:371)
	at org.testng.SuiteRunner.privateRun(SuiteRunner.java:332)
	at org.testng.SuiteRunner.run(SuiteRunner.java:276)
	at org.testng.SuiteRunnerWorker.runSuite(SuiteRunnerWorker.java:53)
	at org.testng.SuiteRunnerWorker.run(SuiteRunnerWorker.java:96)
	at org.testng.TestNG.runSuitesSequentially(TestNG.java:1212)
	at org.testng.TestNG.runSuitesLocally(TestNG.java:1134)
	at org.testng.TestNG.runSuites(TestNG.java:1063)
	at org.testng.TestNG.run(TestNG.java:1031)
	at org.testng.remote.AbstractRemoteTestNG.run(AbstractRemoteTestNG.java:115)
	at org.testng.remote.RemoteTestNG.initAndRun(RemoteTestNG.java:251)
	at org.testng.remote.RemoteTestNG.main(RemoteTestNG.java:77)

</div> <!-- stack-trace -->
                </div> <!-- method-content -->
              </div> <!-- method -->
            </div> <!-- main-panel-content rounded-window-bottom -->
          </div> <!-- suite-Default_suite-class-skipped -->
          <div class="suite-Default_suite-class-passed">
            <div class="main-panel-header rounded-window-top">
              <img src="passed.png"/>
              <span class="class-name">com.amt.test.OP.Acquisition_Quotes_OP_OP_Test</span>
            </div> <!-- main-panel-header rounded-window-top -->
            <div class="main-panel-content rounded-window-bottom">
              <div class="method">
                <div class="method-content">
                  <a name="aquisition_quotes_OP_OP_OTR_calculation_test(AUDI, A7, 50000, 630, 100, 100, 20000, 20, 0, 22, 22000, 1000, YES, A1 Credit, 100, YES, 2000, 1000,...)">
                  </a> <!-- aquisition_quotes_OP_OP_OTR_calculation_test(AUDI, A7, 50000, 630, 100, 100, 20000, 20, 0, 22, 22000, 1000, YES, A1 Credit, 100, YES, 2000, 1000,...) -->
                  <span class="method-name">aquisition_quotes_OP_OP_OTR_calculation_test</span>
                  <span class="parameters">(AUDI, A7, 50000, 630, 100, 100, 20000, 20, 0, 22, 22000, 1000, YES, A1 Credit, 100, YES, 2000, 1000, 500, 1000, 1000, 199.99, ContractPurchase)</span>
                </div> <!-- method-content -->
              </div> <!-- method -->
              <div class="method">
                <div class="method-content">
                  <a name="aquisition_quotes_OP_OP_after_discount_calculations_test(AUDI, A7, 50000, 630, 100, 100, 20000, 20, 0, 22, 22000, 1000, YES, A1 Credit, 100, YES, 2000, 1000,...)">
                  </a> <!-- aquisition_quotes_OP_OP_after_discount_calculations_test(AUDI, A7, 50000, 630, 100, 100, 20000, 20, 0, 22, 22000, 1000, YES, A1 Credit, 100, YES, 2000, 1000,...) -->
                  <span class="method-name">aquisition_quotes_OP_OP_after_discount_calculations_test</span>
                  <span class="parameters">(AUDI, A7, 50000, 630, 100, 100, 20000, 20, 0, 22, 22000, 1000, YES, A1 Credit, 100, YES, 2000, 1000, 500, 1000, 1000, 199.99, ContractPurchase)</span>
                </div> <!-- method-content -->
              </div> <!-- method -->
            </div> <!-- main-panel-content rounded-window-bottom -->
          </div> <!-- suite-Default_suite-class-passed -->
        </div> <!-- panel Default_suite -->
        <div panel-name="test-xml-Default_suite" class="panel">
          <div class="main-panel-header rounded-window-top">
            <span class="header-content">C:\Users\nitein.kurane\AppData\Local\Temp\testng-eclipse-1410607061\testng-customsuite.xml</span>
          </div> <!-- main-panel-header rounded-window-top -->
          <div class="main-panel-content rounded-window-bottom">
            <pre>
&lt;?xml version=&quot;1.0&quot; encoding=&quot;UTF-8&quot;?&gt;
&lt;!DOCTYPE suite SYSTEM &quot;https://testng.org/testng-1.0.dtd&quot;&gt;
&lt;suite name=&quot;Default suite&quot; guice-stage=&quot;DEVELOPMENT&quot;&gt;
  &lt;test thread-count=&quot;5&quot; name=&quot;Default test&quot; verbose=&quot;2&quot;&gt;
    &lt;classes&gt;
      &lt;class name=&quot;com.amt.test.OP.Acquisition_Quotes_OP_OP_Test&quot;/&gt;
    &lt;/classes&gt;
  &lt;/test&gt; &lt;!-- Default test --&gt;
&lt;/suite&gt; &lt;!-- Default suite --&gt;
            </pre>
          </div> <!-- main-panel-content rounded-window-bottom -->
        </div> <!-- panel -->
        <div panel-name="testlist-Default_suite" class="panel">
          <div class="main-panel-header rounded-window-top">
            <span class="header-content">Tests for Default suite</span>
          </div> <!-- main-panel-header rounded-window-top -->
          <div class="main-panel-content rounded-window-bottom">
            <ul>
              <li>
                <span class="test-name">Default test (1 class)</span>
              </li>
            </ul>
          </div> <!-- main-panel-content rounded-window-bottom -->
        </div> <!-- panel -->
        <div panel-name="group-Default_suite" class="panel">
          <div class="main-panel-header rounded-window-top">
            <span class="header-content">Groups for Default suite</span>
          </div> <!-- main-panel-header rounded-window-top -->
          <div class="main-panel-content rounded-window-bottom">
          </div> <!-- main-panel-content rounded-window-bottom -->
        </div> <!-- panel -->
        <div panel-name="times-Default_suite" class="panel">
          <div class="main-panel-header rounded-window-top">
            <span class="header-content">Times for Default suite</span>
          </div> <!-- main-panel-header rounded-window-top -->
          <div class="main-panel-content rounded-window-bottom">
            <div class="times-div">
              <script type="text/javascript">
suiteTableInitFunctions.push('tableData_Default_suite');
function tableData_Default_suite() {
var data = new google.visualization.DataTable();
data.addColumn('number', 'Number');
data.addColumn('string', 'Method');
data.addColumn('string', 'Class');
data.addColumn('number', 'Time (ms)');
data.addRows(4);
data.setCell(0, 0, 0)
data.setCell(0, 1, 'aquisition_quotes_OP_OP_OTR_calculation_test')
data.setCell(0, 2, 'com.amt.test.OP.Acquisition_Quotes_OP_OP_Test')
data.setCell(0, 3, 58187);
data.setCell(1, 0, 1)
data.setCell(1, 1, 'aquisition_quotes_OP_OP_customer_quote_vehicle_profit_edit_check_with_maintenance_test')
data.setCell(1, 2, 'com.amt.test.OP.Acquisition_Quotes_OP_OP_Test')
data.setCell(1, 3, 36637);
data.setCell(2, 0, 2)
data.setCell(2, 1, 'aquisition_quotes_OP_OP_after_discount_calculations_test')
data.setCell(2, 2, 'com.amt.test.OP.Acquisition_Quotes_OP_OP_Test')
data.setCell(2, 3, 3333);
data.setCell(3, 0, 3)
data.setCell(3, 1, 'aquisition_quotes_OP_OP_customer_quote_part_exchange_value_edit_check_with_maintenance_test')
data.setCell(3, 2, 'com.amt.test.OP.Acquisition_Quotes_OP_OP_Test')
data.setCell(3, 3, 0);
window.suiteTableData['Default_suite']= { tableData: data, tableDiv: 'times-div-Default_suite'}
return data;
}
              </script>
              <span class="suite-total-time">Total running time: 1 minutes</span>
              <div id="times-div-Default_suite">
              </div> <!-- times-div-Default_suite -->
            </div> <!-- times-div -->
          </div> <!-- main-panel-content rounded-window-bottom -->
        </div> <!-- panel -->
        <div panel-name="reporter-Default_suite" class="panel">
          <div class="main-panel-header rounded-window-top">
            <span class="header-content">Reporter output for Default suite</span>
          </div> <!-- main-panel-header rounded-window-top -->
          <div class="main-panel-content rounded-window-bottom">
            <div class="reporter-method-div">
              <span class="reporter-method-name">aquisition_quotes_OP_OP_after_discount_calculations_test(AUDI, A7, 50000, 630, 100, 100, 20000, 20, 0, 22, 22000, 1000, YES, A1 Credit, 100, YES, 2000, 1000,...)</span>
              <div class="reporter-method-output-div">
                <span class="reporter-method-output"><b>*********Calculations for On Road Price has been started***********</b> <br /></span>
                <span class="reporter-method-output"><b>Started getting On screen values from after discount table </b> <br /></span>
                <span class="reporter-method-output"><b>Manufacture_delivery_charges =550.00</b> <br /></span>
                <span class="reporter-method-output"><b>Road_tax_first_year =585.00</b> <br /></span>
                <span class="reporter-method-output"><b>First_registration_fee =55.00</b> <br /></span>
                <span class="reporter-method-output"><b>Rebate =0.00</b> <br /></span>
                <span class="reporter-method-output"><b>Writing After discount values to excel has been started</b> <br /></span>
                <span class="reporter-method-output"><b>Writing After discount values to excel has been completed</b> <br /></span>
                <span class="reporter-method-output"><b>Reading On Road Price for invoice from excel has been Started</b> <br /></span>
                <span class="reporter-method-output"><b>Reading On Road Price for invoice from excel has been completed</b> <br /></span>
                <span class="reporter-method-output"><b>Expected on the road price from excel is =58525.0</b> <br /></span>
                <span class="reporter-method-output"><b>Actual on the road price from screen is =58525.00</b> <br /></span>
              </div> <!-- reporter-method-output-div -->
            </div> <!-- reporter-method-div -->
            <div class="reporter-method-div">
              <span class="reporter-method-name">aquisition_quotes_OP_OP_OTR_calculation_test(AUDI, A7, 50000, 630, 100, 100, 20000, 20, 0, 22, 22000, 1000, YES, A1 Credit, 100, YES, 2000, 1000,...)</span>
              <div class="reporter-method-output-div">
                <span class="reporter-method-output"><b>Clicked on Quote button </b> <br /></span>
                <span class="reporter-method-output"><b>Manufacture =AUDI has been selected</b> <br /></span>
                <span class="reporter-method-output"><b>Model range =A7 has been selected</b> <br /></span>
                <span class="reporter-method-output"><b>Vehicle has been selected</b> <br /></span>
                <span class="reporter-method-output"><b>Paint option has been selected</b> <br /></span>
                <span class="reporter-method-output"><b>Interior option has been selected</b> <br /></span>
                <span class="reporter-method-output"><b> Acquisition Contract type option = Outright Purchase has been selected</b> <br /></span>
                <span class="reporter-method-output"><b> Customer Contract type option = Outright Purchase has been selected</b> <br /></span>
                <span class="reporter-method-output"><b>Getting Basic Price- Vehicle value is  =46854.17</b> <br /></span>
                <span class="reporter-method-output"><b>Getting Basic Price - Paint  value is  =0.00</b> <br /></span>
                <span class="reporter-method-output"><b>Getting  Basic Price - Options value is   =833.33</b> <br /></span>
                <span class="reporter-method-output"><b>Getting Discount- Vehicle value is  =0.00</b> <br /></span>
                <span class="reporter-method-output"><b>Getting   Discount - Paint value is   =0.00</b> <br /></span>
                <span class="reporter-method-output"><b>Getting  Discount- Options value is   =0.00</b> <br /></span>
                <span class="reporter-method-output"><b>Getting Additional Discount- Vehicle value is  =0.00</b> <br /></span>
                <span class="reporter-method-output"><b>Getting  Additional Discount - paint value is  =0.00</b> <br /></span>
                <span class="reporter-method-output"><b>Getting  Additional Discount - Options value is  =0.00</b> <br /></span>
                <span class="reporter-method-output"><b>Writing OTR table values to excel sheet -Started </b> <br /></span>
                <span class="reporter-method-output"><b>Writing OTR table values to excel sheet -Completed </b> <br /></span>
                <span class="reporter-method-output"><b>Reading Subtotal After Discount from excel sheet -Started </b> <br /></span>
                <span class="reporter-method-output"><b>Reading Subtotal After Discount from excel sheet -Started </b> <br /></span>
                <span class="reporter-method-output"><b>Subtotal After Discount from excel sheet is =47687.5</b> <br /></span>
                <span class="reporter-method-output"><b>Subtotal after discount actual value from screen =Â£ 47,687.50</b> <br /></span>
              </div> <!-- reporter-method-output-div -->
            </div> <!-- reporter-method-div -->
            <div class="reporter-method-div">
              <span class="reporter-method-name">aquisition_quotes_OP_OP_customer_quote_vehicle_profit_edit_check_with_maintenance_test(AUDI, A7, 50000, 630, 100, 100, 20000, 20, 0, 22, 22000, 1000, YES, A1 Credit, 100, YES, 2000, 1000,...)</span>
              <div class="reporter-method-output-div">
                <span class="reporter-method-output"><b>***********Entered in Customer Quote page ***********</b> <br /></span>
                <span class="reporter-method-output"><br>----------Screenshot---------<br></span>
                <span class="reporter-method-output"><img src="D:\StagingNew\AMT_Automation\target\surefire-reports\html\failure_screenshots\aquisition_quotes_OP_OP_customer_quote_vehicle_profit_edit_check_with_maintenance_test_30_12_2022_06_51_21.png" height="800" width="1000"></span>
              </div> <!-- reporter-method-output-div -->
            </div> <!-- reporter-method-div -->
          </div> <!-- main-panel-content rounded-window-bottom -->
        </div> <!-- panel -->
        <div panel-name="ignored-methods-Default_suite" class="panel">
          <div class="main-panel-header rounded-window-top">
            <span class="header-content">0 ignored methods</span>
          </div> <!-- main-panel-header rounded-window-top -->
          <div class="main-panel-content rounded-window-bottom">
          </div> <!-- main-panel-content rounded-window-bottom -->
        </div> <!-- panel -->
        <div panel-name="chronological-Default_suite" class="panel">
          <div class="main-panel-header rounded-window-top">
            <span class="header-content">Methods in chronological order</span>
          </div> <!-- main-panel-header rounded-window-top -->
          <div class="main-panel-content rounded-window-bottom">
            <div class="chronological-class">
              <div class="chronological-class-name">com.amt.test.OP.Acquisition_Quotes_OP_OP_Test</div> <!-- chronological-class-name -->
              <div class="configuration-class before">
                <span class="method-name">setup</span>
                <span class="method-start">0 ms</span>
              </div> <!-- configuration-class before -->
              <div class="test-method">
                <span class="method-name">aquisition_quotes_OP_OP_OTR_calculation_test(AUDI, A7, 50000, 630, 100, 100, 20000, 20, 0, 22, 22000, 1000, YES, A1 Credit, 100, YES, 2000, 1000,...)</span>
                <span class="method-start">11277 ms</span>
              </div> <!-- test-method -->
              <div class="test-method">
                <span class="method-name">aquisition_quotes_OP_OP_after_discount_calculations_test(AUDI, A7, 50000, 630, 100, 100, 20000, 20, 0, 22, 22000, 1000, YES, A1 Credit, 100, YES, 2000, 1000,...)</span>
                <span class="method-start">69827 ms</span>
              </div> <!-- test-method -->
              <div class="test-method">
                <img src="failed.png">
                </img>
                <span class="method-name">aquisition_quotes_OP_OP_customer_quote_vehicle_profit_edit_check_with_maintenance_test(AUDI, A7, 50000, 630, 100, 100, 20000, 20, 0, 22, 22000, 1000, YES, A1 Credit, 100, YES, 2000, 1000,...)</span>
                <span class="method-start">73373 ms</span>
              </div> <!-- test-method -->
              <div class="test-method">
                <span class="method-name">aquisition_quotes_OP_OP_customer_quote_part_exchange_value_edit_check_with_maintenance_test</span>
                <span class="method-start">110243 ms</span>
              </div> <!-- test-method -->
          </div> <!-- main-panel-content rounded-window-bottom -->
        </div> <!-- panel -->
      </div> <!-- main-panel-root -->
    </div> <!-- wrapper -->
  </body>
<script type="text/javascript" src="testng-reports2.js"></script>
</html>
