<?xml version="1.0" encoding="UTF-8"?>
<testng-results ignored="0" total="5" passed="5" failed="0" skipped="0">
  <reporter-output>
    <line>
      <![CDATA[<b>Clicked on Quote button </b> <br />]]>
    </line>
    <line>
      <![CDATA[<b>Manufacture =AUDI has been selected</b> <br />]]>
    </line>
    <line>
      <![CDATA[<b>Model range =A7 has been selected</b> <br />]]>
    </line>
    <line>
      <![CDATA[<b>Vehicle has been selected</b> <br />]]>
    </line>
    <line>
      <![CDATA[<b>Paint option has been selected</b> <br />]]>
    </line>
    <line>
      <![CDATA[<b>Interior option has been selected</b> <br />]]>
    </line>
    <line>
      <![CDATA[<b> Acquisition Contract type option = Outright has been selected</b> <br />]]>
    </line>
    <line>
      <![CDATA[<b> Customer Contract type option = Business Contract Hire(BCH) has been selected</b> <br />]]>
    </line>
    <line>
      <![CDATA[<b>Getting Basic Price- Vehicle value is  =46854.17</b> <br />]]>
    </line>
    <line>
      <![CDATA[<b>Getting Basic Price - Paint  value is  =0.00</b> <br />]]>
    </line>
    <line>
      <![CDATA[<b>Getting  Basic Price - Options value is   =833.33</b> <br />]]>
    </line>
    <line>
      <![CDATA[<b>Getting Discount- Vehicle value is  =15.00</b> <br />]]>
    </line>
    <line>
      <![CDATA[<b>Getting   Discount - Paint value is   =0.00</b> <br />]]>
    </line>
    <line>
      <![CDATA[<b>Getting  Discount- Options value is   =9.00</b> <br />]]>
    </line>
    <line>
      <![CDATA[<b>Getting Additional Discount- Vehicle value is  =52.00</b> <br />]]>
    </line>
    <line>
      <![CDATA[<b>Getting  Additional Discount - paint value is  =0.00</b> <br />]]>
    </line>
    <line>
      <![CDATA[<b>Getting  Additional Discount - Options value is  =15.00</b> <br />]]>
    </line>
    <line>
      <![CDATA[<b>Writing OTR table values to excel sheet -Started </b> <br />]]>
    </line>
    <line>
      <![CDATA[<b>Writing OTR table values to excel sheet -Completed </b> <br />]]>
    </line>
    <line>
      <![CDATA[<b>Reading Subtotal After Discount from excel sheet -Started </b> <br />]]>
    </line>
    <line>
      <![CDATA[<b>Reading Subtotal After Discount from excel sheet -Started </b> <br />]]>
    </line>
    <line>
      <![CDATA[<b>Subtotal After Discount from excel sheet is =40517.3748</b> <br />]]>
    </line>
    <line>
      <![CDATA[<b>Subtotal after discount actual value from screen =£ 40,517.38</b> <br />]]>
    </line>
    <line>
      <![CDATA[<b>*********Calculations for On Road Price has been started***********</b> <br />]]>
    </line>
    <line>
      <![CDATA[<b>Started getting On screen values from after discount table </b> <br />]]>
    </line>
    <line>
      <![CDATA[<b>Manufacture_delivery_charges =50.00</b> <br />]]>
    </line>
    <line>
      <![CDATA[<b>Road_tax_first_year =585.00</b> <br />]]>
    </line>
    <line>
      <![CDATA[<b>First_registration_fee =55.00</b> <br />]]>
    </line>
    <line>
      <![CDATA[<b>Rebate =120.00</b> <br />]]>
    </line>
    <line>
      <![CDATA[<b>Writing After discount values to excel has been started</b> <br />]]>
    </line>
    <line>
      <![CDATA[<b>Writing After discount values to excel has been completed</b> <br />]]>
    </line>
    <line>
      <![CDATA[<b>Reading On Road Price for invoice from excel has been Started</b> <br />]]>
    </line>
    <line>
      <![CDATA[<b>Reading On Road Price for invoice from excel has been completed</b> <br />]]>
    </line>
    <line>
      <![CDATA[<b>Expected on the road price from excel is =49320.85</b> <br />]]>
    </line>
    <line>
      <![CDATA[<b>Actual on the road price from screen is =49320.86</b> <br />]]>
    </line>
    <line>
      <![CDATA[<b>***********Entered in holding cost page ***********</b> <br />]]>
    </line>
    <line>
      <![CDATA[<b>Clicked on holding cost summary</b> <br />]]>
    </line>
    <line>
      <![CDATA[<b>***********Holding Cost Calculations has been Started*************</b> <br />]]>
    </line>
    <line>
      <![CDATA[<b>Getting on screen values from Holding Cost Page</b> <br />]]>
    </line>
    <line>
      <![CDATA[<b>Duration(Terms) =36.0</b> <br />]]>
    </line>
    <line>
      <![CDATA[<b>Annual_mileage =10000.0</b> <br />]]>
    </line>
    <line>
      <![CDATA[<b>Cap_residual_value =27500.0</b> <br />]]>
    </line>
    <line>
      <![CDATA[<b>Writing Holding Cost Summary values to excel has been started</b> <br />]]>
    </line>
    <line>
      <![CDATA[<b>Writing Holding Cost Summary values to excel has been completed</b> <br />]]>
    </line>
    <line>
      <![CDATA[<b>Reading Monthly Holding Cost value from excel has been started</b> <br />]]>
    </line>
    <line>
      <![CDATA[<b>Reading Monthly Holding Cost value from excel has been completed</b> <br />]]>
    </line>
    <line>
      <![CDATA[<b>Total_monthly_holding_cost_from_screen =684.16</b> <br />]]>
    </line>
    <line>
      <![CDATA[<b>Total_monthly_holding_cost_from_excel =684.1612948978569</b> <br />]]>
    </line>
    <line>
      <![CDATA[<b>Clicked on Customer Quote Page</b> <br />]]>
    </line>
    <line>
      <![CDATA[<b>Matrix credit type A1 Credit has been selected</b> <br />]]>
    </line>
    <line>
      <![CDATA[<b>Writing configuration values from property file to Excel for customer quote calculation -started</b> <br />]]>
    </line>
    <line>
      <![CDATA[<b>Writing configuration values from property file to Excel for customer quote calculation -completed</b> <br />]]>
    </line>
    <line>
      <![CDATA[<b> Actual Monthly Maintenance Rental from screen is 914.52</b> <br />]]>
    </line>
    <line>
      <![CDATA[<b>Writing screen values to Excel for customer quote calculation -started</b> <br />]]>
    </line>
    <line>
      <![CDATA[<b>Writing screen values to Excel for customer quote calculation -completed</b> <br />]]>
    </line>
    <line>
      <![CDATA[<b>Expected Monthly Maintenance Rental from excel is 914.5242971765457</b> <br />]]>
    </line>
  </reporter-output>
  <suite started-at="2022-11-15T18:59:21 IST" name="Default suite" finished-at="2022-11-15T19:01:18 IST" duration-ms="116542">
    <groups>
    </groups>
    <test started-at="2022-11-15T18:59:21 IST" name="Default test" finished-at="2022-11-15T19:01:18 IST" duration-ms="116542">
      <class name="com.amt.test.Acquisition_Quotes_Outright_HPNR_without_maintenance_Test">
        <test-method is-config="true" signature="setup()[pri:0, instance:com.amt.test.Acquisition_Quotes_Outright_HPNR_without_maintenance_Test@121314f7]" started-at="2022-11-15T18:59:21 IST" name="setup" finished-at="2022-11-15T18:59:33 IST" duration-ms="12365" status="PASS">
          <reporter-output>
          </reporter-output>
        </test-method> <!-- setup -->
        <test-method signature="aquisition_quotes_outright_HPNR_OTR_calculation_without_maintenance_test(java.lang.String,java.lang.String,java.lang.String,java.lang.String,java.lang.String,java.lang.String,java.lang.String,java.lang.String,java.lang.String,java.lang.String,java.lang.String,java.lang.String,java.lang.String,java.lang.String,java.lang.String,java.lang.String,java.lang.String,java.lang.String,java.lang.String,java.lang.String)[pri:1, instance:com.amt.test.Acquisition_Quotes_Outright_HPNR_without_maintenance_Test@121314f7]" started-at="2022-11-15T18:59:36 IST" name="aquisition_quotes_outright_HPNR_OTR_calculation_without_maintenance_test" data-provider="testData" finished-at="2022-11-15T19:00:47 IST" duration-ms="71776" status="PASS">
          <params>
            <param index="0">
              <value>
                <![CDATA[AUDI]]>
              </value>
            </param>
            <param index="1">
              <value>
                <![CDATA[A7]]>
              </value>
            </param>
            <param index="2">
              <value>
                <![CDATA[50000]]>
              </value>
            </param>
            <param index="3">
              <value>
                <![CDATA[630]]>
              </value>
            </param>
            <param index="4">
              <value>
                <![CDATA[30]]>
              </value>
            </param>
            <param index="5">
              <value>
                <![CDATA[20000]]>
              </value>
            </param>
            <param index="6">
              <value>
                <![CDATA[22]]>
              </value>
            </param>
            <param index="7">
              <value>
                <![CDATA[22000]]>
              </value>
            </param>
            <param index="8">
              <value>
                <![CDATA[1000]]>
              </value>
            </param>
            <param index="9">
              <value>
                <![CDATA[NO]]>
              </value>
            </param>
            <param index="10">
              <value>
                <![CDATA[A1 Credit]]>
              </value>
            </param>
            <param index="11">
              <value>
                <![CDATA[100]]>
              </value>
            </param>
            <param index="12">
              <value>
                <![CDATA[YES]]>
              </value>
            </param>
            <param index="13">
              <value>
                <![CDATA[2000]]>
              </value>
            </param>
            <param index="14">
              <value>
                <![CDATA[1000]]>
              </value>
            </param>
            <param index="15">
              <value>
                <![CDATA[0]]>
              </value>
            </param>
            <param index="16">
              <value>
                <![CDATA[0]]>
              </value>
            </param>
            <param index="17">
              <value>
                <![CDATA[0]]>
              </value>
            </param>
            <param index="18">
              <value>
                <![CDATA[199.99]]>
              </value>
            </param>
            <param index="19">
              <value>
                <![CDATA[HP(N) - HP(N),HP,CP,PCP]]>
              </value>
            </param>
          </params>
          <reporter-output>
            <line>
              <![CDATA[<b>Clicked on Quote button </b> <br />]]>
            </line>
            <line>
              <![CDATA[<b>Manufacture =AUDI has been selected</b> <br />]]>
            </line>
            <line>
              <![CDATA[<b>Model range =A7 has been selected</b> <br />]]>
            </line>
            <line>
              <![CDATA[<b>Vehicle has been selected</b> <br />]]>
            </line>
            <line>
              <![CDATA[<b>Paint option has been selected</b> <br />]]>
            </line>
            <line>
              <![CDATA[<b>Interior option has been selected</b> <br />]]>
            </line>
            <line>
              <![CDATA[<b> Acquisition Contract type option = Outright has been selected</b> <br />]]>
            </line>
            <line>
              <![CDATA[<b> Customer Contract type option = Business Contract Hire(BCH) has been selected</b> <br />]]>
            </line>
            <line>
              <![CDATA[<b>Getting Basic Price- Vehicle value is  =46854.17</b> <br />]]>
            </line>
            <line>
              <![CDATA[<b>Getting Basic Price - Paint  value is  =0.00</b> <br />]]>
            </line>
            <line>
              <![CDATA[<b>Getting  Basic Price - Options value is   =833.33</b> <br />]]>
            </line>
            <line>
              <![CDATA[<b>Getting Discount- Vehicle value is  =15.00</b> <br />]]>
            </line>
            <line>
              <![CDATA[<b>Getting   Discount - Paint value is   =0.00</b> <br />]]>
            </line>
            <line>
              <![CDATA[<b>Getting  Discount- Options value is   =9.00</b> <br />]]>
            </line>
            <line>
              <![CDATA[<b>Getting Additional Discount- Vehicle value is  =52.00</b> <br />]]>
            </line>
            <line>
              <![CDATA[<b>Getting  Additional Discount - paint value is  =0.00</b> <br />]]>
            </line>
            <line>
              <![CDATA[<b>Getting  Additional Discount - Options value is  =15.00</b> <br />]]>
            </line>
            <line>
              <![CDATA[<b>Writing OTR table values to excel sheet -Started </b> <br />]]>
            </line>
            <line>
              <![CDATA[<b>Writing OTR table values to excel sheet -Completed </b> <br />]]>
            </line>
            <line>
              <![CDATA[<b>Reading Subtotal After Discount from excel sheet -Started </b> <br />]]>
            </line>
            <line>
              <![CDATA[<b>Reading Subtotal After Discount from excel sheet -Started </b> <br />]]>
            </line>
            <line>
              <![CDATA[<b>Subtotal After Discount from excel sheet is =40517.3748</b> <br />]]>
            </line>
            <line>
              <![CDATA[<b>Subtotal after discount actual value from screen =£ 40,517.38</b> <br />]]>
            </line>
          </reporter-output>
        </test-method> <!-- aquisition_quotes_outright_HPNR_OTR_calculation_without_maintenance_test -->
        <test-method signature="aquisition_quotes_outright_HPNR_after_discount_calculations_without_maintenance_test(java.lang.String,java.lang.String,java.lang.String,java.lang.String,java.lang.String,java.lang.String,java.lang.String,java.lang.String,java.lang.String,java.lang.String,java.lang.String,java.lang.String,java.lang.String,java.lang.String,java.lang.String,java.lang.String,java.lang.String,java.lang.String,java.lang.String,java.lang.String)[pri:2, instance:com.amt.test.Acquisition_Quotes_Outright_HPNR_without_maintenance_Test@121314f7]" started-at="2022-11-15T19:00:47 IST" name="aquisition_quotes_outright_HPNR_after_discount_calculations_without_maintenance_test" data-provider="testData" finished-at="2022-11-15T19:00:49 IST" depends-on-methods="com.amt.test.Acquisition_Quotes_Outright_HPNR_without_maintenance_Test.aquisition_quotes_outright_HPNR_OTR_calculation_without_maintenance_test" duration-ms="1173" status="PASS">
          <params>
            <param index="0">
              <value>
                <![CDATA[AUDI]]>
              </value>
            </param>
            <param index="1">
              <value>
                <![CDATA[A7]]>
              </value>
            </param>
            <param index="2">
              <value>
                <![CDATA[50000]]>
              </value>
            </param>
            <param index="3">
              <value>
                <![CDATA[630]]>
              </value>
            </param>
            <param index="4">
              <value>
                <![CDATA[30]]>
              </value>
            </param>
            <param index="5">
              <value>
                <![CDATA[20000]]>
              </value>
            </param>
            <param index="6">
              <value>
                <![CDATA[22]]>
              </value>
            </param>
            <param index="7">
              <value>
                <![CDATA[22000]]>
              </value>
            </param>
            <param index="8">
              <value>
                <![CDATA[1000]]>
              </value>
            </param>
            <param index="9">
              <value>
                <![CDATA[NO]]>
              </value>
            </param>
            <param index="10">
              <value>
                <![CDATA[A1 Credit]]>
              </value>
            </param>
            <param index="11">
              <value>
                <![CDATA[100]]>
              </value>
            </param>
            <param index="12">
              <value>
                <![CDATA[YES]]>
              </value>
            </param>
            <param index="13">
              <value>
                <![CDATA[2000]]>
              </value>
            </param>
            <param index="14">
              <value>
                <![CDATA[1000]]>
              </value>
            </param>
            <param index="15">
              <value>
                <![CDATA[0]]>
              </value>
            </param>
            <param index="16">
              <value>
                <![CDATA[0]]>
              </value>
            </param>
            <param index="17">
              <value>
                <![CDATA[0]]>
              </value>
            </param>
            <param index="18">
              <value>
                <![CDATA[199.99]]>
              </value>
            </param>
            <param index="19">
              <value>
                <![CDATA[HP(N) - HP(N),HP,CP,PCP]]>
              </value>
            </param>
          </params>
          <reporter-output>
            <line>
              <![CDATA[<b>*********Calculations for On Road Price has been started***********</b> <br />]]>
            </line>
            <line>
              <![CDATA[<b>Started getting On screen values from after discount table </b> <br />]]>
            </line>
            <line>
              <![CDATA[<b>Manufacture_delivery_charges =50.00</b> <br />]]>
            </line>
            <line>
              <![CDATA[<b>Road_tax_first_year =585.00</b> <br />]]>
            </line>
            <line>
              <![CDATA[<b>First_registration_fee =55.00</b> <br />]]>
            </line>
            <line>
              <![CDATA[<b>Rebate =120.00</b> <br />]]>
            </line>
            <line>
              <![CDATA[<b>Writing After discount values to excel has been started</b> <br />]]>
            </line>
            <line>
              <![CDATA[<b>Writing After discount values to excel has been completed</b> <br />]]>
            </line>
            <line>
              <![CDATA[<b>Reading On Road Price for invoice from excel has been Started</b> <br />]]>
            </line>
            <line>
              <![CDATA[<b>Reading On Road Price for invoice from excel has been completed</b> <br />]]>
            </line>
            <line>
              <![CDATA[<b>Expected on the road price from excel is =49320.85</b> <br />]]>
            </line>
            <line>
              <![CDATA[<b>Actual on the road price from screen is =49320.86</b> <br />]]>
            </line>
          </reporter-output>
        </test-method> <!-- aquisition_quotes_outright_HPNR_after_discount_calculations_without_maintenance_test -->
        <test-method signature="aquisition_quotes_outright_HPNR_holding_cost_calculations_without_maintenance_test(java.lang.String,java.lang.String,java.lang.String,java.lang.String,java.lang.String,java.lang.String,java.lang.String,java.lang.String,java.lang.String,java.lang.String,java.lang.String,java.lang.String,java.lang.String,java.lang.String,java.lang.String,java.lang.String,java.lang.String,java.lang.String,java.lang.String,java.lang.String)[pri:3, instance:com.amt.test.Acquisition_Quotes_Outright_HPNR_without_maintenance_Test@121314f7]" started-at="2022-11-15T19:00:49 IST" name="aquisition_quotes_outright_HPNR_holding_cost_calculations_without_maintenance_test" data-provider="testData" finished-at="2022-11-15T19:00:55 IST" depends-on-methods="com.amt.test.Acquisition_Quotes_Outright_HPNR_without_maintenance_Test.aquisition_quotes_outright_HPNR_after_discount_calculations_without_maintenance_test" duration-ms="6106" status="PASS">
          <params>
            <param index="0">
              <value>
                <![CDATA[AUDI]]>
              </value>
            </param>
            <param index="1">
              <value>
                <![CDATA[A7]]>
              </value>
            </param>
            <param index="2">
              <value>
                <![CDATA[50000]]>
              </value>
            </param>
            <param index="3">
              <value>
                <![CDATA[630]]>
              </value>
            </param>
            <param index="4">
              <value>
                <![CDATA[30]]>
              </value>
            </param>
            <param index="5">
              <value>
                <![CDATA[20000]]>
              </value>
            </param>
            <param index="6">
              <value>
                <![CDATA[22]]>
              </value>
            </param>
            <param index="7">
              <value>
                <![CDATA[22000]]>
              </value>
            </param>
            <param index="8">
              <value>
                <![CDATA[1000]]>
              </value>
            </param>
            <param index="9">
              <value>
                <![CDATA[NO]]>
              </value>
            </param>
            <param index="10">
              <value>
                <![CDATA[A1 Credit]]>
              </value>
            </param>
            <param index="11">
              <value>
                <![CDATA[100]]>
              </value>
            </param>
            <param index="12">
              <value>
                <![CDATA[YES]]>
              </value>
            </param>
            <param index="13">
              <value>
                <![CDATA[2000]]>
              </value>
            </param>
            <param index="14">
              <value>
                <![CDATA[1000]]>
              </value>
            </param>
            <param index="15">
              <value>
                <![CDATA[0]]>
              </value>
            </param>
            <param index="16">
              <value>
                <![CDATA[0]]>
              </value>
            </param>
            <param index="17">
              <value>
                <![CDATA[0]]>
              </value>
            </param>
            <param index="18">
              <value>
                <![CDATA[199.99]]>
              </value>
            </param>
            <param index="19">
              <value>
                <![CDATA[HP(N) - HP(N),HP,CP,PCP]]>
              </value>
            </param>
          </params>
          <reporter-output>
            <line>
              <![CDATA[<b>***********Entered in holding cost page ***********</b> <br />]]>
            </line>
            <line>
              <![CDATA[<b>Clicked on holding cost summary</b> <br />]]>
            </line>
            <line>
              <![CDATA[<b>***********Holding Cost Calculations has been Started*************</b> <br />]]>
            </line>
            <line>
              <![CDATA[<b>Getting on screen values from Holding Cost Page</b> <br />]]>
            </line>
            <line>
              <![CDATA[<b>Duration(Terms) =36.0</b> <br />]]>
            </line>
            <line>
              <![CDATA[<b>Annual_mileage =10000.0</b> <br />]]>
            </line>
            <line>
              <![CDATA[<b>Cap_residual_value =27500.0</b> <br />]]>
            </line>
            <line>
              <![CDATA[<b>Writing Holding Cost Summary values to excel has been started</b> <br />]]>
            </line>
            <line>
              <![CDATA[<b>Writing Holding Cost Summary values to excel has been completed</b> <br />]]>
            </line>
            <line>
              <![CDATA[<b>Reading Monthly Holding Cost value from excel has been started</b> <br />]]>
            </line>
            <line>
              <![CDATA[<b>Reading Monthly Holding Cost value from excel has been completed</b> <br />]]>
            </line>
            <line>
              <![CDATA[<b>Total_monthly_holding_cost_from_screen =684.16</b> <br />]]>
            </line>
            <line>
              <![CDATA[<b>Total_monthly_holding_cost_from_excel =684.1612948978569</b> <br />]]>
            </line>
          </reporter-output>
        </test-method> <!-- aquisition_quotes_outright_HPNR_holding_cost_calculations_without_maintenance_test -->
        <test-method signature="aquisition_quotes_outright_HPNR_customer_quote_calculations_check_monthly_finance_payment_without_maintenance_test(java.lang.String,java.lang.String,java.lang.String,java.lang.String,java.lang.String,java.lang.String,java.lang.String,java.lang.String,java.lang.String,java.lang.String,java.lang.String,java.lang.String,java.lang.String,java.lang.String,java.lang.String,java.lang.String,java.lang.String,java.lang.String,java.lang.String,java.lang.String)[pri:4, instance:com.amt.test.Acquisition_Quotes_Outright_HPNR_without_maintenance_Test@121314f7]" started-at="2022-11-15T19:00:55 IST" name="aquisition_quotes_outright_HPNR_customer_quote_calculations_check_monthly_finance_payment_without_maintenance_test" data-provider="testData" finished-at="2022-11-15T19:01:14 IST" depends-on-methods="com.amt.test.Acquisition_Quotes_Outright_HPNR_without_maintenance_Test.aquisition_quotes_outright_HPNR_holding_cost_calculations_without_maintenance_test" duration-ms="19426" status="PASS">
          <params>
            <param index="0">
              <value>
                <![CDATA[AUDI]]>
              </value>
            </param>
            <param index="1">
              <value>
                <![CDATA[A7]]>
              </value>
            </param>
            <param index="2">
              <value>
                <![CDATA[50000]]>
              </value>
            </param>
            <param index="3">
              <value>
                <![CDATA[630]]>
              </value>
            </param>
            <param index="4">
              <value>
                <![CDATA[30]]>
              </value>
            </param>
            <param index="5">
              <value>
                <![CDATA[20000]]>
              </value>
            </param>
            <param index="6">
              <value>
                <![CDATA[22]]>
              </value>
            </param>
            <param index="7">
              <value>
                <![CDATA[22000]]>
              </value>
            </param>
            <param index="8">
              <value>
                <![CDATA[1000]]>
              </value>
            </param>
            <param index="9">
              <value>
                <![CDATA[NO]]>
              </value>
            </param>
            <param index="10">
              <value>
                <![CDATA[A1 Credit]]>
              </value>
            </param>
            <param index="11">
              <value>
                <![CDATA[100]]>
              </value>
            </param>
            <param index="12">
              <value>
                <![CDATA[YES]]>
              </value>
            </param>
            <param index="13">
              <value>
                <![CDATA[2000]]>
              </value>
            </param>
            <param index="14">
              <value>
                <![CDATA[1000]]>
              </value>
            </param>
            <param index="15">
              <value>
                <![CDATA[0]]>
              </value>
            </param>
            <param index="16">
              <value>
                <![CDATA[0]]>
              </value>
            </param>
            <param index="17">
              <value>
                <![CDATA[0]]>
              </value>
            </param>
            <param index="18">
              <value>
                <![CDATA[199.99]]>
              </value>
            </param>
            <param index="19">
              <value>
                <![CDATA[HP(N) - HP(N),HP,CP,PCP]]>
              </value>
            </param>
          </params>
          <reporter-output>
            <line>
              <![CDATA[<b>Clicked on Customer Quote Page</b> <br />]]>
            </line>
            <line>
              <![CDATA[<b>Matrix credit type A1 Credit has been selected</b> <br />]]>
            </line>
            <line>
              <![CDATA[<b>Writing configuration values from property file to Excel for customer quote calculation -started</b> <br />]]>
            </line>
            <line>
              <![CDATA[<b>Writing configuration values from property file to Excel for customer quote calculation -completed</b> <br />]]>
            </line>
            <line>
              <![CDATA[<b> Actual Monthly Maintenance Rental from screen is 914.52</b> <br />]]>
            </line>
            <line>
              <![CDATA[<b>Writing screen values to Excel for customer quote calculation -started</b> <br />]]>
            </line>
            <line>
              <![CDATA[<b>Writing screen values to Excel for customer quote calculation -completed</b> <br />]]>
            </line>
            <line>
              <![CDATA[<b>Expected Monthly Maintenance Rental from excel is 914.5242971765457</b> <br />]]>
            </line>
          </reporter-output>
        </test-method> <!-- aquisition_quotes_outright_HPNR_customer_quote_calculations_check_monthly_finance_payment_without_maintenance_test -->
        <test-method signature="aquisition_quotes_outright_HPNR_customer_quote_vehicle_profit_edit_check_without_maintenance_test(java.lang.String,java.lang.String,java.lang.String,java.lang.String,java.lang.String,java.lang.String,java.lang.String,java.lang.String,java.lang.String,java.lang.String,java.lang.String,java.lang.String,java.lang.String,java.lang.String,java.lang.String,java.lang.String,java.lang.String,java.lang.String,java.lang.String,java.lang.String)[pri:5, instance:com.amt.test.Acquisition_Quotes_Outright_HPNR_without_maintenance_Test@121314f7]" started-at="2022-11-15T19:01:14 IST" name="aquisition_quotes_outright_HPNR_customer_quote_vehicle_profit_edit_check_without_maintenance_test" data-provider="testData" finished-at="2022-11-15T19:01:18 IST" depends-on-methods="com.amt.test.Acquisition_Quotes_Outright_HPNR_without_maintenance_Test.aquisition_quotes_outright_HPNR_customer_quote_calculations_check_monthly_finance_payment_without_maintenance_test" duration-ms="3352" status="PASS">
          <params>
            <param index="0">
              <value>
                <![CDATA[AUDI]]>
              </value>
            </param>
            <param index="1">
              <value>
                <![CDATA[A7]]>
              </value>
            </param>
            <param index="2">
              <value>
                <![CDATA[50000]]>
              </value>
            </param>
            <param index="3">
              <value>
                <![CDATA[630]]>
              </value>
            </param>
            <param index="4">
              <value>
                <![CDATA[30]]>
              </value>
            </param>
            <param index="5">
              <value>
                <![CDATA[20000]]>
              </value>
            </param>
            <param index="6">
              <value>
                <![CDATA[22]]>
              </value>
            </param>
            <param index="7">
              <value>
                <![CDATA[22000]]>
              </value>
            </param>
            <param index="8">
              <value>
                <![CDATA[1000]]>
              </value>
            </param>
            <param index="9">
              <value>
                <![CDATA[NO]]>
              </value>
            </param>
            <param index="10">
              <value>
                <![CDATA[A1 Credit]]>
              </value>
            </param>
            <param index="11">
              <value>
                <![CDATA[100]]>
              </value>
            </param>
            <param index="12">
              <value>
                <![CDATA[YES]]>
              </value>
            </param>
            <param index="13">
              <value>
                <![CDATA[2000]]>
              </value>
            </param>
            <param index="14">
              <value>
                <![CDATA[1000]]>
              </value>
            </param>
            <param index="15">
              <value>
                <![CDATA[0]]>
              </value>
            </param>
            <param index="16">
              <value>
                <![CDATA[0]]>
              </value>
            </param>
            <param index="17">
              <value>
                <![CDATA[0]]>
              </value>
            </param>
            <param index="18">
              <value>
                <![CDATA[199.99]]>
              </value>
            </param>
            <param index="19">
              <value>
                <![CDATA[HP(N) - HP(N),HP,CP,PCP]]>
              </value>
            </param>
          </params>
          <reporter-output>
          </reporter-output>
        </test-method> <!-- aquisition_quotes_outright_HPNR_customer_quote_vehicle_profit_edit_check_without_maintenance_test -->
      </class> <!-- com.amt.test.Acquisition_Quotes_Outright_HPNR_without_maintenance_Test -->
    </test> <!-- Default test -->
  </suite> <!-- Default suite -->
</testng-results>
