<?xml version="1.0" encoding="UTF-8"?>
<testng-results ignored="0" total="5" passed="5" failed="0" skipped="0">
  <reporter-output>
    <line>
      <![CDATA[<b>Clicked on Quote button </b> <br />]]>
    </line>
    <line>
      <![CDATA[<b>Manufacture =AUDI has been selected</b> <br />]]>
    </line>
    <line>
      <![CDATA[<b>Model range =A7 has been selected</b> <br />]]>
    </line>
    <line>
      <![CDATA[<b>Vehicle has been selected</b> <br />]]>
    </line>
    <line>
      <![CDATA[<b>Paint option has been selected</b> <br />]]>
    </line>
    <line>
      <![CDATA[<b>Interior option has been selected</b> <br />]]>
    </line>
    <line>
      <![CDATA[<b> Acquisition Contract type option = Finance Lease has been selected</b> <br />]]>
    </line>
    <line>
      <![CDATA[<b> Customer Contract type option = Finance Lease(FL) has been selected</b> <br />]]>
    </line>
    <line>
      <![CDATA[<b>Getting Basic Price- Vehicle value is  =46854.17</b> <br />]]>
    </line>
    <line>
      <![CDATA[<b>Getting Basic Price - Paint  value is  =0.00</b> <br />]]>
    </line>
    <line>
      <![CDATA[<b>Getting  Basic Price - Options value is   =833.33</b> <br />]]>
    </line>
    <line>
      <![CDATA[<b>Getting Discount- Vehicle value is  =0.00</b> <br />]]>
    </line>
    <line>
      <![CDATA[<b>Getting   Discount - Paint value is   =0.00</b> <br />]]>
    </line>
    <line>
      <![CDATA[<b>Getting  Discount- Options value is   =0.00</b> <br />]]>
    </line>
    <line>
      <![CDATA[<b>Getting Additional Discount- Vehicle value is  =0.00</b> <br />]]>
    </line>
    <line>
      <![CDATA[<b>Getting  Additional Discount - paint value is  =0.00</b> <br />]]>
    </line>
    <line>
      <![CDATA[<b>Getting  Additional Discount - Options value is  =0.00</b> <br />]]>
    </line>
    <line>
      <![CDATA[<b>Writing OTR table values to excel sheet -Started </b> <br />]]>
    </line>
    <line>
      <![CDATA[<b>Writing OTR table values to excel sheet -Completed </b> <br />]]>
    </line>
    <line>
      <![CDATA[<b>Reading Subtotal After Discount from excel sheet -Started </b> <br />]]>
    </line>
    <line>
      <![CDATA[<b>Reading Subtotal After Discount from excel sheet -Started </b> <br />]]>
    </line>
    <line>
      <![CDATA[<b>Subtotal After Discount from excel sheet is =47687.5</b> <br />]]>
    </line>
    <line>
      <![CDATA[<b>Subtotal after discount actual value from screen =£ 47,687.50</b> <br />]]>
    </line>
    <line>
      <![CDATA[<b>*********Calculations for On Road Price has been started***********</b> <br />]]>
    </line>
    <line>
      <![CDATA[<b>Started getting On screen values from after discount table </b> <br />]]>
    </line>
    <line>
      <![CDATA[<b>Manufacture_delivery_charges =550.00</b> <br />]]>
    </line>
    <line>
      <![CDATA[<b>Road_tax_first_year =585.00</b> <br />]]>
    </line>
    <line>
      <![CDATA[<b>First_registration_fee =55.00</b> <br />]]>
    </line>
    <line>
      <![CDATA[<b>Rebate =0.00</b> <br />]]>
    </line>
    <line>
      <![CDATA[<b>Writing After discount values to excel has been started</b> <br />]]>
    </line>
    <line>
      <![CDATA[<b>Writing After discount values to excel has been completed</b> <br />]]>
    </line>
    <line>
      <![CDATA[<b>Reading On Road Price for invoice from excel has been Started</b> <br />]]>
    </line>
    <line>
      <![CDATA[<b>Reading On Road Price for invoice from excel has been completed</b> <br />]]>
    </line>
    <line>
      <![CDATA[<b>Expected on the road price from excel is =58525.0</b> <br />]]>
    </line>
    <line>
      <![CDATA[<b>Actual on the road price from screen is =58525.00</b> <br />]]>
    </line>
    <line>
      <![CDATA[<b>***********Entered in holding cost page ***********</b> <br />]]>
    </line>
    <line>
      <![CDATA[<b>***********Holding Cost Calculations has been Started*************</b> <br />]]>
    </line>
    <line>
      <![CDATA[<b>Writing Holding Cost Summary values to excel has been completed</b> <br />]]>
    </line>
    <line>
      <![CDATA[<b>Reading Monthly Holding Cost value from excel</b> <br />]]>
    </line>
    <line>
      <![CDATA[<b>Total_monthly_holding_cost_from_screen =501.00</b> <br />]]>
    </line>
    <line>
      <![CDATA[<b>Total_monthly_holding_cost_from_excel =500.8333333333333</b> <br />]]>
    </line>
    <line>
      <![CDATA[<b>Writing configuration values from property file to Excel for customer quote calculation -started</b> <br />]]>
    </line>
    <line>
      <![CDATA[<b>Writing configuration values from property file to Excel for customer quote calculation -completed</b> <br />]]>
    </line>
    <line>
      <![CDATA[<b>************Calculations for Customer Quote Page has been started***********</b> <br />]]>
    </line>
    <line>
      <![CDATA[<b>Payment Profile Monthly in Advance option has been selected</b> <br />]]>
    </line>
    <line>
      <![CDATA[<b>Clicked on Part Exchange panel</b> <br />]]>
    </line>
    <line>
      <![CDATA[<b>Writing values to Excel for customer quote calculation -started</b> <br />]]>
    </line>
    <line>
      <![CDATA[<b>Writing values to Excel for customer quote calculation -completed</b> <br />]]>
    </line>
    <line>
      <![CDATA[<b>Reading  Monthly Finance Rental from  Excel   -started</b> <br />]]>
    </line>
    <line>
      <![CDATA[<b>Reading  Monthly Finance Rental from  Excel   -completed</b> <br />]]>
    </line>
    <line>
      <![CDATA[<b>Monthly Finance Rental from Excel is =901.0647774640333</b> <br />]]>
    </line>
    <line>
      <![CDATA[<b>Started verifying Balance Due value</b> <br />]]>
    </line>
    <line>
      <![CDATA[<b>Balance due value (when part exchange toggle is OFF) is verified and found ok</b> <br />]]>
    </line>
    <line>
      <![CDATA[<b>Balance due value (when part exchange toggle is ON) is verified and found ok</b> <br />]]>
    </line>
    <line>
      <![CDATA[<b>Calculations with different payment profiles for customer quote has been started</b> <br />]]>
    </line>
    <line>
      <![CDATA[<b>Calculations with different payment profiles for customer quote has been ended</b> <br />]]>
    </line>
    <line>
      <![CDATA[<b>*************Calculations for Quote Summary page gas been started************</b> <br />]]>
    </line>
    <line>
      <![CDATA[<b>Reading values from sceen -Quote Summary Page</b> <br />]]>
    </line>
    <line>
      <![CDATA[<b>Getting values from screen</b> <br />]]>
    </line>
    <line>
      <![CDATA[<b>Quote_summary_cost_otr_price =58,525.00</b> <br />]]>
    </line>
    <line>
      <![CDATA[<b>Quote_summary_total_monthly_holding_cost =501.00</b> <br />]]>
    </line>
    <line>
      <![CDATA[<b>Quote_summary_monthly_finance_rental =567.90</b> <br />]]>
    </line>
    <line>
      <![CDATA[<b>Acquisition contract_type =Finance Lease</b> <br />]]>
    </line>
    <line>
      <![CDATA[<b>Customer contract_type =Finance Lease</b> <br />]]>
    </line>
    <line>
      <![CDATA[<b>Customer Quote generated successfully and Quote_ref_no =MFJ03082</b> <br />]]>
    </line>
    <line>
      <![CDATA[<b>Reading values from excel sheet to compare it with quote summary on screen values</b> <br />]]>
    </line>
    <line>
      <![CDATA[<b>Comparing excel values with actual values on screen</b> <br />]]>
    </line>
    <line>
      <![CDATA[<b>OTR price compared</b> <br />]]>
    </line>
    <line>
      <![CDATA[<b>Total monthly holding cost compared</b> <br />]]>
    </line>
    <line>
      <![CDATA[<b>Finance Rental compared</b> <br />]]>
    </line>
  </reporter-output>
  <suite started-at="2022-12-15T10:53:26 IST" name="Default suite" finished-at="2022-12-15T10:59:58 IST" duration-ms="391822">
    <groups>
    </groups>
    <test started-at="2022-12-15T10:53:26 IST" name="Default test" finished-at="2022-12-15T10:59:58 IST" duration-ms="391822">
      <class name="com.amt.test.Acquisition_Quotes_FL_FL_with_funder_quote_addition_without_maintenance_Test">
        <test-method is-config="true" signature="setup()[pri:0, instance:com.amt.test.Acquisition_Quotes_FL_FL_with_funder_quote_addition_without_maintenance_Test@3527942a]" started-at="2022-12-15T10:53:26 IST" name="setup" finished-at="2022-12-15T10:53:47 IST" duration-ms="21108" status="PASS">
          <reporter-output>
          </reporter-output>
        </test-method> <!-- setup -->
        <test-method signature="aquisition_quotes_FL_FL_OTR_calculation_without_maintenance_test(java.lang.String,java.lang.String,java.lang.String,java.lang.String,java.lang.String,java.lang.String,java.lang.String,java.lang.String,java.lang.String,java.lang.String,java.lang.String,java.lang.String,java.lang.String,java.lang.String,java.lang.String,java.lang.String,java.lang.String,java.lang.String,java.lang.String,java.lang.String,java.lang.String,java.lang.String,java.lang.String,java.lang.String,java.lang.String,java.lang.String)[pri:1, instance:com.amt.test.Acquisition_Quotes_FL_FL_with_funder_quote_addition_without_maintenance_Test@3527942a]" started-at="2022-12-15T10:53:49 IST" name="aquisition_quotes_FL_FL_OTR_calculation_without_maintenance_test" data-provider="testData" finished-at="2022-12-15T10:55:31 IST" duration-ms="102074" status="PASS">
          <params>
            <param index="0">
              <value>
                <![CDATA[AUDI]]>
              </value>
            </param>
            <param index="1">
              <value>
                <![CDATA[A7]]>
              </value>
            </param>
            <param index="2">
              <value>
                <![CDATA[REF001]]>
              </value>
            </param>
            <param index="3">
              <value>
                <![CDATA[05/05/23]]>
              </value>
            </param>
            <param index="4">
              <value>
                <![CDATA[12]]>
              </value>
            </param>
            <param index="5">
              <value>
                <![CDATA[5000]]>
              </value>
            </param>
            <param index="6">
              <value>
                <![CDATA[500]]>
              </value>
            </param>
            <param index="7">
              <value>
                <![CDATA[0]]>
              </value>
            </param>
            <param index="8">
              <value>
                <![CDATA[6000]]>
              </value>
            </param>
            <param index="9">
              <value>
                <![CDATA[12]]>
              </value>
            </param>
            <param index="10">
              <value>
                <![CDATA[10]]>
              </value>
            </param>
            <param index="11">
              <value>
                <![CDATA[0]]>
              </value>
            </param>
            <param index="12">
              <value>
                <![CDATA[1]]>
              </value>
            </param>
            <param index="13">
              <value>
                <![CDATA[1]]>
              </value>
            </param>
            <param index="14">
              <value>
                <![CDATA[10000]]>
              </value>
            </param>
            <param index="15">
              <value>
                <![CDATA[6000]]>
              </value>
            </param>
            <param index="16">
              <value>
                <![CDATA[2000]]>
              </value>
            </param>
            <param index="17">
              <value>
                <![CDATA[1000]]>
              </value>
            </param>
            <param index="18">
              <value>
                <![CDATA[199.99]]>
              </value>
            </param>
            <param index="19">
              <value>
                <![CDATA[0]]>
              </value>
            </param>
            <param index="20">
              <value>
                <![CDATA[NO]]>
              </value>
            </param>
            <param index="21">
              <value>
                <![CDATA[0]]>
              </value>
            </param>
            <param index="22">
              <value>
                <![CDATA[200]]>
              </value>
            </param>
            <param index="23">
              <value>
                <![CDATA[YES]]>
              </value>
            </param>
            <param index="24">
              <value>
                <![CDATA[0]]>
              </value>
            </param>
            <param index="25">
              <value>
                <![CDATA[FL (Formula 3) - FL]]>
              </value>
            </param>
          </params>
          <reporter-output>
            <line>
              <![CDATA[<b>Clicked on Quote button </b> <br />]]>
            </line>
            <line>
              <![CDATA[<b>Manufacture =AUDI has been selected</b> <br />]]>
            </line>
            <line>
              <![CDATA[<b>Model range =A7 has been selected</b> <br />]]>
            </line>
            <line>
              <![CDATA[<b>Vehicle has been selected</b> <br />]]>
            </line>
            <line>
              <![CDATA[<b>Paint option has been selected</b> <br />]]>
            </line>
            <line>
              <![CDATA[<b>Interior option has been selected</b> <br />]]>
            </line>
            <line>
              <![CDATA[<b> Acquisition Contract type option = Finance Lease has been selected</b> <br />]]>
            </line>
            <line>
              <![CDATA[<b> Customer Contract type option = Finance Lease(FL) has been selected</b> <br />]]>
            </line>
            <line>
              <![CDATA[<b>Getting Basic Price- Vehicle value is  =46854.17</b> <br />]]>
            </line>
            <line>
              <![CDATA[<b>Getting Basic Price - Paint  value is  =0.00</b> <br />]]>
            </line>
            <line>
              <![CDATA[<b>Getting  Basic Price - Options value is   =833.33</b> <br />]]>
            </line>
            <line>
              <![CDATA[<b>Getting Discount- Vehicle value is  =0.00</b> <br />]]>
            </line>
            <line>
              <![CDATA[<b>Getting   Discount - Paint value is   =0.00</b> <br />]]>
            </line>
            <line>
              <![CDATA[<b>Getting  Discount- Options value is   =0.00</b> <br />]]>
            </line>
            <line>
              <![CDATA[<b>Getting Additional Discount- Vehicle value is  =0.00</b> <br />]]>
            </line>
            <line>
              <![CDATA[<b>Getting  Additional Discount - paint value is  =0.00</b> <br />]]>
            </line>
            <line>
              <![CDATA[<b>Getting  Additional Discount - Options value is  =0.00</b> <br />]]>
            </line>
            <line>
              <![CDATA[<b>Writing OTR table values to excel sheet -Started </b> <br />]]>
            </line>
            <line>
              <![CDATA[<b>Writing OTR table values to excel sheet -Completed </b> <br />]]>
            </line>
            <line>
              <![CDATA[<b>Reading Subtotal After Discount from excel sheet -Started </b> <br />]]>
            </line>
            <line>
              <![CDATA[<b>Reading Subtotal After Discount from excel sheet -Started </b> <br />]]>
            </line>
            <line>
              <![CDATA[<b>Subtotal After Discount from excel sheet is =47687.5</b> <br />]]>
            </line>
            <line>
              <![CDATA[<b>Subtotal after discount actual value from screen =£ 47,687.50</b> <br />]]>
            </line>
          </reporter-output>
        </test-method> <!-- aquisition_quotes_FL_FL_OTR_calculation_without_maintenance_test -->
        <test-method signature="aquisition_quotes_FL_FL_after_discount_calculations_without_maintenance_test(java.lang.String,java.lang.String,java.lang.String,java.lang.String,java.lang.String,java.lang.String,java.lang.String,java.lang.String,java.lang.String,java.lang.String,java.lang.String,java.lang.String,java.lang.String,java.lang.String,java.lang.String,java.lang.String,java.lang.String,java.lang.String,java.lang.String,java.lang.String,java.lang.String,java.lang.String,java.lang.String,java.lang.String,java.lang.String,java.lang.String)[pri:2, instance:com.amt.test.Acquisition_Quotes_FL_FL_with_funder_quote_addition_without_maintenance_Test@3527942a]" started-at="2022-12-15T10:55:31 IST" name="aquisition_quotes_FL_FL_after_discount_calculations_without_maintenance_test" data-provider="testData" finished-at="2022-12-15T10:55:33 IST" depends-on-methods="com.amt.test.Acquisition_Quotes_FL_FL_with_funder_quote_addition_without_maintenance_Test.aquisition_quotes_FL_FL_OTR_calculation_without_maintenance_test" duration-ms="1756" status="PASS">
          <params>
            <param index="0">
              <value>
                <![CDATA[AUDI]]>
              </value>
            </param>
            <param index="1">
              <value>
                <![CDATA[A7]]>
              </value>
            </param>
            <param index="2">
              <value>
                <![CDATA[REF001]]>
              </value>
            </param>
            <param index="3">
              <value>
                <![CDATA[05/05/23]]>
              </value>
            </param>
            <param index="4">
              <value>
                <![CDATA[12]]>
              </value>
            </param>
            <param index="5">
              <value>
                <![CDATA[5000]]>
              </value>
            </param>
            <param index="6">
              <value>
                <![CDATA[500]]>
              </value>
            </param>
            <param index="7">
              <value>
                <![CDATA[0]]>
              </value>
            </param>
            <param index="8">
              <value>
                <![CDATA[6000]]>
              </value>
            </param>
            <param index="9">
              <value>
                <![CDATA[12]]>
              </value>
            </param>
            <param index="10">
              <value>
                <![CDATA[10]]>
              </value>
            </param>
            <param index="11">
              <value>
                <![CDATA[0]]>
              </value>
            </param>
            <param index="12">
              <value>
                <![CDATA[1]]>
              </value>
            </param>
            <param index="13">
              <value>
                <![CDATA[1]]>
              </value>
            </param>
            <param index="14">
              <value>
                <![CDATA[10000]]>
              </value>
            </param>
            <param index="15">
              <value>
                <![CDATA[6000]]>
              </value>
            </param>
            <param index="16">
              <value>
                <![CDATA[2000]]>
              </value>
            </param>
            <param index="17">
              <value>
                <![CDATA[1000]]>
              </value>
            </param>
            <param index="18">
              <value>
                <![CDATA[199.99]]>
              </value>
            </param>
            <param index="19">
              <value>
                <![CDATA[0]]>
              </value>
            </param>
            <param index="20">
              <value>
                <![CDATA[NO]]>
              </value>
            </param>
            <param index="21">
              <value>
                <![CDATA[0]]>
              </value>
            </param>
            <param index="22">
              <value>
                <![CDATA[200]]>
              </value>
            </param>
            <param index="23">
              <value>
                <![CDATA[YES]]>
              </value>
            </param>
            <param index="24">
              <value>
                <![CDATA[0]]>
              </value>
            </param>
            <param index="25">
              <value>
                <![CDATA[FL (Formula 3) - FL]]>
              </value>
            </param>
          </params>
          <reporter-output>
            <line>
              <![CDATA[<b>*********Calculations for On Road Price has been started***********</b> <br />]]>
            </line>
            <line>
              <![CDATA[<b>Started getting On screen values from after discount table </b> <br />]]>
            </line>
            <line>
              <![CDATA[<b>Manufacture_delivery_charges =550.00</b> <br />]]>
            </line>
            <line>
              <![CDATA[<b>Road_tax_first_year =585.00</b> <br />]]>
            </line>
            <line>
              <![CDATA[<b>First_registration_fee =55.00</b> <br />]]>
            </line>
            <line>
              <![CDATA[<b>Rebate =0.00</b> <br />]]>
            </line>
            <line>
              <![CDATA[<b>Writing After discount values to excel has been started</b> <br />]]>
            </line>
            <line>
              <![CDATA[<b>Writing After discount values to excel has been completed</b> <br />]]>
            </line>
            <line>
              <![CDATA[<b>Reading On Road Price for invoice from excel has been Started</b> <br />]]>
            </line>
            <line>
              <![CDATA[<b>Reading On Road Price for invoice from excel has been completed</b> <br />]]>
            </line>
            <line>
              <![CDATA[<b>Expected on the road price from excel is =58525.0</b> <br />]]>
            </line>
            <line>
              <![CDATA[<b>Actual on the road price from screen is =58525.00</b> <br />]]>
            </line>
          </reporter-output>
        </test-method> <!-- aquisition_quotes_FL_FL_after_discount_calculations_without_maintenance_test -->
        <test-method signature="aquisition_quotes_FL_FL_holding_cost_calculations_without_maintenance_test(java.lang.String,java.lang.String,java.lang.String,java.lang.String,java.lang.String,java.lang.String,java.lang.String,java.lang.String,java.lang.String,java.lang.String,java.lang.String,java.lang.String,java.lang.String,java.lang.String,java.lang.String,java.lang.String,java.lang.String,java.lang.String,java.lang.String,java.lang.String,java.lang.String,java.lang.String,java.lang.String,java.lang.String,java.lang.String,java.lang.String)[pri:3, instance:com.amt.test.Acquisition_Quotes_FL_FL_with_funder_quote_addition_without_maintenance_Test@3527942a]" started-at="2022-12-15T10:55:33 IST" name="aquisition_quotes_FL_FL_holding_cost_calculations_without_maintenance_test" data-provider="testData" finished-at="2022-12-15T10:56:05 IST" depends-on-methods="com.amt.test.Acquisition_Quotes_FL_FL_with_funder_quote_addition_without_maintenance_Test.aquisition_quotes_FL_FL_after_discount_calculations_without_maintenance_test" duration-ms="31754" status="PASS">
          <params>
            <param index="0">
              <value>
                <![CDATA[AUDI]]>
              </value>
            </param>
            <param index="1">
              <value>
                <![CDATA[A7]]>
              </value>
            </param>
            <param index="2">
              <value>
                <![CDATA[REF001]]>
              </value>
            </param>
            <param index="3">
              <value>
                <![CDATA[05/05/23]]>
              </value>
            </param>
            <param index="4">
              <value>
                <![CDATA[12]]>
              </value>
            </param>
            <param index="5">
              <value>
                <![CDATA[5000]]>
              </value>
            </param>
            <param index="6">
              <value>
                <![CDATA[500]]>
              </value>
            </param>
            <param index="7">
              <value>
                <![CDATA[0]]>
              </value>
            </param>
            <param index="8">
              <value>
                <![CDATA[6000]]>
              </value>
            </param>
            <param index="9">
              <value>
                <![CDATA[12]]>
              </value>
            </param>
            <param index="10">
              <value>
                <![CDATA[10]]>
              </value>
            </param>
            <param index="11">
              <value>
                <![CDATA[0]]>
              </value>
            </param>
            <param index="12">
              <value>
                <![CDATA[1]]>
              </value>
            </param>
            <param index="13">
              <value>
                <![CDATA[1]]>
              </value>
            </param>
            <param index="14">
              <value>
                <![CDATA[10000]]>
              </value>
            </param>
            <param index="15">
              <value>
                <![CDATA[6000]]>
              </value>
            </param>
            <param index="16">
              <value>
                <![CDATA[2000]]>
              </value>
            </param>
            <param index="17">
              <value>
                <![CDATA[1000]]>
              </value>
            </param>
            <param index="18">
              <value>
                <![CDATA[199.99]]>
              </value>
            </param>
            <param index="19">
              <value>
                <![CDATA[0]]>
              </value>
            </param>
            <param index="20">
              <value>
                <![CDATA[NO]]>
              </value>
            </param>
            <param index="21">
              <value>
                <![CDATA[0]]>
              </value>
            </param>
            <param index="22">
              <value>
                <![CDATA[200]]>
              </value>
            </param>
            <param index="23">
              <value>
                <![CDATA[YES]]>
              </value>
            </param>
            <param index="24">
              <value>
                <![CDATA[0]]>
              </value>
            </param>
            <param index="25">
              <value>
                <![CDATA[FL (Formula 3) - FL]]>
              </value>
            </param>
          </params>
          <reporter-output>
            <line>
              <![CDATA[<b>***********Entered in holding cost page ***********</b> <br />]]>
            </line>
            <line>
              <![CDATA[<b>***********Holding Cost Calculations has been Started*************</b> <br />]]>
            </line>
            <line>
              <![CDATA[<b>Writing Holding Cost Summary values to excel has been completed</b> <br />]]>
            </line>
            <line>
              <![CDATA[<b>Reading Monthly Holding Cost value from excel</b> <br />]]>
            </line>
            <line>
              <![CDATA[<b>Total_monthly_holding_cost_from_screen =501.00</b> <br />]]>
            </line>
            <line>
              <![CDATA[<b>Total_monthly_holding_cost_from_excel =500.8333333333333</b> <br />]]>
            </line>
          </reporter-output>
        </test-method> <!-- aquisition_quotes_FL_FL_holding_cost_calculations_without_maintenance_test -->
        <test-method signature="aquisition_quotes_FL_FL_customer_quote_payment_profile_calculations_without_maintenance_test(java.lang.String,java.lang.String,java.lang.String,java.lang.String,java.lang.String,java.lang.String,java.lang.String,java.lang.String,java.lang.String,java.lang.String,java.lang.String,java.lang.String,java.lang.String,java.lang.String,java.lang.String,java.lang.String,java.lang.String,java.lang.String,java.lang.String,java.lang.String,java.lang.String,java.lang.String,java.lang.String,java.lang.String,java.lang.String,java.lang.String)[pri:4, instance:com.amt.test.Acquisition_Quotes_FL_FL_with_funder_quote_addition_without_maintenance_Test@3527942a]" started-at="2022-12-15T10:56:05 IST" name="aquisition_quotes_FL_FL_customer_quote_payment_profile_calculations_without_maintenance_test" data-provider="testData" finished-at="2022-12-15T10:59:16 IST" depends-on-methods="com.amt.test.Acquisition_Quotes_FL_FL_with_funder_quote_addition_without_maintenance_Test.aquisition_quotes_FL_FL_holding_cost_calculations_without_maintenance_test" duration-ms="190886" status="PASS">
          <params>
            <param index="0">
              <value>
                <![CDATA[AUDI]]>
              </value>
            </param>
            <param index="1">
              <value>
                <![CDATA[A7]]>
              </value>
            </param>
            <param index="2">
              <value>
                <![CDATA[REF001]]>
              </value>
            </param>
            <param index="3">
              <value>
                <![CDATA[05/05/23]]>
              </value>
            </param>
            <param index="4">
              <value>
                <![CDATA[12]]>
              </value>
            </param>
            <param index="5">
              <value>
                <![CDATA[5000]]>
              </value>
            </param>
            <param index="6">
              <value>
                <![CDATA[500]]>
              </value>
            </param>
            <param index="7">
              <value>
                <![CDATA[0]]>
              </value>
            </param>
            <param index="8">
              <value>
                <![CDATA[6000]]>
              </value>
            </param>
            <param index="9">
              <value>
                <![CDATA[12]]>
              </value>
            </param>
            <param index="10">
              <value>
                <![CDATA[10]]>
              </value>
            </param>
            <param index="11">
              <value>
                <![CDATA[0]]>
              </value>
            </param>
            <param index="12">
              <value>
                <![CDATA[1]]>
              </value>
            </param>
            <param index="13">
              <value>
                <![CDATA[1]]>
              </value>
            </param>
            <param index="14">
              <value>
                <![CDATA[10000]]>
              </value>
            </param>
            <param index="15">
              <value>
                <![CDATA[6000]]>
              </value>
            </param>
            <param index="16">
              <value>
                <![CDATA[2000]]>
              </value>
            </param>
            <param index="17">
              <value>
                <![CDATA[1000]]>
              </value>
            </param>
            <param index="18">
              <value>
                <![CDATA[199.99]]>
              </value>
            </param>
            <param index="19">
              <value>
                <![CDATA[0]]>
              </value>
            </param>
            <param index="20">
              <value>
                <![CDATA[NO]]>
              </value>
            </param>
            <param index="21">
              <value>
                <![CDATA[0]]>
              </value>
            </param>
            <param index="22">
              <value>
                <![CDATA[200]]>
              </value>
            </param>
            <param index="23">
              <value>
                <![CDATA[YES]]>
              </value>
            </param>
            <param index="24">
              <value>
                <![CDATA[0]]>
              </value>
            </param>
            <param index="25">
              <value>
                <![CDATA[FL (Formula 3) - FL]]>
              </value>
            </param>
          </params>
          <reporter-output>
            <line>
              <![CDATA[<b>Writing configuration values from property file to Excel for customer quote calculation -started</b> <br />]]>
            </line>
            <line>
              <![CDATA[<b>Writing configuration values from property file to Excel for customer quote calculation -completed</b> <br />]]>
            </line>
            <line>
              <![CDATA[<b>************Calculations for Customer Quote Page has been started***********</b> <br />]]>
            </line>
            <line>
              <![CDATA[<b>Payment Profile Monthly in Advance option has been selected</b> <br />]]>
            </line>
            <line>
              <![CDATA[<b>Clicked on Part Exchange panel</b> <br />]]>
            </line>
            <line>
              <![CDATA[<b>Writing values to Excel for customer quote calculation -started</b> <br />]]>
            </line>
            <line>
              <![CDATA[<b>Writing values to Excel for customer quote calculation -completed</b> <br />]]>
            </line>
            <line>
              <![CDATA[<b>Reading  Monthly Finance Rental from  Excel   -started</b> <br />]]>
            </line>
            <line>
              <![CDATA[<b>Reading  Monthly Finance Rental from  Excel   -completed</b> <br />]]>
            </line>
            <line>
              <![CDATA[<b>Monthly Finance Rental from Excel is =901.0647774640333</b> <br />]]>
            </line>
            <line>
              <![CDATA[<b>Started verifying Balance Due value</b> <br />]]>
            </line>
            <line>
              <![CDATA[<b>Balance due value (when part exchange toggle is OFF) is verified and found ok</b> <br />]]>
            </line>
            <line>
              <![CDATA[<b>Balance due value (when part exchange toggle is ON) is verified and found ok</b> <br />]]>
            </line>
            <line>
              <![CDATA[<b>Calculations with different payment profiles for customer quote has been started</b> <br />]]>
            </line>
            <line>
              <![CDATA[<b>Calculations with different payment profiles for customer quote has been ended</b> <br />]]>
            </line>
          </reporter-output>
        </test-method> <!-- aquisition_quotes_FL_FL_customer_quote_payment_profile_calculations_without_maintenance_test -->
        <test-method signature="aquisition_quotes_FL_FL_quote_summary_values_verification_without_maintenance_test(java.lang.String,java.lang.String,java.lang.String,java.lang.String,java.lang.String,java.lang.String,java.lang.String,java.lang.String,java.lang.String,java.lang.String,java.lang.String,java.lang.String,java.lang.String,java.lang.String,java.lang.String,java.lang.String,java.lang.String,java.lang.String,java.lang.String,java.lang.String,java.lang.String,java.lang.String,java.lang.String,java.lang.String,java.lang.String,java.lang.String)[pri:5, instance:com.amt.test.Acquisition_Quotes_FL_FL_with_funder_quote_addition_without_maintenance_Test@3527942a]" started-at="2022-12-15T10:59:16 IST" name="aquisition_quotes_FL_FL_quote_summary_values_verification_without_maintenance_test" data-provider="testData" finished-at="2022-12-15T10:59:58 IST" depends-on-methods="com.amt.test.Acquisition_Quotes_FL_FL_with_funder_quote_addition_without_maintenance_Test.aquisition_quotes_FL_FL_customer_quote_payment_profile_calculations_without_maintenance_test" duration-ms="42448" status="PASS">
          <params>
            <param index="0">
              <value>
                <![CDATA[AUDI]]>
              </value>
            </param>
            <param index="1">
              <value>
                <![CDATA[A7]]>
              </value>
            </param>
            <param index="2">
              <value>
                <![CDATA[REF001]]>
              </value>
            </param>
            <param index="3">
              <value>
                <![CDATA[05/05/23]]>
              </value>
            </param>
            <param index="4">
              <value>
                <![CDATA[12]]>
              </value>
            </param>
            <param index="5">
              <value>
                <![CDATA[5000]]>
              </value>
            </param>
            <param index="6">
              <value>
                <![CDATA[500]]>
              </value>
            </param>
            <param index="7">
              <value>
                <![CDATA[0]]>
              </value>
            </param>
            <param index="8">
              <value>
                <![CDATA[6000]]>
              </value>
            </param>
            <param index="9">
              <value>
                <![CDATA[12]]>
              </value>
            </param>
            <param index="10">
              <value>
                <![CDATA[10]]>
              </value>
            </param>
            <param index="11">
              <value>
                <![CDATA[0]]>
              </value>
            </param>
            <param index="12">
              <value>
                <![CDATA[1]]>
              </value>
            </param>
            <param index="13">
              <value>
                <![CDATA[1]]>
              </value>
            </param>
            <param index="14">
              <value>
                <![CDATA[10000]]>
              </value>
            </param>
            <param index="15">
              <value>
                <![CDATA[6000]]>
              </value>
            </param>
            <param index="16">
              <value>
                <![CDATA[2000]]>
              </value>
            </param>
            <param index="17">
              <value>
                <![CDATA[1000]]>
              </value>
            </param>
            <param index="18">
              <value>
                <![CDATA[199.99]]>
              </value>
            </param>
            <param index="19">
              <value>
                <![CDATA[0]]>
              </value>
            </param>
            <param index="20">
              <value>
                <![CDATA[NO]]>
              </value>
            </param>
            <param index="21">
              <value>
                <![CDATA[0]]>
              </value>
            </param>
            <param index="22">
              <value>
                <![CDATA[200]]>
              </value>
            </param>
            <param index="23">
              <value>
                <![CDATA[YES]]>
              </value>
            </param>
            <param index="24">
              <value>
                <![CDATA[0]]>
              </value>
            </param>
            <param index="25">
              <value>
                <![CDATA[FL (Formula 3) - FL]]>
              </value>
            </param>
          </params>
          <reporter-output>
            <line>
              <![CDATA[<b>*************Calculations for Quote Summary page gas been started************</b> <br />]]>
            </line>
            <line>
              <![CDATA[<b>Reading values from sceen -Quote Summary Page</b> <br />]]>
            </line>
            <line>
              <![CDATA[<b>Getting values from screen</b> <br />]]>
            </line>
            <line>
              <![CDATA[<b>Quote_summary_cost_otr_price =58,525.00</b> <br />]]>
            </line>
            <line>
              <![CDATA[<b>Quote_summary_total_monthly_holding_cost =501.00</b> <br />]]>
            </line>
            <line>
              <![CDATA[<b>Quote_summary_monthly_finance_rental =567.90</b> <br />]]>
            </line>
            <line>
              <![CDATA[<b>Acquisition contract_type =Finance Lease</b> <br />]]>
            </line>
            <line>
              <![CDATA[<b>Customer contract_type =Finance Lease</b> <br />]]>
            </line>
            <line>
              <![CDATA[<b>Customer Quote generated successfully and Quote_ref_no =MFJ03082</b> <br />]]>
            </line>
            <line>
              <![CDATA[<b>Reading values from excel sheet to compare it with quote summary on screen values</b> <br />]]>
            </line>
            <line>
              <![CDATA[<b>Comparing excel values with actual values on screen</b> <br />]]>
            </line>
            <line>
              <![CDATA[<b>OTR price compared</b> <br />]]>
            </line>
            <line>
              <![CDATA[<b>Total monthly holding cost compared</b> <br />]]>
            </line>
            <line>
              <![CDATA[<b>Finance Rental compared</b> <br />]]>
            </line>
          </reporter-output>
        </test-method> <!-- aquisition_quotes_FL_FL_quote_summary_values_verification_without_maintenance_test -->
      </class> <!-- com.amt.test.Acquisition_Quotes_FL_FL_with_funder_quote_addition_without_maintenance_Test -->
    </test> <!-- Default test -->
  </suite> <!-- Default suite -->
</testng-results>
