<?xml version="1.0" encoding="UTF-8"?>
<testng-results ignored="0" total="3" passed="3" failed="0" skipped="0">
  <reporter-output>
    <line>
      <![CDATA[<b></b> <br />]]>
    </line>
    <line>
      <![CDATA[<b>Searching for Order ID BP-34573</b> <br />]]>
    </line>
    <line>
      <![CDATA[<b>Opening Sold Vehicle Listing in New Tab</b> <br />]]>
    </line>
    <line>
      <![CDATA[<b>Searching order in the listing</b> <br />]]>
    </line>
    <line>
      <![CDATA[<b>Searching for Order ID BP-34573</b> <br />]]>
    </line>
    <line>
      <![CDATA[<b>Order seen in sold vehicles section, Hence Test passed</b> <br />]]>
    </line>
    <line>
      <![CDATA[<b></b> <br />]]>
    </line>
    <line>
      <![CDATA[<b>Verifying statuses displayed on searched output</b> <br />]]>
    </line>
    <line>
      <![CDATA[<b>Status for VEHICLE STATUS is Sold Hence Test Passed</b> <br />]]>
    </line>
    <line>
      <![CDATA[<b>Status for CUSTOMER STATUS is Completed Hence Test Passed</b> <br />]]>
    </line>
    <line>
      <![CDATA[<b>Status for ACQUISTION STATUS is Completed Hence Test Passed</b> <br />]]>
    </line>
  </reporter-output>
  <suite started-at="2023-11-23T17:47:04 IST" name="Default suite" finished-at="2023-11-23T17:48:33 IST" duration-ms="89216">
    <groups>
    </groups>
    <test started-at="2023-11-23T17:47:04 IST" name="Default test" finished-at="2023-11-23T17:48:33 IST" duration-ms="89216">
      <class name="orders.Orders_Customer_Contract_Complete_Order_For_Broker_With_Customer_Flow_Test">
        <test-method is-config="true" signature="start_info()[pri:0, instance:orders.Orders_Customer_Contract_Complete_Order_For_Broker_With_Customer_Flow_Test@2a7f1f10]" started-at="2023-11-23T17:47:04 IST" name="start_info" finished-at="2023-11-23T17:47:04 IST" duration-ms="6" status="PASS">
          <reporter-output>
          </reporter-output>
        </test-method> <!-- start_info -->
        <test-method is-config="true" signature="setup()[pri:0, instance:orders.Orders_Customer_Contract_Complete_Order_For_Broker_With_Customer_Flow_Test@2a7f1f10]" started-at="2023-11-23T17:47:04 IST" name="setup" finished-at="2023-11-23T17:47:16 IST" duration-ms="11753" status="PASS">
          <reporter-output>
          </reporter-output>
        </test-method> <!-- setup -->
        <test-method signature="open_order_created_in_acquisition_test()[pri:1, instance:orders.Orders_Customer_Contract_Complete_Order_For_Broker_With_Customer_Flow_Test@2a7f1f10]" started-at="2023-11-23T17:47:16 IST" name="open_order_created_in_acquisition_test" finished-at="2023-11-23T17:48:18 IST" duration-ms="62583" status="PASS">
          <reporter-output>
            <line>
              <![CDATA[<b></b> <br />]]>
            </line>
            <line>
              <![CDATA[<b>Searching for Order ID BP-34573</b> <br />]]>
            </line>
          </reporter-output>
        </test-method> <!-- open_order_created_in_acquisition_test -->
        <test-method signature="verify_the_vehicle_is_seen_in_sold_section_on_completing_the_order_on_customer_contract_page_test()[pri:8, instance:orders.Orders_Customer_Contract_Complete_Order_For_Broker_With_Customer_Flow_Test@2a7f1f10]" started-at="2023-11-23T17:48:18 IST" name="verify_the_vehicle_is_seen_in_sold_section_on_completing_the_order_on_customer_contract_page_test" finished-at="2023-11-23T17:48:33 IST" depends-on-methods="orders.Orders_Customer_Contract_Complete_Order_For_Broker_With_Customer_Flow_Test.open_order_created_in_acquisition_test" duration-ms="14161" status="PASS">
          <reporter-output>
            <line>
              <![CDATA[<b>Opening Sold Vehicle Listing in New Tab</b> <br />]]>
            </line>
            <line>
              <![CDATA[<b>Searching order in the listing</b> <br />]]>
            </line>
            <line>
              <![CDATA[<b>Searching for Order ID BP-34573</b> <br />]]>
            </line>
            <line>
              <![CDATA[<b>Order seen in sold vehicles section, Hence Test passed</b> <br />]]>
            </line>
          </reporter-output>
        </test-method> <!-- verify_the_vehicle_is_seen_in_sold_section_on_completing_the_order_on_customer_contract_page_test -->
        <test-method signature="verify_statuses_on_order_completed_test()[pri:9, instance:orders.Orders_Customer_Contract_Complete_Order_For_Broker_With_Customer_Flow_Test@2a7f1f10]" started-at="2023-11-23T17:48:33 IST" name="verify_statuses_on_order_completed_test" finished-at="2023-11-23T17:48:33 IST" depends-on-methods="orders.Orders_Customer_Contract_Complete_Order_For_Broker_With_Customer_Flow_Test.verify_the_vehicle_is_seen_in_sold_section_on_completing_the_order_on_customer_contract_page_test" duration-ms="687" status="PASS">
          <reporter-output>
            <line>
              <![CDATA[<b></b> <br />]]>
            </line>
            <line>
              <![CDATA[<b>Verifying statuses displayed on searched output</b> <br />]]>
            </line>
            <line>
              <![CDATA[<b>Status for VEHICLE STATUS is Sold Hence Test Passed</b> <br />]]>
            </line>
            <line>
              <![CDATA[<b>Status for CUSTOMER STATUS is Completed Hence Test Passed</b> <br />]]>
            </line>
            <line>
              <![CDATA[<b>Status for ACQUISTION STATUS is Completed Hence Test Passed</b> <br />]]>
            </line>
          </reporter-output>
        </test-method> <!-- verify_statuses_on_order_completed_test -->
        <test-method is-config="true" signature="end()[pri:0, instance:orders.Orders_Customer_Contract_Complete_Order_For_Broker_With_Customer_Flow_Test@2a7f1f10]" started-at="2023-11-23T17:48:33 IST" name="end" finished-at="2023-11-23T17:48:33 IST" duration-ms="0" status="PASS">
          <reporter-output>
          </reporter-output>
        </test-method> <!-- end -->
      </class> <!-- orders.Orders_Customer_Contract_Complete_Order_For_Broker_With_Customer_Flow_Test -->
    </test> <!-- Default test -->
  </suite> <!-- Default suite -->
</testng-results>
