<?xml version="1.0" encoding="UTF-8"?>
<testng-results ignored="0" total="7" passed="5" failed="2" skipped="0">
  <reporter-output>
    <line>
      <![CDATA[<b>Clicked on Leads page</b> <br />]]>
    </line>
    <line>
      <![CDATA[<b>Clicked on add lead</b> <br />]]>
    </line>
    <line>
      <![CDATA[<b>Lead is assigned</b> <br />]]>
    </line>
    <line>
      <![CDATA[<b>Customer type - Indivisual selected</b> <br />]]>
    </line>
    <line>
      <![CDATA[<b>Clicked on Add new vehicle request</b> <br />]]>
    </line>
    <line>
      <![CDATA[<b>Channel type Broker has been selected</b> <br />]]>
    </line>
    <line>
      <![CDATA[<b>Clicked on Map new quote</b> <br />]]>
    </line>
    <line>
      <![CDATA[<b>New Quote has been mapped with lead</b> <br />]]>
    </line>
    <line>
      <![CDATA[<b>Clicked on save and convert button</b> <br />]]>
    </line>
    <line>
      <![CDATA[<b>Lead converted to opportuninty successfully</b> <br />]]>
    </line>
    <line>
      <![CDATA[<b>Searched opportunity with Opportunity ref no.</b> <br />]]>
    </line>
    <line>
      <![CDATA[<br>----------Screenshot---------<br>]]>
    </line>
    <line>
      <![CDATA[<img src="D:\StagingNew\AMT_Automation\target\surefire-reports\html\failure_screenshots\verify_contract_email_is_received_20_12_2022_07_34_51.png" height="800" width="1000">]]>
    </line>
    <line>
      <![CDATA[<br>----------Screenshot---------<br>]]>
    </line>
    <line>
      <![CDATA[<img src="D:\StagingNew\AMT_Automation\target\surefire-reports\html\failure_screenshots\verify_contract_is_sent_to_email_id_20_12_2022_07_35_22.png" height="800" width="1000">]]>
    </line>
  </reporter-output>
  <suite started-at="2022-12-20T19:31:59 IST" name="Default suite" finished-at="2022-12-20T19:35:22 IST" duration-ms="203204">
    <groups>
    </groups>
    <test started-at="2022-12-20T19:31:59 IST" name="Default test" finished-at="2022-12-20T19:35:22 IST" duration-ms="203204">
      <class name="com.amt.test.lou.Lead_opportunity_broker_Test">
        <test-method is-config="true" signature="setup()[pri:0, instance:com.amt.test.lou.Lead_opportunity_broker_Test@1ed6388a]" started-at="2022-12-20T19:31:59 IST" name="setup" finished-at="2022-12-20T19:32:11 IST" duration-ms="11535" status="PASS">
          <reporter-output>
          </reporter-output>
        </test-method> <!-- setup -->
        <test-method signature="create_lead(java.lang.String,java.lang.String,java.lang.String)[pri:1, instance:com.amt.test.lou.Lead_opportunity_broker_Test@1ed6388a]" started-at="2022-12-20T19:32:11 IST" name="create_lead" data-provider="LeadOppoUnderwritingtestData" finished-at="2022-12-20T19:33:09 IST" duration-ms="58174" status="PASS">
          <params>
            <param index="0">
              <value>
                <![CDATA[BrokerPCHQuoteNo]]>
              </value>
            </param>
            <param index="1">
              <value>
                <![CDATA[nitein.kurane@autofacets.in]]>
              </value>
            </param>
            <param index="2">
              <value>
                <![CDATA[vd@4$dj24gA]]>
              </value>
            </param>
          </params>
          <reporter-output>
            <line>
              <![CDATA[<b>Clicked on Leads page</b> <br />]]>
            </line>
            <line>
              <![CDATA[<b>Clicked on add lead</b> <br />]]>
            </line>
            <line>
              <![CDATA[<b>Lead is assigned</b> <br />]]>
            </line>
            <line>
              <![CDATA[<b>Customer type - Indivisual selected</b> <br />]]>
            </line>
            <line>
              <![CDATA[<b>Clicked on Add new vehicle request</b> <br />]]>
            </line>
            <line>
              <![CDATA[<b>Channel type Broker has been selected</b> <br />]]>
            </line>
            <line>
              <![CDATA[<b>Clicked on Map new quote</b> <br />]]>
            </line>
            <line>
              <![CDATA[<b>New Quote has been mapped with lead</b> <br />]]>
            </line>
            <line>
              <![CDATA[<b>Clicked on save and convert button</b> <br />]]>
            </line>
            <line>
              <![CDATA[<b>Lead converted to opportuninty successfully</b> <br />]]>
            </line>
          </reporter-output>
        </test-method> <!-- create_lead -->
        <test-method signature="search_and_verify_opportunity_in_opportunity_page(java.lang.String,java.lang.String,java.lang.String)[pri:2, instance:com.amt.test.lou.Lead_opportunity_broker_Test@1ed6388a]" started-at="2022-12-20T19:33:09 IST" name="search_and_verify_opportunity_in_opportunity_page" data-provider="LeadOppoUnderwritingtestData" finished-at="2022-12-20T19:33:26 IST" depends-on-methods="com.amt.test.lou.Lead_opportunity_broker_Test.create_lead" duration-ms="16331" status="PASS">
          <params>
            <param index="0">
              <value>
                <![CDATA[BrokerPCHQuoteNo]]>
              </value>
            </param>
            <param index="1">
              <value>
                <![CDATA[nitein.kurane@autofacets.in]]>
              </value>
            </param>
            <param index="2">
              <value>
                <![CDATA[vd@4$dj24gA]]>
              </value>
            </param>
          </params>
          <reporter-output>
            <line>
              <![CDATA[<b>Searched opportunity with Opportunity ref no.</b> <br />]]>
            </line>
          </reporter-output>
        </test-method> <!-- search_and_verify_opportunity_in_opportunity_page -->
        <test-method signature="verify_status_of_opportunity_in_opportunity_page(java.lang.String,java.lang.String,java.lang.String)[pri:3, instance:com.amt.test.lou.Lead_opportunity_broker_Test@1ed6388a]" started-at="2022-12-20T19:33:26 IST" name="verify_status_of_opportunity_in_opportunity_page" data-provider="LeadOppoUnderwritingtestData" finished-at="2022-12-20T19:33:26 IST" depends-on-methods="com.amt.test.lou.Lead_opportunity_broker_Test.search_and_verify_opportunity_in_opportunity_page" duration-ms="184" status="PASS">
          <params>
            <param index="0">
              <value>
                <![CDATA[BrokerPCHQuoteNo]]>
              </value>
            </param>
            <param index="1">
              <value>
                <![CDATA[nitein.kurane@autofacets.in]]>
              </value>
            </param>
            <param index="2">
              <value>
                <![CDATA[vd@4$dj24gA]]>
              </value>
            </param>
          </params>
          <reporter-output>
          </reporter-output>
        </test-method> <!-- verify_status_of_opportunity_in_opportunity_page -->
        <test-method signature="verify_contract_is_copied(java.lang.String,java.lang.String,java.lang.String)[pri:4, instance:com.amt.test.lou.Lead_opportunity_broker_Test@1ed6388a]" started-at="2022-12-20T19:33:26 IST" name="verify_contract_is_copied" data-provider="LeadOppoUnderwritingtestData" finished-at="2022-12-20T19:33:43 IST" depends-on-methods="com.amt.test.lou.Lead_opportunity_broker_Test.verify_status_of_opportunity_in_opportunity_page" duration-ms="17366" status="PASS">
          <params>
            <param index="0">
              <value>
                <![CDATA[BrokerPCHQuoteNo]]>
              </value>
            </param>
            <param index="1">
              <value>
                <![CDATA[nitein.kurane@autofacets.in]]>
              </value>
            </param>
            <param index="2">
              <value>
                <![CDATA[vd@4$dj24gA]]>
              </value>
            </param>
          </params>
          <reporter-output>
          </reporter-output>
        </test-method> <!-- verify_contract_is_copied -->
        <test-method signature="verify_copied_contract_is_deleted(java.lang.String,java.lang.String,java.lang.String)[pri:5, instance:com.amt.test.lou.Lead_opportunity_broker_Test@1ed6388a]" started-at="2022-12-20T19:33:43 IST" name="verify_copied_contract_is_deleted" data-provider="LeadOppoUnderwritingtestData" finished-at="2022-12-20T19:34:03 IST" depends-on-methods="com.amt.test.lou.Lead_opportunity_broker_Test.verify_contract_is_copied" duration-ms="19292" status="PASS">
          <params>
            <param index="0">
              <value>
                <![CDATA[BrokerPCHQuoteNo]]>
              </value>
            </param>
            <param index="1">
              <value>
                <![CDATA[nitein.kurane@autofacets.in]]>
              </value>
            </param>
            <param index="2">
              <value>
                <![CDATA[vd@4$dj24gA]]>
              </value>
            </param>
          </params>
          <reporter-output>
          </reporter-output>
        </test-method> <!-- verify_copied_contract_is_deleted -->
        <test-method signature="verify_contract_email_is_received(java.lang.String,java.lang.String,java.lang.String)[pri:5, instance:com.amt.test.lou.Lead_opportunity_broker_Test@1ed6388a]" started-at="2022-12-20T19:34:03 IST" name="verify_contract_email_is_received" data-provider="LeadOppoUnderwritingtestData" finished-at="2022-12-20T19:34:51 IST" depends-on-methods="com.amt.test.lou.Lead_opportunity_broker_Test.verify_copied_contract_is_deleted" duration-ms="48734" status="FAIL">
          <params>
            <param index="0">
              <value>
                <![CDATA[BrokerPCHQuoteNo]]>
              </value>
            </param>
            <param index="1">
              <value>
                <![CDATA[nitein.kurane@autofacets.in]]>
              </value>
            </param>
            <param index="2">
              <value>
                <![CDATA[vd@4$dj24gA]]>
              </value>
            </param>
          </params>
          <exception class="org.openqa.selenium.TimeoutException">
            <message>
              <![CDATA[Expected condition failed: waiting for visibility of Proxy element for: DefaultElementLocator 'By.xpath: //*[@id="messageBody"]/text()[5]' (tried for 30 second(s) with 500 milliseconds interval)]]>
            </message>
            <full-stacktrace>
              <![CDATA[org.openqa.selenium.TimeoutException: Expected condition failed: waiting for visibility of Proxy element for: DefaultElementLocator 'By.xpath: //*[@id="messageBody"]/text()[5]' (tried for 30 second(s) with 500 milliseconds interval)
at org.openqa.selenium.support.ui.WebDriverWait.timeoutException(WebDriverWait.java:138)
at org.openqa.selenium.support.ui.FluentWait.until(FluentWait.java:231)
at com.amt.testUtil.ExplicitWait.visibleElement(ExplicitWait.java:23)
at com.amt.pages.Opportunities.verify_mail_is_received(Opportunities.java:330)
at com.amt.test.lou.Lead_opportunity_broker_Test.verify_contract_email_is_received(Lead_opportunity_broker_Test.java:105)
at java.base/jdk.internal.reflect.NativeMethodAccessorImpl.invoke0(Native Method)
at java.base/jdk.internal.reflect.NativeMethodAccessorImpl.invoke(NativeMethodAccessorImpl.java:77)
at java.base/jdk.internal.reflect.DelegatingMethodAccessorImpl.invoke(DelegatingMethodAccessorImpl.java:43)
at java.base/java.lang.reflect.Method.invoke(Method.java:568)
at org.testng.internal.MethodInvocationHelper.invokeMethod(MethodInvocationHelper.java:133)
at org.testng.internal.TestInvoker.invokeMethod(TestInvoker.java:598)
at org.testng.internal.TestInvoker.invokeTestMethod(TestInvoker.java:173)
at org.testng.internal.MethodRunner.runInSequence(MethodRunner.java:46)
at org.testng.internal.TestInvoker$MethodInvocationAgent.invoke(TestInvoker.java:824)
at org.testng.internal.TestInvoker.invokeTestMethods(TestInvoker.java:146)
at org.testng.internal.TestMethodWorker.invokeTestMethods(TestMethodWorker.java:146)
at org.testng.internal.TestMethodWorker.run(TestMethodWorker.java:128)
at java.base/java.util.ArrayList.forEach(ArrayList.java:1511)
at org.testng.TestRunner.privateRun(TestRunner.java:794)
at org.testng.TestRunner.run(TestRunner.java:596)
at org.testng.SuiteRunner.runTest(SuiteRunner.java:377)
at org.testng.SuiteRunner.runSequentially(SuiteRunner.java:371)
at org.testng.SuiteRunner.privateRun(SuiteRunner.java:332)
at org.testng.SuiteRunner.run(SuiteRunner.java:276)
at org.testng.SuiteRunnerWorker.runSuite(SuiteRunnerWorker.java:53)
at org.testng.SuiteRunnerWorker.run(SuiteRunnerWorker.java:96)
at org.testng.TestNG.runSuitesSequentially(TestNG.java:1212)
at org.testng.TestNG.runSuitesLocally(TestNG.java:1134)
at org.testng.TestNG.runSuites(TestNG.java:1063)
at org.testng.TestNG.run(TestNG.java:1031)
at org.testng.remote.AbstractRemoteTestNG.run(AbstractRemoteTestNG.java:115)
at org.testng.remote.RemoteTestNG.initAndRun(RemoteTestNG.java:251)
at org.testng.remote.RemoteTestNG.main(RemoteTestNG.java:77)
Caused by: org.openqa.selenium.NoSuchElementException: no such element: Unable to locate element: {"method":"xpath","selector":"//*[@id="messageBody"]/text()[5]"}
  (Session info: chrome=108.0.5359.125)
For documentation on this error, please visit: https://selenium.dev/exceptions/#no_such_element
Build info: version: '4.0.0', revision: '3a21814679'
System info: host: 'DSK-951', ip: '10.0.3.253', os.name: 'Windows 10', os.arch: 'amd64', os.version: '10.0', java.version: '17.0.4.1'
Driver info: org.openqa.selenium.chrome.ChromeDriver
Command: [2ef93308c47aaa2d206d69c2f266ba50, findElement {using=xpath, value=//*[@id="messageBody"]/text()[5]}]
Capabilities {acceptInsecureCerts: false, browserName: chrome, browserVersion: 108.0.5359.125, chrome: {chromedriverVersion: 108.0.5359.71 (1e0e3868ee06..., userDataDir: C:\Users\NITEIN~1.KUR\AppDa...}, goog:chromeOptions: {debuggerAddress: localhost:56913}, javascriptEnabled: true, networkConnectionEnabled: false, pageLoadStrategy: normal, platform: WINDOWS, platformName: WINDOWS, proxy: Proxy(), se:cdp: ws://localhost:56913/devtoo..., se:cdpVersion: 108.0.5359.125, setWindowRect: true, strictFileInteractability: false, timeouts: {implicit: 0, pageLoad: 300000, script: 30000}, unhandledPromptBehavior: dismiss and notify, webauthn:extension:credBlob: true, webauthn:extension:largeBlob: true, webauthn:virtualAuthenticators: true}
Session ID: 2ef93308c47aaa2d206d69c2f266ba50
at jdk.internal.reflect.GeneratedConstructorAccessor24.newInstance(Unknown Source)
at java.base/jdk.internal.reflect.DelegatingConstructorAccessorImpl.newInstance(DelegatingConstructorAccessorImpl.java:45)
at java.base/java.lang.reflect.Constructor.newInstanceWithCaller(Constructor.java:499)
at java.base/java.lang.reflect.Constructor.newInstance(Constructor.java:480)
at org.openqa.selenium.remote.codec.w3c.W3CHttpResponseCodec.createException(W3CHttpResponseCodec.java:200)
at org.openqa.selenium.remote.codec.w3c.W3CHttpResponseCodec.decode(W3CHttpResponseCodec.java:133)
at org.openqa.selenium.remote.codec.w3c.W3CHttpResponseCodec.decode(W3CHttpResponseCodec.java:53)
at org.openqa.selenium.remote.HttpCommandExecutor.execute(HttpCommandExecutor.java:184)
at org.openqa.selenium.remote.service.DriverCommandExecutor.invokeExecute(DriverCommandExecutor.java:164)
at org.openqa.selenium.remote.service.DriverCommandExecutor.execute(DriverCommandExecutor.java:139)
at org.openqa.selenium.remote.RemoteWebDriver.execute(RemoteWebDriver.java:559)
at org.openqa.selenium.remote.ElementLocation$ElementFinder$2.findElement(ElementLocation.java:162)
at org.openqa.selenium.remote.ElementLocation.findElement(ElementLocation.java:60)
at org.openqa.selenium.remote.RemoteWebDriver.findElement(RemoteWebDriver.java:383)
at org.openqa.selenium.remote.RemoteWebDriver.findElement(RemoteWebDriver.java:375)
at org.openqa.selenium.support.pagefactory.DefaultElementLocator.findElement(DefaultElementLocator.java:70)
at org.openqa.selenium.support.pagefactory.internal.LocatingElementHandler.invoke(LocatingElementHandler.java:39)
at jdk.proxy2/jdk.proxy2.$Proxy17.isDisplayed(Unknown Source)
at org.openqa.selenium.support.ui.ExpectedConditions.elementIfVisible(ExpectedConditions.java:307)
at org.openqa.selenium.support.ui.ExpectedConditions.access$000(ExpectedConditions.java:40)
at org.openqa.selenium.support.ui.ExpectedConditions$10.apply(ExpectedConditions.java:293)
at org.openqa.selenium.support.ui.ExpectedConditions$10.apply(ExpectedConditions.java:290)
at org.openqa.selenium.support.ui.FluentWait.until(FluentWait.java:208)
... 31 more
]]>
            </full-stacktrace>
          </exception> <!-- org.openqa.selenium.TimeoutException -->
          <reporter-output>
            <line>
              <![CDATA[<br>----------Screenshot---------<br>]]>
            </line>
            <line>
              <![CDATA[<img src="D:\StagingNew\AMT_Automation\target\surefire-reports\html\failure_screenshots\verify_contract_email_is_received_20_12_2022_07_34_51.png" height="800" width="1000">]]>
            </line>
          </reporter-output>
        </test-method> <!-- verify_contract_email_is_received -->
        <test-method signature="verify_contract_is_sent_to_email_id(java.lang.String,java.lang.String,java.lang.String)[pri:5, instance:com.amt.test.lou.Lead_opportunity_broker_Test@1ed6388a]" started-at="2022-12-20T19:34:52 IST" name="verify_contract_is_sent_to_email_id" data-provider="LeadOppoUnderwritingtestData" finished-at="2022-12-20T19:35:22 IST" depends-on-methods="com.amt.test.lou.Lead_opportunity_broker_Test.verify_copied_contract_is_deleted" duration-ms="30430" status="FAIL">
          <params>
            <param index="0">
              <value>
                <![CDATA[BrokerPCHQuoteNo]]>
              </value>
            </param>
            <param index="1">
              <value>
                <![CDATA[nitein.kurane@autofacets.in]]>
              </value>
            </param>
            <param index="2">
              <value>
                <![CDATA[vd@4$dj24gA]]>
              </value>
            </param>
          </params>
          <exception class="org.openqa.selenium.TimeoutException">
            <message>
              <![CDATA[Expected condition failed: waiting for element to be clickable: Proxy element for: DefaultElementLocator 'By.xpath: //*[@title='Send Contract']' (tried for 30 second(s) with 500 milliseconds interval)]]>
            </message>
            <full-stacktrace>
              <![CDATA[org.openqa.selenium.TimeoutException: Expected condition failed: waiting for element to be clickable: Proxy element for: DefaultElementLocator 'By.xpath: //*[@title='Send Contract']' (tried for 30 second(s) with 500 milliseconds interval)
at org.openqa.selenium.support.ui.WebDriverWait.timeoutException(WebDriverWait.java:138)
at org.openqa.selenium.support.ui.FluentWait.until(FluentWait.java:231)
at com.amt.testUtil.Click.on(Click.java:16)
at com.amt.pages.Opportunities.verify_contract_is_sent_to_mail(Opportunities.java:260)
at com.amt.test.lou.Lead_opportunity_broker_Test.verify_contract_is_sent_to_email_id(Lead_opportunity_broker_Test.java:96)
at java.base/jdk.internal.reflect.NativeMethodAccessorImpl.invoke0(Native Method)
at java.base/jdk.internal.reflect.NativeMethodAccessorImpl.invoke(NativeMethodAccessorImpl.java:77)
at java.base/jdk.internal.reflect.DelegatingMethodAccessorImpl.invoke(DelegatingMethodAccessorImpl.java:43)
at java.base/java.lang.reflect.Method.invoke(Method.java:568)
at org.testng.internal.MethodInvocationHelper.invokeMethod(MethodInvocationHelper.java:133)
at org.testng.internal.TestInvoker.invokeMethod(TestInvoker.java:598)
at org.testng.internal.TestInvoker.invokeTestMethod(TestInvoker.java:173)
at org.testng.internal.MethodRunner.runInSequence(MethodRunner.java:46)
at org.testng.internal.TestInvoker$MethodInvocationAgent.invoke(TestInvoker.java:824)
at org.testng.internal.TestInvoker.invokeTestMethods(TestInvoker.java:146)
at org.testng.internal.TestMethodWorker.invokeTestMethods(TestMethodWorker.java:146)
at org.testng.internal.TestMethodWorker.run(TestMethodWorker.java:128)
at java.base/java.util.ArrayList.forEach(ArrayList.java:1511)
at org.testng.TestRunner.privateRun(TestRunner.java:794)
at org.testng.TestRunner.run(TestRunner.java:596)
at org.testng.SuiteRunner.runTest(SuiteRunner.java:377)
at org.testng.SuiteRunner.runSequentially(SuiteRunner.java:371)
at org.testng.SuiteRunner.privateRun(SuiteRunner.java:332)
at org.testng.SuiteRunner.run(SuiteRunner.java:276)
at org.testng.SuiteRunnerWorker.runSuite(SuiteRunnerWorker.java:53)
at org.testng.SuiteRunnerWorker.run(SuiteRunnerWorker.java:96)
at org.testng.TestNG.runSuitesSequentially(TestNG.java:1212)
at org.testng.TestNG.runSuitesLocally(TestNG.java:1134)
at org.testng.TestNG.runSuites(TestNG.java:1063)
at org.testng.TestNG.run(TestNG.java:1031)
at org.testng.remote.AbstractRemoteTestNG.run(AbstractRemoteTestNG.java:115)
at org.testng.remote.RemoteTestNG.initAndRun(RemoteTestNG.java:251)
at org.testng.remote.RemoteTestNG.main(RemoteTestNG.java:77)
Caused by: org.openqa.selenium.NoSuchElementException: no such element: Unable to locate element: {"method":"xpath","selector":"//*[@title='Send Contract']"}
  (Session info: chrome=108.0.5359.125)
For documentation on this error, please visit: https://selenium.dev/exceptions/#no_such_element
Build info: version: '4.0.0', revision: '3a21814679'
System info: host: 'DSK-951', ip: '10.0.3.253', os.name: 'Windows 10', os.arch: 'amd64', os.version: '10.0', java.version: '17.0.4.1'
Driver info: org.openqa.selenium.chrome.ChromeDriver
Command: [2ef93308c47aaa2d206d69c2f266ba50, findElement {using=xpath, value=//*[@title='Send Contract']}]
Capabilities {acceptInsecureCerts: false, browserName: chrome, browserVersion: 108.0.5359.125, chrome: {chromedriverVersion: 108.0.5359.71 (1e0e3868ee06..., userDataDir: C:\Users\NITEIN~1.KUR\AppDa...}, goog:chromeOptions: {debuggerAddress: localhost:56913}, javascriptEnabled: true, networkConnectionEnabled: false, pageLoadStrategy: normal, platform: WINDOWS, platformName: WINDOWS, proxy: Proxy(), se:cdp: ws://localhost:56913/devtoo..., se:cdpVersion: 108.0.5359.125, setWindowRect: true, strictFileInteractability: false, timeouts: {implicit: 0, pageLoad: 300000, script: 30000}, unhandledPromptBehavior: dismiss and notify, webauthn:extension:credBlob: true, webauthn:extension:largeBlob: true, webauthn:virtualAuthenticators: true}
Session ID: 2ef93308c47aaa2d206d69c2f266ba50
at jdk.internal.reflect.GeneratedConstructorAccessor24.newInstance(Unknown Source)
at java.base/jdk.internal.reflect.DelegatingConstructorAccessorImpl.newInstance(DelegatingConstructorAccessorImpl.java:45)
at java.base/java.lang.reflect.Constructor.newInstanceWithCaller(Constructor.java:499)
at java.base/java.lang.reflect.Constructor.newInstance(Constructor.java:480)
at org.openqa.selenium.remote.codec.w3c.W3CHttpResponseCodec.createException(W3CHttpResponseCodec.java:200)
at org.openqa.selenium.remote.codec.w3c.W3CHttpResponseCodec.decode(W3CHttpResponseCodec.java:133)
at org.openqa.selenium.remote.codec.w3c.W3CHttpResponseCodec.decode(W3CHttpResponseCodec.java:53)
at org.openqa.selenium.remote.HttpCommandExecutor.execute(HttpCommandExecutor.java:184)
at org.openqa.selenium.remote.service.DriverCommandExecutor.invokeExecute(DriverCommandExecutor.java:164)
at org.openqa.selenium.remote.service.DriverCommandExecutor.execute(DriverCommandExecutor.java:139)
at org.openqa.selenium.remote.RemoteWebDriver.execute(RemoteWebDriver.java:559)
at org.openqa.selenium.remote.ElementLocation$ElementFinder$2.findElement(ElementLocation.java:162)
at org.openqa.selenium.remote.ElementLocation.findElement(ElementLocation.java:60)
at org.openqa.selenium.remote.RemoteWebDriver.findElement(RemoteWebDriver.java:383)
at org.openqa.selenium.remote.RemoteWebDriver.findElement(RemoteWebDriver.java:375)
at org.openqa.selenium.support.pagefactory.DefaultElementLocator.findElement(DefaultElementLocator.java:70)
at org.openqa.selenium.support.pagefactory.internal.LocatingElementHandler.invoke(LocatingElementHandler.java:39)
at jdk.proxy2/jdk.proxy2.$Proxy17.isDisplayed(Unknown Source)
at org.openqa.selenium.support.ui.ExpectedConditions.elementIfVisible(ExpectedConditions.java:307)
at org.openqa.selenium.support.ui.ExpectedConditions.access$000(ExpectedConditions.java:40)
at org.openqa.selenium.support.ui.ExpectedConditions$10.apply(ExpectedConditions.java:293)
at org.openqa.selenium.support.ui.ExpectedConditions$10.apply(ExpectedConditions.java:290)
at org.openqa.selenium.support.ui.ExpectedConditions$23.apply(ExpectedConditions.java:660)
at org.openqa.selenium.support.ui.ExpectedConditions$23.apply(ExpectedConditions.java:656)
at org.openqa.selenium.support.ui.FluentWait.until(FluentWait.java:208)
... 31 more
]]>
            </full-stacktrace>
          </exception> <!-- org.openqa.selenium.TimeoutException -->
          <reporter-output>
            <line>
              <![CDATA[<br>----------Screenshot---------<br>]]>
            </line>
            <line>
              <![CDATA[<img src="D:\StagingNew\AMT_Automation\target\surefire-reports\html\failure_screenshots\verify_contract_is_sent_to_email_id_20_12_2022_07_35_22.png" height="800" width="1000">]]>
            </line>
          </reporter-output>
        </test-method> <!-- verify_contract_is_sent_to_email_id -->
      </class> <!-- com.amt.test.lou.Lead_opportunity_broker_Test -->
    </test> <!-- Default test -->
  </suite> <!-- Default suite -->
</testng-results>
