<?xml version="1.0" encoding="UTF-8"?>
<testng-results ignored="0" total="5" passed="2" failed="1" skipped="2">
  <reporter-output>
    <line>
      <![CDATA[<b>Clicked on Quote button </b> <br />]]>
    </line>
    <line>
      <![CDATA[<b>Selecting used vehicle with registration no. = HK21YPJ and mileage = 10000</b> <br />]]>
    </line>
    <line>
      <![CDATA[<b>Vehicle selected</b> <br />]]>
    </line>
    <line>
      <![CDATA[<b>Paint option has been selected</b> <br />]]>
    </line>
    <line>
      <![CDATA[<b>Interior option has been selected</b> <br />]]>
    </line>
    <line>
      <![CDATA[<b> Acquisition Contract type option = HPNR has been selected</b> <br />]]>
    </line>
    <line>
      <![CDATA[<b> Customer Contract type option = Business Contract Hire(BCH) has been selected</b> <br />]]>
    </line>
    <line>
      <![CDATA[<b>Cost Price ex VAT and RFL from screen is 20708.33</b> <br />]]>
    </line>
    <line>
      <![CDATA[<b>VAT from screen is 4141.67</b> <br />]]>
    </line>
    <line>
      <![CDATA[<b>Cost Price ex VAT and RFL calculated is 20708.33</b> <br />]]>
    </line>
    <line>
      <![CDATA[<b>Cost Price ex VAT and RFL verified and found OK</b> <br />]]>
    </line>
    <line>
      <![CDATA[<b></b> <br />]]>
    </line>
    <line>
      <![CDATA[<b>Entering vehicle cost price and options cost from test data to screen </b> <br />]]>
    </line>
    <line>
      <![CDATA[<b>Reading values from screen after editing Vehicle cost price and options cost</b> <br />]]>
    </line>
    <line>
      <![CDATA[<b>Cost Price ex VAT and RFL from screen is 60000.0</b> <br />]]>
    </line>
    <line>
      <![CDATA[<b>VAT from screen is 12000.0</b> <br />]]>
    </line>
    <line>
      <![CDATA[<b>Cost Price ex VAT and RFL expected from excel is 60000.0</b> <br />]]>
    </line>
    <line>
      <![CDATA[<b>Cost Price ex VAT and RFL verified and found OK</b> <br />]]>
    </line>
    <line>
      <![CDATA[<b>***********Entered in holding cost page ***********</b> <br />]]>
    </line>
  </reporter-output>
  <suite started-at="2023-06-07T16:49:12 IST" name="Default suite" finished-at="2023-06-07T16:50:56 IST" duration-ms="103919">
    <groups>
    </groups>
    <test started-at="2023-06-07T16:49:12 IST" name="Default test" finished-at="2023-06-07T16:50:56 IST" duration-ms="103919">
      <class name="usedLCV.HPNR.Acquisition_Quotes_HPNR_BCH_used_LCV_with_maintenance_Test">
        <test-method is-config="true" signature="setup()[pri:0, instance:usedLCV.HPNR.Acquisition_Quotes_HPNR_BCH_used_LCV_with_maintenance_Test@3c77d488]" started-at="2023-06-07T16:49:12 IST" name="setup" finished-at="2023-06-07T16:49:24 IST" duration-ms="11776" status="PASS">
          <reporter-output>
          </reporter-output>
        </test-method> <!-- setup -->
        <test-method signature="aquisition_quotes_used_LCV_OTR_calculation_with_maintenance_test(java.lang.String,java.lang.String,java.lang.String,java.lang.String,java.lang.String,java.lang.String,java.lang.String,java.lang.String,java.lang.String,java.lang.String,java.lang.String,java.lang.String,java.lang.String,java.lang.String,java.lang.String,java.lang.String,java.lang.String,java.lang.String,java.lang.String,java.lang.String,java.lang.String,java.lang.String,java.lang.String,java.lang.String)[pri:1, instance:usedLCV.HPNR.Acquisition_Quotes_HPNR_BCH_used_LCV_with_maintenance_Test@3c77d488]" started-at="2023-06-07T16:49:26 IST" name="aquisition_quotes_used_LCV_OTR_calculation_with_maintenance_test" data-provider="testData" finished-at="2023-06-07T16:50:07 IST" duration-ms="41291" status="PASS">
          <params>
            <param index="0">
              <value>
                <![CDATA[HK21YPJ]]>
              </value>
            </param>
            <param index="1">
              <value>
                <![CDATA[10000]]>
              </value>
            </param>
            <param index="2">
              <value>
                <![CDATA[60000]]>
              </value>
            </param>
            <param index="3">
              <value>
                <![CDATA[1000]]>
              </value>
            </param>
            <param index="4">
              <value>
                <![CDATA[30]]>
              </value>
            </param>
            <param index="5">
              <value>
                <![CDATA[30]]>
              </value>
            </param>
            <param index="6">
              <value>
                <![CDATA[20000]]>
              </value>
            </param>
            <param index="7">
              <value>
                <![CDATA[50]]>
              </value>
            </param>
            <param index="8">
              <value>
                <![CDATA[10000]]>
              </value>
            </param>
            <param index="9">
              <value>
                <![CDATA[6000]]>
              </value>
            </param>
            <param index="10">
              <value>
                <![CDATA[2000]]>
              </value>
            </param>
            <param index="11">
              <value>
                <![CDATA[1000]]>
              </value>
            </param>
            <param index="12">
              <value>
                <![CDATA[199.99]]>
              </value>
            </param>
            <param index="13">
              <value>
                <![CDATA[500]]>
              </value>
            </param>
            <param index="14">
              <value>
                <![CDATA[200]]>
              </value>
            </param>
            <param index="15">
              <value>
                <![CDATA[200]]>
              </value>
            </param>
            <param index="16">
              <value>
                <![CDATA[35]]>
              </value>
            </param>
            <param index="17">
              <value>
                <![CDATA[35000]]>
              </value>
            </param>
            <param index="18">
              <value>
                <![CDATA[YES]]>
              </value>
            </param>
            <param index="19">
              <value>
                <![CDATA[0.2]]>
              </value>
            </param>
            <param index="20">
              <value>
                <![CDATA[200]]>
              </value>
            </param>
            <param index="21">
              <value>
                <![CDATA[NO]]>
              </value>
            </param>
            <param index="22">
              <value>
                <![CDATA[0]]>
              </value>
            </param>
            <param index="23">
              <value>
                <![CDATA[Formula1-BCH_Used_LCV]]>
              </value>
            </param>
          </params>
          <reporter-output>
            <line>
              <![CDATA[<b>Clicked on Quote button </b> <br />]]>
            </line>
            <line>
              <![CDATA[<b>Selecting used vehicle with registration no. = HK21YPJ and mileage = 10000</b> <br />]]>
            </line>
            <line>
              <![CDATA[<b>Vehicle selected</b> <br />]]>
            </line>
            <line>
              <![CDATA[<b>Paint option has been selected</b> <br />]]>
            </line>
            <line>
              <![CDATA[<b>Interior option has been selected</b> <br />]]>
            </line>
            <line>
              <![CDATA[<b> Acquisition Contract type option = HPNR has been selected</b> <br />]]>
            </line>
            <line>
              <![CDATA[<b> Customer Contract type option = Business Contract Hire(BCH) has been selected</b> <br />]]>
            </line>
            <line>
              <![CDATA[<b>Cost Price ex VAT and RFL from screen is 20708.33</b> <br />]]>
            </line>
            <line>
              <![CDATA[<b>VAT from screen is 4141.67</b> <br />]]>
            </line>
            <line>
              <![CDATA[<b>Cost Price ex VAT and RFL calculated is 20708.33</b> <br />]]>
            </line>
            <line>
              <![CDATA[<b>Cost Price ex VAT and RFL verified and found OK</b> <br />]]>
            </line>
          </reporter-output>
        </test-method> <!-- aquisition_quotes_used_LCV_OTR_calculation_with_maintenance_test -->
        <test-method signature="aquisition_quotes_used_LCV_edit_cost_price_and_check_OTR_with_maintenance_test(java.lang.String,java.lang.String,java.lang.String,java.lang.String,java.lang.String,java.lang.String,java.lang.String,java.lang.String,java.lang.String,java.lang.String,java.lang.String,java.lang.String,java.lang.String,java.lang.String,java.lang.String,java.lang.String,java.lang.String,java.lang.String,java.lang.String,java.lang.String,java.lang.String,java.lang.String,java.lang.String,java.lang.String)[pri:2, instance:usedLCV.HPNR.Acquisition_Quotes_HPNR_BCH_used_LCV_with_maintenance_Test@3c77d488]" started-at="2023-06-07T16:50:08 IST" name="aquisition_quotes_used_LCV_edit_cost_price_and_check_OTR_with_maintenance_test" data-provider="testData" finished-at="2023-06-07T16:50:19 IST" depends-on-methods="usedLCV.HPNR.Acquisition_Quotes_HPNR_BCH_used_LCV_with_maintenance_Test.aquisition_quotes_used_LCV_OTR_calculation_with_maintenance_test" duration-ms="11418" status="PASS">
          <params>
            <param index="0">
              <value>
                <![CDATA[HK21YPJ]]>
              </value>
            </param>
            <param index="1">
              <value>
                <![CDATA[10000]]>
              </value>
            </param>
            <param index="2">
              <value>
                <![CDATA[60000]]>
              </value>
            </param>
            <param index="3">
              <value>
                <![CDATA[1000]]>
              </value>
            </param>
            <param index="4">
              <value>
                <![CDATA[30]]>
              </value>
            </param>
            <param index="5">
              <value>
                <![CDATA[30]]>
              </value>
            </param>
            <param index="6">
              <value>
                <![CDATA[20000]]>
              </value>
            </param>
            <param index="7">
              <value>
                <![CDATA[50]]>
              </value>
            </param>
            <param index="8">
              <value>
                <![CDATA[10000]]>
              </value>
            </param>
            <param index="9">
              <value>
                <![CDATA[6000]]>
              </value>
            </param>
            <param index="10">
              <value>
                <![CDATA[2000]]>
              </value>
            </param>
            <param index="11">
              <value>
                <![CDATA[1000]]>
              </value>
            </param>
            <param index="12">
              <value>
                <![CDATA[199.99]]>
              </value>
            </param>
            <param index="13">
              <value>
                <![CDATA[500]]>
              </value>
            </param>
            <param index="14">
              <value>
                <![CDATA[200]]>
              </value>
            </param>
            <param index="15">
              <value>
                <![CDATA[200]]>
              </value>
            </param>
            <param index="16">
              <value>
                <![CDATA[35]]>
              </value>
            </param>
            <param index="17">
              <value>
                <![CDATA[35000]]>
              </value>
            </param>
            <param index="18">
              <value>
                <![CDATA[YES]]>
              </value>
            </param>
            <param index="19">
              <value>
                <![CDATA[0.2]]>
              </value>
            </param>
            <param index="20">
              <value>
                <![CDATA[200]]>
              </value>
            </param>
            <param index="21">
              <value>
                <![CDATA[NO]]>
              </value>
            </param>
            <param index="22">
              <value>
                <![CDATA[0]]>
              </value>
            </param>
            <param index="23">
              <value>
                <![CDATA[Formula1-BCH_Used_LCV]]>
              </value>
            </param>
          </params>
          <reporter-output>
            <line>
              <![CDATA[<b></b> <br />]]>
            </line>
            <line>
              <![CDATA[<b>Entering vehicle cost price and options cost from test data to screen </b> <br />]]>
            </line>
            <line>
              <![CDATA[<b>Reading values from screen after editing Vehicle cost price and options cost</b> <br />]]>
            </line>
            <line>
              <![CDATA[<b>Cost Price ex VAT and RFL from screen is 60000.0</b> <br />]]>
            </line>
            <line>
              <![CDATA[<b>VAT from screen is 12000.0</b> <br />]]>
            </line>
            <line>
              <![CDATA[<b>Cost Price ex VAT and RFL expected from excel is 60000.0</b> <br />]]>
            </line>
            <line>
              <![CDATA[<b>Cost Price ex VAT and RFL verified and found OK</b> <br />]]>
            </line>
          </reporter-output>
        </test-method> <!-- aquisition_quotes_used_LCV_edit_cost_price_and_check_OTR_with_maintenance_test -->
        <test-method signature="aquisition_quotes_used_LCV_holding_cost_calculations_with_maintenance_test(java.lang.String,java.lang.String,java.lang.String,java.lang.String,java.lang.String,java.lang.String,java.lang.String,java.lang.String,java.lang.String,java.lang.String,java.lang.String,java.lang.String,java.lang.String,java.lang.String,java.lang.String,java.lang.String,java.lang.String,java.lang.String,java.lang.String,java.lang.String,java.lang.String,java.lang.String,java.lang.String,java.lang.String)[pri:3, instance:usedLCV.HPNR.Acquisition_Quotes_HPNR_BCH_used_LCV_with_maintenance_Test@3c77d488]" started-at="2023-06-07T16:50:20 IST" name="aquisition_quotes_used_LCV_holding_cost_calculations_with_maintenance_test" data-provider="testData" finished-at="2023-06-07T16:50:56 IST" depends-on-methods="usedLCV.HPNR.Acquisition_Quotes_HPNR_BCH_used_LCV_with_maintenance_Test.aquisition_quotes_used_LCV_edit_cost_price_and_check_OTR_with_maintenance_test" duration-ms="35956" status="FAIL">
          <params>
            <param index="0">
              <value>
                <![CDATA[HK21YPJ]]>
              </value>
            </param>
            <param index="1">
              <value>
                <![CDATA[10000]]>
              </value>
            </param>
            <param index="2">
              <value>
                <![CDATA[60000]]>
              </value>
            </param>
            <param index="3">
              <value>
                <![CDATA[1000]]>
              </value>
            </param>
            <param index="4">
              <value>
                <![CDATA[30]]>
              </value>
            </param>
            <param index="5">
              <value>
                <![CDATA[30]]>
              </value>
            </param>
            <param index="6">
              <value>
                <![CDATA[20000]]>
              </value>
            </param>
            <param index="7">
              <value>
                <![CDATA[50]]>
              </value>
            </param>
            <param index="8">
              <value>
                <![CDATA[10000]]>
              </value>
            </param>
            <param index="9">
              <value>
                <![CDATA[6000]]>
              </value>
            </param>
            <param index="10">
              <value>
                <![CDATA[2000]]>
              </value>
            </param>
            <param index="11">
              <value>
                <![CDATA[1000]]>
              </value>
            </param>
            <param index="12">
              <value>
                <![CDATA[199.99]]>
              </value>
            </param>
            <param index="13">
              <value>
                <![CDATA[500]]>
              </value>
            </param>
            <param index="14">
              <value>
                <![CDATA[200]]>
              </value>
            </param>
            <param index="15">
              <value>
                <![CDATA[200]]>
              </value>
            </param>
            <param index="16">
              <value>
                <![CDATA[35]]>
              </value>
            </param>
            <param index="17">
              <value>
                <![CDATA[35000]]>
              </value>
            </param>
            <param index="18">
              <value>
                <![CDATA[YES]]>
              </value>
            </param>
            <param index="19">
              <value>
                <![CDATA[0.2]]>
              </value>
            </param>
            <param index="20">
              <value>
                <![CDATA[200]]>
              </value>
            </param>
            <param index="21">
              <value>
                <![CDATA[NO]]>
              </value>
            </param>
            <param index="22">
              <value>
                <![CDATA[0]]>
              </value>
            </param>
            <param index="23">
              <value>
                <![CDATA[Formula1-BCH_Used_LCV]]>
              </value>
            </param>
          </params>
          <exception class="org.openqa.selenium.ElementClickInterceptedException">
            <message>
              <![CDATA[element click intercepted: Element <div class="acc-head havebtns">...</div> is not clickable at point (1142, 416). Other element would receive the click: <div _ngcontent-gdp-c0="" class="loader_div">...</div>
  (Session info: chrome=114.0.5735.110)
Build info: version: '4.0.0', revision: '3a21814679'
System info: host: 'DSK-4052', ip: '172.16.1.80', os.name: 'Windows 10', os.arch: 'amd64', os.version: '10.0', java.version: '19.0.1'
Driver info: org.openqa.selenium.chrome.ChromeDriver
Command: [8157565ae3038ef4bcb8ad3c6ad072c1, clickElement {id=C6726EB0F26E2E3EE0B919A43122202C_element_164}]
Capabilities {acceptInsecureCerts: false, browserName: chrome, browserVersion: 114.0.5735.110, chrome: {chromedriverVersion: 114.0.5735.90 (386bc09e8f4f..., userDataDir: C:\Users\NITEIN~1.KUR\AppDa...}, goog:chromeOptions: {debuggerAddress: localhost:57541}, javascriptEnabled: true, networkConnectionEnabled: false, pageLoadStrategy: normal, platform: WINDOWS, platformName: WINDOWS, proxy: Proxy(), se:cdp: ws://localhost:57541/devtoo..., se:cdpVersion: 114.0.5735.110, setWindowRect: true, strictFileInteractability: false, timeouts: {implicit: 0, pageLoad: 300000, script: 30000}, unhandledPromptBehavior: dismiss and notify, webauthn:extension:credBlob: true, webauthn:extension:largeBlob: true, webauthn:extension:minPinLength: true, webauthn:extension:prf: true, webauthn:virtualAuthenticators: true}
Element: [[ChromeDriver: chrome on WINDOWS (8157565ae3038ef4bcb8ad3c6ad072c1)] -> xpath: //*[contains(text(),' Holding cost summary ')]]
Session ID: 8157565ae3038ef4bcb8ad3c6ad072c1]]>
            </message>
            <full-stacktrace>
              <![CDATA[org.openqa.selenium.ElementClickInterceptedException: element click intercepted: Element <div class="acc-head havebtns">...</div> is not clickable at point (1142, 416). Other element would receive the click: <div _ngcontent-gdp-c0="" class="loader_div">...</div>
  (Session info: chrome=114.0.5735.110)
Build info: version: '4.0.0', revision: '3a21814679'
System info: host: 'DSK-4052', ip: '172.16.1.80', os.name: 'Windows 10', os.arch: 'amd64', os.version: '10.0', java.version: '19.0.1'
Driver info: org.openqa.selenium.chrome.ChromeDriver
Command: [8157565ae3038ef4bcb8ad3c6ad072c1, clickElement {id=C6726EB0F26E2E3EE0B919A43122202C_element_164}]
Capabilities {acceptInsecureCerts: false, browserName: chrome, browserVersion: 114.0.5735.110, chrome: {chromedriverVersion: 114.0.5735.90 (386bc09e8f4f..., userDataDir: C:\Users\NITEIN~1.KUR\AppDa...}, goog:chromeOptions: {debuggerAddress: localhost:57541}, javascriptEnabled: true, networkConnectionEnabled: false, pageLoadStrategy: normal, platform: WINDOWS, platformName: WINDOWS, proxy: Proxy(), se:cdp: ws://localhost:57541/devtoo..., se:cdpVersion: 114.0.5735.110, setWindowRect: true, strictFileInteractability: false, timeouts: {implicit: 0, pageLoad: 300000, script: 30000}, unhandledPromptBehavior: dismiss and notify, webauthn:extension:credBlob: true, webauthn:extension:largeBlob: true, webauthn:extension:minPinLength: true, webauthn:extension:prf: true, webauthn:virtualAuthenticators: true}
Element: [[ChromeDriver: chrome on WINDOWS (8157565ae3038ef4bcb8ad3c6ad072c1)] -> xpath: //*[contains(text(),' Holding cost summary ')]]
Session ID: 8157565ae3038ef4bcb8ad3c6ad072c1
at java.base/jdk.internal.reflect.DirectConstructorHandleAccessor.newInstance(DirectConstructorHandleAccessor.java:67)
at java.base/java.lang.reflect.Constructor.newInstanceWithCaller(Constructor.java:500)
at java.base/java.lang.reflect.Constructor.newInstance(Constructor.java:484)
at org.openqa.selenium.remote.codec.w3c.W3CHttpResponseCodec.createException(W3CHttpResponseCodec.java:200)
at org.openqa.selenium.remote.codec.w3c.W3CHttpResponseCodec.decode(W3CHttpResponseCodec.java:133)
at org.openqa.selenium.remote.codec.w3c.W3CHttpResponseCodec.decode(W3CHttpResponseCodec.java:53)
at org.openqa.selenium.remote.HttpCommandExecutor.execute(HttpCommandExecutor.java:184)
at org.openqa.selenium.remote.service.DriverCommandExecutor.invokeExecute(DriverCommandExecutor.java:164)
at org.openqa.selenium.remote.service.DriverCommandExecutor.execute(DriverCommandExecutor.java:139)
at org.openqa.selenium.remote.RemoteWebDriver.execute(RemoteWebDriver.java:559)
at org.openqa.selenium.remote.RemoteWebElement.execute(RemoteWebElement.java:251)
at org.openqa.selenium.remote.RemoteWebElement.click(RemoteWebElement.java:77)
at java.base/jdk.internal.reflect.DirectMethodHandleAccessor.invoke(DirectMethodHandleAccessor.java:104)
at java.base/java.lang.reflect.Method.invoke(Method.java:578)
at org.openqa.selenium.support.pagefactory.internal.LocatingElementHandler.invoke(LocatingElementHandler.java:52)
at jdk.proxy2/jdk.proxy2.$Proxy20.click(Unknown Source)
at com.amt.testUtil.Click.on(Click.java:18)
at com.amt.HoldingCostPages.HoldingCost_HPNR_BCHPage.verify_holding_cost_before_editing_cap_data_with_maintenance(HoldingCost_HPNR_BCHPage.java:471)
at usedLCV.HPNR.Acquisition_Quotes_HPNR_BCH_used_LCV_with_maintenance_Test.aquisition_quotes_used_LCV_holding_cost_calculations_with_maintenance_test(Acquisition_Quotes_HPNR_BCH_used_LCV_with_maintenance_Test.java:95)
at java.base/jdk.internal.reflect.DirectMethodHandleAccessor.invoke(DirectMethodHandleAccessor.java:104)
at java.base/java.lang.reflect.Method.invoke(Method.java:578)
at org.testng.internal.MethodInvocationHelper.invokeMethod(MethodInvocationHelper.java:133)
at org.testng.internal.TestInvoker.invokeMethod(TestInvoker.java:598)
at org.testng.internal.TestInvoker.invokeTestMethod(TestInvoker.java:173)
at org.testng.internal.MethodRunner.runInSequence(MethodRunner.java:46)
at org.testng.internal.TestInvoker$MethodInvocationAgent.invoke(TestInvoker.java:824)
at org.testng.internal.TestInvoker.invokeTestMethods(TestInvoker.java:146)
at org.testng.internal.TestMethodWorker.invokeTestMethods(TestMethodWorker.java:146)
at org.testng.internal.TestMethodWorker.run(TestMethodWorker.java:128)
at java.base/java.util.ArrayList.forEach(ArrayList.java:1511)
at org.testng.TestRunner.privateRun(TestRunner.java:794)
at org.testng.TestRunner.run(TestRunner.java:596)
at org.testng.SuiteRunner.runTest(SuiteRunner.java:377)
at org.testng.SuiteRunner.runSequentially(SuiteRunner.java:371)
at org.testng.SuiteRunner.privateRun(SuiteRunner.java:332)
at org.testng.SuiteRunner.run(SuiteRunner.java:276)
at org.testng.SuiteRunnerWorker.runSuite(SuiteRunnerWorker.java:53)
at org.testng.SuiteRunnerWorker.run(SuiteRunnerWorker.java:96)
at org.testng.TestNG.runSuitesSequentially(TestNG.java:1212)
at org.testng.TestNG.runSuitesLocally(TestNG.java:1134)
at org.testng.TestNG.runSuites(TestNG.java:1063)
at org.testng.TestNG.run(TestNG.java:1031)
at org.testng.remote.AbstractRemoteTestNG.run(AbstractRemoteTestNG.java:115)
at org.testng.remote.RemoteTestNG.initAndRun(RemoteTestNG.java:251)
at org.testng.remote.RemoteTestNG.main(RemoteTestNG.java:77)
]]>
            </full-stacktrace>
          </exception> <!-- org.openqa.selenium.ElementClickInterceptedException -->
          <reporter-output>
            <line>
              <![CDATA[<b>***********Entered in holding cost page ***********</b> <br />]]>
            </line>
          </reporter-output>
        </test-method> <!-- aquisition_quotes_used_LCV_holding_cost_calculations_with_maintenance_test -->
        <test-method signature="aquisition_quotes_customer_quote_payment_profile_calculations_with_maintenance_test(java.lang.String,java.lang.String,java.lang.String,java.lang.String,java.lang.String,java.lang.String,java.lang.String,java.lang.String,java.lang.String,java.lang.String,java.lang.String,java.lang.String,java.lang.String,java.lang.String,java.lang.String,java.lang.String,java.lang.String,java.lang.String,java.lang.String,java.lang.String,java.lang.String,java.lang.String,java.lang.String,java.lang.String)[pri:4, instance:usedLCV.HPNR.Acquisition_Quotes_HPNR_BCH_used_LCV_with_maintenance_Test@3c77d488]" started-at="2023-06-07T16:50:56 IST" name="aquisition_quotes_customer_quote_payment_profile_calculations_with_maintenance_test" finished-at="2023-06-07T16:50:56 IST" depends-on-methods="usedLCV.HPNR.Acquisition_Quotes_HPNR_BCH_used_LCV_with_maintenance_Test.aquisition_quotes_used_LCV_holding_cost_calculations_with_maintenance_test" duration-ms="0" status="SKIP">
          <exception class="java.lang.Throwable">
            <message>
              <![CDATA[Method Acquisition_Quotes_HPNR_BCH_used_LCV_with_maintenance_Test.aquisition_quotes_customer_quote_payment_profile_calculations_with_maintenance_test(java.lang.String,java.lang.String,java.lang.String,java.lang.String,java.lang.String,java.lang.String,java.lang.String,java.lang.String,java.lang.String,java.lang.String,java.lang.String,java.lang.String,java.lang.String,java.lang.String,java.lang.String,java.lang.String,java.lang.String,java.lang.String,java.lang.String,java.lang.String,java.lang.String,java.lang.String,java.lang.String,java.lang.String)[pri:4, instance:usedLCV.HPNR.Acquisition_Quotes_HPNR_BCH_used_LCV_with_maintenance_Test@3c77d488] depends on not successfully finished methods]]>
            </message>
            <full-stacktrace>
              <![CDATA[java.lang.Throwable: Method Acquisition_Quotes_HPNR_BCH_used_LCV_with_maintenance_Test.aquisition_quotes_customer_quote_payment_profile_calculations_with_maintenance_test(java.lang.String,java.lang.String,java.lang.String,java.lang.String,java.lang.String,java.lang.String,java.lang.String,java.lang.String,java.lang.String,java.lang.String,java.lang.String,java.lang.String,java.lang.String,java.lang.String,java.lang.String,java.lang.String,java.lang.String,java.lang.String,java.lang.String,java.lang.String,java.lang.String,java.lang.String,java.lang.String,java.lang.String)[pri:4, instance:usedLCV.HPNR.Acquisition_Quotes_HPNR_BCH_used_LCV_with_maintenance_Test@3c77d488] depends on not successfully finished methods
at org.testng.internal.TestInvoker.invokeTestMethods(TestInvoker.java:102)
at org.testng.internal.TestMethodWorker.invokeTestMethods(TestMethodWorker.java:146)
at org.testng.internal.TestMethodWorker.run(TestMethodWorker.java:128)
at java.base/java.util.ArrayList.forEach(ArrayList.java:1511)
at org.testng.TestRunner.privateRun(TestRunner.java:794)
at org.testng.TestRunner.run(TestRunner.java:596)
at org.testng.SuiteRunner.runTest(SuiteRunner.java:377)
at org.testng.SuiteRunner.runSequentially(SuiteRunner.java:371)
at org.testng.SuiteRunner.privateRun(SuiteRunner.java:332)
at org.testng.SuiteRunner.run(SuiteRunner.java:276)
at org.testng.SuiteRunnerWorker.runSuite(SuiteRunnerWorker.java:53)
at org.testng.SuiteRunnerWorker.run(SuiteRunnerWorker.java:96)
at org.testng.TestNG.runSuitesSequentially(TestNG.java:1212)
at org.testng.TestNG.runSuitesLocally(TestNG.java:1134)
at org.testng.TestNG.runSuites(TestNG.java:1063)
at org.testng.TestNG.run(TestNG.java:1031)
at org.testng.remote.AbstractRemoteTestNG.run(AbstractRemoteTestNG.java:115)
at org.testng.remote.RemoteTestNG.initAndRun(RemoteTestNG.java:251)
at org.testng.remote.RemoteTestNG.main(RemoteTestNG.java:77)
]]>
            </full-stacktrace>
          </exception> <!-- java.lang.Throwable -->
          <reporter-output>
          </reporter-output>
        </test-method> <!-- aquisition_quotes_customer_quote_payment_profile_calculations_with_maintenance_test -->
        <test-method signature="aquisition_quotes_quote_summary_values_verification_with_maintenance_test(java.lang.String,java.lang.String,java.lang.String,java.lang.String,java.lang.String,java.lang.String,java.lang.String,java.lang.String,java.lang.String,java.lang.String,java.lang.String,java.lang.String,java.lang.String,java.lang.String,java.lang.String,java.lang.String,java.lang.String,java.lang.String,java.lang.String,java.lang.String,java.lang.String,java.lang.String,java.lang.String,java.lang.String)[pri:5, instance:usedLCV.HPNR.Acquisition_Quotes_HPNR_BCH_used_LCV_with_maintenance_Test@3c77d488]" started-at="2023-06-07T16:50:56 IST" name="aquisition_quotes_quote_summary_values_verification_with_maintenance_test" finished-at="2023-06-07T16:50:56 IST" depends-on-methods="usedLCV.HPNR.Acquisition_Quotes_HPNR_BCH_used_LCV_with_maintenance_Test.aquisition_quotes_customer_quote_payment_profile_calculations_with_maintenance_test" duration-ms="0" status="SKIP">
          <exception class="java.lang.Throwable">
            <message>
              <![CDATA[Method Acquisition_Quotes_HPNR_BCH_used_LCV_with_maintenance_Test.aquisition_quotes_quote_summary_values_verification_with_maintenance_test(java.lang.String,java.lang.String,java.lang.String,java.lang.String,java.lang.String,java.lang.String,java.lang.String,java.lang.String,java.lang.String,java.lang.String,java.lang.String,java.lang.String,java.lang.String,java.lang.String,java.lang.String,java.lang.String,java.lang.String,java.lang.String,java.lang.String,java.lang.String,java.lang.String,java.lang.String,java.lang.String,java.lang.String)[pri:5, instance:usedLCV.HPNR.Acquisition_Quotes_HPNR_BCH_used_LCV_with_maintenance_Test@3c77d488] depends on not successfully finished methods]]>
            </message>
            <full-stacktrace>
              <![CDATA[java.lang.Throwable: Method Acquisition_Quotes_HPNR_BCH_used_LCV_with_maintenance_Test.aquisition_quotes_quote_summary_values_verification_with_maintenance_test(java.lang.String,java.lang.String,java.lang.String,java.lang.String,java.lang.String,java.lang.String,java.lang.String,java.lang.String,java.lang.String,java.lang.String,java.lang.String,java.lang.String,java.lang.String,java.lang.String,java.lang.String,java.lang.String,java.lang.String,java.lang.String,java.lang.String,java.lang.String,java.lang.String,java.lang.String,java.lang.String,java.lang.String)[pri:5, instance:usedLCV.HPNR.Acquisition_Quotes_HPNR_BCH_used_LCV_with_maintenance_Test@3c77d488] depends on not successfully finished methods
at org.testng.internal.TestInvoker.invokeTestMethods(TestInvoker.java:102)
at org.testng.internal.TestMethodWorker.invokeTestMethods(TestMethodWorker.java:146)
at org.testng.internal.TestMethodWorker.run(TestMethodWorker.java:128)
at java.base/java.util.ArrayList.forEach(ArrayList.java:1511)
at org.testng.TestRunner.privateRun(TestRunner.java:794)
at org.testng.TestRunner.run(TestRunner.java:596)
at org.testng.SuiteRunner.runTest(SuiteRunner.java:377)
at org.testng.SuiteRunner.runSequentially(SuiteRunner.java:371)
at org.testng.SuiteRunner.privateRun(SuiteRunner.java:332)
at org.testng.SuiteRunner.run(SuiteRunner.java:276)
at org.testng.SuiteRunnerWorker.runSuite(SuiteRunnerWorker.java:53)
at org.testng.SuiteRunnerWorker.run(SuiteRunnerWorker.java:96)
at org.testng.TestNG.runSuitesSequentially(TestNG.java:1212)
at org.testng.TestNG.runSuitesLocally(TestNG.java:1134)
at org.testng.TestNG.runSuites(TestNG.java:1063)
at org.testng.TestNG.run(TestNG.java:1031)
at org.testng.remote.AbstractRemoteTestNG.run(AbstractRemoteTestNG.java:115)
at org.testng.remote.RemoteTestNG.initAndRun(RemoteTestNG.java:251)
at org.testng.remote.RemoteTestNG.main(RemoteTestNG.java:77)
]]>
            </full-stacktrace>
          </exception> <!-- java.lang.Throwable -->
          <reporter-output>
          </reporter-output>
        </test-method> <!-- aquisition_quotes_quote_summary_values_verification_with_maintenance_test -->
      </class> <!-- usedLCV.HPNR.Acquisition_Quotes_HPNR_BCH_used_LCV_with_maintenance_Test -->
    </test> <!-- Default test -->
  </suite> <!-- Default suite -->
</testng-results>
