<?xml version="1.0" encoding="UTF-8"?>
<testng-results ignored="0" total="4" passed="4" failed="0" skipped="0">
  <reporter-output>
    <line>
      <![CDATA[<b>Searching for Order ID BP-36254</b> <br />]]>
    </line>
    <line>
      <![CDATA[<b>File is Uploaded Successfully</b> <br />]]>
    </line>
    <line>
      <![CDATA[<b>File is Uploaded Successfully</b> <br />]]>
    </line>
    <line>
      <![CDATA[<b>Status updated is Delivered</b> <br />]]>
    </line>
    <line>
      <![CDATA[<b>Clicking on Save & Exit</b> <br />]]>
    </line>
    <line>
      <![CDATA[<b>Searching for Order ID BP-36254</b> <br />]]>
    </line>
  </reporter-output>
  <suite started-at="2023-08-11T16:19:13 IST" name="Default suite" finished-at="2023-08-11T16:30:54 IST" duration-ms="700857">
    <groups>
    </groups>
    <test started-at="2023-08-11T16:19:13 IST" name="Default test" finished-at="2023-08-11T16:30:54 IST" duration-ms="700857">
      <class name="orders.OrdersTest">
        <test-method is-config="true" signature="start_info()[pri:0, instance:orders.OrdersTest@2e385cce]" started-at="2023-08-11T16:19:13 IST" name="start_info" finished-at="2023-08-11T16:19:13 IST" duration-ms="5" status="PASS">
          <reporter-output>
          </reporter-output>
        </test-method> <!-- start_info -->
        <test-method is-config="true" signature="setup()[pri:0, instance:orders.OrdersTest@2e385cce]" started-at="2023-08-11T16:19:13 IST" name="setup" finished-at="2023-08-11T16:19:28 IST" duration-ms="14320" status="PASS">
          <reporter-output>
          </reporter-output>
        </test-method> <!-- setup -->
        <test-method signature="open_order_created_in_acquisition_test()[pri:1, instance:orders.OrdersTest@2e385cce]" started-at="2023-08-11T16:19:28 IST" name="open_order_created_in_acquisition_test" finished-at="2023-08-11T16:20:50 IST" duration-ms="82388" status="PASS">
          <reporter-output>
            <line>
              <![CDATA[<b>Searching for Order ID BP-36254</b> <br />]]>
            </line>
          </reporter-output>
        </test-method> <!-- open_order_created_in_acquisition_test -->
        <test-method signature="open_vehicle_order_tab_test()[pri:2, instance:orders.OrdersTest@2e385cce]" started-at="2023-08-11T16:20:50 IST" name="open_vehicle_order_tab_test" finished-at="2023-08-11T16:26:10 IST" depends-on-methods="orders.OrdersTest.open_order_created_in_acquisition_test" duration-ms="319995" status="PASS">
          <reporter-output>
            <line>
              <![CDATA[<b>File is Uploaded Successfully</b> <br />]]>
            </line>
            <line>
              <![CDATA[<b>File is Uploaded Successfully</b> <br />]]>
            </line>
            <line>
              <![CDATA[<b>Status updated is Delivered</b> <br />]]>
            </line>
            <line>
              <![CDATA[<b>Clicking on Save & Exit</b> <br />]]>
            </line>
          </reporter-output>
        </test-method> <!-- open_vehicle_order_tab_test -->
        <test-method signature="open_order_in_stocklist_after_delivering_vehicel_from_orders()[pri:3, instance:orders.OrdersTest@2e385cce]" started-at="2023-08-11T16:26:10 IST" name="open_order_in_stocklist_after_delivering_vehicel_from_orders" finished-at="2023-08-11T16:27:23 IST" depends-on-methods="orders.OrdersTest.open_vehicle_order_tab_test" duration-ms="72405" status="PASS">
          <reporter-output>
            <line>
              <![CDATA[<b>Searching for Order ID BP-36254</b> <br />]]>
            </line>
          </reporter-output>
        </test-method> <!-- open_order_in_stocklist_after_delivering_vehicel_from_orders -->
        <test-method signature="publish_vehicle_to_front_office()[pri:4, instance:orders.OrdersTest@2e385cce]" started-at="2023-08-11T16:27:23 IST" name="publish_vehicle_to_front_office" finished-at="2023-08-11T16:30:54 IST" depends-on-methods="orders.OrdersTest.open_order_in_stocklist_after_delivering_vehicel_from_orders" duration-ms="211713" status="PASS">
          <reporter-output>
          </reporter-output>
        </test-method> <!-- publish_vehicle_to_front_office -->
        <test-method is-config="true" signature="end()[pri:0, instance:orders.OrdersTest@2e385cce]" started-at="2023-08-11T16:30:54 IST" name="end" finished-at="2023-08-11T16:30:54 IST" duration-ms="0" status="PASS">
          <reporter-output>
          </reporter-output>
        </test-method> <!-- end -->
      </class> <!-- orders.OrdersTest -->
    </test> <!-- Default test -->
  </suite> <!-- Default suite -->
</testng-results>
