<?xml version="1.0" encoding="UTF-8"?>
<testng-results ignored="0" total="27" passed="27" failed="0" skipped="0">
  <reporter-output>
    <line>
      <![CDATA[<b></b> <br />]]>
    </line>
    <line>
      <![CDATA[<b>Searching for Order ID OP-38804</b> <br />]]>
    </line>
    <line>
      <![CDATA[<b></b> <br />]]>
    </line>
    <line>
      <![CDATA[<b>Checking pre-order checks</b> <br />]]>
    </line>
    <line>
      <![CDATA[<b>Started verifying monthly payment does not change after editing the basic cash price</b> <br />]]>
    </line>
    <line>
      <![CDATA[<b>Monthly payment Before Editing the Cash Price is 613.22</b> <br />]]>
    </line>
    <line>
      <![CDATA[<b>Vehicle's Basic Cash Price Changed to 60,000</b> <br />]]>
    </line>
    <line>
      <![CDATA[<b>Now Getting the Monthly payment from customer contract tab</b> <br />]]>
    </line>
    <line>
      <![CDATA[<b>Monthly payment After Editing the Cash Price is 613.48</b> <br />]]>
    </line>
    <line>
      <![CDATA[<b>Verified that monthly payment does not change after editing the basic cash price</b> <br />]]>
    </line>
    <line>
      <![CDATA[<b></b> <br />]]>
    </line>
    <line>
      <![CDATA[<b>Writing Holding Cost Summary values to excel has been completed</b> <br />]]>
    </line>
    <line>
      <![CDATA[<b>Actual and Expected Message matches, hence test passed</b> <br />]]>
    </line>
    <line>
      <![CDATA[<b>Started verifying monthly payment does not change after de-selecting the funder on asset funding tab</b> <br />]]>
    </line>
    <line>
      <![CDATA[<b>Monthly payment Before De-selecting the funder is 613.48</b> <br />]]>
    </line>
    <line>
      <![CDATA[<b>Funder De-selected</b> <br />]]>
    </line>
    <line>
      <![CDATA[<b>Now Getting the Monthly payment from customer contract tab</b> <br />]]>
    </line>
    <line>
      <![CDATA[<b>Monthly payment After De-selecting the funder is 613.48</b> <br />]]>
    </line>
    <line>
      <![CDATA[<b>Verified that monthly payment does not change after Deselecting the funder on asset funding tab</b> <br />]]>
    </line>
    <line>
      <![CDATA[<b>Order -- Default Status - Found OK i.e Order Pending </b> <br />]]>
    </line>
    <line>
      <![CDATA[<b>File is Uploaded Successfully</b> <br />]]>
    </line>
    <line>
      <![CDATA[<b>Order Status after uploading order form - Found OK i.e Order Confirmed </b> <br />]]>
    </line>
    <line>
      <![CDATA[<b></b> <br />]]>
    </line>
    <line>
      <![CDATA[<b>Clicking on PAYMENTS TO DEALER</b> <br />]]>
    </line>
    <line>
      <![CDATA[<b>Payments to dealer -- Default Status - Found OK i.e Payment Required</b> <br />]]>
    </line>
    <line>
      <![CDATA[<b></b> <br />]]>
    </line>
    <line>
      <![CDATA[<b>Click on a payments by dropdown and Select option AMT</b> <br />]]>
    </line>
    <line>
      <![CDATA[<b></b> <br />]]>
    </line>
    <line>
      <![CDATA[<b>Clicking on PAYMENTS TO DEALER</b> <br />]]>
    </line>
    <line>
      <![CDATA[<b>Payments to dealer -- Default Status - Found OK i.e Payment Required</b> <br />]]>
    </line>
    <line>
      <![CDATA[<b>Payments to Supplier Status after selecting payment sent date - Found OK i.e Payment Sent</b> <br />]]>
    </line>
    <line>
      <![CDATA[<b></b> <br />]]>
    </line>
    <line>
      <![CDATA[<b>Opening Customer Contract Tab</b> <br />]]>
    </line>
    <line>
      <![CDATA[<b>Started verifying acceptance conditions default status</b> <br />]]>
    </line>
    <line>
      <![CDATA[<b>Default status for acceptance condition for ownbook - Found OK i.e Not Required</b> <br />]]>
    </line>
    <line>
      <![CDATA[<b>Started Verifying Quote Summary and Configuration Values</b> <br />]]>
    </line>
    <line>
      <![CDATA[<b></b> <br />]]>
    </line>
    <line>
      <![CDATA[<b>HOJ32134 != CWT12978</b> <br />]]>
    </line>
    <line>
      <![CDATA[<b>Quote no. compared but found not ok</b> <br />]]>
    </line>
    <line>
      <![CDATA[<b></b> <br />]]>
    </line>
    <line>
      <![CDATA[<b>MERCEDES-BENZ A CLASS AMG HATCHBACK (2019 - Current) A35 4Matic Premium 5dr Auto = MERCEDES-BENZ A CLASS AMG HATCHBACK (2019 - Current) A35 4Matic Premium 5dr Auto</b> <br />]]>
    </line>
    <line>
      <![CDATA[<b>Vehicle name compared and found ok</b> <br />]]>
    </line>
    <line>
      <![CDATA[<b></b> <br />]]>
    </line>
    <line>
      <![CDATA[<b>Hire Purchase Non-Regulated = Hire Purchase Non-Regulated</b> <br />]]>
    </line>
    <line>
      <![CDATA[<b>Contract type compared and found ok</b> <br />]]>
    </line>
    <line>
      <![CDATA[<b></b> <br />]]>
    </line>
    <line>
      <![CDATA[<b>33.0 = 33.0</b> <br />]]>
    </line>
    <line>
      <![CDATA[<b>Terms compared and found ok</b> <br />]]>
    </line>
    <line>
      <![CDATA[<b></b> <br />]]>
    </line>
    <line>
      <![CDATA[<b>5000.0 = 5000.0</b> <br />]]>
    </line>
    <line>
      <![CDATA[<b>Mileage compared and found ok</b> <br />]]>
    </line>
    <line>
      <![CDATA[<b></b> <br />]]>
    </line>
    <line>
      <![CDATA[<b>53163.4 != 20208.33</b> <br />]]>
    </line>
    <line>
      <![CDATA[<b>Basic Cash Price found wrong</b> <br />]]>
    </line>
    <line>
      <![CDATA[<b></b> <br />]]>
    </line>
    <line>
      <![CDATA[<b>10632.68 != 4041.666</b> <br />]]>
    </line>
    <line>
      <![CDATA[<b>VAT found wrong</b> <br />]]>
    </line>
    <line>
      <![CDATA[<b></b> <br />]]>
    </line>
    <line>
      <![CDATA[<b>0.0 = 0.0</b> <br />]]>
    </line>
    <line>
      <![CDATA[<b>Non VAT Items Value found OK</b> <br />]]>
    </line>
    <line>
      <![CDATA[<b></b> <br />]]>
    </line>
    <line>
      <![CDATA[<b>63796.08 != 24249.996000000003</b> <br />]]>
    </line>
    <line>
      <![CDATA[<b>Total Cash Price found wrong</b> <br />]]>
    </line>
    <line>
      <![CDATA[<b></b> <br />]]>
    </line>
    <line>
      <![CDATA[<b>5000.0 = 5000.0</b> <br />]]>
    </line>
    <line>
      <![CDATA[<b>Order Deposit found OK</b> <br />]]>
    </line>
    <line>
      <![CDATA[<b></b> <br />]]>
    </line>
    <line>
      <![CDATA[<b>4000.0 = 4000.0</b> <br />]]>
    </line>
    <line>
      <![CDATA[<b>Finance Deposit found OK</b> <br />]]>
    </line>
    <line>
      <![CDATA[<b></b> <br />]]>
    </line>
    <line>
      <![CDATA[<b>9000.0 = 9000.0</b> <br />]]>
    </line>
    <line>
      <![CDATA[<b>Total Deposit found OK</b> <br />]]>
    </line>
    <line>
      <![CDATA[<b></b> <br />]]>
    </line>
    <line>
      <![CDATA[<b>54796.08 != 15249.996000000003</b> <br />]]>
    </line>
    <line>
      <![CDATA[<b>Balance to Finance found wrong</b> <br />]]>
    </line>
    <line>
      <![CDATA[<b></b> <br />]]>
    </line>
    <line>
      <![CDATA[<b>-29164.72 != 10381.403666774302</b> <br />]]>
    </line>
    <line>
      <![CDATA[<b>Finance Charges - found wrong</b> <br />]]>
    </line>
    <line>
      <![CDATA[<b></b> <br />]]>
    </line>
    <line>
      <![CDATA[<b>199.99 = 199.99</b> <br />]]>
    </line>
    <line>
      <![CDATA[<b>Document Fee - found OK</b> <br />]]>
    </line>
    <line>
      <![CDATA[<b></b> <br />]]>
    </line>
    <line>
      <![CDATA[<b>25881.35 = 25881.387666774306</b> <br />]]>
    </line>
    <line>
      <![CDATA[<b>Balance Payable - found OK</b> <br />]]>
    </line>
    <line>
      <![CDATA[<b></b> <br />]]>
    </line>
    <line>
      <![CDATA[<b>10.0 = 10.0</b> <br />]]>
    </line>
    <line>
      <![CDATA[<b>Option To Purchase Fee - found OK</b> <br />]]>
    </line>
    <line>
      <![CDATA[<b></b> <br />]]>
    </line>
    <line>
      <![CDATA[<b>9239.99 = 9239.988</b> <br />]]>
    </line>
    <line>
      <![CDATA[<b>Initial Cash Payment - found OK</b> <br />]]>
    </line>
    <line>
      <![CDATA[<b></b> <br />]]>
    </line>
    <line>
      <![CDATA[<b>32.0 = 32.0</b> <br />]]>
    </line>
    <line>
      <![CDATA[<b>Followed By months - found OK</b> <br />]]>
    </line>
    <line>
      <![CDATA[<b></b> <br />]]>
    </line>
    <line>
      <![CDATA[<b>613.48 = 613.4812395866969</b> <br />]]>
    </line>
    <line>
      <![CDATA[<b>Monthly Finance Payment - found OK</b> <br />]]>
    </line>
    <line>
      <![CDATA[<b></b> <br />]]>
    </line>
    <line>
      <![CDATA[<b>6000.0 = 6000.0</b> <br />]]>
    </line>
    <line>
      <![CDATA[<b>Balloon Value - found OK</b> <br />]]>
    </line>
    <line>
      <![CDATA[<b></b> <br />]]>
    </line>
    <line>
      <![CDATA[<b>6010.0 = 6010.0</b> <br />]]>
    </line>
    <line>
      <![CDATA[<b>Final Payment - found OK</b> <br />]]>
    </line>
    <line>
      <![CDATA[<b></b> <br />]]>
    </line>
    <line>
      <![CDATA[<b>-6836.6 != 1833.3300000000027</b> <br />]]>
    </line>
    <line>
      <![CDATA[<b>Vehicle Commission - found wrong</b> <br />]]>
    </line>
    <line>
      <![CDATA[<b></b> <br />]]>
    </line>
    <line>
      <![CDATA[<b>428.09 != 119.14059375</b> <br />]]>
    </line>
    <line>
      <![CDATA[<b>Default Finance Commission - found wrong</b> <br />]]>
    </line>
    <line>
      <![CDATA[<b></b> <br />]]>
    </line>
    <line>
      <![CDATA[<b>99.99 = 99.99000000000001</b> <br />]]>
    </line>
    <line>
      <![CDATA[<b>Document Fee Commission - found OK</b> <br />]]>
    </line>
    <line>
      <![CDATA[<b></b> <br />]]>
    </line>
    <line>
      <![CDATA[<b>-6308.52 != 2712.4605937500028</b> <br />]]>
    </line>
    <line>
      <![CDATA[<b>Total Commission - found wrong</b> <br />]]>
    </line>
    <line>
      <![CDATA[<b></b> <br />]]>
    </line>
    <line>
      <![CDATA[<b></b> <br />]]>
    </line>
    <line>
      <![CDATA[<b>7.0 = 7.0</b> <br />]]>
    </line>
    <line>
      <![CDATA[<b>Base Interest Rate found OK</b> <br />]]>
    </line>
    <line>
      <![CDATA[<b></b> <br />]]>
    </line>
    <line>
      <![CDATA[<b>1947.6 = 1947.6396667743065</b> <br />]]>
    </line>
    <line>
      <![CDATA[<b>Finance Margin found OK</b> <br />]]>
    </line>
    <line>
      <![CDATA[<b></b> <br />]]>
    </line>
    <line>
      <![CDATA[<b>513.71 != 142.9687125</b> <br />]]>
    </line>
    <line>
      <![CDATA[<b>Deductions found wrong</b> <br />]]>
    </line>
    <line>
      <![CDATA[<b></b> <br />]]>
    </line>
    <line>
      <![CDATA[<b>99.99 != 6699.99</b> <br />]]>
    </line>
    <line>
      <![CDATA[<b>Additional Margin found wrong</b> <br />]]>
    </line>
    <line>
      <![CDATA[<b></b> <br />]]>
    </line>
    <line>
      <![CDATA[<b>1533.88 != 8504.660954274306</b> <br />]]>
    </line>
    <line>
      <![CDATA[<b>Total Margin found wrong</b> <br />]]>
    </line>
    <line>
      <![CDATA[<b></b> <br />]]>
    </line>
    <line>
      <![CDATA[<b>0.94 = 0.9375000000000001</b> <br />]]>
    </line>
    <line>
      <![CDATA[<b>Default Broker Margin percentage found OK</b> <br />]]>
    </line>
    <line>
      <![CDATA[<b></b> <br />]]>
    </line>
    <line>
      <![CDATA[<b>12.0 = 12.000000000000002</b> <br />]]>
    </line>
    <line>
      <![CDATA[<b>Customer Interest Rate found OK</b> <br />]]>
    </line>
    <line>
      <![CDATA[<b></b> <br />]]>
    </line>
    <line>
      <![CDATA[<b>99.99 = 99.99000000000001</b> <br />]]>
    </line>
    <line>
      <![CDATA[<b>Document Fee Margin found OK</b> <br />]]>
    </line>
    <line>
      <![CDATA[<b></b> <br />]]>
    </line>
    <line>
      <![CDATA[<b>513.71 != 142.9687125</b> <br />]]>
    </line>
    <line>
      <![CDATA[<b>Default Broker Margin  found wrong</b> <br />]]>
    </line>
    <line>
      <![CDATA[<b></b> <br />]]>
    </line>
    <line>
      <![CDATA[<b>One or More than One values in Quote Summary and Configuration Values on Customer Contract tab may be wrong , please check all above values printed on console</b> <br />]]>
    </line>
    <line>
      <![CDATA[<b></b> <br />]]>
    </line>
    <line>
      <![CDATA[<b></b> <br />]]>
    </line>
    <line>
      <![CDATA[<b>Started Verifying Payments  Statuses</b> <br />]]>
    </line>
    <line>
      <![CDATA[<b>Clicking on PAYMENTS</b> <br />]]>
    </line>
    <line>
      <![CDATA[<b>Payment -- Default Status - Found OK i.e Payment Required</b> <br />]]>
    </line>
    <line>
      <![CDATA[<b></b> <br />]]>
    </line>
    <line>
      <![CDATA[<b>Generating Invoices</b> <br />]]>
    </line>
    <line>
      <![CDATA[<b>Invoices Generated</b> <br />]]>
    </line>
    <line>
      <![CDATA[<b>Clicked On New Payment</b> <br />]]>
    </line>
    <line>
      <![CDATA[<b>Selecting Invoices/Deposits</b> <br />]]>
    </line>
    <line>
      <![CDATA[<b>Invoices/Deposits Selected</b> <br />]]>
    </line>
    <line>
      <![CDATA[<b>File is Uploaded Successfully</b> <br />]]>
    </line>
    <line>
      <![CDATA[<b>All Payments Done</b> <br />]]>
    </line>
    <line>
      <![CDATA[<b></b> <br />]]>
    </line>
    <line>
      <![CDATA[<b>Status for Payment after making payment - Found OK i.e Payment Received</b> <br />]]>
    </line>
    <line>
      <![CDATA[<b>Clicking on DELIVERY</b> <br />]]>
    </line>
    <line>
      <![CDATA[<b>Delivery Status after selecting delivery date offered - Found OK i.e Awaiting Booking</b> <br />]]>
    </line>
    <line>
      <![CDATA[<b>Delivery Status after selecting confirmed delivery date - Found OK i.e Delivery Booked</b> <br />]]>
    </line>
    <line>
      <![CDATA[<b>Delivery Status after uploading the delivery note - Found OK i.e Delivered</b> <br />]]>
    </line>
    <line>
      <![CDATA[<b>Delivery Status are running in parallel for Customer Contract Tab and Vehicle Order Tab , Found OK</b> <br />]]>
    </line>
    <line>
      <![CDATA[<b></b> <br />]]>
    </line>
    <line>
      <![CDATA[<b>Verifying delivery section gets enabled and delivery status is reversed to default when deliver to customer toggle button is made off</b> <br />]]>
    </line>
    <line>
      <![CDATA[<b>Delivery section is visible when direct to customer toggle button is made off</b> <br />]]>
    </line>
    <line>
      <![CDATA[<b>Delivery Status (after making direct to customer toggle off) gets reversed to default</b> <br />]]>
    </line>
    <line>
      <![CDATA[<b>Clicking on DELIVERY</b> <br />]]>
    </line>
    <line>
      <![CDATA[<b>Delivery Status after selecting delivery date offered - Found OK i.e Awaiting Booking</b> <br />]]>
    </line>
    <line>
      <![CDATA[<b>Delivery Status after selecting confirmed delivery date - Found OK i.e Delivery Booked</b> <br />]]>
    </line>
    <line>
      <![CDATA[<b>Delivery Status after uploading the delivery note - Found OK i.e Delivered</b> <br />]]>
    </line>
    <line>
      <![CDATA[<b></b> <br />]]>
    </line>
    <line>
      <![CDATA[<b>Sterted Verifying Finance Document Statuses for required flow</b> <br />]]>
    </line>
    <line>
      <![CDATA[<b>Finance Document Status after selecting agreement requested date- Found OK i.e Finance docs Requested</b> <br />]]>
    </line>
    <line>
      <![CDATA[<b>Finance Document Status after selecting agreement received date- Found OK i.e Finance Docs Received</b> <br />]]>
    </line>
    <line>
      <![CDATA[<b>Finance Document Status after uploading signed documents - Found OK i.e Finance Docs Signed</b> <br />]]>
    </line>
    <line>
      <![CDATA[<b>Finance Document Status after selecting uploaded to funder date- Found OK i.e Upload to Funder</b> <br />]]>
    </line>
    <line>
      <![CDATA[<b>Finance Document Status after selecting activation date- Found OK i.e Finance Activated</b> <br />]]>
    </line>
    <line>
      <![CDATA[<b></b> <br />]]>
    </line>
    <line>
      <![CDATA[<b>Sterted Verifying Payments to Funder Statuses for required flow</b> <br />]]>
    </line>
    <line>
      <![CDATA[<b>Clicking on PAYMENT</b> <br />]]>
    </line>
    <line>
      <![CDATA[<b>Payment to funder -- Default Status - Found OK i.e Payment Required</b> <br />]]>
    </line>
    <line>
      <![CDATA[<b>Status for Payment after selecting payment requested date- Found OK i.e Payment Requested</b> <br />]]>
    </line>
    <line>
      <![CDATA[<b>Status for Payment after selecting payment sent date- Found OK i.e Payment Sent</b> <br />]]>
    </line>
    <line>
      <![CDATA[<b></b> <br />]]>
    </line>
    <line>
      <![CDATA[<b>Click on complete funding</b> <br />]]>
    </line>
    <line>
      <![CDATA[<b>Status for Asset Funding after completing funding found OK i.e.Completed</b> <br />]]>
    </line>
  </reporter-output>
  <suite started-at="2024-01-19T14:25:53 IST" name="Suite" finished-at="2024-01-19T14:48:37 IST" duration-ms="1364198">
    <groups>
    </groups>
    <test started-at="2024-01-19T14:25:53 IST" name="Verify With Customer Flow For Ownbook Purchase Funder" finished-at="2024-01-19T14:48:37 IST" duration-ms="1364198">
      <class name="orders.Orders_Verify_used_car_ownbook_business_purchase_funder_With_Customer_Flow_Test">
        <test-method is-config="true" signature="start_info()[pri:0, instance:orders.Orders_Verify_used_car_ownbook_business_purchase_funder_With_Customer_Flow_Test@117159c0]" started-at="2024-01-19T14:25:53 IST" name="start_info" finished-at="2024-01-19T14:25:53 IST" duration-ms="6" status="PASS">
          <reporter-output>
          </reporter-output>
        </test-method> <!-- start_info -->
        <test-method is-config="true" signature="setup()[pri:0, instance:orders.Orders_Verify_used_car_ownbook_business_purchase_funder_With_Customer_Flow_Test@117159c0]" started-at="2024-01-19T14:25:53 IST" name="setup" finished-at="2024-01-19T14:26:02 IST" duration-ms="9496" status="PASS">
          <reporter-output>
          </reporter-output>
        </test-method> <!-- setup -->
        <test-method signature="T1_open_order_created_in_acquisition_test()[pri:1, instance:orders.Orders_Verify_used_car_ownbook_business_purchase_funder_With_Customer_Flow_Test@117159c0]" started-at="2024-01-19T14:26:02 IST" name="T1_open_order_created_in_acquisition_test" finished-at="2024-01-19T14:27:33 IST" duration-ms="90515" status="PASS">
          <reporter-output>
            <line>
              <![CDATA[<b></b> <br />]]>
            </line>
            <line>
              <![CDATA[<b>Searching for Order ID OP-38804</b> <br />]]>
            </line>
          </reporter-output>
        </test-method> <!-- T1_open_order_created_in_acquisition_test -->
        <test-method signature="T2_pre_order_pass_check_in_customer_contract_tab_test()[pri:2, instance:orders.Orders_Verify_used_car_ownbook_business_purchase_funder_With_Customer_Flow_Test@117159c0]" started-at="2024-01-19T14:27:33 IST" name="T2_pre_order_pass_check_in_customer_contract_tab_test" finished-at="2024-01-19T14:27:50 IST" depends-on-methods="orders.Orders_Verify_used_car_ownbook_business_purchase_funder_With_Customer_Flow_Test.T1_open_order_created_in_acquisition_test" duration-ms="17471" status="PASS">
          <reporter-output>
            <line>
              <![CDATA[<b></b> <br />]]>
            </line>
            <line>
              <![CDATA[<b>Checking pre-order checks</b> <br />]]>
            </line>
          </reporter-output>
        </test-method> <!-- T2_pre_order_pass_check_in_customer_contract_tab_test -->
        <test-method signature="T3_verify_that_editing_the_basic_cash_price_does_not_affect_the_monthly_payment_on_customer_contract_tab_test()[pri:3, instance:orders.Orders_Verify_used_car_ownbook_business_purchase_funder_With_Customer_Flow_Test@117159c0]" started-at="2024-01-19T14:27:50 IST" name="T3_verify_that_editing_the_basic_cash_price_does_not_affect_the_monthly_payment_on_customer_contract_tab_test" finished-at="2024-01-19T14:28:47 IST" depends-on-methods="orders.Orders_Verify_used_car_ownbook_business_purchase_funder_With_Customer_Flow_Test.T2_pre_order_pass_check_in_customer_contract_tab_test" duration-ms="56075" status="PASS">
          <reporter-output>
            <line>
              <![CDATA[<b>Started verifying monthly payment does not change after editing the basic cash price</b> <br />]]>
            </line>
            <line>
              <![CDATA[<b>Monthly payment Before Editing the Cash Price is 613.22</b> <br />]]>
            </line>
            <line>
              <![CDATA[<b>Vehicle's Basic Cash Price Changed to 60,000</b> <br />]]>
            </line>
            <line>
              <![CDATA[<b>Now Getting the Monthly payment from customer contract tab</b> <br />]]>
            </line>
            <line>
              <![CDATA[<b>Monthly payment After Editing the Cash Price is 613.48</b> <br />]]>
            </line>
            <line>
              <![CDATA[<b>Verified that monthly payment does not change after editing the basic cash price</b> <br />]]>
            </line>
          </reporter-output>
        </test-method> <!-- T3_verify_that_editing_the_basic_cash_price_does_not_affect_the_monthly_payment_on_customer_contract_tab_test -->
        <test-method signature="T4_verify_that_same_funder_with_same_term_and_mileage_can_not_be_added_for_with_customer_flow_test(java.lang.String,java.lang.String,java.lang.String,java.lang.String,java.lang.String,java.lang.String,java.lang.String,java.lang.String,java.lang.String,java.lang.String,java.lang.String)[pri:4, instance:orders.Orders_Verify_used_car_ownbook_business_purchase_funder_With_Customer_Flow_Test@117159c0]" started-at="2024-01-19T14:28:47 IST" name="T4_verify_that_same_funder_with_same_term_and_mileage_can_not_be_added_for_with_customer_flow_test" data-provider="testData1" finished-at="2024-01-19T14:29:20 IST" depends-on-methods="orders.Orders_Verify_used_car_ownbook_business_purchase_funder_With_Customer_Flow_Test.T3_verify_that_editing_the_basic_cash_price_does_not_affect_the_monthly_payment_on_customer_contract_tab_test" duration-ms="32982" status="PASS">
          <params>
            <param index="0">
              <value>
                <![CDATA[REF001]]>
              </value>
            </param>
            <param index="1">
              <value>
                <![CDATA[05/12/26]]>
              </value>
            </param>
            <param index="2">
              <value>
                <![CDATA[33]]>
              </value>
            </param>
            <param index="3">
              <value>
                <![CDATA[5000]]>
              </value>
            </param>
            <param index="4">
              <value>
                <![CDATA[1000]]>
              </value>
            </param>
            <param index="5">
              <value>
                <![CDATA[200]]>
              </value>
            </param>
            <param index="6">
              <value>
                <![CDATA[12]]>
              </value>
            </param>
            <param index="7">
              <value>
                <![CDATA[500]]>
              </value>
            </param>
            <param index="8">
              <value>
                <![CDATA[6000]]>
              </value>
            </param>
            <param index="9">
              <value>
                <![CDATA[20]]>
              </value>
            </param>
            <param index="10">
              <value>
                <![CDATA[HPNR (Formula 3) - HPNR]]>
              </value>
            </param>
          </params>
          <reporter-output>
            <line>
              <![CDATA[<b></b> <br />]]>
            </line>
            <line>
              <![CDATA[<b>Writing Holding Cost Summary values to excel has been completed</b> <br />]]>
            </line>
            <line>
              <![CDATA[<b>Actual and Expected Message matches, hence test passed</b> <br />]]>
            </line>
          </reporter-output>
        </test-method> <!-- T4_verify_that_same_funder_with_same_term_and_mileage_can_not_be_added_for_with_customer_flow_test -->
        <test-method signature="T5_verify_that_deselecting_the_selected_funder_does_not_affect_the_monthly_payment_on_customer_contract_tab_test()[pri:5, instance:orders.Orders_Verify_used_car_ownbook_business_purchase_funder_With_Customer_Flow_Test@117159c0]" started-at="2024-01-19T14:29:20 IST" name="T5_verify_that_deselecting_the_selected_funder_does_not_affect_the_monthly_payment_on_customer_contract_tab_test" finished-at="2024-01-19T14:30:28 IST" depends-on-methods="orders.Orders_Verify_used_car_ownbook_business_purchase_funder_With_Customer_Flow_Test.T4_verify_that_same_funder_with_same_term_and_mileage_can_not_be_added_for_with_customer_flow_test" duration-ms="67441" status="PASS">
          <reporter-output>
            <line>
              <![CDATA[<b>Started verifying monthly payment does not change after de-selecting the funder on asset funding tab</b> <br />]]>
            </line>
            <line>
              <![CDATA[<b>Monthly payment Before De-selecting the funder is 613.48</b> <br />]]>
            </line>
            <line>
              <![CDATA[<b>Funder De-selected</b> <br />]]>
            </line>
            <line>
              <![CDATA[<b>Now Getting the Monthly payment from customer contract tab</b> <br />]]>
            </line>
            <line>
              <![CDATA[<b>Monthly payment After De-selecting the funder is 613.48</b> <br />]]>
            </line>
            <line>
              <![CDATA[<b>Verified that monthly payment does not change after Deselecting the funder on asset funding tab</b> <br />]]>
            </line>
          </reporter-output>
        </test-method> <!-- T5_verify_that_deselecting_the_selected_funder_does_not_affect_the_monthly_payment_on_customer_contract_tab_test -->
        <test-method signature="T6_verify_default_order_status_vehicle_tab_test()[pri:6, instance:orders.Orders_Verify_used_car_ownbook_business_purchase_funder_With_Customer_Flow_Test@117159c0]" started-at="2024-01-19T14:30:28 IST" name="T6_verify_default_order_status_vehicle_tab_test" finished-at="2024-01-19T14:30:38 IST" depends-on-methods="orders.Orders_Verify_used_car_ownbook_business_purchase_funder_With_Customer_Flow_Test.T5_verify_that_deselecting_the_selected_funder_does_not_affect_the_monthly_payment_on_customer_contract_tab_test" duration-ms="10397" status="PASS">
          <reporter-output>
            <line>
              <![CDATA[<b>Order -- Default Status - Found OK i.e Order Pending </b> <br />]]>
            </line>
          </reporter-output>
        </test-method> <!-- T6_verify_default_order_status_vehicle_tab_test -->
        <test-method signature="T7_verify_order_status_after_uploading_order_form_in_vehicle_tab_test()[pri:7, instance:orders.Orders_Verify_used_car_ownbook_business_purchase_funder_With_Customer_Flow_Test@117159c0]" started-at="2024-01-19T14:30:38 IST" name="T7_verify_order_status_after_uploading_order_form_in_vehicle_tab_test" finished-at="2024-01-19T14:31:42 IST" depends-on-methods="orders.Orders_Verify_used_car_ownbook_business_purchase_funder_With_Customer_Flow_Test.T6_verify_default_order_status_vehicle_tab_test" duration-ms="63423" status="PASS">
          <reporter-output>
            <line>
              <![CDATA[<b>File is Uploaded Successfully</b> <br />]]>
            </line>
            <line>
              <![CDATA[<b>Order Status after uploading order form - Found OK i.e Order Confirmed </b> <br />]]>
            </line>
          </reporter-output>
        </test-method> <!-- T7_verify_order_status_after_uploading_order_form_in_vehicle_tab_test -->
        <test-method signature="T8_verify_default_payment_status_on_vehicle_tab_test()[pri:8, instance:orders.Orders_Verify_used_car_ownbook_business_purchase_funder_With_Customer_Flow_Test@117159c0]" started-at="2024-01-19T14:31:42 IST" name="T8_verify_default_payment_status_on_vehicle_tab_test" finished-at="2024-01-19T14:31:48 IST" depends-on-methods="orders.Orders_Verify_used_car_ownbook_business_purchase_funder_With_Customer_Flow_Test.T7_verify_order_status_after_uploading_order_form_in_vehicle_tab_test" duration-ms="6878" status="PASS">
          <reporter-output>
            <line>
              <![CDATA[<b></b> <br />]]>
            </line>
            <line>
              <![CDATA[<b>Clicking on PAYMENTS TO DEALER</b> <br />]]>
            </line>
            <line>
              <![CDATA[<b>Payments to dealer -- Default Status - Found OK i.e Payment Required</b> <br />]]>
            </line>
          </reporter-output>
        </test-method> <!-- T8_verify_default_payment_status_on_vehicle_tab_test -->
        <test-method signature="T9_verify_payment_status_after_selecting_payment_sent_date_on_vehicle_tab_test()[pri:9, instance:orders.Orders_Verify_used_car_ownbook_business_purchase_funder_With_Customer_Flow_Test@117159c0]" started-at="2024-01-19T14:31:48 IST" name="T9_verify_payment_status_after_selecting_payment_sent_date_on_vehicle_tab_test" finished-at="2024-01-19T14:32:32 IST" depends-on-methods="orders.Orders_Verify_used_car_ownbook_business_purchase_funder_With_Customer_Flow_Test.T8_verify_default_payment_status_on_vehicle_tab_test" duration-ms="43438" status="PASS">
          <reporter-output>
          </reporter-output>
        </test-method> <!-- T9_verify_payment_status_after_selecting_payment_sent_date_on_vehicle_tab_test -->
        <test-method signature="T10_verify_payment_status_should_be_reversed_to_payment_required_after_selecting_payment_by_AMT_on_vehicle_tab_test()[pri:10, instance:orders.Orders_Verify_used_car_ownbook_business_purchase_funder_With_Customer_Flow_Test@117159c0]" started-at="2024-01-19T14:32:32 IST" name="T10_verify_payment_status_should_be_reversed_to_payment_required_after_selecting_payment_by_AMT_on_vehicle_tab_test" finished-at="2024-01-19T14:32:43 IST" depends-on-methods="orders.Orders_Verify_used_car_ownbook_business_purchase_funder_With_Customer_Flow_Test.T9_verify_payment_status_after_selecting_payment_sent_date_on_vehicle_tab_test" duration-ms="10981" status="PASS">
          <reporter-output>
            <line>
              <![CDATA[<b></b> <br />]]>
            </line>
            <line>
              <![CDATA[<b>Click on a payments by dropdown and Select option AMT</b> <br />]]>
            </line>
            <line>
              <![CDATA[<b></b> <br />]]>
            </line>
            <line>
              <![CDATA[<b>Clicking on PAYMENTS TO DEALER</b> <br />]]>
            </line>
            <line>
              <![CDATA[<b>Payments to dealer -- Default Status - Found OK i.e Payment Required</b> <br />]]>
            </line>
          </reporter-output>
        </test-method> <!-- T10_verify_payment_status_should_be_reversed_to_payment_required_after_selecting_payment_by_AMT_on_vehicle_tab_test -->
        <test-method signature="T11_verify_payment_status_after_selecting_payment_sent_date_for_amount_due_on_vehicle_tab_test()[pri:11, instance:orders.Orders_Verify_used_car_ownbook_business_purchase_funder_With_Customer_Flow_Test@117159c0]" started-at="2024-01-19T14:32:43 IST" name="T11_verify_payment_status_after_selecting_payment_sent_date_for_amount_due_on_vehicle_tab_test" finished-at="2024-01-19T14:34:49 IST" depends-on-methods="orders.Orders_Verify_used_car_ownbook_business_purchase_funder_With_Customer_Flow_Test.T10_verify_payment_status_should_be_reversed_to_payment_required_after_selecting_payment_by_AMT_on_vehicle_tab_test" duration-ms="125897" status="PASS">
          <reporter-output>
            <line>
              <![CDATA[<b>Payments to Supplier Status after selecting payment sent date - Found OK i.e Payment Sent</b> <br />]]>
            </line>
          </reporter-output>
        </test-method> <!-- T11_verify_payment_status_after_selecting_payment_sent_date_for_amount_due_on_vehicle_tab_test -->
        <test-method signature="T12_verify_default_status_acceptance_conditions_for_ownbook_purchase_flow()[pri:12, instance:orders.Orders_Verify_used_car_ownbook_business_purchase_funder_With_Customer_Flow_Test@117159c0]" started-at="2024-01-19T14:34:49 IST" name="T12_verify_default_status_acceptance_conditions_for_ownbook_purchase_flow" finished-at="2024-01-19T14:35:05 IST" depends-on-methods="orders.Orders_Verify_used_car_ownbook_business_purchase_funder_With_Customer_Flow_Test.T11_verify_payment_status_after_selecting_payment_sent_date_for_amount_due_on_vehicle_tab_test" duration-ms="16371" status="PASS">
          <reporter-output>
            <line>
              <![CDATA[<b></b> <br />]]>
            </line>
            <line>
              <![CDATA[<b>Opening Customer Contract Tab</b> <br />]]>
            </line>
            <line>
              <![CDATA[<b>Started verifying acceptance conditions default status</b> <br />]]>
            </line>
            <line>
              <![CDATA[<b>Default status for acceptance condition for ownbook - Found OK i.e Not Required</b> <br />]]>
            </line>
          </reporter-output>
        </test-method> <!-- T12_verify_default_status_acceptance_conditions_for_ownbook_purchase_flow -->
        <test-method signature="T13_verify_summary_section_values()[pri:13, instance:orders.Orders_Verify_used_car_ownbook_business_purchase_funder_With_Customer_Flow_Test@117159c0]" started-at="2024-01-19T14:35:05 IST" name="T13_verify_summary_section_values" finished-at="2024-01-19T14:36:44 IST" depends-on-methods="orders.Orders_Verify_used_car_ownbook_business_purchase_funder_With_Customer_Flow_Test.T12_verify_default_status_acceptance_conditions_for_ownbook_purchase_flow" duration-ms="98476" status="PASS">
          <reporter-output>
            <line>
              <![CDATA[<b>Started Verifying Quote Summary and Configuration Values</b> <br />]]>
            </line>
            <line>
              <![CDATA[<b></b> <br />]]>
            </line>
            <line>
              <![CDATA[<b>HOJ32134 != CWT12978</b> <br />]]>
            </line>
            <line>
              <![CDATA[<b>Quote no. compared but found not ok</b> <br />]]>
            </line>
            <line>
              <![CDATA[<b></b> <br />]]>
            </line>
            <line>
              <![CDATA[<b>MERCEDES-BENZ A CLASS AMG HATCHBACK (2019 - Current) A35 4Matic Premium 5dr Auto = MERCEDES-BENZ A CLASS AMG HATCHBACK (2019 - Current) A35 4Matic Premium 5dr Auto</b> <br />]]>
            </line>
            <line>
              <![CDATA[<b>Vehicle name compared and found ok</b> <br />]]>
            </line>
            <line>
              <![CDATA[<b></b> <br />]]>
            </line>
            <line>
              <![CDATA[<b>Hire Purchase Non-Regulated = Hire Purchase Non-Regulated</b> <br />]]>
            </line>
            <line>
              <![CDATA[<b>Contract type compared and found ok</b> <br />]]>
            </line>
            <line>
              <![CDATA[<b></b> <br />]]>
            </line>
            <line>
              <![CDATA[<b>33.0 = 33.0</b> <br />]]>
            </line>
            <line>
              <![CDATA[<b>Terms compared and found ok</b> <br />]]>
            </line>
            <line>
              <![CDATA[<b></b> <br />]]>
            </line>
            <line>
              <![CDATA[<b>5000.0 = 5000.0</b> <br />]]>
            </line>
            <line>
              <![CDATA[<b>Mileage compared and found ok</b> <br />]]>
            </line>
            <line>
              <![CDATA[<b></b> <br />]]>
            </line>
            <line>
              <![CDATA[<b>53163.4 != 20208.33</b> <br />]]>
            </line>
            <line>
              <![CDATA[<b>Basic Cash Price found wrong</b> <br />]]>
            </line>
            <line>
              <![CDATA[<b></b> <br />]]>
            </line>
            <line>
              <![CDATA[<b>10632.68 != 4041.666</b> <br />]]>
            </line>
            <line>
              <![CDATA[<b>VAT found wrong</b> <br />]]>
            </line>
            <line>
              <![CDATA[<b></b> <br />]]>
            </line>
            <line>
              <![CDATA[<b>0.0 = 0.0</b> <br />]]>
            </line>
            <line>
              <![CDATA[<b>Non VAT Items Value found OK</b> <br />]]>
            </line>
            <line>
              <![CDATA[<b></b> <br />]]>
            </line>
            <line>
              <![CDATA[<b>63796.08 != 24249.996000000003</b> <br />]]>
            </line>
            <line>
              <![CDATA[<b>Total Cash Price found wrong</b> <br />]]>
            </line>
            <line>
              <![CDATA[<b></b> <br />]]>
            </line>
            <line>
              <![CDATA[<b>5000.0 = 5000.0</b> <br />]]>
            </line>
            <line>
              <![CDATA[<b>Order Deposit found OK</b> <br />]]>
            </line>
            <line>
              <![CDATA[<b></b> <br />]]>
            </line>
            <line>
              <![CDATA[<b>4000.0 = 4000.0</b> <br />]]>
            </line>
            <line>
              <![CDATA[<b>Finance Deposit found OK</b> <br />]]>
            </line>
            <line>
              <![CDATA[<b></b> <br />]]>
            </line>
            <line>
              <![CDATA[<b>9000.0 = 9000.0</b> <br />]]>
            </line>
            <line>
              <![CDATA[<b>Total Deposit found OK</b> <br />]]>
            </line>
            <line>
              <![CDATA[<b></b> <br />]]>
            </line>
            <line>
              <![CDATA[<b>54796.08 != 15249.996000000003</b> <br />]]>
            </line>
            <line>
              <![CDATA[<b>Balance to Finance found wrong</b> <br />]]>
            </line>
            <line>
              <![CDATA[<b></b> <br />]]>
            </line>
            <line>
              <![CDATA[<b>-29164.72 != 10381.403666774302</b> <br />]]>
            </line>
            <line>
              <![CDATA[<b>Finance Charges - found wrong</b> <br />]]>
            </line>
            <line>
              <![CDATA[<b></b> <br />]]>
            </line>
            <line>
              <![CDATA[<b>199.99 = 199.99</b> <br />]]>
            </line>
            <line>
              <![CDATA[<b>Document Fee - found OK</b> <br />]]>
            </line>
            <line>
              <![CDATA[<b></b> <br />]]>
            </line>
            <line>
              <![CDATA[<b>25881.35 = 25881.387666774306</b> <br />]]>
            </line>
            <line>
              <![CDATA[<b>Balance Payable - found OK</b> <br />]]>
            </line>
            <line>
              <![CDATA[<b></b> <br />]]>
            </line>
            <line>
              <![CDATA[<b>10.0 = 10.0</b> <br />]]>
            </line>
            <line>
              <![CDATA[<b>Option To Purchase Fee - found OK</b> <br />]]>
            </line>
            <line>
              <![CDATA[<b></b> <br />]]>
            </line>
            <line>
              <![CDATA[<b>9239.99 = 9239.988</b> <br />]]>
            </line>
            <line>
              <![CDATA[<b>Initial Cash Payment - found OK</b> <br />]]>
            </line>
            <line>
              <![CDATA[<b></b> <br />]]>
            </line>
            <line>
              <![CDATA[<b>32.0 = 32.0</b> <br />]]>
            </line>
            <line>
              <![CDATA[<b>Followed By months - found OK</b> <br />]]>
            </line>
            <line>
              <![CDATA[<b></b> <br />]]>
            </line>
            <line>
              <![CDATA[<b>613.48 = 613.4812395866969</b> <br />]]>
            </line>
            <line>
              <![CDATA[<b>Monthly Finance Payment - found OK</b> <br />]]>
            </line>
            <line>
              <![CDATA[<b></b> <br />]]>
            </line>
            <line>
              <![CDATA[<b>6000.0 = 6000.0</b> <br />]]>
            </line>
            <line>
              <![CDATA[<b>Balloon Value - found OK</b> <br />]]>
            </line>
            <line>
              <![CDATA[<b></b> <br />]]>
            </line>
            <line>
              <![CDATA[<b>6010.0 = 6010.0</b> <br />]]>
            </line>
            <line>
              <![CDATA[<b>Final Payment - found OK</b> <br />]]>
            </line>
            <line>
              <![CDATA[<b></b> <br />]]>
            </line>
            <line>
              <![CDATA[<b>-6836.6 != 1833.3300000000027</b> <br />]]>
            </line>
            <line>
              <![CDATA[<b>Vehicle Commission - found wrong</b> <br />]]>
            </line>
            <line>
              <![CDATA[<b></b> <br />]]>
            </line>
            <line>
              <![CDATA[<b>428.09 != 119.14059375</b> <br />]]>
            </line>
            <line>
              <![CDATA[<b>Default Finance Commission - found wrong</b> <br />]]>
            </line>
            <line>
              <![CDATA[<b></b> <br />]]>
            </line>
            <line>
              <![CDATA[<b>99.99 = 99.99000000000001</b> <br />]]>
            </line>
            <line>
              <![CDATA[<b>Document Fee Commission - found OK</b> <br />]]>
            </line>
            <line>
              <![CDATA[<b></b> <br />]]>
            </line>
            <line>
              <![CDATA[<b>-6308.52 != 2712.4605937500028</b> <br />]]>
            </line>
            <line>
              <![CDATA[<b>Total Commission - found wrong</b> <br />]]>
            </line>
            <line>
              <![CDATA[<b></b> <br />]]>
            </line>
            <line>
              <![CDATA[<b></b> <br />]]>
            </line>
            <line>
              <![CDATA[<b>7.0 = 7.0</b> <br />]]>
            </line>
            <line>
              <![CDATA[<b>Base Interest Rate found OK</b> <br />]]>
            </line>
            <line>
              <![CDATA[<b></b> <br />]]>
            </line>
            <line>
              <![CDATA[<b>1947.6 = 1947.6396667743065</b> <br />]]>
            </line>
            <line>
              <![CDATA[<b>Finance Margin found OK</b> <br />]]>
            </line>
            <line>
              <![CDATA[<b></b> <br />]]>
            </line>
            <line>
              <![CDATA[<b>513.71 != 142.9687125</b> <br />]]>
            </line>
            <line>
              <![CDATA[<b>Deductions found wrong</b> <br />]]>
            </line>
            <line>
              <![CDATA[<b></b> <br />]]>
            </line>
            <line>
              <![CDATA[<b>99.99 != 6699.99</b> <br />]]>
            </line>
            <line>
              <![CDATA[<b>Additional Margin found wrong</b> <br />]]>
            </line>
            <line>
              <![CDATA[<b></b> <br />]]>
            </line>
            <line>
              <![CDATA[<b>1533.88 != 8504.660954274306</b> <br />]]>
            </line>
            <line>
              <![CDATA[<b>Total Margin found wrong</b> <br />]]>
            </line>
            <line>
              <![CDATA[<b></b> <br />]]>
            </line>
            <line>
              <![CDATA[<b>0.94 = 0.9375000000000001</b> <br />]]>
            </line>
            <line>
              <![CDATA[<b>Default Broker Margin percentage found OK</b> <br />]]>
            </line>
            <line>
              <![CDATA[<b></b> <br />]]>
            </line>
            <line>
              <![CDATA[<b>12.0 = 12.000000000000002</b> <br />]]>
            </line>
            <line>
              <![CDATA[<b>Customer Interest Rate found OK</b> <br />]]>
            </line>
            <line>
              <![CDATA[<b></b> <br />]]>
            </line>
            <line>
              <![CDATA[<b>99.99 = 99.99000000000001</b> <br />]]>
            </line>
            <line>
              <![CDATA[<b>Document Fee Margin found OK</b> <br />]]>
            </line>
            <line>
              <![CDATA[<b></b> <br />]]>
            </line>
            <line>
              <![CDATA[<b>513.71 != 142.9687125</b> <br />]]>
            </line>
            <line>
              <![CDATA[<b>Default Broker Margin  found wrong</b> <br />]]>
            </line>
            <line>
              <![CDATA[<b></b> <br />]]>
            </line>
            <line>
              <![CDATA[<b>One or More than One values in Quote Summary and Configuration Values on Customer Contract tab may be wrong , please check all above values printed on console</b> <br />]]>
            </line>
            <line>
              <![CDATA[<b></b> <br />]]>
            </line>
          </reporter-output>
        </test-method> <!-- T13_verify_summary_section_values -->
        <test-method signature="T14_verify_payment_default_status()[pri:14, instance:orders.Orders_Verify_used_car_ownbook_business_purchase_funder_With_Customer_Flow_Test@117159c0]" started-at="2024-01-19T14:36:44 IST" name="T14_verify_payment_default_status" finished-at="2024-01-19T14:36:48 IST" depends-on-methods="orders.Orders_Verify_used_car_ownbook_business_purchase_funder_With_Customer_Flow_Test.T13_verify_summary_section_values" duration-ms="4774" status="PASS">
          <reporter-output>
            <line>
              <![CDATA[<b></b> <br />]]>
            </line>
            <line>
              <![CDATA[<b>Started Verifying Payments  Statuses</b> <br />]]>
            </line>
            <line>
              <![CDATA[<b>Clicking on PAYMENTS</b> <br />]]>
            </line>
            <line>
              <![CDATA[<b>Payment -- Default Status - Found OK i.e Payment Required</b> <br />]]>
            </line>
          </reporter-output>
        </test-method> <!-- T14_verify_payment_default_status -->
        <test-method signature="T15_make_payment_with_new_payment()[pri:15, instance:orders.Orders_Verify_used_car_ownbook_business_purchase_funder_With_Customer_Flow_Test@117159c0]" started-at="2024-01-19T14:36:48 IST" name="T15_make_payment_with_new_payment" finished-at="2024-01-19T14:38:35 IST" depends-on-methods="orders.Orders_Verify_used_car_ownbook_business_purchase_funder_With_Customer_Flow_Test.T14_verify_payment_default_status" duration-ms="107057" status="PASS">
          <reporter-output>
            <line>
              <![CDATA[<b></b> <br />]]>
            </line>
            <line>
              <![CDATA[<b>Generating Invoices</b> <br />]]>
            </line>
            <line>
              <![CDATA[<b>Invoices Generated</b> <br />]]>
            </line>
            <line>
              <![CDATA[<b>Clicked On New Payment</b> <br />]]>
            </line>
            <line>
              <![CDATA[<b>Selecting Invoices/Deposits</b> <br />]]>
            </line>
            <line>
              <![CDATA[<b>Invoices/Deposits Selected</b> <br />]]>
            </line>
            <line>
              <![CDATA[<b>File is Uploaded Successfully</b> <br />]]>
            </line>
            <line>
              <![CDATA[<b>All Payments Done</b> <br />]]>
            </line>
          </reporter-output>
        </test-method> <!-- T15_make_payment_with_new_payment -->
        <test-method signature="T16_verify_payment_status_after_making_a_payment_on_customer_contract_tab()[pri:16, instance:orders.Orders_Verify_used_car_ownbook_business_purchase_funder_With_Customer_Flow_Test@117159c0]" started-at="2024-01-19T14:38:35 IST" name="T16_verify_payment_status_after_making_a_payment_on_customer_contract_tab" finished-at="2024-01-19T14:38:40 IST" depends-on-methods="orders.Orders_Verify_used_car_ownbook_business_purchase_funder_With_Customer_Flow_Test.T15_make_payment_with_new_payment" duration-ms="4161" status="PASS">
          <reporter-output>
            <line>
              <![CDATA[<b></b> <br />]]>
            </line>
            <line>
              <![CDATA[<b>Status for Payment after making payment - Found OK i.e Payment Received</b> <br />]]>
            </line>
          </reporter-output>
        </test-method> <!-- T16_verify_payment_status_after_making_a_payment_on_customer_contract_tab -->
        <test-method signature="T17_verify_delivery_status_after_selecting_date_offered_in_delivery_section_of_customer_contract_tab_test()[pri:17, instance:orders.Orders_Verify_used_car_ownbook_business_purchase_funder_With_Customer_Flow_Test@117159c0]" started-at="2024-01-19T14:38:40 IST" name="T17_verify_delivery_status_after_selecting_date_offered_in_delivery_section_of_customer_contract_tab_test" finished-at="2024-01-19T14:39:29 IST" depends-on-methods="orders.Orders_Verify_used_car_ownbook_business_purchase_funder_With_Customer_Flow_Test.T16_verify_payment_status_after_making_a_payment_on_customer_contract_tab" duration-ms="49594" status="PASS">
          <reporter-output>
            <line>
              <![CDATA[<b>Clicking on DELIVERY</b> <br />]]>
            </line>
            <line>
              <![CDATA[<b>Delivery Status after selecting delivery date offered - Found OK i.e Awaiting Booking</b> <br />]]>
            </line>
          </reporter-output>
        </test-method> <!-- T17_verify_delivery_status_after_selecting_date_offered_in_delivery_section_of_customer_contract_tab_test -->
        <test-method signature="T18_verify_delivery_status_after_selecting_confirmed_delivery_date_in_delivery_section_of_customer_contract_test()[pri:18, instance:orders.Orders_Verify_used_car_ownbook_business_purchase_funder_With_Customer_Flow_Test@117159c0]" started-at="2024-01-19T14:39:29 IST" name="T18_verify_delivery_status_after_selecting_confirmed_delivery_date_in_delivery_section_of_customer_contract_test" finished-at="2024-01-19T14:39:48 IST" depends-on-methods="orders.Orders_Verify_used_car_ownbook_business_purchase_funder_With_Customer_Flow_Test.T17_verify_delivery_status_after_selecting_date_offered_in_delivery_section_of_customer_contract_tab_test" duration-ms="18440" status="PASS">
          <reporter-output>
            <line>
              <![CDATA[<b>Delivery Status after selecting confirmed delivery date - Found OK i.e Delivery Booked</b> <br />]]>
            </line>
          </reporter-output>
        </test-method> <!-- T18_verify_delivery_status_after_selecting_confirmed_delivery_date_in_delivery_section_of_customer_contract_test -->
        <test-method signature="T19_verify_delivery_status_after_uploading_delivery_note_in_post_delivery_section_on_customer_contract_tab_test()[pri:19, instance:orders.Orders_Verify_used_car_ownbook_business_purchase_funder_With_Customer_Flow_Test@117159c0]" started-at="2024-01-19T14:39:48 IST" name="T19_verify_delivery_status_after_uploading_delivery_note_in_post_delivery_section_on_customer_contract_tab_test" finished-at="2024-01-19T14:40:57 IST" depends-on-methods="orders.Orders_Verify_used_car_ownbook_business_purchase_funder_With_Customer_Flow_Test.T18_verify_delivery_status_after_selecting_confirmed_delivery_date_in_delivery_section_of_customer_contract_test" duration-ms="69044" status="PASS">
          <reporter-output>
            <line>
              <![CDATA[<b>Delivery Status after uploading the delivery note - Found OK i.e Delivered</b> <br />]]>
            </line>
          </reporter-output>
        </test-method> <!-- T19_verify_delivery_status_after_uploading_delivery_note_in_post_delivery_section_on_customer_contract_tab_test -->
        <test-method signature="T20_verify_delivery_status_on_customer_contract_tab_and_vehicle_order_tab_are_same_when_deliver_to_customer_toggle_button_in_on_test()[pri:20, instance:orders.Orders_Verify_used_car_ownbook_business_purchase_funder_With_Customer_Flow_Test@117159c0]" started-at="2024-01-19T14:40:57 IST" name="T20_verify_delivery_status_on_customer_contract_tab_and_vehicle_order_tab_are_same_when_deliver_to_customer_toggle_button_in_on_test" finished-at="2024-01-19T14:41:03 IST" depends-on-methods="orders.Orders_Verify_used_car_ownbook_business_purchase_funder_With_Customer_Flow_Test.T19_verify_delivery_status_after_uploading_delivery_note_in_post_delivery_section_on_customer_contract_tab_test" duration-ms="6299" status="PASS">
          <reporter-output>
            <line>
              <![CDATA[<b>Delivery Status are running in parallel for Customer Contract Tab and Vehicle Order Tab , Found OK</b> <br />]]>
            </line>
          </reporter-output>
        </test-method> <!-- T20_verify_delivery_status_on_customer_contract_tab_and_vehicle_order_tab_are_same_when_deliver_to_customer_toggle_button_in_on_test -->
        <test-method signature="T21_verify_delivery_section_gets_enabled_when_deliver_to_customer_toggle_button_is_made_off_test()[pri:21, instance:orders.Orders_Verify_used_car_ownbook_business_purchase_funder_With_Customer_Flow_Test@117159c0]" started-at="2024-01-19T14:41:03 IST" name="T21_verify_delivery_section_gets_enabled_when_deliver_to_customer_toggle_button_is_made_off_test" finished-at="2024-01-19T14:41:13 IST" depends-on-methods="orders.Orders_Verify_used_car_ownbook_business_purchase_funder_With_Customer_Flow_Test.T20_verify_delivery_status_on_customer_contract_tab_and_vehicle_order_tab_are_same_when_deliver_to_customer_toggle_button_in_on_test" duration-ms="9884" status="PASS">
          <reporter-output>
            <line>
              <![CDATA[<b></b> <br />]]>
            </line>
            <line>
              <![CDATA[<b>Verifying delivery section gets enabled and delivery status is reversed to default when deliver to customer toggle button is made off</b> <br />]]>
            </line>
            <line>
              <![CDATA[<b>Delivery section is visible when direct to customer toggle button is made off</b> <br />]]>
            </line>
            <line>
              <![CDATA[<b>Delivery Status (after making direct to customer toggle off) gets reversed to default</b> <br />]]>
            </line>
          </reporter-output>
        </test-method> <!-- T21_verify_delivery_section_gets_enabled_when_deliver_to_customer_toggle_button_is_made_off_test -->
        <test-method signature="T22_verify_delivery_status_after_selecting_date_offered_in_delivery_section_of_vehicle_order_tab_test()[pri:22, instance:orders.Orders_Verify_used_car_ownbook_business_purchase_funder_With_Customer_Flow_Test@117159c0]" started-at="2024-01-19T14:41:13 IST" name="T22_verify_delivery_status_after_selecting_date_offered_in_delivery_section_of_vehicle_order_tab_test" finished-at="2024-01-19T14:42:02 IST" depends-on-methods="orders.Orders_Verify_used_car_ownbook_business_purchase_funder_With_Customer_Flow_Test.T21_verify_delivery_section_gets_enabled_when_deliver_to_customer_toggle_button_is_made_off_test" duration-ms="49396" status="PASS">
          <reporter-output>
            <line>
              <![CDATA[<b>Clicking on DELIVERY</b> <br />]]>
            </line>
            <line>
              <![CDATA[<b>Delivery Status after selecting delivery date offered - Found OK i.e Awaiting Booking</b> <br />]]>
            </line>
          </reporter-output>
        </test-method> <!-- T22_verify_delivery_status_after_selecting_date_offered_in_delivery_section_of_vehicle_order_tab_test -->
        <test-method signature="T23_verify_delivery_status_after_selecting_confirmed_delivery_date_in_delivery_section_of_vehicle_tab_test()[pri:23, instance:orders.Orders_Verify_used_car_ownbook_business_purchase_funder_With_Customer_Flow_Test@117159c0]" started-at="2024-01-19T14:42:02 IST" name="T23_verify_delivery_status_after_selecting_confirmed_delivery_date_in_delivery_section_of_vehicle_tab_test" finished-at="2024-01-19T14:42:21 IST" depends-on-methods="orders.Orders_Verify_used_car_ownbook_business_purchase_funder_With_Customer_Flow_Test.T22_verify_delivery_status_after_selecting_date_offered_in_delivery_section_of_vehicle_order_tab_test" duration-ms="18363" status="PASS">
          <reporter-output>
            <line>
              <![CDATA[<b>Delivery Status after selecting confirmed delivery date - Found OK i.e Delivery Booked</b> <br />]]>
            </line>
          </reporter-output>
        </test-method> <!-- T23_verify_delivery_status_after_selecting_confirmed_delivery_date_in_delivery_section_of_vehicle_tab_test -->
        <test-method signature="T24_verify_delivery_status_after_uploading_delivery_note_in_post_delivery_section_on_vehicle_order_tab_test()[pri:24, instance:orders.Orders_Verify_used_car_ownbook_business_purchase_funder_With_Customer_Flow_Test@117159c0]" started-at="2024-01-19T14:42:21 IST" name="T24_verify_delivery_status_after_uploading_delivery_note_in_post_delivery_section_on_vehicle_order_tab_test" finished-at="2024-01-19T14:43:04 IST" depends-on-methods="orders.Orders_Verify_used_car_ownbook_business_purchase_funder_With_Customer_Flow_Test.T23_verify_delivery_status_after_selecting_confirmed_delivery_date_in_delivery_section_of_vehicle_tab_test" duration-ms="43637" status="PASS">
          <reporter-output>
            <line>
              <![CDATA[<b>Delivery Status after uploading the delivery note - Found OK i.e Delivered</b> <br />]]>
            </line>
          </reporter-output>
        </test-method> <!-- T24_verify_delivery_status_after_uploading_delivery_note_in_post_delivery_section_on_vehicle_order_tab_test -->
        <test-method signature="T25_verify_finance_documents_statuses_for_required_flow_test()[pri:25, instance:orders.Orders_Verify_used_car_ownbook_business_purchase_funder_With_Customer_Flow_Test@117159c0]" started-at="2024-01-19T14:43:04 IST" name="T25_verify_finance_documents_statuses_for_required_flow_test" finished-at="2024-01-19T14:45:31 IST" depends-on-methods="orders.Orders_Verify_used_car_ownbook_business_purchase_funder_With_Customer_Flow_Test.T24_verify_delivery_status_after_uploading_delivery_note_in_post_delivery_section_on_vehicle_order_tab_test" duration-ms="146406" status="PASS">
          <reporter-output>
            <line>
              <![CDATA[<b></b> <br />]]>
            </line>
            <line>
              <![CDATA[<b>Sterted Verifying Finance Document Statuses for required flow</b> <br />]]>
            </line>
            <line>
              <![CDATA[<b>Finance Document Status after selecting agreement requested date- Found OK i.e Finance docs Requested</b> <br />]]>
            </line>
            <line>
              <![CDATA[<b>Finance Document Status after selecting agreement received date- Found OK i.e Finance Docs Received</b> <br />]]>
            </line>
            <line>
              <![CDATA[<b>Finance Document Status after uploading signed documents - Found OK i.e Finance Docs Signed</b> <br />]]>
            </line>
            <line>
              <![CDATA[<b>Finance Document Status after selecting uploaded to funder date- Found OK i.e Upload to Funder</b> <br />]]>
            </line>
            <line>
              <![CDATA[<b>Finance Document Status after selecting activation date- Found OK i.e Finance Activated</b> <br />]]>
            </line>
          </reporter-output>
        </test-method> <!-- T25_verify_finance_documents_statuses_for_required_flow_test -->
        <test-method signature="T26_verify_payments_to_funder_statuses_for_required_flow_test()[pri:26, instance:orders.Orders_Verify_used_car_ownbook_business_purchase_funder_With_Customer_Flow_Test@117159c0]" started-at="2024-01-19T14:45:31 IST" name="T26_verify_payments_to_funder_statuses_for_required_flow_test" finished-at="2024-01-19T14:47:29 IST" depends-on-methods="orders.Orders_Verify_used_car_ownbook_business_purchase_funder_With_Customer_Flow_Test.T25_verify_finance_documents_statuses_for_required_flow_test" duration-ms="118098" status="PASS">
          <reporter-output>
            <line>
              <![CDATA[<b></b> <br />]]>
            </line>
            <line>
              <![CDATA[<b>Sterted Verifying Payments to Funder Statuses for required flow</b> <br />]]>
            </line>
            <line>
              <![CDATA[<b>Clicking on PAYMENT</b> <br />]]>
            </line>
            <line>
              <![CDATA[<b>Payment to funder -- Default Status - Found OK i.e Payment Required</b> <br />]]>
            </line>
            <line>
              <![CDATA[<b>Status for Payment after selecting payment requested date- Found OK i.e Payment Requested</b> <br />]]>
            </line>
            <line>
              <![CDATA[<b>Status for Payment after selecting payment sent date- Found OK i.e Payment Sent</b> <br />]]>
            </line>
          </reporter-output>
        </test-method> <!-- T26_verify_payments_to_funder_statuses_for_required_flow_test -->
        <test-method signature="T27_verify_completed_status_for_required_flow_test()[pri:27, instance:orders.Orders_Verify_used_car_ownbook_business_purchase_funder_With_Customer_Flow_Test@117159c0]" started-at="2024-01-19T14:47:29 IST" name="T27_verify_completed_status_for_required_flow_test" finished-at="2024-01-19T14:48:37 IST" depends-on-methods="orders.Orders_Verify_used_car_ownbook_business_purchase_funder_With_Customer_Flow_Test.T26_verify_payments_to_funder_statuses_for_required_flow_test" duration-ms="68372" status="PASS">
          <reporter-output>
            <line>
              <![CDATA[<b></b> <br />]]>
            </line>
            <line>
              <![CDATA[<b>Click on complete funding</b> <br />]]>
            </line>
            <line>
              <![CDATA[<b>Status for Asset Funding after completing funding found OK i.e.Completed</b> <br />]]>
            </line>
          </reporter-output>
        </test-method> <!-- T27_verify_completed_status_for_required_flow_test -->
        <test-method is-config="true" signature="end()[pri:0, instance:orders.Orders_Verify_used_car_ownbook_business_purchase_funder_With_Customer_Flow_Test@117159c0]" started-at="2024-01-19T14:48:37 IST" name="end" finished-at="2024-01-19T14:48:37 IST" duration-ms="1" status="PASS">
          <reporter-output>
          </reporter-output>
        </test-method> <!-- end -->
      </class> <!-- orders.Orders_Verify_used_car_ownbook_business_purchase_funder_With_Customer_Flow_Test -->
    </test> <!-- Verify With Customer Flow For Ownbook Purchase Funder -->
  </suite> <!-- Suite -->
</testng-results>
