<?xml version="1.0" encoding="UTF-8"?>
<testng-results ignored="0" total="1" passed="1" failed="0" skipped="0">
  <reporter-output>
  </reporter-output>
  <suite started-at="2022-12-19T11:46:37 IST" name="Default suite" finished-at="2022-12-19T11:48:24 IST" duration-ms="107166">
    <groups>
    </groups>
    <test started-at="2022-12-19T11:46:37 IST" name="Default test" finished-at="2022-12-19T11:48:24 IST" duration-ms="107166">
      <class name="com.amt.test.lou.Lead_opportunity_broker_Test">
        <test-method is-config="true" signature="setup()[pri:0, instance:com.amt.test.lou.Lead_opportunity_broker_Test@55634720]" started-at="2022-12-19T11:46:37 IST" name="setup" finished-at="2022-12-19T11:46:59 IST" duration-ms="22070" status="PASS">
          <reporter-output>
          </reporter-output>
        </test-method> <!-- setup -->
        <test-method signature="Lead_opportunity_broker_Test()[pri:1, instance:com.amt.test.lou.Lead_opportunity_broker_Test@55634720]" started-at="2022-12-19T11:46:59 IST" name="Lead_opportunity_broker_Test" finished-at="2022-12-19T11:48:24 IST" duration-ms="85053" status="PASS">
          <reporter-output>
          </reporter-output>
        </test-method> <!-- Lead_opportunity_broker_Test -->
      </class> <!-- com.amt.test.lou.Lead_opportunity_broker_Test -->
    </test> <!-- Default test -->
  </suite> <!-- Default suite -->
</testng-results>
