<?xml version="1.0" encoding="UTF-8"?>
<testng-results ignored="0" total="20" passed="3" failed="1" skipped="16">
  <reporter-output>
    <line>
      <![CDATA[<b>Clicked on Leads on Side Menu</b> <br />]]>
    </line>
    <line>
      <![CDATA[<b>Clicked on add lead</b> <br />]]>
    </line>
    <line>
      <![CDATA[<b>Lead is assigned</b> <br />]]>
    </line>
    <line>
      <![CDATA[<b>Added data in General Notes</b> <br />]]>
    </line>
    <line>
      <![CDATA[<b>Customer type - Business selected</b> <br />]]>
    </line>
    <line>
      <![CDATA[<b>Clicked on Add new vehicle request</b> <br />]]>
    </line>
    <line>
      <![CDATA[<b>Clicked on ownbook channel</b> <br />]]>
    </line>
    <line>
      <![CDATA[<b>Vehicle request for broker has been saved</b> <br />]]>
    </line>
    <line>
      <![CDATA[<b>Click on Map New Quote icon</b> <br />]]>
    </line>
    <line>
      <![CDATA[<b>Click on acquisition contract type icon</b> <br />]]>
    </line>
    <line>
      <![CDATA[<b>Click on customer contract type icon</b> <br />]]>
    </line>
    <line>
      <![CDATA[<b>Click on search button</b> <br />]]>
    </line>
    <line>
      <![CDATA[<b>Click on created date button 1st </b> <br />]]>
    </line>
    <line>
      <![CDATA[<b>Click on created date button 2nd</b> <br />]]>
    </line>
    <line>
      <![CDATA[<b>New Quote has been mapped with lead</b> <br />]]>
    </line>
    <line>
      <![CDATA[<b>click ok button on Map  new quote </b> <br />]]>
    </line>
    <line>
      <![CDATA[<b></b> <br />]]>
    </line>
    <line>
      <![CDATA[<b>Started Verifying Table values</b> <br />]]>
    </line>
    <line>
      <![CDATA[<b></b> <br />]]>
    </line>
    <line>
      <![CDATA[<b>XOA45250 = XOA45250</b> <br />]]>
    </line>
    <line>
      <![CDATA[<b>Quote no. compared and found ok</b> <br />]]>
    </line>
    <line>
      <![CDATA[<b></b> <br />]]>
    </line>
    <line>
      <![CDATA[<b>AUDI A7 DIESEL SPORTBACK (2018 - Current) 40 TDI Quattro Black Edition 5dr S Tronic = AUDI A7 DIESEL SPORTBACK (2018 - Current) 40 TDI Quattro Black Edition 5dr S Tronic</b> <br />]]>
    </line>
    <line>
      <![CDATA[<b>Vehicle name compared and found ok</b> <br />]]>
    </line>
    <line>
      <![CDATA[<b></b> <br />]]>
    </line>
    <line>
      <![CDATA[<b>Business Contract Hire = Business Contract Hire</b> <br />]]>
    </line>
    <line>
      <![CDATA[<b>Contract type compared and found ok</b> <br />]]>
    </line>
    <line>
      <![CDATA[<b></b> <br />]]>
    </line>
    <line>
      <![CDATA[<b>1460.77 = 1460.77</b> <br />]]>
    </line>
    <line>
      <![CDATA[<b>Monthly finance rental compared and found ok</b> <br />]]>
    </line>
    <line>
      <![CDATA[<b></b> <br />]]>
    </line>
    <line>
      <![CDATA[<b>5000.0 = 5000.0</b> <br />]]>
    </line>
    <line>
      <![CDATA[<b>Mileage compared and found ok</b> <br />]]>
    </line>
    <line>
      <![CDATA[<b></b> <br />]]>
    </line>
    <line>
      <![CDATA[<b>12.0 = 12.0</b> <br />]]>
    </line>
    <line>
      <![CDATA[<b>Terms compared and found ok</b> <br />]]>
    </line>
    <line>
      <![CDATA[<b></b> <br />]]>
    </line>
    <line>
      <![CDATA[<b>05/12/2026 != 05/12/26</b> <br />]]>
    </line>
    <line>
      <![CDATA[<b>Expiry date compared but found not ok</b> <br />]]>
    </line>
    <line>
      <![CDATA[<b>Click on Lead save and Convert button</b> <br />]]>
    </line>
    <line>
      <![CDATA[<b></b> <br />]]>
    </line>
    <line>
      <![CDATA[<b>Started Verifying Table values</b> <br />]]>
    </line>
    <line>
      <![CDATA[<b></b> <br />]]>
    </line>
    <line>
      <![CDATA[<b>XOA45250 = XOA45250</b> <br />]]>
    </line>
    <line>
      <![CDATA[<b>Quote no. compared and found ok</b> <br />]]>
    </line>
    <line>
      <![CDATA[<b></b> <br />]]>
    </line>
    <line>
      <![CDATA[<b>AUDI A7 DIESEL SPORTBACK (2018 - Current) 40 TDI Quattro Black Edition 5dr S Tronic = AUDI A7 DIESEL SPORTBACK (2018 - Current) 40 TDI Quattro Black Edition 5dr S Tronic</b> <br />]]>
    </line>
    <line>
      <![CDATA[<b>Vehicle name compared and found ok</b> <br />]]>
    </line>
    <line>
      <![CDATA[<b></b> <br />]]>
    </line>
    <line>
      <![CDATA[<b>Business Contract Hire = Business Contract Hire</b> <br />]]>
    </line>
    <line>
      <![CDATA[<b>Contract type compared and found ok</b> <br />]]>
    </line>
    <line>
      <![CDATA[<b></b> <br />]]>
    </line>
    <line>
      <![CDATA[<b>1460.77 = 1460.77</b> <br />]]>
    </line>
    <line>
      <![CDATA[<b>Monthly finance rental compared and found ok</b> <br />]]>
    </line>
    <line>
      <![CDATA[<b></b> <br />]]>
    </line>
    <line>
      <![CDATA[<b>5000.0 = 5000.0</b> <br />]]>
    </line>
    <line>
      <![CDATA[<b>Mileage compared and found ok</b> <br />]]>
    </line>
    <line>
      <![CDATA[<b></b> <br />]]>
    </line>
    <line>
      <![CDATA[<b>12.0 = 12.0</b> <br />]]>
    </line>
    <line>
      <![CDATA[<b>Terms compared and found ok</b> <br />]]>
    </line>
    <line>
      <![CDATA[<b></b> <br />]]>
    </line>
    <line>
      <![CDATA[<b>05/12/2026 != 05/12/26</b> <br />]]>
    </line>
    <line>
      <![CDATA[<b>Expiry date compared but found not ok</b> <br />]]>
    </line>
    <line>
      <![CDATA[<b></b> <br />]]>
    </line>
    <line>
      <![CDATA[<b>In Lead created Opportunity Id is =TG-0455</b> <br />]]>
    </line>
    <line>
      <![CDATA[<b></b> <br />]]>
    </line>
    <line>
      <![CDATA[<b>Clicked on Opportunity link from Menu </b> <br />]]>
    </line>
    <line>
      <![CDATA[<b>listing_proposal_status is = Proposal Required</b> <br />]]>
    </line>
    <line>
      <![CDATA[<b>Enter the Opportunity id in Search Text box</b> <br />]]>
    </line>
    <line>
      <![CDATA[<b>Current Status of Opportunity Status value is = Open</b> <br />]]>
    </line>
    <line>
      <![CDATA[<b>Current Status of Proposal value is = Proposal Required</b> <br />]]>
    </line>
    <line>
      <![CDATA[<b>Current Status of Channel value is =  Draft</b> <br />]]>
    </line>
    <line>
      <![CDATA[<b>Current Status of  Quote ref is = Draft</b> <br />]]>
    </line>
    <line>
      <![CDATA[<b>Status Verified : Before sending the proposal</b> <br />]]>
    </line>
    <line>
      <![CDATA[<b></b> <br />]]>
    </line>
    <line>
      <![CDATA[<b>Started Verifying Table values</b> <br />]]>
    </line>
    <line>
      <![CDATA[<b></b> <br />]]>
    </line>
    <line>
      <![CDATA[<b>XOA45250 = XOA45250</b> <br />]]>
    </line>
    <line>
      <![CDATA[<b>Quote no. compared and found ok</b> <br />]]>
    </line>
    <line>
      <![CDATA[<b></b> <br />]]>
    </line>
    <line>
      <![CDATA[<b>AUDI A7 DIESEL SPORTBACK (2018 - Current) 40 TDI Quattro Black Edition 5dr S Tronic = AUDI A7 DIESEL SPORTBACK (2018 - Current) 40 TDI Quattro Black Edition 5dr S Tronic</b> <br />]]>
    </line>
    <line>
      <![CDATA[<b>Vehicle name compared and found ok</b> <br />]]>
    </line>
    <line>
      <![CDATA[<b></b> <br />]]>
    </line>
    <line>
      <![CDATA[<b>Business Contract Hire = Business Contract Hire</b> <br />]]>
    </line>
    <line>
      <![CDATA[<b>Contract type compared and found ok</b> <br />]]>
    </line>
    <line>
      <![CDATA[<b></b> <br />]]>
    </line>
    <line>
      <![CDATA[<b>1460.77 = 1460.77</b> <br />]]>
    </line>
    <line>
      <![CDATA[<b>Monthly finance rental compared and found ok</b> <br />]]>
    </line>
    <line>
      <![CDATA[<b></b> <br />]]>
    </line>
    <line>
      <![CDATA[<b>5000.0 = 5000.0</b> <br />]]>
    </line>
    <line>
      <![CDATA[<b>Mileage compared and found ok</b> <br />]]>
    </line>
    <line>
      <![CDATA[<b></b> <br />]]>
    </line>
    <line>
      <![CDATA[<b>12.0 = 12.0</b> <br />]]>
    </line>
    <line>
      <![CDATA[<b>Terms compared and found ok</b> <br />]]>
    </line>
    <line>
      <![CDATA[<b></b> <br />]]>
    </line>
    <line>
      <![CDATA[<b>05/12/2026 != 05/12/26</b> <br />]]>
    </line>
    <line>
      <![CDATA[<b>Expiry date compared but found not ok</b> <br />]]>
    </line>
    <line>
      <![CDATA[<b></b> <br />]]>
    </line>
    <line>
      <![CDATA[<b>Table values verified Successfully</b> <br />]]>
    </line>
    <line>
      <![CDATA[<b>click on Proposal icon</b> <br />]]>
    </line>
    <line>
      <![CDATA[<b>click on Proposal icon</b> <br />]]>
    </line>
    <line>
      <![CDATA[<b>Proposal page will display </b> <br />]]>
    </line>
    <line>
      <![CDATA[<br>----------Screenshot---------<br>]]>
    </line>
    <line>
      <![CDATA[<img src="D:\Orders_Vehicles\AMT_Orders_Vehicles\target\surefire-reports\html\failure_screenshots\L4_fill_up_the_required_fields_for_sending_a_proposal_19_12_2023_07_01_35.png" height="800" width="1000">]]>
    </line>
  </reporter-output>
  <suite started-at="2023-12-19T18:56:59 IST" name="Default suite" finished-at="2023-12-19T19:01:35 IST" duration-ms="276326">
    <groups>
    </groups>
    <test started-at="2023-12-19T18:56:59 IST" name="Default test" finished-at="2023-12-19T19:01:35 IST" duration-ms="276326">
      <class name="opportunity.LOU_ownbook_business_hire_funder_accept_with_changes_Test">
        <test-method is-config="true" signature="start_info()[pri:0, instance:opportunity.LOU_ownbook_business_hire_funder_accept_with_changes_Test@53fe15ff]" started-at="2023-12-19T18:56:59 IST" name="start_info" finished-at="2023-12-19T18:56:59 IST" duration-ms="7" status="PASS">
          <reporter-output>
          </reporter-output>
        </test-method> <!-- start_info -->
        <test-method is-config="true" signature="setup()[pri:0, instance:opportunity.LOU_ownbook_business_hire_funder_accept_with_changes_Test@53fe15ff]" started-at="2023-12-19T18:56:59 IST" name="setup" finished-at="2023-12-19T18:57:09 IST" duration-ms="9699" status="PASS">
          <reporter-output>
          </reporter-output>
        </test-method> <!-- setup -->
        <test-method signature="L1_create_lead_convert_to_lead_for_ownbook_business_flow()[pri:1, instance:opportunity.LOU_ownbook_business_hire_funder_accept_with_changes_Test@53fe15ff]" started-at="2023-12-19T18:57:09 IST" name="L1_create_lead_convert_to_lead_for_ownbook_business_flow" finished-at="2023-12-19T18:59:18 IST" duration-ms="129536" status="PASS">
          <reporter-output>
            <line>
              <![CDATA[<b>Clicked on Leads on Side Menu</b> <br />]]>
            </line>
            <line>
              <![CDATA[<b>Clicked on add lead</b> <br />]]>
            </line>
            <line>
              <![CDATA[<b>Lead is assigned</b> <br />]]>
            </line>
            <line>
              <![CDATA[<b>Added data in General Notes</b> <br />]]>
            </line>
            <line>
              <![CDATA[<b>Customer type - Business selected</b> <br />]]>
            </line>
            <line>
              <![CDATA[<b>Clicked on Add new vehicle request</b> <br />]]>
            </line>
            <line>
              <![CDATA[<b>Clicked on ownbook channel</b> <br />]]>
            </line>
            <line>
              <![CDATA[<b>Vehicle request for broker has been saved</b> <br />]]>
            </line>
            <line>
              <![CDATA[<b>Click on Map New Quote icon</b> <br />]]>
            </line>
            <line>
              <![CDATA[<b>Click on acquisition contract type icon</b> <br />]]>
            </line>
            <line>
              <![CDATA[<b>Click on customer contract type icon</b> <br />]]>
            </line>
            <line>
              <![CDATA[<b>Click on search button</b> <br />]]>
            </line>
            <line>
              <![CDATA[<b>Click on created date button 1st </b> <br />]]>
            </line>
            <line>
              <![CDATA[<b>Click on created date button 2nd</b> <br />]]>
            </line>
            <line>
              <![CDATA[<b>New Quote has been mapped with lead</b> <br />]]>
            </line>
            <line>
              <![CDATA[<b>click ok button on Map  new quote </b> <br />]]>
            </line>
            <line>
              <![CDATA[<b></b> <br />]]>
            </line>
            <line>
              <![CDATA[<b>Started Verifying Table values</b> <br />]]>
            </line>
            <line>
              <![CDATA[<b></b> <br />]]>
            </line>
            <line>
              <![CDATA[<b>XOA45250 = XOA45250</b> <br />]]>
            </line>
            <line>
              <![CDATA[<b>Quote no. compared and found ok</b> <br />]]>
            </line>
            <line>
              <![CDATA[<b></b> <br />]]>
            </line>
            <line>
              <![CDATA[<b>AUDI A7 DIESEL SPORTBACK (2018 - Current) 40 TDI Quattro Black Edition 5dr S Tronic = AUDI A7 DIESEL SPORTBACK (2018 - Current) 40 TDI Quattro Black Edition 5dr S Tronic</b> <br />]]>
            </line>
            <line>
              <![CDATA[<b>Vehicle name compared and found ok</b> <br />]]>
            </line>
            <line>
              <![CDATA[<b></b> <br />]]>
            </line>
            <line>
              <![CDATA[<b>Business Contract Hire = Business Contract Hire</b> <br />]]>
            </line>
            <line>
              <![CDATA[<b>Contract type compared and found ok</b> <br />]]>
            </line>
            <line>
              <![CDATA[<b></b> <br />]]>
            </line>
            <line>
              <![CDATA[<b>1460.77 = 1460.77</b> <br />]]>
            </line>
            <line>
              <![CDATA[<b>Monthly finance rental compared and found ok</b> <br />]]>
            </line>
            <line>
              <![CDATA[<b></b> <br />]]>
            </line>
            <line>
              <![CDATA[<b>5000.0 = 5000.0</b> <br />]]>
            </line>
            <line>
              <![CDATA[<b>Mileage compared and found ok</b> <br />]]>
            </line>
            <line>
              <![CDATA[<b></b> <br />]]>
            </line>
            <line>
              <![CDATA[<b>12.0 = 12.0</b> <br />]]>
            </line>
            <line>
              <![CDATA[<b>Terms compared and found ok</b> <br />]]>
            </line>
            <line>
              <![CDATA[<b></b> <br />]]>
            </line>
            <line>
              <![CDATA[<b>05/12/2026 != 05/12/26</b> <br />]]>
            </line>
            <line>
              <![CDATA[<b>Expiry date compared but found not ok</b> <br />]]>
            </line>
            <line>
              <![CDATA[<b>Click on Lead save and Convert button</b> <br />]]>
            </line>
            <line>
              <![CDATA[<b></b> <br />]]>
            </line>
            <line>
              <![CDATA[<b>Started Verifying Table values</b> <br />]]>
            </line>
            <line>
              <![CDATA[<b></b> <br />]]>
            </line>
            <line>
              <![CDATA[<b>XOA45250 = XOA45250</b> <br />]]>
            </line>
            <line>
              <![CDATA[<b>Quote no. compared and found ok</b> <br />]]>
            </line>
            <line>
              <![CDATA[<b></b> <br />]]>
            </line>
            <line>
              <![CDATA[<b>AUDI A7 DIESEL SPORTBACK (2018 - Current) 40 TDI Quattro Black Edition 5dr S Tronic = AUDI A7 DIESEL SPORTBACK (2018 - Current) 40 TDI Quattro Black Edition 5dr S Tronic</b> <br />]]>
            </line>
            <line>
              <![CDATA[<b>Vehicle name compared and found ok</b> <br />]]>
            </line>
            <line>
              <![CDATA[<b></b> <br />]]>
            </line>
            <line>
              <![CDATA[<b>Business Contract Hire = Business Contract Hire</b> <br />]]>
            </line>
            <line>
              <![CDATA[<b>Contract type compared and found ok</b> <br />]]>
            </line>
            <line>
              <![CDATA[<b></b> <br />]]>
            </line>
            <line>
              <![CDATA[<b>1460.77 = 1460.77</b> <br />]]>
            </line>
            <line>
              <![CDATA[<b>Monthly finance rental compared and found ok</b> <br />]]>
            </line>
            <line>
              <![CDATA[<b></b> <br />]]>
            </line>
            <line>
              <![CDATA[<b>5000.0 = 5000.0</b> <br />]]>
            </line>
            <line>
              <![CDATA[<b>Mileage compared and found ok</b> <br />]]>
            </line>
            <line>
              <![CDATA[<b></b> <br />]]>
            </line>
            <line>
              <![CDATA[<b>12.0 = 12.0</b> <br />]]>
            </line>
            <line>
              <![CDATA[<b>Terms compared and found ok</b> <br />]]>
            </line>
            <line>
              <![CDATA[<b></b> <br />]]>
            </line>
            <line>
              <![CDATA[<b>05/12/2026 != 05/12/26</b> <br />]]>
            </line>
            <line>
              <![CDATA[<b>Expiry date compared but found not ok</b> <br />]]>
            </line>
            <line>
              <![CDATA[<b></b> <br />]]>
            </line>
            <line>
              <![CDATA[<b>In Lead created Opportunity Id is =TG-0455</b> <br />]]>
            </line>
            <line>
              <![CDATA[<b></b> <br />]]>
            </line>
          </reporter-output>
        </test-method> <!-- L1_create_lead_convert_to_lead_for_ownbook_business_flow -->
        <test-method signature="L2_ownbook_business_current_status_before_sending_to_proposal()[pri:2, instance:opportunity.LOU_ownbook_business_hire_funder_accept_with_changes_Test@53fe15ff]" started-at="2023-12-19T18:59:18 IST" name="L2_ownbook_business_current_status_before_sending_to_proposal" finished-at="2023-12-19T18:59:39 IST" depends-on-methods="opportunity.LOU_ownbook_business_hire_funder_accept_with_changes_Test.L1_create_lead_convert_to_lead_for_ownbook_business_flow" duration-ms="20295" status="PASS">
          <reporter-output>
            <line>
              <![CDATA[<b>Clicked on Opportunity link from Menu </b> <br />]]>
            </line>
            <line>
              <![CDATA[<b>listing_proposal_status is = Proposal Required</b> <br />]]>
            </line>
            <line>
              <![CDATA[<b>Enter the Opportunity id in Search Text box</b> <br />]]>
            </line>
            <line>
              <![CDATA[<b>Current Status of Opportunity Status value is = Open</b> <br />]]>
            </line>
            <line>
              <![CDATA[<b>Current Status of Proposal value is = Proposal Required</b> <br />]]>
            </line>
            <line>
              <![CDATA[<b>Current Status of Channel value is =  Draft</b> <br />]]>
            </line>
            <line>
              <![CDATA[<b>Current Status of  Quote ref is = Draft</b> <br />]]>
            </line>
            <line>
              <![CDATA[<b>Status Verified : Before sending the proposal</b> <br />]]>
            </line>
          </reporter-output>
        </test-method> <!-- L2_ownbook_business_current_status_before_sending_to_proposal -->
        <test-method signature="L3_verify_table_values_on_opportunity_page_before_sending_proposal()[pri:3, instance:opportunity.LOU_ownbook_business_hire_funder_accept_with_changes_Test@53fe15ff]" started-at="2023-12-19T18:59:39 IST" name="L3_verify_table_values_on_opportunity_page_before_sending_proposal" finished-at="2023-12-19T18:59:43 IST" depends-on-methods="opportunity.LOU_ownbook_business_hire_funder_accept_with_changes_Test.L2_ownbook_business_current_status_before_sending_to_proposal" duration-ms="4259" status="PASS">
          <reporter-output>
            <line>
              <![CDATA[<b></b> <br />]]>
            </line>
            <line>
              <![CDATA[<b>Started Verifying Table values</b> <br />]]>
            </line>
            <line>
              <![CDATA[<b></b> <br />]]>
            </line>
            <line>
              <![CDATA[<b>XOA45250 = XOA45250</b> <br />]]>
            </line>
            <line>
              <![CDATA[<b>Quote no. compared and found ok</b> <br />]]>
            </line>
            <line>
              <![CDATA[<b></b> <br />]]>
            </line>
            <line>
              <![CDATA[<b>AUDI A7 DIESEL SPORTBACK (2018 - Current) 40 TDI Quattro Black Edition 5dr S Tronic = AUDI A7 DIESEL SPORTBACK (2018 - Current) 40 TDI Quattro Black Edition 5dr S Tronic</b> <br />]]>
            </line>
            <line>
              <![CDATA[<b>Vehicle name compared and found ok</b> <br />]]>
            </line>
            <line>
              <![CDATA[<b></b> <br />]]>
            </line>
            <line>
              <![CDATA[<b>Business Contract Hire = Business Contract Hire</b> <br />]]>
            </line>
            <line>
              <![CDATA[<b>Contract type compared and found ok</b> <br />]]>
            </line>
            <line>
              <![CDATA[<b></b> <br />]]>
            </line>
            <line>
              <![CDATA[<b>1460.77 = 1460.77</b> <br />]]>
            </line>
            <line>
              <![CDATA[<b>Monthly finance rental compared and found ok</b> <br />]]>
            </line>
            <line>
              <![CDATA[<b></b> <br />]]>
            </line>
            <line>
              <![CDATA[<b>5000.0 = 5000.0</b> <br />]]>
            </line>
            <line>
              <![CDATA[<b>Mileage compared and found ok</b> <br />]]>
            </line>
            <line>
              <![CDATA[<b></b> <br />]]>
            </line>
            <line>
              <![CDATA[<b>12.0 = 12.0</b> <br />]]>
            </line>
            <line>
              <![CDATA[<b>Terms compared and found ok</b> <br />]]>
            </line>
            <line>
              <![CDATA[<b></b> <br />]]>
            </line>
            <line>
              <![CDATA[<b>05/12/2026 != 05/12/26</b> <br />]]>
            </line>
            <line>
              <![CDATA[<b>Expiry date compared but found not ok</b> <br />]]>
            </line>
            <line>
              <![CDATA[<b></b> <br />]]>
            </line>
            <line>
              <![CDATA[<b>Table values verified Successfully</b> <br />]]>
            </line>
          </reporter-output>
        </test-method> <!-- L3_verify_table_values_on_opportunity_page_before_sending_proposal -->
        <test-method signature="L4_fill_up_the_required_fields_for_sending_a_proposal()[pri:4, instance:opportunity.LOU_ownbook_business_hire_funder_accept_with_changes_Test@53fe15ff]" started-at="2023-12-19T18:59:43 IST" name="L4_fill_up_the_required_fields_for_sending_a_proposal" finished-at="2023-12-19T19:01:35 IST" depends-on-methods="opportunity.LOU_ownbook_business_hire_funder_accept_with_changes_Test.L3_verify_table_values_on_opportunity_page_before_sending_proposal" duration-ms="112279" status="FAIL">
          <exception class="org.openqa.selenium.TimeoutException">
            <message>
              <![CDATA[Expected condition failed: waiting for visibility of Proxy element for: DefaultElementLocator 'By.xpath: //*[@title='Send Proposal']' (tried for 50 second(s) with 500 milliseconds interval)]]>
            </message>
            <full-stacktrace>
              <![CDATA[org.openqa.selenium.TimeoutException: Expected condition failed: waiting for visibility of Proxy element for: DefaultElementLocator 'By.xpath: //*[@title='Send Proposal']' (tried for 50 second(s) with 500 milliseconds interval)
at org.openqa.selenium.support.ui.WebDriverWait.timeoutException(WebDriverWait.java:138)
at org.openqa.selenium.support.ui.FluentWait.until(FluentWait.java:231)
at com.amt.testUtil.ExplicitWait.visibleElement(ExplicitWait.java:23)
at com.amt.pages.Proposal.Opp_listing_proposal_fill_form_manually(Proposal.java:1292)
at opportunity.LOU_ownbook_business_hire_funder_accept_with_changes_Test.L4_fill_up_the_required_fields_for_sending_a_proposal(LOU_ownbook_business_hire_funder_accept_with_changes_Test.java:130)
at java.base/jdk.internal.reflect.DirectMethodHandleAccessor.invoke(DirectMethodHandleAccessor.java:104)
at java.base/java.lang.reflect.Method.invoke(Method.java:578)
at org.testng.internal.MethodInvocationHelper.invokeMethod(MethodInvocationHelper.java:133)
at org.testng.internal.TestInvoker.invokeMethod(TestInvoker.java:598)
at org.testng.internal.TestInvoker.invokeTestMethod(TestInvoker.java:173)
at org.testng.internal.MethodRunner.runInSequence(MethodRunner.java:46)
at org.testng.internal.TestInvoker$MethodInvocationAgent.invoke(TestInvoker.java:824)
at org.testng.internal.TestInvoker.invokeTestMethods(TestInvoker.java:146)
at org.testng.internal.TestMethodWorker.invokeTestMethods(TestMethodWorker.java:146)
at org.testng.internal.TestMethodWorker.run(TestMethodWorker.java:128)
at java.base/java.util.ArrayList.forEach(ArrayList.java:1511)
at org.testng.TestRunner.privateRun(TestRunner.java:794)
at org.testng.TestRunner.run(TestRunner.java:596)
at org.testng.SuiteRunner.runTest(SuiteRunner.java:377)
at org.testng.SuiteRunner.runSequentially(SuiteRunner.java:371)
at org.testng.SuiteRunner.privateRun(SuiteRunner.java:332)
at org.testng.SuiteRunner.run(SuiteRunner.java:276)
at org.testng.SuiteRunnerWorker.runSuite(SuiteRunnerWorker.java:53)
at org.testng.SuiteRunnerWorker.run(SuiteRunnerWorker.java:96)
at org.testng.TestNG.runSuitesSequentially(TestNG.java:1212)
at org.testng.TestNG.runSuitesLocally(TestNG.java:1134)
at org.testng.TestNG.runSuites(TestNG.java:1063)
at org.testng.TestNG.run(TestNG.java:1031)
at org.testng.remote.AbstractRemoteTestNG.run(AbstractRemoteTestNG.java:115)
at org.testng.remote.RemoteTestNG.initAndRun(RemoteTestNG.java:251)
at org.testng.remote.RemoteTestNG.main(RemoteTestNG.java:77)
Caused by: org.openqa.selenium.NoSuchElementException: no such element: Unable to locate element: {"method":"xpath","selector":"//*[@title='Send Proposal']"}
  (Session info: chrome=120.0.6099.110)
For documentation on this error, please visit: https://selenium.dev/exceptions/#no_such_element
Build info: version: '4.1.0', revision: '87802e897b'
System info: host: 'DSK-4052', ip: '172.16.1.80', os.name: 'Windows 10', os.arch: 'amd64', os.version: '10.0', java.version: '19.0.1'
Driver info: org.openqa.selenium.chrome.ChromeDriver
Command: [4040c660a2696d40c6854c3083f7cbee, findElement {using=xpath, value=//*[@title='Send Proposal']}]
Capabilities {acceptInsecureCerts: false, browserName: chrome, browserVersion: 120.0.6099.110, chrome: {chromedriverVersion: 119.0.6045.105 (38c72552c5e..., userDataDir: C:\Users\NITEIN~1.KUR\AppDa...}, fedcm:accounts: true, goog:chromeOptions: {debuggerAddress: localhost:59995}, javascriptEnabled: true, networkConnectionEnabled: false, pageLoadStrategy: normal, platform: WINDOWS, platformName: WINDOWS, proxy: Proxy(), se:cdp: ws://localhost:59995/devtoo..., se:cdpVersion: 120.0.6099.110, setWindowRect: true, strictFileInteractability: false, timeouts: {implicit: 0, pageLoad: 300000, script: 30000}, unhandledPromptBehavior: dismiss and notify, webauthn:extension:credBlob: true, webauthn:extension:largeBlob: true, webauthn:extension:minPinLength: true, webauthn:extension:prf: true, webauthn:virtualAuthenticators: true}
Session ID: 4040c660a2696d40c6854c3083f7cbee
at java.base/jdk.internal.reflect.DirectConstructorHandleAccessor.newInstance(DirectConstructorHandleAccessor.java:67)
at java.base/java.lang.reflect.Constructor.newInstanceWithCaller(Constructor.java:500)
at java.base/java.lang.reflect.Constructor.newInstance(Constructor.java:484)
at org.openqa.selenium.remote.codec.w3c.W3CHttpResponseCodec.createException(W3CHttpResponseCodec.java:200)
at org.openqa.selenium.remote.codec.w3c.W3CHttpResponseCodec.decode(W3CHttpResponseCodec.java:133)
at org.openqa.selenium.remote.codec.w3c.W3CHttpResponseCodec.decode(W3CHttpResponseCodec.java:53)
at org.openqa.selenium.remote.HttpCommandExecutor.execute(HttpCommandExecutor.java:184)
at org.openqa.selenium.remote.service.DriverCommandExecutor.invokeExecute(DriverCommandExecutor.java:164)
at org.openqa.selenium.remote.service.DriverCommandExecutor.execute(DriverCommandExecutor.java:139)
at org.openqa.selenium.remote.RemoteWebDriver.execute(RemoteWebDriver.java:559)
at org.openqa.selenium.remote.ElementLocation$ElementFinder$2.findElement(ElementLocation.java:162)
at org.openqa.selenium.remote.ElementLocation.findElement(ElementLocation.java:60)
at org.openqa.selenium.remote.RemoteWebDriver.findElement(RemoteWebDriver.java:383)
at org.openqa.selenium.remote.RemoteWebDriver.findElement(RemoteWebDriver.java:375)
at org.openqa.selenium.support.pagefactory.DefaultElementLocator.findElement(DefaultElementLocator.java:70)
at org.openqa.selenium.support.pagefactory.internal.LocatingElementHandler.invoke(LocatingElementHandler.java:39)
at jdk.proxy2/jdk.proxy2.$Proxy21.isDisplayed(Unknown Source)
at org.openqa.selenium.support.ui.ExpectedConditions.elementIfVisible(ExpectedConditions.java:307)
at org.openqa.selenium.support.ui.ExpectedConditions.access$000(ExpectedConditions.java:40)
at org.openqa.selenium.support.ui.ExpectedConditions$10.apply(ExpectedConditions.java:293)
at org.openqa.selenium.support.ui.ExpectedConditions$10.apply(ExpectedConditions.java:290)
at org.openqa.selenium.support.ui.FluentWait.until(FluentWait.java:208)
... 29 more
]]>
            </full-stacktrace>
          </exception> <!-- org.openqa.selenium.TimeoutException -->
          <reporter-output>
            <line>
              <![CDATA[<b>click on Proposal icon</b> <br />]]>
            </line>
            <line>
              <![CDATA[<b>click on Proposal icon</b> <br />]]>
            </line>
            <line>
              <![CDATA[<b>Proposal page will display </b> <br />]]>
            </line>
            <line>
              <![CDATA[<br>----------Screenshot---------<br>]]>
            </line>
            <line>
              <![CDATA[<img src="D:\Orders_Vehicles\AMT_Orders_Vehicles\target\surefire-reports\html\failure_screenshots\L4_fill_up_the_required_fields_for_sending_a_proposal_19_12_2023_07_01_35.png" height="800" width="1000">]]>
            </line>
          </reporter-output>
        </test-method> <!-- L4_fill_up_the_required_fields_for_sending_a_proposal -->
        <test-method signature="L5_ownbook_create_opportunity_business_current_status_after_sending_to_proposal()[pri:5, instance:opportunity.LOU_ownbook_business_hire_funder_accept_with_changes_Test@53fe15ff]" started-at="2023-12-19T19:01:35 IST" name="L5_ownbook_create_opportunity_business_current_status_after_sending_to_proposal" finished-at="2023-12-19T19:01:35 IST" depends-on-methods="opportunity.LOU_ownbook_business_hire_funder_accept_with_changes_Test.L4_fill_up_the_required_fields_for_sending_a_proposal" duration-ms="0" status="SKIP">
          <exception class="java.lang.Throwable">
            <message>
              <![CDATA[Method LOU_ownbook_business_hire_funder_accept_with_changes_Test.L5_ownbook_create_opportunity_business_current_status_after_sending_to_proposal()[pri:5, instance:opportunity.LOU_ownbook_business_hire_funder_accept_with_changes_Test@53fe15ff] depends on not successfully finished methods]]>
            </message>
            <full-stacktrace>
              <![CDATA[java.lang.Throwable: Method LOU_ownbook_business_hire_funder_accept_with_changes_Test.L5_ownbook_create_opportunity_business_current_status_after_sending_to_proposal()[pri:5, instance:opportunity.LOU_ownbook_business_hire_funder_accept_with_changes_Test@53fe15ff] depends on not successfully finished methods
at org.testng.internal.TestInvoker.invokeTestMethods(TestInvoker.java:102)
at org.testng.internal.TestMethodWorker.invokeTestMethods(TestMethodWorker.java:146)
at org.testng.internal.TestMethodWorker.run(TestMethodWorker.java:128)
at java.base/java.util.ArrayList.forEach(ArrayList.java:1511)
at org.testng.TestRunner.privateRun(TestRunner.java:794)
at org.testng.TestRunner.run(TestRunner.java:596)
at org.testng.SuiteRunner.runTest(SuiteRunner.java:377)
at org.testng.SuiteRunner.runSequentially(SuiteRunner.java:371)
at org.testng.SuiteRunner.privateRun(SuiteRunner.java:332)
at org.testng.SuiteRunner.run(SuiteRunner.java:276)
at org.testng.SuiteRunnerWorker.runSuite(SuiteRunnerWorker.java:53)
at org.testng.SuiteRunnerWorker.run(SuiteRunnerWorker.java:96)
at org.testng.TestNG.runSuitesSequentially(TestNG.java:1212)
at org.testng.TestNG.runSuitesLocally(TestNG.java:1134)
at org.testng.TestNG.runSuites(TestNG.java:1063)
at org.testng.TestNG.run(TestNG.java:1031)
at org.testng.remote.AbstractRemoteTestNG.run(AbstractRemoteTestNG.java:115)
at org.testng.remote.RemoteTestNG.initAndRun(RemoteTestNG.java:251)
at org.testng.remote.RemoteTestNG.main(RemoteTestNG.java:77)
]]>
            </full-stacktrace>
          </exception> <!-- java.lang.Throwable -->
          <reporter-output>
          </reporter-output>
        </test-method> <!-- L5_ownbook_create_opportunity_business_current_status_after_sending_to_proposal -->
        <test-method signature="L6_ownbook_sending_contract()[pri:6, instance:opportunity.LOU_ownbook_business_hire_funder_accept_with_changes_Test@53fe15ff]" started-at="2023-12-19T19:01:35 IST" name="L6_ownbook_sending_contract" finished-at="2023-12-19T19:01:35 IST" depends-on-methods="opportunity.LOU_ownbook_business_hire_funder_accept_with_changes_Test.L5_ownbook_create_opportunity_business_current_status_after_sending_to_proposal" duration-ms="0" status="SKIP">
          <exception class="java.lang.Throwable">
            <message>
              <![CDATA[Method LOU_ownbook_business_hire_funder_accept_with_changes_Test.L6_ownbook_sending_contract()[pri:6, instance:opportunity.LOU_ownbook_business_hire_funder_accept_with_changes_Test@53fe15ff] depends on not successfully finished methods]]>
            </message>
            <full-stacktrace>
              <![CDATA[java.lang.Throwable: Method LOU_ownbook_business_hire_funder_accept_with_changes_Test.L6_ownbook_sending_contract()[pri:6, instance:opportunity.LOU_ownbook_business_hire_funder_accept_with_changes_Test@53fe15ff] depends on not successfully finished methods
at org.testng.internal.TestInvoker.invokeTestMethods(TestInvoker.java:102)
at org.testng.internal.TestMethodWorker.invokeTestMethods(TestMethodWorker.java:146)
at org.testng.internal.TestMethodWorker.run(TestMethodWorker.java:128)
at java.base/java.util.ArrayList.forEach(ArrayList.java:1511)
at org.testng.TestRunner.privateRun(TestRunner.java:794)
at org.testng.TestRunner.run(TestRunner.java:596)
at org.testng.SuiteRunner.runTest(SuiteRunner.java:377)
at org.testng.SuiteRunner.runSequentially(SuiteRunner.java:371)
at org.testng.SuiteRunner.privateRun(SuiteRunner.java:332)
at org.testng.SuiteRunner.run(SuiteRunner.java:276)
at org.testng.SuiteRunnerWorker.runSuite(SuiteRunnerWorker.java:53)
at org.testng.SuiteRunnerWorker.run(SuiteRunnerWorker.java:96)
at org.testng.TestNG.runSuitesSequentially(TestNG.java:1212)
at org.testng.TestNG.runSuitesLocally(TestNG.java:1134)
at org.testng.TestNG.runSuites(TestNG.java:1063)
at org.testng.TestNG.run(TestNG.java:1031)
at org.testng.remote.AbstractRemoteTestNG.run(AbstractRemoteTestNG.java:115)
at org.testng.remote.RemoteTestNG.initAndRun(RemoteTestNG.java:251)
at org.testng.remote.RemoteTestNG.main(RemoteTestNG.java:77)
]]>
            </full-stacktrace>
          </exception> <!-- java.lang.Throwable -->
          <reporter-output>
          </reporter-output>
        </test-method> <!-- L6_ownbook_sending_contract -->
        <test-method signature="L7_verify_current_status_on_opportunity_page_after_sending_contract_for_ownbook_business_flow()[pri:7, instance:opportunity.LOU_ownbook_business_hire_funder_accept_with_changes_Test@53fe15ff]" started-at="2023-12-19T19:01:35 IST" name="L7_verify_current_status_on_opportunity_page_after_sending_contract_for_ownbook_business_flow" finished-at="2023-12-19T19:01:35 IST" depends-on-methods="opportunity.LOU_ownbook_business_hire_funder_accept_with_changes_Test.L6_ownbook_sending_contract" duration-ms="0" status="SKIP">
          <exception class="java.lang.Throwable">
            <message>
              <![CDATA[Method LOU_ownbook_business_hire_funder_accept_with_changes_Test.L7_verify_current_status_on_opportunity_page_after_sending_contract_for_ownbook_business_flow()[pri:7, instance:opportunity.LOU_ownbook_business_hire_funder_accept_with_changes_Test@53fe15ff] depends on not successfully finished methods]]>
            </message>
            <full-stacktrace>
              <![CDATA[java.lang.Throwable: Method LOU_ownbook_business_hire_funder_accept_with_changes_Test.L7_verify_current_status_on_opportunity_page_after_sending_contract_for_ownbook_business_flow()[pri:7, instance:opportunity.LOU_ownbook_business_hire_funder_accept_with_changes_Test@53fe15ff] depends on not successfully finished methods
at org.testng.internal.TestInvoker.invokeTestMethods(TestInvoker.java:102)
at org.testng.internal.TestMethodWorker.invokeTestMethods(TestMethodWorker.java:146)
at org.testng.internal.TestMethodWorker.run(TestMethodWorker.java:128)
at java.base/java.util.ArrayList.forEach(ArrayList.java:1511)
at org.testng.TestRunner.privateRun(TestRunner.java:794)
at org.testng.TestRunner.run(TestRunner.java:596)
at org.testng.SuiteRunner.runTest(SuiteRunner.java:377)
at org.testng.SuiteRunner.runSequentially(SuiteRunner.java:371)
at org.testng.SuiteRunner.privateRun(SuiteRunner.java:332)
at org.testng.SuiteRunner.run(SuiteRunner.java:276)
at org.testng.SuiteRunnerWorker.runSuite(SuiteRunnerWorker.java:53)
at org.testng.SuiteRunnerWorker.run(SuiteRunnerWorker.java:96)
at org.testng.TestNG.runSuitesSequentially(TestNG.java:1212)
at org.testng.TestNG.runSuitesLocally(TestNG.java:1134)
at org.testng.TestNG.runSuites(TestNG.java:1063)
at org.testng.TestNG.run(TestNG.java:1031)
at org.testng.remote.AbstractRemoteTestNG.run(AbstractRemoteTestNG.java:115)
at org.testng.remote.RemoteTestNG.initAndRun(RemoteTestNG.java:251)
at org.testng.remote.RemoteTestNG.main(RemoteTestNG.java:77)
]]>
            </full-stacktrace>
          </exception> <!-- java.lang.Throwable -->
          <reporter-output>
          </reporter-output>
        </test-method> <!-- L7_verify_current_status_on_opportunity_page_after_sending_contract_for_ownbook_business_flow -->
        <test-method signature="L8_ownbook_signed_contract_status_with_api_call()[pri:8, instance:opportunity.LOU_ownbook_business_hire_funder_accept_with_changes_Test@53fe15ff]" started-at="2023-12-19T19:01:35 IST" name="L8_ownbook_signed_contract_status_with_api_call" finished-at="2023-12-19T19:01:35 IST" depends-on-methods="opportunity.LOU_ownbook_business_hire_funder_accept_with_changes_Test.L7_verify_current_status_on_opportunity_page_after_sending_contract_for_ownbook_business_flow" duration-ms="0" status="SKIP">
          <exception class="java.lang.Throwable">
            <message>
              <![CDATA[Method LOU_ownbook_business_hire_funder_accept_with_changes_Test.L8_ownbook_signed_contract_status_with_api_call()[pri:8, instance:opportunity.LOU_ownbook_business_hire_funder_accept_with_changes_Test@53fe15ff] depends on not successfully finished methods]]>
            </message>
            <full-stacktrace>
              <![CDATA[java.lang.Throwable: Method LOU_ownbook_business_hire_funder_accept_with_changes_Test.L8_ownbook_signed_contract_status_with_api_call()[pri:8, instance:opportunity.LOU_ownbook_business_hire_funder_accept_with_changes_Test@53fe15ff] depends on not successfully finished methods
at org.testng.internal.TestInvoker.invokeTestMethods(TestInvoker.java:102)
at org.testng.internal.TestMethodWorker.invokeTestMethods(TestMethodWorker.java:146)
at org.testng.internal.TestMethodWorker.run(TestMethodWorker.java:128)
at java.base/java.util.ArrayList.forEach(ArrayList.java:1511)
at org.testng.TestRunner.privateRun(TestRunner.java:794)
at org.testng.TestRunner.run(TestRunner.java:596)
at org.testng.SuiteRunner.runTest(SuiteRunner.java:377)
at org.testng.SuiteRunner.runSequentially(SuiteRunner.java:371)
at org.testng.SuiteRunner.privateRun(SuiteRunner.java:332)
at org.testng.SuiteRunner.run(SuiteRunner.java:276)
at org.testng.SuiteRunnerWorker.runSuite(SuiteRunnerWorker.java:53)
at org.testng.SuiteRunnerWorker.run(SuiteRunnerWorker.java:96)
at org.testng.TestNG.runSuitesSequentially(TestNG.java:1212)
at org.testng.TestNG.runSuitesLocally(TestNG.java:1134)
at org.testng.TestNG.runSuites(TestNG.java:1063)
at org.testng.TestNG.run(TestNG.java:1031)
at org.testng.remote.AbstractRemoteTestNG.run(AbstractRemoteTestNG.java:115)
at org.testng.remote.RemoteTestNG.initAndRun(RemoteTestNG.java:251)
at org.testng.remote.RemoteTestNG.main(RemoteTestNG.java:77)
]]>
            </full-stacktrace>
          </exception> <!-- java.lang.Throwable -->
          <reporter-output>
          </reporter-output>
        </test-method> <!-- L8_ownbook_signed_contract_status_with_api_call -->
        <test-method signature="UW1_verify_status_after_contract_signed()[pri:9, instance:opportunity.LOU_ownbook_business_hire_funder_accept_with_changes_Test@53fe15ff]" started-at="2023-12-19T19:01:35 IST" name="UW1_verify_status_after_contract_signed" finished-at="2023-12-19T19:01:35 IST" depends-on-methods="opportunity.LOU_ownbook_business_hire_funder_accept_with_changes_Test.L8_ownbook_signed_contract_status_with_api_call" duration-ms="0" status="SKIP">
          <exception class="java.lang.Throwable">
            <message>
              <![CDATA[Method LOU_ownbook_business_hire_funder_accept_with_changes_Test.UW1_verify_status_after_contract_signed()[pri:9, instance:opportunity.LOU_ownbook_business_hire_funder_accept_with_changes_Test@53fe15ff] depends on not successfully finished methods]]>
            </message>
            <full-stacktrace>
              <![CDATA[java.lang.Throwable: Method LOU_ownbook_business_hire_funder_accept_with_changes_Test.UW1_verify_status_after_contract_signed()[pri:9, instance:opportunity.LOU_ownbook_business_hire_funder_accept_with_changes_Test@53fe15ff] depends on not successfully finished methods
at org.testng.internal.TestInvoker.invokeTestMethods(TestInvoker.java:102)
at org.testng.internal.TestMethodWorker.invokeTestMethods(TestMethodWorker.java:146)
at org.testng.internal.TestMethodWorker.run(TestMethodWorker.java:128)
at java.base/java.util.ArrayList.forEach(ArrayList.java:1511)
at org.testng.TestRunner.privateRun(TestRunner.java:794)
at org.testng.TestRunner.run(TestRunner.java:596)
at org.testng.SuiteRunner.runTest(SuiteRunner.java:377)
at org.testng.SuiteRunner.runSequentially(SuiteRunner.java:371)
at org.testng.SuiteRunner.privateRun(SuiteRunner.java:332)
at org.testng.SuiteRunner.run(SuiteRunner.java:276)
at org.testng.SuiteRunnerWorker.runSuite(SuiteRunnerWorker.java:53)
at org.testng.SuiteRunnerWorker.run(SuiteRunnerWorker.java:96)
at org.testng.TestNG.runSuitesSequentially(TestNG.java:1212)
at org.testng.TestNG.runSuitesLocally(TestNG.java:1134)
at org.testng.TestNG.runSuites(TestNG.java:1063)
at org.testng.TestNG.run(TestNG.java:1031)
at org.testng.remote.AbstractRemoteTestNG.run(AbstractRemoteTestNG.java:115)
at org.testng.remote.RemoteTestNG.initAndRun(RemoteTestNG.java:251)
at org.testng.remote.RemoteTestNG.main(RemoteTestNG.java:77)
]]>
            </full-stacktrace>
          </exception> <!-- java.lang.Throwable -->
          <reporter-output>
          </reporter-output>
        </test-method> <!-- UW1_verify_status_after_contract_signed -->
        <test-method signature="UW2_verify_underwriting_pop_up_summary_values_for_ownbook_business_flow()[pri:10, instance:opportunity.LOU_ownbook_business_hire_funder_accept_with_changes_Test@53fe15ff]" started-at="2023-12-19T19:01:35 IST" name="UW2_verify_underwriting_pop_up_summary_values_for_ownbook_business_flow" finished-at="2023-12-19T19:01:35 IST" depends-on-methods="opportunity.LOU_ownbook_business_hire_funder_accept_with_changes_Test.UW1_verify_status_after_contract_signed" duration-ms="0" status="SKIP">
          <exception class="java.lang.Throwable">
            <message>
              <![CDATA[Method LOU_ownbook_business_hire_funder_accept_with_changes_Test.UW2_verify_underwriting_pop_up_summary_values_for_ownbook_business_flow()[pri:10, instance:opportunity.LOU_ownbook_business_hire_funder_accept_with_changes_Test@53fe15ff] depends on not successfully finished methods]]>
            </message>
            <full-stacktrace>
              <![CDATA[java.lang.Throwable: Method LOU_ownbook_business_hire_funder_accept_with_changes_Test.UW2_verify_underwriting_pop_up_summary_values_for_ownbook_business_flow()[pri:10, instance:opportunity.LOU_ownbook_business_hire_funder_accept_with_changes_Test@53fe15ff] depends on not successfully finished methods
at org.testng.internal.TestInvoker.invokeTestMethods(TestInvoker.java:102)
at org.testng.internal.TestMethodWorker.invokeTestMethods(TestMethodWorker.java:146)
at org.testng.internal.TestMethodWorker.run(TestMethodWorker.java:128)
at java.base/java.util.ArrayList.forEach(ArrayList.java:1511)
at org.testng.TestRunner.privateRun(TestRunner.java:794)
at org.testng.TestRunner.run(TestRunner.java:596)
at org.testng.SuiteRunner.runTest(SuiteRunner.java:377)
at org.testng.SuiteRunner.runSequentially(SuiteRunner.java:371)
at org.testng.SuiteRunner.privateRun(SuiteRunner.java:332)
at org.testng.SuiteRunner.run(SuiteRunner.java:276)
at org.testng.SuiteRunnerWorker.runSuite(SuiteRunnerWorker.java:53)
at org.testng.SuiteRunnerWorker.run(SuiteRunnerWorker.java:96)
at org.testng.TestNG.runSuitesSequentially(TestNG.java:1212)
at org.testng.TestNG.runSuitesLocally(TestNG.java:1134)
at org.testng.TestNG.runSuites(TestNG.java:1063)
at org.testng.TestNG.run(TestNG.java:1031)
at org.testng.remote.AbstractRemoteTestNG.run(AbstractRemoteTestNG.java:115)
at org.testng.remote.RemoteTestNG.initAndRun(RemoteTestNG.java:251)
at org.testng.remote.RemoteTestNG.main(RemoteTestNG.java:77)
]]>
            </full-stacktrace>
          </exception> <!-- java.lang.Throwable -->
          <reporter-output>
          </reporter-output>
        </test-method> <!-- UW2_verify_underwriting_pop_up_summary_values_for_ownbook_business_flow -->
        <test-method signature="UW2_verify_status_after_sending_to_underwriting()[pri:11, instance:opportunity.LOU_ownbook_business_hire_funder_accept_with_changes_Test@53fe15ff]" started-at="2023-12-19T19:01:35 IST" name="UW2_verify_status_after_sending_to_underwriting" finished-at="2023-12-19T19:01:35 IST" depends-on-methods="opportunity.LOU_ownbook_business_hire_funder_accept_with_changes_Test.UW2_verify_underwriting_pop_up_summary_values_for_ownbook_business_flow" duration-ms="0" status="SKIP">
          <exception class="java.lang.Throwable">
            <message>
              <![CDATA[Method LOU_ownbook_business_hire_funder_accept_with_changes_Test.UW2_verify_status_after_sending_to_underwriting()[pri:11, instance:opportunity.LOU_ownbook_business_hire_funder_accept_with_changes_Test@53fe15ff] depends on not successfully finished methods]]>
            </message>
            <full-stacktrace>
              <![CDATA[java.lang.Throwable: Method LOU_ownbook_business_hire_funder_accept_with_changes_Test.UW2_verify_status_after_sending_to_underwriting()[pri:11, instance:opportunity.LOU_ownbook_business_hire_funder_accept_with_changes_Test@53fe15ff] depends on not successfully finished methods
at org.testng.internal.TestInvoker.invokeTestMethods(TestInvoker.java:102)
at org.testng.internal.TestMethodWorker.invokeTestMethods(TestMethodWorker.java:146)
at org.testng.internal.TestMethodWorker.run(TestMethodWorker.java:128)
at java.base/java.util.ArrayList.forEach(ArrayList.java:1511)
at org.testng.TestRunner.privateRun(TestRunner.java:794)
at org.testng.TestRunner.run(TestRunner.java:596)
at org.testng.SuiteRunner.runTest(SuiteRunner.java:377)
at org.testng.SuiteRunner.runSequentially(SuiteRunner.java:371)
at org.testng.SuiteRunner.privateRun(SuiteRunner.java:332)
at org.testng.SuiteRunner.run(SuiteRunner.java:276)
at org.testng.SuiteRunnerWorker.runSuite(SuiteRunnerWorker.java:53)
at org.testng.SuiteRunnerWorker.run(SuiteRunnerWorker.java:96)
at org.testng.TestNG.runSuitesSequentially(TestNG.java:1212)
at org.testng.TestNG.runSuitesLocally(TestNG.java:1134)
at org.testng.TestNG.runSuites(TestNG.java:1063)
at org.testng.TestNG.run(TestNG.java:1031)
at org.testng.remote.AbstractRemoteTestNG.run(AbstractRemoteTestNG.java:115)
at org.testng.remote.RemoteTestNG.initAndRun(RemoteTestNG.java:251)
at org.testng.remote.RemoteTestNG.main(RemoteTestNG.java:77)
]]>
            </full-stacktrace>
          </exception> <!-- java.lang.Throwable -->
          <reporter-output>
          </reporter-output>
        </test-method> <!-- UW2_verify_status_after_sending_to_underwriting -->
        <test-method signature="UW3_verify_underwriting_lisitig_page()[pri:12, instance:opportunity.LOU_ownbook_business_hire_funder_accept_with_changes_Test@53fe15ff]" started-at="2023-12-19T19:01:35 IST" name="UW3_verify_underwriting_lisitig_page" finished-at="2023-12-19T19:01:35 IST" depends-on-methods="opportunity.LOU_ownbook_business_hire_funder_accept_with_changes_Test.UW2_verify_status_after_sending_to_underwriting" duration-ms="0" status="SKIP">
          <exception class="java.lang.Throwable">
            <message>
              <![CDATA[Method LOU_ownbook_business_hire_funder_accept_with_changes_Test.UW3_verify_underwriting_lisitig_page()[pri:12, instance:opportunity.LOU_ownbook_business_hire_funder_accept_with_changes_Test@53fe15ff] depends on not successfully finished methods]]>
            </message>
            <full-stacktrace>
              <![CDATA[java.lang.Throwable: Method LOU_ownbook_business_hire_funder_accept_with_changes_Test.UW3_verify_underwriting_lisitig_page()[pri:12, instance:opportunity.LOU_ownbook_business_hire_funder_accept_with_changes_Test@53fe15ff] depends on not successfully finished methods
at org.testng.internal.TestInvoker.invokeTestMethods(TestInvoker.java:102)
at org.testng.internal.TestMethodWorker.invokeTestMethods(TestMethodWorker.java:146)
at org.testng.internal.TestMethodWorker.run(TestMethodWorker.java:128)
at java.base/java.util.ArrayList.forEach(ArrayList.java:1511)
at org.testng.TestRunner.privateRun(TestRunner.java:794)
at org.testng.TestRunner.run(TestRunner.java:596)
at org.testng.SuiteRunner.runTest(SuiteRunner.java:377)
at org.testng.SuiteRunner.runSequentially(SuiteRunner.java:371)
at org.testng.SuiteRunner.privateRun(SuiteRunner.java:332)
at org.testng.SuiteRunner.run(SuiteRunner.java:276)
at org.testng.SuiteRunnerWorker.runSuite(SuiteRunnerWorker.java:53)
at org.testng.SuiteRunnerWorker.run(SuiteRunnerWorker.java:96)
at org.testng.TestNG.runSuitesSequentially(TestNG.java:1212)
at org.testng.TestNG.runSuitesLocally(TestNG.java:1134)
at org.testng.TestNG.runSuites(TestNG.java:1063)
at org.testng.TestNG.run(TestNG.java:1031)
at org.testng.remote.AbstractRemoteTestNG.run(AbstractRemoteTestNG.java:115)
at org.testng.remote.RemoteTestNG.initAndRun(RemoteTestNG.java:251)
at org.testng.remote.RemoteTestNG.main(RemoteTestNG.java:77)
]]>
            </full-stacktrace>
          </exception> <!-- java.lang.Throwable -->
          <reporter-output>
          </reporter-output>
        </test-method> <!-- UW3_verify_underwriting_lisitig_page -->
        <test-method signature="UW4_verify_values_on_underwriting_quote_tab_for_ownbook_business_flow()[pri:13, instance:opportunity.LOU_ownbook_business_hire_funder_accept_with_changes_Test@53fe15ff]" started-at="2023-12-19T19:01:35 IST" name="UW4_verify_values_on_underwriting_quote_tab_for_ownbook_business_flow" finished-at="2023-12-19T19:01:35 IST" depends-on-methods="opportunity.LOU_ownbook_business_hire_funder_accept_with_changes_Test.UW3_verify_underwriting_lisitig_page" duration-ms="0" status="SKIP">
          <exception class="java.lang.Throwable">
            <message>
              <![CDATA[Method LOU_ownbook_business_hire_funder_accept_with_changes_Test.UW4_verify_values_on_underwriting_quote_tab_for_ownbook_business_flow()[pri:13, instance:opportunity.LOU_ownbook_business_hire_funder_accept_with_changes_Test@53fe15ff] depends on not successfully finished methods]]>
            </message>
            <full-stacktrace>
              <![CDATA[java.lang.Throwable: Method LOU_ownbook_business_hire_funder_accept_with_changes_Test.UW4_verify_values_on_underwriting_quote_tab_for_ownbook_business_flow()[pri:13, instance:opportunity.LOU_ownbook_business_hire_funder_accept_with_changes_Test@53fe15ff] depends on not successfully finished methods
at org.testng.internal.TestInvoker.invokeTestMethods(TestInvoker.java:102)
at org.testng.internal.TestMethodWorker.invokeTestMethods(TestMethodWorker.java:146)
at org.testng.internal.TestMethodWorker.run(TestMethodWorker.java:128)
at java.base/java.util.ArrayList.forEach(ArrayList.java:1511)
at org.testng.TestRunner.privateRun(TestRunner.java:794)
at org.testng.TestRunner.run(TestRunner.java:596)
at org.testng.SuiteRunner.runTest(SuiteRunner.java:377)
at org.testng.SuiteRunner.runSequentially(SuiteRunner.java:371)
at org.testng.SuiteRunner.privateRun(SuiteRunner.java:332)
at org.testng.SuiteRunner.run(SuiteRunner.java:276)
at org.testng.SuiteRunnerWorker.runSuite(SuiteRunnerWorker.java:53)
at org.testng.SuiteRunnerWorker.run(SuiteRunnerWorker.java:96)
at org.testng.TestNG.runSuitesSequentially(TestNG.java:1212)
at org.testng.TestNG.runSuitesLocally(TestNG.java:1134)
at org.testng.TestNG.runSuites(TestNG.java:1063)
at org.testng.TestNG.run(TestNG.java:1031)
at org.testng.remote.AbstractRemoteTestNG.run(AbstractRemoteTestNG.java:115)
at org.testng.remote.RemoteTestNG.initAndRun(RemoteTestNG.java:251)
at org.testng.remote.RemoteTestNG.main(RemoteTestNG.java:77)
]]>
            </full-stacktrace>
          </exception> <!-- java.lang.Throwable -->
          <reporter-output>
          </reporter-output>
        </test-method> <!-- UW4_verify_values_on_underwriting_quote_tab_for_ownbook_business_flow -->
        <test-method signature="UW5_ownbook_underwriting_decision_accept_with_changes()[pri:14, instance:opportunity.LOU_ownbook_business_hire_funder_accept_with_changes_Test@53fe15ff]" started-at="2023-12-19T19:01:35 IST" name="UW5_ownbook_underwriting_decision_accept_with_changes" finished-at="2023-12-19T19:01:35 IST" depends-on-methods="opportunity.LOU_ownbook_business_hire_funder_accept_with_changes_Test.UW4_verify_values_on_underwriting_quote_tab_for_ownbook_business_flow" duration-ms="0" status="SKIP">
          <exception class="java.lang.Throwable">
            <message>
              <![CDATA[Method LOU_ownbook_business_hire_funder_accept_with_changes_Test.UW5_ownbook_underwriting_decision_accept_with_changes()[pri:14, instance:opportunity.LOU_ownbook_business_hire_funder_accept_with_changes_Test@53fe15ff] depends on not successfully finished methods]]>
            </message>
            <full-stacktrace>
              <![CDATA[java.lang.Throwable: Method LOU_ownbook_business_hire_funder_accept_with_changes_Test.UW5_ownbook_underwriting_decision_accept_with_changes()[pri:14, instance:opportunity.LOU_ownbook_business_hire_funder_accept_with_changes_Test@53fe15ff] depends on not successfully finished methods
at org.testng.internal.TestInvoker.invokeTestMethods(TestInvoker.java:102)
at org.testng.internal.TestMethodWorker.invokeTestMethods(TestMethodWorker.java:146)
at org.testng.internal.TestMethodWorker.run(TestMethodWorker.java:128)
at java.base/java.util.ArrayList.forEach(ArrayList.java:1511)
at org.testng.TestRunner.privateRun(TestRunner.java:794)
at org.testng.TestRunner.run(TestRunner.java:596)
at org.testng.SuiteRunner.runTest(SuiteRunner.java:377)
at org.testng.SuiteRunner.runSequentially(SuiteRunner.java:371)
at org.testng.SuiteRunner.privateRun(SuiteRunner.java:332)
at org.testng.SuiteRunner.run(SuiteRunner.java:276)
at org.testng.SuiteRunnerWorker.runSuite(SuiteRunnerWorker.java:53)
at org.testng.SuiteRunnerWorker.run(SuiteRunnerWorker.java:96)
at org.testng.TestNG.runSuitesSequentially(TestNG.java:1212)
at org.testng.TestNG.runSuitesLocally(TestNG.java:1134)
at org.testng.TestNG.runSuites(TestNG.java:1063)
at org.testng.TestNG.run(TestNG.java:1031)
at org.testng.remote.AbstractRemoteTestNG.run(AbstractRemoteTestNG.java:115)
at org.testng.remote.RemoteTestNG.initAndRun(RemoteTestNG.java:251)
at org.testng.remote.RemoteTestNG.main(RemoteTestNG.java:77)
]]>
            </full-stacktrace>
          </exception> <!-- java.lang.Throwable -->
          <reporter-output>
          </reporter-output>
        </test-method> <!-- UW5_ownbook_underwriting_decision_accept_with_changes -->
        <test-method signature="UW6_verify_ownbook_opportunity_search_text_box_accept_with_changes()[pri:15, instance:opportunity.LOU_ownbook_business_hire_funder_accept_with_changes_Test@53fe15ff]" started-at="2023-12-19T19:01:35 IST" name="UW6_verify_ownbook_opportunity_search_text_box_accept_with_changes" finished-at="2023-12-19T19:01:35 IST" depends-on-methods="opportunity.LOU_ownbook_business_hire_funder_accept_with_changes_Test.UW5_ownbook_underwriting_decision_accept_with_changes" duration-ms="0" status="SKIP">
          <exception class="java.lang.Throwable">
            <message>
              <![CDATA[Method LOU_ownbook_business_hire_funder_accept_with_changes_Test.UW6_verify_ownbook_opportunity_search_text_box_accept_with_changes()[pri:15, instance:opportunity.LOU_ownbook_business_hire_funder_accept_with_changes_Test@53fe15ff] depends on not successfully finished methods]]>
            </message>
            <full-stacktrace>
              <![CDATA[java.lang.Throwable: Method LOU_ownbook_business_hire_funder_accept_with_changes_Test.UW6_verify_ownbook_opportunity_search_text_box_accept_with_changes()[pri:15, instance:opportunity.LOU_ownbook_business_hire_funder_accept_with_changes_Test@53fe15ff] depends on not successfully finished methods
at org.testng.internal.TestInvoker.invokeTestMethods(TestInvoker.java:102)
at org.testng.internal.TestMethodWorker.invokeTestMethods(TestMethodWorker.java:146)
at org.testng.internal.TestMethodWorker.run(TestMethodWorker.java:128)
at java.base/java.util.ArrayList.forEach(ArrayList.java:1511)
at org.testng.TestRunner.privateRun(TestRunner.java:794)
at org.testng.TestRunner.run(TestRunner.java:596)
at org.testng.SuiteRunner.runTest(SuiteRunner.java:377)
at org.testng.SuiteRunner.runSequentially(SuiteRunner.java:371)
at org.testng.SuiteRunner.privateRun(SuiteRunner.java:332)
at org.testng.SuiteRunner.run(SuiteRunner.java:276)
at org.testng.SuiteRunnerWorker.runSuite(SuiteRunnerWorker.java:53)
at org.testng.SuiteRunnerWorker.run(SuiteRunnerWorker.java:96)
at org.testng.TestNG.runSuitesSequentially(TestNG.java:1212)
at org.testng.TestNG.runSuitesLocally(TestNG.java:1134)
at org.testng.TestNG.runSuites(TestNG.java:1063)
at org.testng.TestNG.run(TestNG.java:1031)
at org.testng.remote.AbstractRemoteTestNG.run(AbstractRemoteTestNG.java:115)
at org.testng.remote.RemoteTestNG.initAndRun(RemoteTestNG.java:251)
at org.testng.remote.RemoteTestNG.main(RemoteTestNG.java:77)
]]>
            </full-stacktrace>
          </exception> <!-- java.lang.Throwable -->
          <reporter-output>
          </reporter-output>
        </test-method> <!-- UW6_verify_ownbook_opportunity_search_text_box_accept_with_changes -->
        <test-method signature="UW7_verify_ownbook_opportunity_accept_with_changes_underwriting_pop_up()[pri:16, instance:opportunity.LOU_ownbook_business_hire_funder_accept_with_changes_Test@53fe15ff]" started-at="2023-12-19T19:01:35 IST" name="UW7_verify_ownbook_opportunity_accept_with_changes_underwriting_pop_up" finished-at="2023-12-19T19:01:35 IST" depends-on-methods="opportunity.LOU_ownbook_business_hire_funder_accept_with_changes_Test.UW6_verify_ownbook_opportunity_search_text_box_accept_with_changes" duration-ms="0" status="SKIP">
          <exception class="java.lang.Throwable">
            <message>
              <![CDATA[Method LOU_ownbook_business_hire_funder_accept_with_changes_Test.UW7_verify_ownbook_opportunity_accept_with_changes_underwriting_pop_up()[pri:16, instance:opportunity.LOU_ownbook_business_hire_funder_accept_with_changes_Test@53fe15ff] depends on not successfully finished methods]]>
            </message>
            <full-stacktrace>
              <![CDATA[java.lang.Throwable: Method LOU_ownbook_business_hire_funder_accept_with_changes_Test.UW7_verify_ownbook_opportunity_accept_with_changes_underwriting_pop_up()[pri:16, instance:opportunity.LOU_ownbook_business_hire_funder_accept_with_changes_Test@53fe15ff] depends on not successfully finished methods
at org.testng.internal.TestInvoker.invokeTestMethods(TestInvoker.java:102)
at org.testng.internal.TestMethodWorker.invokeTestMethods(TestMethodWorker.java:146)
at org.testng.internal.TestMethodWorker.run(TestMethodWorker.java:128)
at java.base/java.util.ArrayList.forEach(ArrayList.java:1511)
at org.testng.TestRunner.privateRun(TestRunner.java:794)
at org.testng.TestRunner.run(TestRunner.java:596)
at org.testng.SuiteRunner.runTest(SuiteRunner.java:377)
at org.testng.SuiteRunner.runSequentially(SuiteRunner.java:371)
at org.testng.SuiteRunner.privateRun(SuiteRunner.java:332)
at org.testng.SuiteRunner.run(SuiteRunner.java:276)
at org.testng.SuiteRunnerWorker.runSuite(SuiteRunnerWorker.java:53)
at org.testng.SuiteRunnerWorker.run(SuiteRunnerWorker.java:96)
at org.testng.TestNG.runSuitesSequentially(TestNG.java:1212)
at org.testng.TestNG.runSuitesLocally(TestNG.java:1134)
at org.testng.TestNG.runSuites(TestNG.java:1063)
at org.testng.TestNG.run(TestNG.java:1031)
at org.testng.remote.AbstractRemoteTestNG.run(AbstractRemoteTestNG.java:115)
at org.testng.remote.RemoteTestNG.initAndRun(RemoteTestNG.java:251)
at org.testng.remote.RemoteTestNG.main(RemoteTestNG.java:77)
]]>
            </full-stacktrace>
          </exception> <!-- java.lang.Throwable -->
          <reporter-output>
          </reporter-output>
        </test-method> <!-- UW7_verify_ownbook_opportunity_accept_with_changes_underwriting_pop_up -->
        <test-method signature="UW8_verify_ownbook_opportunity_underwriting_accept_with_changes_cancel_flow_verification()[pri:17, instance:opportunity.LOU_ownbook_business_hire_funder_accept_with_changes_Test@53fe15ff]" started-at="2023-12-19T19:01:35 IST" name="UW8_verify_ownbook_opportunity_underwriting_accept_with_changes_cancel_flow_verification" finished-at="2023-12-19T19:01:35 IST" depends-on-methods="opportunity.LOU_ownbook_business_hire_funder_accept_with_changes_Test.UW7_verify_ownbook_opportunity_accept_with_changes_underwriting_pop_up" duration-ms="0" status="SKIP">
          <exception class="java.lang.Throwable">
            <message>
              <![CDATA[Method LOU_ownbook_business_hire_funder_accept_with_changes_Test.UW8_verify_ownbook_opportunity_underwriting_accept_with_changes_cancel_flow_verification()[pri:17, instance:opportunity.LOU_ownbook_business_hire_funder_accept_with_changes_Test@53fe15ff] depends on not successfully finished methods]]>
            </message>
            <full-stacktrace>
              <![CDATA[java.lang.Throwable: Method LOU_ownbook_business_hire_funder_accept_with_changes_Test.UW8_verify_ownbook_opportunity_underwriting_accept_with_changes_cancel_flow_verification()[pri:17, instance:opportunity.LOU_ownbook_business_hire_funder_accept_with_changes_Test@53fe15ff] depends on not successfully finished methods
at org.testng.internal.TestInvoker.invokeTestMethods(TestInvoker.java:102)
at org.testng.internal.TestMethodWorker.invokeTestMethods(TestMethodWorker.java:146)
at org.testng.internal.TestMethodWorker.run(TestMethodWorker.java:128)
at java.base/java.util.ArrayList.forEach(ArrayList.java:1511)
at org.testng.TestRunner.privateRun(TestRunner.java:794)
at org.testng.TestRunner.run(TestRunner.java:596)
at org.testng.SuiteRunner.runTest(SuiteRunner.java:377)
at org.testng.SuiteRunner.runSequentially(SuiteRunner.java:371)
at org.testng.SuiteRunner.privateRun(SuiteRunner.java:332)
at org.testng.SuiteRunner.run(SuiteRunner.java:276)
at org.testng.SuiteRunnerWorker.runSuite(SuiteRunnerWorker.java:53)
at org.testng.SuiteRunnerWorker.run(SuiteRunnerWorker.java:96)
at org.testng.TestNG.runSuitesSequentially(TestNG.java:1212)
at org.testng.TestNG.runSuitesLocally(TestNG.java:1134)
at org.testng.TestNG.runSuites(TestNG.java:1063)
at org.testng.TestNG.run(TestNG.java:1031)
at org.testng.remote.AbstractRemoteTestNG.run(AbstractRemoteTestNG.java:115)
at org.testng.remote.RemoteTestNG.initAndRun(RemoteTestNG.java:251)
at org.testng.remote.RemoteTestNG.main(RemoteTestNG.java:77)
]]>
            </full-stacktrace>
          </exception> <!-- java.lang.Throwable -->
          <reporter-output>
          </reporter-output>
        </test-method> <!-- UW8_verify_ownbook_opportunity_underwriting_accept_with_changes_cancel_flow_verification -->
        <test-method signature="UW9_verify_ownbook_opportunity_underwriting_accept_with_changes_underwriting_pop_up()[pri:18, instance:opportunity.LOU_ownbook_business_hire_funder_accept_with_changes_Test@53fe15ff]" started-at="2023-12-19T19:01:35 IST" name="UW9_verify_ownbook_opportunity_underwriting_accept_with_changes_underwriting_pop_up" finished-at="2023-12-19T19:01:35 IST" depends-on-methods="opportunity.LOU_ownbook_business_hire_funder_accept_with_changes_Test.UW8_verify_ownbook_opportunity_underwriting_accept_with_changes_cancel_flow_verification" duration-ms="0" status="SKIP">
          <exception class="java.lang.Throwable">
            <message>
              <![CDATA[Method LOU_ownbook_business_hire_funder_accept_with_changes_Test.UW9_verify_ownbook_opportunity_underwriting_accept_with_changes_underwriting_pop_up()[pri:18, instance:opportunity.LOU_ownbook_business_hire_funder_accept_with_changes_Test@53fe15ff] depends on not successfully finished methods]]>
            </message>
            <full-stacktrace>
              <![CDATA[java.lang.Throwable: Method LOU_ownbook_business_hire_funder_accept_with_changes_Test.UW9_verify_ownbook_opportunity_underwriting_accept_with_changes_underwriting_pop_up()[pri:18, instance:opportunity.LOU_ownbook_business_hire_funder_accept_with_changes_Test@53fe15ff] depends on not successfully finished methods
at org.testng.internal.TestInvoker.invokeTestMethods(TestInvoker.java:102)
at org.testng.internal.TestMethodWorker.invokeTestMethods(TestMethodWorker.java:146)
at org.testng.internal.TestMethodWorker.run(TestMethodWorker.java:128)
at java.base/java.util.ArrayList.forEach(ArrayList.java:1511)
at org.testng.TestRunner.privateRun(TestRunner.java:794)
at org.testng.TestRunner.run(TestRunner.java:596)
at org.testng.SuiteRunner.runTest(SuiteRunner.java:377)
at org.testng.SuiteRunner.runSequentially(SuiteRunner.java:371)
at org.testng.SuiteRunner.privateRun(SuiteRunner.java:332)
at org.testng.SuiteRunner.run(SuiteRunner.java:276)
at org.testng.SuiteRunnerWorker.runSuite(SuiteRunnerWorker.java:53)
at org.testng.SuiteRunnerWorker.run(SuiteRunnerWorker.java:96)
at org.testng.TestNG.runSuitesSequentially(TestNG.java:1212)
at org.testng.TestNG.runSuitesLocally(TestNG.java:1134)
at org.testng.TestNG.runSuites(TestNG.java:1063)
at org.testng.TestNG.run(TestNG.java:1031)
at org.testng.remote.AbstractRemoteTestNG.run(AbstractRemoteTestNG.java:115)
at org.testng.remote.RemoteTestNG.initAndRun(RemoteTestNG.java:251)
at org.testng.remote.RemoteTestNG.main(RemoteTestNG.java:77)
]]>
            </full-stacktrace>
          </exception> <!-- java.lang.Throwable -->
          <reporter-output>
          </reporter-output>
        </test-method> <!-- UW9_verify_ownbook_opportunity_underwriting_accept_with_changes_underwriting_pop_up -->
        <test-method signature="UW10_ownbook_after_opportunity_underwriting_accept_with_changes_signed_contract_status_with_api_call()[pri:19, instance:opportunity.LOU_ownbook_business_hire_funder_accept_with_changes_Test@53fe15ff]" started-at="2023-12-19T19:01:35 IST" name="UW10_ownbook_after_opportunity_underwriting_accept_with_changes_signed_contract_status_with_api_call" finished-at="2023-12-19T19:01:35 IST" depends-on-methods="opportunity.LOU_ownbook_business_hire_funder_accept_with_changes_Test.UW9_verify_ownbook_opportunity_underwriting_accept_with_changes_underwriting_pop_up" duration-ms="0" status="SKIP">
          <exception class="java.lang.Throwable">
            <message>
              <![CDATA[Method LOU_ownbook_business_hire_funder_accept_with_changes_Test.UW10_ownbook_after_opportunity_underwriting_accept_with_changes_signed_contract_status_with_api_call()[pri:19, instance:opportunity.LOU_ownbook_business_hire_funder_accept_with_changes_Test@53fe15ff] depends on not successfully finished methods]]>
            </message>
            <full-stacktrace>
              <![CDATA[java.lang.Throwable: Method LOU_ownbook_business_hire_funder_accept_with_changes_Test.UW10_ownbook_after_opportunity_underwriting_accept_with_changes_signed_contract_status_with_api_call()[pri:19, instance:opportunity.LOU_ownbook_business_hire_funder_accept_with_changes_Test@53fe15ff] depends on not successfully finished methods
at org.testng.internal.TestInvoker.invokeTestMethods(TestInvoker.java:102)
at org.testng.internal.TestMethodWorker.invokeTestMethods(TestMethodWorker.java:146)
at org.testng.internal.TestMethodWorker.run(TestMethodWorker.java:128)
at java.base/java.util.ArrayList.forEach(ArrayList.java:1511)
at org.testng.TestRunner.privateRun(TestRunner.java:794)
at org.testng.TestRunner.run(TestRunner.java:596)
at org.testng.SuiteRunner.runTest(SuiteRunner.java:377)
at org.testng.SuiteRunner.runSequentially(SuiteRunner.java:371)
at org.testng.SuiteRunner.privateRun(SuiteRunner.java:332)
at org.testng.SuiteRunner.run(SuiteRunner.java:276)
at org.testng.SuiteRunnerWorker.runSuite(SuiteRunnerWorker.java:53)
at org.testng.SuiteRunnerWorker.run(SuiteRunnerWorker.java:96)
at org.testng.TestNG.runSuitesSequentially(TestNG.java:1212)
at org.testng.TestNG.runSuitesLocally(TestNG.java:1134)
at org.testng.TestNG.runSuites(TestNG.java:1063)
at org.testng.TestNG.run(TestNG.java:1031)
at org.testng.remote.AbstractRemoteTestNG.run(AbstractRemoteTestNG.java:115)
at org.testng.remote.RemoteTestNG.initAndRun(RemoteTestNG.java:251)
at org.testng.remote.RemoteTestNG.main(RemoteTestNG.java:77)
]]>
            </full-stacktrace>
          </exception> <!-- java.lang.Throwable -->
          <reporter-output>
          </reporter-output>
        </test-method> <!-- UW10_ownbook_after_opportunity_underwriting_accept_with_changes_signed_contract_status_with_api_call -->
        <test-method signature="OP1_ownbook_after_Underwriting_accepted_mothlty_payment_price()[pri:20, instance:opportunity.LOU_ownbook_business_hire_funder_accept_with_changes_Test@53fe15ff]" started-at="2023-12-19T19:01:35 IST" name="OP1_ownbook_after_Underwriting_accepted_mothlty_payment_price" finished-at="2023-12-19T19:01:35 IST" depends-on-methods="opportunity.LOU_ownbook_business_hire_funder_accept_with_changes_Test.UW10_ownbook_after_opportunity_underwriting_accept_with_changes_signed_contract_status_with_api_call" duration-ms="0" status="SKIP">
          <exception class="java.lang.Throwable">
            <message>
              <![CDATA[Method LOU_ownbook_business_hire_funder_accept_with_changes_Test.OP1_ownbook_after_Underwriting_accepted_mothlty_payment_price()[pri:20, instance:opportunity.LOU_ownbook_business_hire_funder_accept_with_changes_Test@53fe15ff] depends on not successfully finished methods]]>
            </message>
            <full-stacktrace>
              <![CDATA[java.lang.Throwable: Method LOU_ownbook_business_hire_funder_accept_with_changes_Test.OP1_ownbook_after_Underwriting_accepted_mothlty_payment_price()[pri:20, instance:opportunity.LOU_ownbook_business_hire_funder_accept_with_changes_Test@53fe15ff] depends on not successfully finished methods
at org.testng.internal.TestInvoker.invokeTestMethods(TestInvoker.java:102)
at org.testng.internal.TestMethodWorker.invokeTestMethods(TestMethodWorker.java:146)
at org.testng.internal.TestMethodWorker.run(TestMethodWorker.java:128)
at java.base/java.util.ArrayList.forEach(ArrayList.java:1511)
at org.testng.TestRunner.privateRun(TestRunner.java:794)
at org.testng.TestRunner.run(TestRunner.java:596)
at org.testng.SuiteRunner.runTest(SuiteRunner.java:377)
at org.testng.SuiteRunner.runSequentially(SuiteRunner.java:371)
at org.testng.SuiteRunner.privateRun(SuiteRunner.java:332)
at org.testng.SuiteRunner.run(SuiteRunner.java:276)
at org.testng.SuiteRunnerWorker.runSuite(SuiteRunnerWorker.java:53)
at org.testng.SuiteRunnerWorker.run(SuiteRunnerWorker.java:96)
at org.testng.TestNG.runSuitesSequentially(TestNG.java:1212)
at org.testng.TestNG.runSuitesLocally(TestNG.java:1134)
at org.testng.TestNG.runSuites(TestNG.java:1063)
at org.testng.TestNG.run(TestNG.java:1031)
at org.testng.remote.AbstractRemoteTestNG.run(AbstractRemoteTestNG.java:115)
at org.testng.remote.RemoteTestNG.initAndRun(RemoteTestNG.java:251)
at org.testng.remote.RemoteTestNG.main(RemoteTestNG.java:77)
]]>
            </full-stacktrace>
          </exception> <!-- java.lang.Throwable -->
          <reporter-output>
          </reporter-output>
        </test-method> <!-- OP1_ownbook_after_Underwriting_accepted_mothlty_payment_price -->
        <test-method is-config="true" signature="end()[pri:0, instance:opportunity.LOU_ownbook_business_hire_funder_accept_with_changes_Test@53fe15ff]" started-at="2023-12-19T19:01:35 IST" name="end" finished-at="2023-12-19T19:01:35 IST" duration-ms="1" status="PASS">
          <reporter-output>
          </reporter-output>
        </test-method> <!-- end -->
      </class> <!-- opportunity.LOU_ownbook_business_hire_funder_accept_with_changes_Test -->
    </test> <!-- Default test -->
  </suite> <!-- Default suite -->
</testng-results>
