<?xml version="1.0" encoding="UTF-8"?>
<testng-results ignored="0" total="5" passed="4" failed="1" skipped="0">
  <reporter-output>
    <line>
      <![CDATA[<b>Clicked on Quote button </b> <br />]]>
    </line>
    <line>
      <![CDATA[<b>Manufacture =AUDI has been selected</b> <br />]]>
    </line>
    <line>
      <![CDATA[<b>Model range =A7 has been selected</b> <br />]]>
    </line>
    <line>
      <![CDATA[<b>Vehicle has been selected</b> <br />]]>
    </line>
    <line>
      <![CDATA[<b>Paint option has been selected</b> <br />]]>
    </line>
    <line>
      <![CDATA[<b>Interior option has been selected</b> <br />]]>
    </line>
    <line>
      <![CDATA[<b> Acquisition Contract type option = Outright has been selected</b> <br />]]>
    </line>
    <line>
      <![CDATA[<b> Customer Contract type option = Business Contract Hire(BCH) has been selected</b> <br />]]>
    </line>
    <line>
      <![CDATA[<b>Getting Basic Price- Vehicle value is  =46854.17</b> <br />]]>
    </line>
    <line>
      <![CDATA[<b>Getting Basic Price - Paint  value is  =0.00</b> <br />]]>
    </line>
    <line>
      <![CDATA[<b>Getting  Basic Price - Options value is   =833.33</b> <br />]]>
    </line>
    <line>
      <![CDATA[<b>Getting Discount- Vehicle value is  =0.00</b> <br />]]>
    </line>
    <line>
      <![CDATA[<b>Getting   Discount - Paint value is   =0.00</b> <br />]]>
    </line>
    <line>
      <![CDATA[<b>Getting  Discount- Options value is   =0.00</b> <br />]]>
    </line>
    <line>
      <![CDATA[<b>Getting Additional Discount- Vehicle value is  =0.00</b> <br />]]>
    </line>
    <line>
      <![CDATA[<b>Getting  Additional Discount - paint value is  =0.00</b> <br />]]>
    </line>
    <line>
      <![CDATA[<b>Getting  Additional Discount - Options value is  =0.00</b> <br />]]>
    </line>
    <line>
      <![CDATA[<b>Writing OTR table values to excel sheet -Started </b> <br />]]>
    </line>
    <line>
      <![CDATA[<b>Writing OTR table values to excel sheet -Completed </b> <br />]]>
    </line>
    <line>
      <![CDATA[<b>Reading Subtotal After Discount from excel sheet -Started </b> <br />]]>
    </line>
    <line>
      <![CDATA[<b>Reading Subtotal After Discount from excel sheet -Started </b> <br />]]>
    </line>
    <line>
      <![CDATA[<b>Subtotal After Discount from excel sheet is =47687.5</b> <br />]]>
    </line>
    <line>
      <![CDATA[<b>Subtotal after discount actual value from screen =£ 47,687.50</b> <br />]]>
    </line>
    <line>
      <![CDATA[<b>*********Calculations for On Road Price has been started***********</b> <br />]]>
    </line>
    <line>
      <![CDATA[<b>Started getting On screen values from after discount table </b> <br />]]>
    </line>
    <line>
      <![CDATA[<b>Manufacture_delivery_charges =550.00</b> <br />]]>
    </line>
    <line>
      <![CDATA[<b>Road_tax_first_year =585.00</b> <br />]]>
    </line>
    <line>
      <![CDATA[<b>First_registration_fee =55.00</b> <br />]]>
    </line>
    <line>
      <![CDATA[<b>Rebate =0.00</b> <br />]]>
    </line>
    <line>
      <![CDATA[<b>Writing After discount values to excel has been started</b> <br />]]>
    </line>
    <line>
      <![CDATA[<b>Writing After discount values to excel has been completed</b> <br />]]>
    </line>
    <line>
      <![CDATA[<b>Reading On Road Price for invoice from excel has been Started</b> <br />]]>
    </line>
    <line>
      <![CDATA[<b>Reading On Road Price for invoice from excel has been completed</b> <br />]]>
    </line>
    <line>
      <![CDATA[<b>Expected on the road price from excel is =58525.0</b> <br />]]>
    </line>
    <line>
      <![CDATA[<b>Actual on the road price from screen is =58525.00</b> <br />]]>
    </line>
    <line>
      <![CDATA[<b>***********Entered in holding cost page ***********</b> <br />]]>
    </line>
    <line>
      <![CDATA[<b>Clicked on holding cost summary</b> <br />]]>
    </line>
    <line>
      <![CDATA[<b>***********Holding Cost Calculations has been Started*************</b> <br />]]>
    </line>
    <line>
      <![CDATA[<b>Getting on screen values from Holding Cost Page</b> <br />]]>
    </line>
    <line>
      <![CDATA[<b>Duration(Terms) =36.0</b> <br />]]>
    </line>
    <line>
      <![CDATA[<b>Annual_mileage =10000.0</b> <br />]]>
    </line>
    <line>
      <![CDATA[<b>Cap_residual_value =27500.0</b> <br />]]>
    </line>
    <line>
      <![CDATA[<b>Writing Holding Cost Summary values to excel has been started</b> <br />]]>
    </line>
    <line>
      <![CDATA[<b>Writing Holding Cost Summary values to excel has been completed</b> <br />]]>
    </line>
    <line>
      <![CDATA[<b>Reading Monthly Holding Cost value from excel has been started</b> <br />]]>
    </line>
    <line>
      <![CDATA[<b>Reading Monthly Holding Cost value from excel has been completed</b> <br />]]>
    </line>
    <line>
      <![CDATA[<b>Total_monthly_holding_cost_from_screen =922.92</b> <br />]]>
    </line>
    <line>
      <![CDATA[<b>Total_monthly_holding_cost_from_excel =922.9208645610316</b> <br />]]>
    </line>
    <line>
      <![CDATA[<b>Writing configuration values from property file to Excel for customer quote calculation -started</b> <br />]]>
    </line>
    <line>
      <![CDATA[<b>Writing configuration values from property file to Excel for customer quote calculation -completed</b> <br />]]>
    </line>
    <line>
      <![CDATA[<b>************Calculations for Customer Quote Page has been started***********</b> <br />]]>
    </line>
    <line>
      <![CDATA[<b>Payment Profile Monthly in Advance option has been selected</b> <br />]]>
    </line>
    <line>
      <![CDATA[<b>Writing values to Excel for customer quote calculation -started</b> <br />]]>
    </line>
    <line>
      <![CDATA[<b>Writing values to Excel for customer quote calculation -completed</b> <br />]]>
    </line>
    <line>
      <![CDATA[<b>Reading  Monthly Finance Rental from  Excel   -started</b> <br />]]>
    </line>
    <line>
      <![CDATA[<b>Reading  Monthly Finance Rental from  Excel   -completed</b> <br />]]>
    </line>
    <line>
      <![CDATA[<b>Monthly Finance Rental from Excel is =1153.1982390281278</b> <br />]]>
    </line>
    <line>
      <![CDATA[<b>Calculations with different payment profiles for customer quote has been started</b> <br />]]>
    </line>
    <line>
      <![CDATA[<b>Calculations with different payment profiles for customer quote has been ended</b> <br />]]>
    </line>
    <line>
      <![CDATA[<b>*************OTR Calulation on quote summary page has been started************</b> <br />]]>
    </line>
    <line>
      <![CDATA[<b>Reading values from OTR calculation -Quote Summary Page</b> <br />]]>
    </line>
    <line>
      <![CDATA[<b>OTR_calculation_cost_otr_price_from_screen =58525.0</b> <br />]]>
    </line>
    <line>
      <![CDATA[<b>OTR_calculation_cost_price_ex_vat_and_rfl_from_screen =48237.5</b> <br />]]>
    </line>
    <line>
      <![CDATA[<b>OTR_calculation_otr_vat_from_screen =9647.5</b> <br />]]>
    </line>
    <line>
      <![CDATA[<b>OTR_calculation_otr_rfl_and_frf_from_screen =640.0</b> <br />]]>
    </line>
    <line>
      <![CDATA[<b>OTR price compared</b> <br />]]>
    </line>
    <line>
      <![CDATA[<b>Cost price ex vat and rfl compared</b> <br />]]>
    </line>
    <line>
      <![CDATA[<b>VAT compared</b> <br />]]>
    </line>
    <line>
      <![CDATA[<b>RFL & FRF compared</b> <br />]]>
    </line>
    <line>
      <![CDATA[<b>*************Holding Cost Calulation on quote summary page has been started************</b> <br />]]>
    </line>
    <line>
      <![CDATA[<b>Reading values from Holding Cost summary -Quote Summary Page</b> <br />]]>
    </line>
    <line>
      <![CDATA[<b>holding_cost_terms_from_screen36.0</b> <br />]]>
    </line>
    <line>
      <![CDATA[<b>holding_cost_miles_per_annum_from_screen10000.0</b> <br />]]>
    </line>
    <line>
      <![CDATA[<b>holding_cost_monthly_finance_cost_from_screen922.92</b> <br />]]>
    </line>
    <line>
      <![CDATA[<b>holding_cost_total_monthly_holding_cost_from_screen =922.92</b> <br />]]>
    </line>
    <line>
      <![CDATA[<b>terms compared</b> <br />]]>
    </line>
    <line>
      <![CDATA[<b>Miles per annum compared</b> <br />]]>
    </line>
    <line>
      <![CDATA[<b>Finance cost compared</b> <br />]]>
    </line>
    <line>
      <![CDATA[<b>Total Monthly Holding Cost compared</b> <br />]]>
    </line>
    <line>
      <![CDATA[<b>Terms found OK</b> <br />]]>
    </line>
    <line>
      <![CDATA[<b>miles found OK</b> <br />]]>
    </line>
    <line>
      <![CDATA[<b>Monthly Finance Rental found OK</b> <br />]]>
    </line>
    <line>
      <![CDATA[<b>Initial Finance Rental found OK</b> <br />]]>
    </line>
    <line>
      <![CDATA[<b>Followed By months - found OK</b> <br />]]>
    </line>
    <line>
      <![CDATA[<b>Pence per excess mile finance - found OK</b> <br />]]>
    </line>
    <line>
      <![CDATA[<b>Document Fee - found OK</b> <br />]]>
    </line>
    <line>
      <![CDATA[<b>Upsell - found OK</b> <br />]]>
    </line>
    <line>
      <![CDATA[<b>Default Finance Commission - found OK</b> <br />]]>
    </line>
    <line>
      <![CDATA[<b>Upsell Commission - found OK</b> <br />]]>
    </line>
    <line>
      <![CDATA[<b>Document Fee Commission - found OK</b> <br />]]>
    </line>
    <line>
      <![CDATA[<b>Total Commission - found wrong</b> <br />]]>
    </line>
    <line>
      <![CDATA[<b>Referrer Commission - found OK</b> <br />]]>
    </line>
    <line>
      <![CDATA[<br>----------Screenshot---------<br>]]>
    </line>
    <line>
      <![CDATA[<img src="D:\StagingNew\AMT_Automation\target\surefire-reports\html\failure_screenshots\aquisition_quotes_outright_BCH_quote_summary_values_verification_without_maintenance_test_02_01_2023_06_45_28.png" height="800" width="1000">]]>
    </line>
  </reporter-output>
  <suite started-at="2023-01-02T18:41:52 IST" name="Default suite" finished-at="2023-01-02T18:45:28 IST" duration-ms="216409">
    <groups>
    </groups>
    <test started-at="2023-01-02T18:41:52 IST" name="Default test" finished-at="2023-01-02T18:45:28 IST" duration-ms="216409">
      <class name="com.amt.test.OP.Acquisition_Quotes_Outright_BCH_without_maintenance_Test">
        <test-method is-config="true" signature="setup()[pri:0, instance:com.amt.test.OP.Acquisition_Quotes_Outright_BCH_without_maintenance_Test@3527942a]" started-at="2023-01-02T18:41:52 IST" name="setup" finished-at="2023-01-02T18:42:02 IST" duration-ms="9857" status="PASS">
          <reporter-output>
          </reporter-output>
        </test-method> <!-- setup -->
        <test-method signature="aquisition_quotes_outright_BCH_OTR_calculation_without_maintenance_test(java.lang.String,java.lang.String,java.lang.String,java.lang.String,java.lang.String,java.lang.String,java.lang.String,java.lang.String,java.lang.String,java.lang.String,java.lang.String,java.lang.String,java.lang.String,java.lang.String,java.lang.String,java.lang.String,java.lang.String,java.lang.String)[pri:1, instance:com.amt.test.OP.Acquisition_Quotes_Outright_BCH_without_maintenance_Test@3527942a]" started-at="2023-01-02T18:42:03 IST" name="aquisition_quotes_outright_BCH_OTR_calculation_without_maintenance_test" data-provider="testData" finished-at="2023-01-02T18:43:14 IST" duration-ms="71179" status="PASS">
          <params>
            <param index="0">
              <value>
                <![CDATA[AUDI]]>
              </value>
            </param>
            <param index="1">
              <value>
                <![CDATA[A7]]>
              </value>
            </param>
            <param index="2">
              <value>
                <![CDATA[0]]>
              </value>
            </param>
            <param index="3">
              <value>
                <![CDATA[0]]>
              </value>
            </param>
            <param index="4">
              <value>
                <![CDATA[100]]>
              </value>
            </param>
            <param index="5">
              <value>
                <![CDATA[20000]]>
              </value>
            </param>
            <param index="6">
              <value>
                <![CDATA[10000]]>
              </value>
            </param>
            <param index="7">
              <value>
                <![CDATA[6000]]>
              </value>
            </param>
            <param index="8">
              <value>
                <![CDATA[2000]]>
              </value>
            </param>
            <param index="9">
              <value>
                <![CDATA[1000]]>
              </value>
            </param>
            <param index="10">
              <value>
                <![CDATA[199.99]]>
              </value>
            </param>
            <param index="11">
              <value>
                <![CDATA[0]]>
              </value>
            </param>
            <param index="12">
              <value>
                <![CDATA[NO]]>
              </value>
            </param>
            <param index="13">
              <value>
                <![CDATA[0]]>
              </value>
            </param>
            <param index="14">
              <value>
                <![CDATA[200]]>
              </value>
            </param>
            <param index="15">
              <value>
                <![CDATA[NO]]>
              </value>
            </param>
            <param index="16">
              <value>
                <![CDATA[0]]>
              </value>
            </param>
            <param index="17">
              <value>
                <![CDATA[Formula1-BCH]]>
              </value>
            </param>
          </params>
          <reporter-output>
            <line>
              <![CDATA[<b>Clicked on Quote button </b> <br />]]>
            </line>
            <line>
              <![CDATA[<b>Manufacture =AUDI has been selected</b> <br />]]>
            </line>
            <line>
              <![CDATA[<b>Model range =A7 has been selected</b> <br />]]>
            </line>
            <line>
              <![CDATA[<b>Vehicle has been selected</b> <br />]]>
            </line>
            <line>
              <![CDATA[<b>Paint option has been selected</b> <br />]]>
            </line>
            <line>
              <![CDATA[<b>Interior option has been selected</b> <br />]]>
            </line>
            <line>
              <![CDATA[<b> Acquisition Contract type option = Outright has been selected</b> <br />]]>
            </line>
            <line>
              <![CDATA[<b> Customer Contract type option = Business Contract Hire(BCH) has been selected</b> <br />]]>
            </line>
            <line>
              <![CDATA[<b>Getting Basic Price- Vehicle value is  =46854.17</b> <br />]]>
            </line>
            <line>
              <![CDATA[<b>Getting Basic Price - Paint  value is  =0.00</b> <br />]]>
            </line>
            <line>
              <![CDATA[<b>Getting  Basic Price - Options value is   =833.33</b> <br />]]>
            </line>
            <line>
              <![CDATA[<b>Getting Discount- Vehicle value is  =0.00</b> <br />]]>
            </line>
            <line>
              <![CDATA[<b>Getting   Discount - Paint value is   =0.00</b> <br />]]>
            </line>
            <line>
              <![CDATA[<b>Getting  Discount- Options value is   =0.00</b> <br />]]>
            </line>
            <line>
              <![CDATA[<b>Getting Additional Discount- Vehicle value is  =0.00</b> <br />]]>
            </line>
            <line>
              <![CDATA[<b>Getting  Additional Discount - paint value is  =0.00</b> <br />]]>
            </line>
            <line>
              <![CDATA[<b>Getting  Additional Discount - Options value is  =0.00</b> <br />]]>
            </line>
            <line>
              <![CDATA[<b>Writing OTR table values to excel sheet -Started </b> <br />]]>
            </line>
            <line>
              <![CDATA[<b>Writing OTR table values to excel sheet -Completed </b> <br />]]>
            </line>
            <line>
              <![CDATA[<b>Reading Subtotal After Discount from excel sheet -Started </b> <br />]]>
            </line>
            <line>
              <![CDATA[<b>Reading Subtotal After Discount from excel sheet -Started </b> <br />]]>
            </line>
            <line>
              <![CDATA[<b>Subtotal After Discount from excel sheet is =47687.5</b> <br />]]>
            </line>
            <line>
              <![CDATA[<b>Subtotal after discount actual value from screen =£ 47,687.50</b> <br />]]>
            </line>
          </reporter-output>
        </test-method> <!-- aquisition_quotes_outright_BCH_OTR_calculation_without_maintenance_test -->
        <test-method signature="aquisition_quotes_outright_BCH_after_discount_calculations_without_maintenance_test(java.lang.String,java.lang.String,java.lang.String,java.lang.String,java.lang.String,java.lang.String,java.lang.String,java.lang.String,java.lang.String,java.lang.String,java.lang.String,java.lang.String,java.lang.String,java.lang.String,java.lang.String,java.lang.String,java.lang.String,java.lang.String)[pri:2, instance:com.amt.test.OP.Acquisition_Quotes_Outright_BCH_without_maintenance_Test@3527942a]" started-at="2023-01-02T18:43:15 IST" name="aquisition_quotes_outright_BCH_after_discount_calculations_without_maintenance_test" data-provider="testData" finished-at="2023-01-02T18:43:17 IST" depends-on-methods="com.amt.test.OP.Acquisition_Quotes_Outright_BCH_without_maintenance_Test.aquisition_quotes_outright_BCH_OTR_calculation_without_maintenance_test" duration-ms="2512" status="PASS">
          <params>
            <param index="0">
              <value>
                <![CDATA[AUDI]]>
              </value>
            </param>
            <param index="1">
              <value>
                <![CDATA[A7]]>
              </value>
            </param>
            <param index="2">
              <value>
                <![CDATA[0]]>
              </value>
            </param>
            <param index="3">
              <value>
                <![CDATA[0]]>
              </value>
            </param>
            <param index="4">
              <value>
                <![CDATA[100]]>
              </value>
            </param>
            <param index="5">
              <value>
                <![CDATA[20000]]>
              </value>
            </param>
            <param index="6">
              <value>
                <![CDATA[10000]]>
              </value>
            </param>
            <param index="7">
              <value>
                <![CDATA[6000]]>
              </value>
            </param>
            <param index="8">
              <value>
                <![CDATA[2000]]>
              </value>
            </param>
            <param index="9">
              <value>
                <![CDATA[1000]]>
              </value>
            </param>
            <param index="10">
              <value>
                <![CDATA[199.99]]>
              </value>
            </param>
            <param index="11">
              <value>
                <![CDATA[0]]>
              </value>
            </param>
            <param index="12">
              <value>
                <![CDATA[NO]]>
              </value>
            </param>
            <param index="13">
              <value>
                <![CDATA[0]]>
              </value>
            </param>
            <param index="14">
              <value>
                <![CDATA[200]]>
              </value>
            </param>
            <param index="15">
              <value>
                <![CDATA[NO]]>
              </value>
            </param>
            <param index="16">
              <value>
                <![CDATA[0]]>
              </value>
            </param>
            <param index="17">
              <value>
                <![CDATA[Formula1-BCH]]>
              </value>
            </param>
          </params>
          <reporter-output>
            <line>
              <![CDATA[<b>*********Calculations for On Road Price has been started***********</b> <br />]]>
            </line>
            <line>
              <![CDATA[<b>Started getting On screen values from after discount table </b> <br />]]>
            </line>
            <line>
              <![CDATA[<b>Manufacture_delivery_charges =550.00</b> <br />]]>
            </line>
            <line>
              <![CDATA[<b>Road_tax_first_year =585.00</b> <br />]]>
            </line>
            <line>
              <![CDATA[<b>First_registration_fee =55.00</b> <br />]]>
            </line>
            <line>
              <![CDATA[<b>Rebate =0.00</b> <br />]]>
            </line>
            <line>
              <![CDATA[<b>Writing After discount values to excel has been started</b> <br />]]>
            </line>
            <line>
              <![CDATA[<b>Writing After discount values to excel has been completed</b> <br />]]>
            </line>
            <line>
              <![CDATA[<b>Reading On Road Price for invoice from excel has been Started</b> <br />]]>
            </line>
            <line>
              <![CDATA[<b>Reading On Road Price for invoice from excel has been completed</b> <br />]]>
            </line>
            <line>
              <![CDATA[<b>Expected on the road price from excel is =58525.0</b> <br />]]>
            </line>
            <line>
              <![CDATA[<b>Actual on the road price from screen is =58525.00</b> <br />]]>
            </line>
          </reporter-output>
        </test-method> <!-- aquisition_quotes_outright_BCH_after_discount_calculations_without_maintenance_test -->
        <test-method signature="aquisition_quotes_outright_BCH_holding_cost_calculations_without_maintenance_test(java.lang.String,java.lang.String,java.lang.String,java.lang.String,java.lang.String,java.lang.String,java.lang.String,java.lang.String,java.lang.String,java.lang.String,java.lang.String,java.lang.String,java.lang.String,java.lang.String,java.lang.String,java.lang.String,java.lang.String,java.lang.String)[pri:3, instance:com.amt.test.OP.Acquisition_Quotes_Outright_BCH_without_maintenance_Test@3527942a]" started-at="2023-01-02T18:43:17 IST" name="aquisition_quotes_outright_BCH_holding_cost_calculations_without_maintenance_test" data-provider="testData" finished-at="2023-01-02T18:43:35 IST" depends-on-methods="com.amt.test.OP.Acquisition_Quotes_Outright_BCH_without_maintenance_Test.aquisition_quotes_outright_BCH_after_discount_calculations_without_maintenance_test" duration-ms="17124" status="PASS">
          <params>
            <param index="0">
              <value>
                <![CDATA[AUDI]]>
              </value>
            </param>
            <param index="1">
              <value>
                <![CDATA[A7]]>
              </value>
            </param>
            <param index="2">
              <value>
                <![CDATA[0]]>
              </value>
            </param>
            <param index="3">
              <value>
                <![CDATA[0]]>
              </value>
            </param>
            <param index="4">
              <value>
                <![CDATA[100]]>
              </value>
            </param>
            <param index="5">
              <value>
                <![CDATA[20000]]>
              </value>
            </param>
            <param index="6">
              <value>
                <![CDATA[10000]]>
              </value>
            </param>
            <param index="7">
              <value>
                <![CDATA[6000]]>
              </value>
            </param>
            <param index="8">
              <value>
                <![CDATA[2000]]>
              </value>
            </param>
            <param index="9">
              <value>
                <![CDATA[1000]]>
              </value>
            </param>
            <param index="10">
              <value>
                <![CDATA[199.99]]>
              </value>
            </param>
            <param index="11">
              <value>
                <![CDATA[0]]>
              </value>
            </param>
            <param index="12">
              <value>
                <![CDATA[NO]]>
              </value>
            </param>
            <param index="13">
              <value>
                <![CDATA[0]]>
              </value>
            </param>
            <param index="14">
              <value>
                <![CDATA[200]]>
              </value>
            </param>
            <param index="15">
              <value>
                <![CDATA[NO]]>
              </value>
            </param>
            <param index="16">
              <value>
                <![CDATA[0]]>
              </value>
            </param>
            <param index="17">
              <value>
                <![CDATA[Formula1-BCH]]>
              </value>
            </param>
          </params>
          <reporter-output>
            <line>
              <![CDATA[<b>***********Entered in holding cost page ***********</b> <br />]]>
            </line>
            <line>
              <![CDATA[<b>Clicked on holding cost summary</b> <br />]]>
            </line>
            <line>
              <![CDATA[<b>***********Holding Cost Calculations has been Started*************</b> <br />]]>
            </line>
            <line>
              <![CDATA[<b>Getting on screen values from Holding Cost Page</b> <br />]]>
            </line>
            <line>
              <![CDATA[<b>Duration(Terms) =36.0</b> <br />]]>
            </line>
            <line>
              <![CDATA[<b>Annual_mileage =10000.0</b> <br />]]>
            </line>
            <line>
              <![CDATA[<b>Cap_residual_value =27500.0</b> <br />]]>
            </line>
            <line>
              <![CDATA[<b>Writing Holding Cost Summary values to excel has been started</b> <br />]]>
            </line>
            <line>
              <![CDATA[<b>Writing Holding Cost Summary values to excel has been completed</b> <br />]]>
            </line>
            <line>
              <![CDATA[<b>Reading Monthly Holding Cost value from excel has been started</b> <br />]]>
            </line>
            <line>
              <![CDATA[<b>Reading Monthly Holding Cost value from excel has been completed</b> <br />]]>
            </line>
            <line>
              <![CDATA[<b>Total_monthly_holding_cost_from_screen =922.92</b> <br />]]>
            </line>
            <line>
              <![CDATA[<b>Total_monthly_holding_cost_from_excel =922.9208645610316</b> <br />]]>
            </line>
          </reporter-output>
        </test-method> <!-- aquisition_quotes_outright_BCH_holding_cost_calculations_without_maintenance_test -->
        <test-method signature="aquisition_quotes_outright_BCH_customer_quote_payment_profile_calculations_without_maintenance_test(java.lang.String,java.lang.String,java.lang.String,java.lang.String,java.lang.String,java.lang.String,java.lang.String,java.lang.String,java.lang.String,java.lang.String,java.lang.String,java.lang.String,java.lang.String,java.lang.String,java.lang.String,java.lang.String,java.lang.String,java.lang.String)[pri:4, instance:com.amt.test.OP.Acquisition_Quotes_Outright_BCH_without_maintenance_Test@3527942a]" started-at="2023-01-02T18:43:35 IST" name="aquisition_quotes_outright_BCH_customer_quote_payment_profile_calculations_without_maintenance_test" data-provider="testData" finished-at="2023-01-02T18:44:54 IST" depends-on-methods="com.amt.test.OP.Acquisition_Quotes_Outright_BCH_without_maintenance_Test.aquisition_quotes_outright_BCH_holding_cost_calculations_without_maintenance_test" duration-ms="79681" status="PASS">
          <params>
            <param index="0">
              <value>
                <![CDATA[AUDI]]>
              </value>
            </param>
            <param index="1">
              <value>
                <![CDATA[A7]]>
              </value>
            </param>
            <param index="2">
              <value>
                <![CDATA[0]]>
              </value>
            </param>
            <param index="3">
              <value>
                <![CDATA[0]]>
              </value>
            </param>
            <param index="4">
              <value>
                <![CDATA[100]]>
              </value>
            </param>
            <param index="5">
              <value>
                <![CDATA[20000]]>
              </value>
            </param>
            <param index="6">
              <value>
                <![CDATA[10000]]>
              </value>
            </param>
            <param index="7">
              <value>
                <![CDATA[6000]]>
              </value>
            </param>
            <param index="8">
              <value>
                <![CDATA[2000]]>
              </value>
            </param>
            <param index="9">
              <value>
                <![CDATA[1000]]>
              </value>
            </param>
            <param index="10">
              <value>
                <![CDATA[199.99]]>
              </value>
            </param>
            <param index="11">
              <value>
                <![CDATA[0]]>
              </value>
            </param>
            <param index="12">
              <value>
                <![CDATA[NO]]>
              </value>
            </param>
            <param index="13">
              <value>
                <![CDATA[0]]>
              </value>
            </param>
            <param index="14">
              <value>
                <![CDATA[200]]>
              </value>
            </param>
            <param index="15">
              <value>
                <![CDATA[NO]]>
              </value>
            </param>
            <param index="16">
              <value>
                <![CDATA[0]]>
              </value>
            </param>
            <param index="17">
              <value>
                <![CDATA[Formula1-BCH]]>
              </value>
            </param>
          </params>
          <reporter-output>
            <line>
              <![CDATA[<b>Writing configuration values from property file to Excel for customer quote calculation -started</b> <br />]]>
            </line>
            <line>
              <![CDATA[<b>Writing configuration values from property file to Excel for customer quote calculation -completed</b> <br />]]>
            </line>
            <line>
              <![CDATA[<b>************Calculations for Customer Quote Page has been started***********</b> <br />]]>
            </line>
            <line>
              <![CDATA[<b>Payment Profile Monthly in Advance option has been selected</b> <br />]]>
            </line>
            <line>
              <![CDATA[<b>Writing values to Excel for customer quote calculation -started</b> <br />]]>
            </line>
            <line>
              <![CDATA[<b>Writing values to Excel for customer quote calculation -completed</b> <br />]]>
            </line>
            <line>
              <![CDATA[<b>Reading  Monthly Finance Rental from  Excel   -started</b> <br />]]>
            </line>
            <line>
              <![CDATA[<b>Reading  Monthly Finance Rental from  Excel   -completed</b> <br />]]>
            </line>
            <line>
              <![CDATA[<b>Monthly Finance Rental from Excel is =1153.1982390281278</b> <br />]]>
            </line>
            <line>
              <![CDATA[<b>Calculations with different payment profiles for customer quote has been started</b> <br />]]>
            </line>
            <line>
              <![CDATA[<b>Calculations with different payment profiles for customer quote has been ended</b> <br />]]>
            </line>
          </reporter-output>
        </test-method> <!-- aquisition_quotes_outright_BCH_customer_quote_payment_profile_calculations_without_maintenance_test -->
        <test-method signature="aquisition_quotes_outright_BCH_quote_summary_values_verification_without_maintenance_test(java.lang.String,java.lang.String,java.lang.String,java.lang.String,java.lang.String,java.lang.String,java.lang.String,java.lang.String,java.lang.String,java.lang.String,java.lang.String,java.lang.String,java.lang.String,java.lang.String,java.lang.String,java.lang.String,java.lang.String,java.lang.String)[pri:5, instance:com.amt.test.OP.Acquisition_Quotes_Outright_BCH_without_maintenance_Test@3527942a]" started-at="2023-01-02T18:44:54 IST" name="aquisition_quotes_outright_BCH_quote_summary_values_verification_without_maintenance_test" data-provider="testData" finished-at="2023-01-02T18:45:28 IST" depends-on-methods="com.amt.test.OP.Acquisition_Quotes_Outright_BCH_without_maintenance_Test.aquisition_quotes_outright_BCH_customer_quote_payment_profile_calculations_without_maintenance_test" duration-ms="33552" status="FAIL">
          <params>
            <param index="0">
              <value>
                <![CDATA[AUDI]]>
              </value>
            </param>
            <param index="1">
              <value>
                <![CDATA[A7]]>
              </value>
            </param>
            <param index="2">
              <value>
                <![CDATA[0]]>
              </value>
            </param>
            <param index="3">
              <value>
                <![CDATA[0]]>
              </value>
            </param>
            <param index="4">
              <value>
                <![CDATA[100]]>
              </value>
            </param>
            <param index="5">
              <value>
                <![CDATA[20000]]>
              </value>
            </param>
            <param index="6">
              <value>
                <![CDATA[10000]]>
              </value>
            </param>
            <param index="7">
              <value>
                <![CDATA[6000]]>
              </value>
            </param>
            <param index="8">
              <value>
                <![CDATA[2000]]>
              </value>
            </param>
            <param index="9">
              <value>
                <![CDATA[1000]]>
              </value>
            </param>
            <param index="10">
              <value>
                <![CDATA[199.99]]>
              </value>
            </param>
            <param index="11">
              <value>
                <![CDATA[0]]>
              </value>
            </param>
            <param index="12">
              <value>
                <![CDATA[NO]]>
              </value>
            </param>
            <param index="13">
              <value>
                <![CDATA[0]]>
              </value>
            </param>
            <param index="14">
              <value>
                <![CDATA[200]]>
              </value>
            </param>
            <param index="15">
              <value>
                <![CDATA[NO]]>
              </value>
            </param>
            <param index="16">
              <value>
                <![CDATA[0]]>
              </value>
            </param>
            <param index="17">
              <value>
                <![CDATA[Formula1-BCH]]>
              </value>
            </param>
          </params>
          <exception class="java.lang.AssertionError">
            <message>
              <![CDATA[expected [true] but found [false]]]>
            </message>
            <full-stacktrace>
              <![CDATA[java.lang.AssertionError: expected [true] but found [false]
at org.testng.Assert.fail(Assert.java:99)
at org.testng.Assert.failNotEquals(Assert.java:1037)
at org.testng.Assert.assertTrue(Assert.java:45)
at org.testng.Assert.assertTrue(Assert.java:55)
at com.amt.test.OP.Acquisition_Quotes_Outright_BCH_without_maintenance_Test.aquisition_quotes_outright_BCH_quote_summary_values_verification_without_maintenance_test(Acquisition_Quotes_Outright_BCH_without_maintenance_Test.java:142)
at java.base/jdk.internal.reflect.NativeMethodAccessorImpl.invoke0(Native Method)
at java.base/jdk.internal.reflect.NativeMethodAccessorImpl.invoke(NativeMethodAccessorImpl.java:77)
at java.base/jdk.internal.reflect.DelegatingMethodAccessorImpl.invoke(DelegatingMethodAccessorImpl.java:43)
at java.base/java.lang.reflect.Method.invoke(Method.java:568)
at org.testng.internal.MethodInvocationHelper.invokeMethod(MethodInvocationHelper.java:133)
at org.testng.internal.TestInvoker.invokeMethod(TestInvoker.java:598)
at org.testng.internal.TestInvoker.invokeTestMethod(TestInvoker.java:173)
at org.testng.internal.MethodRunner.runInSequence(MethodRunner.java:46)
at org.testng.internal.TestInvoker$MethodInvocationAgent.invoke(TestInvoker.java:824)
at org.testng.internal.TestInvoker.invokeTestMethods(TestInvoker.java:146)
at org.testng.internal.TestMethodWorker.invokeTestMethods(TestMethodWorker.java:146)
at org.testng.internal.TestMethodWorker.run(TestMethodWorker.java:128)
at java.base/java.util.ArrayList.forEach(ArrayList.java:1511)
at org.testng.TestRunner.privateRun(TestRunner.java:794)
at org.testng.TestRunner.run(TestRunner.java:596)
at org.testng.SuiteRunner.runTest(SuiteRunner.java:377)
at org.testng.SuiteRunner.runSequentially(SuiteRunner.java:371)
at org.testng.SuiteRunner.privateRun(SuiteRunner.java:332)
at org.testng.SuiteRunner.run(SuiteRunner.java:276)
at org.testng.SuiteRunnerWorker.runSuite(SuiteRunnerWorker.java:53)
at org.testng.SuiteRunnerWorker.run(SuiteRunnerWorker.java:96)
at org.testng.TestNG.runSuitesSequentially(TestNG.java:1212)
at org.testng.TestNG.runSuitesLocally(TestNG.java:1134)
at org.testng.TestNG.runSuites(TestNG.java:1063)
at org.testng.TestNG.run(TestNG.java:1031)
at org.testng.remote.AbstractRemoteTestNG.run(AbstractRemoteTestNG.java:115)
at org.testng.remote.RemoteTestNG.initAndRun(RemoteTestNG.java:251)
at org.testng.remote.RemoteTestNG.main(RemoteTestNG.java:77)
]]>
            </full-stacktrace>
          </exception> <!-- java.lang.AssertionError -->
          <reporter-output>
            <line>
              <![CDATA[<b>*************OTR Calulation on quote summary page has been started************</b> <br />]]>
            </line>
            <line>
              <![CDATA[<b>Reading values from OTR calculation -Quote Summary Page</b> <br />]]>
            </line>
            <line>
              <![CDATA[<b>OTR_calculation_cost_otr_price_from_screen =58525.0</b> <br />]]>
            </line>
            <line>
              <![CDATA[<b>OTR_calculation_cost_price_ex_vat_and_rfl_from_screen =48237.5</b> <br />]]>
            </line>
            <line>
              <![CDATA[<b>OTR_calculation_otr_vat_from_screen =9647.5</b> <br />]]>
            </line>
            <line>
              <![CDATA[<b>OTR_calculation_otr_rfl_and_frf_from_screen =640.0</b> <br />]]>
            </line>
            <line>
              <![CDATA[<b>OTR price compared</b> <br />]]>
            </line>
            <line>
              <![CDATA[<b>Cost price ex vat and rfl compared</b> <br />]]>
            </line>
            <line>
              <![CDATA[<b>VAT compared</b> <br />]]>
            </line>
            <line>
              <![CDATA[<b>RFL & FRF compared</b> <br />]]>
            </line>
            <line>
              <![CDATA[<b>*************Holding Cost Calulation on quote summary page has been started************</b> <br />]]>
            </line>
            <line>
              <![CDATA[<b>Reading values from Holding Cost summary -Quote Summary Page</b> <br />]]>
            </line>
            <line>
              <![CDATA[<b>holding_cost_terms_from_screen36.0</b> <br />]]>
            </line>
            <line>
              <![CDATA[<b>holding_cost_miles_per_annum_from_screen10000.0</b> <br />]]>
            </line>
            <line>
              <![CDATA[<b>holding_cost_monthly_finance_cost_from_screen922.92</b> <br />]]>
            </line>
            <line>
              <![CDATA[<b>holding_cost_total_monthly_holding_cost_from_screen =922.92</b> <br />]]>
            </line>
            <line>
              <![CDATA[<b>terms compared</b> <br />]]>
            </line>
            <line>
              <![CDATA[<b>Miles per annum compared</b> <br />]]>
            </line>
            <line>
              <![CDATA[<b>Finance cost compared</b> <br />]]>
            </line>
            <line>
              <![CDATA[<b>Total Monthly Holding Cost compared</b> <br />]]>
            </line>
            <line>
              <![CDATA[<b>Terms found OK</b> <br />]]>
            </line>
            <line>
              <![CDATA[<b>miles found OK</b> <br />]]>
            </line>
            <line>
              <![CDATA[<b>Monthly Finance Rental found OK</b> <br />]]>
            </line>
            <line>
              <![CDATA[<b>Initial Finance Rental found OK</b> <br />]]>
            </line>
            <line>
              <![CDATA[<b>Followed By months - found OK</b> <br />]]>
            </line>
            <line>
              <![CDATA[<b>Pence per excess mile finance - found OK</b> <br />]]>
            </line>
            <line>
              <![CDATA[<b>Document Fee - found OK</b> <br />]]>
            </line>
            <line>
              <![CDATA[<b>Upsell - found OK</b> <br />]]>
            </line>
            <line>
              <![CDATA[<b>Default Finance Commission - found OK</b> <br />]]>
            </line>
            <line>
              <![CDATA[<b>Upsell Commission - found OK</b> <br />]]>
            </line>
            <line>
              <![CDATA[<b>Document Fee Commission - found OK</b> <br />]]>
            </line>
            <line>
              <![CDATA[<b>Total Commission - found wrong</b> <br />]]>
            </line>
            <line>
              <![CDATA[<b>Referrer Commission - found OK</b> <br />]]>
            </line>
            <line>
              <![CDATA[<br>----------Screenshot---------<br>]]>
            </line>
            <line>
              <![CDATA[<img src="D:\StagingNew\AMT_Automation\target\surefire-reports\html\failure_screenshots\aquisition_quotes_outright_BCH_quote_summary_values_verification_without_maintenance_test_02_01_2023_06_45_28.png" height="800" width="1000">]]>
            </line>
          </reporter-output>
        </test-method> <!-- aquisition_quotes_outright_BCH_quote_summary_values_verification_without_maintenance_test -->
      </class> <!-- com.amt.test.OP.Acquisition_Quotes_Outright_BCH_without_maintenance_Test -->
    </test> <!-- Default test -->
  </suite> <!-- Default suite -->
</testng-results>
