<?xml version="1.0" encoding="UTF-8"?>
<testng-results ignored="0" total="3" passed="3" failed="0" skipped="0">
  <reporter-output>
    <line>
      <![CDATA[<b>Clicked on Quote button </b> <br />]]>
    </line>
    <line>
      <![CDATA[<b>Selecting used vehicle with registration no. = HK21YPJ and mileage = 10000</b> <br />]]>
    </line>
    <line>
      <![CDATA[<b>Vehicle selected</b> <br />]]>
    </line>
    <line>
      <![CDATA[<b>Paint option has been selected</b> <br />]]>
    </line>
    <line>
      <![CDATA[<b>Interior option has been selected</b> <br />]]>
    </line>
    <line>
      <![CDATA[<b>Acquisition Contract type option selected = Broker </b> <br />]]>
    </line>
    <line>
      <![CDATA[<b> Customer Contract type option = Personal Contract Hire(PCH) has been selected</b> <br />]]>
    </line>
    <line>
      <![CDATA[<b>Cost Price ex VAT and RFL from screen is 21166.67</b> <br />]]>
    </line>
    <line>
      <![CDATA[<b>VAT from screen is 4233.33</b> <br />]]>
    </line>
    <line>
      <![CDATA[<b>Cost Price ex VAT and RFL calculated is 21166.67</b> <br />]]>
    </line>
    <line>
      <![CDATA[<b>Cost Price ex VAT and RFL verified and found OK</b> <br />]]>
    </line>
    <line>
      <![CDATA[<b>Funder quote added successfully</b> <br />]]>
    </line>
    <line>
      <![CDATA[<b></b> <br />]]>
    </line>
    <line>
      <![CDATA[<b>Started verifying Balance Due Value</b> <br />]]>
    </line>
    <line>
      <![CDATA[<b>Balance Due Value Expected = 339.99</b> <br />]]>
    </line>
    <line>
      <![CDATA[<b>Balance Due Value Actual from screen = 339.99</b> <br />]]>
    </line>
    <line>
      <![CDATA[<b>Balance Due Value verified and found OK</b> <br />]]>
    </line>
    <line>
      <![CDATA[<b>*************OTR Calulation on quote summary page has been started************</b> <br />]]>
    </line>
    <line>
      <![CDATA[<b>Reading values from OTR calculation -Quote Summary Page</b> <br />]]>
    </line>
    <line>
      <![CDATA[<b>OTR_calculation_cost_otr_price_from_screen =25400.0</b> <br />]]>
    </line>
    <line>
      <![CDATA[<b>OTR_calculation_cost_price_ex_vat_and_rfl_from_screen =21166.67</b> <br />]]>
    </line>
    <line>
      <![CDATA[<b>OTR_calculation_otr_vat_from_screen =4233.33</b> <br />]]>
    </line>
    <line>
      <![CDATA[<b>OTR_calculation_cost_otr_price_from_excel =25400.003999999997</b> <br />]]>
    </line>
    <line>
      <![CDATA[<b>OTR_calculation_cost_price_ex_vat_and_rfl_from_excel =21166.67</b> <br />]]>
    </line>
    <line>
      <![CDATA[<b>OTR_calculation_otr_vat_from_excel =4233.334</b> <br />]]>
    </line>
    <line>
      <![CDATA[<b>OTR_calculation_otr_rfl_and_frf_from_excel =0.0</b> <br />]]>
    </line>
    <line>
      <![CDATA[<b>OTR price compared</b> <br />]]>
    </line>
    <line>
      <![CDATA[<b>Cost price ex vat and rfl compared</b> <br />]]>
    </line>
    <line>
      <![CDATA[<b>VAT compared</b> <br />]]>
    </line>
  </reporter-output>
  <suite started-at="2023-03-30T20:24:50 IST" name="Default suite" finished-at="2023-03-30T20:26:44 IST" duration-ms="113850">
    <groups>
    </groups>
    <test started-at="2023-03-30T20:24:50 IST" name="Default test" finished-at="2023-03-30T20:26:44 IST" duration-ms="113850">
      <class name="usedCar.Broker.Acquisition_Quotes_Broker_PCH_used_LCV_with_maintenance_Test">
        <test-method is-config="true" signature="setup()[pri:0, instance:usedCar.Broker.Acquisition_Quotes_Broker_PCH_used_LCV_with_maintenance_Test@4686afc2]" started-at="2023-03-30T20:24:50 IST" name="setup" finished-at="2023-03-30T20:25:10 IST" duration-ms="19643" status="PASS">
          <reporter-output>
          </reporter-output>
        </test-method> <!-- setup -->
        <test-method signature="aquisition_quotes_user_flow_broker_pch_OTR_calculation_with_maintenance_test(java.lang.String,java.lang.String,java.lang.String,java.lang.String,java.lang.String,java.lang.String,java.lang.String,java.lang.String,java.lang.String,java.lang.String,java.lang.String,java.lang.String,java.lang.String,java.lang.String,java.lang.String,java.lang.String,java.lang.String,java.lang.String,java.lang.String,java.lang.String)[pri:1, instance:usedCar.Broker.Acquisition_Quotes_Broker_PCH_used_LCV_with_maintenance_Test@4686afc2]" started-at="2023-03-30T20:25:11 IST" name="aquisition_quotes_user_flow_broker_pch_OTR_calculation_with_maintenance_test" data-provider="testData" finished-at="2023-03-30T20:26:04 IST" duration-ms="53640" status="PASS">
          <params>
            <param index="0">
              <value>
                <![CDATA[HK21YPJ]]>
              </value>
            </param>
            <param index="1">
              <value>
                <![CDATA[10000]]>
              </value>
            </param>
            <param index="2">
              <value>
                <![CDATA[60000]]>
              </value>
            </param>
            <param index="3">
              <value>
                <![CDATA[1000]]>
              </value>
            </param>
            <param index="4">
              <value>
                <![CDATA[REF001]]>
              </value>
            </param>
            <param index="5">
              <value>
                <![CDATA[02/02/23]]>
              </value>
            </param>
            <param index="6">
              <value>
                <![CDATA[12]]>
              </value>
            </param>
            <param index="7">
              <value>
                <![CDATA[5000]]>
              </value>
            </param>
            <param index="8">
              <value>
                <![CDATA[1000]]>
              </value>
            </param>
            <param index="9">
              <value>
                <![CDATA[20]]>
              </value>
            </param>
            <param index="10">
              <value>
                <![CDATA[2000]]>
              </value>
            </param>
            <param index="11">
              <value>
                <![CDATA[400]]>
              </value>
            </param>
            <param index="12">
              <value>
                <![CDATA[2]]>
              </value>
            </param>
            <param index="13">
              <value>
                <![CDATA[3]]>
              </value>
            </param>
            <param index="14">
              <value>
                <![CDATA[20]]>
              </value>
            </param>
            <param index="15">
              <value>
                <![CDATA[1000]]>
              </value>
            </param>
            <param index="16">
              <value>
                <![CDATA[600]]>
              </value>
            </param>
            <param index="17">
              <value>
                <![CDATA[200]]>
              </value>
            </param>
            <param index="18">
              <value>
                <![CDATA[500]]>
              </value>
            </param>
            <param index="19">
              <value>
                <![CDATA[Formula1-FL_Used_car]]>
              </value>
            </param>
          </params>
          <reporter-output>
            <line>
              <![CDATA[<b>Clicked on Quote button </b> <br />]]>
            </line>
            <line>
              <![CDATA[<b>Selecting used vehicle with registration no. = HK21YPJ and mileage = 10000</b> <br />]]>
            </line>
            <line>
              <![CDATA[<b>Vehicle selected</b> <br />]]>
            </line>
            <line>
              <![CDATA[<b>Paint option has been selected</b> <br />]]>
            </line>
            <line>
              <![CDATA[<b>Interior option has been selected</b> <br />]]>
            </line>
            <line>
              <![CDATA[<b>Acquisition Contract type option selected = Broker </b> <br />]]>
            </line>
            <line>
              <![CDATA[<b> Customer Contract type option = Personal Contract Hire(PCH) has been selected</b> <br />]]>
            </line>
            <line>
              <![CDATA[<b>Cost Price ex VAT and RFL from screen is 21166.67</b> <br />]]>
            </line>
            <line>
              <![CDATA[<b>VAT from screen is 4233.33</b> <br />]]>
            </line>
            <line>
              <![CDATA[<b>Cost Price ex VAT and RFL calculated is 21166.67</b> <br />]]>
            </line>
            <line>
              <![CDATA[<b>Cost Price ex VAT and RFL verified and found OK</b> <br />]]>
            </line>
          </reporter-output>
        </test-method> <!-- aquisition_quotes_user_flow_broker_pch_OTR_calculation_with_maintenance_test -->
        <test-method signature="aquisition_quotes_user_flow_broker_pch_with_maintenance_test(java.lang.String,java.lang.String,java.lang.String,java.lang.String,java.lang.String,java.lang.String,java.lang.String,java.lang.String,java.lang.String,java.lang.String,java.lang.String,java.lang.String,java.lang.String,java.lang.String,java.lang.String,java.lang.String,java.lang.String,java.lang.String,java.lang.String,java.lang.String)[pri:2, instance:usedCar.Broker.Acquisition_Quotes_Broker_PCH_used_LCV_with_maintenance_Test@4686afc2]" started-at="2023-03-30T20:26:05 IST" name="aquisition_quotes_user_flow_broker_pch_with_maintenance_test" data-provider="testData" finished-at="2023-03-30T20:26:28 IST" depends-on-methods="usedCar.Broker.Acquisition_Quotes_Broker_PCH_used_LCV_with_maintenance_Test.aquisition_quotes_user_flow_broker_pch_OTR_calculation_with_maintenance_test" duration-ms="22845" status="PASS">
          <params>
            <param index="0">
              <value>
                <![CDATA[HK21YPJ]]>
              </value>
            </param>
            <param index="1">
              <value>
                <![CDATA[10000]]>
              </value>
            </param>
            <param index="2">
              <value>
                <![CDATA[60000]]>
              </value>
            </param>
            <param index="3">
              <value>
                <![CDATA[1000]]>
              </value>
            </param>
            <param index="4">
              <value>
                <![CDATA[REF001]]>
              </value>
            </param>
            <param index="5">
              <value>
                <![CDATA[02/02/23]]>
              </value>
            </param>
            <param index="6">
              <value>
                <![CDATA[12]]>
              </value>
            </param>
            <param index="7">
              <value>
                <![CDATA[5000]]>
              </value>
            </param>
            <param index="8">
              <value>
                <![CDATA[1000]]>
              </value>
            </param>
            <param index="9">
              <value>
                <![CDATA[20]]>
              </value>
            </param>
            <param index="10">
              <value>
                <![CDATA[2000]]>
              </value>
            </param>
            <param index="11">
              <value>
                <![CDATA[400]]>
              </value>
            </param>
            <param index="12">
              <value>
                <![CDATA[2]]>
              </value>
            </param>
            <param index="13">
              <value>
                <![CDATA[3]]>
              </value>
            </param>
            <param index="14">
              <value>
                <![CDATA[20]]>
              </value>
            </param>
            <param index="15">
              <value>
                <![CDATA[1000]]>
              </value>
            </param>
            <param index="16">
              <value>
                <![CDATA[600]]>
              </value>
            </param>
            <param index="17">
              <value>
                <![CDATA[200]]>
              </value>
            </param>
            <param index="18">
              <value>
                <![CDATA[500]]>
              </value>
            </param>
            <param index="19">
              <value>
                <![CDATA[Formula1-FL_Used_car]]>
              </value>
            </param>
          </params>
          <reporter-output>
            <line>
              <![CDATA[<b>Funder quote added successfully</b> <br />]]>
            </line>
            <line>
              <![CDATA[<b></b> <br />]]>
            </line>
            <line>
              <![CDATA[<b>Started verifying Balance Due Value</b> <br />]]>
            </line>
            <line>
              <![CDATA[<b>Balance Due Value Expected = 339.99</b> <br />]]>
            </line>
            <line>
              <![CDATA[<b>Balance Due Value Actual from screen = 339.99</b> <br />]]>
            </line>
            <line>
              <![CDATA[<b>Balance Due Value verified and found OK</b> <br />]]>
            </line>
          </reporter-output>
        </test-method> <!-- aquisition_quotes_user_flow_broker_pch_with_maintenance_test -->
        <test-method signature="aquisition_quotes_user_flow_broker_pch_quote_summary_values_verification_with_maintenance_test(java.lang.String,java.lang.String,java.lang.String,java.lang.String,java.lang.String,java.lang.String,java.lang.String,java.lang.String,java.lang.String,java.lang.String,java.lang.String,java.lang.String,java.lang.String,java.lang.String,java.lang.String,java.lang.String,java.lang.String,java.lang.String,java.lang.String,java.lang.String)[pri:4, instance:usedCar.Broker.Acquisition_Quotes_Broker_PCH_used_LCV_with_maintenance_Test@4686afc2]" started-at="2023-03-30T20:26:28 IST" name="aquisition_quotes_user_flow_broker_pch_quote_summary_values_verification_with_maintenance_test" data-provider="testData" finished-at="2023-03-30T20:26:44 IST" depends-on-methods="usedCar.Broker.Acquisition_Quotes_Broker_PCH_used_LCV_with_maintenance_Test.aquisition_quotes_user_flow_broker_pch_with_maintenance_test" duration-ms="15849" status="PASS">
          <params>
            <param index="0">
              <value>
                <![CDATA[HK21YPJ]]>
              </value>
            </param>
            <param index="1">
              <value>
                <![CDATA[10000]]>
              </value>
            </param>
            <param index="2">
              <value>
                <![CDATA[60000]]>
              </value>
            </param>
            <param index="3">
              <value>
                <![CDATA[1000]]>
              </value>
            </param>
            <param index="4">
              <value>
                <![CDATA[REF001]]>
              </value>
            </param>
            <param index="5">
              <value>
                <![CDATA[02/02/23]]>
              </value>
            </param>
            <param index="6">
              <value>
                <![CDATA[12]]>
              </value>
            </param>
            <param index="7">
              <value>
                <![CDATA[5000]]>
              </value>
            </param>
            <param index="8">
              <value>
                <![CDATA[1000]]>
              </value>
            </param>
            <param index="9">
              <value>
                <![CDATA[20]]>
              </value>
            </param>
            <param index="10">
              <value>
                <![CDATA[2000]]>
              </value>
            </param>
            <param index="11">
              <value>
                <![CDATA[400]]>
              </value>
            </param>
            <param index="12">
              <value>
                <![CDATA[2]]>
              </value>
            </param>
            <param index="13">
              <value>
                <![CDATA[3]]>
              </value>
            </param>
            <param index="14">
              <value>
                <![CDATA[20]]>
              </value>
            </param>
            <param index="15">
              <value>
                <![CDATA[1000]]>
              </value>
            </param>
            <param index="16">
              <value>
                <![CDATA[600]]>
              </value>
            </param>
            <param index="17">
              <value>
                <![CDATA[200]]>
              </value>
            </param>
            <param index="18">
              <value>
                <![CDATA[500]]>
              </value>
            </param>
            <param index="19">
              <value>
                <![CDATA[Formula1-FL_Used_car]]>
              </value>
            </param>
          </params>
          <reporter-output>
            <line>
              <![CDATA[<b>*************OTR Calulation on quote summary page has been started************</b> <br />]]>
            </line>
            <line>
              <![CDATA[<b>Reading values from OTR calculation -Quote Summary Page</b> <br />]]>
            </line>
            <line>
              <![CDATA[<b>OTR_calculation_cost_otr_price_from_screen =25400.0</b> <br />]]>
            </line>
            <line>
              <![CDATA[<b>OTR_calculation_cost_price_ex_vat_and_rfl_from_screen =21166.67</b> <br />]]>
            </line>
            <line>
              <![CDATA[<b>OTR_calculation_otr_vat_from_screen =4233.33</b> <br />]]>
            </line>
            <line>
              <![CDATA[<b>OTR_calculation_cost_otr_price_from_excel =25400.003999999997</b> <br />]]>
            </line>
            <line>
              <![CDATA[<b>OTR_calculation_cost_price_ex_vat_and_rfl_from_excel =21166.67</b> <br />]]>
            </line>
            <line>
              <![CDATA[<b>OTR_calculation_otr_vat_from_excel =4233.334</b> <br />]]>
            </line>
            <line>
              <![CDATA[<b>OTR_calculation_otr_rfl_and_frf_from_excel =0.0</b> <br />]]>
            </line>
            <line>
              <![CDATA[<b>OTR price compared</b> <br />]]>
            </line>
            <line>
              <![CDATA[<b>Cost price ex vat and rfl compared</b> <br />]]>
            </line>
            <line>
              <![CDATA[<b>VAT compared</b> <br />]]>
            </line>
          </reporter-output>
        </test-method> <!-- aquisition_quotes_user_flow_broker_pch_quote_summary_values_verification_with_maintenance_test -->
      </class> <!-- usedCar.Broker.Acquisition_Quotes_Broker_PCH_used_LCV_with_maintenance_Test -->
    </test> <!-- Default test -->
  </suite> <!-- Default suite -->
</testng-results>
