<?xml version="1.0" encoding="UTF-8"?>
<testng-results ignored="0" total="5" passed="0" failed="1" skipped="4">
  <reporter-output>
  </reporter-output>
  <suite started-at="2023-03-24T18:44:21 IST" name="Default suite" finished-at="2023-03-24T18:44:43 IST" duration-ms="21794">
    <groups>
    </groups>
    <test started-at="2023-03-24T18:44:21 IST" name="Default test" finished-at="2023-03-24T18:44:43 IST" duration-ms="21794">
      <class name="newCar.CP.Acquisition_Quotes_CP_CP_used_car_with_funder_quote_addition_without_maintenance_Test">
        <test-method is-config="true" signature="setup()[pri:0, instance:newCar.CP.Acquisition_Quotes_CP_CP_used_car_with_funder_quote_addition_without_maintenance_Test@791f145a]" started-at="2023-03-24T18:44:21 IST" name="setup" finished-at="2023-03-24T18:44:41 IST" duration-ms="19732" status="PASS">
          <reporter-output>
          </reporter-output>
        </test-method> <!-- setup -->
        <test-method signature="aquisition_quotes_OTR_calculation_without_maintenance_test(java.lang.String,java.lang.String,java.lang.String,java.lang.String,java.lang.String,java.lang.String,java.lang.String,java.lang.String,java.lang.String,java.lang.String,java.lang.String,java.lang.String,java.lang.String,java.lang.String,java.lang.String,java.lang.String,java.lang.String,java.lang.String,java.lang.String,java.lang.String,java.lang.String,java.lang.String,java.lang.String,java.lang.String,java.lang.String,java.lang.String,java.lang.String,java.lang.String,java.lang.String,java.lang.String)[pri:1, instance:newCar.CP.Acquisition_Quotes_CP_CP_used_car_with_funder_quote_addition_without_maintenance_Test@791f145a]" started-at="2023-03-24T18:44:41 IST" name="aquisition_quotes_OTR_calculation_without_maintenance_test" data-provider="testData" finished-at="2023-03-24T18:44:42 IST" duration-ms="908" status="FAIL">
          <exception class="org.testng.internal.reflect.MethodMatcherException">
            <message>
              <![CDATA[
[public void newCar.CP.Acquisition_Quotes_CP_CP_used_car_with_funder_quote_addition_without_maintenance_Test.aquisition_quotes_OTR_calculation_without_maintenance_test(java.lang.String,java.lang.String,java.lang.String,java.lang.String,java.lang.String,java.lang.String,java.lang.String,java.lang.String,java.lang.String,java.lang.String,java.lang.String,java.lang.String,java.lang.String,java.lang.String,java.lang.String,java.lang.String,java.lang.String,java.lang.String,java.lang.String,java.lang.String,java.lang.String,java.lang.String,java.lang.String,java.lang.String,java.lang.String,java.lang.String,java.lang.String,java.lang.String,java.lang.String,java.lang.String) throws java.lang.InterruptedException,java.io.IOException,java.awt.datatransfer.UnsupportedFlavorException] has no parameters defined but was found to be using a data provider (either explicitly specified or inherited from class level annotation).
Data provider mismatch
Method: aquisition_quotes_OTR_calculation_without_maintenance_test([Parameter{index=0, type=java.lang.String, declaredAnnotations=[]}, Parameter{index=1, type=java.lang.String, declaredAnnotations=[]}, Parameter{index=2, type=java.lang.String, declaredAnnotations=[]}, Parameter{index=3, type=java.lang.String, declaredAnnotations=[]}, Parameter{index=4, type=java.lang.String, declaredAnnotations=[]}, Parameter{index=5, type=java.lang.String, declaredAnnotations=[]}, Parameter{index=6, type=java.lang.String, declaredAnnotations=[]}, Parameter{index=7, type=java.lang.String, declaredAnnotations=[]}, Parameter{index=8, type=java.lang.String, declaredAnnotations=[]}, Parameter{index=9, type=java.lang.String, declaredAnnotations=[]}, Parameter{index=10, type=java.lang.String, declaredAnnotations=[]}, Parameter{index=11, type=java.lang.String, declaredAnnotations=[]}, Parameter{index=12, type=java.lang.String, declaredAnnotations=[]}, Parameter{index=13, type=java.lang.String, declaredAnnotations=[]}, Parameter{index=14, type=java.lang.String, declaredAnnotations=[]}, Parameter{index=15, type=java.lang.String, declaredAnnotations=[]}, Parameter{index=16, type=java.lang.String, declaredAnnotations=[]}, Parameter{index=17, type=java.lang.String, declaredAnnotations=[]}, Parameter{index=18, type=java.lang.String, declaredAnnotations=[]}, Parameter{index=19, type=java.lang.String, declaredAnnotations=[]}, Parameter{index=20, type=java.lang.String, declaredAnnotations=[]}, Parameter{index=21, type=java.lang.String, declaredAnnotations=[]}, Parameter{index=22, type=java.lang.String, declaredAnnotations=[]}, Parameter{index=23, type=java.lang.String, declaredAnnotations=[]}, Parameter{index=24, type=java.lang.String, declaredAnnotations=[]}, Parameter{index=25, type=java.lang.String, declaredAnnotations=[]}, Parameter{index=26, type=java.lang.String, declaredAnnotations=[]}, Parameter{index=27, type=java.lang.String, declaredAnnotations=[]}, Parameter{index=28, type=java.lang.String, declaredAnnotations=[]}, Parameter{index=29, type=java.lang.String, declaredAnnotations=[]}])
Arguments: [(java.lang.String) GY19XAG,(java.lang.String) 10000,(java.lang.String) 60000,(java.lang.String) 1000,(java.lang.String) REF001,(java.lang.String) 05/05/23,(java.lang.String) 33,(java.lang.String) 5000,(java.lang.String) 1000,(java.lang.String) 200,(java.lang.String) 12,(java.lang.String) 500,(java.lang.String) 50,(java.lang.String) 6000,(java.lang.String) 20,(java.lang.String) 1,(java.lang.String) 1,(java.lang.String) 10000,(java.lang.String) 6000,(java.lang.String) 2000,(java.lang.String) 1000,(java.lang.String) 0,(java.lang.String) 199.99,(java.lang.String) 0,(java.lang.String) YES,(java.lang.String) 20,(java.lang.String) 200,(java.lang.String) NO,(java.lang.String) 0,(java.lang.String) Limited Credit,(java.lang.String) YES,(java.lang.String) CP(F2)-CP_Used_car]]]>
            </message>
            <full-stacktrace>
              <![CDATA[org.testng.internal.reflect.MethodMatcherException: 
[public void newCar.CP.Acquisition_Quotes_CP_CP_used_car_with_funder_quote_addition_without_maintenance_Test.aquisition_quotes_OTR_calculation_without_maintenance_test(java.lang.String,java.lang.String,java.lang.String,java.lang.String,java.lang.String,java.lang.String,java.lang.String,java.lang.String,java.lang.String,java.lang.String,java.lang.String,java.lang.String,java.lang.String,java.lang.String,java.lang.String,java.lang.String,java.lang.String,java.lang.String,java.lang.String,java.lang.String,java.lang.String,java.lang.String,java.lang.String,java.lang.String,java.lang.String,java.lang.String,java.lang.String,java.lang.String,java.lang.String,java.lang.String) throws java.lang.InterruptedException,java.io.IOException,java.awt.datatransfer.UnsupportedFlavorException] has no parameters defined but was found to be using a data provider (either explicitly specified or inherited from class level annotation).
Data provider mismatch
Method: aquisition_quotes_OTR_calculation_without_maintenance_test([Parameter{index=0, type=java.lang.String, declaredAnnotations=[]}, Parameter{index=1, type=java.lang.String, declaredAnnotations=[]}, Parameter{index=2, type=java.lang.String, declaredAnnotations=[]}, Parameter{index=3, type=java.lang.String, declaredAnnotations=[]}, Parameter{index=4, type=java.lang.String, declaredAnnotations=[]}, Parameter{index=5, type=java.lang.String, declaredAnnotations=[]}, Parameter{index=6, type=java.lang.String, declaredAnnotations=[]}, Parameter{index=7, type=java.lang.String, declaredAnnotations=[]}, Parameter{index=8, type=java.lang.String, declaredAnnotations=[]}, Parameter{index=9, type=java.lang.String, declaredAnnotations=[]}, Parameter{index=10, type=java.lang.String, declaredAnnotations=[]}, Parameter{index=11, type=java.lang.String, declaredAnnotations=[]}, Parameter{index=12, type=java.lang.String, declaredAnnotations=[]}, Parameter{index=13, type=java.lang.String, declaredAnnotations=[]}, Parameter{index=14, type=java.lang.String, declaredAnnotations=[]}, Parameter{index=15, type=java.lang.String, declaredAnnotations=[]}, Parameter{index=16, type=java.lang.String, declaredAnnotations=[]}, Parameter{index=17, type=java.lang.String, declaredAnnotations=[]}, Parameter{index=18, type=java.lang.String, declaredAnnotations=[]}, Parameter{index=19, type=java.lang.String, declaredAnnotations=[]}, Parameter{index=20, type=java.lang.String, declaredAnnotations=[]}, Parameter{index=21, type=java.lang.String, declaredAnnotations=[]}, Parameter{index=22, type=java.lang.String, declaredAnnotations=[]}, Parameter{index=23, type=java.lang.String, declaredAnnotations=[]}, Parameter{index=24, type=java.lang.String, declaredAnnotations=[]}, Parameter{index=25, type=java.lang.String, declaredAnnotations=[]}, Parameter{index=26, type=java.lang.String, declaredAnnotations=[]}, Parameter{index=27, type=java.lang.String, declaredAnnotations=[]}, Parameter{index=28, type=java.lang.String, declaredAnnotations=[]}, Parameter{index=29, type=java.lang.String, declaredAnnotations=[]}])
Arguments: [(java.lang.String) GY19XAG,(java.lang.String) 10000,(java.lang.String) 60000,(java.lang.String) 1000,(java.lang.String) REF001,(java.lang.String) 05/05/23,(java.lang.String) 33,(java.lang.String) 5000,(java.lang.String) 1000,(java.lang.String) 200,(java.lang.String) 12,(java.lang.String) 500,(java.lang.String) 50,(java.lang.String) 6000,(java.lang.String) 20,(java.lang.String) 1,(java.lang.String) 1,(java.lang.String) 10000,(java.lang.String) 6000,(java.lang.String) 2000,(java.lang.String) 1000,(java.lang.String) 0,(java.lang.String) 199.99,(java.lang.String) 0,(java.lang.String) YES,(java.lang.String) 20,(java.lang.String) 200,(java.lang.String) NO,(java.lang.String) 0,(java.lang.String) Limited Credit,(java.lang.String) YES,(java.lang.String) CP(F2)-CP_Used_car]
at org.testng.internal.reflect.DataProviderMethodMatcher.getConformingArguments(DataProviderMethodMatcher.java:43)
at org.testng.internal.Parameters.injectParameters(Parameters.java:914)
at org.testng.internal.MethodRunner.runInSequence(MethodRunner.java:34)
at org.testng.internal.TestInvoker$MethodInvocationAgent.invoke(TestInvoker.java:824)
at org.testng.internal.TestInvoker.invokeTestMethods(TestInvoker.java:146)
at org.testng.internal.TestMethodWorker.invokeTestMethods(TestMethodWorker.java:146)
at org.testng.internal.TestMethodWorker.run(TestMethodWorker.java:128)
at java.base/java.util.ArrayList.forEach(ArrayList.java:1511)
at org.testng.TestRunner.privateRun(TestRunner.java:794)
at org.testng.TestRunner.run(TestRunner.java:596)
at org.testng.SuiteRunner.runTest(SuiteRunner.java:377)
at org.testng.SuiteRunner.runSequentially(SuiteRunner.java:371)
at org.testng.SuiteRunner.privateRun(SuiteRunner.java:332)
at org.testng.SuiteRunner.run(SuiteRunner.java:276)
at org.testng.SuiteRunnerWorker.runSuite(SuiteRunnerWorker.java:53)
at org.testng.SuiteRunnerWorker.run(SuiteRunnerWorker.java:96)
at org.testng.TestNG.runSuitesSequentially(TestNG.java:1212)
at org.testng.TestNG.runSuitesLocally(TestNG.java:1134)
at org.testng.TestNG.runSuites(TestNG.java:1063)
at org.testng.TestNG.run(TestNG.java:1031)
at org.testng.remote.AbstractRemoteTestNG.run(AbstractRemoteTestNG.java:115)
at org.testng.remote.RemoteTestNG.initAndRun(RemoteTestNG.java:251)
at org.testng.remote.RemoteTestNG.main(RemoteTestNG.java:77)
]]>
            </full-stacktrace>
          </exception> <!-- org.testng.internal.reflect.MethodMatcherException -->
          <reporter-output>
          </reporter-output>
        </test-method> <!-- aquisition_quotes_OTR_calculation_without_maintenance_test -->
        <test-method signature="aquisition_quotes_used_car_edit_cost_price_and_check_OTR_without_maintenance_test(java.lang.String,java.lang.String,java.lang.String,java.lang.String,java.lang.String,java.lang.String,java.lang.String,java.lang.String,java.lang.String,java.lang.String,java.lang.String,java.lang.String,java.lang.String,java.lang.String,java.lang.String,java.lang.String,java.lang.String,java.lang.String,java.lang.String,java.lang.String,java.lang.String,java.lang.String,java.lang.String,java.lang.String,java.lang.String,java.lang.String,java.lang.String,java.lang.String,java.lang.String,java.lang.String)[pri:2, instance:newCar.CP.Acquisition_Quotes_CP_CP_used_car_with_funder_quote_addition_without_maintenance_Test@791f145a]" started-at="2023-03-24T18:44:43 IST" name="aquisition_quotes_used_car_edit_cost_price_and_check_OTR_without_maintenance_test" finished-at="2023-03-24T18:44:43 IST" depends-on-methods="newCar.CP.Acquisition_Quotes_CP_CP_used_car_with_funder_quote_addition_without_maintenance_Test.aquisition_quotes_OTR_calculation_without_maintenance_test" duration-ms="0" status="SKIP">
          <exception class="java.lang.Throwable">
            <message>
              <![CDATA[Method Acquisition_Quotes_CP_CP_used_car_with_funder_quote_addition_without_maintenance_Test.aquisition_quotes_used_car_edit_cost_price_and_check_OTR_without_maintenance_test(java.lang.String,java.lang.String,java.lang.String,java.lang.String,java.lang.String,java.lang.String,java.lang.String,java.lang.String,java.lang.String,java.lang.String,java.lang.String,java.lang.String,java.lang.String,java.lang.String,java.lang.String,java.lang.String,java.lang.String,java.lang.String,java.lang.String,java.lang.String,java.lang.String,java.lang.String,java.lang.String,java.lang.String,java.lang.String,java.lang.String,java.lang.String,java.lang.String,java.lang.String,java.lang.String)[pri:2, instance:newCar.CP.Acquisition_Quotes_CP_CP_used_car_with_funder_quote_addition_without_maintenance_Test@791f145a] depends on not successfully finished methods]]>
            </message>
            <full-stacktrace>
              <![CDATA[java.lang.Throwable: Method Acquisition_Quotes_CP_CP_used_car_with_funder_quote_addition_without_maintenance_Test.aquisition_quotes_used_car_edit_cost_price_and_check_OTR_without_maintenance_test(java.lang.String,java.lang.String,java.lang.String,java.lang.String,java.lang.String,java.lang.String,java.lang.String,java.lang.String,java.lang.String,java.lang.String,java.lang.String,java.lang.String,java.lang.String,java.lang.String,java.lang.String,java.lang.String,java.lang.String,java.lang.String,java.lang.String,java.lang.String,java.lang.String,java.lang.String,java.lang.String,java.lang.String,java.lang.String,java.lang.String,java.lang.String,java.lang.String,java.lang.String,java.lang.String)[pri:2, instance:newCar.CP.Acquisition_Quotes_CP_CP_used_car_with_funder_quote_addition_without_maintenance_Test@791f145a] depends on not successfully finished methods
at org.testng.internal.TestInvoker.invokeTestMethods(TestInvoker.java:102)
at org.testng.internal.TestMethodWorker.invokeTestMethods(TestMethodWorker.java:146)
at org.testng.internal.TestMethodWorker.run(TestMethodWorker.java:128)
at java.base/java.util.ArrayList.forEach(ArrayList.java:1511)
at org.testng.TestRunner.privateRun(TestRunner.java:794)
at org.testng.TestRunner.run(TestRunner.java:596)
at org.testng.SuiteRunner.runTest(SuiteRunner.java:377)
at org.testng.SuiteRunner.runSequentially(SuiteRunner.java:371)
at org.testng.SuiteRunner.privateRun(SuiteRunner.java:332)
at org.testng.SuiteRunner.run(SuiteRunner.java:276)
at org.testng.SuiteRunnerWorker.runSuite(SuiteRunnerWorker.java:53)
at org.testng.SuiteRunnerWorker.run(SuiteRunnerWorker.java:96)
at org.testng.TestNG.runSuitesSequentially(TestNG.java:1212)
at org.testng.TestNG.runSuitesLocally(TestNG.java:1134)
at org.testng.TestNG.runSuites(TestNG.java:1063)
at org.testng.TestNG.run(TestNG.java:1031)
at org.testng.remote.AbstractRemoteTestNG.run(AbstractRemoteTestNG.java:115)
at org.testng.remote.RemoteTestNG.initAndRun(RemoteTestNG.java:251)
at org.testng.remote.RemoteTestNG.main(RemoteTestNG.java:77)
]]>
            </full-stacktrace>
          </exception> <!-- java.lang.Throwable -->
          <reporter-output>
          </reporter-output>
        </test-method> <!-- aquisition_quotes_used_car_edit_cost_price_and_check_OTR_without_maintenance_test -->
        <test-method signature="aquisition_quotes_holding_cost_calculations_without_maintenance_test(java.lang.String,java.lang.String,java.lang.String,java.lang.String,java.lang.String,java.lang.String,java.lang.String,java.lang.String,java.lang.String,java.lang.String,java.lang.String,java.lang.String,java.lang.String,java.lang.String,java.lang.String,java.lang.String,java.lang.String,java.lang.String,java.lang.String,java.lang.String,java.lang.String,java.lang.String,java.lang.String,java.lang.String,java.lang.String,java.lang.String,java.lang.String,java.lang.String,java.lang.String,java.lang.String)[pri:3, instance:newCar.CP.Acquisition_Quotes_CP_CP_used_car_with_funder_quote_addition_without_maintenance_Test@791f145a]" started-at="2023-03-24T18:44:43 IST" name="aquisition_quotes_holding_cost_calculations_without_maintenance_test" finished-at="2023-03-24T18:44:43 IST" depends-on-methods="newCar.CP.Acquisition_Quotes_CP_CP_used_car_with_funder_quote_addition_without_maintenance_Test.aquisition_quotes_used_car_edit_cost_price_and_check_OTR_without_maintenance_test" duration-ms="0" status="SKIP">
          <exception class="java.lang.Throwable">
            <message>
              <![CDATA[Method Acquisition_Quotes_CP_CP_used_car_with_funder_quote_addition_without_maintenance_Test.aquisition_quotes_holding_cost_calculations_without_maintenance_test(java.lang.String,java.lang.String,java.lang.String,java.lang.String,java.lang.String,java.lang.String,java.lang.String,java.lang.String,java.lang.String,java.lang.String,java.lang.String,java.lang.String,java.lang.String,java.lang.String,java.lang.String,java.lang.String,java.lang.String,java.lang.String,java.lang.String,java.lang.String,java.lang.String,java.lang.String,java.lang.String,java.lang.String,java.lang.String,java.lang.String,java.lang.String,java.lang.String,java.lang.String,java.lang.String)[pri:3, instance:newCar.CP.Acquisition_Quotes_CP_CP_used_car_with_funder_quote_addition_without_maintenance_Test@791f145a] depends on not successfully finished methods]]>
            </message>
            <full-stacktrace>
              <![CDATA[java.lang.Throwable: Method Acquisition_Quotes_CP_CP_used_car_with_funder_quote_addition_without_maintenance_Test.aquisition_quotes_holding_cost_calculations_without_maintenance_test(java.lang.String,java.lang.String,java.lang.String,java.lang.String,java.lang.String,java.lang.String,java.lang.String,java.lang.String,java.lang.String,java.lang.String,java.lang.String,java.lang.String,java.lang.String,java.lang.String,java.lang.String,java.lang.String,java.lang.String,java.lang.String,java.lang.String,java.lang.String,java.lang.String,java.lang.String,java.lang.String,java.lang.String,java.lang.String,java.lang.String,java.lang.String,java.lang.String,java.lang.String,java.lang.String)[pri:3, instance:newCar.CP.Acquisition_Quotes_CP_CP_used_car_with_funder_quote_addition_without_maintenance_Test@791f145a] depends on not successfully finished methods
at org.testng.internal.TestInvoker.invokeTestMethods(TestInvoker.java:102)
at org.testng.internal.TestMethodWorker.invokeTestMethods(TestMethodWorker.java:146)
at org.testng.internal.TestMethodWorker.run(TestMethodWorker.java:128)
at java.base/java.util.ArrayList.forEach(ArrayList.java:1511)
at org.testng.TestRunner.privateRun(TestRunner.java:794)
at org.testng.TestRunner.run(TestRunner.java:596)
at org.testng.SuiteRunner.runTest(SuiteRunner.java:377)
at org.testng.SuiteRunner.runSequentially(SuiteRunner.java:371)
at org.testng.SuiteRunner.privateRun(SuiteRunner.java:332)
at org.testng.SuiteRunner.run(SuiteRunner.java:276)
at org.testng.SuiteRunnerWorker.runSuite(SuiteRunnerWorker.java:53)
at org.testng.SuiteRunnerWorker.run(SuiteRunnerWorker.java:96)
at org.testng.TestNG.runSuitesSequentially(TestNG.java:1212)
at org.testng.TestNG.runSuitesLocally(TestNG.java:1134)
at org.testng.TestNG.runSuites(TestNG.java:1063)
at org.testng.TestNG.run(TestNG.java:1031)
at org.testng.remote.AbstractRemoteTestNG.run(AbstractRemoteTestNG.java:115)
at org.testng.remote.RemoteTestNG.initAndRun(RemoteTestNG.java:251)
at org.testng.remote.RemoteTestNG.main(RemoteTestNG.java:77)
]]>
            </full-stacktrace>
          </exception> <!-- java.lang.Throwable -->
          <reporter-output>
          </reporter-output>
        </test-method> <!-- aquisition_quotes_holding_cost_calculations_without_maintenance_test -->
        <test-method signature="aquisition_quotes_customer_quote_calculations_check_monthly_finance_payment_without_maintenance_test(java.lang.String,java.lang.String,java.lang.String,java.lang.String,java.lang.String,java.lang.String,java.lang.String,java.lang.String,java.lang.String,java.lang.String,java.lang.String,java.lang.String,java.lang.String,java.lang.String,java.lang.String,java.lang.String,java.lang.String,java.lang.String,java.lang.String,java.lang.String,java.lang.String,java.lang.String,java.lang.String,java.lang.String,java.lang.String,java.lang.String,java.lang.String,java.lang.String,java.lang.String,java.lang.String)[pri:4, instance:newCar.CP.Acquisition_Quotes_CP_CP_used_car_with_funder_quote_addition_without_maintenance_Test@791f145a]" started-at="2023-03-24T18:44:43 IST" name="aquisition_quotes_customer_quote_calculations_check_monthly_finance_payment_without_maintenance_test" finished-at="2023-03-24T18:44:43 IST" depends-on-methods="newCar.CP.Acquisition_Quotes_CP_CP_used_car_with_funder_quote_addition_without_maintenance_Test.aquisition_quotes_holding_cost_calculations_without_maintenance_test" duration-ms="0" status="SKIP">
          <exception class="java.lang.Throwable">
            <message>
              <![CDATA[Method Acquisition_Quotes_CP_CP_used_car_with_funder_quote_addition_without_maintenance_Test.aquisition_quotes_customer_quote_calculations_check_monthly_finance_payment_without_maintenance_test(java.lang.String,java.lang.String,java.lang.String,java.lang.String,java.lang.String,java.lang.String,java.lang.String,java.lang.String,java.lang.String,java.lang.String,java.lang.String,java.lang.String,java.lang.String,java.lang.String,java.lang.String,java.lang.String,java.lang.String,java.lang.String,java.lang.String,java.lang.String,java.lang.String,java.lang.String,java.lang.String,java.lang.String,java.lang.String,java.lang.String,java.lang.String,java.lang.String,java.lang.String,java.lang.String)[pri:4, instance:newCar.CP.Acquisition_Quotes_CP_CP_used_car_with_funder_quote_addition_without_maintenance_Test@791f145a] depends on not successfully finished methods]]>
            </message>
            <full-stacktrace>
              <![CDATA[java.lang.Throwable: Method Acquisition_Quotes_CP_CP_used_car_with_funder_quote_addition_without_maintenance_Test.aquisition_quotes_customer_quote_calculations_check_monthly_finance_payment_without_maintenance_test(java.lang.String,java.lang.String,java.lang.String,java.lang.String,java.lang.String,java.lang.String,java.lang.String,java.lang.String,java.lang.String,java.lang.String,java.lang.String,java.lang.String,java.lang.String,java.lang.String,java.lang.String,java.lang.String,java.lang.String,java.lang.String,java.lang.String,java.lang.String,java.lang.String,java.lang.String,java.lang.String,java.lang.String,java.lang.String,java.lang.String,java.lang.String,java.lang.String,java.lang.String,java.lang.String)[pri:4, instance:newCar.CP.Acquisition_Quotes_CP_CP_used_car_with_funder_quote_addition_without_maintenance_Test@791f145a] depends on not successfully finished methods
at org.testng.internal.TestInvoker.invokeTestMethods(TestInvoker.java:102)
at org.testng.internal.TestMethodWorker.invokeTestMethods(TestMethodWorker.java:146)
at org.testng.internal.TestMethodWorker.run(TestMethodWorker.java:128)
at java.base/java.util.ArrayList.forEach(ArrayList.java:1511)
at org.testng.TestRunner.privateRun(TestRunner.java:794)
at org.testng.TestRunner.run(TestRunner.java:596)
at org.testng.SuiteRunner.runTest(SuiteRunner.java:377)
at org.testng.SuiteRunner.runSequentially(SuiteRunner.java:371)
at org.testng.SuiteRunner.privateRun(SuiteRunner.java:332)
at org.testng.SuiteRunner.run(SuiteRunner.java:276)
at org.testng.SuiteRunnerWorker.runSuite(SuiteRunnerWorker.java:53)
at org.testng.SuiteRunnerWorker.run(SuiteRunnerWorker.java:96)
at org.testng.TestNG.runSuitesSequentially(TestNG.java:1212)
at org.testng.TestNG.runSuitesLocally(TestNG.java:1134)
at org.testng.TestNG.runSuites(TestNG.java:1063)
at org.testng.TestNG.run(TestNG.java:1031)
at org.testng.remote.AbstractRemoteTestNG.run(AbstractRemoteTestNG.java:115)
at org.testng.remote.RemoteTestNG.initAndRun(RemoteTestNG.java:251)
at org.testng.remote.RemoteTestNG.main(RemoteTestNG.java:77)
]]>
            </full-stacktrace>
          </exception> <!-- java.lang.Throwable -->
          <reporter-output>
          </reporter-output>
        </test-method> <!-- aquisition_quotes_customer_quote_calculations_check_monthly_finance_payment_without_maintenance_test -->
        <test-method signature="aquisition_quotes_quote_summary_values_verification_without_maintenance_test(java.lang.String,java.lang.String,java.lang.String,java.lang.String,java.lang.String,java.lang.String,java.lang.String,java.lang.String,java.lang.String,java.lang.String,java.lang.String,java.lang.String,java.lang.String,java.lang.String,java.lang.String,java.lang.String,java.lang.String,java.lang.String,java.lang.String,java.lang.String,java.lang.String,java.lang.String,java.lang.String,java.lang.String,java.lang.String,java.lang.String,java.lang.String,java.lang.String,java.lang.String,java.lang.String)[pri:5, instance:newCar.CP.Acquisition_Quotes_CP_CP_used_car_with_funder_quote_addition_without_maintenance_Test@791f145a]" started-at="2023-03-24T18:44:43 IST" name="aquisition_quotes_quote_summary_values_verification_without_maintenance_test" finished-at="2023-03-24T18:44:43 IST" depends-on-methods="newCar.CP.Acquisition_Quotes_CP_CP_used_car_with_funder_quote_addition_without_maintenance_Test.aquisition_quotes_customer_quote_calculations_check_monthly_finance_payment_without_maintenance_test" duration-ms="0" status="SKIP">
          <exception class="java.lang.Throwable">
            <message>
              <![CDATA[Method Acquisition_Quotes_CP_CP_used_car_with_funder_quote_addition_without_maintenance_Test.aquisition_quotes_quote_summary_values_verification_without_maintenance_test(java.lang.String,java.lang.String,java.lang.String,java.lang.String,java.lang.String,java.lang.String,java.lang.String,java.lang.String,java.lang.String,java.lang.String,java.lang.String,java.lang.String,java.lang.String,java.lang.String,java.lang.String,java.lang.String,java.lang.String,java.lang.String,java.lang.String,java.lang.String,java.lang.String,java.lang.String,java.lang.String,java.lang.String,java.lang.String,java.lang.String,java.lang.String,java.lang.String,java.lang.String,java.lang.String)[pri:5, instance:newCar.CP.Acquisition_Quotes_CP_CP_used_car_with_funder_quote_addition_without_maintenance_Test@791f145a] depends on not successfully finished methods]]>
            </message>
            <full-stacktrace>
              <![CDATA[java.lang.Throwable: Method Acquisition_Quotes_CP_CP_used_car_with_funder_quote_addition_without_maintenance_Test.aquisition_quotes_quote_summary_values_verification_without_maintenance_test(java.lang.String,java.lang.String,java.lang.String,java.lang.String,java.lang.String,java.lang.String,java.lang.String,java.lang.String,java.lang.String,java.lang.String,java.lang.String,java.lang.String,java.lang.String,java.lang.String,java.lang.String,java.lang.String,java.lang.String,java.lang.String,java.lang.String,java.lang.String,java.lang.String,java.lang.String,java.lang.String,java.lang.String,java.lang.String,java.lang.String,java.lang.String,java.lang.String,java.lang.String,java.lang.String)[pri:5, instance:newCar.CP.Acquisition_Quotes_CP_CP_used_car_with_funder_quote_addition_without_maintenance_Test@791f145a] depends on not successfully finished methods
at org.testng.internal.TestInvoker.invokeTestMethods(TestInvoker.java:102)
at org.testng.internal.TestMethodWorker.invokeTestMethods(TestMethodWorker.java:146)
at org.testng.internal.TestMethodWorker.run(TestMethodWorker.java:128)
at java.base/java.util.ArrayList.forEach(ArrayList.java:1511)
at org.testng.TestRunner.privateRun(TestRunner.java:794)
at org.testng.TestRunner.run(TestRunner.java:596)
at org.testng.SuiteRunner.runTest(SuiteRunner.java:377)
at org.testng.SuiteRunner.runSequentially(SuiteRunner.java:371)
at org.testng.SuiteRunner.privateRun(SuiteRunner.java:332)
at org.testng.SuiteRunner.run(SuiteRunner.java:276)
at org.testng.SuiteRunnerWorker.runSuite(SuiteRunnerWorker.java:53)
at org.testng.SuiteRunnerWorker.run(SuiteRunnerWorker.java:96)
at org.testng.TestNG.runSuitesSequentially(TestNG.java:1212)
at org.testng.TestNG.runSuitesLocally(TestNG.java:1134)
at org.testng.TestNG.runSuites(TestNG.java:1063)
at org.testng.TestNG.run(TestNG.java:1031)
at org.testng.remote.AbstractRemoteTestNG.run(AbstractRemoteTestNG.java:115)
at org.testng.remote.RemoteTestNG.initAndRun(RemoteTestNG.java:251)
at org.testng.remote.RemoteTestNG.main(RemoteTestNG.java:77)
]]>
            </full-stacktrace>
          </exception> <!-- java.lang.Throwable -->
          <reporter-output>
          </reporter-output>
        </test-method> <!-- aquisition_quotes_quote_summary_values_verification_without_maintenance_test -->
      </class> <!-- newCar.CP.Acquisition_Quotes_CP_CP_used_car_with_funder_quote_addition_without_maintenance_Test -->
    </test> <!-- Default test -->
  </suite> <!-- Default suite -->
</testng-results>
