<?xml version="1.0" encoding="UTF-8"?>
<testng-results ignored="0" total="5" passed="4" failed="1" skipped="0">
  <reporter-output>
    <line>
      <![CDATA[<b>Clicked on Quote button </b> <br />]]>
    </line>
    <line>
      <![CDATA[<b>Manufacture =FIAT has been selected</b> <br />]]>
    </line>
    <line>
      <![CDATA[<b>Model range =FIORINO has been selected</b> <br />]]>
    </line>
    <line>
      <![CDATA[<b>Vehicle has been selected</b> <br />]]>
    </line>
    <line>
      <![CDATA[<b>Paint option has been selected</b> <br />]]>
    </line>
    <line>
      <![CDATA[<b>Interior option has been selected</b> <br />]]>
    </line>
    <line>
      <![CDATA[<b> Acquisition Contract type option = Business Contract Hire(BCH) has been selected</b> <br />]]>
    </line>
    <line>
      <![CDATA[<b> Customer Contract type option = Business Contract Hire(BCH) has been selected</b> <br />]]>
    </line>
    <line>
      <![CDATA[<b>Getting Basic Price- Vehicle value is  =16745.00</b> <br />]]>
    </line>
    <line>
      <![CDATA[<b>Getting Basic Price - Paint  value is  =0.00</b> <br />]]>
    </line>
    <line>
      <![CDATA[<b>Getting  Basic Price - Options value is   =0.00</b> <br />]]>
    </line>
    <line>
      <![CDATA[<b>Getting Discount- Vehicle value is  =0.00</b> <br />]]>
    </line>
    <line>
      <![CDATA[<b>Getting   Discount - Paint value is   =0.00</b> <br />]]>
    </line>
    <line>
      <![CDATA[<b>Getting  Discount- Options value is   =0.00</b> <br />]]>
    </line>
    <line>
      <![CDATA[<b>Getting Additional Discount- Vehicle value is  =0.00</b> <br />]]>
    </line>
    <line>
      <![CDATA[<b>Getting  Additional Discount - paint value is  =0.00</b> <br />]]>
    </line>
    <line>
      <![CDATA[<b>Getting  Additional Discount - Options value is  =0.00</b> <br />]]>
    </line>
    <line>
      <![CDATA[<b>Writing OTR table values to excel sheet -Started </b> <br />]]>
    </line>
    <line>
      <![CDATA[<b>Writing OTR table values to excel sheet -Completed </b> <br />]]>
    </line>
    <line>
      <![CDATA[<b>Reading Subtotal After Discount from excel sheet -Started </b> <br />]]>
    </line>
    <line>
      <![CDATA[<b>Reading Subtotal After Discount from excel sheet -Started </b> <br />]]>
    </line>
    <line>
      <![CDATA[<b>Subtotal After Discount from excel sheet is =16745.0</b> <br />]]>
    </line>
    <line>
      <![CDATA[<b>Subtotal after discount actual value from screen =£ 16,745.00</b> <br />]]>
    </line>
    <line>
      <![CDATA[<b>****************************************************************</b> <br />]]>
    </line>
    <line>
      <![CDATA[<b>**********Assertion Passed For Subtotal After Discount**********</b> <br />]]>
    </line>
    <line>
      <![CDATA[<b>****************************************************************</b> <br />]]>
    </line>
    <line>
      <![CDATA[<b>*********Calculations for On Road Price has been started***********</b> <br />]]>
    </line>
    <line>
      <![CDATA[<b>Started getting On screen values from after discount table </b> <br />]]>
    </line>
    <line>
      <![CDATA[<b>Manufacture_delivery_charges =695.0</b> <br />]]>
    </line>
    <line>
      <![CDATA[<b>Road_tax_first_year =275.0</b> <br />]]>
    </line>
    <line>
      <![CDATA[<b>First_registration_fee =55.0</b> <br />]]>
    </line>
    <line>
      <![CDATA[<b>Rebate =0.0</b> <br />]]>
    </line>
    <line>
      <![CDATA[<b>Writing After discount values to excel has been started</b> <br />]]>
    </line>
    <line>
      <![CDATA[<b>Writing After discount values to excel has been completed</b> <br />]]>
    </line>
    <line>
      <![CDATA[<b>Reading On Road Price for invoice from excel has been Started</b> <br />]]>
    </line>
    <line>
      <![CDATA[<b>Reading On Road Price for invoice from excel has been completed</b> <br />]]>
    </line>
    <line>
      <![CDATA[<b>Expected on the road price from excel is =21258.0</b> <br />]]>
    </line>
    <line>
      <![CDATA[<b>Actual on the road price from screen is =21258.00</b> <br />]]>
    </line>
    <line>
      <![CDATA[<b>****************************************************************</b> <br />]]>
    </line>
    <line>
      <![CDATA[<b>*****************Assertion Passed For OTR Price*****************</b> <br />]]>
    </line>
    <line>
      <![CDATA[<b>****************************************************************</b> <br />]]>
    </line>
    <line>
      <![CDATA[<b>***********Entered in holding cost page ***********</b> <br />]]>
    </line>
    <line>
      <![CDATA[<b>Funder added successfully</b> <br />]]>
    </line>
    <line>
      <![CDATA[<b>Holding cost verified successfully</b> <br />]]>
    </line>
    <line>
      <![CDATA[<b>****************************************************************</b> <br />]]>
    </line>
    <line>
      <![CDATA[<b>***************Assertion Passed For Holding Cost****************</b> <br />]]>
    </line>
    <line>
      <![CDATA[<b>****************************************************************</b> <br />]]>
    </line>
    <line>
      <![CDATA[<b>Writing configuration values from property file to Excel for customer quote calculation -started</b> <br />]]>
    </line>
    <line>
      <![CDATA[<b>Writing configuration values from property file to Excel for customer quote calculation -completed</b> <br />]]>
    </line>
    <line>
      <![CDATA[<b>************Calculations for Customer Quote Page has been started***********</b> <br />]]>
    </line>
    <line>
      <![CDATA[<b>Payment Profile Monthly in Advance option has been selected</b> <br />]]>
    </line>
    <line>
      <![CDATA[<b>Writing values to Excel for customer quote calculation -started</b> <br />]]>
    </line>
    <line>
      <![CDATA[<b>Writing values to Excel for customer quote calculation -completed</b> <br />]]>
    </line>
    <line>
      <![CDATA[<b>Reading  Monthly Finance Rental and monthly maintenance cost from  Excel   -started</b> <br />]]>
    </line>
    <line>
      <![CDATA[<b>Reading  Monthly Finance Rental and monthly maintenance cost from  Excel  -completed</b> <br />]]>
    </line>
    <line>
      <![CDATA[<b>Monthly Finance Rental from Excel is =683.8241226300925</b> <br />]]>
    </line>
    <line>
      <![CDATA[<b>Monthly maintenance Rental from Excel is =60.0</b> <br />]]>
    </line>
    <line>
      <![CDATA[<b>Monthly Finance Rental from screen is =683.82</b> <br />]]>
    </line>
    <line>
      <![CDATA[<b>Monthly maintenance Rental from screen is =60.0</b> <br />]]>
    </line>
    <line>
      <![CDATA[<b>****************************************************************</b> <br />]]>
    </line>
    <line>
      <![CDATA[<b>***********Assertion Passed For Monthly Finance Rental***********</b> <br />]]>
    </line>
    <line>
      <![CDATA[<b>****************************************************************</b> <br />]]>
    </line>
    <line>
      <![CDATA[<b>Monthly Finance Rental from screen (after submitting upsell values) is 721.17</b> <br />]]>
    </line>
    <line>
      <![CDATA[<b>Monthly Mainte. Rental from screen ((after submitting upsell values) is 60.0</b> <br />]]>
    </line>
    <line>
      <![CDATA[<b>Writing upsell values to excel</b> <br />]]>
    </line>
    <line>
      <![CDATA[<b>Monthly Finance Rental from Excel (after submitting upsell values) is 721.1749062495334</b> <br />]]>
    </line>
    <line>
      <![CDATA[<b>Monthly Mainte. Rental from Excel ((after submitting upsell values) is 60.0</b> <br />]]>
    </line>
    <line>
      <![CDATA[<b>Monthly finance and maint. rental (after submitting upsell values) is found OK</b> <br />]]>
    </line>
    <line>
      <![CDATA[<b>***********Assertion Passed For Monthly Finance Rental on adding upsell values***********</b> <br />]]>
    </line>
    <line>
      <![CDATA[<b>****************************************************************</b> <br />]]>
    </line>
    <line>
      <![CDATA[<b>Clicked on Part Exchange panel</b> <br />]]>
    </line>
    <line>
      <![CDATA[<b>Monthly Finance Rental from screen (part exchange values) is 721.17</b> <br />]]>
    </line>
    <line>
      <![CDATA[<b>Monthly Mainte. Rental from screen (part exchange values) is 60.0</b> <br />]]>
    </line>
    <line>
      <![CDATA[<b>Writing part exchange values to excel</b> <br />]]>
    </line>
    <line>
      <![CDATA[<b>Monthly finance and maint. rental part exchange values) is found OK</b> <br />]]>
    </line>
    <line>
      <![CDATA[<b>*****Assertion Passed For Monthly Finance And Maint. Rental*****</b> <br />]]>
    </line>
    <line>
      <![CDATA[<b>****************************************************************</b> <br />]]>
    </line>
    <line>
      <![CDATA[<b>Started verifying Balance Due value</b> <br />]]>
    </line>
    <line>
      <![CDATA[<b>Balance due value (with part exchange values) is verified and found ok</b> <br />]]>
    </line>
    <line>
      <![CDATA[<b>*************Assertion Passed For Balance Due Value*************</b> <br />]]>
    </line>
    <line>
      <![CDATA[<b>****************************************************************</b> <br />]]>
    </line>
    <line>
      <![CDATA[<b>Monthly Finance Rental from screen (after updating customer quote summary upsell value) is 739.85</b> <br />]]>
    </line>
    <line>
      <![CDATA[<b>Monthly Mainte. Rental from screen (after updating customer quote summary upsell value) is 60.0</b> <br />]]>
    </line>
    <line>
      <![CDATA[<b>Writing upsell values to excel</b> <br />]]>
    </line>
    <line>
      <![CDATA[<b>Monthly Finance Rental from Excel (after updating customer quote summary upsell value) is 739.8502980592533</b> <br />]]>
    </line>
    <line>
      <![CDATA[<b>Monthly Mainte. Rental from Excel (after updating customer quote summary upsell value) is 60.0</b> <br />]]>
    </line>
    <line>
      <![CDATA[<b>Monthly finance and maint. rental (after updating customer quote summary upsell value) is found OK</b> <br />]]>
    </line>
    <line>
      <![CDATA[<b>***********Assertion Passed For Monthly Finance Rental on updating upsell values***********</b> <br />]]>
    </line>
    <line>
      <![CDATA[<b>****************************************************************</b> <br />]]>
    </line>
    <line>
      <![CDATA[<b>Calculations with different payment profiles for customer quote has been started</b> <br />]]>
    </line>
    <line>
      <![CDATA[<b>Calculations with different payment profiles for customer quote has been ended</b> <br />]]>
    </line>
    <line>
      <![CDATA[<b>Assertion Passed For Monthly Finance Rental For All Payment Profiles</b> <br />]]>
    </line>
    <line>
      <![CDATA[<b>****************************************************************</b> <br />]]>
    </line>
    <line>
      <![CDATA[<b>*************OTR Calulation on quote summary page has been started************</b> <br />]]>
    </line>
    <line>
      <![CDATA[<b>Reading values from OTR calculation -Quote Summary Page</b> <br />]]>
    </line>
    <line>
      <![CDATA[<b>OTR_calculation_cost_otr_price_from_screen =21258.0</b> <br />]]>
    </line>
    <line>
      <![CDATA[<b>OTR_calculation_cost_price_ex_vat_and_rfl_from_screen =17440.0</b> <br />]]>
    </line>
    <line>
      <![CDATA[<b>OTR_calculation_otr_vat_from_screen =3488.0</b> <br />]]>
    </line>
    <line>
      <![CDATA[<b>OTR_calculation_otr_rfl_and_frf_from_screen =330.0</b> <br />]]>
    </line>
    <line>
      <![CDATA[<b>OTR price compared</b> <br />]]>
    </line>
    <line>
      <![CDATA[<b>Cost price ex vat and rfl compared</b> <br />]]>
    </line>
    <line>
      <![CDATA[<b>VAT compared</b> <br />]]>
    </line>
    <line>
      <![CDATA[<b>RFL & FRF compared</b> <br />]]>
    </line>
    <line>
      <![CDATA[<b>*************Holding Cost Calulation on quote summary page has been started************</b> <br />]]>
    </line>
    <line>
      <![CDATA[<b>Reading values from Holding Cost summary -Quote Summary Page</b> <br />]]>
    </line>
    <line>
      <![CDATA[<b>holding_cost_terms_from_screen12.0</b> <br />]]>
    </line>
    <line>
      <![CDATA[<b>holding_cost_miles_per_annum_from_screen5000.0</b> <br />]]>
    </line>
    <line>
      <![CDATA[<b>holding_cost_monthly_finance_cost_from_screen501.0</b> <br />]]>
    </line>
    <line>
      <![CDATA[<b>holding_cost_monthly_maint_cost_used_from_screen50.0</b> <br />]]>
    </line>
    <line>
      <![CDATA[<b>holding_cost_CAP_monthly_maint_cost_from_screen0.0</b> <br />]]>
    </line>
    <line>
      <![CDATA[<b>holding_cost_total_monthly_holding_cost_from_screen =551.0</b> <br />]]>
    </line>
    <line>
      <![CDATA[<b>terms compared</b> <br />]]>
    </line>
    <line>
      <![CDATA[<b>Miles per annum compared</b> <br />]]>
    </line>
    <line>
      <![CDATA[<b>Finance cost compared</b> <br />]]>
    </line>
    <line>
      <![CDATA[<b>Maint cost used  compared</b> <br />]]>
    </line>
    <line>
      <![CDATA[<b>Total Monthly Holding Cost compared</b> <br />]]>
    </line>
    <line>
      <![CDATA[<b>*************Customer Quote Calulation on quote summary page has been started************</b> <br />]]>
    </line>
    <line>
      <![CDATA[<b>Terms found OK</b> <br />]]>
    </line>
    <line>
      <![CDATA[<b>miles found OK</b> <br />]]>
    </line>
    <line>
      <![CDATA[<b>Monthly Finance Rental found OK</b> <br />]]>
    </line>
    <line>
      <![CDATA[<b>Monthly Maintenance Rental found OK</b> <br />]]>
    </line>
    <line>
      <![CDATA[<b>Initial Finance Rental found OK</b> <br />]]>
    </line>
    <line>
      <![CDATA[<b>Initial Maint Rental found OK</b> <br />]]>
    </line>
    <line>
      <![CDATA[<b>Initial Total Rental found OK</b> <br />]]>
    </line>
    <line>
      <![CDATA[<b>Part Exchange Value - found OK</b> <br />]]>
    </line>
    <line>
      <![CDATA[<b>Followed By months - found OK</b> <br />]]>
    </line>
    <line>
      <![CDATA[<b>Pence per excess mile finance - found OK</b> <br />]]>
    </line>
    <line>
      <![CDATA[<b>Pence per excess mile Maintenance - found OK</b> <br />]]>
    </line>
    <line>
      <![CDATA[<b>Pence per excess mile total - found OK</b> <br />]]>
    </line>
    <line>
      <![CDATA[<b>Document Fee - found OK</b> <br />]]>
    </line>
    <line>
      <![CDATA[<b>Upsell - found OK</b> <br />]]>
    </line>
    <line>
      <![CDATA[<b>Default Finance Commission - found wrong</b> <br />]]>
    </line>
    <line>
      <![CDATA[<b>Upsell Commission - found OK</b> <br />]]>
    </line>
    <line>
      <![CDATA[<b>Maintenance Commission - found OK</b> <br />]]>
    </line>
    <line>
      <![CDATA[<b>Document Fee Commission - found OK</b> <br />]]>
    </line>
    <line>
      <![CDATA[<b>Total Commission - found wrong</b> <br />]]>
    </line>
    <line>
      <![CDATA[<b>Referrer Commission - found OK</b> <br />]]>
    </line>
    <line>
      <![CDATA[<br>----------Screenshot---------<br>]]>
    </line>
    <line>
      <![CDATA[<img src="D:\Acquisition\AMT_Automation_Acquisition\target\surefire-reports\html\failure_screenshots\aquisition_quotes_BCH_BCH_quote_summary_values_verification_with_maintenance_test_11_07_2023_12_33_36.png" height="800" width="1000">]]>
    </line>
  </reporter-output>
  <suite started-at="2023-07-11T12:25:53 IST" name="Default suite" finished-at="2023-07-11T12:33:36 IST" duration-ms="462991">
    <groups>
    </groups>
    <test started-at="2023-07-11T12:25:53 IST" name="Default test" finished-at="2023-07-11T12:33:36 IST" duration-ms="462991">
      <class name="newLCV.BCH.Acquisition_Quotes_BCH_BCH_LCV_with_maintenance_Test">
        <test-method is-config="true" signature="setup()[pri:0, instance:newLCV.BCH.Acquisition_Quotes_BCH_BCH_LCV_with_maintenance_Test@15bb5034]" started-at="2023-07-11T12:25:53 IST" name="setup" finished-at="2023-07-11T12:26:11 IST" duration-ms="18165" status="PASS">
          <reporter-output>
          </reporter-output>
        </test-method> <!-- setup -->
        <test-method signature="aquisition_quotes_BCH_BCH_OTR_calculation_with_maintenance_test(java.lang.String,java.lang.String,java.lang.String,java.lang.String,java.lang.String,java.lang.String,java.lang.String,java.lang.String,java.lang.String,java.lang.String,java.lang.String,java.lang.String,java.lang.String,java.lang.String,java.lang.String,java.lang.String,java.lang.String,java.lang.String,java.lang.String,java.lang.String,java.lang.String,java.lang.String,java.lang.String,java.lang.String,java.lang.String,java.lang.String,java.lang.String)[pri:1, instance:newLCV.BCH.Acquisition_Quotes_BCH_BCH_LCV_with_maintenance_Test@15bb5034]" started-at="2023-07-11T12:26:12 IST" name="aquisition_quotes_BCH_BCH_OTR_calculation_with_maintenance_test" data-provider="testData" finished-at="2023-07-11T12:27:33 IST" duration-ms="80275" status="PASS">
          <params>
            <param index="0">
              <value>
                <![CDATA[FIAT]]>
              </value>
            </param>
            <param index="1">
              <value>
                <![CDATA[FIORINO]]>
              </value>
            </param>
            <param index="2">
              <value>
                <![CDATA[1]]>
              </value>
            </param>
            <param index="3">
              <value>
                <![CDATA[05/12/24]]>
              </value>
            </param>
            <param index="4">
              <value>
                <![CDATA[12]]>
              </value>
            </param>
            <param index="5">
              <value>
                <![CDATA[5000]]>
              </value>
            </param>
            <param index="6">
              <value>
                <![CDATA[500]]>
              </value>
            </param>
            <param index="7">
              <value>
                <![CDATA[50]]>
              </value>
            </param>
            <param index="8">
              <value>
                <![CDATA[12]]>
              </value>
            </param>
            <param index="9">
              <value>
                <![CDATA[1]]>
              </value>
            </param>
            <param index="10">
              <value>
                <![CDATA[1]]>
              </value>
            </param>
            <param index="11">
              <value>
                <![CDATA[10000]]>
              </value>
            </param>
            <param index="12">
              <value>
                <![CDATA[6000]]>
              </value>
            </param>
            <param index="13">
              <value>
                <![CDATA[2000]]>
              </value>
            </param>
            <param index="14">
              <value>
                <![CDATA[1000]]>
              </value>
            </param>
            <param index="15">
              <value>
                <![CDATA[199.99]]>
              </value>
            </param>
            <param index="16">
              <value>
                <![CDATA[500]]>
              </value>
            </param>
            <param index="17">
              <value>
                <![CDATA[200]]>
              </value>
            </param>
            <param index="18">
              <value>
                <![CDATA[200]]>
              </value>
            </param>
            <param index="19">
              <value>
                <![CDATA[22]]>
              </value>
            </param>
            <param index="20">
              <value>
                <![CDATA[22000]]>
              </value>
            </param>
            <param index="21">
              <value>
                <![CDATA[YES]]>
              </value>
            </param>
            <param index="22">
              <value>
                <![CDATA[20]]>
              </value>
            </param>
            <param index="23">
              <value>
                <![CDATA[200]]>
              </value>
            </param>
            <param index="24">
              <value>
                <![CDATA[YES]]>
              </value>
            </param>
            <param index="25">
              <value>
                <![CDATA[0]]>
              </value>
            </param>
            <param index="26">
              <value>
                <![CDATA[BCH (Formula 3) - BCH]]>
              </value>
            </param>
          </params>
          <reporter-output>
            <line>
              <![CDATA[<b>Clicked on Quote button </b> <br />]]>
            </line>
            <line>
              <![CDATA[<b>Manufacture =FIAT has been selected</b> <br />]]>
            </line>
            <line>
              <![CDATA[<b>Model range =FIORINO has been selected</b> <br />]]>
            </line>
            <line>
              <![CDATA[<b>Vehicle has been selected</b> <br />]]>
            </line>
            <line>
              <![CDATA[<b>Paint option has been selected</b> <br />]]>
            </line>
            <line>
              <![CDATA[<b>Interior option has been selected</b> <br />]]>
            </line>
            <line>
              <![CDATA[<b> Acquisition Contract type option = Business Contract Hire(BCH) has been selected</b> <br />]]>
            </line>
            <line>
              <![CDATA[<b> Customer Contract type option = Business Contract Hire(BCH) has been selected</b> <br />]]>
            </line>
            <line>
              <![CDATA[<b>Getting Basic Price- Vehicle value is  =16745.00</b> <br />]]>
            </line>
            <line>
              <![CDATA[<b>Getting Basic Price - Paint  value is  =0.00</b> <br />]]>
            </line>
            <line>
              <![CDATA[<b>Getting  Basic Price - Options value is   =0.00</b> <br />]]>
            </line>
            <line>
              <![CDATA[<b>Getting Discount- Vehicle value is  =0.00</b> <br />]]>
            </line>
            <line>
              <![CDATA[<b>Getting   Discount - Paint value is   =0.00</b> <br />]]>
            </line>
            <line>
              <![CDATA[<b>Getting  Discount- Options value is   =0.00</b> <br />]]>
            </line>
            <line>
              <![CDATA[<b>Getting Additional Discount- Vehicle value is  =0.00</b> <br />]]>
            </line>
            <line>
              <![CDATA[<b>Getting  Additional Discount - paint value is  =0.00</b> <br />]]>
            </line>
            <line>
              <![CDATA[<b>Getting  Additional Discount - Options value is  =0.00</b> <br />]]>
            </line>
            <line>
              <![CDATA[<b>Writing OTR table values to excel sheet -Started </b> <br />]]>
            </line>
            <line>
              <![CDATA[<b>Writing OTR table values to excel sheet -Completed </b> <br />]]>
            </line>
            <line>
              <![CDATA[<b>Reading Subtotal After Discount from excel sheet -Started </b> <br />]]>
            </line>
            <line>
              <![CDATA[<b>Reading Subtotal After Discount from excel sheet -Started </b> <br />]]>
            </line>
            <line>
              <![CDATA[<b>Subtotal After Discount from excel sheet is =16745.0</b> <br />]]>
            </line>
            <line>
              <![CDATA[<b>Subtotal after discount actual value from screen =£ 16,745.00</b> <br />]]>
            </line>
            <line>
              <![CDATA[<b>****************************************************************</b> <br />]]>
            </line>
            <line>
              <![CDATA[<b>**********Assertion Passed For Subtotal After Discount**********</b> <br />]]>
            </line>
            <line>
              <![CDATA[<b>****************************************************************</b> <br />]]>
            </line>
          </reporter-output>
        </test-method> <!-- aquisition_quotes_BCH_BCH_OTR_calculation_with_maintenance_test -->
        <test-method signature="aquisition_quotes_BCH_BCH_after_discount_calculations_with_maintenance_test(java.lang.String,java.lang.String,java.lang.String,java.lang.String,java.lang.String,java.lang.String,java.lang.String,java.lang.String,java.lang.String,java.lang.String,java.lang.String,java.lang.String,java.lang.String,java.lang.String,java.lang.String,java.lang.String,java.lang.String,java.lang.String,java.lang.String,java.lang.String,java.lang.String,java.lang.String,java.lang.String,java.lang.String,java.lang.String,java.lang.String,java.lang.String)[pri:2, instance:newLCV.BCH.Acquisition_Quotes_BCH_BCH_LCV_with_maintenance_Test@15bb5034]" started-at="2023-07-11T12:27:33 IST" name="aquisition_quotes_BCH_BCH_after_discount_calculations_with_maintenance_test" data-provider="testData" finished-at="2023-07-11T12:27:38 IST" depends-on-methods="newLCV.BCH.Acquisition_Quotes_BCH_BCH_LCV_with_maintenance_Test.aquisition_quotes_BCH_BCH_OTR_calculation_with_maintenance_test" duration-ms="4945" status="PASS">
          <params>
            <param index="0">
              <value>
                <![CDATA[FIAT]]>
              </value>
            </param>
            <param index="1">
              <value>
                <![CDATA[FIORINO]]>
              </value>
            </param>
            <param index="2">
              <value>
                <![CDATA[1]]>
              </value>
            </param>
            <param index="3">
              <value>
                <![CDATA[05/12/24]]>
              </value>
            </param>
            <param index="4">
              <value>
                <![CDATA[12]]>
              </value>
            </param>
            <param index="5">
              <value>
                <![CDATA[5000]]>
              </value>
            </param>
            <param index="6">
              <value>
                <![CDATA[500]]>
              </value>
            </param>
            <param index="7">
              <value>
                <![CDATA[50]]>
              </value>
            </param>
            <param index="8">
              <value>
                <![CDATA[12]]>
              </value>
            </param>
            <param index="9">
              <value>
                <![CDATA[1]]>
              </value>
            </param>
            <param index="10">
              <value>
                <![CDATA[1]]>
              </value>
            </param>
            <param index="11">
              <value>
                <![CDATA[10000]]>
              </value>
            </param>
            <param index="12">
              <value>
                <![CDATA[6000]]>
              </value>
            </param>
            <param index="13">
              <value>
                <![CDATA[2000]]>
              </value>
            </param>
            <param index="14">
              <value>
                <![CDATA[1000]]>
              </value>
            </param>
            <param index="15">
              <value>
                <![CDATA[199.99]]>
              </value>
            </param>
            <param index="16">
              <value>
                <![CDATA[500]]>
              </value>
            </param>
            <param index="17">
              <value>
                <![CDATA[200]]>
              </value>
            </param>
            <param index="18">
              <value>
                <![CDATA[200]]>
              </value>
            </param>
            <param index="19">
              <value>
                <![CDATA[22]]>
              </value>
            </param>
            <param index="20">
              <value>
                <![CDATA[22000]]>
              </value>
            </param>
            <param index="21">
              <value>
                <![CDATA[YES]]>
              </value>
            </param>
            <param index="22">
              <value>
                <![CDATA[20]]>
              </value>
            </param>
            <param index="23">
              <value>
                <![CDATA[200]]>
              </value>
            </param>
            <param index="24">
              <value>
                <![CDATA[YES]]>
              </value>
            </param>
            <param index="25">
              <value>
                <![CDATA[0]]>
              </value>
            </param>
            <param index="26">
              <value>
                <![CDATA[BCH (Formula 3) - BCH]]>
              </value>
            </param>
          </params>
          <reporter-output>
            <line>
              <![CDATA[<b>*********Calculations for On Road Price has been started***********</b> <br />]]>
            </line>
            <line>
              <![CDATA[<b>Started getting On screen values from after discount table </b> <br />]]>
            </line>
            <line>
              <![CDATA[<b>Manufacture_delivery_charges =695.0</b> <br />]]>
            </line>
            <line>
              <![CDATA[<b>Road_tax_first_year =275.0</b> <br />]]>
            </line>
            <line>
              <![CDATA[<b>First_registration_fee =55.0</b> <br />]]>
            </line>
            <line>
              <![CDATA[<b>Rebate =0.0</b> <br />]]>
            </line>
            <line>
              <![CDATA[<b>Writing After discount values to excel has been started</b> <br />]]>
            </line>
            <line>
              <![CDATA[<b>Writing After discount values to excel has been completed</b> <br />]]>
            </line>
            <line>
              <![CDATA[<b>Reading On Road Price for invoice from excel has been Started</b> <br />]]>
            </line>
            <line>
              <![CDATA[<b>Reading On Road Price for invoice from excel has been completed</b> <br />]]>
            </line>
            <line>
              <![CDATA[<b>Expected on the road price from excel is =21258.0</b> <br />]]>
            </line>
            <line>
              <![CDATA[<b>Actual on the road price from screen is =21258.00</b> <br />]]>
            </line>
            <line>
              <![CDATA[<b>****************************************************************</b> <br />]]>
            </line>
            <line>
              <![CDATA[<b>*****************Assertion Passed For OTR Price*****************</b> <br />]]>
            </line>
            <line>
              <![CDATA[<b>****************************************************************</b> <br />]]>
            </line>
          </reporter-output>
        </test-method> <!-- aquisition_quotes_BCH_BCH_after_discount_calculations_with_maintenance_test -->
        <test-method signature="aquisition_quotes_BCH_BCH_holding_cost_calculations_with_maintenance_test(java.lang.String,java.lang.String,java.lang.String,java.lang.String,java.lang.String,java.lang.String,java.lang.String,java.lang.String,java.lang.String,java.lang.String,java.lang.String,java.lang.String,java.lang.String,java.lang.String,java.lang.String,java.lang.String,java.lang.String,java.lang.String,java.lang.String,java.lang.String,java.lang.String,java.lang.String,java.lang.String,java.lang.String,java.lang.String,java.lang.String,java.lang.String)[pri:3, instance:newLCV.BCH.Acquisition_Quotes_BCH_BCH_LCV_with_maintenance_Test@15bb5034]" started-at="2023-07-11T12:27:39 IST" name="aquisition_quotes_BCH_BCH_holding_cost_calculations_with_maintenance_test" data-provider="testData" finished-at="2023-07-11T12:28:07 IST" depends-on-methods="newLCV.BCH.Acquisition_Quotes_BCH_BCH_LCV_with_maintenance_Test.aquisition_quotes_BCH_BCH_after_discount_calculations_with_maintenance_test" duration-ms="28886" status="PASS">
          <params>
            <param index="0">
              <value>
                <![CDATA[FIAT]]>
              </value>
            </param>
            <param index="1">
              <value>
                <![CDATA[FIORINO]]>
              </value>
            </param>
            <param index="2">
              <value>
                <![CDATA[1]]>
              </value>
            </param>
            <param index="3">
              <value>
                <![CDATA[05/12/24]]>
              </value>
            </param>
            <param index="4">
              <value>
                <![CDATA[12]]>
              </value>
            </param>
            <param index="5">
              <value>
                <![CDATA[5000]]>
              </value>
            </param>
            <param index="6">
              <value>
                <![CDATA[500]]>
              </value>
            </param>
            <param index="7">
              <value>
                <![CDATA[50]]>
              </value>
            </param>
            <param index="8">
              <value>
                <![CDATA[12]]>
              </value>
            </param>
            <param index="9">
              <value>
                <![CDATA[1]]>
              </value>
            </param>
            <param index="10">
              <value>
                <![CDATA[1]]>
              </value>
            </param>
            <param index="11">
              <value>
                <![CDATA[10000]]>
              </value>
            </param>
            <param index="12">
              <value>
                <![CDATA[6000]]>
              </value>
            </param>
            <param index="13">
              <value>
                <![CDATA[2000]]>
              </value>
            </param>
            <param index="14">
              <value>
                <![CDATA[1000]]>
              </value>
            </param>
            <param index="15">
              <value>
                <![CDATA[199.99]]>
              </value>
            </param>
            <param index="16">
              <value>
                <![CDATA[500]]>
              </value>
            </param>
            <param index="17">
              <value>
                <![CDATA[200]]>
              </value>
            </param>
            <param index="18">
              <value>
                <![CDATA[200]]>
              </value>
            </param>
            <param index="19">
              <value>
                <![CDATA[22]]>
              </value>
            </param>
            <param index="20">
              <value>
                <![CDATA[22000]]>
              </value>
            </param>
            <param index="21">
              <value>
                <![CDATA[YES]]>
              </value>
            </param>
            <param index="22">
              <value>
                <![CDATA[20]]>
              </value>
            </param>
            <param index="23">
              <value>
                <![CDATA[200]]>
              </value>
            </param>
            <param index="24">
              <value>
                <![CDATA[YES]]>
              </value>
            </param>
            <param index="25">
              <value>
                <![CDATA[0]]>
              </value>
            </param>
            <param index="26">
              <value>
                <![CDATA[BCH (Formula 3) - BCH]]>
              </value>
            </param>
          </params>
          <reporter-output>
            <line>
              <![CDATA[<b>***********Entered in holding cost page ***********</b> <br />]]>
            </line>
            <line>
              <![CDATA[<b>Funder added successfully</b> <br />]]>
            </line>
            <line>
              <![CDATA[<b>Holding cost verified successfully</b> <br />]]>
            </line>
            <line>
              <![CDATA[<b>****************************************************************</b> <br />]]>
            </line>
            <line>
              <![CDATA[<b>***************Assertion Passed For Holding Cost****************</b> <br />]]>
            </line>
            <line>
              <![CDATA[<b>****************************************************************</b> <br />]]>
            </line>
          </reporter-output>
        </test-method> <!-- aquisition_quotes_BCH_BCH_holding_cost_calculations_with_maintenance_test -->
        <test-method signature="aquisition_quotes_BCH_BCH_customer_quote_payment_profile_calculations_with_maintenance_test(java.lang.String,java.lang.String,java.lang.String,java.lang.String,java.lang.String,java.lang.String,java.lang.String,java.lang.String,java.lang.String,java.lang.String,java.lang.String,java.lang.String,java.lang.String,java.lang.String,java.lang.String,java.lang.String,java.lang.String,java.lang.String,java.lang.String,java.lang.String,java.lang.String,java.lang.String,java.lang.String,java.lang.String,java.lang.String,java.lang.String,java.lang.String)[pri:4, instance:newLCV.BCH.Acquisition_Quotes_BCH_BCH_LCV_with_maintenance_Test@15bb5034]" started-at="2023-07-11T12:28:08 IST" name="aquisition_quotes_BCH_BCH_customer_quote_payment_profile_calculations_with_maintenance_test" data-provider="testData" finished-at="2023-07-11T12:32:35 IST" depends-on-methods="newLCV.BCH.Acquisition_Quotes_BCH_BCH_LCV_with_maintenance_Test.aquisition_quotes_BCH_BCH_holding_cost_calculations_with_maintenance_test" duration-ms="267764" status="PASS">
          <params>
            <param index="0">
              <value>
                <![CDATA[FIAT]]>
              </value>
            </param>
            <param index="1">
              <value>
                <![CDATA[FIORINO]]>
              </value>
            </param>
            <param index="2">
              <value>
                <![CDATA[1]]>
              </value>
            </param>
            <param index="3">
              <value>
                <![CDATA[05/12/24]]>
              </value>
            </param>
            <param index="4">
              <value>
                <![CDATA[12]]>
              </value>
            </param>
            <param index="5">
              <value>
                <![CDATA[5000]]>
              </value>
            </param>
            <param index="6">
              <value>
                <![CDATA[500]]>
              </value>
            </param>
            <param index="7">
              <value>
                <![CDATA[50]]>
              </value>
            </param>
            <param index="8">
              <value>
                <![CDATA[12]]>
              </value>
            </param>
            <param index="9">
              <value>
                <![CDATA[1]]>
              </value>
            </param>
            <param index="10">
              <value>
                <![CDATA[1]]>
              </value>
            </param>
            <param index="11">
              <value>
                <![CDATA[10000]]>
              </value>
            </param>
            <param index="12">
              <value>
                <![CDATA[6000]]>
              </value>
            </param>
            <param index="13">
              <value>
                <![CDATA[2000]]>
              </value>
            </param>
            <param index="14">
              <value>
                <![CDATA[1000]]>
              </value>
            </param>
            <param index="15">
              <value>
                <![CDATA[199.99]]>
              </value>
            </param>
            <param index="16">
              <value>
                <![CDATA[500]]>
              </value>
            </param>
            <param index="17">
              <value>
                <![CDATA[200]]>
              </value>
            </param>
            <param index="18">
              <value>
                <![CDATA[200]]>
              </value>
            </param>
            <param index="19">
              <value>
                <![CDATA[22]]>
              </value>
            </param>
            <param index="20">
              <value>
                <![CDATA[22000]]>
              </value>
            </param>
            <param index="21">
              <value>
                <![CDATA[YES]]>
              </value>
            </param>
            <param index="22">
              <value>
                <![CDATA[20]]>
              </value>
            </param>
            <param index="23">
              <value>
                <![CDATA[200]]>
              </value>
            </param>
            <param index="24">
              <value>
                <![CDATA[YES]]>
              </value>
            </param>
            <param index="25">
              <value>
                <![CDATA[0]]>
              </value>
            </param>
            <param index="26">
              <value>
                <![CDATA[BCH (Formula 3) - BCH]]>
              </value>
            </param>
          </params>
          <reporter-output>
            <line>
              <![CDATA[<b>Writing configuration values from property file to Excel for customer quote calculation -started</b> <br />]]>
            </line>
            <line>
              <![CDATA[<b>Writing configuration values from property file to Excel for customer quote calculation -completed</b> <br />]]>
            </line>
            <line>
              <![CDATA[<b>************Calculations for Customer Quote Page has been started***********</b> <br />]]>
            </line>
            <line>
              <![CDATA[<b>Payment Profile Monthly in Advance option has been selected</b> <br />]]>
            </line>
            <line>
              <![CDATA[<b>Writing values to Excel for customer quote calculation -started</b> <br />]]>
            </line>
            <line>
              <![CDATA[<b>Writing values to Excel for customer quote calculation -completed</b> <br />]]>
            </line>
            <line>
              <![CDATA[<b>Reading  Monthly Finance Rental and monthly maintenance cost from  Excel   -started</b> <br />]]>
            </line>
            <line>
              <![CDATA[<b>Reading  Monthly Finance Rental and monthly maintenance cost from  Excel  -completed</b> <br />]]>
            </line>
            <line>
              <![CDATA[<b>Monthly Finance Rental from Excel is =683.8241226300925</b> <br />]]>
            </line>
            <line>
              <![CDATA[<b>Monthly maintenance Rental from Excel is =60.0</b> <br />]]>
            </line>
            <line>
              <![CDATA[<b>Monthly Finance Rental from screen is =683.82</b> <br />]]>
            </line>
            <line>
              <![CDATA[<b>Monthly maintenance Rental from screen is =60.0</b> <br />]]>
            </line>
            <line>
              <![CDATA[<b>****************************************************************</b> <br />]]>
            </line>
            <line>
              <![CDATA[<b>***********Assertion Passed For Monthly Finance Rental***********</b> <br />]]>
            </line>
            <line>
              <![CDATA[<b>****************************************************************</b> <br />]]>
            </line>
            <line>
              <![CDATA[<b>Monthly Finance Rental from screen (after submitting upsell values) is 721.17</b> <br />]]>
            </line>
            <line>
              <![CDATA[<b>Monthly Mainte. Rental from screen ((after submitting upsell values) is 60.0</b> <br />]]>
            </line>
            <line>
              <![CDATA[<b>Writing upsell values to excel</b> <br />]]>
            </line>
            <line>
              <![CDATA[<b>Monthly Finance Rental from Excel (after submitting upsell values) is 721.1749062495334</b> <br />]]>
            </line>
            <line>
              <![CDATA[<b>Monthly Mainte. Rental from Excel ((after submitting upsell values) is 60.0</b> <br />]]>
            </line>
            <line>
              <![CDATA[<b>Monthly finance and maint. rental (after submitting upsell values) is found OK</b> <br />]]>
            </line>
            <line>
              <![CDATA[<b>***********Assertion Passed For Monthly Finance Rental on adding upsell values***********</b> <br />]]>
            </line>
            <line>
              <![CDATA[<b>****************************************************************</b> <br />]]>
            </line>
            <line>
              <![CDATA[<b>Clicked on Part Exchange panel</b> <br />]]>
            </line>
            <line>
              <![CDATA[<b>Monthly Finance Rental from screen (part exchange values) is 721.17</b> <br />]]>
            </line>
            <line>
              <![CDATA[<b>Monthly Mainte. Rental from screen (part exchange values) is 60.0</b> <br />]]>
            </line>
            <line>
              <![CDATA[<b>Writing part exchange values to excel</b> <br />]]>
            </line>
            <line>
              <![CDATA[<b>Monthly finance and maint. rental part exchange values) is found OK</b> <br />]]>
            </line>
            <line>
              <![CDATA[<b>*****Assertion Passed For Monthly Finance And Maint. Rental*****</b> <br />]]>
            </line>
            <line>
              <![CDATA[<b>****************************************************************</b> <br />]]>
            </line>
            <line>
              <![CDATA[<b>Started verifying Balance Due value</b> <br />]]>
            </line>
            <line>
              <![CDATA[<b>Balance due value (with part exchange values) is verified and found ok</b> <br />]]>
            </line>
            <line>
              <![CDATA[<b>*************Assertion Passed For Balance Due Value*************</b> <br />]]>
            </line>
            <line>
              <![CDATA[<b>****************************************************************</b> <br />]]>
            </line>
            <line>
              <![CDATA[<b>Monthly Finance Rental from screen (after updating customer quote summary upsell value) is 739.85</b> <br />]]>
            </line>
            <line>
              <![CDATA[<b>Monthly Mainte. Rental from screen (after updating customer quote summary upsell value) is 60.0</b> <br />]]>
            </line>
            <line>
              <![CDATA[<b>Writing upsell values to excel</b> <br />]]>
            </line>
            <line>
              <![CDATA[<b>Monthly Finance Rental from Excel (after updating customer quote summary upsell value) is 739.8502980592533</b> <br />]]>
            </line>
            <line>
              <![CDATA[<b>Monthly Mainte. Rental from Excel (after updating customer quote summary upsell value) is 60.0</b> <br />]]>
            </line>
            <line>
              <![CDATA[<b>Monthly finance and maint. rental (after updating customer quote summary upsell value) is found OK</b> <br />]]>
            </line>
            <line>
              <![CDATA[<b>***********Assertion Passed For Monthly Finance Rental on updating upsell values***********</b> <br />]]>
            </line>
            <line>
              <![CDATA[<b>****************************************************************</b> <br />]]>
            </line>
            <line>
              <![CDATA[<b>Calculations with different payment profiles for customer quote has been started</b> <br />]]>
            </line>
            <line>
              <![CDATA[<b>Calculations with different payment profiles for customer quote has been ended</b> <br />]]>
            </line>
            <line>
              <![CDATA[<b>Assertion Passed For Monthly Finance Rental For All Payment Profiles</b> <br />]]>
            </line>
            <line>
              <![CDATA[<b>****************************************************************</b> <br />]]>
            </line>
          </reporter-output>
        </test-method> <!-- aquisition_quotes_BCH_BCH_customer_quote_payment_profile_calculations_with_maintenance_test -->
        <test-method signature="aquisition_quotes_BCH_BCH_quote_summary_values_verification_with_maintenance_test(java.lang.String,java.lang.String,java.lang.String,java.lang.String,java.lang.String,java.lang.String,java.lang.String,java.lang.String,java.lang.String,java.lang.String,java.lang.String,java.lang.String,java.lang.String,java.lang.String,java.lang.String,java.lang.String,java.lang.String,java.lang.String,java.lang.String,java.lang.String,java.lang.String,java.lang.String,java.lang.String,java.lang.String,java.lang.String,java.lang.String,java.lang.String)[pri:5, instance:newLCV.BCH.Acquisition_Quotes_BCH_BCH_LCV_with_maintenance_Test@15bb5034]" started-at="2023-07-11T12:32:36 IST" name="aquisition_quotes_BCH_BCH_quote_summary_values_verification_with_maintenance_test" data-provider="testData" finished-at="2023-07-11T12:33:36 IST" depends-on-methods="newLCV.BCH.Acquisition_Quotes_BCH_BCH_LCV_with_maintenance_Test.aquisition_quotes_BCH_BCH_customer_quote_payment_profile_calculations_with_maintenance_test" duration-ms="59765" status="FAIL">
          <params>
            <param index="0">
              <value>
                <![CDATA[FIAT]]>
              </value>
            </param>
            <param index="1">
              <value>
                <![CDATA[FIORINO]]>
              </value>
            </param>
            <param index="2">
              <value>
                <![CDATA[1]]>
              </value>
            </param>
            <param index="3">
              <value>
                <![CDATA[05/12/24]]>
              </value>
            </param>
            <param index="4">
              <value>
                <![CDATA[12]]>
              </value>
            </param>
            <param index="5">
              <value>
                <![CDATA[5000]]>
              </value>
            </param>
            <param index="6">
              <value>
                <![CDATA[500]]>
              </value>
            </param>
            <param index="7">
              <value>
                <![CDATA[50]]>
              </value>
            </param>
            <param index="8">
              <value>
                <![CDATA[12]]>
              </value>
            </param>
            <param index="9">
              <value>
                <![CDATA[1]]>
              </value>
            </param>
            <param index="10">
              <value>
                <![CDATA[1]]>
              </value>
            </param>
            <param index="11">
              <value>
                <![CDATA[10000]]>
              </value>
            </param>
            <param index="12">
              <value>
                <![CDATA[6000]]>
              </value>
            </param>
            <param index="13">
              <value>
                <![CDATA[2000]]>
              </value>
            </param>
            <param index="14">
              <value>
                <![CDATA[1000]]>
              </value>
            </param>
            <param index="15">
              <value>
                <![CDATA[199.99]]>
              </value>
            </param>
            <param index="16">
              <value>
                <![CDATA[500]]>
              </value>
            </param>
            <param index="17">
              <value>
                <![CDATA[200]]>
              </value>
            </param>
            <param index="18">
              <value>
                <![CDATA[200]]>
              </value>
            </param>
            <param index="19">
              <value>
                <![CDATA[22]]>
              </value>
            </param>
            <param index="20">
              <value>
                <![CDATA[22000]]>
              </value>
            </param>
            <param index="21">
              <value>
                <![CDATA[YES]]>
              </value>
            </param>
            <param index="22">
              <value>
                <![CDATA[20]]>
              </value>
            </param>
            <param index="23">
              <value>
                <![CDATA[200]]>
              </value>
            </param>
            <param index="24">
              <value>
                <![CDATA[YES]]>
              </value>
            </param>
            <param index="25">
              <value>
                <![CDATA[0]]>
              </value>
            </param>
            <param index="26">
              <value>
                <![CDATA[BCH (Formula 3) - BCH]]>
              </value>
            </param>
          </params>
          <exception class="java.lang.AssertionError">
            <message>
              <![CDATA[expected [true] but found [false]]]>
            </message>
            <full-stacktrace>
              <![CDATA[java.lang.AssertionError: expected [true] but found [false]
at org.testng.Assert.fail(Assert.java:99)
at org.testng.Assert.failNotEquals(Assert.java:1037)
at org.testng.Assert.assertTrue(Assert.java:45)
at org.testng.Assert.assertTrue(Assert.java:55)
at newLCV.BCH.Acquisition_Quotes_BCH_BCH_LCV_with_maintenance_Test.aquisition_quotes_BCH_BCH_quote_summary_values_verification_with_maintenance_test(Acquisition_Quotes_BCH_BCH_LCV_with_maintenance_Test.java:239)
at java.base/jdk.internal.reflect.DirectMethodHandleAccessor.invoke(DirectMethodHandleAccessor.java:104)
at java.base/java.lang.reflect.Method.invoke(Method.java:578)
at org.testng.internal.MethodInvocationHelper.invokeMethod(MethodInvocationHelper.java:133)
at org.testng.internal.TestInvoker.invokeMethod(TestInvoker.java:598)
at org.testng.internal.TestInvoker.invokeTestMethod(TestInvoker.java:173)
at org.testng.internal.MethodRunner.runInSequence(MethodRunner.java:46)
at org.testng.internal.TestInvoker$MethodInvocationAgent.invoke(TestInvoker.java:824)
at org.testng.internal.TestInvoker.invokeTestMethods(TestInvoker.java:146)
at org.testng.internal.TestMethodWorker.invokeTestMethods(TestMethodWorker.java:146)
at org.testng.internal.TestMethodWorker.run(TestMethodWorker.java:128)
at java.base/java.util.ArrayList.forEach(ArrayList.java:1511)
at org.testng.TestRunner.privateRun(TestRunner.java:794)
at org.testng.TestRunner.run(TestRunner.java:596)
at org.testng.SuiteRunner.runTest(SuiteRunner.java:377)
at org.testng.SuiteRunner.runSequentially(SuiteRunner.java:371)
at org.testng.SuiteRunner.privateRun(SuiteRunner.java:332)
at org.testng.SuiteRunner.run(SuiteRunner.java:276)
at org.testng.SuiteRunnerWorker.runSuite(SuiteRunnerWorker.java:53)
at org.testng.SuiteRunnerWorker.run(SuiteRunnerWorker.java:96)
at org.testng.TestNG.runSuitesSequentially(TestNG.java:1212)
at org.testng.TestNG.runSuitesLocally(TestNG.java:1134)
at org.testng.TestNG.runSuites(TestNG.java:1063)
at org.testng.TestNG.run(TestNG.java:1031)
at org.testng.remote.AbstractRemoteTestNG.run(AbstractRemoteTestNG.java:115)
at org.testng.remote.RemoteTestNG.initAndRun(RemoteTestNG.java:251)
at org.testng.remote.RemoteTestNG.main(RemoteTestNG.java:77)
]]>
            </full-stacktrace>
          </exception> <!-- java.lang.AssertionError -->
          <reporter-output>
            <line>
              <![CDATA[<b>*************OTR Calulation on quote summary page has been started************</b> <br />]]>
            </line>
            <line>
              <![CDATA[<b>Reading values from OTR calculation -Quote Summary Page</b> <br />]]>
            </line>
            <line>
              <![CDATA[<b>OTR_calculation_cost_otr_price_from_screen =21258.0</b> <br />]]>
            </line>
            <line>
              <![CDATA[<b>OTR_calculation_cost_price_ex_vat_and_rfl_from_screen =17440.0</b> <br />]]>
            </line>
            <line>
              <![CDATA[<b>OTR_calculation_otr_vat_from_screen =3488.0</b> <br />]]>
            </line>
            <line>
              <![CDATA[<b>OTR_calculation_otr_rfl_and_frf_from_screen =330.0</b> <br />]]>
            </line>
            <line>
              <![CDATA[<b>OTR price compared</b> <br />]]>
            </line>
            <line>
              <![CDATA[<b>Cost price ex vat and rfl compared</b> <br />]]>
            </line>
            <line>
              <![CDATA[<b>VAT compared</b> <br />]]>
            </line>
            <line>
              <![CDATA[<b>RFL & FRF compared</b> <br />]]>
            </line>
            <line>
              <![CDATA[<b>*************Holding Cost Calulation on quote summary page has been started************</b> <br />]]>
            </line>
            <line>
              <![CDATA[<b>Reading values from Holding Cost summary -Quote Summary Page</b> <br />]]>
            </line>
            <line>
              <![CDATA[<b>holding_cost_terms_from_screen12.0</b> <br />]]>
            </line>
            <line>
              <![CDATA[<b>holding_cost_miles_per_annum_from_screen5000.0</b> <br />]]>
            </line>
            <line>
              <![CDATA[<b>holding_cost_monthly_finance_cost_from_screen501.0</b> <br />]]>
            </line>
            <line>
              <![CDATA[<b>holding_cost_monthly_maint_cost_used_from_screen50.0</b> <br />]]>
            </line>
            <line>
              <![CDATA[<b>holding_cost_CAP_monthly_maint_cost_from_screen0.0</b> <br />]]>
            </line>
            <line>
              <![CDATA[<b>holding_cost_total_monthly_holding_cost_from_screen =551.0</b> <br />]]>
            </line>
            <line>
              <![CDATA[<b>terms compared</b> <br />]]>
            </line>
            <line>
              <![CDATA[<b>Miles per annum compared</b> <br />]]>
            </line>
            <line>
              <![CDATA[<b>Finance cost compared</b> <br />]]>
            </line>
            <line>
              <![CDATA[<b>Maint cost used  compared</b> <br />]]>
            </line>
            <line>
              <![CDATA[<b>Total Monthly Holding Cost compared</b> <br />]]>
            </line>
            <line>
              <![CDATA[<b>*************Customer Quote Calulation on quote summary page has been started************</b> <br />]]>
            </line>
            <line>
              <![CDATA[<b>Terms found OK</b> <br />]]>
            </line>
            <line>
              <![CDATA[<b>miles found OK</b> <br />]]>
            </line>
            <line>
              <![CDATA[<b>Monthly Finance Rental found OK</b> <br />]]>
            </line>
            <line>
              <![CDATA[<b>Monthly Maintenance Rental found OK</b> <br />]]>
            </line>
            <line>
              <![CDATA[<b>Initial Finance Rental found OK</b> <br />]]>
            </line>
            <line>
              <![CDATA[<b>Initial Maint Rental found OK</b> <br />]]>
            </line>
            <line>
              <![CDATA[<b>Initial Total Rental found OK</b> <br />]]>
            </line>
            <line>
              <![CDATA[<b>Part Exchange Value - found OK</b> <br />]]>
            </line>
            <line>
              <![CDATA[<b>Followed By months - found OK</b> <br />]]>
            </line>
            <line>
              <![CDATA[<b>Pence per excess mile finance - found OK</b> <br />]]>
            </line>
            <line>
              <![CDATA[<b>Pence per excess mile Maintenance - found OK</b> <br />]]>
            </line>
            <line>
              <![CDATA[<b>Pence per excess mile total - found OK</b> <br />]]>
            </line>
            <line>
              <![CDATA[<b>Document Fee - found OK</b> <br />]]>
            </line>
            <line>
              <![CDATA[<b>Upsell - found OK</b> <br />]]>
            </line>
            <line>
              <![CDATA[<b>Default Finance Commission - found wrong</b> <br />]]>
            </line>
            <line>
              <![CDATA[<b>Upsell Commission - found OK</b> <br />]]>
            </line>
            <line>
              <![CDATA[<b>Maintenance Commission - found OK</b> <br />]]>
            </line>
            <line>
              <![CDATA[<b>Document Fee Commission - found OK</b> <br />]]>
            </line>
            <line>
              <![CDATA[<b>Total Commission - found wrong</b> <br />]]>
            </line>
            <line>
              <![CDATA[<b>Referrer Commission - found OK</b> <br />]]>
            </line>
            <line>
              <![CDATA[<br>----------Screenshot---------<br>]]>
            </line>
            <line>
              <![CDATA[<img src="D:\Acquisition\AMT_Automation_Acquisition\target\surefire-reports\html\failure_screenshots\aquisition_quotes_BCH_BCH_quote_summary_values_verification_with_maintenance_test_11_07_2023_12_33_36.png" height="800" width="1000">]]>
            </line>
          </reporter-output>
        </test-method> <!-- aquisition_quotes_BCH_BCH_quote_summary_values_verification_with_maintenance_test -->
        <test-method is-config="true" signature="tearDown()[pri:0, instance:newLCV.BCH.Acquisition_Quotes_BCH_BCH_LCV_with_maintenance_Test@15bb5034]" started-at="2023-07-11T12:33:36 IST" name="tearDown" finished-at="2023-07-11T12:33:36 IST" duration-ms="201" status="PASS">
          <reporter-output>
          </reporter-output>
        </test-method> <!-- tearDown -->
        <test-method is-config="true" signature="end()[pri:0, instance:newLCV.BCH.Acquisition_Quotes_BCH_BCH_LCV_with_maintenance_Test@15bb5034]" started-at="2023-07-11T12:33:36 IST" name="end" finished-at="2023-07-11T12:33:36 IST" duration-ms="1" status="PASS">
          <reporter-output>
          </reporter-output>
        </test-method> <!-- end -->
      </class> <!-- newLCV.BCH.Acquisition_Quotes_BCH_BCH_LCV_with_maintenance_Test -->
    </test> <!-- Default test -->
  </suite> <!-- Default suite -->
</testng-results>
