<?xml version="1.0" encoding="UTF-8"?>
<testng-results ignored="0" total="5" passed="3" failed="1" skipped="1">
  <reporter-output>
    <line>
      <![CDATA[<b>Clicked on Quote button </b> <br />]]>
    </line>
    <line>
      <![CDATA[<b>Selecting used vehicle with registration no. = GY19XAG and mileage = 1000</b> <br />]]>
    </line>
    <line>
      <![CDATA[<b>Vehicle selected</b> <br />]]>
    </line>
    <line>
      <![CDATA[<b>Paint option has been selected</b> <br />]]>
    </line>
    <line>
      <![CDATA[<b>Interior option has been selected</b> <br />]]>
    </line>
    <line>
      <![CDATA[<b>Acquisition Contract type option selected = Broker </b> <br />]]>
    </line>
    <line>
      <![CDATA[<b>Customer Contract type option selected = Contrct Purchase (CP)</b> <br />]]>
    </line>
    <line>
      <![CDATA[<b>Cost Price ex VAT and RFL from screen is 24458.33</b> <br />]]>
    </line>
    <line>
      <![CDATA[<b>VAT from screen is 4891.67</b> <br />]]>
    </line>
    <line>
      <![CDATA[<b>Cost Price ex VAT and RFL calculated is 24458.33</b> <br />]]>
    </line>
    <line>
      <![CDATA[<b>Cost Price ex VAT and RFL verified and found OK</b> <br />]]>
    </line>
    <line>
      <![CDATA[<b>Vehicle profit from test data 1200.0 added to otr cost price 29350.0</b> <br />]]>
    </line>
    <line>
      <![CDATA[<b>After adding profit to cost price 29350.0 sales price is shown as (considering VAT%) 30790.0</b> <br />]]>
    </line>
    <line>
      <![CDATA[<b>Vehicle profit verified</b> <br />]]>
    </line>
    <line>
      <![CDATA[<b></b> <br />]]>
    </line>
    <line>
      <![CDATA[<b>Verifying Vehicle profit and Total Monthly Payment on editing Vehicle Sales Price</b> <br />]]>
    </line>
    <line>
      <![CDATA[<b>Sending 35220.0 to sales total input field</b> <br />]]>
    </line>
    <line>
      <![CDATA[<b>Vehicle profit verified on editing Vehicle Sales Price</b> <br />]]>
    </line>
    <line>
      <![CDATA[<b></b> <br />]]>
    </line>
    <line>
      <![CDATA[<b>Adding Funder Quote Values to Screen</b> <br />]]>
    </line>
    <line>
      <![CDATA[<b>Funder quote added successfully</b> <br />]]>
    </line>
    <line>
      <![CDATA[<b></b> <br />]]>
    </line>
    <line>
      <![CDATA[<b>Entering Part Exchange Values to screen</b> <br />]]>
    </line>
    <line>
      <![CDATA[<b>Clicked on Part Exchange panel</b> <br />]]>
    </line>
    <line>
      <![CDATA[<b></b> <br />]]>
    </line>
    <line>
      <![CDATA[<b>Started verifying Balance To Finance</b> <br />]]>
    </line>
    <line>
      <![CDATA[<b>Balance To Finance Expected is =33720.0</b> <br />]]>
    </line>
    <line>
      <![CDATA[<b>Balance To Finance Actual From Screen is =35220.0</b> <br />]]>
    </line>
    <line>
      <![CDATA[<b>xxx -Please check Balance to finance value from customer quote summary</b> <br />]]>
    </line>
    <line>
      <![CDATA[<br>----------Screenshot---------<br>]]>
    </line>
    <line>
      <![CDATA[<img src="D:\StagingNew\AMT_Automation\target\surefire-reports\html\failure_screenshots\aquisition_quotes_user_flow_broker_CP_balance_to_finance_check_with_maintenance_test_26_04_2023_11_12_08.png" height="800" width="1000">]]>
    </line>
  </reporter-output>
  <suite started-at="2023-04-26T11:10:24 IST" name="Default suite" finished-at="2023-04-26T11:12:08 IST" duration-ms="104181">
    <groups>
    </groups>
    <test started-at="2023-04-26T11:10:24 IST" name="Default test" finished-at="2023-04-26T11:12:08 IST" duration-ms="104181">
      <class name="usedCar.BROKER.Acquisition_Quotes_Broker_CP_used_car_with_maintenance_Test">
        <test-method is-config="true" signature="setup()[pri:0, instance:usedCar.BROKER.Acquisition_Quotes_Broker_CP_used_car_with_maintenance_Test@38cee291]" started-at="2023-04-26T11:10:24 IST" name="setup" finished-at="2023-04-26T11:10:39 IST" duration-ms="14860" status="PASS">
          <reporter-output>
          </reporter-output>
        </test-method> <!-- setup -->
        <test-method signature="aquisition_quotes_user_flow_broker_CP_OTR_calculation_with_maintenance_test(java.lang.String,java.lang.String,java.lang.String,java.lang.String,java.lang.String,java.lang.String,java.lang.String,java.lang.String,java.lang.String,java.lang.String,java.lang.String,java.lang.String,java.lang.String,java.lang.String,java.lang.String,java.lang.String,java.lang.String,java.lang.String,java.lang.String,java.lang.String,java.lang.String,java.lang.String,java.lang.String,java.lang.String,java.lang.String,java.lang.String)[pri:1, instance:usedCar.BROKER.Acquisition_Quotes_Broker_CP_used_car_with_maintenance_Test@38cee291]" started-at="2023-04-26T11:10:40 IST" name="aquisition_quotes_user_flow_broker_CP_OTR_calculation_with_maintenance_test" data-provider="testData" finished-at="2023-04-26T11:11:26 IST" duration-ms="46325" status="PASS">
          <params>
            <param index="0">
              <value>
                <![CDATA[GY19XAG]]>
              </value>
            </param>
            <param index="1">
              <value>
                <![CDATA[1000]]>
              </value>
            </param>
            <param index="2">
              <value>
                <![CDATA[60000]]>
              </value>
            </param>
            <param index="3">
              <value>
                <![CDATA[500]]>
              </value>
            </param>
            <param index="4">
              <value>
                <![CDATA[1200]]>
              </value>
            </param>
            <param index="5">
              <value>
                <![CDATA[20]]>
              </value>
            </param>
            <param index="6">
              <value>
                <![CDATA[REF001]]>
              </value>
            </param>
            <param index="7">
              <value>
                <![CDATA[02/02/23]]>
              </value>
            </param>
            <param index="8">
              <value>
                <![CDATA[12]]>
              </value>
            </param>
            <param index="9">
              <value>
                <![CDATA[5000]]>
              </value>
            </param>
            <param index="10">
              <value>
                <![CDATA[3000]]>
              </value>
            </param>
            <param index="11">
              <value>
                <![CDATA[900]]>
              </value>
            </param>
            <param index="12">
              <value>
                <![CDATA[1]]>
              </value>
            </param>
            <param index="13">
              <value>
                <![CDATA[2000]]>
              </value>
            </param>
            <param index="14">
              <value>
                <![CDATA[1000]]>
              </value>
            </param>
            <param index="15">
              <value>
                <![CDATA[500]]>
              </value>
            </param>
            <param index="16">
              <value>
                <![CDATA[100]]>
              </value>
            </param>
            <param index="17">
              <value>
                <![CDATA[Yes]]>
              </value>
            </param>
            <param index="18">
              <value>
                <![CDATA[2]]>
              </value>
            </param>
            <param index="19">
              <value>
                <![CDATA[3]]>
              </value>
            </param>
            <param index="20">
              <value>
                <![CDATA[1]]>
              </value>
            </param>
            <param index="21">
              <value>
                <![CDATA[5]]>
              </value>
            </param>
            <param index="22">
              <value>
                <![CDATA[1000]]>
              </value>
            </param>
            <param index="23">
              <value>
                <![CDATA[600]]>
              </value>
            </param>
            <param index="24">
              <value>
                <![CDATA[200]]>
              </value>
            </param>
            <param index="25">
              <value>
                <![CDATA[HPNR_used_car]]>
              </value>
            </param>
          </params>
          <reporter-output>
            <line>
              <![CDATA[<b>Clicked on Quote button </b> <br />]]>
            </line>
            <line>
              <![CDATA[<b>Selecting used vehicle with registration no. = GY19XAG and mileage = 1000</b> <br />]]>
            </line>
            <line>
              <![CDATA[<b>Vehicle selected</b> <br />]]>
            </line>
            <line>
              <![CDATA[<b>Paint option has been selected</b> <br />]]>
            </line>
            <line>
              <![CDATA[<b>Interior option has been selected</b> <br />]]>
            </line>
            <line>
              <![CDATA[<b>Acquisition Contract type option selected = Broker </b> <br />]]>
            </line>
            <line>
              <![CDATA[<b>Customer Contract type option selected = Contrct Purchase (CP)</b> <br />]]>
            </line>
            <line>
              <![CDATA[<b>Cost Price ex VAT and RFL from screen is 24458.33</b> <br />]]>
            </line>
            <line>
              <![CDATA[<b>VAT from screen is 4891.67</b> <br />]]>
            </line>
            <line>
              <![CDATA[<b>Cost Price ex VAT and RFL calculated is 24458.33</b> <br />]]>
            </line>
            <line>
              <![CDATA[<b>Cost Price ex VAT and RFL verified and found OK</b> <br />]]>
            </line>
          </reporter-output>
        </test-method> <!-- aquisition_quotes_user_flow_broker_CP_OTR_calculation_with_maintenance_test -->
        <test-method signature="aquisition_quotes_used_car_edit_cost_price_and_check_OTR_with_maintenance_test(java.lang.String,java.lang.String,java.lang.String,java.lang.String,java.lang.String,java.lang.String,java.lang.String,java.lang.String,java.lang.String,java.lang.String,java.lang.String,java.lang.String,java.lang.String,java.lang.String,java.lang.String,java.lang.String,java.lang.String,java.lang.String,java.lang.String,java.lang.String,java.lang.String,java.lang.String,java.lang.String,java.lang.String,java.lang.String,java.lang.String)[pri:2, instance:usedCar.BROKER.Acquisition_Quotes_Broker_CP_used_car_with_maintenance_Test@38cee291]" started-at="2023-04-26T11:11:27 IST" name="aquisition_quotes_used_car_edit_cost_price_and_check_OTR_with_maintenance_test" data-provider="testData" finished-at="2023-04-26T11:11:27 IST" depends-on-methods="usedCar.BROKER.Acquisition_Quotes_Broker_CP_used_car_with_maintenance_Test.aquisition_quotes_user_flow_broker_CP_OTR_calculation_with_maintenance_test" duration-ms="0" status="PASS">
          <params>
            <param index="0">
              <value>
                <![CDATA[GY19XAG]]>
              </value>
            </param>
            <param index="1">
              <value>
                <![CDATA[1000]]>
              </value>
            </param>
            <param index="2">
              <value>
                <![CDATA[60000]]>
              </value>
            </param>
            <param index="3">
              <value>
                <![CDATA[500]]>
              </value>
            </param>
            <param index="4">
              <value>
                <![CDATA[1200]]>
              </value>
            </param>
            <param index="5">
              <value>
                <![CDATA[20]]>
              </value>
            </param>
            <param index="6">
              <value>
                <![CDATA[REF001]]>
              </value>
            </param>
            <param index="7">
              <value>
                <![CDATA[02/02/23]]>
              </value>
            </param>
            <param index="8">
              <value>
                <![CDATA[12]]>
              </value>
            </param>
            <param index="9">
              <value>
                <![CDATA[5000]]>
              </value>
            </param>
            <param index="10">
              <value>
                <![CDATA[3000]]>
              </value>
            </param>
            <param index="11">
              <value>
                <![CDATA[900]]>
              </value>
            </param>
            <param index="12">
              <value>
                <![CDATA[1]]>
              </value>
            </param>
            <param index="13">
              <value>
                <![CDATA[2000]]>
              </value>
            </param>
            <param index="14">
              <value>
                <![CDATA[1000]]>
              </value>
            </param>
            <param index="15">
              <value>
                <![CDATA[500]]>
              </value>
            </param>
            <param index="16">
              <value>
                <![CDATA[100]]>
              </value>
            </param>
            <param index="17">
              <value>
                <![CDATA[Yes]]>
              </value>
            </param>
            <param index="18">
              <value>
                <![CDATA[2]]>
              </value>
            </param>
            <param index="19">
              <value>
                <![CDATA[3]]>
              </value>
            </param>
            <param index="20">
              <value>
                <![CDATA[1]]>
              </value>
            </param>
            <param index="21">
              <value>
                <![CDATA[5]]>
              </value>
            </param>
            <param index="22">
              <value>
                <![CDATA[1000]]>
              </value>
            </param>
            <param index="23">
              <value>
                <![CDATA[600]]>
              </value>
            </param>
            <param index="24">
              <value>
                <![CDATA[200]]>
              </value>
            </param>
            <param index="25">
              <value>
                <![CDATA[HPNR_used_car]]>
              </value>
            </param>
          </params>
          <reporter-output>
          </reporter-output>
        </test-method> <!-- aquisition_quotes_used_car_edit_cost_price_and_check_OTR_with_maintenance_test -->
        <test-method signature="aquisition_quotes_user_flow_broker_CP_vehicle_profit_check_with_maintenance_test(java.lang.String,java.lang.String,java.lang.String,java.lang.String,java.lang.String,java.lang.String,java.lang.String,java.lang.String,java.lang.String,java.lang.String,java.lang.String,java.lang.String,java.lang.String,java.lang.String,java.lang.String,java.lang.String,java.lang.String,java.lang.String,java.lang.String,java.lang.String,java.lang.String,java.lang.String,java.lang.String,java.lang.String,java.lang.String,java.lang.String)[pri:3, instance:usedCar.BROKER.Acquisition_Quotes_Broker_CP_used_car_with_maintenance_Test@38cee291]" started-at="2023-04-26T11:11:27 IST" name="aquisition_quotes_user_flow_broker_CP_vehicle_profit_check_with_maintenance_test" data-provider="testData" finished-at="2023-04-26T11:11:37 IST" depends-on-methods="usedCar.BROKER.Acquisition_Quotes_Broker_CP_used_car_with_maintenance_Test.aquisition_quotes_used_car_edit_cost_price_and_check_OTR_with_maintenance_test" duration-ms="10142" status="PASS">
          <params>
            <param index="0">
              <value>
                <![CDATA[GY19XAG]]>
              </value>
            </param>
            <param index="1">
              <value>
                <![CDATA[1000]]>
              </value>
            </param>
            <param index="2">
              <value>
                <![CDATA[60000]]>
              </value>
            </param>
            <param index="3">
              <value>
                <![CDATA[500]]>
              </value>
            </param>
            <param index="4">
              <value>
                <![CDATA[1200]]>
              </value>
            </param>
            <param index="5">
              <value>
                <![CDATA[20]]>
              </value>
            </param>
            <param index="6">
              <value>
                <![CDATA[REF001]]>
              </value>
            </param>
            <param index="7">
              <value>
                <![CDATA[02/02/23]]>
              </value>
            </param>
            <param index="8">
              <value>
                <![CDATA[12]]>
              </value>
            </param>
            <param index="9">
              <value>
                <![CDATA[5000]]>
              </value>
            </param>
            <param index="10">
              <value>
                <![CDATA[3000]]>
              </value>
            </param>
            <param index="11">
              <value>
                <![CDATA[900]]>
              </value>
            </param>
            <param index="12">
              <value>
                <![CDATA[1]]>
              </value>
            </param>
            <param index="13">
              <value>
                <![CDATA[2000]]>
              </value>
            </param>
            <param index="14">
              <value>
                <![CDATA[1000]]>
              </value>
            </param>
            <param index="15">
              <value>
                <![CDATA[500]]>
              </value>
            </param>
            <param index="16">
              <value>
                <![CDATA[100]]>
              </value>
            </param>
            <param index="17">
              <value>
                <![CDATA[Yes]]>
              </value>
            </param>
            <param index="18">
              <value>
                <![CDATA[2]]>
              </value>
            </param>
            <param index="19">
              <value>
                <![CDATA[3]]>
              </value>
            </param>
            <param index="20">
              <value>
                <![CDATA[1]]>
              </value>
            </param>
            <param index="21">
              <value>
                <![CDATA[5]]>
              </value>
            </param>
            <param index="22">
              <value>
                <![CDATA[1000]]>
              </value>
            </param>
            <param index="23">
              <value>
                <![CDATA[600]]>
              </value>
            </param>
            <param index="24">
              <value>
                <![CDATA[200]]>
              </value>
            </param>
            <param index="25">
              <value>
                <![CDATA[HPNR_used_car]]>
              </value>
            </param>
          </params>
          <reporter-output>
            <line>
              <![CDATA[<b>Vehicle profit from test data 1200.0 added to otr cost price 29350.0</b> <br />]]>
            </line>
            <line>
              <![CDATA[<b>After adding profit to cost price 29350.0 sales price is shown as (considering VAT%) 30790.0</b> <br />]]>
            </line>
            <line>
              <![CDATA[<b>Vehicle profit verified</b> <br />]]>
            </line>
            <line>
              <![CDATA[<b></b> <br />]]>
            </line>
            <line>
              <![CDATA[<b>Verifying Vehicle profit and Total Monthly Payment on editing Vehicle Sales Price</b> <br />]]>
            </line>
            <line>
              <![CDATA[<b>Sending 35220.0 to sales total input field</b> <br />]]>
            </line>
            <line>
              <![CDATA[<b>Vehicle profit verified on editing Vehicle Sales Price</b> <br />]]>
            </line>
          </reporter-output>
        </test-method> <!-- aquisition_quotes_user_flow_broker_CP_vehicle_profit_check_with_maintenance_test -->
        <test-method signature="aquisition_quotes_user_flow_broker_CP_balance_to_finance_check_with_maintenance_test(java.lang.String,java.lang.String,java.lang.String,java.lang.String,java.lang.String,java.lang.String,java.lang.String,java.lang.String,java.lang.String,java.lang.String,java.lang.String,java.lang.String,java.lang.String,java.lang.String,java.lang.String,java.lang.String,java.lang.String,java.lang.String,java.lang.String,java.lang.String,java.lang.String,java.lang.String,java.lang.String,java.lang.String,java.lang.String,java.lang.String)[pri:4, instance:usedCar.BROKER.Acquisition_Quotes_Broker_CP_used_car_with_maintenance_Test@38cee291]" started-at="2023-04-26T11:11:38 IST" name="aquisition_quotes_user_flow_broker_CP_balance_to_finance_check_with_maintenance_test" data-provider="testData" finished-at="2023-04-26T11:12:08 IST" depends-on-methods="usedCar.BROKER.Acquisition_Quotes_Broker_CP_used_car_with_maintenance_Test.aquisition_quotes_user_flow_broker_CP_vehicle_profit_check_with_maintenance_test" duration-ms="30132" status="FAIL">
          <params>
            <param index="0">
              <value>
                <![CDATA[GY19XAG]]>
              </value>
            </param>
            <param index="1">
              <value>
                <![CDATA[1000]]>
              </value>
            </param>
            <param index="2">
              <value>
                <![CDATA[60000]]>
              </value>
            </param>
            <param index="3">
              <value>
                <![CDATA[500]]>
              </value>
            </param>
            <param index="4">
              <value>
                <![CDATA[1200]]>
              </value>
            </param>
            <param index="5">
              <value>
                <![CDATA[20]]>
              </value>
            </param>
            <param index="6">
              <value>
                <![CDATA[REF001]]>
              </value>
            </param>
            <param index="7">
              <value>
                <![CDATA[02/02/23]]>
              </value>
            </param>
            <param index="8">
              <value>
                <![CDATA[12]]>
              </value>
            </param>
            <param index="9">
              <value>
                <![CDATA[5000]]>
              </value>
            </param>
            <param index="10">
              <value>
                <![CDATA[3000]]>
              </value>
            </param>
            <param index="11">
              <value>
                <![CDATA[900]]>
              </value>
            </param>
            <param index="12">
              <value>
                <![CDATA[1]]>
              </value>
            </param>
            <param index="13">
              <value>
                <![CDATA[2000]]>
              </value>
            </param>
            <param index="14">
              <value>
                <![CDATA[1000]]>
              </value>
            </param>
            <param index="15">
              <value>
                <![CDATA[500]]>
              </value>
            </param>
            <param index="16">
              <value>
                <![CDATA[100]]>
              </value>
            </param>
            <param index="17">
              <value>
                <![CDATA[Yes]]>
              </value>
            </param>
            <param index="18">
              <value>
                <![CDATA[2]]>
              </value>
            </param>
            <param index="19">
              <value>
                <![CDATA[3]]>
              </value>
            </param>
            <param index="20">
              <value>
                <![CDATA[1]]>
              </value>
            </param>
            <param index="21">
              <value>
                <![CDATA[5]]>
              </value>
            </param>
            <param index="22">
              <value>
                <![CDATA[1000]]>
              </value>
            </param>
            <param index="23">
              <value>
                <![CDATA[600]]>
              </value>
            </param>
            <param index="24">
              <value>
                <![CDATA[200]]>
              </value>
            </param>
            <param index="25">
              <value>
                <![CDATA[HPNR_used_car]]>
              </value>
            </param>
          </params>
          <exception class="java.lang.AssertionError">
            <message>
              <![CDATA[expected [true] but found [false]]]>
            </message>
            <full-stacktrace>
              <![CDATA[java.lang.AssertionError: expected [true] but found [false]
at org.testng.Assert.fail(Assert.java:99)
at org.testng.Assert.failNotEquals(Assert.java:1037)
at org.testng.Assert.assertTrue(Assert.java:45)
at org.testng.Assert.assertTrue(Assert.java:55)
at usedCar.BROKER.Acquisition_Quotes_Broker_CP_used_car_with_maintenance_Test.aquisition_quotes_user_flow_broker_CP_balance_to_finance_check_with_maintenance_test(Acquisition_Quotes_Broker_CP_used_car_with_maintenance_Test.java:108)
at java.base/jdk.internal.reflect.NativeMethodAccessorImpl.invoke0(Native Method)
at java.base/jdk.internal.reflect.NativeMethodAccessorImpl.invoke(NativeMethodAccessorImpl.java:77)
at java.base/jdk.internal.reflect.DelegatingMethodAccessorImpl.invoke(DelegatingMethodAccessorImpl.java:43)
at java.base/java.lang.reflect.Method.invoke(Method.java:568)
at org.testng.internal.MethodInvocationHelper.invokeMethod(MethodInvocationHelper.java:133)
at org.testng.internal.TestInvoker.invokeMethod(TestInvoker.java:598)
at org.testng.internal.TestInvoker.invokeTestMethod(TestInvoker.java:173)
at org.testng.internal.MethodRunner.runInSequence(MethodRunner.java:46)
at org.testng.internal.TestInvoker$MethodInvocationAgent.invoke(TestInvoker.java:824)
at org.testng.internal.TestInvoker.invokeTestMethods(TestInvoker.java:146)
at org.testng.internal.TestMethodWorker.invokeTestMethods(TestMethodWorker.java:146)
at org.testng.internal.TestMethodWorker.run(TestMethodWorker.java:128)
at java.base/java.util.ArrayList.forEach(ArrayList.java:1511)
at org.testng.TestRunner.privateRun(TestRunner.java:794)
at org.testng.TestRunner.run(TestRunner.java:596)
at org.testng.SuiteRunner.runTest(SuiteRunner.java:377)
at org.testng.SuiteRunner.runSequentially(SuiteRunner.java:371)
at org.testng.SuiteRunner.privateRun(SuiteRunner.java:332)
at org.testng.SuiteRunner.run(SuiteRunner.java:276)
at org.testng.SuiteRunnerWorker.runSuite(SuiteRunnerWorker.java:53)
at org.testng.SuiteRunnerWorker.run(SuiteRunnerWorker.java:96)
at org.testng.TestNG.runSuitesSequentially(TestNG.java:1212)
at org.testng.TestNG.runSuitesLocally(TestNG.java:1134)
at org.testng.TestNG.runSuites(TestNG.java:1063)
at org.testng.TestNG.run(TestNG.java:1031)
at org.testng.remote.AbstractRemoteTestNG.run(AbstractRemoteTestNG.java:115)
at org.testng.remote.RemoteTestNG.initAndRun(RemoteTestNG.java:251)
at org.testng.remote.RemoteTestNG.main(RemoteTestNG.java:77)
]]>
            </full-stacktrace>
          </exception> <!-- java.lang.AssertionError -->
          <reporter-output>
            <line>
              <![CDATA[<b></b> <br />]]>
            </line>
            <line>
              <![CDATA[<b>Adding Funder Quote Values to Screen</b> <br />]]>
            </line>
            <line>
              <![CDATA[<b>Funder quote added successfully</b> <br />]]>
            </line>
            <line>
              <![CDATA[<b></b> <br />]]>
            </line>
            <line>
              <![CDATA[<b>Entering Part Exchange Values to screen</b> <br />]]>
            </line>
            <line>
              <![CDATA[<b>Clicked on Part Exchange panel</b> <br />]]>
            </line>
            <line>
              <![CDATA[<b></b> <br />]]>
            </line>
            <line>
              <![CDATA[<b>Started verifying Balance To Finance</b> <br />]]>
            </line>
            <line>
              <![CDATA[<b>Balance To Finance Expected is =33720.0</b> <br />]]>
            </line>
            <line>
              <![CDATA[<b>Balance To Finance Actual From Screen is =35220.0</b> <br />]]>
            </line>
            <line>
              <![CDATA[<b>xxx -Please check Balance to finance value from customer quote summary</b> <br />]]>
            </line>
            <line>
              <![CDATA[<br>----------Screenshot---------<br>]]>
            </line>
            <line>
              <![CDATA[<img src="D:\StagingNew\AMT_Automation\target\surefire-reports\html\failure_screenshots\aquisition_quotes_user_flow_broker_CP_balance_to_finance_check_with_maintenance_test_26_04_2023_11_12_08.png" height="800" width="1000">]]>
            </line>
          </reporter-output>
        </test-method> <!-- aquisition_quotes_user_flow_broker_CP_balance_to_finance_check_with_maintenance_test -->
        <test-method signature="aquisition_quotes_user_flow_broker_CP_quote_summary_values_verification_with_maintenance_test(java.lang.String,java.lang.String,java.lang.String,java.lang.String,java.lang.String,java.lang.String,java.lang.String,java.lang.String,java.lang.String,java.lang.String,java.lang.String,java.lang.String,java.lang.String,java.lang.String,java.lang.String,java.lang.String,java.lang.String,java.lang.String,java.lang.String,java.lang.String,java.lang.String,java.lang.String,java.lang.String,java.lang.String,java.lang.String,java.lang.String)[pri:5, instance:usedCar.BROKER.Acquisition_Quotes_Broker_CP_used_car_with_maintenance_Test@38cee291]" started-at="2023-04-26T11:12:08 IST" name="aquisition_quotes_user_flow_broker_CP_quote_summary_values_verification_with_maintenance_test" finished-at="2023-04-26T11:12:08 IST" depends-on-methods="usedCar.BROKER.Acquisition_Quotes_Broker_CP_used_car_with_maintenance_Test.aquisition_quotes_user_flow_broker_CP_balance_to_finance_check_with_maintenance_test" duration-ms="0" status="SKIP">
          <exception class="java.lang.Throwable">
            <message>
              <![CDATA[Method Acquisition_Quotes_Broker_CP_used_car_with_maintenance_Test.aquisition_quotes_user_flow_broker_CP_quote_summary_values_verification_with_maintenance_test(java.lang.String,java.lang.String,java.lang.String,java.lang.String,java.lang.String,java.lang.String,java.lang.String,java.lang.String,java.lang.String,java.lang.String,java.lang.String,java.lang.String,java.lang.String,java.lang.String,java.lang.String,java.lang.String,java.lang.String,java.lang.String,java.lang.String,java.lang.String,java.lang.String,java.lang.String,java.lang.String,java.lang.String,java.lang.String,java.lang.String)[pri:5, instance:usedCar.BROKER.Acquisition_Quotes_Broker_CP_used_car_with_maintenance_Test@38cee291] depends on not successfully finished methods]]>
            </message>
            <full-stacktrace>
              <![CDATA[java.lang.Throwable: Method Acquisition_Quotes_Broker_CP_used_car_with_maintenance_Test.aquisition_quotes_user_flow_broker_CP_quote_summary_values_verification_with_maintenance_test(java.lang.String,java.lang.String,java.lang.String,java.lang.String,java.lang.String,java.lang.String,java.lang.String,java.lang.String,java.lang.String,java.lang.String,java.lang.String,java.lang.String,java.lang.String,java.lang.String,java.lang.String,java.lang.String,java.lang.String,java.lang.String,java.lang.String,java.lang.String,java.lang.String,java.lang.String,java.lang.String,java.lang.String,java.lang.String,java.lang.String)[pri:5, instance:usedCar.BROKER.Acquisition_Quotes_Broker_CP_used_car_with_maintenance_Test@38cee291] depends on not successfully finished methods
at org.testng.internal.TestInvoker.invokeTestMethods(TestInvoker.java:102)
at org.testng.internal.TestMethodWorker.invokeTestMethods(TestMethodWorker.java:146)
at org.testng.internal.TestMethodWorker.run(TestMethodWorker.java:128)
at java.base/java.util.ArrayList.forEach(ArrayList.java:1511)
at org.testng.TestRunner.privateRun(TestRunner.java:794)
at org.testng.TestRunner.run(TestRunner.java:596)
at org.testng.SuiteRunner.runTest(SuiteRunner.java:377)
at org.testng.SuiteRunner.runSequentially(SuiteRunner.java:371)
at org.testng.SuiteRunner.privateRun(SuiteRunner.java:332)
at org.testng.SuiteRunner.run(SuiteRunner.java:276)
at org.testng.SuiteRunnerWorker.runSuite(SuiteRunnerWorker.java:53)
at org.testng.SuiteRunnerWorker.run(SuiteRunnerWorker.java:96)
at org.testng.TestNG.runSuitesSequentially(TestNG.java:1212)
at org.testng.TestNG.runSuitesLocally(TestNG.java:1134)
at org.testng.TestNG.runSuites(TestNG.java:1063)
at org.testng.TestNG.run(TestNG.java:1031)
at org.testng.remote.AbstractRemoteTestNG.run(AbstractRemoteTestNG.java:115)
at org.testng.remote.RemoteTestNG.initAndRun(RemoteTestNG.java:251)
at org.testng.remote.RemoteTestNG.main(RemoteTestNG.java:77)
]]>
            </full-stacktrace>
          </exception> <!-- java.lang.Throwable -->
          <reporter-output>
          </reporter-output>
        </test-method> <!-- aquisition_quotes_user_flow_broker_CP_quote_summary_values_verification_with_maintenance_test -->
      </class> <!-- usedCar.BROKER.Acquisition_Quotes_Broker_CP_used_car_with_maintenance_Test -->
    </test> <!-- Default test -->
  </suite> <!-- Default suite -->
</testng-results>
