<?xml version="1.0" encoding="UTF-8"?>
<testng-results ignored="0" total="5" passed="4" failed="1" skipped="0">
  <reporter-output>
    <line>
      <![CDATA[<b>Clicked on Quote button </b> <br />]]>
    </line>
    <line>
      <![CDATA[<b>Manufacture =AUDI has been selected</b> <br />]]>
    </line>
    <line>
      <![CDATA[<b>Model range =A7 has been selected</b> <br />]]>
    </line>
    <line>
      <![CDATA[<b>Vehicle has been selected</b> <br />]]>
    </line>
    <line>
      <![CDATA[<b>Paint option has been selected</b> <br />]]>
    </line>
    <line>
      <![CDATA[<b>Interior option has been selected</b> <br />]]>
    </line>
    <line>
      <![CDATA[<b> Acquisition Contract type option = Contract Purchase has been selected</b> <br />]]>
    </line>
    <line>
      <![CDATA[<b> Customer Contract type option = Purchase Contract Hire(PCH) has been selected</b> <br />]]>
    </line>
    <line>
      <![CDATA[<b>Getting Basic Price- Vehicle value is  =46854.17</b> <br />]]>
    </line>
    <line>
      <![CDATA[<b>Getting Basic Price - Paint  value is  =0.00</b> <br />]]>
    </line>
    <line>
      <![CDATA[<b>Getting  Basic Price - Options value is   =833.33</b> <br />]]>
    </line>
    <line>
      <![CDATA[<b>Getting Discount- Vehicle value is  =0.00</b> <br />]]>
    </line>
    <line>
      <![CDATA[<b>Getting   Discount - Paint value is   =0.00</b> <br />]]>
    </line>
    <line>
      <![CDATA[<b>Getting  Discount- Options value is   =0.00</b> <br />]]>
    </line>
    <line>
      <![CDATA[<b>Getting Additional Discount- Vehicle value is  =0.00</b> <br />]]>
    </line>
    <line>
      <![CDATA[<b>Getting  Additional Discount - paint value is  =0.00</b> <br />]]>
    </line>
    <line>
      <![CDATA[<b>Getting  Additional Discount - Options value is  =0.00</b> <br />]]>
    </line>
    <line>
      <![CDATA[<b>Writing OTR table values to excel sheet -Started </b> <br />]]>
    </line>
    <line>
      <![CDATA[<b>Writing OTR table values to excel sheet -Completed </b> <br />]]>
    </line>
    <line>
      <![CDATA[<b>Reading Subtotal After Discount from excel sheet -Started </b> <br />]]>
    </line>
    <line>
      <![CDATA[<b>Reading Subtotal After Discount from excel sheet -Started </b> <br />]]>
    </line>
    <line>
      <![CDATA[<b>Subtotal After Discount from excel sheet is =47687.5</b> <br />]]>
    </line>
    <line>
      <![CDATA[<b>Subtotal after discount actual value from screen =£ 47,687.50</b> <br />]]>
    </line>
    <line>
      <![CDATA[<b>*********Calculations for On Road Price has been started***********</b> <br />]]>
    </line>
    <line>
      <![CDATA[<b>Started getting On screen values from after discount table </b> <br />]]>
    </line>
    <line>
      <![CDATA[<b>Manufacture_delivery_charges =550.00</b> <br />]]>
    </line>
    <line>
      <![CDATA[<b>Road_tax_first_year =585.00</b> <br />]]>
    </line>
    <line>
      <![CDATA[<b>First_registration_fee =55.00</b> <br />]]>
    </line>
    <line>
      <![CDATA[<b>Rebate =0.00</b> <br />]]>
    </line>
    <line>
      <![CDATA[<b>Writing After discount values to excel has been started</b> <br />]]>
    </line>
    <line>
      <![CDATA[<b>Writing After discount values to excel has been completed</b> <br />]]>
    </line>
    <line>
      <![CDATA[<b>Reading On Road Price for invoice from excel has been Started</b> <br />]]>
    </line>
    <line>
      <![CDATA[<b>Reading On Road Price for invoice from excel has been completed</b> <br />]]>
    </line>
    <line>
      <![CDATA[<b>Expected on the road price from excel is =58525.0</b> <br />]]>
    </line>
    <line>
      <![CDATA[<b>Actual on the road price from screen is =58525.00</b> <br />]]>
    </line>
    <line>
      <![CDATA[<b>***********Entered in holding cost page ***********</b> <br />]]>
    </line>
    <line>
      <![CDATA[<b>***********Holding Cost Calculations has been Started*************</b> <br />]]>
    </line>
    <line>
      <![CDATA[<b>Writing Holding Cost Summary values to excel has been completed</b> <br />]]>
    </line>
    <line>
      <![CDATA[<b>Reading Monthly Holding Cost value from excel</b> <br />]]>
    </line>
    <line>
      <![CDATA[<b>Total_monthly_holding_cost_from_screen =-167.96</b> <br />]]>
    </line>
    <line>
      <![CDATA[<b>Total_monthly_holding_cost_from_excel =-167.95833333333334</b> <br />]]>
    </line>
    <line>
      <![CDATA[<b>Writing configuration values from property file to Excel for customer quote calculation -started</b> <br />]]>
    </line>
    <line>
      <![CDATA[<b>Writing configuration values from property file to Excel for customer quote calculation -completed</b> <br />]]>
    </line>
    <line>
      <![CDATA[<b>************Calculations for Customer Quote Page has been started***********</b> <br />]]>
    </line>
    <line>
      <![CDATA[<b>Payment Profile Monthly in Advance option has been selected</b> <br />]]>
    </line>
    <line>
      <![CDATA[<b>Clicked on Part Exchange panel</b> <br />]]>
    </line>
    <line>
      <![CDATA[<b>Writing values to Excel for customer quote calculation -started</b> <br />]]>
    </line>
    <line>
      <![CDATA[<b>Writing values to Excel for customer quote calculation -completed</b> <br />]]>
    </line>
    <line>
      <![CDATA[<b>Reading  Monthly Finance and Maintenance Rental from  Excel   -started</b> <br />]]>
    </line>
    <line>
      <![CDATA[<b>Reading  Monthly Finance and Maintenance Rental from  Excel   -completed</b> <br />]]>
    </line>
    <line>
      <![CDATA[<b>Monthly Finance Rental from Excel is =215.48887017614666</b> <br />]]>
    </line>
    <line>
      <![CDATA[<b>Monthly Finance Rental from screen is 215.49</b> <br />]]>
    </line>
    <line>
      <![CDATA[<b>Monthly Maintenance Rental from Excel is =72.0</b> <br />]]>
    </line>
    <line>
      <![CDATA[<b>Monthly Maintenance Rental from screen is 72.0</b> <br />]]>
    </line>
    <line>
      <![CDATA[<b>Started verifying Balance Due value</b> <br />]]>
    </line>
    <line>
      <![CDATA[<b>Balance due value (when part exchange toggle is OFF) is verified and found ok</b> <br />]]>
    </line>
    <line>
      <![CDATA[<b>Balance due value (when part exchange toggle is ON) is verified and found ok</b> <br />]]>
    </line>
    <line>
      <![CDATA[<b>Calculations with different payment profiles for customer quote has been started</b> <br />]]>
    </line>
    <line>
      <![CDATA[<b>Calculations with different payment profiles for customer quote has been ended</b> <br />]]>
    </line>
    <line>
      <![CDATA[<b>*************Calculations for Quote Summary page gas been started************</b> <br />]]>
    </line>
    <line>
      <![CDATA[<b>Reading values from sceen -Quote Summary Page</b> <br />]]>
    </line>
    <line>
      <![CDATA[<b>Getting values from screen</b> <br />]]>
    </line>
    <line>
      <![CDATA[<b>Quote_summary_cost_otr_price =58,525.00</b> <br />]]>
    </line>
    <line>
      <![CDATA[<b>Quote_summary_total_monthly_holding_cost =-167.96</b> <br />]]>
    </line>
    <line>
      <![CDATA[<b>Quote_summary_monthly_finance_rental =-117.85</b> <br />]]>
    </line>
    <line>
      <![CDATA[<b>Acquisition contract_type =Contract Purchase</b> <br />]]>
    </line>
    <line>
      <![CDATA[<b>Customer contract_type =Personal Contract Hire</b> <br />]]>
    </line>
    <line>
      <![CDATA[<b>Customer Quote generated successfully and Quote_ref_no =IHR06309</b> <br />]]>
    </line>
    <line>
      <![CDATA[<b>Reading values from excel sheet to compare it with quote summary on screen values</b> <br />]]>
    </line>
    <line>
      <![CDATA[<b>Comparing excel values with actual values on screen</b> <br />]]>
    </line>
    <line>
      <![CDATA[<b>OTR price compared</b> <br />]]>
    </line>
    <line>
      <![CDATA[<b>Total monthly holding cost compared</b> <br />]]>
    </line>
    <line>
      <![CDATA[<b>Finance Rental compared</b> <br />]]>
    </line>
    <line>
      <![CDATA[<b>Found difference between Maintenance Rental actual and Maintenance Rental expected on Quote Summary Page</b> <br />]]>
    </line>
    <line>
      <![CDATA[<br>----------Screenshot---------<br>]]>
    </line>
    <line>
      <![CDATA[<img src="D:\StagingNew\AMT_Automation\target\surefire-reports\html\failure_screenshots\aquisition_quotes_CP_PCH_quote_summary_values_verification_with_maintenance_test_30_12_2022_03_48_19.png" height="800" width="1000">]]>
    </line>
  </reporter-output>
  <suite started-at="2022-12-30T15:43:41 IST" name="Default suite" finished-at="2022-12-30T15:48:20 IST" duration-ms="279114">
    <groups>
    </groups>
    <test started-at="2022-12-30T15:43:41 IST" name="Default test" finished-at="2022-12-30T15:48:20 IST" duration-ms="279114">
      <class name="com.amt.test.Acquisition_Quotes_CP_PCH_with_funder_quote_addition_with_maintenance_Test">
        <test-method is-config="true" signature="setup()[pri:0, instance:com.amt.test.Acquisition_Quotes_CP_PCH_with_funder_quote_addition_with_maintenance_Test@3527942a]" started-at="2022-12-30T15:43:41 IST" name="setup" finished-at="2022-12-30T15:43:50 IST" duration-ms="9538" status="PASS">
          <reporter-output>
          </reporter-output>
        </test-method> <!-- setup -->
        <test-method signature="aquisition_quotes_CP_PCH_OTR_calculation_with_maintenance_test(java.lang.String,java.lang.String,java.lang.String,java.lang.String,java.lang.String,java.lang.String,java.lang.String,java.lang.String,java.lang.String,java.lang.String,java.lang.String,java.lang.String,java.lang.String,java.lang.String,java.lang.String,java.lang.String,java.lang.String,java.lang.String,java.lang.String,java.lang.String,java.lang.String,java.lang.String,java.lang.String,java.lang.String,java.lang.String,java.lang.String)[pri:1, instance:com.amt.test.Acquisition_Quotes_CP_PCH_with_funder_quote_addition_with_maintenance_Test@3527942a]" started-at="2022-12-30T15:43:52 IST" name="aquisition_quotes_CP_PCH_OTR_calculation_with_maintenance_test" data-provider="testData" finished-at="2022-12-30T15:44:50 IST" duration-ms="57980" status="PASS">
          <params>
            <param index="0">
              <value>
                <![CDATA[AUDI]]>
              </value>
            </param>
            <param index="1">
              <value>
                <![CDATA[A7]]>
              </value>
            </param>
            <param index="2">
              <value>
                <![CDATA[REF001]]>
              </value>
            </param>
            <param index="3">
              <value>
                <![CDATA[05/05/23]]>
              </value>
            </param>
            <param index="4">
              <value>
                <![CDATA[12]]>
              </value>
            </param>
            <param index="5">
              <value>
                <![CDATA[5000]]>
              </value>
            </param>
            <param index="6">
              <value>
                <![CDATA[1000]]>
              </value>
            </param>
            <param index="7">
              <value>
                <![CDATA[12]]>
              </value>
            </param>
            <param index="8">
              <value>
                <![CDATA[500]]>
              </value>
            </param>
            <param index="9">
              <value>
                <![CDATA[50]]>
              </value>
            </param>
            <param index="10">
              <value>
                <![CDATA[6000]]>
              </value>
            </param>
            <param index="11">
              <value>
                <![CDATA[20]]>
              </value>
            </param>
            <param index="12">
              <value>
                <![CDATA[10]]>
              </value>
            </param>
            <param index="13">
              <value>
                <![CDATA[10]]>
              </value>
            </param>
            <param index="14">
              <value>
                <![CDATA[10000]]>
              </value>
            </param>
            <param index="15">
              <value>
                <![CDATA[6000]]>
              </value>
            </param>
            <param index="16">
              <value>
                <![CDATA[2000]]>
              </value>
            </param>
            <param index="17">
              <value>
                <![CDATA[1000]]>
              </value>
            </param>
            <param index="18">
              <value>
                <![CDATA[239.99]]>
              </value>
            </param>
            <param index="19">
              <value>
                <![CDATA[0]]>
              </value>
            </param>
            <param index="20">
              <value>
                <![CDATA[NO]]>
              </value>
            </param>
            <param index="21">
              <value>
                <![CDATA[20]]>
              </value>
            </param>
            <param index="22">
              <value>
                <![CDATA[200]]>
              </value>
            </param>
            <param index="23">
              <value>
                <![CDATA[YES]]>
              </value>
            </param>
            <param index="24">
              <value>
                <![CDATA[0]]>
              </value>
            </param>
            <param index="25">
              <value>
                <![CDATA[CP (Formula 3) - PCH]]>
              </value>
            </param>
          </params>
          <reporter-output>
            <line>
              <![CDATA[<b>Clicked on Quote button </b> <br />]]>
            </line>
            <line>
              <![CDATA[<b>Manufacture =AUDI has been selected</b> <br />]]>
            </line>
            <line>
              <![CDATA[<b>Model range =A7 has been selected</b> <br />]]>
            </line>
            <line>
              <![CDATA[<b>Vehicle has been selected</b> <br />]]>
            </line>
            <line>
              <![CDATA[<b>Paint option has been selected</b> <br />]]>
            </line>
            <line>
              <![CDATA[<b>Interior option has been selected</b> <br />]]>
            </line>
            <line>
              <![CDATA[<b> Acquisition Contract type option = Contract Purchase has been selected</b> <br />]]>
            </line>
            <line>
              <![CDATA[<b> Customer Contract type option = Purchase Contract Hire(PCH) has been selected</b> <br />]]>
            </line>
            <line>
              <![CDATA[<b>Getting Basic Price- Vehicle value is  =46854.17</b> <br />]]>
            </line>
            <line>
              <![CDATA[<b>Getting Basic Price - Paint  value is  =0.00</b> <br />]]>
            </line>
            <line>
              <![CDATA[<b>Getting  Basic Price - Options value is   =833.33</b> <br />]]>
            </line>
            <line>
              <![CDATA[<b>Getting Discount- Vehicle value is  =0.00</b> <br />]]>
            </line>
            <line>
              <![CDATA[<b>Getting   Discount - Paint value is   =0.00</b> <br />]]>
            </line>
            <line>
              <![CDATA[<b>Getting  Discount- Options value is   =0.00</b> <br />]]>
            </line>
            <line>
              <![CDATA[<b>Getting Additional Discount- Vehicle value is  =0.00</b> <br />]]>
            </line>
            <line>
              <![CDATA[<b>Getting  Additional Discount - paint value is  =0.00</b> <br />]]>
            </line>
            <line>
              <![CDATA[<b>Getting  Additional Discount - Options value is  =0.00</b> <br />]]>
            </line>
            <line>
              <![CDATA[<b>Writing OTR table values to excel sheet -Started </b> <br />]]>
            </line>
            <line>
              <![CDATA[<b>Writing OTR table values to excel sheet -Completed </b> <br />]]>
            </line>
            <line>
              <![CDATA[<b>Reading Subtotal After Discount from excel sheet -Started </b> <br />]]>
            </line>
            <line>
              <![CDATA[<b>Reading Subtotal After Discount from excel sheet -Started </b> <br />]]>
            </line>
            <line>
              <![CDATA[<b>Subtotal After Discount from excel sheet is =47687.5</b> <br />]]>
            </line>
            <line>
              <![CDATA[<b>Subtotal after discount actual value from screen =£ 47,687.50</b> <br />]]>
            </line>
          </reporter-output>
        </test-method> <!-- aquisition_quotes_CP_PCH_OTR_calculation_with_maintenance_test -->
        <test-method signature="aquisition_quotes_CP_PCH_after_discount_calculations_with_maintenance_test(java.lang.String,java.lang.String,java.lang.String,java.lang.String,java.lang.String,java.lang.String,java.lang.String,java.lang.String,java.lang.String,java.lang.String,java.lang.String,java.lang.String,java.lang.String,java.lang.String,java.lang.String,java.lang.String,java.lang.String,java.lang.String,java.lang.String,java.lang.String,java.lang.String,java.lang.String,java.lang.String,java.lang.String,java.lang.String,java.lang.String)[pri:2, instance:com.amt.test.Acquisition_Quotes_CP_PCH_with_funder_quote_addition_with_maintenance_Test@3527942a]" started-at="2022-12-30T15:44:50 IST" name="aquisition_quotes_CP_PCH_after_discount_calculations_with_maintenance_test" data-provider="testData" finished-at="2022-12-30T15:44:53 IST" depends-on-methods="com.amt.test.Acquisition_Quotes_CP_PCH_with_funder_quote_addition_with_maintenance_Test.aquisition_quotes_CP_PCH_OTR_calculation_with_maintenance_test" duration-ms="2823" status="PASS">
          <params>
            <param index="0">
              <value>
                <![CDATA[AUDI]]>
              </value>
            </param>
            <param index="1">
              <value>
                <![CDATA[A7]]>
              </value>
            </param>
            <param index="2">
              <value>
                <![CDATA[REF001]]>
              </value>
            </param>
            <param index="3">
              <value>
                <![CDATA[05/05/23]]>
              </value>
            </param>
            <param index="4">
              <value>
                <![CDATA[12]]>
              </value>
            </param>
            <param index="5">
              <value>
                <![CDATA[5000]]>
              </value>
            </param>
            <param index="6">
              <value>
                <![CDATA[1000]]>
              </value>
            </param>
            <param index="7">
              <value>
                <![CDATA[12]]>
              </value>
            </param>
            <param index="8">
              <value>
                <![CDATA[500]]>
              </value>
            </param>
            <param index="9">
              <value>
                <![CDATA[50]]>
              </value>
            </param>
            <param index="10">
              <value>
                <![CDATA[6000]]>
              </value>
            </param>
            <param index="11">
              <value>
                <![CDATA[20]]>
              </value>
            </param>
            <param index="12">
              <value>
                <![CDATA[10]]>
              </value>
            </param>
            <param index="13">
              <value>
                <![CDATA[10]]>
              </value>
            </param>
            <param index="14">
              <value>
                <![CDATA[10000]]>
              </value>
            </param>
            <param index="15">
              <value>
                <![CDATA[6000]]>
              </value>
            </param>
            <param index="16">
              <value>
                <![CDATA[2000]]>
              </value>
            </param>
            <param index="17">
              <value>
                <![CDATA[1000]]>
              </value>
            </param>
            <param index="18">
              <value>
                <![CDATA[239.99]]>
              </value>
            </param>
            <param index="19">
              <value>
                <![CDATA[0]]>
              </value>
            </param>
            <param index="20">
              <value>
                <![CDATA[NO]]>
              </value>
            </param>
            <param index="21">
              <value>
                <![CDATA[20]]>
              </value>
            </param>
            <param index="22">
              <value>
                <![CDATA[200]]>
              </value>
            </param>
            <param index="23">
              <value>
                <![CDATA[YES]]>
              </value>
            </param>
            <param index="24">
              <value>
                <![CDATA[0]]>
              </value>
            </param>
            <param index="25">
              <value>
                <![CDATA[CP (Formula 3) - PCH]]>
              </value>
            </param>
          </params>
          <reporter-output>
            <line>
              <![CDATA[<b>*********Calculations for On Road Price has been started***********</b> <br />]]>
            </line>
            <line>
              <![CDATA[<b>Started getting On screen values from after discount table </b> <br />]]>
            </line>
            <line>
              <![CDATA[<b>Manufacture_delivery_charges =550.00</b> <br />]]>
            </line>
            <line>
              <![CDATA[<b>Road_tax_first_year =585.00</b> <br />]]>
            </line>
            <line>
              <![CDATA[<b>First_registration_fee =55.00</b> <br />]]>
            </line>
            <line>
              <![CDATA[<b>Rebate =0.00</b> <br />]]>
            </line>
            <line>
              <![CDATA[<b>Writing After discount values to excel has been started</b> <br />]]>
            </line>
            <line>
              <![CDATA[<b>Writing After discount values to excel has been completed</b> <br />]]>
            </line>
            <line>
              <![CDATA[<b>Reading On Road Price for invoice from excel has been Started</b> <br />]]>
            </line>
            <line>
              <![CDATA[<b>Reading On Road Price for invoice from excel has been completed</b> <br />]]>
            </line>
            <line>
              <![CDATA[<b>Expected on the road price from excel is =58525.0</b> <br />]]>
            </line>
            <line>
              <![CDATA[<b>Actual on the road price from screen is =58525.00</b> <br />]]>
            </line>
          </reporter-output>
        </test-method> <!-- aquisition_quotes_CP_PCH_after_discount_calculations_with_maintenance_test -->
        <test-method signature="aquisition_quotes_CP_PCH_holding_cost_calculations_with_maintenance_test(java.lang.String,java.lang.String,java.lang.String,java.lang.String,java.lang.String,java.lang.String,java.lang.String,java.lang.String,java.lang.String,java.lang.String,java.lang.String,java.lang.String,java.lang.String,java.lang.String,java.lang.String,java.lang.String,java.lang.String,java.lang.String,java.lang.String,java.lang.String,java.lang.String,java.lang.String,java.lang.String,java.lang.String,java.lang.String,java.lang.String)[pri:3, instance:com.amt.test.Acquisition_Quotes_CP_PCH_with_funder_quote_addition_with_maintenance_Test@3527942a]" started-at="2022-12-30T15:44:54 IST" name="aquisition_quotes_CP_PCH_holding_cost_calculations_with_maintenance_test" data-provider="testData" finished-at="2022-12-30T15:45:19 IST" depends-on-methods="com.amt.test.Acquisition_Quotes_CP_PCH_with_funder_quote_addition_with_maintenance_Test.aquisition_quotes_CP_PCH_after_discount_calculations_with_maintenance_test" duration-ms="25677" status="PASS">
          <params>
            <param index="0">
              <value>
                <![CDATA[AUDI]]>
              </value>
            </param>
            <param index="1">
              <value>
                <![CDATA[A7]]>
              </value>
            </param>
            <param index="2">
              <value>
                <![CDATA[REF001]]>
              </value>
            </param>
            <param index="3">
              <value>
                <![CDATA[05/05/23]]>
              </value>
            </param>
            <param index="4">
              <value>
                <![CDATA[12]]>
              </value>
            </param>
            <param index="5">
              <value>
                <![CDATA[5000]]>
              </value>
            </param>
            <param index="6">
              <value>
                <![CDATA[1000]]>
              </value>
            </param>
            <param index="7">
              <value>
                <![CDATA[12]]>
              </value>
            </param>
            <param index="8">
              <value>
                <![CDATA[500]]>
              </value>
            </param>
            <param index="9">
              <value>
                <![CDATA[50]]>
              </value>
            </param>
            <param index="10">
              <value>
                <![CDATA[6000]]>
              </value>
            </param>
            <param index="11">
              <value>
                <![CDATA[20]]>
              </value>
            </param>
            <param index="12">
              <value>
                <![CDATA[10]]>
              </value>
            </param>
            <param index="13">
              <value>
                <![CDATA[10]]>
              </value>
            </param>
            <param index="14">
              <value>
                <![CDATA[10000]]>
              </value>
            </param>
            <param index="15">
              <value>
                <![CDATA[6000]]>
              </value>
            </param>
            <param index="16">
              <value>
                <![CDATA[2000]]>
              </value>
            </param>
            <param index="17">
              <value>
                <![CDATA[1000]]>
              </value>
            </param>
            <param index="18">
              <value>
                <![CDATA[239.99]]>
              </value>
            </param>
            <param index="19">
              <value>
                <![CDATA[0]]>
              </value>
            </param>
            <param index="20">
              <value>
                <![CDATA[NO]]>
              </value>
            </param>
            <param index="21">
              <value>
                <![CDATA[20]]>
              </value>
            </param>
            <param index="22">
              <value>
                <![CDATA[200]]>
              </value>
            </param>
            <param index="23">
              <value>
                <![CDATA[YES]]>
              </value>
            </param>
            <param index="24">
              <value>
                <![CDATA[0]]>
              </value>
            </param>
            <param index="25">
              <value>
                <![CDATA[CP (Formula 3) - PCH]]>
              </value>
            </param>
          </params>
          <reporter-output>
            <line>
              <![CDATA[<b>***********Entered in holding cost page ***********</b> <br />]]>
            </line>
            <line>
              <![CDATA[<b>***********Holding Cost Calculations has been Started*************</b> <br />]]>
            </line>
            <line>
              <![CDATA[<b>Writing Holding Cost Summary values to excel has been completed</b> <br />]]>
            </line>
            <line>
              <![CDATA[<b>Reading Monthly Holding Cost value from excel</b> <br />]]>
            </line>
            <line>
              <![CDATA[<b>Total_monthly_holding_cost_from_screen =-167.96</b> <br />]]>
            </line>
            <line>
              <![CDATA[<b>Total_monthly_holding_cost_from_excel =-167.95833333333334</b> <br />]]>
            </line>
          </reporter-output>
        </test-method> <!-- aquisition_quotes_CP_PCH_holding_cost_calculations_with_maintenance_test -->
        <test-method signature="aquisition_quotes_CP_PCH_customer_quote_payment_profile_calculations_with_maintenance_test(java.lang.String,java.lang.String,java.lang.String,java.lang.String,java.lang.String,java.lang.String,java.lang.String,java.lang.String,java.lang.String,java.lang.String,java.lang.String,java.lang.String,java.lang.String,java.lang.String,java.lang.String,java.lang.String,java.lang.String,java.lang.String,java.lang.String,java.lang.String,java.lang.String,java.lang.String,java.lang.String,java.lang.String,java.lang.String,java.lang.String)[pri:4, instance:com.amt.test.Acquisition_Quotes_CP_PCH_with_funder_quote_addition_with_maintenance_Test@3527942a]" started-at="2022-12-30T15:45:19 IST" name="aquisition_quotes_CP_PCH_customer_quote_payment_profile_calculations_with_maintenance_test" data-provider="testData" finished-at="2022-12-30T15:47:49 IST" depends-on-methods="com.amt.test.Acquisition_Quotes_CP_PCH_with_funder_quote_addition_with_maintenance_Test.aquisition_quotes_CP_PCH_holding_cost_calculations_with_maintenance_test" duration-ms="149918" status="PASS">
          <params>
            <param index="0">
              <value>
                <![CDATA[AUDI]]>
              </value>
            </param>
            <param index="1">
              <value>
                <![CDATA[A7]]>
              </value>
            </param>
            <param index="2">
              <value>
                <![CDATA[REF001]]>
              </value>
            </param>
            <param index="3">
              <value>
                <![CDATA[05/05/23]]>
              </value>
            </param>
            <param index="4">
              <value>
                <![CDATA[12]]>
              </value>
            </param>
            <param index="5">
              <value>
                <![CDATA[5000]]>
              </value>
            </param>
            <param index="6">
              <value>
                <![CDATA[1000]]>
              </value>
            </param>
            <param index="7">
              <value>
                <![CDATA[12]]>
              </value>
            </param>
            <param index="8">
              <value>
                <![CDATA[500]]>
              </value>
            </param>
            <param index="9">
              <value>
                <![CDATA[50]]>
              </value>
            </param>
            <param index="10">
              <value>
                <![CDATA[6000]]>
              </value>
            </param>
            <param index="11">
              <value>
                <![CDATA[20]]>
              </value>
            </param>
            <param index="12">
              <value>
                <![CDATA[10]]>
              </value>
            </param>
            <param index="13">
              <value>
                <![CDATA[10]]>
              </value>
            </param>
            <param index="14">
              <value>
                <![CDATA[10000]]>
              </value>
            </param>
            <param index="15">
              <value>
                <![CDATA[6000]]>
              </value>
            </param>
            <param index="16">
              <value>
                <![CDATA[2000]]>
              </value>
            </param>
            <param index="17">
              <value>
                <![CDATA[1000]]>
              </value>
            </param>
            <param index="18">
              <value>
                <![CDATA[239.99]]>
              </value>
            </param>
            <param index="19">
              <value>
                <![CDATA[0]]>
              </value>
            </param>
            <param index="20">
              <value>
                <![CDATA[NO]]>
              </value>
            </param>
            <param index="21">
              <value>
                <![CDATA[20]]>
              </value>
            </param>
            <param index="22">
              <value>
                <![CDATA[200]]>
              </value>
            </param>
            <param index="23">
              <value>
                <![CDATA[YES]]>
              </value>
            </param>
            <param index="24">
              <value>
                <![CDATA[0]]>
              </value>
            </param>
            <param index="25">
              <value>
                <![CDATA[CP (Formula 3) - PCH]]>
              </value>
            </param>
          </params>
          <reporter-output>
            <line>
              <![CDATA[<b>Writing configuration values from property file to Excel for customer quote calculation -started</b> <br />]]>
            </line>
            <line>
              <![CDATA[<b>Writing configuration values from property file to Excel for customer quote calculation -completed</b> <br />]]>
            </line>
            <line>
              <![CDATA[<b>************Calculations for Customer Quote Page has been started***********</b> <br />]]>
            </line>
            <line>
              <![CDATA[<b>Payment Profile Monthly in Advance option has been selected</b> <br />]]>
            </line>
            <line>
              <![CDATA[<b>Clicked on Part Exchange panel</b> <br />]]>
            </line>
            <line>
              <![CDATA[<b>Writing values to Excel for customer quote calculation -started</b> <br />]]>
            </line>
            <line>
              <![CDATA[<b>Writing values to Excel for customer quote calculation -completed</b> <br />]]>
            </line>
            <line>
              <![CDATA[<b>Reading  Monthly Finance and Maintenance Rental from  Excel   -started</b> <br />]]>
            </line>
            <line>
              <![CDATA[<b>Reading  Monthly Finance and Maintenance Rental from  Excel   -completed</b> <br />]]>
            </line>
            <line>
              <![CDATA[<b>Monthly Finance Rental from Excel is =215.48887017614666</b> <br />]]>
            </line>
            <line>
              <![CDATA[<b>Monthly Finance Rental from screen is 215.49</b> <br />]]>
            </line>
            <line>
              <![CDATA[<b>Monthly Maintenance Rental from Excel is =72.0</b> <br />]]>
            </line>
            <line>
              <![CDATA[<b>Monthly Maintenance Rental from screen is 72.0</b> <br />]]>
            </line>
            <line>
              <![CDATA[<b>Started verifying Balance Due value</b> <br />]]>
            </line>
            <line>
              <![CDATA[<b>Balance due value (when part exchange toggle is OFF) is verified and found ok</b> <br />]]>
            </line>
            <line>
              <![CDATA[<b>Balance due value (when part exchange toggle is ON) is verified and found ok</b> <br />]]>
            </line>
            <line>
              <![CDATA[<b>Calculations with different payment profiles for customer quote has been started</b> <br />]]>
            </line>
            <line>
              <![CDATA[<b>Calculations with different payment profiles for customer quote has been ended</b> <br />]]>
            </line>
          </reporter-output>
        </test-method> <!-- aquisition_quotes_CP_PCH_customer_quote_payment_profile_calculations_with_maintenance_test -->
        <test-method signature="aquisition_quotes_CP_PCH_quote_summary_values_verification_with_maintenance_test(java.lang.String,java.lang.String,java.lang.String,java.lang.String,java.lang.String,java.lang.String,java.lang.String,java.lang.String,java.lang.String,java.lang.String,java.lang.String,java.lang.String,java.lang.String,java.lang.String,java.lang.String,java.lang.String,java.lang.String,java.lang.String,java.lang.String,java.lang.String,java.lang.String,java.lang.String,java.lang.String,java.lang.String,java.lang.String,java.lang.String)[pri:5, instance:com.amt.test.Acquisition_Quotes_CP_PCH_with_funder_quote_addition_with_maintenance_Test@3527942a]" started-at="2022-12-30T15:47:49 IST" name="aquisition_quotes_CP_PCH_quote_summary_values_verification_with_maintenance_test" data-provider="testData" finished-at="2022-12-30T15:48:19 IST" depends-on-methods="com.amt.test.Acquisition_Quotes_CP_PCH_with_funder_quote_addition_with_maintenance_Test.aquisition_quotes_CP_PCH_customer_quote_payment_profile_calculations_with_maintenance_test" duration-ms="30010" status="FAIL">
          <params>
            <param index="0">
              <value>
                <![CDATA[AUDI]]>
              </value>
            </param>
            <param index="1">
              <value>
                <![CDATA[A7]]>
              </value>
            </param>
            <param index="2">
              <value>
                <![CDATA[REF001]]>
              </value>
            </param>
            <param index="3">
              <value>
                <![CDATA[05/05/23]]>
              </value>
            </param>
            <param index="4">
              <value>
                <![CDATA[12]]>
              </value>
            </param>
            <param index="5">
              <value>
                <![CDATA[5000]]>
              </value>
            </param>
            <param index="6">
              <value>
                <![CDATA[1000]]>
              </value>
            </param>
            <param index="7">
              <value>
                <![CDATA[12]]>
              </value>
            </param>
            <param index="8">
              <value>
                <![CDATA[500]]>
              </value>
            </param>
            <param index="9">
              <value>
                <![CDATA[50]]>
              </value>
            </param>
            <param index="10">
              <value>
                <![CDATA[6000]]>
              </value>
            </param>
            <param index="11">
              <value>
                <![CDATA[20]]>
              </value>
            </param>
            <param index="12">
              <value>
                <![CDATA[10]]>
              </value>
            </param>
            <param index="13">
              <value>
                <![CDATA[10]]>
              </value>
            </param>
            <param index="14">
              <value>
                <![CDATA[10000]]>
              </value>
            </param>
            <param index="15">
              <value>
                <![CDATA[6000]]>
              </value>
            </param>
            <param index="16">
              <value>
                <![CDATA[2000]]>
              </value>
            </param>
            <param index="17">
              <value>
                <![CDATA[1000]]>
              </value>
            </param>
            <param index="18">
              <value>
                <![CDATA[239.99]]>
              </value>
            </param>
            <param index="19">
              <value>
                <![CDATA[0]]>
              </value>
            </param>
            <param index="20">
              <value>
                <![CDATA[NO]]>
              </value>
            </param>
            <param index="21">
              <value>
                <![CDATA[20]]>
              </value>
            </param>
            <param index="22">
              <value>
                <![CDATA[200]]>
              </value>
            </param>
            <param index="23">
              <value>
                <![CDATA[YES]]>
              </value>
            </param>
            <param index="24">
              <value>
                <![CDATA[0]]>
              </value>
            </param>
            <param index="25">
              <value>
                <![CDATA[CP (Formula 3) - PCH]]>
              </value>
            </param>
          </params>
          <exception class="java.lang.AssertionError">
            <message>
              <![CDATA[expected [true] but found [false]]]>
            </message>
            <full-stacktrace>
              <![CDATA[java.lang.AssertionError: expected [true] but found [false]
at org.testng.Assert.fail(Assert.java:99)
at org.testng.Assert.failNotEquals(Assert.java:1037)
at org.testng.Assert.assertTrue(Assert.java:45)
at org.testng.Assert.assertTrue(Assert.java:55)
at com.amt.test.Acquisition_Quotes_CP_PCH_with_funder_quote_addition_with_maintenance_Test.aquisition_quotes_CP_PCH_quote_summary_values_verification_with_maintenance_test(Acquisition_Quotes_CP_PCH_with_funder_quote_addition_with_maintenance_Test.java:148)
at java.base/jdk.internal.reflect.NativeMethodAccessorImpl.invoke0(Native Method)
at java.base/jdk.internal.reflect.NativeMethodAccessorImpl.invoke(NativeMethodAccessorImpl.java:77)
at java.base/jdk.internal.reflect.DelegatingMethodAccessorImpl.invoke(DelegatingMethodAccessorImpl.java:43)
at java.base/java.lang.reflect.Method.invoke(Method.java:568)
at org.testng.internal.MethodInvocationHelper.invokeMethod(MethodInvocationHelper.java:133)
at org.testng.internal.TestInvoker.invokeMethod(TestInvoker.java:598)
at org.testng.internal.TestInvoker.invokeTestMethod(TestInvoker.java:173)
at org.testng.internal.MethodRunner.runInSequence(MethodRunner.java:46)
at org.testng.internal.TestInvoker$MethodInvocationAgent.invoke(TestInvoker.java:824)
at org.testng.internal.TestInvoker.invokeTestMethods(TestInvoker.java:146)
at org.testng.internal.TestMethodWorker.invokeTestMethods(TestMethodWorker.java:146)
at org.testng.internal.TestMethodWorker.run(TestMethodWorker.java:128)
at java.base/java.util.ArrayList.forEach(ArrayList.java:1511)
at org.testng.TestRunner.privateRun(TestRunner.java:794)
at org.testng.TestRunner.run(TestRunner.java:596)
at org.testng.SuiteRunner.runTest(SuiteRunner.java:377)
at org.testng.SuiteRunner.runSequentially(SuiteRunner.java:371)
at org.testng.SuiteRunner.privateRun(SuiteRunner.java:332)
at org.testng.SuiteRunner.run(SuiteRunner.java:276)
at org.testng.SuiteRunnerWorker.runSuite(SuiteRunnerWorker.java:53)
at org.testng.SuiteRunnerWorker.run(SuiteRunnerWorker.java:96)
at org.testng.TestNG.runSuitesSequentially(TestNG.java:1212)
at org.testng.TestNG.runSuitesLocally(TestNG.java:1134)
at org.testng.TestNG.runSuites(TestNG.java:1063)
at org.testng.TestNG.run(TestNG.java:1031)
at org.testng.remote.AbstractRemoteTestNG.run(AbstractRemoteTestNG.java:115)
at org.testng.remote.RemoteTestNG.initAndRun(RemoteTestNG.java:251)
at org.testng.remote.RemoteTestNG.main(RemoteTestNG.java:77)
]]>
            </full-stacktrace>
          </exception> <!-- java.lang.AssertionError -->
          <reporter-output>
            <line>
              <![CDATA[<b>*************Calculations for Quote Summary page gas been started************</b> <br />]]>
            </line>
            <line>
              <![CDATA[<b>Reading values from sceen -Quote Summary Page</b> <br />]]>
            </line>
            <line>
              <![CDATA[<b>Getting values from screen</b> <br />]]>
            </line>
            <line>
              <![CDATA[<b>Quote_summary_cost_otr_price =58,525.00</b> <br />]]>
            </line>
            <line>
              <![CDATA[<b>Quote_summary_total_monthly_holding_cost =-167.96</b> <br />]]>
            </line>
            <line>
              <![CDATA[<b>Quote_summary_monthly_finance_rental =-117.85</b> <br />]]>
            </line>
            <line>
              <![CDATA[<b>Acquisition contract_type =Contract Purchase</b> <br />]]>
            </line>
            <line>
              <![CDATA[<b>Customer contract_type =Personal Contract Hire</b> <br />]]>
            </line>
            <line>
              <![CDATA[<b>Customer Quote generated successfully and Quote_ref_no =IHR06309</b> <br />]]>
            </line>
            <line>
              <![CDATA[<b>Reading values from excel sheet to compare it with quote summary on screen values</b> <br />]]>
            </line>
            <line>
              <![CDATA[<b>Comparing excel values with actual values on screen</b> <br />]]>
            </line>
            <line>
              <![CDATA[<b>OTR price compared</b> <br />]]>
            </line>
            <line>
              <![CDATA[<b>Total monthly holding cost compared</b> <br />]]>
            </line>
            <line>
              <![CDATA[<b>Finance Rental compared</b> <br />]]>
            </line>
            <line>
              <![CDATA[<b>Found difference between Maintenance Rental actual and Maintenance Rental expected on Quote Summary Page</b> <br />]]>
            </line>
            <line>
              <![CDATA[<br>----------Screenshot---------<br>]]>
            </line>
            <line>
              <![CDATA[<img src="D:\StagingNew\AMT_Automation\target\surefire-reports\html\failure_screenshots\aquisition_quotes_CP_PCH_quote_summary_values_verification_with_maintenance_test_30_12_2022_03_48_19.png" height="800" width="1000">]]>
            </line>
          </reporter-output>
        </test-method> <!-- aquisition_quotes_CP_PCH_quote_summary_values_verification_with_maintenance_test -->
      </class> <!-- com.amt.test.Acquisition_Quotes_CP_PCH_with_funder_quote_addition_with_maintenance_Test -->
    </test> <!-- Default test -->
  </suite> <!-- Default suite -->
</testng-results>
