<?xml version="1.0" encoding="UTF-8"?>
<testng-results ignored="12" total="15" passed="2" failed="1" skipped="0">
  <reporter-output>
    <line>
      <![CDATA[<b></b> <br />]]>
    </line>
    <line>
      <![CDATA[<b>Searching for Order ID ZU-54179</b> <br />]]>
    </line>
    <line>
      <![CDATA[<b></b> <br />]]>
    </line>
    <line>
      <![CDATA[<b>Opening Customer Contract Tab</b> <br />]]>
    </line>
    <line>
      <![CDATA[<b>Started verifying acceptance conditions default status</b> <br />]]>
    </line>
    <line>
      <![CDATA[<b>Default status for acceptance condition for ownbook - Found OK i.e Not Required</b> <br />]]>
    </line>
    <line>
      <![CDATA[<b></b> <br />]]>
    </line>
    <line>
      <![CDATA[<b>CCT86603 != TOI31237</b> <br />]]>
    </line>
    <line>
      <![CDATA[<b>Quote no. compared but found not ok</b> <br />]]>
    </line>
    <line>
      <![CDATA[<b></b> <br />]]>
    </line>
    <line>
      <![CDATA[<b>AUDI A7 DIESEL SPORTBACK (2018 - Current) 40 TDI Quattro Black Edition 5dr S Tronic = AUDI A7 DIESEL SPORTBACK (2018 - Current) 40 TDI Quattro Black Edition 5dr S Tronic</b> <br />]]>
    </line>
    <line>
      <![CDATA[<b>Vehicle name compared and found ok</b> <br />]]>
    </line>
    <line>
      <![CDATA[<b></b> <br />]]>
    </line>
    <line>
      <![CDATA[<b>Business Contract Hire = Business Contract Hire</b> <br />]]>
    </line>
    <line>
      <![CDATA[<b>Contract type compared and found ok</b> <br />]]>
    </line>
    <line>
      <![CDATA[<b></b> <br />]]>
    </line>
    <line>
      <![CDATA[<b>35.0 = 35.0</b> <br />]]>
    </line>
    <line>
      <![CDATA[<b>Terms compared and found ok</b> <br />]]>
    </line>
    <line>
      <![CDATA[<b></b> <br />]]>
    </line>
    <line>
      <![CDATA[<b>35000.0 = 35000.0</b> <br />]]>
    </line>
    <line>
      <![CDATA[<b>Mileage compared and found ok</b> <br />]]>
    </line>
    <line>
      <![CDATA[<b></b> <br />]]>
    </line>
    <line>
      <![CDATA[<b>1518.04 = 1518.0397957301293</b> <br />]]>
    </line>
    <line>
      <![CDATA[<b>Monthly Finance Rental compared and found ok</b> <br />]]>
    </line>
    <line>
      <![CDATA[<b></b> <br />]]>
    </line>
    <line>
      <![CDATA[<b>334.5 != 1518.03979573013</b> <br />]]>
    </line>
    <line>
      <![CDATA[<b>Initial Finance Rental found wrong</b> <br />]]>
    </line>
    <line>
      <![CDATA[<b></b> <br />]]>
    </line>
    <line>
      <![CDATA[<b>34.0 = 34.0</b> <br />]]>
    </line>
    <line>
      <![CDATA[<b>Followed By months - found OK</b> <br />]]>
    </line>
    <line>
      <![CDATA[<b></b> <br />]]>
    </line>
    <line>
      <![CDATA[<b>41.6 = 41.6772</b> <br />]]>
    </line>
    <line>
      <![CDATA[<b>Pence per excess mile finance - found OK</b> <br />]]>
    </line>
    <line>
      <![CDATA[<b></b> <br />]]>
    </line>
    <line>
      <![CDATA[<b>199.99 = 199.99</b> <br />]]>
    </line>
    <line>
      <![CDATA[<b>Document Fee - found OK</b> <br />]]>
    </line>
    <line>
      <![CDATA[<b></b> <br />]]>
    </line>
    <line>
      <![CDATA[<b>400.0 = 400.0</b> <br />]]>
    </line>
    <line>
      <![CDATA[<b>Upsell - found OK</b> <br />]]>
    </line>
    <line>
      <![CDATA[<b></b> <br />]]>
    </line>
    <line>
      <![CDATA[<b>1133.58 = 1133.5812499999981</b> <br />]]>
    </line>
    <line>
      <![CDATA[<b>Default Finance Commission - found OK</b> <br />]]>
    </line>
    <line>
      <![CDATA[<b></b> <br />]]>
    </line>
    <line>
      <![CDATA[<b>400.0 = 400.0</b> <br />]]>
    </line>
    <line>
      <![CDATA[<b>Upsell Commission - found OK</b> <br />]]>
    </line>
    <line>
      <![CDATA[<b></b> <br />]]>
    </line>
    <line>
      <![CDATA[<b>99.99 = 99.99000000000001</b> <br />]]>
    </line>
    <line>
      <![CDATA[<b>Document Fee Commission - found OK</b> <br />]]>
    </line>
    <line>
      <![CDATA[<b></b> <br />]]>
    </line>
    <line>
      <![CDATA[<b>1727.36 = 1727.3546499999984</b> <br />]]>
    </line>
    <line>
      <![CDATA[<b>Total Commission - found OK</b> <br />]]>
    </line>
    <line>
      <![CDATA[<b></b> <br />]]>
    </line>
    <line>
      <![CDATA[<b>200.0 = 200.0</b> <br />]]>
    </line>
    <line>
      <![CDATA[<b>Referrer Commission - found OK</b> <br />]]>
    </line>
    <line>
      <![CDATA[<b></b> <br />]]>
    </line>
    <line>
      <![CDATA[<b>6.5 = 6.5</b> <br />]]>
    </line>
    <line>
      <![CDATA[<b>Base Interest Rate found OK</b> <br />]]>
    </line>
    <line>
      <![CDATA[<b></b> <br />]]>
    </line>
    <line>
      <![CDATA[<b>10000.0 = 10000.0</b> <br />]]>
    </line>
    <line>
      <![CDATA[<b>Finance Margin found OK</b> <br />]]>
    </line>
    <line>
      <![CDATA[<b></b> <br />]]>
    </line>
    <line>
      <![CDATA[<b>1133.58 = 1133.5812499999981</b> <br />]]>
    </line>
    <line>
      <![CDATA[<b>Deductions found OK</b> <br />]]>
    </line>
    <line>
      <![CDATA[<b></b> <br />]]>
    </line>
    <line>
      <![CDATA[<b>1277.85 = 1277.824000000002</b> <br />]]>
    </line>
    <line>
      <![CDATA[<b>Additional Margin found OK</b> <br />]]>
    </line>
    <line>
      <![CDATA[<b></b> <br />]]>
    </line>
    <line>
      <![CDATA[<b>10144.27 = 10144.242750000005</b> <br />]]>
    </line>
    <line>
      <![CDATA[<b>Total Margin found OK</b> <br />]]>
    </line>
    <line>
      <![CDATA[<b></b> <br />]]>
    </line>
    <line>
      <![CDATA[<b>1.96 = 1.9583333333333348</b> <br />]]>
    </line>
    <line>
      <![CDATA[<b>Default Broker Margin percentage found OK</b> <br />]]>
    </line>
    <line>
      <![CDATA[<b></b> <br />]]>
    </line>
    <line>
      <![CDATA[<b>0.1 = 0.1</b> <br />]]>
    </line>
    <line>
      <![CDATA[<b>Broker Upsell Margin percentage found OK</b> <br />]]>
    </line>
    <line>
      <![CDATA[<b></b> <br />]]>
    </line>
    <line>
      <![CDATA[<b>400.0 != 40.0</b> <br />]]>
    </line>
    <line>
      <![CDATA[<b>Broker Upsell Margin  found wrong</b> <br />]]>
    </line>
    <line>
      <![CDATA[<b></b> <br />]]>
    </line>
    <line>
      <![CDATA[<b>99.99 = 99.99000000000001</b> <br />]]>
    </line>
    <line>
      <![CDATA[<b>Document Fee Margin  found OK</b> <br />]]>
    </line>
    <line>
      <![CDATA[<b></b> <br />]]>
    </line>
    <line>
      <![CDATA[<b>200.0 = 200.00000000000003</b> <br />]]>
    </line>
    <line>
      <![CDATA[<b>Refferer Margin  found OK</b> <br />]]>
    </line>
    <line>
      <![CDATA[<br>----------Screenshot---------<br>]]>
    </line>
    <line>
      <![CDATA[<img src="D:\Orders_Vehicles\AMT_Orders_Vehicles\target\surefire-reports\html\failure_screenshots\T10_verify_summary_section_values_18_12_2023_04_25_26.png" height="800" width="1000">]]>
    </line>
  </reporter-output>
  <suite started-at="2023-12-18T16:22:48 IST" name="Default suite" finished-at="2023-12-18T16:25:26 IST" duration-ms="157185">
    <groups>
    </groups>
    <test started-at="2023-12-18T16:22:48 IST" name="Default test" finished-at="2023-12-18T16:25:26 IST" duration-ms="157185">
      <class name="orders.Orders_Verify_ownbook_business_hire_With_Customer_Flow_Test">
        <test-method is-config="true" signature="start_info()[pri:0, instance:orders.Orders_Verify_ownbook_business_hire_With_Customer_Flow_Test@1530c739]" started-at="2023-12-18T16:22:49 IST" name="start_info" finished-at="2023-12-18T16:22:49 IST" duration-ms="8" status="PASS">
          <reporter-output>
          </reporter-output>
        </test-method> <!-- start_info -->
        <test-method is-config="true" signature="setup()[pri:0, instance:orders.Orders_Verify_ownbook_business_hire_With_Customer_Flow_Test@1530c739]" started-at="2023-12-18T16:22:49 IST" name="setup" finished-at="2023-12-18T16:22:59 IST" duration-ms="10488" status="PASS">
          <reporter-output>
          </reporter-output>
        </test-method> <!-- setup -->
        <test-method signature="T1_open_order_created_in_acquisition_test()[pri:1, instance:orders.Orders_Verify_ownbook_business_hire_With_Customer_Flow_Test@1530c739]" started-at="2023-12-18T16:22:59 IST" name="T1_open_order_created_in_acquisition_test" finished-at="2023-12-18T16:24:20 IST" duration-ms="81482" status="PASS">
          <reporter-output>
            <line>
              <![CDATA[<b></b> <br />]]>
            </line>
            <line>
              <![CDATA[<b>Searching for Order ID ZU-54179</b> <br />]]>
            </line>
          </reporter-output>
        </test-method> <!-- T1_open_order_created_in_acquisition_test -->
        <test-method signature="T9_verify_default_status_acceptance_conditions_for_ownbook_hire_flow()[pri:9, instance:orders.Orders_Verify_ownbook_business_hire_With_Customer_Flow_Test@1530c739]" started-at="2023-12-18T16:24:20 IST" name="T9_verify_default_status_acceptance_conditions_for_ownbook_hire_flow" finished-at="2023-12-18T16:24:33 IST" depends-on-methods="orders.Orders_Verify_ownbook_business_hire_With_Customer_Flow_Test.T1_open_order_created_in_acquisition_test" duration-ms="12416" status="PASS">
          <reporter-output>
            <line>
              <![CDATA[<b></b> <br />]]>
            </line>
            <line>
              <![CDATA[<b>Opening Customer Contract Tab</b> <br />]]>
            </line>
            <line>
              <![CDATA[<b>Started verifying acceptance conditions default status</b> <br />]]>
            </line>
            <line>
              <![CDATA[<b>Default status for acceptance condition for ownbook - Found OK i.e Not Required</b> <br />]]>
            </line>
          </reporter-output>
        </test-method> <!-- T9_verify_default_status_acceptance_conditions_for_ownbook_hire_flow -->
        <test-method signature="T10_verify_summary_section_values()[pri:10, instance:orders.Orders_Verify_ownbook_business_hire_With_Customer_Flow_Test@1530c739]" started-at="2023-12-18T16:24:33 IST" name="T10_verify_summary_section_values" finished-at="2023-12-18T16:25:26 IST" depends-on-methods="orders.Orders_Verify_ownbook_business_hire_With_Customer_Flow_Test.T9_verify_default_status_acceptance_conditions_for_ownbook_hire_flow" duration-ms="52591" status="FAIL">
          <exception class="java.lang.AssertionError">
            <message>
              <![CDATA[expected [true] but found [false]]]>
            </message>
            <full-stacktrace>
              <![CDATA[java.lang.AssertionError: expected [true] but found [false]
at org.testng.Assert.fail(Assert.java:99)
at org.testng.Assert.failNotEquals(Assert.java:1037)
at org.testng.Assert.assertTrue(Assert.java:45)
at org.testng.Assert.assertTrue(Assert.java:55)
at orders.Orders_Verify_ownbook_business_hire_With_Customer_Flow_Test.T10_verify_summary_section_values(Orders_Verify_ownbook_business_hire_With_Customer_Flow_Test.java:180)
at java.base/jdk.internal.reflect.DirectMethodHandleAccessor.invoke(DirectMethodHandleAccessor.java:104)
at java.base/java.lang.reflect.Method.invoke(Method.java:578)
at org.testng.internal.MethodInvocationHelper.invokeMethod(MethodInvocationHelper.java:133)
at org.testng.internal.TestInvoker.invokeMethod(TestInvoker.java:598)
at org.testng.internal.TestInvoker.invokeTestMethod(TestInvoker.java:173)
at org.testng.internal.MethodRunner.runInSequence(MethodRunner.java:46)
at org.testng.internal.TestInvoker$MethodInvocationAgent.invoke(TestInvoker.java:824)
at org.testng.internal.TestInvoker.invokeTestMethods(TestInvoker.java:146)
at org.testng.internal.TestMethodWorker.invokeTestMethods(TestMethodWorker.java:146)
at org.testng.internal.TestMethodWorker.run(TestMethodWorker.java:128)
at java.base/java.util.ArrayList.forEach(ArrayList.java:1511)
at org.testng.TestRunner.privateRun(TestRunner.java:794)
at org.testng.TestRunner.run(TestRunner.java:596)
at org.testng.SuiteRunner.runTest(SuiteRunner.java:377)
at org.testng.SuiteRunner.runSequentially(SuiteRunner.java:371)
at org.testng.SuiteRunner.privateRun(SuiteRunner.java:332)
at org.testng.SuiteRunner.run(SuiteRunner.java:276)
at org.testng.SuiteRunnerWorker.runSuite(SuiteRunnerWorker.java:53)
at org.testng.SuiteRunnerWorker.run(SuiteRunnerWorker.java:96)
at org.testng.TestNG.runSuitesSequentially(TestNG.java:1212)
at org.testng.TestNG.runSuitesLocally(TestNG.java:1134)
at org.testng.TestNG.runSuites(TestNG.java:1063)
at org.testng.TestNG.run(TestNG.java:1031)
at org.testng.remote.AbstractRemoteTestNG.run(AbstractRemoteTestNG.java:115)
at org.testng.remote.RemoteTestNG.initAndRun(RemoteTestNG.java:251)
at org.testng.remote.RemoteTestNG.main(RemoteTestNG.java:77)
]]>
            </full-stacktrace>
          </exception> <!-- java.lang.AssertionError -->
          <reporter-output>
            <line>
              <![CDATA[<b></b> <br />]]>
            </line>
            <line>
              <![CDATA[<b>CCT86603 != TOI31237</b> <br />]]>
            </line>
            <line>
              <![CDATA[<b>Quote no. compared but found not ok</b> <br />]]>
            </line>
            <line>
              <![CDATA[<b></b> <br />]]>
            </line>
            <line>
              <![CDATA[<b>AUDI A7 DIESEL SPORTBACK (2018 - Current) 40 TDI Quattro Black Edition 5dr S Tronic = AUDI A7 DIESEL SPORTBACK (2018 - Current) 40 TDI Quattro Black Edition 5dr S Tronic</b> <br />]]>
            </line>
            <line>
              <![CDATA[<b>Vehicle name compared and found ok</b> <br />]]>
            </line>
            <line>
              <![CDATA[<b></b> <br />]]>
            </line>
            <line>
              <![CDATA[<b>Business Contract Hire = Business Contract Hire</b> <br />]]>
            </line>
            <line>
              <![CDATA[<b>Contract type compared and found ok</b> <br />]]>
            </line>
            <line>
              <![CDATA[<b></b> <br />]]>
            </line>
            <line>
              <![CDATA[<b>35.0 = 35.0</b> <br />]]>
            </line>
            <line>
              <![CDATA[<b>Terms compared and found ok</b> <br />]]>
            </line>
            <line>
              <![CDATA[<b></b> <br />]]>
            </line>
            <line>
              <![CDATA[<b>35000.0 = 35000.0</b> <br />]]>
            </line>
            <line>
              <![CDATA[<b>Mileage compared and found ok</b> <br />]]>
            </line>
            <line>
              <![CDATA[<b></b> <br />]]>
            </line>
            <line>
              <![CDATA[<b>1518.04 = 1518.0397957301293</b> <br />]]>
            </line>
            <line>
              <![CDATA[<b>Monthly Finance Rental compared and found ok</b> <br />]]>
            </line>
            <line>
              <![CDATA[<b></b> <br />]]>
            </line>
            <line>
              <![CDATA[<b>334.5 != 1518.03979573013</b> <br />]]>
            </line>
            <line>
              <![CDATA[<b>Initial Finance Rental found wrong</b> <br />]]>
            </line>
            <line>
              <![CDATA[<b></b> <br />]]>
            </line>
            <line>
              <![CDATA[<b>34.0 = 34.0</b> <br />]]>
            </line>
            <line>
              <![CDATA[<b>Followed By months - found OK</b> <br />]]>
            </line>
            <line>
              <![CDATA[<b></b> <br />]]>
            </line>
            <line>
              <![CDATA[<b>41.6 = 41.6772</b> <br />]]>
            </line>
            <line>
              <![CDATA[<b>Pence per excess mile finance - found OK</b> <br />]]>
            </line>
            <line>
              <![CDATA[<b></b> <br />]]>
            </line>
            <line>
              <![CDATA[<b>199.99 = 199.99</b> <br />]]>
            </line>
            <line>
              <![CDATA[<b>Document Fee - found OK</b> <br />]]>
            </line>
            <line>
              <![CDATA[<b></b> <br />]]>
            </line>
            <line>
              <![CDATA[<b>400.0 = 400.0</b> <br />]]>
            </line>
            <line>
              <![CDATA[<b>Upsell - found OK</b> <br />]]>
            </line>
            <line>
              <![CDATA[<b></b> <br />]]>
            </line>
            <line>
              <![CDATA[<b>1133.58 = 1133.5812499999981</b> <br />]]>
            </line>
            <line>
              <![CDATA[<b>Default Finance Commission - found OK</b> <br />]]>
            </line>
            <line>
              <![CDATA[<b></b> <br />]]>
            </line>
            <line>
              <![CDATA[<b>400.0 = 400.0</b> <br />]]>
            </line>
            <line>
              <![CDATA[<b>Upsell Commission - found OK</b> <br />]]>
            </line>
            <line>
              <![CDATA[<b></b> <br />]]>
            </line>
            <line>
              <![CDATA[<b>99.99 = 99.99000000000001</b> <br />]]>
            </line>
            <line>
              <![CDATA[<b>Document Fee Commission - found OK</b> <br />]]>
            </line>
            <line>
              <![CDATA[<b></b> <br />]]>
            </line>
            <line>
              <![CDATA[<b>1727.36 = 1727.3546499999984</b> <br />]]>
            </line>
            <line>
              <![CDATA[<b>Total Commission - found OK</b> <br />]]>
            </line>
            <line>
              <![CDATA[<b></b> <br />]]>
            </line>
            <line>
              <![CDATA[<b>200.0 = 200.0</b> <br />]]>
            </line>
            <line>
              <![CDATA[<b>Referrer Commission - found OK</b> <br />]]>
            </line>
            <line>
              <![CDATA[<b></b> <br />]]>
            </line>
            <line>
              <![CDATA[<b>6.5 = 6.5</b> <br />]]>
            </line>
            <line>
              <![CDATA[<b>Base Interest Rate found OK</b> <br />]]>
            </line>
            <line>
              <![CDATA[<b></b> <br />]]>
            </line>
            <line>
              <![CDATA[<b>10000.0 = 10000.0</b> <br />]]>
            </line>
            <line>
              <![CDATA[<b>Finance Margin found OK</b> <br />]]>
            </line>
            <line>
              <![CDATA[<b></b> <br />]]>
            </line>
            <line>
              <![CDATA[<b>1133.58 = 1133.5812499999981</b> <br />]]>
            </line>
            <line>
              <![CDATA[<b>Deductions found OK</b> <br />]]>
            </line>
            <line>
              <![CDATA[<b></b> <br />]]>
            </line>
            <line>
              <![CDATA[<b>1277.85 = 1277.824000000002</b> <br />]]>
            </line>
            <line>
              <![CDATA[<b>Additional Margin found OK</b> <br />]]>
            </line>
            <line>
              <![CDATA[<b></b> <br />]]>
            </line>
            <line>
              <![CDATA[<b>10144.27 = 10144.242750000005</b> <br />]]>
            </line>
            <line>
              <![CDATA[<b>Total Margin found OK</b> <br />]]>
            </line>
            <line>
              <![CDATA[<b></b> <br />]]>
            </line>
            <line>
              <![CDATA[<b>1.96 = 1.9583333333333348</b> <br />]]>
            </line>
            <line>
              <![CDATA[<b>Default Broker Margin percentage found OK</b> <br />]]>
            </line>
            <line>
              <![CDATA[<b></b> <br />]]>
            </line>
            <line>
              <![CDATA[<b>0.1 = 0.1</b> <br />]]>
            </line>
            <line>
              <![CDATA[<b>Broker Upsell Margin percentage found OK</b> <br />]]>
            </line>
            <line>
              <![CDATA[<b></b> <br />]]>
            </line>
            <line>
              <![CDATA[<b>400.0 != 40.0</b> <br />]]>
            </line>
            <line>
              <![CDATA[<b>Broker Upsell Margin  found wrong</b> <br />]]>
            </line>
            <line>
              <![CDATA[<b></b> <br />]]>
            </line>
            <line>
              <![CDATA[<b>99.99 = 99.99000000000001</b> <br />]]>
            </line>
            <line>
              <![CDATA[<b>Document Fee Margin  found OK</b> <br />]]>
            </line>
            <line>
              <![CDATA[<b></b> <br />]]>
            </line>
            <line>
              <![CDATA[<b>200.0 = 200.00000000000003</b> <br />]]>
            </line>
            <line>
              <![CDATA[<b>Refferer Margin  found OK</b> <br />]]>
            </line>
            <line>
              <![CDATA[<br>----------Screenshot---------<br>]]>
            </line>
            <line>
              <![CDATA[<img src="D:\Orders_Vehicles\AMT_Orders_Vehicles\target\surefire-reports\html\failure_screenshots\T10_verify_summary_section_values_18_12_2023_04_25_26.png" height="800" width="1000">]]>
            </line>
          </reporter-output>
        </test-method> <!-- T10_verify_summary_section_values -->
        <test-method is-config="true" signature="end()[pri:0, instance:orders.Orders_Verify_ownbook_business_hire_With_Customer_Flow_Test@1530c739]" started-at="2023-12-18T16:25:26 IST" name="end" finished-at="2023-12-18T16:25:26 IST" duration-ms="0" status="PASS">
          <reporter-output>
          </reporter-output>
        </test-method> <!-- end -->
      </class> <!-- orders.Orders_Verify_ownbook_business_hire_With_Customer_Flow_Test -->
    </test> <!-- Default test -->
  </suite> <!-- Default suite -->
</testng-results>
