<?xml version="1.0" encoding="UTF-8"?>
<testng-results ignored="0" total="2" passed="2" failed="0" skipped="0">
  <reporter-output>
    <line>
      <![CDATA[<b>Clicked on Quote button </b> <br />]]>
    </line>
    <line>
      <![CDATA[<b>Selecting used vehicle with registration no. = GY19XAG and mileage = 1000</b> <br />]]>
    </line>
    <line>
      <![CDATA[<b>Vehicle selected</b> <br />]]>
    </line>
    <line>
      <![CDATA[<b>Paint option has been selected</b> <br />]]>
    </line>
    <line>
      <![CDATA[<b>Interior option has been selected</b> <br />]]>
    </line>
    <line>
      <![CDATA[<b> Acquisition Contract type option = HPNR has been selected</b> <br />]]>
    </line>
    <line>
      <![CDATA[<b> Customer Contract type option = Business Contract Hire(BCH) has been selected</b> <br />]]>
    </line>
    <line>
      <![CDATA[<b>Cost Price ex VAT and RFL from screen is 24458.33</b> <br />]]>
    </line>
    <line>
      <![CDATA[<b>VAT from screen is 4891.67</b> <br />]]>
    </line>
    <line>
      <![CDATA[<b>RFL AND FRF from screen is 165.0</b> <br />]]>
    </line>
    <line>
      <![CDATA[<b>Cost Price ex VAT and RFL calculated is 24458.33</b> <br />]]>
    </line>
    <line>
      <![CDATA[<b>Cost Price ex VAT and RFL verified and found OK</b> <br />]]>
    </line>
    <line>
      <![CDATA[<b>Putting vehicle cost price from test data = 60000</b> <br />]]>
    </line>
    <line>
      <![CDATA[<b>Putting RFL from test data = 1000</b> <br />]]>
    </line>
    <line>
      <![CDATA[<b>Reading values from screen after editing Vehicle cost price</b> <br />]]>
    </line>
    <line>
      <![CDATA[<b>Cost Price ex VAT and RFL from screen is 60000.0</b> <br />]]>
    </line>
    <line>
      <![CDATA[<b>VAT from screen is 12000.0</b> <br />]]>
    </line>
    <line>
      <![CDATA[<b>RFL AND FRF from screen is 1000.0</b> <br />]]>
    </line>
    <line>
      <![CDATA[<b>Cost Price ex VAT and RFL calculated is 60000.0</b> <br />]]>
    </line>
    <line>
      <![CDATA[<b>Cost Price ex VAT and RFL verified and found OK</b> <br />]]>
    </line>
  </reporter-output>
  <suite started-at="2023-01-20T15:26:04 IST" name="Default suite" finished-at="2023-01-20T15:26:57 IST" duration-ms="53521">
    <groups>
    </groups>
    <test started-at="2023-01-20T15:26:04 IST" name="Default test" finished-at="2023-01-20T15:26:57 IST" duration-ms="53521">
      <class name="com.amt.test.HPNR.Acquisition_Quotes_HPNR_BCH_used_car_with_maintenance_Test">
        <test-method is-config="true" signature="setup()[pri:0, instance:com.amt.test.HPNR.Acquisition_Quotes_HPNR_BCH_used_car_with_maintenance_Test@73e9cf30]" started-at="2023-01-20T15:26:04 IST" name="setup" finished-at="2023-01-20T15:26:13 IST" duration-ms="9095" status="PASS">
          <reporter-output>
          </reporter-output>
        </test-method> <!-- setup -->
        <test-method signature="aquisition_quotes_HPNR_BCH_used_car_OTR_calculation_with_maintenance_test(java.lang.String,java.lang.String,java.lang.String,java.lang.String)[pri:1, instance:com.amt.test.HPNR.Acquisition_Quotes_HPNR_BCH_used_car_with_maintenance_Test@73e9cf30]" started-at="2023-01-20T15:26:15 IST" name="aquisition_quotes_HPNR_BCH_used_car_OTR_calculation_with_maintenance_test" data-provider="testData" finished-at="2023-01-20T15:26:52 IST" duration-ms="37085" status="PASS">
          <params>
            <param index="0">
              <value>
                <![CDATA[GY19XAG]]>
              </value>
            </param>
            <param index="1">
              <value>
                <![CDATA[1000]]>
              </value>
            </param>
            <param index="2">
              <value>
                <![CDATA[60000]]>
              </value>
            </param>
            <param index="3">
              <value>
                <![CDATA[1000]]>
              </value>
            </param>
          </params>
          <reporter-output>
            <line>
              <![CDATA[<b>Clicked on Quote button </b> <br />]]>
            </line>
            <line>
              <![CDATA[<b>Selecting used vehicle with registration no. = GY19XAG and mileage = 1000</b> <br />]]>
            </line>
            <line>
              <![CDATA[<b>Vehicle selected</b> <br />]]>
            </line>
            <line>
              <![CDATA[<b>Paint option has been selected</b> <br />]]>
            </line>
            <line>
              <![CDATA[<b>Interior option has been selected</b> <br />]]>
            </line>
            <line>
              <![CDATA[<b> Acquisition Contract type option = HPNR has been selected</b> <br />]]>
            </line>
            <line>
              <![CDATA[<b> Customer Contract type option = Business Contract Hire(BCH) has been selected</b> <br />]]>
            </line>
            <line>
              <![CDATA[<b>Cost Price ex VAT and RFL from screen is 24458.33</b> <br />]]>
            </line>
            <line>
              <![CDATA[<b>VAT from screen is 4891.67</b> <br />]]>
            </line>
            <line>
              <![CDATA[<b>RFL AND FRF from screen is 165.0</b> <br />]]>
            </line>
            <line>
              <![CDATA[<b>Cost Price ex VAT and RFL calculated is 24458.33</b> <br />]]>
            </line>
            <line>
              <![CDATA[<b>Cost Price ex VAT and RFL verified and found OK</b> <br />]]>
            </line>
          </reporter-output>
        </test-method> <!-- aquisition_quotes_HPNR_BCH_used_car_OTR_calculation_with_maintenance_test -->
        <test-method signature="aquisition_quotes_HPNR_BCH_used_car_edit_cost_price_and_check_OTR_with_maintenance_test(java.lang.String,java.lang.String,java.lang.String,java.lang.String)[pri:2, instance:com.amt.test.HPNR.Acquisition_Quotes_HPNR_BCH_used_car_with_maintenance_Test@73e9cf30]" started-at="2023-01-20T15:26:52 IST" name="aquisition_quotes_HPNR_BCH_used_car_edit_cost_price_and_check_OTR_with_maintenance_test" data-provider="testData" finished-at="2023-01-20T15:26:57 IST" duration-ms="5188" status="PASS">
          <params>
            <param index="0">
              <value>
                <![CDATA[GY19XAG]]>
              </value>
            </param>
            <param index="1">
              <value>
                <![CDATA[1000]]>
              </value>
            </param>
            <param index="2">
              <value>
                <![CDATA[60000]]>
              </value>
            </param>
            <param index="3">
              <value>
                <![CDATA[1000]]>
              </value>
            </param>
          </params>
          <reporter-output>
            <line>
              <![CDATA[<b>Putting vehicle cost price from test data = 60000</b> <br />]]>
            </line>
            <line>
              <![CDATA[<b>Putting RFL from test data = 1000</b> <br />]]>
            </line>
            <line>
              <![CDATA[<b>Reading values from screen after editing Vehicle cost price</b> <br />]]>
            </line>
            <line>
              <![CDATA[<b>Cost Price ex VAT and RFL from screen is 60000.0</b> <br />]]>
            </line>
            <line>
              <![CDATA[<b>VAT from screen is 12000.0</b> <br />]]>
            </line>
            <line>
              <![CDATA[<b>RFL AND FRF from screen is 1000.0</b> <br />]]>
            </line>
            <line>
              <![CDATA[<b>Cost Price ex VAT and RFL calculated is 60000.0</b> <br />]]>
            </line>
            <line>
              <![CDATA[<b>Cost Price ex VAT and RFL verified and found OK</b> <br />]]>
            </line>
          </reporter-output>
        </test-method> <!-- aquisition_quotes_HPNR_BCH_used_car_edit_cost_price_and_check_OTR_with_maintenance_test -->
      </class> <!-- com.amt.test.HPNR.Acquisition_Quotes_HPNR_BCH_used_car_with_maintenance_Test -->
    </test> <!-- Default test -->
  </suite> <!-- Default suite -->
</testng-results>
