<?xml version="1.0" encoding="UTF-8"?>
<testng-results ignored="3" total="4" passed="1" failed="0" skipped="0">
  <reporter-output>
    <line>
      <![CDATA[<b>Clicked on Leads on Side Menu</b> <br />]]>
    </line>
    <line>
      <![CDATA[<b>Clicked on add lead</b> <br />]]>
    </line>
    <line>
      <![CDATA[<b>Lead is assigned</b> <br />]]>
    </line>
    <line>
      <![CDATA[<b>Added data in General Notes</b> <br />]]>
    </line>
    <line>
      <![CDATA[<b>Customer type - Individual selected</b> <br />]]>
    </line>
    <line>
      <![CDATA[<b>Clicked on Communication_Add note</b> <br />]]>
    </line>
    <line>
      <![CDATA[<b>Clicked on Communication_Log_a_call</b> <br />]]>
    </line>
    <line>
      <![CDATA[<b>Clicked on Add new vehicle request</b> <br />]]>
    </line>
    <line>
      <![CDATA[<b>Clicked on broker channel</b> <br />]]>
    </line>
    <line>
      <![CDATA[<b>Vehicle request for broker has been saved</b> <br />]]>
    </line>
    <line>
      <![CDATA[<b>Click on Map New Quote icon</b> <br />]]>
    </line>
    <line>
      <![CDATA[<b>Click on acquisition contract type icon</b> <br />]]>
    </line>
    <line>
      <![CDATA[<b>Click on customer contract type icon</b> <br />]]>
    </line>
    <line>
      <![CDATA[<b>Click on search button</b> <br />]]>
    </line>
    <line>
      <![CDATA[<b>Click on created date button 1st </b> <br />]]>
    </line>
    <line>
      <![CDATA[<b>Click on created date button 2nd</b> <br />]]>
    </line>
    <line>
      <![CDATA[<b>click ok button on Map  new quote </b> <br />]]>
    </line>
    <line>
      <![CDATA[<b>click on OK button for copy quote </b> <br />]]>
    </line>
    <line>
      <![CDATA[<b>Click on Lead save and Convert button</b> <br />]]>
    </line>
    <line>
      <![CDATA[<b>Clicked on Opportunity link form Menu </b> <br />]]>
    </line>
    <line>
      <![CDATA[<b>listing_proposal_status is = Proposal Required</b> <br />]]>
    </line>
    <line>
      <![CDATA[<b>Enter the Opportunity id in Search Text box</b> <br />]]>
    </line>
    <line>
      <![CDATA[<b>click on Proposal icon</b> <br />]]>
    </line>
    <line>
      <![CDATA[<b>Send proposal to customer pop up  will open</b> <br />]]>
    </line>
    <line>
      <![CDATA[<b>Click on Manual fill radio button - Yes</b> <br />]]>
    </line>
    <line>
      <![CDATA[<b>Click on manually submit behalf of customer link</b> <br />]]>
    </line>
    <line>
      <![CDATA[<b>listing_proposal_status is = Proposal Received</b> <br />]]>
    </line>
    <line>
      <![CDATA[<b>Channel_Status =Draft</b> <br />]]>
    </line>
    <line>
      <![CDATA[<b>click on Send_Contract icon</b> <br />]]>
    </line>
    <line>
      <![CDATA[<b>Channel_Status =Draft</b> <br />]]>
    </line>
  </reporter-output>
  <suite started-at="2023-01-06T19:29:17 IST" name="Default suite" finished-at="2023-01-06T19:33:07 IST" duration-ms="230099">
    <groups>
    </groups>
    <test started-at="2023-01-06T19:29:17 IST" name="Default test" finished-at="2023-01-06T19:33:07 IST" duration-ms="230099">
      <class name="com.amt.test.LOU.Lead_opportunity_broker_Test2">
        <test-method is-config="true" signature="setup()[pri:0, instance:com.amt.test.LOU.Lead_opportunity_broker_Test2@595b007d]" started-at="2023-01-06T19:29:17 IST" name="setup" finished-at="2023-01-06T19:29:29 IST" duration-ms="11565" status="PASS">
          <reporter-output>
          </reporter-output>
        </test-method> <!-- setup -->
        <test-method signature="broker_create_lead_individual()[pri:0, instance:com.amt.test.LOU.Lead_opportunity_broker_Test2@595b007d]" started-at="2023-01-06T19:29:29 IST" name="broker_create_lead_individual" finished-at="2023-01-06T19:33:07 IST" duration-ms="218508" status="PASS">
          <reporter-output>
            <line>
              <![CDATA[<b>Clicked on Leads on Side Menu</b> <br />]]>
            </line>
            <line>
              <![CDATA[<b>Clicked on add lead</b> <br />]]>
            </line>
            <line>
              <![CDATA[<b>Lead is assigned</b> <br />]]>
            </line>
            <line>
              <![CDATA[<b>Added data in General Notes</b> <br />]]>
            </line>
            <line>
              <![CDATA[<b>Customer type - Individual selected</b> <br />]]>
            </line>
            <line>
              <![CDATA[<b>Clicked on Communication_Add note</b> <br />]]>
            </line>
            <line>
              <![CDATA[<b>Clicked on Communication_Log_a_call</b> <br />]]>
            </line>
            <line>
              <![CDATA[<b>Clicked on Add new vehicle request</b> <br />]]>
            </line>
            <line>
              <![CDATA[<b>Clicked on broker channel</b> <br />]]>
            </line>
            <line>
              <![CDATA[<b>Vehicle request for broker has been saved</b> <br />]]>
            </line>
            <line>
              <![CDATA[<b>Click on Map New Quote icon</b> <br />]]>
            </line>
            <line>
              <![CDATA[<b>Click on acquisition contract type icon</b> <br />]]>
            </line>
            <line>
              <![CDATA[<b>Click on customer contract type icon</b> <br />]]>
            </line>
            <line>
              <![CDATA[<b>Click on search button</b> <br />]]>
            </line>
            <line>
              <![CDATA[<b>Click on created date button 1st </b> <br />]]>
            </line>
            <line>
              <![CDATA[<b>Click on created date button 2nd</b> <br />]]>
            </line>
            <line>
              <![CDATA[<b>click ok button on Map  new quote </b> <br />]]>
            </line>
            <line>
              <![CDATA[<b>click on OK button for copy quote </b> <br />]]>
            </line>
            <line>
              <![CDATA[<b>Click on Lead save and Convert button</b> <br />]]>
            </line>
            <line>
              <![CDATA[<b>Clicked on Opportunity link form Menu </b> <br />]]>
            </line>
            <line>
              <![CDATA[<b>listing_proposal_status is = Proposal Required</b> <br />]]>
            </line>
            <line>
              <![CDATA[<b>Enter the Opportunity id in Search Text box</b> <br />]]>
            </line>
            <line>
              <![CDATA[<b>click on Proposal icon</b> <br />]]>
            </line>
            <line>
              <![CDATA[<b>Send proposal to customer pop up  will open</b> <br />]]>
            </line>
            <line>
              <![CDATA[<b>Click on Manual fill radio button - Yes</b> <br />]]>
            </line>
            <line>
              <![CDATA[<b>Click on manually submit behalf of customer link</b> <br />]]>
            </line>
            <line>
              <![CDATA[<b>listing_proposal_status is = Proposal Received</b> <br />]]>
            </line>
            <line>
              <![CDATA[<b>Channel_Status =Draft</b> <br />]]>
            </line>
            <line>
              <![CDATA[<b>click on Send_Contract icon</b> <br />]]>
            </line>
            <line>
              <![CDATA[<b>Channel_Status =Draft</b> <br />]]>
            </line>
          </reporter-output>
        </test-method> <!-- broker_create_lead_individual -->
      </class> <!-- com.amt.test.LOU.Lead_opportunity_broker_Test2 -->
    </test> <!-- Default test -->
  </suite> <!-- Default suite -->
</testng-results>
