<?xml version="1.0" encoding="UTF-8"?>
<testng-results ignored="0" total="1" passed="1" failed="0" skipped="0">
  <reporter-output>
    <line>
      <![CDATA[<b>Clicked on Leads page</b> <br />]]>
    </line>
    <line>
      <![CDATA[<b>Clicked on add lead</b> <br />]]>
    </line>
    <line>
      <![CDATA[<b>Lead is assigned</b> <br />]]>
    </line>
    <line>
      <![CDATA[<b>Customer type - Indivisual selected</b> <br />]]>
    </line>
    <line>
      <![CDATA[<b>Clicked on Add new vehicle request</b> <br />]]>
    </line>
    <line>
      <![CDATA[<b>Channel type Broker has been selected</b> <br />]]>
    </line>
    <line>
      <![CDATA[<b>Clicked on Map new quote</b> <br />]]>
    </line>
    <line>
      <![CDATA[<b>New Quote has been mapped with lead</b> <br />]]>
    </line>
    <line>
      <![CDATA[<b>Clicked on save and convert button</b> <br />]]>
    </line>
    <line>
      <![CDATA[<b>Lead converted to opportuninty successfully</b> <br />]]>
    </line>
  </reporter-output>
  <suite started-at="2022-12-19T19:57:55 IST" name="Default suite" finished-at="2022-12-19T19:58:58 IST" duration-ms="63250">
    <groups>
    </groups>
    <test started-at="2022-12-19T19:57:55 IST" name="Default test" finished-at="2022-12-19T19:58:58 IST" duration-ms="63250">
      <class name="com.amt.test.lou.Lead_opportunity_broker_Test">
        <test-method is-config="true" signature="setup()[pri:0, instance:com.amt.test.lou.Lead_opportunity_broker_Test@55634720]" started-at="2022-12-19T19:57:55 IST" name="setup" finished-at="2022-12-19T19:58:12 IST" duration-ms="16672" status="PASS">
          <reporter-output>
          </reporter-output>
        </test-method> <!-- setup -->
        <test-method signature="Lead_opportunity_broker_Test()[pri:1, instance:com.amt.test.lou.Lead_opportunity_broker_Test@55634720]" started-at="2022-12-19T19:58:12 IST" name="Lead_opportunity_broker_Test" finished-at="2022-12-19T19:58:58 IST" duration-ms="46548" status="PASS">
          <reporter-output>
            <line>
              <![CDATA[<b>Clicked on Leads page</b> <br />]]>
            </line>
            <line>
              <![CDATA[<b>Clicked on add lead</b> <br />]]>
            </line>
            <line>
              <![CDATA[<b>Lead is assigned</b> <br />]]>
            </line>
            <line>
              <![CDATA[<b>Customer type - Indivisual selected</b> <br />]]>
            </line>
            <line>
              <![CDATA[<b>Clicked on Add new vehicle request</b> <br />]]>
            </line>
            <line>
              <![CDATA[<b>Channel type Broker has been selected</b> <br />]]>
            </line>
            <line>
              <![CDATA[<b>Clicked on Map new quote</b> <br />]]>
            </line>
            <line>
              <![CDATA[<b>New Quote has been mapped with lead</b> <br />]]>
            </line>
            <line>
              <![CDATA[<b>Clicked on save and convert button</b> <br />]]>
            </line>
            <line>
              <![CDATA[<b>Lead converted to opportuninty successfully</b> <br />]]>
            </line>
          </reporter-output>
        </test-method> <!-- Lead_opportunity_broker_Test -->
      </class> <!-- com.amt.test.lou.Lead_opportunity_broker_Test -->
    </test> <!-- Default test -->
  </suite> <!-- Default suite -->
</testng-results>
