<?xml version="1.0" encoding="UTF-8"?>
<testng-results ignored="20" total="25" passed="5" failed="0" skipped="0">
  <reporter-output>
    <line>
      <![CDATA[<b></b> <br />]]>
    </line>
    <line>
      <![CDATA[<b>Searching for Order ID HN-38717</b> <br />]]>
    </line>
    <line>
      <![CDATA[<b></b> <br />]]>
    </line>
    <line>
      <![CDATA[<b>Checking pre-order checks</b> <br />]]>
    </line>
    <line>
      <![CDATA[<b>Started verifying monthly payment does not change after editing the basic cash price</b> <br />]]>
    </line>
    <line>
      <![CDATA[<b>Monthly payment Before Editing the Cash Price is 1951.42</b> <br />]]>
    </line>
    <line>
      <![CDATA[<b>Vehicle's Basic Cash Price Changed to 60,000</b> <br />]]>
    </line>
    <line>
      <![CDATA[<b>Now Getting the Monthly payment from customer contract tab</b> <br />]]>
    </line>
    <line>
      <![CDATA[<b>Monthly payment After Editing the Cash Price is 1951.16</b> <br />]]>
    </line>
    <line>
      <![CDATA[<b>Verified that monthly payment does not change after editing the basic cash price</b> <br />]]>
    </line>
    <line>
      <![CDATA[<b></b> <br />]]>
    </line>
    <line>
      <![CDATA[<b>Writing Holding Cost Summary values to excel has been completed</b> <br />]]>
    </line>
    <line>
      <![CDATA[<b>Actual and Expected Message matches, hence test passed</b> <br />]]>
    </line>
    <line>
      <![CDATA[<b>Started verifying monthly payment does not change after de-selecting the funder on asset funding tab</b> <br />]]>
    </line>
    <line>
      <![CDATA[<b>Monthly payment Before De-selecting the funder is 1951.42</b> <br />]]>
    </line>
    <line>
      <![CDATA[<b>Funder De-selected</b> <br />]]>
    </line>
    <line>
      <![CDATA[<b>Now Getting the Monthly payment from customer contract tab</b> <br />]]>
    </line>
    <line>
      <![CDATA[<b>Monthly payment After De-selecting the funder is 1951.42</b> <br />]]>
    </line>
    <line>
      <![CDATA[<b>Verified that monthly payment does not change after Deselecting the funder on asset funding tab</b> <br />]]>
    </line>
  </reporter-output>
  <suite started-at="2023-12-27T18:19:03 IST" name="Default suite" finished-at="2023-12-27T18:22:18 IST" duration-ms="194652">
    <groups>
    </groups>
    <test started-at="2023-12-27T18:19:03 IST" name="Default test" finished-at="2023-12-27T18:22:18 IST" duration-ms="194652">
      <class name="orders.Orders_Verify_ownbook_business_purchase_funder_With_Customer_Flow_Test">
        <test-method is-config="true" signature="start_info()[pri:0, instance:orders.Orders_Verify_ownbook_business_purchase_funder_With_Customer_Flow_Test@235ecd9f]" started-at="2023-12-27T18:19:03 IST" name="start_info" finished-at="2023-12-27T18:19:03 IST" duration-ms="6" status="PASS">
          <reporter-output>
          </reporter-output>
        </test-method> <!-- start_info -->
        <test-method is-config="true" signature="setup()[pri:0, instance:orders.Orders_Verify_ownbook_business_purchase_funder_With_Customer_Flow_Test@235ecd9f]" started-at="2023-12-27T18:19:03 IST" name="setup" finished-at="2023-12-27T18:19:13 IST" duration-ms="9430" status="PASS">
          <reporter-output>
          </reporter-output>
        </test-method> <!-- setup -->
        <test-method signature="T1_open_order_created_in_acquisition_test()[pri:1, instance:orders.Orders_Verify_ownbook_business_purchase_funder_With_Customer_Flow_Test@235ecd9f]" started-at="2023-12-27T18:19:13 IST" name="T1_open_order_created_in_acquisition_test" finished-at="2023-12-27T18:20:40 IST" duration-ms="87121" status="PASS">
          <reporter-output>
            <line>
              <![CDATA[<b></b> <br />]]>
            </line>
            <line>
              <![CDATA[<b>Searching for Order ID HN-38717</b> <br />]]>
            </line>
          </reporter-output>
        </test-method> <!-- T1_open_order_created_in_acquisition_test -->
        <test-method signature="T2_pre_order_pass_check_in_customer_contract_tab_test()[pri:2, instance:orders.Orders_Verify_ownbook_business_purchase_funder_With_Customer_Flow_Test@235ecd9f]" started-at="2023-12-27T18:20:40 IST" name="T2_pre_order_pass_check_in_customer_contract_tab_test" finished-at="2023-12-27T18:20:57 IST" depends-on-methods="orders.Orders_Verify_ownbook_business_purchase_funder_With_Customer_Flow_Test.T1_open_order_created_in_acquisition_test" duration-ms="17482" status="PASS">
          <reporter-output>
            <line>
              <![CDATA[<b></b> <br />]]>
            </line>
            <line>
              <![CDATA[<b>Checking pre-order checks</b> <br />]]>
            </line>
          </reporter-output>
        </test-method> <!-- T2_pre_order_pass_check_in_customer_contract_tab_test -->
        <test-method signature="T3_verify_that_editing_the_basic_cash_price_does_not_affect_the_monthly_payment_on_customer_contract_tab_test()[pri:3, instance:orders.Orders_Verify_ownbook_business_purchase_funder_With_Customer_Flow_Test@235ecd9f]" started-at="2023-12-27T18:20:57 IST" name="T3_verify_that_editing_the_basic_cash_price_does_not_affect_the_monthly_payment_on_customer_contract_tab_test" finished-at="2023-12-27T18:21:26 IST" depends-on-methods="orders.Orders_Verify_ownbook_business_purchase_funder_With_Customer_Flow_Test.T2_pre_order_pass_check_in_customer_contract_tab_test" duration-ms="28832" status="PASS">
          <reporter-output>
            <line>
              <![CDATA[<b>Started verifying monthly payment does not change after editing the basic cash price</b> <br />]]>
            </line>
            <line>
              <![CDATA[<b>Monthly payment Before Editing the Cash Price is 1951.42</b> <br />]]>
            </line>
            <line>
              <![CDATA[<b>Vehicle's Basic Cash Price Changed to 60,000</b> <br />]]>
            </line>
            <line>
              <![CDATA[<b>Now Getting the Monthly payment from customer contract tab</b> <br />]]>
            </line>
            <line>
              <![CDATA[<b>Monthly payment After Editing the Cash Price is 1951.16</b> <br />]]>
            </line>
            <line>
              <![CDATA[<b>Verified that monthly payment does not change after editing the basic cash price</b> <br />]]>
            </line>
          </reporter-output>
        </test-method> <!-- T3_verify_that_editing_the_basic_cash_price_does_not_affect_the_monthly_payment_on_customer_contract_tab_test -->
        <test-method signature="T4_verify_that_same_funder_with_same_term_and_mileage_can_not_be_added_for_with_customer_flow_test(java.lang.String,java.lang.String,java.lang.String,java.lang.String,java.lang.String,java.lang.String,java.lang.String,java.lang.String,java.lang.String,java.lang.String,java.lang.String)[pri:4, instance:orders.Orders_Verify_ownbook_business_purchase_funder_With_Customer_Flow_Test@235ecd9f]" started-at="2023-12-27T18:21:27 IST" name="T4_verify_that_same_funder_with_same_term_and_mileage_can_not_be_added_for_with_customer_flow_test" data-provider="testData1" finished-at="2023-12-27T18:21:54 IST" depends-on-methods="orders.Orders_Verify_ownbook_business_purchase_funder_With_Customer_Flow_Test.T3_verify_that_editing_the_basic_cash_price_does_not_affect_the_monthly_payment_on_customer_contract_tab_test" duration-ms="26573" status="PASS">
          <params>
            <param index="0">
              <value>
                <![CDATA[REF001]]>
              </value>
            </param>
            <param index="1">
              <value>
                <![CDATA[05/12/26]]>
              </value>
            </param>
            <param index="2">
              <value>
                <![CDATA[33]]>
              </value>
            </param>
            <param index="3">
              <value>
                <![CDATA[5000]]>
              </value>
            </param>
            <param index="4">
              <value>
                <![CDATA[1000]]>
              </value>
            </param>
            <param index="5">
              <value>
                <![CDATA[200]]>
              </value>
            </param>
            <param index="6">
              <value>
                <![CDATA[12]]>
              </value>
            </param>
            <param index="7">
              <value>
                <![CDATA[500]]>
              </value>
            </param>
            <param index="8">
              <value>
                <![CDATA[6000]]>
              </value>
            </param>
            <param index="9">
              <value>
                <![CDATA[20]]>
              </value>
            </param>
            <param index="10">
              <value>
                <![CDATA[HPNR (Formula 3) - HPNR]]>
              </value>
            </param>
          </params>
          <reporter-output>
            <line>
              <![CDATA[<b></b> <br />]]>
            </line>
            <line>
              <![CDATA[<b>Writing Holding Cost Summary values to excel has been completed</b> <br />]]>
            </line>
            <line>
              <![CDATA[<b>Actual and Expected Message matches, hence test passed</b> <br />]]>
            </line>
          </reporter-output>
        </test-method> <!-- T4_verify_that_same_funder_with_same_term_and_mileage_can_not_be_added_for_with_customer_flow_test -->
        <test-method signature="T5_verify_that_deselecting_the_selected_funder_does_not_affect_the_monthly_payment_on_customer_contract_tab_test()[pri:5, instance:orders.Orders_Verify_ownbook_business_purchase_funder_With_Customer_Flow_Test@235ecd9f]" started-at="2023-12-27T18:21:54 IST" name="T5_verify_that_deselecting_the_selected_funder_does_not_affect_the_monthly_payment_on_customer_contract_tab_test" finished-at="2023-12-27T18:22:18 IST" depends-on-methods="orders.Orders_Verify_ownbook_business_purchase_funder_With_Customer_Flow_Test.T4_verify_that_same_funder_with_same_term_and_mileage_can_not_be_added_for_with_customer_flow_test" duration-ms="24413" status="PASS">
          <reporter-output>
            <line>
              <![CDATA[<b>Started verifying monthly payment does not change after de-selecting the funder on asset funding tab</b> <br />]]>
            </line>
            <line>
              <![CDATA[<b>Monthly payment Before De-selecting the funder is 1951.42</b> <br />]]>
            </line>
            <line>
              <![CDATA[<b>Funder De-selected</b> <br />]]>
            </line>
            <line>
              <![CDATA[<b>Now Getting the Monthly payment from customer contract tab</b> <br />]]>
            </line>
            <line>
              <![CDATA[<b>Monthly payment After De-selecting the funder is 1951.42</b> <br />]]>
            </line>
            <line>
              <![CDATA[<b>Verified that monthly payment does not change after Deselecting the funder on asset funding tab</b> <br />]]>
            </line>
          </reporter-output>
        </test-method> <!-- T5_verify_that_deselecting_the_selected_funder_does_not_affect_the_monthly_payment_on_customer_contract_tab_test -->
        <test-method is-config="true" signature="end()[pri:0, instance:orders.Orders_Verify_ownbook_business_purchase_funder_With_Customer_Flow_Test@235ecd9f]" started-at="2023-12-27T18:22:18 IST" name="end" finished-at="2023-12-27T18:22:18 IST" duration-ms="0" status="PASS">
          <reporter-output>
          </reporter-output>
        </test-method> <!-- end -->
      </class> <!-- orders.Orders_Verify_ownbook_business_purchase_funder_With_Customer_Flow_Test -->
    </test> <!-- Default test -->
  </suite> <!-- Default suite -->
</testng-results>
