<?xml version="1.0" encoding="UTF-8"?>
<testng-results ignored="0" total="8" passed="6" failed="2" skipped="0">
  <reporter-output>
    <line>
      <![CDATA[<b>Searching for Order ID OD-95584</b> <br />]]>
    </line>
    <line>
      <![CDATA[<b></b> <br />]]>
    </line>
    <line>
      <![CDATA[<b>Started verifying Default Status for BCH required flow</b> <br />]]>
    </line>
    <line>
      <![CDATA[<b>Default Status for BCH required flow Found OK i.e Quote Accepted because Funder is already added from acquisition quote</b> <br />]]>
    </line>
    <line>
      <![CDATA[<b></b> <br />]]>
    </line>
    <line>
      <![CDATA[<b>Trying to delete funder</b> <br />]]>
    </line>
    <line>
      <![CDATA[<b>Default funder can not be deleted as Delete button for selected funder is not enabled</b> <br />]]>
    </line>
    <line>
      <![CDATA[<b></b> <br />]]>
    </line>
    <line>
      <![CDATA[<b>Trying to edit the selected funder</b> <br />]]>
    </line>
    <line>
      <![CDATA[<b>Double Clicked on selected funder and we got warning message : A selected funder cannot be edited. Please remove funder selection before editing</b> <br />]]>
    </line>
    <line>
      <![CDATA[<b>Selected funder can not be edited</b> <br />]]>
    </line>
    <line>
      <![CDATA[<b></b> <br />]]>
    </line>
    <line>
      <![CDATA[<b>De-selecting funder</b> <br />]]>
    </line>
    <line>
      <![CDATA[<b>Now verifying the holding cost based on ownbook after de-selecting funder</b> <br />]]>
    </line>
    <line>
      <![CDATA[<b>Actual Holding cost based on ownbook after de-selecting funder is 929.36</b> <br />]]>
    </line>
    <line>
      <![CDATA[<b>Expected Holding cost based on ownbook after de-selecting funder is 929.36</b> <br />]]>
    </line>
    <line>
      <![CDATA[<b>Holding cost based on ownbook after de-selecting funder found OK</b> <br />]]>
    </line>
    <line>
      <![CDATA[<b></b> <br />]]>
    </line>
    <line>
      <![CDATA[<b>Making Cap Maint toggle button off and verifying Holding Cost</b> <br />]]>
    </line>
    <line>
      <![CDATA[<b>Now verifying the holding cost based on ownbook</b> <br />]]>
    </line>
    <line>
      <![CDATA[<b>Actual Holding cost based on ownbook is 900.75</b> <br />]]>
    </line>
    <line>
      <![CDATA[<b>Expected Holding cost based on ownbook 900.75</b> <br />]]>
    </line>
    <line>
      <![CDATA[<b>Holding cost based on ownbook found OK</b> <br />]]>
    </line>
    <line>
      <![CDATA[<b></b> <br />]]>
    </line>
    <line>
      <![CDATA[<b>Selecting the funder</b> <br />]]>
    </line>
    <line>
      <![CDATA[<b>Selecting the other cell from Holding cost matrix</b> <br />]]>
    </line>
    <line>
      <![CDATA[<b>Now verifying that the funder is de-selected</b> <br />]]>
    </line>
    <line>
      <![CDATA[<b>Verified that the funder is de-selected after selecting ownbook matrix other cell --Found OK</b> <br />]]>
    </line>
    <line>
      <![CDATA[<br>----------Screenshot---------<br>]]>
    </line>
    <line>
      <![CDATA[<img src="D:\Orders_Vehicles\AMT_Orders_Vehicles\target\surefire-reports\html\failure_screenshots\verify_funder_is_deselected_after_selecting_the_other_matrix_cell_test_20_10_2023_04_02_57.png" height="800" width="1000">]]>
    </line>
    <line>
      <![CDATA[<b></b> <br />]]>
    </line>
    <line>
      <![CDATA[<b>Trying to upload doc in funder</b> <br />]]>
    </line>
    <line>
      <![CDATA[<b>Warning : Document in funder is not uploaded</b> <br />]]>
    </line>
    <line>
      <![CDATA[<br>----------Screenshot---------<br>]]>
    </line>
    <line>
      <![CDATA[<img src="D:\Orders_Vehicles\AMT_Orders_Vehicles\target\surefire-reports\html\failure_screenshots\verify_document_is_uploaded_in_funder_test_20_10_2023_04_03_41.png" height="800" width="1000">]]>
    </line>
  </reporter-output>
  <suite started-at="2023-10-20T16:00:54 IST" name="Default suite" finished-at="2023-10-20T16:03:41 IST" duration-ms="166662">
    <groups>
    </groups>
    <test started-at="2023-10-20T16:00:54 IST" name="Default test" finished-at="2023-10-20T16:03:41 IST" duration-ms="166662">
      <class name="orders.Orders_Asset_Funding_Required_Flow_FL_BCH_with_funder_with_maintenance_Test">
        <test-method is-config="true" signature="start_info()[pri:0, instance:orders.Orders_Asset_Funding_Required_Flow_FL_BCH_with_funder_with_maintenance_Test@f78a47e]" started-at="2023-10-20T16:00:54 IST" name="start_info" finished-at="2023-10-20T16:00:54 IST" duration-ms="6" status="PASS">
          <reporter-output>
          </reporter-output>
        </test-method> <!-- start_info -->
        <test-method is-config="true" signature="setup()[pri:0, instance:orders.Orders_Asset_Funding_Required_Flow_FL_BCH_with_funder_with_maintenance_Test@f78a47e]" started-at="2023-10-20T16:00:54 IST" name="setup" finished-at="2023-10-20T16:01:05 IST" duration-ms="11036" status="PASS">
          <reporter-output>
          </reporter-output>
        </test-method> <!-- setup -->
        <test-method signature="open_order_created_in_acquisition_test()[pri:1, instance:orders.Orders_Asset_Funding_Required_Flow_FL_BCH_with_funder_with_maintenance_Test@f78a47e]" started-at="2023-10-20T16:01:05 IST" name="open_order_created_in_acquisition_test" finished-at="2023-10-20T16:02:03 IST" duration-ms="57499" status="PASS">
          <reporter-output>
            <line>
              <![CDATA[<b>Searching for Order ID OD-95584</b> <br />]]>
            </line>
          </reporter-output>
        </test-method> <!-- open_order_created_in_acquisition_test -->
        <test-method signature="verify_default_status_required_flow_test()[pri:2, instance:orders.Orders_Asset_Funding_Required_Flow_FL_BCH_with_funder_with_maintenance_Test@f78a47e]" started-at="2023-10-20T16:02:03 IST" name="verify_default_status_required_flow_test" finished-at="2023-10-20T16:02:14 IST" depends-on-methods="orders.Orders_Asset_Funding_Required_Flow_FL_BCH_with_funder_with_maintenance_Test.open_order_created_in_acquisition_test" duration-ms="11534" status="PASS">
          <reporter-output>
            <line>
              <![CDATA[<b></b> <br />]]>
            </line>
            <line>
              <![CDATA[<b>Started verifying Default Status for BCH required flow</b> <br />]]>
            </line>
            <line>
              <![CDATA[<b>Default Status for BCH required flow Found OK i.e Quote Accepted because Funder is already added from acquisition quote</b> <br />]]>
            </line>
          </reporter-output>
        </test-method> <!-- verify_default_status_required_flow_test -->
        <test-method signature="verify_default_funder_is_not_deleted_test()[pri:3, instance:orders.Orders_Asset_Funding_Required_Flow_FL_BCH_with_funder_with_maintenance_Test@f78a47e]" started-at="2023-10-20T16:02:14 IST" name="verify_default_funder_is_not_deleted_test" finished-at="2023-10-20T16:02:16 IST" depends-on-methods="orders.Orders_Asset_Funding_Required_Flow_FL_BCH_with_funder_with_maintenance_Test.verify_default_status_required_flow_test" duration-ms="2156" status="PASS">
          <reporter-output>
            <line>
              <![CDATA[<b></b> <br />]]>
            </line>
            <line>
              <![CDATA[<b>Trying to delete funder</b> <br />]]>
            </line>
            <line>
              <![CDATA[<b>Default funder can not be deleted as Delete button for selected funder is not enabled</b> <br />]]>
            </line>
          </reporter-output>
        </test-method> <!-- verify_default_funder_is_not_deleted_test -->
        <test-method signature="verify_selected_funder_can_not_be_edited_test()[pri:4, instance:orders.Orders_Asset_Funding_Required_Flow_FL_BCH_with_funder_with_maintenance_Test@f78a47e]" started-at="2023-10-20T16:02:16 IST" name="verify_selected_funder_can_not_be_edited_test" finished-at="2023-10-20T16:02:17 IST" depends-on-methods="orders.Orders_Asset_Funding_Required_Flow_FL_BCH_with_funder_with_maintenance_Test.verify_default_funder_is_not_deleted_test" duration-ms="256" status="PASS">
          <reporter-output>
            <line>
              <![CDATA[<b></b> <br />]]>
            </line>
            <line>
              <![CDATA[<b>Trying to edit the selected funder</b> <br />]]>
            </line>
            <line>
              <![CDATA[<b>Double Clicked on selected funder and we got warning message : A selected funder cannot be edited. Please remove funder selection before editing</b> <br />]]>
            </line>
            <line>
              <![CDATA[<b>Selected funder can not be edited</b> <br />]]>
            </line>
          </reporter-output>
        </test-method> <!-- verify_selected_funder_can_not_be_edited_test -->
        <test-method signature="verify_holding_cost_after_deselecting_funder_test()[pri:5, instance:orders.Orders_Asset_Funding_Required_Flow_FL_BCH_with_funder_with_maintenance_Test@f78a47e]" started-at="2023-10-20T16:02:17 IST" name="verify_holding_cost_after_deselecting_funder_test" finished-at="2023-10-20T16:02:36 IST" depends-on-methods="orders.Orders_Asset_Funding_Required_Flow_FL_BCH_with_funder_with_maintenance_Test.verify_selected_funder_can_not_be_edited_test" duration-ms="18959" status="PASS">
          <reporter-output>
            <line>
              <![CDATA[<b></b> <br />]]>
            </line>
            <line>
              <![CDATA[<b>De-selecting funder</b> <br />]]>
            </line>
            <line>
              <![CDATA[<b>Now verifying the holding cost based on ownbook after de-selecting funder</b> <br />]]>
            </line>
            <line>
              <![CDATA[<b>Actual Holding cost based on ownbook after de-selecting funder is 929.36</b> <br />]]>
            </line>
            <line>
              <![CDATA[<b>Expected Holding cost based on ownbook after de-selecting funder is 929.36</b> <br />]]>
            </line>
            <line>
              <![CDATA[<b>Holding cost based on ownbook after de-selecting funder found OK</b> <br />]]>
            </line>
          </reporter-output>
        </test-method> <!-- verify_holding_cost_after_deselecting_funder_test -->
        <test-method signature="verify_holding_cost_without_maintenance_based_on_ownbook_calculation_test()[pri:7, instance:orders.Orders_Asset_Funding_Required_Flow_FL_BCH_with_funder_with_maintenance_Test@f78a47e]" started-at="2023-10-20T16:02:36 IST" name="verify_holding_cost_without_maintenance_based_on_ownbook_calculation_test" finished-at="2023-10-20T16:02:43 IST" depends-on-methods="orders.Orders_Asset_Funding_Required_Flow_FL_BCH_with_funder_with_maintenance_Test.verify_holding_cost_after_deselecting_funder_test" duration-ms="7357" status="PASS">
          <reporter-output>
            <line>
              <![CDATA[<b></b> <br />]]>
            </line>
            <line>
              <![CDATA[<b>Making Cap Maint toggle button off and verifying Holding Cost</b> <br />]]>
            </line>
            <line>
              <![CDATA[<b>Now verifying the holding cost based on ownbook</b> <br />]]>
            </line>
            <line>
              <![CDATA[<b>Actual Holding cost based on ownbook is 900.75</b> <br />]]>
            </line>
            <line>
              <![CDATA[<b>Expected Holding cost based on ownbook 900.75</b> <br />]]>
            </line>
            <line>
              <![CDATA[<b>Holding cost based on ownbook found OK</b> <br />]]>
            </line>
          </reporter-output>
        </test-method> <!-- verify_holding_cost_without_maintenance_based_on_ownbook_calculation_test -->
        <test-method signature="verify_funder_is_deselected_after_selecting_the_other_matrix_cell_test()[pri:8, instance:orders.Orders_Asset_Funding_Required_Flow_FL_BCH_with_funder_with_maintenance_Test@f78a47e]" started-at="2023-10-20T16:02:43 IST" name="verify_funder_is_deselected_after_selecting_the_other_matrix_cell_test" finished-at="2023-10-20T16:02:57 IST" depends-on-methods="orders.Orders_Asset_Funding_Required_Flow_FL_BCH_with_funder_with_maintenance_Test.verify_holding_cost_without_maintenance_based_on_ownbook_calculation_test" duration-ms="13734" status="FAIL">
          <exception class="org.openqa.selenium.NoSuchElementException">
            <message>
              <![CDATA[no such element: No node with given id found
  (Session info: chrome=118.0.5993.72)
For documentation on this error, please visit: https://selenium.dev/exceptions/#no_such_element
Build info: version: '4.1.0', revision: '87802e897b'
System info: host: 'DSK-4052', ip: '172.16.1.80', os.name: 'Windows 10', os.arch: 'amd64', os.version: '10.0', java.version: '19.0.1'
Driver info: org.openqa.selenium.chrome.ChromeDriver
Command: [52fdce7bb39c66bd87dcf9fb5799ec90, getElementAttribute {id=85D5DCB0B2E7A88C49CD2F35DE60139D_element_1003, name=class}]
Capabilities {acceptInsecureCerts: false, browserName: chrome, browserVersion: 118.0.5993.72, chrome: {chromedriverVersion: 118.0.5993.70 (e52f33f30b91..., userDataDir: C:\Users\NITEIN~1.KUR\AppDa...}, fedcm:accounts: true, goog:chromeOptions: {debuggerAddress: localhost:63219}, javascriptEnabled: true, networkConnectionEnabled: false, pageLoadStrategy: normal, platform: WINDOWS, platformName: WINDOWS, proxy: Proxy(), se:cdp: ws://localhost:63219/devtoo..., se:cdpVersion: 118.0.5993.72, setWindowRect: true, strictFileInteractability: false, timeouts: {implicit: 0, pageLoad: 300000, script: 30000}, unhandledPromptBehavior: dismiss and notify, webauthn:extension:credBlob: true, webauthn:extension:largeBlob: true, webauthn:extension:minPinLength: true, webauthn:extension:prf: true, webauthn:virtualAuthenticators: true}
Element: [[ChromeDriver: chrome on WINDOWS (52fdce7bb39c66bd87dcf9fb5799ec90)] -> xpath: //*[contains(@class, 'rTableCell')]]
Session ID: 52fdce7bb39c66bd87dcf9fb5799ec90]]>
            </message>
            <full-stacktrace>
              <![CDATA[org.openqa.selenium.NoSuchElementException: no such element: No node with given id found
  (Session info: chrome=118.0.5993.72)
For documentation on this error, please visit: https://selenium.dev/exceptions/#no_such_element
Build info: version: '4.1.0', revision: '87802e897b'
System info: host: 'DSK-4052', ip: '172.16.1.80', os.name: 'Windows 10', os.arch: 'amd64', os.version: '10.0', java.version: '19.0.1'
Driver info: org.openqa.selenium.chrome.ChromeDriver
Command: [52fdce7bb39c66bd87dcf9fb5799ec90, getElementAttribute {id=85D5DCB0B2E7A88C49CD2F35DE60139D_element_1003, name=class}]
Capabilities {acceptInsecureCerts: false, browserName: chrome, browserVersion: 118.0.5993.72, chrome: {chromedriverVersion: 118.0.5993.70 (e52f33f30b91..., userDataDir: C:\Users\NITEIN~1.KUR\AppDa...}, fedcm:accounts: true, goog:chromeOptions: {debuggerAddress: localhost:63219}, javascriptEnabled: true, networkConnectionEnabled: false, pageLoadStrategy: normal, platform: WINDOWS, platformName: WINDOWS, proxy: Proxy(), se:cdp: ws://localhost:63219/devtoo..., se:cdpVersion: 118.0.5993.72, setWindowRect: true, strictFileInteractability: false, timeouts: {implicit: 0, pageLoad: 300000, script: 30000}, unhandledPromptBehavior: dismiss and notify, webauthn:extension:credBlob: true, webauthn:extension:largeBlob: true, webauthn:extension:minPinLength: true, webauthn:extension:prf: true, webauthn:virtualAuthenticators: true}
Element: [[ChromeDriver: chrome on WINDOWS (52fdce7bb39c66bd87dcf9fb5799ec90)] -> xpath: //*[contains(@class, 'rTableCell')]]
Session ID: 52fdce7bb39c66bd87dcf9fb5799ec90
at java.base/jdk.internal.reflect.DirectConstructorHandleAccessor.newInstance(DirectConstructorHandleAccessor.java:67)
at java.base/java.lang.reflect.Constructor.newInstanceWithCaller(Constructor.java:500)
at java.base/java.lang.reflect.Constructor.newInstance(Constructor.java:484)
at org.openqa.selenium.remote.codec.w3c.W3CHttpResponseCodec.createException(W3CHttpResponseCodec.java:200)
at org.openqa.selenium.remote.codec.w3c.W3CHttpResponseCodec.decode(W3CHttpResponseCodec.java:133)
at org.openqa.selenium.remote.codec.w3c.W3CHttpResponseCodec.decode(W3CHttpResponseCodec.java:53)
at org.openqa.selenium.remote.HttpCommandExecutor.execute(HttpCommandExecutor.java:184)
at org.openqa.selenium.remote.service.DriverCommandExecutor.invokeExecute(DriverCommandExecutor.java:164)
at org.openqa.selenium.remote.service.DriverCommandExecutor.execute(DriverCommandExecutor.java:139)
at org.openqa.selenium.remote.RemoteWebDriver.execute(RemoteWebDriver.java:559)
at org.openqa.selenium.remote.RemoteWebElement.execute(RemoteWebElement.java:251)
at org.openqa.selenium.remote.RemoteWebElement.getAttribute(RemoteWebElement.java:152)
at com.amt.pages.AssetFundingPage.verify_funder_is_deselected_after_selecting_the_other_matrix_cell(AssetFundingPage.java:1919)
at orders.Orders_Asset_Funding_Required_Flow_FL_BCH_with_funder_with_maintenance_Test.verify_funder_is_deselected_after_selecting_the_other_matrix_cell_test(Orders_Asset_Funding_Required_Flow_FL_BCH_with_funder_with_maintenance_Test.java:104)
at java.base/jdk.internal.reflect.DirectMethodHandleAccessor.invoke(DirectMethodHandleAccessor.java:104)
at java.base/java.lang.reflect.Method.invoke(Method.java:578)
at org.testng.internal.MethodInvocationHelper.invokeMethod(MethodInvocationHelper.java:133)
at org.testng.internal.TestInvoker.invokeMethod(TestInvoker.java:598)
at org.testng.internal.TestInvoker.invokeTestMethod(TestInvoker.java:173)
at org.testng.internal.MethodRunner.runInSequence(MethodRunner.java:46)
at org.testng.internal.TestInvoker$MethodInvocationAgent.invoke(TestInvoker.java:824)
at org.testng.internal.TestInvoker.invokeTestMethods(TestInvoker.java:146)
at org.testng.internal.TestMethodWorker.invokeTestMethods(TestMethodWorker.java:146)
at org.testng.internal.TestMethodWorker.run(TestMethodWorker.java:128)
at java.base/java.util.ArrayList.forEach(ArrayList.java:1511)
at org.testng.TestRunner.privateRun(TestRunner.java:794)
at org.testng.TestRunner.run(TestRunner.java:596)
at org.testng.SuiteRunner.runTest(SuiteRunner.java:377)
at org.testng.SuiteRunner.runSequentially(SuiteRunner.java:371)
at org.testng.SuiteRunner.privateRun(SuiteRunner.java:332)
at org.testng.SuiteRunner.run(SuiteRunner.java:276)
at org.testng.SuiteRunnerWorker.runSuite(SuiteRunnerWorker.java:53)
at org.testng.SuiteRunnerWorker.run(SuiteRunnerWorker.java:96)
at org.testng.TestNG.runSuitesSequentially(TestNG.java:1212)
at org.testng.TestNG.runSuitesLocally(TestNG.java:1134)
at org.testng.TestNG.runSuites(TestNG.java:1063)
at org.testng.TestNG.run(TestNG.java:1031)
at org.testng.remote.AbstractRemoteTestNG.run(AbstractRemoteTestNG.java:115)
at org.testng.remote.RemoteTestNG.initAndRun(RemoteTestNG.java:251)
at org.testng.remote.RemoteTestNG.main(RemoteTestNG.java:77)
]]>
            </full-stacktrace>
          </exception> <!-- org.openqa.selenium.NoSuchElementException -->
          <reporter-output>
            <line>
              <![CDATA[<b></b> <br />]]>
            </line>
            <line>
              <![CDATA[<b>Selecting the funder</b> <br />]]>
            </line>
            <line>
              <![CDATA[<b>Selecting the other cell from Holding cost matrix</b> <br />]]>
            </line>
            <line>
              <![CDATA[<b>Now verifying that the funder is de-selected</b> <br />]]>
            </line>
            <line>
              <![CDATA[<b>Verified that the funder is de-selected after selecting ownbook matrix other cell --Found OK</b> <br />]]>
            </line>
            <line>
              <![CDATA[<br>----------Screenshot---------<br>]]>
            </line>
            <line>
              <![CDATA[<img src="D:\Orders_Vehicles\AMT_Orders_Vehicles\target\surefire-reports\html\failure_screenshots\verify_funder_is_deselected_after_selecting_the_other_matrix_cell_test_20_10_2023_04_02_57.png" height="800" width="1000">]]>
            </line>
          </reporter-output>
        </test-method> <!-- verify_funder_is_deselected_after_selecting_the_other_matrix_cell_test -->
        <test-method signature="verify_document_is_uploaded_in_funder_test()[pri:9, instance:orders.Orders_Asset_Funding_Required_Flow_FL_BCH_with_funder_with_maintenance_Test@f78a47e]" started-at="2023-10-20T16:02:57 IST" name="verify_document_is_uploaded_in_funder_test" finished-at="2023-10-20T16:03:41 IST" depends-on-methods="orders.Orders_Asset_Funding_Required_Flow_FL_BCH_with_funder_with_maintenance_Test.verify_holding_cost_without_maintenance_based_on_ownbook_calculation_test" duration-ms="43757" status="FAIL">
          <exception class="java.lang.AssertionError">
            <message>
              <![CDATA[expected [true] but found [false]]]>
            </message>
            <full-stacktrace>
              <![CDATA[java.lang.AssertionError: expected [true] but found [false]
at org.testng.Assert.fail(Assert.java:99)
at org.testng.Assert.failNotEquals(Assert.java:1037)
at org.testng.Assert.assertTrue(Assert.java:45)
at org.testng.Assert.assertTrue(Assert.java:55)
at orders.Orders_Asset_Funding_Required_Flow_FL_BCH_with_funder_with_maintenance_Test.verify_document_is_uploaded_in_funder_test(Orders_Asset_Funding_Required_Flow_FL_BCH_with_funder_with_maintenance_Test.java:118)
at java.base/jdk.internal.reflect.DirectMethodHandleAccessor.invoke(DirectMethodHandleAccessor.java:104)
at java.base/java.lang.reflect.Method.invoke(Method.java:578)
at org.testng.internal.MethodInvocationHelper.invokeMethod(MethodInvocationHelper.java:133)
at org.testng.internal.TestInvoker.invokeMethod(TestInvoker.java:598)
at org.testng.internal.TestInvoker.invokeTestMethod(TestInvoker.java:173)
at org.testng.internal.MethodRunner.runInSequence(MethodRunner.java:46)
at org.testng.internal.TestInvoker$MethodInvocationAgent.invoke(TestInvoker.java:824)
at org.testng.internal.TestInvoker.invokeTestMethods(TestInvoker.java:146)
at org.testng.internal.TestMethodWorker.invokeTestMethods(TestMethodWorker.java:146)
at org.testng.internal.TestMethodWorker.run(TestMethodWorker.java:128)
at java.base/java.util.ArrayList.forEach(ArrayList.java:1511)
at org.testng.TestRunner.privateRun(TestRunner.java:794)
at org.testng.TestRunner.run(TestRunner.java:596)
at org.testng.SuiteRunner.runTest(SuiteRunner.java:377)
at org.testng.SuiteRunner.runSequentially(SuiteRunner.java:371)
at org.testng.SuiteRunner.privateRun(SuiteRunner.java:332)
at org.testng.SuiteRunner.run(SuiteRunner.java:276)
at org.testng.SuiteRunnerWorker.runSuite(SuiteRunnerWorker.java:53)
at org.testng.SuiteRunnerWorker.run(SuiteRunnerWorker.java:96)
at org.testng.TestNG.runSuitesSequentially(TestNG.java:1212)
at org.testng.TestNG.runSuitesLocally(TestNG.java:1134)
at org.testng.TestNG.runSuites(TestNG.java:1063)
at org.testng.TestNG.run(TestNG.java:1031)
at org.testng.remote.AbstractRemoteTestNG.run(AbstractRemoteTestNG.java:115)
at org.testng.remote.RemoteTestNG.initAndRun(RemoteTestNG.java:251)
at org.testng.remote.RemoteTestNG.main(RemoteTestNG.java:77)
]]>
            </full-stacktrace>
          </exception> <!-- java.lang.AssertionError -->
          <reporter-output>
            <line>
              <![CDATA[<b></b> <br />]]>
            </line>
            <line>
              <![CDATA[<b>Trying to upload doc in funder</b> <br />]]>
            </line>
            <line>
              <![CDATA[<b>Warning : Document in funder is not uploaded</b> <br />]]>
            </line>
            <line>
              <![CDATA[<br>----------Screenshot---------<br>]]>
            </line>
            <line>
              <![CDATA[<img src="D:\Orders_Vehicles\AMT_Orders_Vehicles\target\surefire-reports\html\failure_screenshots\verify_document_is_uploaded_in_funder_test_20_10_2023_04_03_41.png" height="800" width="1000">]]>
            </line>
          </reporter-output>
        </test-method> <!-- verify_document_is_uploaded_in_funder_test -->
        <test-method is-config="true" signature="end()[pri:0, instance:orders.Orders_Asset_Funding_Required_Flow_FL_BCH_with_funder_with_maintenance_Test@f78a47e]" started-at="2023-10-20T16:03:41 IST" name="end" finished-at="2023-10-20T16:03:41 IST" duration-ms="0" status="PASS">
          <reporter-output>
          </reporter-output>
        </test-method> <!-- end -->
      </class> <!-- orders.Orders_Asset_Funding_Required_Flow_FL_BCH_with_funder_with_maintenance_Test -->
    </test> <!-- Default test -->
  </suite> <!-- Default suite -->
</testng-results>
