<?xml version="1.0" encoding="UTF-8"?>
<testng-results ignored="14" total="18" passed="4" failed="0" skipped="0">
  <reporter-output>
    <line>
      <![CDATA[<b></b> <br />]]>
    </line>
    <line>
      <![CDATA[<b>Searching for Order ID HG-04420</b> <br />]]>
    </line>
    <line>
      <![CDATA[<b>Started verifying monthly payment does not change after editing the basic cash price</b> <br />]]>
    </line>
    <line>
      <![CDATA[<b>Monthly payment Before Editing the Cash Price is 1518.04</b> <br />]]>
    </line>
    <line>
      <![CDATA[<b>Vehicle's Basic Cash Price Changed to 60,000</b> <br />]]>
    </line>
    <line>
      <![CDATA[<b>Now Getting the Monthly payment from customer contract tab</b> <br />]]>
    </line>
    <line>
      <![CDATA[<b>Monthly payment After Editing the Cash Price is 1518.04</b> <br />]]>
    </line>
    <line>
      <![CDATA[<b>Verified that monthly payment does not change after editing the basic cash price</b> <br />]]>
    </line>
    <line>
      <![CDATA[<b></b> <br />]]>
    </line>
    <line>
      <![CDATA[<b>Tried funder with different term and mileage other than signed term and mileage , got warning message : Term and milege combination should be same as selected cell</b> <br />]]>
    </line>
    <line>
      <![CDATA[<b>Therefore funder with different term and mileage can not be added</b> <br />]]>
    </line>
    <line>
      <![CDATA[<b></b> <br />]]>
    </line>
    <line>
      <![CDATA[<b>Monthly payment Before selecting a funder1518.04</b> <br />]]>
    </line>
    <line>
      <![CDATA[<b>Monthly payment After selecting a funder1518.04</b> <br />]]>
    </line>
    <line>
      <![CDATA[<b>Verified that monthly payment does not change after selecting a funder</b> <br />]]>
    </line>
  </reporter-output>
  <suite started-at="2023-12-21T18:08:46 IST" name="Default suite" finished-at="2023-12-21T18:12:19 IST" duration-ms="213064">
    <groups>
    </groups>
    <test started-at="2023-12-21T18:08:46 IST" name="Default test" finished-at="2023-12-21T18:12:19 IST" duration-ms="213064">
      <class name="orders.Orders_Verify_ownbook_business_hire_With_Customer_Flow_Test">
        <test-method is-config="true" signature="start_info()[pri:0, instance:orders.Orders_Verify_ownbook_business_hire_With_Customer_Flow_Test@543295b0]" started-at="2023-12-21T18:08:46 IST" name="start_info" finished-at="2023-12-21T18:08:46 IST" duration-ms="6" status="PASS">
          <reporter-output>
          </reporter-output>
        </test-method> <!-- start_info -->
        <test-method is-config="true" signature="setup()[pri:0, instance:orders.Orders_Verify_ownbook_business_hire_With_Customer_Flow_Test@543295b0]" started-at="2023-12-21T18:08:46 IST" name="setup" finished-at="2023-12-21T18:08:59 IST" duration-ms="13047" status="PASS">
          <reporter-output>
          </reporter-output>
        </test-method> <!-- setup -->
        <test-method signature="T1_open_order_created_in_acquisition_test()[pri:1, instance:orders.Orders_Verify_ownbook_business_hire_With_Customer_Flow_Test@543295b0]" started-at="2023-12-21T18:08:59 IST" name="T1_open_order_created_in_acquisition_test" finished-at="2023-12-21T18:10:08 IST" duration-ms="69026" status="PASS">
          <reporter-output>
            <line>
              <![CDATA[<b></b> <br />]]>
            </line>
            <line>
              <![CDATA[<b>Searching for Order ID HG-04420</b> <br />]]>
            </line>
          </reporter-output>
        </test-method> <!-- T1_open_order_created_in_acquisition_test -->
        <test-method signature="T2_verify_that_editing_the_basic_cash_price_does_not_affect_the_monthly_payment_on_customer_contract_tab_test()[pri:2, instance:orders.Orders_Verify_ownbook_business_hire_With_Customer_Flow_Test@543295b0]" started-at="2023-12-21T18:10:08 IST" name="T2_verify_that_editing_the_basic_cash_price_does_not_affect_the_monthly_payment_on_customer_contract_tab_test" finished-at="2023-12-21T18:11:05 IST" depends-on-methods="orders.Orders_Verify_ownbook_business_hire_With_Customer_Flow_Test.T1_open_order_created_in_acquisition_test" duration-ms="57710" status="PASS">
          <reporter-output>
            <line>
              <![CDATA[<b>Started verifying monthly payment does not change after editing the basic cash price</b> <br />]]>
            </line>
            <line>
              <![CDATA[<b>Monthly payment Before Editing the Cash Price is 1518.04</b> <br />]]>
            </line>
            <line>
              <![CDATA[<b>Vehicle's Basic Cash Price Changed to 60,000</b> <br />]]>
            </line>
            <line>
              <![CDATA[<b>Now Getting the Monthly payment from customer contract tab</b> <br />]]>
            </line>
            <line>
              <![CDATA[<b>Monthly payment After Editing the Cash Price is 1518.04</b> <br />]]>
            </line>
            <line>
              <![CDATA[<b>Verified that monthly payment does not change after editing the basic cash price</b> <br />]]>
            </line>
          </reporter-output>
        </test-method> <!-- T2_verify_that_editing_the_basic_cash_price_does_not_affect_the_monthly_payment_on_customer_contract_tab_test -->
        <test-method signature="T3_verify_that_funder_with_different_term_and_mileage_can_not_be_added_for_with_customer_flow_test(java.lang.String,java.lang.String,java.lang.String,java.lang.String,java.lang.String,java.lang.String,java.lang.String,java.lang.String,java.lang.String,java.lang.String,java.lang.String)[pri:3, instance:orders.Orders_Verify_ownbook_business_hire_With_Customer_Flow_Test@543295b0]" started-at="2023-12-21T18:11:06 IST" name="T3_verify_that_funder_with_different_term_and_mileage_can_not_be_added_for_with_customer_flow_test" data-provider="testData1" finished-at="2023-12-21T18:11:31 IST" depends-on-methods="orders.Orders_Verify_ownbook_business_hire_With_Customer_Flow_Test.T2_verify_that_editing_the_basic_cash_price_does_not_affect_the_monthly_payment_on_customer_contract_tab_test" duration-ms="24839" status="PASS">
          <params>
            <param index="0">
              <value>
                <![CDATA[REF001]]>
              </value>
            </param>
            <param index="1">
              <value>
                <![CDATA[05/12/26]]>
              </value>
            </param>
            <param index="2">
              <value>
                <![CDATA[33]]>
              </value>
            </param>
            <param index="3">
              <value>
                <![CDATA[5000]]>
              </value>
            </param>
            <param index="4">
              <value>
                <![CDATA[1000]]>
              </value>
            </param>
            <param index="5">
              <value>
                <![CDATA[200]]>
              </value>
            </param>
            <param index="6">
              <value>
                <![CDATA[12]]>
              </value>
            </param>
            <param index="7">
              <value>
                <![CDATA[500]]>
              </value>
            </param>
            <param index="8">
              <value>
                <![CDATA[6000]]>
              </value>
            </param>
            <param index="9">
              <value>
                <![CDATA[20]]>
              </value>
            </param>
            <param index="10">
              <value>
                <![CDATA[HPNR (Formula 3) - HPNR]]>
              </value>
            </param>
          </params>
          <reporter-output>
            <line>
              <![CDATA[<b></b> <br />]]>
            </line>
            <line>
              <![CDATA[<b>Tried funder with different term and mileage other than signed term and mileage , got warning message : Term and milege combination should be same as selected cell</b> <br />]]>
            </line>
            <line>
              <![CDATA[<b>Therefore funder with different term and mileage can not be added</b> <br />]]>
            </line>
          </reporter-output>
        </test-method> <!-- T3_verify_that_funder_with_different_term_and_mileage_can_not_be_added_for_with_customer_flow_test -->
        <test-method signature="T4_verify_that_monthly_payment_does_not_changes_if_a_added_funder_is_selected_in_the_asset_funding_tab_for_with_customer_flow_test(java.lang.String,java.lang.String,java.lang.String,java.lang.String,java.lang.String,java.lang.String,java.lang.String,java.lang.String,java.lang.String,java.lang.String,java.lang.String)[pri:4, instance:orders.Orders_Verify_ownbook_business_hire_With_Customer_Flow_Test@543295b0]" started-at="2023-12-21T18:11:31 IST" name="T4_verify_that_monthly_payment_does_not_changes_if_a_added_funder_is_selected_in_the_asset_funding_tab_for_with_customer_flow_test" data-provider="testData1" finished-at="2023-12-21T18:12:19 IST" depends-on-methods="orders.Orders_Verify_ownbook_business_hire_With_Customer_Flow_Test.T3_verify_that_funder_with_different_term_and_mileage_can_not_be_added_for_with_customer_flow_test" duration-ms="47277" status="PASS">
          <params>
            <param index="0">
              <value>
                <![CDATA[REF001]]>
              </value>
            </param>
            <param index="1">
              <value>
                <![CDATA[05/12/26]]>
              </value>
            </param>
            <param index="2">
              <value>
                <![CDATA[33]]>
              </value>
            </param>
            <param index="3">
              <value>
                <![CDATA[5000]]>
              </value>
            </param>
            <param index="4">
              <value>
                <![CDATA[1000]]>
              </value>
            </param>
            <param index="5">
              <value>
                <![CDATA[200]]>
              </value>
            </param>
            <param index="6">
              <value>
                <![CDATA[12]]>
              </value>
            </param>
            <param index="7">
              <value>
                <![CDATA[500]]>
              </value>
            </param>
            <param index="8">
              <value>
                <![CDATA[6000]]>
              </value>
            </param>
            <param index="9">
              <value>
                <![CDATA[20]]>
              </value>
            </param>
            <param index="10">
              <value>
                <![CDATA[HPNR (Formula 3) - HPNR]]>
              </value>
            </param>
          </params>
          <reporter-output>
            <line>
              <![CDATA[<b></b> <br />]]>
            </line>
            <line>
              <![CDATA[<b>Monthly payment Before selecting a funder1518.04</b> <br />]]>
            </line>
            <line>
              <![CDATA[<b>Monthly payment After selecting a funder1518.04</b> <br />]]>
            </line>
            <line>
              <![CDATA[<b>Verified that monthly payment does not change after selecting a funder</b> <br />]]>
            </line>
          </reporter-output>
        </test-method> <!-- T4_verify_that_monthly_payment_does_not_changes_if_a_added_funder_is_selected_in_the_asset_funding_tab_for_with_customer_flow_test -->
        <test-method is-config="true" signature="end()[pri:0, instance:orders.Orders_Verify_ownbook_business_hire_With_Customer_Flow_Test@543295b0]" started-at="2023-12-21T18:12:19 IST" name="end" finished-at="2023-12-21T18:12:19 IST" duration-ms="0" status="PASS">
          <reporter-output>
          </reporter-output>
        </test-method> <!-- end -->
      </class> <!-- orders.Orders_Verify_ownbook_business_hire_With_Customer_Flow_Test -->
    </test> <!-- Default test -->
  </suite> <!-- Default suite -->
</testng-results>
