<?xml version="1.0" encoding="UTF-8"?>
<testng-results ignored="0" total="4" passed="4" failed="0" skipped="0">
  <reporter-output>
    <line>
      <![CDATA[<b>Searching for Order ID UU-54189</b> <br />]]>
    </line>
    <line>
      <![CDATA[<b></b> <br />]]>
    </line>
    <line>
      <![CDATA[<b>Started verifying Default Status for BCH required flow</b> <br />]]>
    </line>
    <line>
      <![CDATA[<b>Default Status for BCH required flow Found OK i.e Quote Accepted because Funder is already added from acquisition quote</b> <br />]]>
    </line>
    <line>
      <![CDATA[<b></b> <br />]]>
    </line>
    <line>
      <![CDATA[<b>Adding funder with same term and mileage which was present already</b> <br />]]>
    </line>
    <line>
      <![CDATA[<b>Tried adding same funder with same term and mileage , got warning message : Funder quote already exists for this term and mileage combination</b> <br />]]>
    </line>
    <line>
      <![CDATA[<b>Therefore funder with same term and mileage can not be added</b> <br />]]>
    </line>
    <line>
      <![CDATA[<b></b> <br />]]>
    </line>
    <line>
      <![CDATA[<b>Adding funder with same term and mileage which was present already</b> <br />]]>
    </line>
    <line>
      <![CDATA[<b>Tried adding same funder with different term and mileage , got warning message : Funder quote added successfully</b> <br />]]>
    </line>
    <line>
      <![CDATA[<b>Therefore funder with different term and mileage can not be added</b> <br />]]>
    </line>
  </reporter-output>
  <suite started-at="2023-10-16T19:13:43 IST" name="Default suite" finished-at="2023-10-16T19:16:06 IST" duration-ms="142536">
    <groups>
    </groups>
    <test started-at="2023-10-16T19:13:43 IST" name="Default test" finished-at="2023-10-16T19:16:06 IST" duration-ms="142536">
      <class name="orders.Orders_Asset_Funding_Required_Flow_CP_BCH_with_funder_with_maintenance_Test">
        <test-method is-config="true" signature="start_info()[pri:0, instance:orders.Orders_Asset_Funding_Required_Flow_CP_BCH_with_funder_with_maintenance_Test@7d0b7e3c]" started-at="2023-10-16T19:13:43 IST" name="start_info" finished-at="2023-10-16T19:13:43 IST" duration-ms="6" status="PASS">
          <reporter-output>
          </reporter-output>
        </test-method> <!-- start_info -->
        <test-method is-config="true" signature="setup()[pri:0, instance:orders.Orders_Asset_Funding_Required_Flow_CP_BCH_with_funder_with_maintenance_Test@7d0b7e3c]" started-at="2023-10-16T19:13:43 IST" name="setup" finished-at="2023-10-16T19:13:55 IST" duration-ms="12026" status="PASS">
          <reporter-output>
          </reporter-output>
        </test-method> <!-- setup -->
        <test-method signature="open_order_created_in_acquisition_test()[pri:1, instance:orders.Orders_Asset_Funding_Required_Flow_CP_BCH_with_funder_with_maintenance_Test@7d0b7e3c]" started-at="2023-10-16T19:13:55 IST" name="open_order_created_in_acquisition_test" finished-at="2023-10-16T19:14:43 IST" duration-ms="47873" status="PASS">
          <reporter-output>
            <line>
              <![CDATA[<b>Searching for Order ID UU-54189</b> <br />]]>
            </line>
          </reporter-output>
        </test-method> <!-- open_order_created_in_acquisition_test -->
        <test-method signature="verify_default_status_required_flow_test()[pri:2, instance:orders.Orders_Asset_Funding_Required_Flow_CP_BCH_with_funder_with_maintenance_Test@7d0b7e3c]" started-at="2023-10-16T19:14:43 IST" name="verify_default_status_required_flow_test" finished-at="2023-10-16T19:14:50 IST" depends-on-methods="orders.Orders_Asset_Funding_Required_Flow_CP_BCH_with_funder_with_maintenance_Test.open_order_created_in_acquisition_test" duration-ms="7516" status="PASS">
          <reporter-output>
            <line>
              <![CDATA[<b></b> <br />]]>
            </line>
            <line>
              <![CDATA[<b>Started verifying Default Status for BCH required flow</b> <br />]]>
            </line>
            <line>
              <![CDATA[<b>Default Status for BCH required flow Found OK i.e Quote Accepted because Funder is already added from acquisition quote</b> <br />]]>
            </line>
          </reporter-output>
        </test-method> <!-- verify_default_status_required_flow_test -->
        <test-method signature="verify_funder_with_same_term_and_mileage_can_not_be_added_test(java.lang.String,java.lang.String,java.lang.String,java.lang.String,java.lang.String,java.lang.String,java.lang.String,java.lang.String,java.lang.String,java.lang.String,java.lang.String,java.lang.String,java.lang.String,java.lang.String)[pri:3, instance:orders.Orders_Asset_Funding_Required_Flow_CP_BCH_with_funder_with_maintenance_Test@7d0b7e3c]" started-at="2023-10-16T19:14:51 IST" name="verify_funder_with_same_term_and_mileage_can_not_be_added_test" data-provider="testData" finished-at="2023-10-16T19:15:42 IST" depends-on-methods="orders.Orders_Asset_Funding_Required_Flow_CP_BCH_with_funder_with_maintenance_Test.verify_default_status_required_flow_test" duration-ms="51115" status="PASS">
          <params>
            <param index="0">
              <value>
                <![CDATA[REF001]]>
              </value>
            </param>
            <param index="1">
              <value>
                <![CDATA[05/12/23]]>
              </value>
            </param>
            <param index="2">
              <value>
                <![CDATA[12]]>
              </value>
            </param>
            <param index="3">
              <value>
                <![CDATA[5000]]>
              </value>
            </param>
            <param index="4">
              <value>
                <![CDATA[1000]]>
              </value>
            </param>
            <param index="5">
              <value>
                <![CDATA[200]]>
              </value>
            </param>
            <param index="6">
              <value>
                <![CDATA[12]]>
              </value>
            </param>
            <param index="7">
              <value>
                <![CDATA[500]]>
              </value>
            </param>
            <param index="8">
              <value>
                <![CDATA[50]]>
              </value>
            </param>
            <param index="9">
              <value>
                <![CDATA[6000]]>
              </value>
            </param>
            <param index="10">
              <value>
                <![CDATA[20]]>
              </value>
            </param>
            <param index="11">
              <value>
                <![CDATA[10]]>
              </value>
            </param>
            <param index="12">
              <value>
                <![CDATA[10]]>
              </value>
            </param>
            <param index="13">
              <value>
                <![CDATA[CP (Formula 3) - BCH]]>
              </value>
            </param>
          </params>
          <reporter-output>
            <line>
              <![CDATA[<b></b> <br />]]>
            </line>
            <line>
              <![CDATA[<b>Adding funder with same term and mileage which was present already</b> <br />]]>
            </line>
            <line>
              <![CDATA[<b>Tried adding same funder with same term and mileage , got warning message : Funder quote already exists for this term and mileage combination</b> <br />]]>
            </line>
            <line>
              <![CDATA[<b>Therefore funder with same term and mileage can not be added</b> <br />]]>
            </line>
          </reporter-output>
        </test-method> <!-- verify_funder_with_same_term_and_mileage_can_not_be_added_test -->
        <test-method signature="verify_funder_with_different_term_and_mileage_can_be_added_test(java.lang.String,java.lang.String,java.lang.String,java.lang.String,java.lang.String,java.lang.String,java.lang.String,java.lang.String,java.lang.String,java.lang.String,java.lang.String,java.lang.String,java.lang.String,java.lang.String)[pri:4, instance:orders.Orders_Asset_Funding_Required_Flow_CP_BCH_with_funder_with_maintenance_Test@7d0b7e3c]" started-at="2023-10-16T19:15:43 IST" name="verify_funder_with_different_term_and_mileage_can_be_added_test" data-provider="testData" finished-at="2023-10-16T19:16:06 IST" depends-on-methods="orders.Orders_Asset_Funding_Required_Flow_CP_BCH_with_funder_with_maintenance_Test.verify_funder_with_same_term_and_mileage_can_not_be_added_test" duration-ms="22743" status="PASS">
          <params>
            <param index="0">
              <value>
                <![CDATA[REF001]]>
              </value>
            </param>
            <param index="1">
              <value>
                <![CDATA[05/12/23]]>
              </value>
            </param>
            <param index="2">
              <value>
                <![CDATA[12]]>
              </value>
            </param>
            <param index="3">
              <value>
                <![CDATA[5000]]>
              </value>
            </param>
            <param index="4">
              <value>
                <![CDATA[1000]]>
              </value>
            </param>
            <param index="5">
              <value>
                <![CDATA[200]]>
              </value>
            </param>
            <param index="6">
              <value>
                <![CDATA[12]]>
              </value>
            </param>
            <param index="7">
              <value>
                <![CDATA[500]]>
              </value>
            </param>
            <param index="8">
              <value>
                <![CDATA[50]]>
              </value>
            </param>
            <param index="9">
              <value>
                <![CDATA[6000]]>
              </value>
            </param>
            <param index="10">
              <value>
                <![CDATA[20]]>
              </value>
            </param>
            <param index="11">
              <value>
                <![CDATA[10]]>
              </value>
            </param>
            <param index="12">
              <value>
                <![CDATA[10]]>
              </value>
            </param>
            <param index="13">
              <value>
                <![CDATA[CP (Formula 3) - BCH]]>
              </value>
            </param>
          </params>
          <reporter-output>
            <line>
              <![CDATA[<b></b> <br />]]>
            </line>
            <line>
              <![CDATA[<b>Adding funder with same term and mileage which was present already</b> <br />]]>
            </line>
            <line>
              <![CDATA[<b>Tried adding same funder with different term and mileage , got warning message : Funder quote added successfully</b> <br />]]>
            </line>
            <line>
              <![CDATA[<b>Therefore funder with different term and mileage can not be added</b> <br />]]>
            </line>
          </reporter-output>
        </test-method> <!-- verify_funder_with_different_term_and_mileage_can_be_added_test -->
        <test-method is-config="true" signature="end()[pri:0, instance:orders.Orders_Asset_Funding_Required_Flow_CP_BCH_with_funder_with_maintenance_Test@7d0b7e3c]" started-at="2023-10-16T19:16:06 IST" name="end" finished-at="2023-10-16T19:16:06 IST" duration-ms="0" status="PASS">
          <reporter-output>
          </reporter-output>
        </test-method> <!-- end -->
      </class> <!-- orders.Orders_Asset_Funding_Required_Flow_CP_BCH_with_funder_with_maintenance_Test -->
    </test> <!-- Default test -->
  </suite> <!-- Default suite -->
</testng-results>
