<?xml version="1.0" encoding="UTF-8"?>
<testng-results ignored="0" total="8" passed="8" failed="0" skipped="0">
  <reporter-output>
    <line>
      <![CDATA[<b>Searching for Order ID QP-40357</b> <br />]]>
    </line>
    <line>
      <![CDATA[<b></b> <br />]]>
    </line>
    <line>
      <![CDATA[<b>Started verifying Default Status for HPNR required flow</b> <br />]]>
    </line>
    <line>
      <![CDATA[<b>Default Status for HPNR required flow Found OK i.e Quote Requested because Funder is not added in the acquisition quote</b> <br />]]>
    </line>
    <line>
      <![CDATA[<b></b> <br />]]>
    </line>
    <line>
      <![CDATA[<b>Started verifying Holding Cost Shown</b> <br />]]>
    </line>
    <line>
      <![CDATA[<b>Reading Monthly Holding Cost value from excel has been started</b> <br />]]>
    </line>
    <line>
      <![CDATA[<b>Reading Monthly Holding Cost value from excel has been completed</b> <br />]]>
    </line>
    <line>
      <![CDATA[<b>Total_monthly_holding_cost_from_screen =1094.53</b> <br />]]>
    </line>
    <line>
      <![CDATA[<b>Total_monthly_holding_cost_from_excel =1094.5287037922967</b> <br />]]>
    </line>
    <line>
      <![CDATA[<b>Total Monthly Holding Cost based on CAP data is Verified and Found OK</b> <br />]]>
    </line>
    <line>
      <![CDATA[<b></b> <br />]]>
    </line>
    <line>
      <![CDATA[<b>***********Holding Cost Calculations has been Started*************</b> <br />]]>
    </line>
    <line>
      <![CDATA[<b>Writing Holding Cost Summary values to excel has been completed</b> <br />]]>
    </line>
    <line>
      <![CDATA[<b>Reading Monthly Holding Cost value from excel</b> <br />]]>
    </line>
    <line>
      <![CDATA[<b>Total_monthly_holding_cost_from_screen =1,094.53</b> <br />]]>
    </line>
    <line>
      <![CDATA[<b>Total_monthly_holding_cost_from_excel =500.3636363636364</b> <br />]]>
    </line>
    <line>
      <![CDATA[<b></b> <br />]]>
    </line>
    <line>
      <![CDATA[<b>Started verifying Quote Status after adding a funder in asset funding tab</b> <br />]]>
    </line>
    <line>
      <![CDATA[<b>Quote Status after adding funder in required flow Found OK i.e Quote Received</b> <br />]]>
    </line>
    <line>
      <![CDATA[<b></b> <br />]]>
    </line>
    <line>
      <![CDATA[<b>Select a funder</b> <br />]]>
    </line>
    <line>
      <![CDATA[<b>Started verifying Quote Status after selecting a added funder in asset funding tab</b> <br />]]>
    </line>
    <line>
      <![CDATA[<b>Status after selecting an added funder Found OK i.e Quote Accepted</b> <br />]]>
    </line>
    <line>
      <![CDATA[<b></b> <br />]]>
    </line>
    <line>
      <![CDATA[<b>Total monthly holding cost from screen =500.36</b> <br />]]>
    </line>
    <line>
      <![CDATA[<b>Total monthly holding cost from excel =500.3636363636364</b> <br />]]>
    </line>
    <line>
      <![CDATA[<b></b> <br />]]>
    </line>
    <line>
      <![CDATA[<b></b> <br />]]>
    </line>
    <line>
      <![CDATA[<b>Adding Cap Maintenance to funder</b> <br />]]>
    </line>
    <line>
      <![CDATA[<b>Total monthly holding cost from excel =514.1009090909091</b> <br />]]>
    </line>
    <line>
      <![CDATA[<b>Total monthly holding cost from screen =514.1</b> <br />]]>
    </line>
  </reporter-output>
  <suite started-at="2023-10-25T19:44:15 IST" name="Default suite" finished-at="2023-10-25T19:47:15 IST" duration-ms="179214">
    <groups>
    </groups>
    <test started-at="2023-10-25T19:44:15 IST" name="Default test" finished-at="2023-10-25T19:47:15 IST" duration-ms="179214">
      <class name="orders.Orders_Asset_Funding_Required_Flow_HPNR_add_funder_and_add_cap_maint_and_verify_holding_cost_shown_Test">
        <test-method is-config="true" signature="start_info()[pri:0, instance:orders.Orders_Asset_Funding_Required_Flow_HPNR_add_funder_and_add_cap_maint_and_verify_holding_cost_shown_Test@470734c3]" started-at="2023-10-25T19:44:16 IST" name="start_info" finished-at="2023-10-25T19:44:16 IST" duration-ms="6" status="PASS">
          <reporter-output>
          </reporter-output>
        </test-method> <!-- start_info -->
        <test-method is-config="true" signature="setup()[pri:0, instance:orders.Orders_Asset_Funding_Required_Flow_HPNR_add_funder_and_add_cap_maint_and_verify_holding_cost_shown_Test@470734c3]" started-at="2023-10-25T19:44:16 IST" name="setup" finished-at="2023-10-25T19:44:27 IST" duration-ms="11305" status="PASS">
          <reporter-output>
          </reporter-output>
        </test-method> <!-- setup -->
        <test-method signature="open_order_created_in_acquisition_test()[pri:1, instance:orders.Orders_Asset_Funding_Required_Flow_HPNR_add_funder_and_add_cap_maint_and_verify_holding_cost_shown_Test@470734c3]" started-at="2023-10-25T19:44:27 IST" name="open_order_created_in_acquisition_test" finished-at="2023-10-25T19:45:44 IST" duration-ms="76936" status="PASS">
          <reporter-output>
            <line>
              <![CDATA[<b>Searching for Order ID QP-40357</b> <br />]]>
            </line>
          </reporter-output>
        </test-method> <!-- open_order_created_in_acquisition_test -->
        <test-method signature="verify_default_status_required_flow_test()[pri:3, instance:orders.Orders_Asset_Funding_Required_Flow_HPNR_add_funder_and_add_cap_maint_and_verify_holding_cost_shown_Test@470734c3]" started-at="2023-10-25T19:45:44 IST" name="verify_default_status_required_flow_test" finished-at="2023-10-25T19:45:54 IST" depends-on-methods="orders.Orders_Asset_Funding_Required_Flow_HPNR_add_funder_and_add_cap_maint_and_verify_holding_cost_shown_Test.open_order_created_in_acquisition_test" duration-ms="10510" status="PASS">
          <reporter-output>
            <line>
              <![CDATA[<b></b> <br />]]>
            </line>
            <line>
              <![CDATA[<b>Started verifying Default Status for HPNR required flow</b> <br />]]>
            </line>
            <line>
              <![CDATA[<b>Default Status for HPNR required flow Found OK i.e Quote Requested because Funder is not added in the acquisition quote</b> <br />]]>
            </line>
          </reporter-output>
        </test-method> <!-- verify_default_status_required_flow_test -->
        <test-method signature="verify_holding_cost_shown_test()[pri:4, instance:orders.Orders_Asset_Funding_Required_Flow_HPNR_add_funder_and_add_cap_maint_and_verify_holding_cost_shown_Test@470734c3]" started-at="2023-10-25T19:45:54 IST" name="verify_holding_cost_shown_test" finished-at="2023-10-25T19:46:03 IST" depends-on-methods="orders.Orders_Asset_Funding_Required_Flow_HPNR_add_funder_and_add_cap_maint_and_verify_holding_cost_shown_Test.verify_default_status_required_flow_test" duration-ms="8751" status="PASS">
          <reporter-output>
            <line>
              <![CDATA[<b></b> <br />]]>
            </line>
            <line>
              <![CDATA[<b>Started verifying Holding Cost Shown</b> <br />]]>
            </line>
            <line>
              <![CDATA[<b>Reading Monthly Holding Cost value from excel has been started</b> <br />]]>
            </line>
            <line>
              <![CDATA[<b>Reading Monthly Holding Cost value from excel has been completed</b> <br />]]>
            </line>
            <line>
              <![CDATA[<b>Total_monthly_holding_cost_from_screen =1094.53</b> <br />]]>
            </line>
            <line>
              <![CDATA[<b>Total_monthly_holding_cost_from_excel =1094.5287037922967</b> <br />]]>
            </line>
            <line>
              <![CDATA[<b>Total Monthly Holding Cost based on CAP data is Verified and Found OK</b> <br />]]>
            </line>
          </reporter-output>
        </test-method> <!-- verify_holding_cost_shown_test -->
        <test-method signature="add_funder(java.lang.String,java.lang.String,java.lang.String,java.lang.String,java.lang.String,java.lang.String,java.lang.String,java.lang.String,java.lang.String,java.lang.String,java.lang.String)[pri:5, instance:orders.Orders_Asset_Funding_Required_Flow_HPNR_add_funder_and_add_cap_maint_and_verify_holding_cost_shown_Test@470734c3]" started-at="2023-10-25T19:46:04 IST" name="add_funder" data-provider="testData1" finished-at="2023-10-25T19:46:55 IST" depends-on-methods="orders.Orders_Asset_Funding_Required_Flow_HPNR_add_funder_and_add_cap_maint_and_verify_holding_cost_shown_Test.verify_holding_cost_shown_test" duration-ms="51226" status="PASS">
          <params>
            <param index="0">
              <value>
                <![CDATA[REF001]]>
              </value>
            </param>
            <param index="1">
              <value>
                <![CDATA[05/12/23]]>
              </value>
            </param>
            <param index="2">
              <value>
                <![CDATA[33]]>
              </value>
            </param>
            <param index="3">
              <value>
                <![CDATA[5000]]>
              </value>
            </param>
            <param index="4">
              <value>
                <![CDATA[1000]]>
              </value>
            </param>
            <param index="5">
              <value>
                <![CDATA[200]]>
              </value>
            </param>
            <param index="6">
              <value>
                <![CDATA[12]]>
              </value>
            </param>
            <param index="7">
              <value>
                <![CDATA[500]]>
              </value>
            </param>
            <param index="8">
              <value>
                <![CDATA[6000]]>
              </value>
            </param>
            <param index="9">
              <value>
                <![CDATA[20]]>
              </value>
            </param>
            <param index="10">
              <value>
                <![CDATA[HPNR (Formula 3) - HPNR]]>
              </value>
            </param>
          </params>
          <reporter-output>
            <line>
              <![CDATA[<b></b> <br />]]>
            </line>
            <line>
              <![CDATA[<b>***********Holding Cost Calculations has been Started*************</b> <br />]]>
            </line>
            <line>
              <![CDATA[<b>Writing Holding Cost Summary values to excel has been completed</b> <br />]]>
            </line>
            <line>
              <![CDATA[<b>Reading Monthly Holding Cost value from excel</b> <br />]]>
            </line>
            <line>
              <![CDATA[<b>Total_monthly_holding_cost_from_screen =1,094.53</b> <br />]]>
            </line>
            <line>
              <![CDATA[<b>Total_monthly_holding_cost_from_excel =500.3636363636364</b> <br />]]>
            </line>
          </reporter-output>
        </test-method> <!-- add_funder -->
        <test-method signature="verify_status_after_adding_funder_required_flow_test()[pri:6, instance:orders.Orders_Asset_Funding_Required_Flow_HPNR_add_funder_and_add_cap_maint_and_verify_holding_cost_shown_Test@470734c3]" started-at="2023-10-25T19:46:55 IST" name="verify_status_after_adding_funder_required_flow_test" finished-at="2023-10-25T19:46:57 IST" depends-on-methods="orders.Orders_Asset_Funding_Required_Flow_HPNR_add_funder_and_add_cap_maint_and_verify_holding_cost_shown_Test.add_funder" duration-ms="2140" status="PASS">
          <reporter-output>
            <line>
              <![CDATA[<b></b> <br />]]>
            </line>
            <line>
              <![CDATA[<b>Started verifying Quote Status after adding a funder in asset funding tab</b> <br />]]>
            </line>
            <line>
              <![CDATA[<b>Quote Status after adding funder in required flow Found OK i.e Quote Received</b> <br />]]>
            </line>
          </reporter-output>
        </test-method> <!-- verify_status_after_adding_funder_required_flow_test -->
        <test-method signature="verify_status_after_selecting_the_added_funder_in_required_flow_test()[pri:7, instance:orders.Orders_Asset_Funding_Required_Flow_HPNR_add_funder_and_add_cap_maint_and_verify_holding_cost_shown_Test@470734c3]" started-at="2023-10-25T19:46:57 IST" name="verify_status_after_selecting_the_added_funder_in_required_flow_test" finished-at="2023-10-25T19:47:03 IST" depends-on-methods="orders.Orders_Asset_Funding_Required_Flow_HPNR_add_funder_and_add_cap_maint_and_verify_holding_cost_shown_Test.verify_status_after_adding_funder_required_flow_test" duration-ms="6415" status="PASS">
          <reporter-output>
            <line>
              <![CDATA[<b></b> <br />]]>
            </line>
            <line>
              <![CDATA[<b>Select a funder</b> <br />]]>
            </line>
            <line>
              <![CDATA[<b>Started verifying Quote Status after selecting a added funder in asset funding tab</b> <br />]]>
            </line>
            <line>
              <![CDATA[<b>Status after selecting an added funder Found OK i.e Quote Accepted</b> <br />]]>
            </line>
          </reporter-output>
        </test-method> <!-- verify_status_after_selecting_the_added_funder_in_required_flow_test -->
        <test-method signature="verify_holding_cost_on_adding_funder_test(java.lang.String,java.lang.String,java.lang.String,java.lang.String,java.lang.String,java.lang.String,java.lang.String,java.lang.String,java.lang.String,java.lang.String,java.lang.String)[pri:8, instance:orders.Orders_Asset_Funding_Required_Flow_HPNR_add_funder_and_add_cap_maint_and_verify_holding_cost_shown_Test@470734c3]" started-at="2023-10-25T19:47:04 IST" name="verify_holding_cost_on_adding_funder_test" data-provider="testData1" finished-at="2023-10-25T19:47:05 IST" depends-on-methods="orders.Orders_Asset_Funding_Required_Flow_HPNR_add_funder_and_add_cap_maint_and_verify_holding_cost_shown_Test.verify_status_after_selecting_the_added_funder_in_required_flow_test" duration-ms="1648" status="PASS">
          <params>
            <param index="0">
              <value>
                <![CDATA[REF001]]>
              </value>
            </param>
            <param index="1">
              <value>
                <![CDATA[05/12/23]]>
              </value>
            </param>
            <param index="2">
              <value>
                <![CDATA[33]]>
              </value>
            </param>
            <param index="3">
              <value>
                <![CDATA[5000]]>
              </value>
            </param>
            <param index="4">
              <value>
                <![CDATA[1000]]>
              </value>
            </param>
            <param index="5">
              <value>
                <![CDATA[200]]>
              </value>
            </param>
            <param index="6">
              <value>
                <![CDATA[12]]>
              </value>
            </param>
            <param index="7">
              <value>
                <![CDATA[500]]>
              </value>
            </param>
            <param index="8">
              <value>
                <![CDATA[6000]]>
              </value>
            </param>
            <param index="9">
              <value>
                <![CDATA[20]]>
              </value>
            </param>
            <param index="10">
              <value>
                <![CDATA[HPNR (Formula 3) - HPNR]]>
              </value>
            </param>
          </params>
          <reporter-output>
            <line>
              <![CDATA[<b></b> <br />]]>
            </line>
            <line>
              <![CDATA[<b>Total monthly holding cost from screen =500.36</b> <br />]]>
            </line>
            <line>
              <![CDATA[<b>Total monthly holding cost from excel =500.3636363636364</b> <br />]]>
            </line>
          </reporter-output>
        </test-method> <!-- verify_holding_cost_on_adding_funder_test -->
        <test-method signature="verify_holding_cost_on_adding_maintenance_test(java.lang.String,java.lang.String,java.lang.String,java.lang.String,java.lang.String,java.lang.String,java.lang.String,java.lang.String,java.lang.String,java.lang.String,java.lang.String)[pri:9, instance:orders.Orders_Asset_Funding_Required_Flow_HPNR_add_funder_and_add_cap_maint_and_verify_holding_cost_shown_Test@470734c3]" started-at="2023-10-25T19:47:06 IST" name="verify_holding_cost_on_adding_maintenance_test" data-provider="testData1" finished-at="2023-10-25T19:47:15 IST" depends-on-methods="orders.Orders_Asset_Funding_Required_Flow_HPNR_add_funder_and_add_cap_maint_and_verify_holding_cost_shown_Test.verify_holding_cost_on_adding_funder_test" duration-ms="9074" status="PASS">
          <params>
            <param index="0">
              <value>
                <![CDATA[REF001]]>
              </value>
            </param>
            <param index="1">
              <value>
                <![CDATA[05/12/23]]>
              </value>
            </param>
            <param index="2">
              <value>
                <![CDATA[33]]>
              </value>
            </param>
            <param index="3">
              <value>
                <![CDATA[5000]]>
              </value>
            </param>
            <param index="4">
              <value>
                <![CDATA[1000]]>
              </value>
            </param>
            <param index="5">
              <value>
                <![CDATA[200]]>
              </value>
            </param>
            <param index="6">
              <value>
                <![CDATA[12]]>
              </value>
            </param>
            <param index="7">
              <value>
                <![CDATA[500]]>
              </value>
            </param>
            <param index="8">
              <value>
                <![CDATA[6000]]>
              </value>
            </param>
            <param index="9">
              <value>
                <![CDATA[20]]>
              </value>
            </param>
            <param index="10">
              <value>
                <![CDATA[HPNR (Formula 3) - HPNR]]>
              </value>
            </param>
          </params>
          <reporter-output>
            <line>
              <![CDATA[<b></b> <br />]]>
            </line>
            <line>
              <![CDATA[<b></b> <br />]]>
            </line>
            <line>
              <![CDATA[<b>Adding Cap Maintenance to funder</b> <br />]]>
            </line>
            <line>
              <![CDATA[<b>Total monthly holding cost from excel =514.1009090909091</b> <br />]]>
            </line>
            <line>
              <![CDATA[<b>Total monthly holding cost from screen =514.1</b> <br />]]>
            </line>
          </reporter-output>
        </test-method> <!-- verify_holding_cost_on_adding_maintenance_test -->
        <test-method is-config="true" signature="end()[pri:0, instance:orders.Orders_Asset_Funding_Required_Flow_HPNR_add_funder_and_add_cap_maint_and_verify_holding_cost_shown_Test@470734c3]" started-at="2023-10-25T19:47:15 IST" name="end" finished-at="2023-10-25T19:47:15 IST" duration-ms="0" status="PASS">
          <reporter-output>
          </reporter-output>
        </test-method> <!-- end -->
      </class> <!-- orders.Orders_Asset_Funding_Required_Flow_HPNR_add_funder_and_add_cap_maint_and_verify_holding_cost_shown_Test -->
    </test> <!-- Default test -->
  </suite> <!-- Default suite -->
</testng-results>
