<?xml version="1.0" encoding="UTF-8"?>
<testng-results ignored="0" total="6" passed="6" failed="0" skipped="0">
  <reporter-output>
    <line>
      <![CDATA[<b>Clicked on Quote button </b> <br />]]>
    </line>
    <line>
      <![CDATA[<b>Manufacture =FIAT has been selected</b> <br />]]>
    </line>
    <line>
      <![CDATA[<b>Model range =FIORINO has been selected</b> <br />]]>
    </line>
    <line>
      <![CDATA[<b>Vehicle has been selected</b> <br />]]>
    </line>
    <line>
      <![CDATA[<b>Paint option has been selected</b> <br />]]>
    </line>
    <line>
      <![CDATA[<b>Interior option has been selected</b> <br />]]>
    </line>
    <line>
      <![CDATA[<b> Acquisition Contract type option = HPNR has been selected</b> <br />]]>
    </line>
    <line>
      <![CDATA[<b> Customer Contract type option = Finance Lease(FL) has been selected</b> <br />]]>
    </line>
    <line>
      <![CDATA[<b>Getting Basic Price- Vehicle value is  =16745.00</b> <br />]]>
    </line>
    <line>
      <![CDATA[<b>Getting Basic Price - Paint  value is  =0.00</b> <br />]]>
    </line>
    <line>
      <![CDATA[<b>Getting  Basic Price - Options value is   =0.00</b> <br />]]>
    </line>
    <line>
      <![CDATA[<b>Getting Discount- Vehicle value is  =0.00</b> <br />]]>
    </line>
    <line>
      <![CDATA[<b>Getting   Discount - Paint value is   =0.00</b> <br />]]>
    </line>
    <line>
      <![CDATA[<b>Getting  Discount- Options value is   =0.00</b> <br />]]>
    </line>
    <line>
      <![CDATA[<b>Getting Additional Discount- Vehicle value is  =0.00</b> <br />]]>
    </line>
    <line>
      <![CDATA[<b>Getting  Additional Discount - paint value is  =0.00</b> <br />]]>
    </line>
    <line>
      <![CDATA[<b>Getting  Additional Discount - Options value is  =0.00</b> <br />]]>
    </line>
    <line>
      <![CDATA[<b>Writing OTR table values to excel sheet -Started </b> <br />]]>
    </line>
    <line>
      <![CDATA[<b>Writing OTR table values to excel sheet -Completed </b> <br />]]>
    </line>
    <line>
      <![CDATA[<b>Reading Subtotal After Discount from excel sheet -Started </b> <br />]]>
    </line>
    <line>
      <![CDATA[<b>Reading Subtotal After Discount from excel sheet -Started </b> <br />]]>
    </line>
    <line>
      <![CDATA[<b>Subtotal After Discount from excel sheet is =16745.0</b> <br />]]>
    </line>
    <line>
      <![CDATA[<b>Subtotal after discount actual value from screen =£ 16,745.00</b> <br />]]>
    </line>
    <line>
      <![CDATA[<b>*********Calculations for On Road Price has been started***********</b> <br />]]>
    </line>
    <line>
      <![CDATA[<b>Started getting On screen values from after discount table </b> <br />]]>
    </line>
    <line>
      <![CDATA[<b>Manufacture_delivery_charges =695.0</b> <br />]]>
    </line>
    <line>
      <![CDATA[<b>Road_tax_first_year =275.0</b> <br />]]>
    </line>
    <line>
      <![CDATA[<b>First_registration_fee =55.0</b> <br />]]>
    </line>
    <line>
      <![CDATA[<b>Rebate =0.0</b> <br />]]>
    </line>
    <line>
      <![CDATA[<b>Writing After discount values to excel has been started</b> <br />]]>
    </line>
    <line>
      <![CDATA[<b>Writing After discount values to excel has been completed</b> <br />]]>
    </line>
    <line>
      <![CDATA[<b>Reading On Road Price for invoice from excel has been Started</b> <br />]]>
    </line>
    <line>
      <![CDATA[<b>Reading On Road Price for invoice from excel has been completed</b> <br />]]>
    </line>
    <line>
      <![CDATA[<b>Expected on the road price from excel is =21258.0</b> <br />]]>
    </line>
    <line>
      <![CDATA[<b>Actual on the road price from screen is =21258.00</b> <br />]]>
    </line>
    <line>
      <![CDATA[<b>Verification of OTR price for calculation after adding other support value has been started</b> <br />]]>
    </line>
    <line>
      <![CDATA[<b>Writing other support value to Excel has been started</b> <br />]]>
    </line>
    <line>
      <![CDATA[<b>Writing other support value to Excel has been ended</b> <br />]]>
    </line>
    <line>
      <![CDATA[<b>OTR price for calculation after adding other support found OK</b> <br />]]>
    </line>
    <line>
      <![CDATA[<b>Verification of OTR price for calculation after adding other support value has been ended</b> <br />]]>
    </line>
    <line>
      <![CDATA[<b>***********Entered in holding cost page ***********</b> <br />]]>
    </line>
    <line>
      <![CDATA[<b>Clicked on holding cost summary</b> <br />]]>
    </line>
    <line>
      <![CDATA[<b></b> <br />]]>
    </line>
    <line>
      <![CDATA[<b>Verifying Holding Cost Based on CAP data</b> <br />]]>
    </line>
    <line>
      <![CDATA[<b>Getting on screen values from Holding Cost Page</b> <br />]]>
    </line>
    <line>
      <![CDATA[<b>Duration(Terms) =36.0</b> <br />]]>
    </line>
    <line>
      <![CDATA[<b>Annual_mileage =10000.0</b> <br />]]>
    </line>
    <line>
      <![CDATA[<b>Cap_residual_value_from_screen =6125.0</b> <br />]]>
    </line>
    <line>
      <![CDATA[<b>Writing Holding Cost Summary values to excel has been started</b> <br />]]>
    </line>
    <line>
      <![CDATA[<b>Writing Holding Cost Summary values to excel has been completed</b> <br />]]>
    </line>
    <line>
      <![CDATA[<b>Reading Monthly Holding Cost value from excel has been started</b> <br />]]>
    </line>
    <line>
      <![CDATA[<b>Reading Monthly Holding Cost value from excel has been completed</b> <br />]]>
    </line>
    <line>
      <![CDATA[<b>Total_monthly_holding_cost_from_screen =386.32</b> <br />]]>
    </line>
    <line>
      <![CDATA[<b>Total_monthly_holding_cost_from_excel =386.3199966664137</b> <br />]]>
    </line>
    <line>
      <![CDATA[<b>Total Monthly Holding Cost based on CAP data is Verified and Found OK</b> <br />]]>
    </line>
    <line>
      <![CDATA[<b></b> <br />]]>
    </line>
    <line>
      <![CDATA[<b>Editing % CAP Residual Value used</b> <br />]]>
    </line>
    <line>
      <![CDATA[<b>Changing % CAP Residual Value (from test  data) to 50</b> <br />]]>
    </line>
    <line>
      <![CDATA[<b>Writing Holding Cost Summary values to excel has been started</b> <br />]]>
    </line>
    <line>
      <![CDATA[<b>Writing Holding Cost Summary values to excel has been completed</b> <br />]]>
    </line>
    <line>
      <![CDATA[<b>Reading Monthly Holding Cost value from excel has been started</b> <br />]]>
    </line>
    <line>
      <![CDATA[<b>Reading Monthly Holding Cost value from excel has been completed</b> <br />]]>
    </line>
    <line>
      <![CDATA[<b>Total_monthly_holding_cost_from_screen =463.18</b> <br />]]>
    </line>
    <line>
      <![CDATA[<b>Total_monthly_holding_cost_from_excel =463.1777136752618</b> <br />]]>
    </line>
    <line>
      <![CDATA[<b>Total Monthly Holding Cost After Editing % Residual Value is Verified and Found OK</b> <br />]]>
    </line>
    <line>
      <![CDATA[<b></b> <br />]]>
    </line>
    <line>
      <![CDATA[<b>Editing Residual value used</b> <br />]]>
    </line>
    <line>
      <![CDATA[<b>Changing Residual value used to =20000</b> <br />]]>
    </line>
    <line>
      <![CDATA[<b>Writing Holding Cost Summary values to excel has been started</b> <br />]]>
    </line>
    <line>
      <![CDATA[<b>Writing Holding Cost Summary values to excel has been completed</b> <br />]]>
    </line>
    <line>
      <![CDATA[<b>Reading Monthly Holding Cost value from excel has been started</b> <br />]]>
    </line>
    <line>
      <![CDATA[<b>Reading Monthly Holding Cost value from excel has been completed</b> <br />]]>
    </line>
    <line>
      <![CDATA[<b>Total_monthly_holding_cost_from_screen =38.11</b> <br />]]>
    </line>
    <line>
      <![CDATA[<b>Total_monthly_holding_cost_from_excel =38.10748287122686</b> <br />]]>
    </line>
    <line>
      <![CDATA[<b>Total Monthly Holding Cost After Editing Residual Value is Verified and Found OK</b> <br />]]>
    </line>
    <line>
      <![CDATA[<b></b> <br />]]>
    </line>
    <line>
      <![CDATA[<b>Editing additional terms and mileage</b> <br />]]>
    </line>
    <line>
      <![CDATA[<b>Updated Residual Value from screen  (to be sent to calculation excel) is =3637.50</b> <br />]]>
    </line>
    <line>
      <![CDATA[<b>Writing Holding Cost Summary values to excel has been started</b> <br />]]>
    </line>
    <line>
      <![CDATA[<b>Writing Holding Cost Summary values to excel has been completed</b> <br />]]>
    </line>
    <line>
      <![CDATA[<b>Reading Monthly Holding Cost value from excel has been started</b> <br />]]>
    </line>
    <line>
      <![CDATA[<b>Reading Monthly Holding Cost value from excel has been completed</b> <br />]]>
    </line>
    <line>
      <![CDATA[<b>Total_monthly_holding_cost_from_screen =696.45</b> <br />]]>
    </line>
    <line>
      <![CDATA[<b>Total_monthly_holding_cost_from_excel =696.4514357703858</b> <br />]]>
    </line>
    <line>
      <![CDATA[<b>Total Monthly Holding Cost After Editing Additional terms and mileage is Verified and Found OK</b> <br />]]>
    </line>
    <line>
      <![CDATA[<b>Writing configuration values from property file to Excel for customer quote calculation -started</b> <br />]]>
    </line>
    <line>
      <![CDATA[<b>Writing configuration values from property file to Excel for customer quote calculation -completed</b> <br />]]>
    </line>
    <line>
      <![CDATA[<b>************Calculations for Customer Quote Page has been started***********</b> <br />]]>
    </line>
    <line>
      <![CDATA[<b>Payment Profile Monthly in Advance option has been selected</b> <br />]]>
    </line>
    <line>
      <![CDATA[<b>Writing values to Excel for customer quote calculation -started</b> <br />]]>
    </line>
    <line>
      <![CDATA[<b>Writing values to Excel for customer quote calculation -completed</b> <br />]]>
    </line>
    <line>
      <![CDATA[<b>Reading  Monthly Finance Rental from  Excel   -started</b> <br />]]>
    </line>
    <line>
      <![CDATA[<b>Reading  Monthly Finance Rental from  Excel   -completed</b> <br />]]>
    </line>
    <line>
      <![CDATA[<b>Monthly Finance Rental from Excel is =816.0407233006591</b> <br />]]>
    </line>
    <line>
      <![CDATA[<b>Monthly Finance Rental from screen is 816.04</b> <br />]]>
    </line>
    <line>
      <![CDATA[<b>Monthly Finance Rental from screen (after submitting upsell values) is 836.41</b> <br />]]>
    </line>
    <line>
      <![CDATA[<b>Writing upsell values to excel</b> <br />]]>
    </line>
    <line>
      <![CDATA[<b>Monthly Finance Rental from Excel (after submitting upsell values) is 836.4138780021682</b> <br />]]>
    </line>
    <line>
      <![CDATA[<b>Monthly finance (after submitting upsell values) is found OK</b> <br />]]>
    </line>
    <line>
      <![CDATA[<b>Clicked on Part Exchange panel and putting part exchange values</b> <br />]]>
    </line>
    <line>
      <![CDATA[<b>Monthly Finance Rental from screen (after making part exchange toggle on) is 654.59</b> <br />]]>
    </line>
    <line>
      <![CDATA[<b>Writing part exchange values to excel</b> <br />]]>
    </line>
    <line>
      <![CDATA[<b>Monthly Finance Rental from Excel (after making part exchange toggle on) is 654.5956961839863</b> <br />]]>
    </line>
    <line>
      <![CDATA[<b>Monthly finance rental (after makking part exchage toggle on) is found OK</b> <br />]]>
    </line>
    <line>
      <![CDATA[<b></b> <br />]]>
    </line>
    <line>
      <![CDATA[<b>***********Checking Monthly Payment values with Balloon Payment ON / OFF***********</b> <br />]]>
    </line>
    <line>
      <![CDATA[<b>Clicked on  - With Balloon Toggle</b> <br />]]>
    </line>
    <line>
      <![CDATA[<b>Monthly Finance Rental from screen (after making With Balloon toggle OFF) is 993.02</b> <br />]]>
    </line>
    <line>
      <![CDATA[<b>Monthly Finance Rental from excel (after making With Balloon toggle OFF) is 993.0200427321546</b> <br />]]>
    </line>
    <line>
      <![CDATA[<b>Monthly finance  rental (after making With Balloon toggle OFF) is found OK</b> <br />]]>
    </line>
    <line>
      <![CDATA[<b>Monthly Finance Rental from screen (after updating customer quote summary upsell value) is 846.6</b> <br />]]>
    </line>
    <line>
      <![CDATA[<b>Writing upsell values to excel</b> <br />]]>
    </line>
    <line>
      <![CDATA[<b>Monthly Finance Rental from Excel (after updating customer quote summary upsell value) is 846.6004553529273</b> <br />]]>
    </line>
    <line>
      <![CDATA[<b>Monthly finance rental (after updating customer quote summary upsell value) is found OK</b> <br />]]>
    </line>
    <line>
      <![CDATA[<b>*************OTR Calulation on quote summary page has been started************</b> <br />]]>
    </line>
    <line>
      <![CDATA[<b>Reading values from OTR calculation -Quote Summary Page</b> <br />]]>
    </line>
    <line>
      <![CDATA[<b>OTR_calculation_cost_otr_price_from_screen =21258.0</b> <br />]]>
    </line>
    <line>
      <![CDATA[<b>OTR_calculation_cost_price_ex_vat_and_rfl_from_screen =17440.0</b> <br />]]>
    </line>
    <line>
      <![CDATA[<b>OTR_calculation_otr_vat_from_screen =3488.0</b> <br />]]>
    </line>
    <line>
      <![CDATA[<b>OTR_calculation_otr_rfl_and_frf_from_screen =330.0</b> <br />]]>
    </line>
    <line>
      <![CDATA[<b>OTR price compared</b> <br />]]>
    </line>
    <line>
      <![CDATA[<b>Cost price ex vat and rfl compared</b> <br />]]>
    </line>
    <line>
      <![CDATA[<b>VAT compared</b> <br />]]>
    </line>
    <line>
      <![CDATA[<b>RFL & FRF compared</b> <br />]]>
    </line>
    <line>
      <![CDATA[<b>*************Holding Cost Calulation on quote summary page has been started************</b> <br />]]>
    </line>
    <line>
      <![CDATA[<b>Reading values from Holding Cost summary -Quote Summary Page</b> <br />]]>
    </line>
    <line>
      <![CDATA[<b>holding_cost_terms_from_screen22.0</b> <br />]]>
    </line>
    <line>
      <![CDATA[<b>holding_cost_miles_per_annum_from_screen22000.0</b> <br />]]>
    </line>
    <line>
      <![CDATA[<b>holding_cost_monthly_finance_cost_from_screen696.45</b> <br />]]>
    </line>
    <line>
      <![CDATA[<b>holding_cost_total_monthly_holding_cost_from_screen =696.45</b> <br />]]>
    </line>
    <line>
      <![CDATA[<b>terms compared</b> <br />]]>
    </line>
    <line>
      <![CDATA[<b>Miles per annum compared</b> <br />]]>
    </line>
    <line>
      <![CDATA[<b>Finance cost compared</b> <br />]]>
    </line>
    <line>
      <![CDATA[<b>Total Monthly Holding Cost compared</b> <br />]]>
    </line>
    <line>
      <![CDATA[<b>*************Calculations for Customer Quote Summary on Quote Summary page has been started************</b> <br />]]>
    </line>
    <line>
      <![CDATA[<b>Terms found OK</b> <br />]]>
    </line>
    <line>
      <![CDATA[<b>miles found OK</b> <br />]]>
    </line>
    <line>
      <![CDATA[<b>Monthly Finance Rental found OK</b> <br />]]>
    </line>
    <line>
      <![CDATA[<b>Initial Finance Rental found OK</b> <br />]]>
    </line>
    <line>
      <![CDATA[<b>Followed By months - found OK</b> <br />]]>
    </line>
    <line>
      <![CDATA[<b>Part Exchange Value - found OK</b> <br />]]>
    </line>
    <line>
      <![CDATA[<b>Pence per excess mile finance - found OK</b> <br />]]>
    </line>
    <line>
      <![CDATA[<b>Document Fee - found OK</b> <br />]]>
    </line>
    <line>
      <![CDATA[<b>Upsell - found OK</b> <br />]]>
    </line>
    <line>
      <![CDATA[<b>Default Finance Commission - found wrong</b> <br />]]>
    </line>
    <line>
      <![CDATA[<b>Upsell Commission - found OK</b> <br />]]>
    </line>
    <line>
      <![CDATA[<b>Document Fee Commission - found OK</b> <br />]]>
    </line>
    <line>
      <![CDATA[<b>Total Commission - found wrong</b> <br />]]>
    </line>
    <line>
      <![CDATA[<b>Referrer Commission - found OK</b> <br />]]>
    </line>
    <line>
      <![CDATA[<b>*************Configuration Values Verification on quote summary page has been started************</b> <br />]]>
    </line>
    <line>
      <![CDATA[<b>Base Interest Rate found OK</b> <br />]]>
    </line>
    <line>
      <![CDATA[<b>Finance Margin found OK</b> <br />]]>
    </line>
    <line>
      <![CDATA[<b>Deductions found wrong</b> <br />]]>
    </line>
    <line>
      <![CDATA[<b>Additional Margin found OK</b> <br />]]>
    </line>
    <line>
      <![CDATA[<b>Total Margin found wrong</b> <br />]]>
    </line>
    <line>
      <![CDATA[<b>Default Broker Margin percentage found OK</b> <br />]]>
    </line>
    <line>
      <![CDATA[<b>Broker Upsell Margin percentage found OK</b> <br />]]>
    </line>
    <line>
      <![CDATA[<b>Broker Upsell Margin  found OK</b> <br />]]>
    </line>
    <line>
      <![CDATA[<b>Document Fee Margin  found OK</b> <br />]]>
    </line>
    <line>
      <![CDATA[<b>Refferer Margin  found OK</b> <br />]]>
    </line>
    <line>
      <![CDATA[<b>*********Customer Quote generated successfully and Quote_ref_no is=GSH49692</b> <br />]]>
    </line>
    <line>
      <![CDATA[<b>*************OTR Calulation on quote summary page has been started************</b> <br />]]>
    </line>
    <line>
      <![CDATA[<b>Reading values from OTR calculation -Quote Summary Page</b> <br />]]>
    </line>
    <line>
      <![CDATA[<b>OTR_calculation_cost_otr_price_from_screen =21258.0</b> <br />]]>
    </line>
    <line>
      <![CDATA[<b>OTR_calculation_cost_price_ex_vat_and_rfl_from_screen =17440.0</b> <br />]]>
    </line>
    <line>
      <![CDATA[<b>OTR_calculation_otr_vat_from_screen =3488.0</b> <br />]]>
    </line>
    <line>
      <![CDATA[<b>OTR_calculation_otr_rfl_and_frf_from_screen =330.0</b> <br />]]>
    </line>
    <line>
      <![CDATA[<b>OTR price compared</b> <br />]]>
    </line>
    <line>
      <![CDATA[<b>Cost price ex vat and rfl compared</b> <br />]]>
    </line>
    <line>
      <![CDATA[<b>VAT compared</b> <br />]]>
    </line>
    <line>
      <![CDATA[<b>RFL & FRF compared</b> <br />]]>
    </line>
    <line>
      <![CDATA[<b>*************Holding Cost Calulation on quote summary page has been started************</b> <br />]]>
    </line>
    <line>
      <![CDATA[<b>Reading values from Holding Cost summary -Quote Summary Page</b> <br />]]>
    </line>
    <line>
      <![CDATA[<b>holding_cost_terms_from_screen22.0</b> <br />]]>
    </line>
    <line>
      <![CDATA[<b>holding_cost_miles_per_annum_from_screen22000.0</b> <br />]]>
    </line>
    <line>
      <![CDATA[<b>holding_cost_monthly_finance_cost_from_screen696.45</b> <br />]]>
    </line>
    <line>
      <![CDATA[<b>holding_cost_total_monthly_holding_cost_from_screen =696.45</b> <br />]]>
    </line>
    <line>
      <![CDATA[<b>terms compared</b> <br />]]>
    </line>
    <line>
      <![CDATA[<b>Miles per annum compared</b> <br />]]>
    </line>
    <line>
      <![CDATA[<b>Finance cost compared</b> <br />]]>
    </line>
    <line>
      <![CDATA[<b>Total Monthly Holding Cost compared</b> <br />]]>
    </line>
    <line>
      <![CDATA[<b>*************Calculations for Customer Quote Summary on Quote Summary page has been started************</b> <br />]]>
    </line>
    <line>
      <![CDATA[<b>Terms found OK</b> <br />]]>
    </line>
    <line>
      <![CDATA[<b>miles found OK</b> <br />]]>
    </line>
    <line>
      <![CDATA[<b>Monthly Finance Rental found OK</b> <br />]]>
    </line>
    <line>
      <![CDATA[<b>Initial Finance Rental found OK</b> <br />]]>
    </line>
    <line>
      <![CDATA[<b>Followed By months - found OK</b> <br />]]>
    </line>
    <line>
      <![CDATA[<b>Part Exchange Value - found OK</b> <br />]]>
    </line>
    <line>
      <![CDATA[<b>Pence per excess mile finance - found OK</b> <br />]]>
    </line>
    <line>
      <![CDATA[<b>Document Fee - found OK</b> <br />]]>
    </line>
    <line>
      <![CDATA[<b>Upsell - found OK</b> <br />]]>
    </line>
    <line>
      <![CDATA[<b>Default Finance Commission - found wrong</b> <br />]]>
    </line>
    <line>
      <![CDATA[<b>Upsell Commission - found OK</b> <br />]]>
    </line>
    <line>
      <![CDATA[<b>Document Fee Commission - found OK</b> <br />]]>
    </line>
    <line>
      <![CDATA[<b>Total Commission - found wrong</b> <br />]]>
    </line>
    <line>
      <![CDATA[<b>Referrer Commission - found OK</b> <br />]]>
    </line>
    <line>
      <![CDATA[<b>*************Configuration Values Verification on quote summary page has been started************</b> <br />]]>
    </line>
    <line>
      <![CDATA[<b>Base Interest Rate found OK</b> <br />]]>
    </line>
    <line>
      <![CDATA[<b>Finance Margin found OK</b> <br />]]>
    </line>
    <line>
      <![CDATA[<b>Deductions found wrong</b> <br />]]>
    </line>
    <line>
      <![CDATA[<b>Additional Margin found OK</b> <br />]]>
    </line>
    <line>
      <![CDATA[<b>Total Margin found wrong</b> <br />]]>
    </line>
    <line>
      <![CDATA[<b>Default Broker Margin percentage found OK</b> <br />]]>
    </line>
    <line>
      <![CDATA[<b>Broker Upsell Margin percentage found OK</b> <br />]]>
    </line>
    <line>
      <![CDATA[<b>Broker Upsell Margin  found OK</b> <br />]]>
    </line>
    <line>
      <![CDATA[<b>Document Fee Margin  found OK</b> <br />]]>
    </line>
    <line>
      <![CDATA[<b>Refferer Margin  found OK</b> <br />]]>
    </line>
    <line>
      <![CDATA[<b>*************Editing and Verifying Configuration Values on quote summary page has been started************</b> <br />]]>
    </line>
    <line>
      <![CDATA[<b>Base Interest Rate changed to 7.0 %</b> <br />]]>
    </line>
    <line>
      <![CDATA[<b>Holding Cost after changing Base Int. Rate -  found OK</b> <br />]]>
    </line>
    <line>
      <![CDATA[<b>Monthly Finance Rental after changing Base Int. Rate -  found OK</b> <br />]]>
    </line>
    <line>
      <![CDATA[<b>Initial Finance Rental found OK</b> <br />]]>
    </line>
    <line>
      <![CDATA[<b>Base Interest Rate changed to 6.5 %</b> <br />]]>
    </line>
    <line>
      <![CDATA[<b>*************Editing Fianance Margin and Verifying Values on quote summary page has been started************</b> <br />]]>
    </line>
    <line>
      <![CDATA[<b>Finance margin changed to 10000</b> <br />]]>
    </line>
    <line>
      <![CDATA[<b>Monthly Finance Rental after changing finance margin -  found OK</b> <br />]]>
    </line>
    <line>
      <![CDATA[<b>Initial Finance Rental found OK</b> <br />]]>
    </line>
  </reporter-output>
  <suite started-at="2023-03-25T17:20:01 IST" name="Default suite" finished-at="2023-03-25T17:25:43 IST" duration-ms="341626">
    <groups>
    </groups>
    <test started-at="2023-03-25T17:20:01 IST" name="Default test" finished-at="2023-03-25T17:25:43 IST" duration-ms="341626">
      <class name="newCar.HPNR.Acquisition_Quotes_HPNR_FL_LCV_without_maintenance_Test">
        <test-method is-config="true" signature="setup()[pri:0, instance:newCar.HPNR.Acquisition_Quotes_HPNR_FL_LCV_without_maintenance_Test@38cee291]" started-at="2023-03-25T17:20:01 IST" name="setup" finished-at="2023-03-25T17:20:19 IST" duration-ms="17986" status="PASS">
          <reporter-output>
          </reporter-output>
        </test-method> <!-- setup -->
        <test-method signature="aquisition_quotes_HPNR_FL_OTR_calculation_without_maintenance_test(java.lang.String,java.lang.String,java.lang.String,java.lang.String,java.lang.String,java.lang.String,java.lang.String,java.lang.String,java.lang.String,java.lang.String,java.lang.String,java.lang.String,java.lang.String,java.lang.String,java.lang.String,java.lang.String,java.lang.String,java.lang.String,java.lang.String,java.lang.String,java.lang.String,java.lang.String,java.lang.String)[pri:1, instance:newCar.HPNR.Acquisition_Quotes_HPNR_FL_LCV_without_maintenance_Test@38cee291]" started-at="2023-03-25T17:20:20 IST" name="aquisition_quotes_HPNR_FL_OTR_calculation_without_maintenance_test" data-provider="testData" finished-at="2023-03-25T17:21:23 IST" duration-ms="62628" status="PASS">
          <params>
            <param index="0">
              <value>
                <![CDATA[FIAT]]>
              </value>
            </param>
            <param index="1">
              <value>
                <![CDATA[FIORINO]]>
              </value>
            </param>
            <param index="2">
              <value>
                <![CDATA[0]]>
              </value>
            </param>
            <param index="3">
              <value>
                <![CDATA[0]]>
              </value>
            </param>
            <param index="4">
              <value>
                <![CDATA[150]]>
              </value>
            </param>
            <param index="5">
              <value>
                <![CDATA[50]]>
              </value>
            </param>
            <param index="6">
              <value>
                <![CDATA[20000]]>
              </value>
            </param>
            <param index="7">
              <value>
                <![CDATA[10000]]>
              </value>
            </param>
            <param index="8">
              <value>
                <![CDATA[6000]]>
              </value>
            </param>
            <param index="9">
              <value>
                <![CDATA[2000]]>
              </value>
            </param>
            <param index="10">
              <value>
                <![CDATA[1000]]>
              </value>
            </param>
            <param index="11">
              <value>
                <![CDATA[199.99]]>
              </value>
            </param>
            <param index="12">
              <value>
                <![CDATA[500]]>
              </value>
            </param>
            <param index="13">
              <value>
                <![CDATA[200]]>
              </value>
            </param>
            <param index="14">
              <value>
                <![CDATA[200]]>
              </value>
            </param>
            <param index="15">
              <value>
                <![CDATA[22]]>
              </value>
            </param>
            <param index="16">
              <value>
                <![CDATA[22000]]>
              </value>
            </param>
            <param index="17">
              <value>
                <![CDATA[NO]]>
              </value>
            </param>
            <param index="18">
              <value>
                <![CDATA[0]]>
              </value>
            </param>
            <param index="19">
              <value>
                <![CDATA[200]]>
              </value>
            </param>
            <param index="20">
              <value>
                <![CDATA[NO]]>
              </value>
            </param>
            <param index="21">
              <value>
                <![CDATA[0]]>
              </value>
            </param>
            <param index="22">
              <value>
                <![CDATA[Formula1-FL]]>
              </value>
            </param>
          </params>
          <reporter-output>
            <line>
              <![CDATA[<b>Clicked on Quote button </b> <br />]]>
            </line>
            <line>
              <![CDATA[<b>Manufacture =FIAT has been selected</b> <br />]]>
            </line>
            <line>
              <![CDATA[<b>Model range =FIORINO has been selected</b> <br />]]>
            </line>
            <line>
              <![CDATA[<b>Vehicle has been selected</b> <br />]]>
            </line>
            <line>
              <![CDATA[<b>Paint option has been selected</b> <br />]]>
            </line>
            <line>
              <![CDATA[<b>Interior option has been selected</b> <br />]]>
            </line>
            <line>
              <![CDATA[<b> Acquisition Contract type option = HPNR has been selected</b> <br />]]>
            </line>
            <line>
              <![CDATA[<b> Customer Contract type option = Finance Lease(FL) has been selected</b> <br />]]>
            </line>
            <line>
              <![CDATA[<b>Getting Basic Price- Vehicle value is  =16745.00</b> <br />]]>
            </line>
            <line>
              <![CDATA[<b>Getting Basic Price - Paint  value is  =0.00</b> <br />]]>
            </line>
            <line>
              <![CDATA[<b>Getting  Basic Price - Options value is   =0.00</b> <br />]]>
            </line>
            <line>
              <![CDATA[<b>Getting Discount- Vehicle value is  =0.00</b> <br />]]>
            </line>
            <line>
              <![CDATA[<b>Getting   Discount - Paint value is   =0.00</b> <br />]]>
            </line>
            <line>
              <![CDATA[<b>Getting  Discount- Options value is   =0.00</b> <br />]]>
            </line>
            <line>
              <![CDATA[<b>Getting Additional Discount- Vehicle value is  =0.00</b> <br />]]>
            </line>
            <line>
              <![CDATA[<b>Getting  Additional Discount - paint value is  =0.00</b> <br />]]>
            </line>
            <line>
              <![CDATA[<b>Getting  Additional Discount - Options value is  =0.00</b> <br />]]>
            </line>
            <line>
              <![CDATA[<b>Writing OTR table values to excel sheet -Started </b> <br />]]>
            </line>
            <line>
              <![CDATA[<b>Writing OTR table values to excel sheet -Completed </b> <br />]]>
            </line>
            <line>
              <![CDATA[<b>Reading Subtotal After Discount from excel sheet -Started </b> <br />]]>
            </line>
            <line>
              <![CDATA[<b>Reading Subtotal After Discount from excel sheet -Started </b> <br />]]>
            </line>
            <line>
              <![CDATA[<b>Subtotal After Discount from excel sheet is =16745.0</b> <br />]]>
            </line>
            <line>
              <![CDATA[<b>Subtotal after discount actual value from screen =£ 16,745.00</b> <br />]]>
            </line>
          </reporter-output>
        </test-method> <!-- aquisition_quotes_HPNR_FL_OTR_calculation_without_maintenance_test -->
        <test-method signature="aquisition_quotes_HPNR_FL_after_discount_calculations_without_maintenance_test(java.lang.String,java.lang.String,java.lang.String,java.lang.String,java.lang.String,java.lang.String,java.lang.String,java.lang.String,java.lang.String,java.lang.String,java.lang.String,java.lang.String,java.lang.String,java.lang.String,java.lang.String,java.lang.String,java.lang.String,java.lang.String,java.lang.String,java.lang.String,java.lang.String,java.lang.String,java.lang.String)[pri:2, instance:newCar.HPNR.Acquisition_Quotes_HPNR_FL_LCV_without_maintenance_Test@38cee291]" started-at="2023-03-25T17:21:23 IST" name="aquisition_quotes_HPNR_FL_after_discount_calculations_without_maintenance_test" data-provider="testData" finished-at="2023-03-25T17:21:26 IST" depends-on-methods="newCar.HPNR.Acquisition_Quotes_HPNR_FL_LCV_without_maintenance_Test.aquisition_quotes_HPNR_FL_OTR_calculation_without_maintenance_test" duration-ms="3489" status="PASS">
          <params>
            <param index="0">
              <value>
                <![CDATA[FIAT]]>
              </value>
            </param>
            <param index="1">
              <value>
                <![CDATA[FIORINO]]>
              </value>
            </param>
            <param index="2">
              <value>
                <![CDATA[0]]>
              </value>
            </param>
            <param index="3">
              <value>
                <![CDATA[0]]>
              </value>
            </param>
            <param index="4">
              <value>
                <![CDATA[150]]>
              </value>
            </param>
            <param index="5">
              <value>
                <![CDATA[50]]>
              </value>
            </param>
            <param index="6">
              <value>
                <![CDATA[20000]]>
              </value>
            </param>
            <param index="7">
              <value>
                <![CDATA[10000]]>
              </value>
            </param>
            <param index="8">
              <value>
                <![CDATA[6000]]>
              </value>
            </param>
            <param index="9">
              <value>
                <![CDATA[2000]]>
              </value>
            </param>
            <param index="10">
              <value>
                <![CDATA[1000]]>
              </value>
            </param>
            <param index="11">
              <value>
                <![CDATA[199.99]]>
              </value>
            </param>
            <param index="12">
              <value>
                <![CDATA[500]]>
              </value>
            </param>
            <param index="13">
              <value>
                <![CDATA[200]]>
              </value>
            </param>
            <param index="14">
              <value>
                <![CDATA[200]]>
              </value>
            </param>
            <param index="15">
              <value>
                <![CDATA[22]]>
              </value>
            </param>
            <param index="16">
              <value>
                <![CDATA[22000]]>
              </value>
            </param>
            <param index="17">
              <value>
                <![CDATA[NO]]>
              </value>
            </param>
            <param index="18">
              <value>
                <![CDATA[0]]>
              </value>
            </param>
            <param index="19">
              <value>
                <![CDATA[200]]>
              </value>
            </param>
            <param index="20">
              <value>
                <![CDATA[NO]]>
              </value>
            </param>
            <param index="21">
              <value>
                <![CDATA[0]]>
              </value>
            </param>
            <param index="22">
              <value>
                <![CDATA[Formula1-FL]]>
              </value>
            </param>
          </params>
          <reporter-output>
            <line>
              <![CDATA[<b>*********Calculations for On Road Price has been started***********</b> <br />]]>
            </line>
            <line>
              <![CDATA[<b>Started getting On screen values from after discount table </b> <br />]]>
            </line>
            <line>
              <![CDATA[<b>Manufacture_delivery_charges =695.0</b> <br />]]>
            </line>
            <line>
              <![CDATA[<b>Road_tax_first_year =275.0</b> <br />]]>
            </line>
            <line>
              <![CDATA[<b>First_registration_fee =55.0</b> <br />]]>
            </line>
            <line>
              <![CDATA[<b>Rebate =0.0</b> <br />]]>
            </line>
            <line>
              <![CDATA[<b>Writing After discount values to excel has been started</b> <br />]]>
            </line>
            <line>
              <![CDATA[<b>Writing After discount values to excel has been completed</b> <br />]]>
            </line>
            <line>
              <![CDATA[<b>Reading On Road Price for invoice from excel has been Started</b> <br />]]>
            </line>
            <line>
              <![CDATA[<b>Reading On Road Price for invoice from excel has been completed</b> <br />]]>
            </line>
            <line>
              <![CDATA[<b>Expected on the road price from excel is =21258.0</b> <br />]]>
            </line>
            <line>
              <![CDATA[<b>Actual on the road price from screen is =21258.00</b> <br />]]>
            </line>
          </reporter-output>
        </test-method> <!-- aquisition_quotes_HPNR_FL_after_discount_calculations_without_maintenance_test -->
        <test-method signature="aquisition_quotes_HPNR_FL_other_support_check_without_maintenance_test(java.lang.String,java.lang.String,java.lang.String,java.lang.String,java.lang.String,java.lang.String,java.lang.String,java.lang.String,java.lang.String,java.lang.String,java.lang.String,java.lang.String,java.lang.String,java.lang.String,java.lang.String,java.lang.String,java.lang.String,java.lang.String,java.lang.String,java.lang.String,java.lang.String,java.lang.String,java.lang.String)[pri:3, instance:newCar.HPNR.Acquisition_Quotes_HPNR_FL_LCV_without_maintenance_Test@38cee291]" started-at="2023-03-25T17:21:27 IST" name="aquisition_quotes_HPNR_FL_other_support_check_without_maintenance_test" data-provider="testData" finished-at="2023-03-25T17:21:41 IST" depends-on-methods="newCar.HPNR.Acquisition_Quotes_HPNR_FL_LCV_without_maintenance_Test.aquisition_quotes_HPNR_FL_after_discount_calculations_without_maintenance_test" duration-ms="14770" status="PASS">
          <params>
            <param index="0">
              <value>
                <![CDATA[FIAT]]>
              </value>
            </param>
            <param index="1">
              <value>
                <![CDATA[FIORINO]]>
              </value>
            </param>
            <param index="2">
              <value>
                <![CDATA[0]]>
              </value>
            </param>
            <param index="3">
              <value>
                <![CDATA[0]]>
              </value>
            </param>
            <param index="4">
              <value>
                <![CDATA[150]]>
              </value>
            </param>
            <param index="5">
              <value>
                <![CDATA[50]]>
              </value>
            </param>
            <param index="6">
              <value>
                <![CDATA[20000]]>
              </value>
            </param>
            <param index="7">
              <value>
                <![CDATA[10000]]>
              </value>
            </param>
            <param index="8">
              <value>
                <![CDATA[6000]]>
              </value>
            </param>
            <param index="9">
              <value>
                <![CDATA[2000]]>
              </value>
            </param>
            <param index="10">
              <value>
                <![CDATA[1000]]>
              </value>
            </param>
            <param index="11">
              <value>
                <![CDATA[199.99]]>
              </value>
            </param>
            <param index="12">
              <value>
                <![CDATA[500]]>
              </value>
            </param>
            <param index="13">
              <value>
                <![CDATA[200]]>
              </value>
            </param>
            <param index="14">
              <value>
                <![CDATA[200]]>
              </value>
            </param>
            <param index="15">
              <value>
                <![CDATA[22]]>
              </value>
            </param>
            <param index="16">
              <value>
                <![CDATA[22000]]>
              </value>
            </param>
            <param index="17">
              <value>
                <![CDATA[NO]]>
              </value>
            </param>
            <param index="18">
              <value>
                <![CDATA[0]]>
              </value>
            </param>
            <param index="19">
              <value>
                <![CDATA[200]]>
              </value>
            </param>
            <param index="20">
              <value>
                <![CDATA[NO]]>
              </value>
            </param>
            <param index="21">
              <value>
                <![CDATA[0]]>
              </value>
            </param>
            <param index="22">
              <value>
                <![CDATA[Formula1-FL]]>
              </value>
            </param>
          </params>
          <reporter-output>
            <line>
              <![CDATA[<b>Verification of OTR price for calculation after adding other support value has been started</b> <br />]]>
            </line>
            <line>
              <![CDATA[<b>Writing other support value to Excel has been started</b> <br />]]>
            </line>
            <line>
              <![CDATA[<b>Writing other support value to Excel has been ended</b> <br />]]>
            </line>
            <line>
              <![CDATA[<b>OTR price for calculation after adding other support found OK</b> <br />]]>
            </line>
            <line>
              <![CDATA[<b>Verification of OTR price for calculation after adding other support value has been ended</b> <br />]]>
            </line>
          </reporter-output>
        </test-method> <!-- aquisition_quotes_HPNR_FL_other_support_check_without_maintenance_test -->
        <test-method signature="aquisition_quotes_HPNR_FL_holding_cost_calculations_without_maintenance_test(java.lang.String,java.lang.String,java.lang.String,java.lang.String,java.lang.String,java.lang.String,java.lang.String,java.lang.String,java.lang.String,java.lang.String,java.lang.String,java.lang.String,java.lang.String,java.lang.String,java.lang.String,java.lang.String,java.lang.String,java.lang.String,java.lang.String,java.lang.String,java.lang.String,java.lang.String,java.lang.String)[pri:3, instance:newCar.HPNR.Acquisition_Quotes_HPNR_FL_LCV_without_maintenance_Test@38cee291]" started-at="2023-03-25T17:21:42 IST" name="aquisition_quotes_HPNR_FL_holding_cost_calculations_without_maintenance_test" data-provider="testData" finished-at="2023-03-25T17:22:24 IST" depends-on-methods="newCar.HPNR.Acquisition_Quotes_HPNR_FL_LCV_without_maintenance_Test.aquisition_quotes_HPNR_FL_other_support_check_without_maintenance_test" duration-ms="42241" status="PASS">
          <params>
            <param index="0">
              <value>
                <![CDATA[FIAT]]>
              </value>
            </param>
            <param index="1">
              <value>
                <![CDATA[FIORINO]]>
              </value>
            </param>
            <param index="2">
              <value>
                <![CDATA[0]]>
              </value>
            </param>
            <param index="3">
              <value>
                <![CDATA[0]]>
              </value>
            </param>
            <param index="4">
              <value>
                <![CDATA[150]]>
              </value>
            </param>
            <param index="5">
              <value>
                <![CDATA[50]]>
              </value>
            </param>
            <param index="6">
              <value>
                <![CDATA[20000]]>
              </value>
            </param>
            <param index="7">
              <value>
                <![CDATA[10000]]>
              </value>
            </param>
            <param index="8">
              <value>
                <![CDATA[6000]]>
              </value>
            </param>
            <param index="9">
              <value>
                <![CDATA[2000]]>
              </value>
            </param>
            <param index="10">
              <value>
                <![CDATA[1000]]>
              </value>
            </param>
            <param index="11">
              <value>
                <![CDATA[199.99]]>
              </value>
            </param>
            <param index="12">
              <value>
                <![CDATA[500]]>
              </value>
            </param>
            <param index="13">
              <value>
                <![CDATA[200]]>
              </value>
            </param>
            <param index="14">
              <value>
                <![CDATA[200]]>
              </value>
            </param>
            <param index="15">
              <value>
                <![CDATA[22]]>
              </value>
            </param>
            <param index="16">
              <value>
                <![CDATA[22000]]>
              </value>
            </param>
            <param index="17">
              <value>
                <![CDATA[NO]]>
              </value>
            </param>
            <param index="18">
              <value>
                <![CDATA[0]]>
              </value>
            </param>
            <param index="19">
              <value>
                <![CDATA[200]]>
              </value>
            </param>
            <param index="20">
              <value>
                <![CDATA[NO]]>
              </value>
            </param>
            <param index="21">
              <value>
                <![CDATA[0]]>
              </value>
            </param>
            <param index="22">
              <value>
                <![CDATA[Formula1-FL]]>
              </value>
            </param>
          </params>
          <reporter-output>
            <line>
              <![CDATA[<b>***********Entered in holding cost page ***********</b> <br />]]>
            </line>
            <line>
              <![CDATA[<b>Clicked on holding cost summary</b> <br />]]>
            </line>
            <line>
              <![CDATA[<b></b> <br />]]>
            </line>
            <line>
              <![CDATA[<b>Verifying Holding Cost Based on CAP data</b> <br />]]>
            </line>
            <line>
              <![CDATA[<b>Getting on screen values from Holding Cost Page</b> <br />]]>
            </line>
            <line>
              <![CDATA[<b>Duration(Terms) =36.0</b> <br />]]>
            </line>
            <line>
              <![CDATA[<b>Annual_mileage =10000.0</b> <br />]]>
            </line>
            <line>
              <![CDATA[<b>Cap_residual_value_from_screen =6125.0</b> <br />]]>
            </line>
            <line>
              <![CDATA[<b>Writing Holding Cost Summary values to excel has been started</b> <br />]]>
            </line>
            <line>
              <![CDATA[<b>Writing Holding Cost Summary values to excel has been completed</b> <br />]]>
            </line>
            <line>
              <![CDATA[<b>Reading Monthly Holding Cost value from excel has been started</b> <br />]]>
            </line>
            <line>
              <![CDATA[<b>Reading Monthly Holding Cost value from excel has been completed</b> <br />]]>
            </line>
            <line>
              <![CDATA[<b>Total_monthly_holding_cost_from_screen =386.32</b> <br />]]>
            </line>
            <line>
              <![CDATA[<b>Total_monthly_holding_cost_from_excel =386.3199966664137</b> <br />]]>
            </line>
            <line>
              <![CDATA[<b>Total Monthly Holding Cost based on CAP data is Verified and Found OK</b> <br />]]>
            </line>
            <line>
              <![CDATA[<b></b> <br />]]>
            </line>
            <line>
              <![CDATA[<b>Editing % CAP Residual Value used</b> <br />]]>
            </line>
            <line>
              <![CDATA[<b>Changing % CAP Residual Value (from test  data) to 50</b> <br />]]>
            </line>
            <line>
              <![CDATA[<b>Writing Holding Cost Summary values to excel has been started</b> <br />]]>
            </line>
            <line>
              <![CDATA[<b>Writing Holding Cost Summary values to excel has been completed</b> <br />]]>
            </line>
            <line>
              <![CDATA[<b>Reading Monthly Holding Cost value from excel has been started</b> <br />]]>
            </line>
            <line>
              <![CDATA[<b>Reading Monthly Holding Cost value from excel has been completed</b> <br />]]>
            </line>
            <line>
              <![CDATA[<b>Total_monthly_holding_cost_from_screen =463.18</b> <br />]]>
            </line>
            <line>
              <![CDATA[<b>Total_monthly_holding_cost_from_excel =463.1777136752618</b> <br />]]>
            </line>
            <line>
              <![CDATA[<b>Total Monthly Holding Cost After Editing % Residual Value is Verified and Found OK</b> <br />]]>
            </line>
            <line>
              <![CDATA[<b></b> <br />]]>
            </line>
            <line>
              <![CDATA[<b>Editing Residual value used</b> <br />]]>
            </line>
            <line>
              <![CDATA[<b>Changing Residual value used to =20000</b> <br />]]>
            </line>
            <line>
              <![CDATA[<b>Writing Holding Cost Summary values to excel has been started</b> <br />]]>
            </line>
            <line>
              <![CDATA[<b>Writing Holding Cost Summary values to excel has been completed</b> <br />]]>
            </line>
            <line>
              <![CDATA[<b>Reading Monthly Holding Cost value from excel has been started</b> <br />]]>
            </line>
            <line>
              <![CDATA[<b>Reading Monthly Holding Cost value from excel has been completed</b> <br />]]>
            </line>
            <line>
              <![CDATA[<b>Total_monthly_holding_cost_from_screen =38.11</b> <br />]]>
            </line>
            <line>
              <![CDATA[<b>Total_monthly_holding_cost_from_excel =38.10748287122686</b> <br />]]>
            </line>
            <line>
              <![CDATA[<b>Total Monthly Holding Cost After Editing Residual Value is Verified and Found OK</b> <br />]]>
            </line>
            <line>
              <![CDATA[<b></b> <br />]]>
            </line>
            <line>
              <![CDATA[<b>Editing additional terms and mileage</b> <br />]]>
            </line>
            <line>
              <![CDATA[<b>Updated Residual Value from screen  (to be sent to calculation excel) is =3637.50</b> <br />]]>
            </line>
            <line>
              <![CDATA[<b>Writing Holding Cost Summary values to excel has been started</b> <br />]]>
            </line>
            <line>
              <![CDATA[<b>Writing Holding Cost Summary values to excel has been completed</b> <br />]]>
            </line>
            <line>
              <![CDATA[<b>Reading Monthly Holding Cost value from excel has been started</b> <br />]]>
            </line>
            <line>
              <![CDATA[<b>Reading Monthly Holding Cost value from excel has been completed</b> <br />]]>
            </line>
            <line>
              <![CDATA[<b>Total_monthly_holding_cost_from_screen =696.45</b> <br />]]>
            </line>
            <line>
              <![CDATA[<b>Total_monthly_holding_cost_from_excel =696.4514357703858</b> <br />]]>
            </line>
            <line>
              <![CDATA[<b>Total Monthly Holding Cost After Editing Additional terms and mileage is Verified and Found OK</b> <br />]]>
            </line>
          </reporter-output>
        </test-method> <!-- aquisition_quotes_HPNR_FL_holding_cost_calculations_without_maintenance_test -->
        <test-method signature="aquisition_quotes_HPNR_FL_customer_quote_payment_profile_calculations_without_maintenance_test(java.lang.String,java.lang.String,java.lang.String,java.lang.String,java.lang.String,java.lang.String,java.lang.String,java.lang.String,java.lang.String,java.lang.String,java.lang.String,java.lang.String,java.lang.String,java.lang.String,java.lang.String,java.lang.String,java.lang.String,java.lang.String,java.lang.String,java.lang.String,java.lang.String,java.lang.String,java.lang.String)[pri:4, instance:newCar.HPNR.Acquisition_Quotes_HPNR_FL_LCV_without_maintenance_Test@38cee291]" started-at="2023-03-25T17:22:24 IST" name="aquisition_quotes_HPNR_FL_customer_quote_payment_profile_calculations_without_maintenance_test" data-provider="testData" finished-at="2023-03-25T17:23:26 IST" depends-on-methods="newCar.HPNR.Acquisition_Quotes_HPNR_FL_LCV_without_maintenance_Test.aquisition_quotes_HPNR_FL_holding_cost_calculations_without_maintenance_test" duration-ms="62166" status="PASS">
          <params>
            <param index="0">
              <value>
                <![CDATA[FIAT]]>
              </value>
            </param>
            <param index="1">
              <value>
                <![CDATA[FIORINO]]>
              </value>
            </param>
            <param index="2">
              <value>
                <![CDATA[0]]>
              </value>
            </param>
            <param index="3">
              <value>
                <![CDATA[0]]>
              </value>
            </param>
            <param index="4">
              <value>
                <![CDATA[150]]>
              </value>
            </param>
            <param index="5">
              <value>
                <![CDATA[50]]>
              </value>
            </param>
            <param index="6">
              <value>
                <![CDATA[20000]]>
              </value>
            </param>
            <param index="7">
              <value>
                <![CDATA[10000]]>
              </value>
            </param>
            <param index="8">
              <value>
                <![CDATA[6000]]>
              </value>
            </param>
            <param index="9">
              <value>
                <![CDATA[2000]]>
              </value>
            </param>
            <param index="10">
              <value>
                <![CDATA[1000]]>
              </value>
            </param>
            <param index="11">
              <value>
                <![CDATA[199.99]]>
              </value>
            </param>
            <param index="12">
              <value>
                <![CDATA[500]]>
              </value>
            </param>
            <param index="13">
              <value>
                <![CDATA[200]]>
              </value>
            </param>
            <param index="14">
              <value>
                <![CDATA[200]]>
              </value>
            </param>
            <param index="15">
              <value>
                <![CDATA[22]]>
              </value>
            </param>
            <param index="16">
              <value>
                <![CDATA[22000]]>
              </value>
            </param>
            <param index="17">
              <value>
                <![CDATA[NO]]>
              </value>
            </param>
            <param index="18">
              <value>
                <![CDATA[0]]>
              </value>
            </param>
            <param index="19">
              <value>
                <![CDATA[200]]>
              </value>
            </param>
            <param index="20">
              <value>
                <![CDATA[NO]]>
              </value>
            </param>
            <param index="21">
              <value>
                <![CDATA[0]]>
              </value>
            </param>
            <param index="22">
              <value>
                <![CDATA[Formula1-FL]]>
              </value>
            </param>
          </params>
          <reporter-output>
            <line>
              <![CDATA[<b>Writing configuration values from property file to Excel for customer quote calculation -started</b> <br />]]>
            </line>
            <line>
              <![CDATA[<b>Writing configuration values from property file to Excel for customer quote calculation -completed</b> <br />]]>
            </line>
            <line>
              <![CDATA[<b>************Calculations for Customer Quote Page has been started***********</b> <br />]]>
            </line>
            <line>
              <![CDATA[<b>Payment Profile Monthly in Advance option has been selected</b> <br />]]>
            </line>
            <line>
              <![CDATA[<b>Writing values to Excel for customer quote calculation -started</b> <br />]]>
            </line>
            <line>
              <![CDATA[<b>Writing values to Excel for customer quote calculation -completed</b> <br />]]>
            </line>
            <line>
              <![CDATA[<b>Reading  Monthly Finance Rental from  Excel   -started</b> <br />]]>
            </line>
            <line>
              <![CDATA[<b>Reading  Monthly Finance Rental from  Excel   -completed</b> <br />]]>
            </line>
            <line>
              <![CDATA[<b>Monthly Finance Rental from Excel is =816.0407233006591</b> <br />]]>
            </line>
            <line>
              <![CDATA[<b>Monthly Finance Rental from screen is 816.04</b> <br />]]>
            </line>
            <line>
              <![CDATA[<b>Monthly Finance Rental from screen (after submitting upsell values) is 836.41</b> <br />]]>
            </line>
            <line>
              <![CDATA[<b>Writing upsell values to excel</b> <br />]]>
            </line>
            <line>
              <![CDATA[<b>Monthly Finance Rental from Excel (after submitting upsell values) is 836.4138780021682</b> <br />]]>
            </line>
            <line>
              <![CDATA[<b>Monthly finance (after submitting upsell values) is found OK</b> <br />]]>
            </line>
            <line>
              <![CDATA[<b>Clicked on Part Exchange panel and putting part exchange values</b> <br />]]>
            </line>
            <line>
              <![CDATA[<b>Monthly Finance Rental from screen (after making part exchange toggle on) is 654.59</b> <br />]]>
            </line>
            <line>
              <![CDATA[<b>Writing part exchange values to excel</b> <br />]]>
            </line>
            <line>
              <![CDATA[<b>Monthly Finance Rental from Excel (after making part exchange toggle on) is 654.5956961839863</b> <br />]]>
            </line>
            <line>
              <![CDATA[<b>Monthly finance rental (after makking part exchage toggle on) is found OK</b> <br />]]>
            </line>
            <line>
              <![CDATA[<b></b> <br />]]>
            </line>
            <line>
              <![CDATA[<b>***********Checking Monthly Payment values with Balloon Payment ON / OFF***********</b> <br />]]>
            </line>
            <line>
              <![CDATA[<b>Clicked on  - With Balloon Toggle</b> <br />]]>
            </line>
            <line>
              <![CDATA[<b>Monthly Finance Rental from screen (after making With Balloon toggle OFF) is 993.02</b> <br />]]>
            </line>
            <line>
              <![CDATA[<b>Monthly Finance Rental from excel (after making With Balloon toggle OFF) is 993.0200427321546</b> <br />]]>
            </line>
            <line>
              <![CDATA[<b>Monthly finance  rental (after making With Balloon toggle OFF) is found OK</b> <br />]]>
            </line>
            <line>
              <![CDATA[<b>Monthly Finance Rental from screen (after updating customer quote summary upsell value) is 846.6</b> <br />]]>
            </line>
            <line>
              <![CDATA[<b>Writing upsell values to excel</b> <br />]]>
            </line>
            <line>
              <![CDATA[<b>Monthly Finance Rental from Excel (after updating customer quote summary upsell value) is 846.6004553529273</b> <br />]]>
            </line>
            <line>
              <![CDATA[<b>Monthly finance rental (after updating customer quote summary upsell value) is found OK</b> <br />]]>
            </line>
          </reporter-output>
        </test-method> <!-- aquisition_quotes_HPNR_FL_customer_quote_payment_profile_calculations_without_maintenance_test -->
        <test-method signature="aquisition_quotes_HPNR_FL_quote_summary_values_verification_without_maintenance_test(java.lang.String,java.lang.String,java.lang.String,java.lang.String,java.lang.String,java.lang.String,java.lang.String,java.lang.String,java.lang.String,java.lang.String,java.lang.String,java.lang.String,java.lang.String,java.lang.String,java.lang.String,java.lang.String,java.lang.String,java.lang.String,java.lang.String,java.lang.String,java.lang.String,java.lang.String,java.lang.String)[pri:5, instance:newCar.HPNR.Acquisition_Quotes_HPNR_FL_LCV_without_maintenance_Test@38cee291]" started-at="2023-03-25T17:23:26 IST" name="aquisition_quotes_HPNR_FL_quote_summary_values_verification_without_maintenance_test" data-provider="testData" finished-at="2023-03-25T17:25:43 IST" depends-on-methods="newCar.HPNR.Acquisition_Quotes_HPNR_FL_LCV_without_maintenance_Test.aquisition_quotes_HPNR_FL_customer_quote_payment_profile_calculations_without_maintenance_test" duration-ms="136527" status="PASS">
          <params>
            <param index="0">
              <value>
                <![CDATA[FIAT]]>
              </value>
            </param>
            <param index="1">
              <value>
                <![CDATA[FIORINO]]>
              </value>
            </param>
            <param index="2">
              <value>
                <![CDATA[0]]>
              </value>
            </param>
            <param index="3">
              <value>
                <![CDATA[0]]>
              </value>
            </param>
            <param index="4">
              <value>
                <![CDATA[150]]>
              </value>
            </param>
            <param index="5">
              <value>
                <![CDATA[50]]>
              </value>
            </param>
            <param index="6">
              <value>
                <![CDATA[20000]]>
              </value>
            </param>
            <param index="7">
              <value>
                <![CDATA[10000]]>
              </value>
            </param>
            <param index="8">
              <value>
                <![CDATA[6000]]>
              </value>
            </param>
            <param index="9">
              <value>
                <![CDATA[2000]]>
              </value>
            </param>
            <param index="10">
              <value>
                <![CDATA[1000]]>
              </value>
            </param>
            <param index="11">
              <value>
                <![CDATA[199.99]]>
              </value>
            </param>
            <param index="12">
              <value>
                <![CDATA[500]]>
              </value>
            </param>
            <param index="13">
              <value>
                <![CDATA[200]]>
              </value>
            </param>
            <param index="14">
              <value>
                <![CDATA[200]]>
              </value>
            </param>
            <param index="15">
              <value>
                <![CDATA[22]]>
              </value>
            </param>
            <param index="16">
              <value>
                <![CDATA[22000]]>
              </value>
            </param>
            <param index="17">
              <value>
                <![CDATA[NO]]>
              </value>
            </param>
            <param index="18">
              <value>
                <![CDATA[0]]>
              </value>
            </param>
            <param index="19">
              <value>
                <![CDATA[200]]>
              </value>
            </param>
            <param index="20">
              <value>
                <![CDATA[NO]]>
              </value>
            </param>
            <param index="21">
              <value>
                <![CDATA[0]]>
              </value>
            </param>
            <param index="22">
              <value>
                <![CDATA[Formula1-FL]]>
              </value>
            </param>
          </params>
          <reporter-output>
            <line>
              <![CDATA[<b>*************OTR Calulation on quote summary page has been started************</b> <br />]]>
            </line>
            <line>
              <![CDATA[<b>Reading values from OTR calculation -Quote Summary Page</b> <br />]]>
            </line>
            <line>
              <![CDATA[<b>OTR_calculation_cost_otr_price_from_screen =21258.0</b> <br />]]>
            </line>
            <line>
              <![CDATA[<b>OTR_calculation_cost_price_ex_vat_and_rfl_from_screen =17440.0</b> <br />]]>
            </line>
            <line>
              <![CDATA[<b>OTR_calculation_otr_vat_from_screen =3488.0</b> <br />]]>
            </line>
            <line>
              <![CDATA[<b>OTR_calculation_otr_rfl_and_frf_from_screen =330.0</b> <br />]]>
            </line>
            <line>
              <![CDATA[<b>OTR price compared</b> <br />]]>
            </line>
            <line>
              <![CDATA[<b>Cost price ex vat and rfl compared</b> <br />]]>
            </line>
            <line>
              <![CDATA[<b>VAT compared</b> <br />]]>
            </line>
            <line>
              <![CDATA[<b>RFL & FRF compared</b> <br />]]>
            </line>
            <line>
              <![CDATA[<b>*************Holding Cost Calulation on quote summary page has been started************</b> <br />]]>
            </line>
            <line>
              <![CDATA[<b>Reading values from Holding Cost summary -Quote Summary Page</b> <br />]]>
            </line>
            <line>
              <![CDATA[<b>holding_cost_terms_from_screen22.0</b> <br />]]>
            </line>
            <line>
              <![CDATA[<b>holding_cost_miles_per_annum_from_screen22000.0</b> <br />]]>
            </line>
            <line>
              <![CDATA[<b>holding_cost_monthly_finance_cost_from_screen696.45</b> <br />]]>
            </line>
            <line>
              <![CDATA[<b>holding_cost_total_monthly_holding_cost_from_screen =696.45</b> <br />]]>
            </line>
            <line>
              <![CDATA[<b>terms compared</b> <br />]]>
            </line>
            <line>
              <![CDATA[<b>Miles per annum compared</b> <br />]]>
            </line>
            <line>
              <![CDATA[<b>Finance cost compared</b> <br />]]>
            </line>
            <line>
              <![CDATA[<b>Total Monthly Holding Cost compared</b> <br />]]>
            </line>
            <line>
              <![CDATA[<b>*************Calculations for Customer Quote Summary on Quote Summary page has been started************</b> <br />]]>
            </line>
            <line>
              <![CDATA[<b>Terms found OK</b> <br />]]>
            </line>
            <line>
              <![CDATA[<b>miles found OK</b> <br />]]>
            </line>
            <line>
              <![CDATA[<b>Monthly Finance Rental found OK</b> <br />]]>
            </line>
            <line>
              <![CDATA[<b>Initial Finance Rental found OK</b> <br />]]>
            </line>
            <line>
              <![CDATA[<b>Followed By months - found OK</b> <br />]]>
            </line>
            <line>
              <![CDATA[<b>Part Exchange Value - found OK</b> <br />]]>
            </line>
            <line>
              <![CDATA[<b>Pence per excess mile finance - found OK</b> <br />]]>
            </line>
            <line>
              <![CDATA[<b>Document Fee - found OK</b> <br />]]>
            </line>
            <line>
              <![CDATA[<b>Upsell - found OK</b> <br />]]>
            </line>
            <line>
              <![CDATA[<b>Default Finance Commission - found wrong</b> <br />]]>
            </line>
            <line>
              <![CDATA[<b>Upsell Commission - found OK</b> <br />]]>
            </line>
            <line>
              <![CDATA[<b>Document Fee Commission - found OK</b> <br />]]>
            </line>
            <line>
              <![CDATA[<b>Total Commission - found wrong</b> <br />]]>
            </line>
            <line>
              <![CDATA[<b>Referrer Commission - found OK</b> <br />]]>
            </line>
            <line>
              <![CDATA[<b>*************Configuration Values Verification on quote summary page has been started************</b> <br />]]>
            </line>
            <line>
              <![CDATA[<b>Base Interest Rate found OK</b> <br />]]>
            </line>
            <line>
              <![CDATA[<b>Finance Margin found OK</b> <br />]]>
            </line>
            <line>
              <![CDATA[<b>Deductions found wrong</b> <br />]]>
            </line>
            <line>
              <![CDATA[<b>Additional Margin found OK</b> <br />]]>
            </line>
            <line>
              <![CDATA[<b>Total Margin found wrong</b> <br />]]>
            </line>
            <line>
              <![CDATA[<b>Default Broker Margin percentage found OK</b> <br />]]>
            </line>
            <line>
              <![CDATA[<b>Broker Upsell Margin percentage found OK</b> <br />]]>
            </line>
            <line>
              <![CDATA[<b>Broker Upsell Margin  found OK</b> <br />]]>
            </line>
            <line>
              <![CDATA[<b>Document Fee Margin  found OK</b> <br />]]>
            </line>
            <line>
              <![CDATA[<b>Refferer Margin  found OK</b> <br />]]>
            </line>
            <line>
              <![CDATA[<b>*********Customer Quote generated successfully and Quote_ref_no is=GSH49692</b> <br />]]>
            </line>
            <line>
              <![CDATA[<b>*************OTR Calulation on quote summary page has been started************</b> <br />]]>
            </line>
            <line>
              <![CDATA[<b>Reading values from OTR calculation -Quote Summary Page</b> <br />]]>
            </line>
            <line>
              <![CDATA[<b>OTR_calculation_cost_otr_price_from_screen =21258.0</b> <br />]]>
            </line>
            <line>
              <![CDATA[<b>OTR_calculation_cost_price_ex_vat_and_rfl_from_screen =17440.0</b> <br />]]>
            </line>
            <line>
              <![CDATA[<b>OTR_calculation_otr_vat_from_screen =3488.0</b> <br />]]>
            </line>
            <line>
              <![CDATA[<b>OTR_calculation_otr_rfl_and_frf_from_screen =330.0</b> <br />]]>
            </line>
            <line>
              <![CDATA[<b>OTR price compared</b> <br />]]>
            </line>
            <line>
              <![CDATA[<b>Cost price ex vat and rfl compared</b> <br />]]>
            </line>
            <line>
              <![CDATA[<b>VAT compared</b> <br />]]>
            </line>
            <line>
              <![CDATA[<b>RFL & FRF compared</b> <br />]]>
            </line>
            <line>
              <![CDATA[<b>*************Holding Cost Calulation on quote summary page has been started************</b> <br />]]>
            </line>
            <line>
              <![CDATA[<b>Reading values from Holding Cost summary -Quote Summary Page</b> <br />]]>
            </line>
            <line>
              <![CDATA[<b>holding_cost_terms_from_screen22.0</b> <br />]]>
            </line>
            <line>
              <![CDATA[<b>holding_cost_miles_per_annum_from_screen22000.0</b> <br />]]>
            </line>
            <line>
              <![CDATA[<b>holding_cost_monthly_finance_cost_from_screen696.45</b> <br />]]>
            </line>
            <line>
              <![CDATA[<b>holding_cost_total_monthly_holding_cost_from_screen =696.45</b> <br />]]>
            </line>
            <line>
              <![CDATA[<b>terms compared</b> <br />]]>
            </line>
            <line>
              <![CDATA[<b>Miles per annum compared</b> <br />]]>
            </line>
            <line>
              <![CDATA[<b>Finance cost compared</b> <br />]]>
            </line>
            <line>
              <![CDATA[<b>Total Monthly Holding Cost compared</b> <br />]]>
            </line>
            <line>
              <![CDATA[<b>*************Calculations for Customer Quote Summary on Quote Summary page has been started************</b> <br />]]>
            </line>
            <line>
              <![CDATA[<b>Terms found OK</b> <br />]]>
            </line>
            <line>
              <![CDATA[<b>miles found OK</b> <br />]]>
            </line>
            <line>
              <![CDATA[<b>Monthly Finance Rental found OK</b> <br />]]>
            </line>
            <line>
              <![CDATA[<b>Initial Finance Rental found OK</b> <br />]]>
            </line>
            <line>
              <![CDATA[<b>Followed By months - found OK</b> <br />]]>
            </line>
            <line>
              <![CDATA[<b>Part Exchange Value - found OK</b> <br />]]>
            </line>
            <line>
              <![CDATA[<b>Pence per excess mile finance - found OK</b> <br />]]>
            </line>
            <line>
              <![CDATA[<b>Document Fee - found OK</b> <br />]]>
            </line>
            <line>
              <![CDATA[<b>Upsell - found OK</b> <br />]]>
            </line>
            <line>
              <![CDATA[<b>Default Finance Commission - found wrong</b> <br />]]>
            </line>
            <line>
              <![CDATA[<b>Upsell Commission - found OK</b> <br />]]>
            </line>
            <line>
              <![CDATA[<b>Document Fee Commission - found OK</b> <br />]]>
            </line>
            <line>
              <![CDATA[<b>Total Commission - found wrong</b> <br />]]>
            </line>
            <line>
              <![CDATA[<b>Referrer Commission - found OK</b> <br />]]>
            </line>
            <line>
              <![CDATA[<b>*************Configuration Values Verification on quote summary page has been started************</b> <br />]]>
            </line>
            <line>
              <![CDATA[<b>Base Interest Rate found OK</b> <br />]]>
            </line>
            <line>
              <![CDATA[<b>Finance Margin found OK</b> <br />]]>
            </line>
            <line>
              <![CDATA[<b>Deductions found wrong</b> <br />]]>
            </line>
            <line>
              <![CDATA[<b>Additional Margin found OK</b> <br />]]>
            </line>
            <line>
              <![CDATA[<b>Total Margin found wrong</b> <br />]]>
            </line>
            <line>
              <![CDATA[<b>Default Broker Margin percentage found OK</b> <br />]]>
            </line>
            <line>
              <![CDATA[<b>Broker Upsell Margin percentage found OK</b> <br />]]>
            </line>
            <line>
              <![CDATA[<b>Broker Upsell Margin  found OK</b> <br />]]>
            </line>
            <line>
              <![CDATA[<b>Document Fee Margin  found OK</b> <br />]]>
            </line>
            <line>
              <![CDATA[<b>Refferer Margin  found OK</b> <br />]]>
            </line>
            <line>
              <![CDATA[<b>*************Editing and Verifying Configuration Values on quote summary page has been started************</b> <br />]]>
            </line>
            <line>
              <![CDATA[<b>Base Interest Rate changed to 7.0 %</b> <br />]]>
            </line>
            <line>
              <![CDATA[<b>Holding Cost after changing Base Int. Rate -  found OK</b> <br />]]>
            </line>
            <line>
              <![CDATA[<b>Monthly Finance Rental after changing Base Int. Rate -  found OK</b> <br />]]>
            </line>
            <line>
              <![CDATA[<b>Initial Finance Rental found OK</b> <br />]]>
            </line>
            <line>
              <![CDATA[<b>Base Interest Rate changed to 6.5 %</b> <br />]]>
            </line>
            <line>
              <![CDATA[<b>*************Editing Fianance Margin and Verifying Values on quote summary page has been started************</b> <br />]]>
            </line>
            <line>
              <![CDATA[<b>Finance margin changed to 10000</b> <br />]]>
            </line>
            <line>
              <![CDATA[<b>Monthly Finance Rental after changing finance margin -  found OK</b> <br />]]>
            </line>
            <line>
              <![CDATA[<b>Initial Finance Rental found OK</b> <br />]]>
            </line>
          </reporter-output>
        </test-method> <!-- aquisition_quotes_HPNR_FL_quote_summary_values_verification_without_maintenance_test -->
      </class> <!-- newCar.HPNR.Acquisition_Quotes_HPNR_FL_LCV_without_maintenance_Test -->
    </test> <!-- Default test -->
  </suite> <!-- Default suite -->
</testng-results>
