<?xml version="1.0" encoding="UTF-8"?>
<testng-results ignored="0" total="8" passed="3" failed="1" skipped="4">
  <reporter-output>
    <line>
      <![CDATA[<b>Clicked on Leads on Side Menu</b> <br />]]>
    </line>
    <line>
      <![CDATA[<b>Clicked on add lead</b> <br />]]>
    </line>
    <line>
      <![CDATA[<b>Lead is assigned</b> <br />]]>
    </line>
    <line>
      <![CDATA[<b>Added data in General Notes</b> <br />]]>
    </line>
    <line>
      <![CDATA[<b>Customer type - Business selected</b> <br />]]>
    </line>
    <line>
      <![CDATA[<b>Clicked on Add new vehicle request</b> <br />]]>
    </line>
    <line>
      <![CDATA[<b>Channel- Retail Sales Selected</b> <br />]]>
    </line>
    <line>
      <![CDATA[<b>Vehicle request for broker has been saved</b> <br />]]>
    </line>
    <line>
      <![CDATA[<b>Click on Map New Quote icon</b> <br />]]>
    </line>
    <line>
      <![CDATA[<b>Click on acquisition contract type icon</b> <br />]]>
    </line>
    <line>
      <![CDATA[<b>Click on customer contract type icon</b> <br />]]>
    </line>
    <line>
      <![CDATA[<b>Click on search button</b> <br />]]>
    </line>
    <line>
      <![CDATA[<b>Click on created date button 1st </b> <br />]]>
    </line>
    <line>
      <![CDATA[<b>Click on created date button 2nd</b> <br />]]>
    </line>
    <line>
      <![CDATA[<b>New Quote has been mapped with lead</b> <br />]]>
    </line>
    <line>
      <![CDATA[<b>click ok button on Map  new quote </b> <br />]]>
    </line>
    <line>
      <![CDATA[<b>Verifying Quote no. and Sales Price Displayed in the Table</b> <br />]]>
    </line>
    <line>
      <![CDATA[<b>Expected FZX73344 and Actual FZX73344 are equal , Hence Passed</b> <br />]]>
    </line>
    <line>
      <![CDATA[<b>Expected 57335.00 and Actual £ 57,335.00 are equal , Hence Passed</b> <br />]]>
    </line>
    <line>
      <![CDATA[<b>Click on Lead save and Convert button</b> <br />]]>
    </line>
    <line>
      <![CDATA[<b>Verifying Quote no. and Sales Price Displayed in the Table</b> <br />]]>
    </line>
    <line>
      <![CDATA[<b>Expected FZX73344 and Actual FZX73344 are equal , Hence Passed</b> <br />]]>
    </line>
    <line>
      <![CDATA[<b>Expected 57335.00 and Actual £ 57,335.00 are equal , Hence Passed</b> <br />]]>
    </line>
    <line>
      <![CDATA[<b></b> <br />]]>
    </line>
    <line>
      <![CDATA[<b>In Lead created Opportunity Id is =RK-2876</b> <br />]]>
    </line>
    <line>
      <![CDATA[<b></b> <br />]]>
    </line>
    <line>
      <![CDATA[<b>Clicked on Opportunity link from Menu </b> <br />]]>
    </line>
    <line>
      <![CDATA[<b>Enter the Opportunity id in Search Text box</b> <br />]]>
    </line>
    <line>
      <![CDATA[<b>Current Status of Opportunity Status value is = Open</b> <br />]]>
    </line>
    <line>
      <![CDATA[<b>Current Status of Proposal value is = Proposal Required</b> <br />]]>
    </line>
    <line>
      <![CDATA[<b>Current Status of Channel value is =  Draft</b> <br />]]>
    </line>
    <line>
      <![CDATA[<b>Current Status of  Quote ref is = Draft</b> <br />]]>
    </line>
    <line>
      <![CDATA[<b>Status Verified : Before sending the proposal</b> <br />]]>
    </line>
    <line>
      <![CDATA[<b>click on Proposal icon</b> <br />]]>
    </line>
    <line>
      <![CDATA[<b>Proposal page will display </b> <br />]]>
    </line>
    <line>
      <![CDATA[<b>Send proposal to customer pop up  will open</b> <br />]]>
    </line>
    <line>
      <![CDATA[<b>Click on Manual fill radio button - Yes</b> <br />]]>
    </line>
    <line>
      <![CDATA[<b>Click on manually submit behalf of customer link</b> <br />]]>
    </line>
    <line>
      <![CDATA[<b>Current Status of Opportunity Status value is = Open</b> <br />]]>
    </line>
    <line>
      <![CDATA[<b>Current Status of Proposal value is = Proposal Received</b> <br />]]>
    </line>
    <line>
      <![CDATA[<b>Current Status of Channel value is =  </b> <br />]]>
    </line>
    <line>
      <![CDATA[<b>Current Status of  Quote ref is = Contract signed</b> <br />]]>
    </line>
    <line>
      <![CDATA[<br>----------Screenshot---------<br>]]>
    </line>
    <line>
      <![CDATA[<img src="D:\Orders_Vehicles\AMT_Orders_Vehicles\target\surefire-reports\html\failure_screenshots\L4_ownbook_create_opportunity_business_current_status_after_sending_to_proposal_06_12_2023_05_43_07.png" height="800" width="1000">]]>
    </line>
  </reporter-output>
  <suite started-at="2023-12-06T17:38:56 IST" name="Default suite" finished-at="2023-12-06T17:43:07 IST" duration-ms="251678">
    <groups>
    </groups>
    <test started-at="2023-12-06T17:38:56 IST" name="Default test" finished-at="2023-12-06T17:43:07 IST" duration-ms="251678">
      <class name="opportunity.LOU_OP_OP_Business_Flow_Test">
        <test-method is-config="true" signature="start_info()[pri:0, instance:opportunity.LOU_OP_OP_Business_Flow_Test@f78a47e]" started-at="2023-12-06T17:38:56 IST" name="start_info" finished-at="2023-12-06T17:38:56 IST" duration-ms="6" status="PASS">
          <reporter-output>
          </reporter-output>
        </test-method> <!-- start_info -->
        <test-method is-config="true" signature="setup()[pri:0, instance:opportunity.LOU_OP_OP_Business_Flow_Test@f78a47e]" started-at="2023-12-06T17:38:56 IST" name="setup" finished-at="2023-12-06T17:39:08 IST" duration-ms="12049" status="PASS">
          <reporter-output>
          </reporter-output>
        </test-method> <!-- setup -->
        <test-method signature="L1_create_lead_for_Outright_Purchase_business()[pri:1, instance:opportunity.LOU_OP_OP_Business_Flow_Test@f78a47e]" started-at="2023-12-06T17:39:08 IST" name="L1_create_lead_for_Outright_Purchase_business" finished-at="2023-12-06T17:41:19 IST" duration-ms="131053" status="PASS">
          <reporter-output>
            <line>
              <![CDATA[<b>Clicked on Leads on Side Menu</b> <br />]]>
            </line>
            <line>
              <![CDATA[<b>Clicked on add lead</b> <br />]]>
            </line>
            <line>
              <![CDATA[<b>Lead is assigned</b> <br />]]>
            </line>
            <line>
              <![CDATA[<b>Added data in General Notes</b> <br />]]>
            </line>
            <line>
              <![CDATA[<b>Customer type - Business selected</b> <br />]]>
            </line>
            <line>
              <![CDATA[<b>Clicked on Add new vehicle request</b> <br />]]>
            </line>
            <line>
              <![CDATA[<b>Channel- Retail Sales Selected</b> <br />]]>
            </line>
            <line>
              <![CDATA[<b>Vehicle request for broker has been saved</b> <br />]]>
            </line>
            <line>
              <![CDATA[<b>Click on Map New Quote icon</b> <br />]]>
            </line>
            <line>
              <![CDATA[<b>Click on acquisition contract type icon</b> <br />]]>
            </line>
            <line>
              <![CDATA[<b>Click on customer contract type icon</b> <br />]]>
            </line>
            <line>
              <![CDATA[<b>Click on search button</b> <br />]]>
            </line>
            <line>
              <![CDATA[<b>Click on created date button 1st </b> <br />]]>
            </line>
            <line>
              <![CDATA[<b>Click on created date button 2nd</b> <br />]]>
            </line>
            <line>
              <![CDATA[<b>New Quote has been mapped with lead</b> <br />]]>
            </line>
            <line>
              <![CDATA[<b>click ok button on Map  new quote </b> <br />]]>
            </line>
            <line>
              <![CDATA[<b>Verifying Quote no. and Sales Price Displayed in the Table</b> <br />]]>
            </line>
            <line>
              <![CDATA[<b>Expected FZX73344 and Actual FZX73344 are equal , Hence Passed</b> <br />]]>
            </line>
            <line>
              <![CDATA[<b>Expected 57335.00 and Actual £ 57,335.00 are equal , Hence Passed</b> <br />]]>
            </line>
            <line>
              <![CDATA[<b>Click on Lead save and Convert button</b> <br />]]>
            </line>
            <line>
              <![CDATA[<b>Verifying Quote no. and Sales Price Displayed in the Table</b> <br />]]>
            </line>
            <line>
              <![CDATA[<b>Expected FZX73344 and Actual FZX73344 are equal , Hence Passed</b> <br />]]>
            </line>
            <line>
              <![CDATA[<b>Expected 57335.00 and Actual £ 57,335.00 are equal , Hence Passed</b> <br />]]>
            </line>
            <line>
              <![CDATA[<b></b> <br />]]>
            </line>
            <line>
              <![CDATA[<b>In Lead created Opportunity Id is =RK-2876</b> <br />]]>
            </line>
            <line>
              <![CDATA[<b></b> <br />]]>
            </line>
          </reporter-output>
        </test-method> <!-- L1_create_lead_for_Outright_Purchase_business -->
        <test-method signature="L2_current_status_before_sending_to_proposal()[pri:2, instance:opportunity.LOU_OP_OP_Business_Flow_Test@f78a47e]" started-at="2023-12-06T17:41:19 IST" name="L2_current_status_before_sending_to_proposal" finished-at="2023-12-06T17:41:47 IST" depends-on-methods="opportunity.LOU_OP_OP_Business_Flow_Test.L1_create_lead_for_Outright_Purchase_business" duration-ms="28515" status="PASS">
          <reporter-output>
            <line>
              <![CDATA[<b>Clicked on Opportunity link from Menu </b> <br />]]>
            </line>
            <line>
              <![CDATA[<b>Enter the Opportunity id in Search Text box</b> <br />]]>
            </line>
            <line>
              <![CDATA[<b>Current Status of Opportunity Status value is = Open</b> <br />]]>
            </line>
            <line>
              <![CDATA[<b>Current Status of Proposal value is = Proposal Required</b> <br />]]>
            </line>
            <line>
              <![CDATA[<b>Current Status of Channel value is =  Draft</b> <br />]]>
            </line>
            <line>
              <![CDATA[<b>Current Status of  Quote ref is = Draft</b> <br />]]>
            </line>
            <line>
              <![CDATA[<b>Status Verified : Before sending the proposal</b> <br />]]>
            </line>
          </reporter-output>
        </test-method> <!-- L2_current_status_before_sending_to_proposal -->
        <test-method signature="L3_fill_up_the_required_fields_for_sending_a_proposal()[pri:3, instance:opportunity.LOU_OP_OP_Business_Flow_Test@f78a47e]" started-at="2023-12-06T17:41:47 IST" name="L3_fill_up_the_required_fields_for_sending_a_proposal" finished-at="2023-12-06T17:43:07 IST" depends-on-methods="opportunity.LOU_OP_OP_Business_Flow_Test.L2_current_status_before_sending_to_proposal" duration-ms="79658" status="PASS">
          <reporter-output>
            <line>
              <![CDATA[<b>click on Proposal icon</b> <br />]]>
            </line>
            <line>
              <![CDATA[<b>Proposal page will display </b> <br />]]>
            </line>
            <line>
              <![CDATA[<b>Send proposal to customer pop up  will open</b> <br />]]>
            </line>
            <line>
              <![CDATA[<b>Click on Manual fill radio button - Yes</b> <br />]]>
            </line>
            <line>
              <![CDATA[<b>Click on manually submit behalf of customer link</b> <br />]]>
            </line>
          </reporter-output>
        </test-method> <!-- L3_fill_up_the_required_fields_for_sending_a_proposal -->
        <test-method signature="L4_ownbook_create_opportunity_business_current_status_after_sending_to_proposal()[pri:4, instance:opportunity.LOU_OP_OP_Business_Flow_Test@f78a47e]" started-at="2023-12-06T17:43:07 IST" name="L4_ownbook_create_opportunity_business_current_status_after_sending_to_proposal" finished-at="2023-12-06T17:43:07 IST" depends-on-methods="opportunity.LOU_OP_OP_Business_Flow_Test.L3_fill_up_the_required_fields_for_sending_a_proposal" duration-ms="183" status="FAIL">
          <exception class="java.lang.AssertionError">
            <message>
              <![CDATA[expected [true] but found [false]]]>
            </message>
            <full-stacktrace>
              <![CDATA[java.lang.AssertionError: expected [true] but found [false]
at org.testng.Assert.fail(Assert.java:99)
at org.testng.Assert.failNotEquals(Assert.java:1037)
at org.testng.Assert.assertTrue(Assert.java:45)
at org.testng.Assert.assertTrue(Assert.java:55)
at opportunity.LOU_OP_OP_Business_Flow_Test.L4_ownbook_create_opportunity_business_current_status_after_sending_to_proposal(LOU_OP_OP_Business_Flow_Test.java:122)
at java.base/jdk.internal.reflect.DirectMethodHandleAccessor.invoke(DirectMethodHandleAccessor.java:104)
at java.base/java.lang.reflect.Method.invoke(Method.java:578)
at org.testng.internal.MethodInvocationHelper.invokeMethod(MethodInvocationHelper.java:133)
at org.testng.internal.TestInvoker.invokeMethod(TestInvoker.java:598)
at org.testng.internal.TestInvoker.invokeTestMethod(TestInvoker.java:173)
at org.testng.internal.MethodRunner.runInSequence(MethodRunner.java:46)
at org.testng.internal.TestInvoker$MethodInvocationAgent.invoke(TestInvoker.java:824)
at org.testng.internal.TestInvoker.invokeTestMethods(TestInvoker.java:146)
at org.testng.internal.TestMethodWorker.invokeTestMethods(TestMethodWorker.java:146)
at org.testng.internal.TestMethodWorker.run(TestMethodWorker.java:128)
at java.base/java.util.ArrayList.forEach(ArrayList.java:1511)
at org.testng.TestRunner.privateRun(TestRunner.java:794)
at org.testng.TestRunner.run(TestRunner.java:596)
at org.testng.SuiteRunner.runTest(SuiteRunner.java:377)
at org.testng.SuiteRunner.runSequentially(SuiteRunner.java:371)
at org.testng.SuiteRunner.privateRun(SuiteRunner.java:332)
at org.testng.SuiteRunner.run(SuiteRunner.java:276)
at org.testng.SuiteRunnerWorker.runSuite(SuiteRunnerWorker.java:53)
at org.testng.SuiteRunnerWorker.run(SuiteRunnerWorker.java:96)
at org.testng.TestNG.runSuitesSequentially(TestNG.java:1212)
at org.testng.TestNG.runSuitesLocally(TestNG.java:1134)
at org.testng.TestNG.runSuites(TestNG.java:1063)
at org.testng.TestNG.run(TestNG.java:1031)
at org.testng.remote.AbstractRemoteTestNG.run(AbstractRemoteTestNG.java:115)
at org.testng.remote.RemoteTestNG.initAndRun(RemoteTestNG.java:251)
at org.testng.remote.RemoteTestNG.main(RemoteTestNG.java:77)
]]>
            </full-stacktrace>
          </exception> <!-- java.lang.AssertionError -->
          <reporter-output>
            <line>
              <![CDATA[<b>Current Status of Opportunity Status value is = Open</b> <br />]]>
            </line>
            <line>
              <![CDATA[<b>Current Status of Proposal value is = Proposal Received</b> <br />]]>
            </line>
            <line>
              <![CDATA[<b>Current Status of Channel value is =  </b> <br />]]>
            </line>
            <line>
              <![CDATA[<b>Current Status of  Quote ref is = Contract signed</b> <br />]]>
            </line>
            <line>
              <![CDATA[<br>----------Screenshot---------<br>]]>
            </line>
            <line>
              <![CDATA[<img src="D:\Orders_Vehicles\AMT_Orders_Vehicles\target\surefire-reports\html\failure_screenshots\L4_ownbook_create_opportunity_business_current_status_after_sending_to_proposal_06_12_2023_05_43_07.png" height="800" width="1000">]]>
            </line>
          </reporter-output>
        </test-method> <!-- L4_ownbook_create_opportunity_business_current_status_after_sending_to_proposal -->
        <test-method signature="L5_sending_contract()[pri:5, instance:opportunity.LOU_OP_OP_Business_Flow_Test@f78a47e]" started-at="2023-12-06T17:43:07 IST" name="L5_sending_contract" finished-at="2023-12-06T17:43:07 IST" depends-on-methods="opportunity.LOU_OP_OP_Business_Flow_Test.L4_ownbook_create_opportunity_business_current_status_after_sending_to_proposal" duration-ms="0" status="SKIP">
          <exception class="java.lang.Throwable">
            <message>
              <![CDATA[Method LOU_OP_OP_Business_Flow_Test.L5_sending_contract()[pri:5, instance:opportunity.LOU_OP_OP_Business_Flow_Test@f78a47e] depends on not successfully finished methods]]>
            </message>
            <full-stacktrace>
              <![CDATA[java.lang.Throwable: Method LOU_OP_OP_Business_Flow_Test.L5_sending_contract()[pri:5, instance:opportunity.LOU_OP_OP_Business_Flow_Test@f78a47e] depends on not successfully finished methods
at org.testng.internal.TestInvoker.invokeTestMethods(TestInvoker.java:102)
at org.testng.internal.TestMethodWorker.invokeTestMethods(TestMethodWorker.java:146)
at org.testng.internal.TestMethodWorker.run(TestMethodWorker.java:128)
at java.base/java.util.ArrayList.forEach(ArrayList.java:1511)
at org.testng.TestRunner.privateRun(TestRunner.java:794)
at org.testng.TestRunner.run(TestRunner.java:596)
at org.testng.SuiteRunner.runTest(SuiteRunner.java:377)
at org.testng.SuiteRunner.runSequentially(SuiteRunner.java:371)
at org.testng.SuiteRunner.privateRun(SuiteRunner.java:332)
at org.testng.SuiteRunner.run(SuiteRunner.java:276)
at org.testng.SuiteRunnerWorker.runSuite(SuiteRunnerWorker.java:53)
at org.testng.SuiteRunnerWorker.run(SuiteRunnerWorker.java:96)
at org.testng.TestNG.runSuitesSequentially(TestNG.java:1212)
at org.testng.TestNG.runSuitesLocally(TestNG.java:1134)
at org.testng.TestNG.runSuites(TestNG.java:1063)
at org.testng.TestNG.run(TestNG.java:1031)
at org.testng.remote.AbstractRemoteTestNG.run(AbstractRemoteTestNG.java:115)
at org.testng.remote.RemoteTestNG.initAndRun(RemoteTestNG.java:251)
at org.testng.remote.RemoteTestNG.main(RemoteTestNG.java:77)
]]>
            </full-stacktrace>
          </exception> <!-- java.lang.Throwable -->
          <reporter-output>
          </reporter-output>
        </test-method> <!-- L5_sending_contract -->
        <test-method signature="L6_verify_current_status_on_opportunity_page_after_sending_contract_for_broker_business_flow()[pri:6, instance:opportunity.LOU_OP_OP_Business_Flow_Test@f78a47e]" started-at="2023-12-06T17:43:07 IST" name="L6_verify_current_status_on_opportunity_page_after_sending_contract_for_broker_business_flow" finished-at="2023-12-06T17:43:07 IST" depends-on-methods="opportunity.LOU_OP_OP_Business_Flow_Test.L5_sending_contract" duration-ms="0" status="SKIP">
          <exception class="java.lang.Throwable">
            <message>
              <![CDATA[Method LOU_OP_OP_Business_Flow_Test.L6_verify_current_status_on_opportunity_page_after_sending_contract_for_broker_business_flow()[pri:6, instance:opportunity.LOU_OP_OP_Business_Flow_Test@f78a47e] depends on not successfully finished methods]]>
            </message>
            <full-stacktrace>
              <![CDATA[java.lang.Throwable: Method LOU_OP_OP_Business_Flow_Test.L6_verify_current_status_on_opportunity_page_after_sending_contract_for_broker_business_flow()[pri:6, instance:opportunity.LOU_OP_OP_Business_Flow_Test@f78a47e] depends on not successfully finished methods
at org.testng.internal.TestInvoker.invokeTestMethods(TestInvoker.java:102)
at org.testng.internal.TestMethodWorker.invokeTestMethods(TestMethodWorker.java:146)
at org.testng.internal.TestMethodWorker.run(TestMethodWorker.java:128)
at java.base/java.util.ArrayList.forEach(ArrayList.java:1511)
at org.testng.TestRunner.privateRun(TestRunner.java:794)
at org.testng.TestRunner.run(TestRunner.java:596)
at org.testng.SuiteRunner.runTest(SuiteRunner.java:377)
at org.testng.SuiteRunner.runSequentially(SuiteRunner.java:371)
at org.testng.SuiteRunner.privateRun(SuiteRunner.java:332)
at org.testng.SuiteRunner.run(SuiteRunner.java:276)
at org.testng.SuiteRunnerWorker.runSuite(SuiteRunnerWorker.java:53)
at org.testng.SuiteRunnerWorker.run(SuiteRunnerWorker.java:96)
at org.testng.TestNG.runSuitesSequentially(TestNG.java:1212)
at org.testng.TestNG.runSuitesLocally(TestNG.java:1134)
at org.testng.TestNG.runSuites(TestNG.java:1063)
at org.testng.TestNG.run(TestNG.java:1031)
at org.testng.remote.AbstractRemoteTestNG.run(AbstractRemoteTestNG.java:115)
at org.testng.remote.RemoteTestNG.initAndRun(RemoteTestNG.java:251)
at org.testng.remote.RemoteTestNG.main(RemoteTestNG.java:77)
]]>
            </full-stacktrace>
          </exception> <!-- java.lang.Throwable -->
          <reporter-output>
          </reporter-output>
        </test-method> <!-- L6_verify_current_status_on_opportunity_page_after_sending_contract_for_broker_business_flow -->
        <test-method signature="L7_verify_signed_contract_status_with_api_call()[pri:7, instance:opportunity.LOU_OP_OP_Business_Flow_Test@f78a47e]" started-at="2023-12-06T17:43:07 IST" name="L7_verify_signed_contract_status_with_api_call" finished-at="2023-12-06T17:43:07 IST" depends-on-methods="opportunity.LOU_OP_OP_Business_Flow_Test.L6_verify_current_status_on_opportunity_page_after_sending_contract_for_broker_business_flow" duration-ms="0" status="SKIP">
          <exception class="java.lang.Throwable">
            <message>
              <![CDATA[Method LOU_OP_OP_Business_Flow_Test.L7_verify_signed_contract_status_with_api_call()[pri:7, instance:opportunity.LOU_OP_OP_Business_Flow_Test@f78a47e] depends on not successfully finished methods]]>
            </message>
            <full-stacktrace>
              <![CDATA[java.lang.Throwable: Method LOU_OP_OP_Business_Flow_Test.L7_verify_signed_contract_status_with_api_call()[pri:7, instance:opportunity.LOU_OP_OP_Business_Flow_Test@f78a47e] depends on not successfully finished methods
at org.testng.internal.TestInvoker.invokeTestMethods(TestInvoker.java:102)
at org.testng.internal.TestMethodWorker.invokeTestMethods(TestMethodWorker.java:146)
at org.testng.internal.TestMethodWorker.run(TestMethodWorker.java:128)
at java.base/java.util.ArrayList.forEach(ArrayList.java:1511)
at org.testng.TestRunner.privateRun(TestRunner.java:794)
at org.testng.TestRunner.run(TestRunner.java:596)
at org.testng.SuiteRunner.runTest(SuiteRunner.java:377)
at org.testng.SuiteRunner.runSequentially(SuiteRunner.java:371)
at org.testng.SuiteRunner.privateRun(SuiteRunner.java:332)
at org.testng.SuiteRunner.run(SuiteRunner.java:276)
at org.testng.SuiteRunnerWorker.runSuite(SuiteRunnerWorker.java:53)
at org.testng.SuiteRunnerWorker.run(SuiteRunnerWorker.java:96)
at org.testng.TestNG.runSuitesSequentially(TestNG.java:1212)
at org.testng.TestNG.runSuitesLocally(TestNG.java:1134)
at org.testng.TestNG.runSuites(TestNG.java:1063)
at org.testng.TestNG.run(TestNG.java:1031)
at org.testng.remote.AbstractRemoteTestNG.run(AbstractRemoteTestNG.java:115)
at org.testng.remote.RemoteTestNG.initAndRun(RemoteTestNG.java:251)
at org.testng.remote.RemoteTestNG.main(RemoteTestNG.java:77)
]]>
            </full-stacktrace>
          </exception> <!-- java.lang.Throwable -->
          <reporter-output>
          </reporter-output>
        </test-method> <!-- L7_verify_signed_contract_status_with_api_call -->
        <test-method signature="L8_verify_status_after_contract_signed()[pri:8, instance:opportunity.LOU_OP_OP_Business_Flow_Test@f78a47e]" started-at="2023-12-06T17:43:07 IST" name="L8_verify_status_after_contract_signed" finished-at="2023-12-06T17:43:07 IST" depends-on-methods="opportunity.LOU_OP_OP_Business_Flow_Test.L7_verify_signed_contract_status_with_api_call" duration-ms="0" status="SKIP">
          <exception class="java.lang.Throwable">
            <message>
              <![CDATA[Method LOU_OP_OP_Business_Flow_Test.L8_verify_status_after_contract_signed()[pri:8, instance:opportunity.LOU_OP_OP_Business_Flow_Test@f78a47e] depends on not successfully finished methods]]>
            </message>
            <full-stacktrace>
              <![CDATA[java.lang.Throwable: Method LOU_OP_OP_Business_Flow_Test.L8_verify_status_after_contract_signed()[pri:8, instance:opportunity.LOU_OP_OP_Business_Flow_Test@f78a47e] depends on not successfully finished methods
at org.testng.internal.TestInvoker.invokeTestMethods(TestInvoker.java:102)
at org.testng.internal.TestMethodWorker.invokeTestMethods(TestMethodWorker.java:146)
at org.testng.internal.TestMethodWorker.run(TestMethodWorker.java:128)
at java.base/java.util.ArrayList.forEach(ArrayList.java:1511)
at org.testng.TestRunner.privateRun(TestRunner.java:794)
at org.testng.TestRunner.run(TestRunner.java:596)
at org.testng.SuiteRunner.runTest(SuiteRunner.java:377)
at org.testng.SuiteRunner.runSequentially(SuiteRunner.java:371)
at org.testng.SuiteRunner.privateRun(SuiteRunner.java:332)
at org.testng.SuiteRunner.run(SuiteRunner.java:276)
at org.testng.SuiteRunnerWorker.runSuite(SuiteRunnerWorker.java:53)
at org.testng.SuiteRunnerWorker.run(SuiteRunnerWorker.java:96)
at org.testng.TestNG.runSuitesSequentially(TestNG.java:1212)
at org.testng.TestNG.runSuitesLocally(TestNG.java:1134)
at org.testng.TestNG.runSuites(TestNG.java:1063)
at org.testng.TestNG.run(TestNG.java:1031)
at org.testng.remote.AbstractRemoteTestNG.run(AbstractRemoteTestNG.java:115)
at org.testng.remote.RemoteTestNG.initAndRun(RemoteTestNG.java:251)
at org.testng.remote.RemoteTestNG.main(RemoteTestNG.java:77)
]]>
            </full-stacktrace>
          </exception> <!-- java.lang.Throwable -->
          <reporter-output>
          </reporter-output>
        </test-method> <!-- L8_verify_status_after_contract_signed -->
        <test-method is-config="true" signature="end()[pri:0, instance:opportunity.LOU_OP_OP_Business_Flow_Test@f78a47e]" started-at="2023-12-06T17:43:08 IST" name="end" finished-at="2023-12-06T17:43:08 IST" duration-ms="0" status="PASS">
          <reporter-output>
          </reporter-output>
        </test-method> <!-- end -->
      </class> <!-- opportunity.LOU_OP_OP_Business_Flow_Test -->
    </test> <!-- Default test -->
  </suite> <!-- Default suite -->
</testng-results>
