<?xml version="1.0" encoding="UTF-8"?>
<testng-results ignored="3" total="6" passed="3" failed="0" skipped="0">
  <reporter-output>
    <line>
      <![CDATA[<b>Clicked on Quote button </b> <br />]]>
    </line>
    <line>
      <![CDATA[<b>Selecting used vehicle with registration no. = GY19XAG and mileage = 10000</b> <br />]]>
    </line>
    <line>
      <![CDATA[<b>Vehicle selected</b> <br />]]>
    </line>
    <line>
      <![CDATA[<b>Paint option has been selected</b> <br />]]>
    </line>
    <line>
      <![CDATA[<b>Interior option has been selected</b> <br />]]>
    </line>
    <line>
      <![CDATA[<b> Acquisition Contract type option = HPNR has been selected</b> <br />]]>
    </line>
    <line>
      <![CDATA[<b> Customer Contract type option = HPNR has been selected</b> <br />]]>
    </line>
    <line>
      <![CDATA[<b>Cost Price ex VAT and RFL from screen is 23125.0</b> <br />]]>
    </line>
    <line>
      <![CDATA[<b>VAT from screen is 4625.0</b> <br />]]>
    </line>
    <line>
      <![CDATA[<b>Cost Price ex VAT and RFL calculated is 23125.0</b> <br />]]>
    </line>
    <line>
      <![CDATA[<b>Cost Price ex VAT and RFL verified and found OK</b> <br />]]>
    </line>
    <line>
      <![CDATA[<b>***********Entered in holding cost page ***********</b> <br />]]>
    </line>
    <line>
      <![CDATA[<b>***********Holding Cost Calculations has been Started*************</b> <br />]]>
    </line>
    <line>
      <![CDATA[<b>Writing Holding Cost Summary values to excel has been completed</b> <br />]]>
    </line>
    <line>
      <![CDATA[<b>Reading Monthly Holding Cost value from excel</b> <br />]]>
    </line>
    <line>
      <![CDATA[<b>Total_monthly_holding_cost_from_screen =500.36</b> <br />]]>
    </line>
    <line>
      <![CDATA[<b>Total_monthly_holding_cost_from_excel =500.3636363636364</b> <br />]]>
    </line>
  </reporter-output>
  <suite started-at="2023-03-23T19:58:17 IST" name="Default suite" finished-at="2023-03-23T19:59:56 IST" duration-ms="99272">
    <groups>
    </groups>
    <test started-at="2023-03-23T19:58:17 IST" name="Default test" finished-at="2023-03-23T19:59:56 IST" duration-ms="99272">
      <class name="newCar.HPNR.Acquisition_Quotes_HPNR_HPNR_used_car_with_funder_quote_addition_with_maintenance_Test2">
        <test-method is-config="true" signature="setup()[pri:0, instance:newCar.HPNR.Acquisition_Quotes_HPNR_HPNR_used_car_with_funder_quote_addition_with_maintenance_Test2@45099dd3]" started-at="2023-03-23T19:58:17 IST" name="setup" finished-at="2023-03-23T19:58:32 IST" duration-ms="15119" status="PASS">
          <reporter-output>
          </reporter-output>
        </test-method> <!-- setup -->
        <test-method signature="aquisition_quotes_OTR_calculation_with_maintenance_test(java.lang.String,java.lang.String,java.lang.String,java.lang.String,java.lang.String,java.lang.String,java.lang.String,java.lang.String,java.lang.String,java.lang.String,java.lang.String,java.lang.String,java.lang.String,java.lang.String,java.lang.String,java.lang.String,java.lang.String,java.lang.String,java.lang.String,java.lang.String,java.lang.String,java.lang.String,java.lang.String,java.lang.String,java.lang.String,java.lang.String,java.lang.String,java.lang.String,java.lang.String)[pri:1, instance:newCar.HPNR.Acquisition_Quotes_HPNR_HPNR_used_car_with_funder_quote_addition_with_maintenance_Test2@45099dd3]" started-at="2023-03-23T19:58:33 IST" name="aquisition_quotes_OTR_calculation_with_maintenance_test" data-provider="testData" finished-at="2023-03-23T19:59:15 IST" duration-ms="41949" status="PASS">
          <params>
            <param index="0">
              <value>
                <![CDATA[GY19XAG]]>
              </value>
            </param>
            <param index="1">
              <value>
                <![CDATA[10000]]>
              </value>
            </param>
            <param index="2">
              <value>
                <![CDATA[60000]]>
              </value>
            </param>
            <param index="3">
              <value>
                <![CDATA[1000]]>
              </value>
            </param>
            <param index="4">
              <value>
                <![CDATA[REF001]]>
              </value>
            </param>
            <param index="5">
              <value>
                <![CDATA[05/05/23]]>
              </value>
            </param>
            <param index="6">
              <value>
                <![CDATA[33]]>
              </value>
            </param>
            <param index="7">
              <value>
                <![CDATA[5000]]>
              </value>
            </param>
            <param index="8">
              <value>
                <![CDATA[1000]]>
              </value>
            </param>
            <param index="9">
              <value>
                <![CDATA[200]]>
              </value>
            </param>
            <param index="10">
              <value>
                <![CDATA[12]]>
              </value>
            </param>
            <param index="11">
              <value>
                <![CDATA[500]]>
              </value>
            </param>
            <param index="12">
              <value>
                <![CDATA[6000]]>
              </value>
            </param>
            <param index="13">
              <value>
                <![CDATA[20]]>
              </value>
            </param>
            <param index="14">
              <value>
                <![CDATA[10000]]>
              </value>
            </param>
            <param index="15">
              <value>
                <![CDATA[6000]]>
              </value>
            </param>
            <param index="16">
              <value>
                <![CDATA[2000]]>
              </value>
            </param>
            <param index="17">
              <value>
                <![CDATA[1000]]>
              </value>
            </param>
            <param index="18">
              <value>
                <![CDATA[0]]>
              </value>
            </param>
            <param index="19">
              <value>
                <![CDATA[199.99]]>
              </value>
            </param>
            <param index="20">
              <value>
                <![CDATA[0]]>
              </value>
            </param>
            <param index="21">
              <value>
                <![CDATA[YES]]>
              </value>
            </param>
            <param index="22">
              <value>
                <![CDATA[20]]>
              </value>
            </param>
            <param index="23">
              <value>
                <![CDATA[200]]>
              </value>
            </param>
            <param index="24">
              <value>
                <![CDATA[NO]]>
              </value>
            </param>
            <param index="25">
              <value>
                <![CDATA[0]]>
              </value>
            </param>
            <param index="26">
              <value>
                <![CDATA[Limited Credit]]>
              </value>
            </param>
            <param index="27">
              <value>
                <![CDATA[YES]]>
              </value>
            </param>
            <param index="28">
              <value>
                <![CDATA[HPNR(F3)-HPNR_Used_car]]>
              </value>
            </param>
          </params>
          <reporter-output>
            <line>
              <![CDATA[<b>Clicked on Quote button </b> <br />]]>
            </line>
            <line>
              <![CDATA[<b>Selecting used vehicle with registration no. = GY19XAG and mileage = 10000</b> <br />]]>
            </line>
            <line>
              <![CDATA[<b>Vehicle selected</b> <br />]]>
            </line>
            <line>
              <![CDATA[<b>Paint option has been selected</b> <br />]]>
            </line>
            <line>
              <![CDATA[<b>Interior option has been selected</b> <br />]]>
            </line>
            <line>
              <![CDATA[<b> Acquisition Contract type option = HPNR has been selected</b> <br />]]>
            </line>
            <line>
              <![CDATA[<b> Customer Contract type option = HPNR has been selected</b> <br />]]>
            </line>
            <line>
              <![CDATA[<b>Cost Price ex VAT and RFL from screen is 23125.0</b> <br />]]>
            </line>
            <line>
              <![CDATA[<b>VAT from screen is 4625.0</b> <br />]]>
            </line>
            <line>
              <![CDATA[<b>Cost Price ex VAT and RFL calculated is 23125.0</b> <br />]]>
            </line>
            <line>
              <![CDATA[<b>Cost Price ex VAT and RFL verified and found OK</b> <br />]]>
            </line>
          </reporter-output>
        </test-method> <!-- aquisition_quotes_OTR_calculation_with_maintenance_test -->
        <test-method signature="aquisition_quotes_used_car_edit_cost_price_and_check_OTR_with_maintenance_test(java.lang.String,java.lang.String,java.lang.String,java.lang.String,java.lang.String,java.lang.String,java.lang.String,java.lang.String,java.lang.String,java.lang.String,java.lang.String,java.lang.String,java.lang.String,java.lang.String,java.lang.String,java.lang.String,java.lang.String,java.lang.String,java.lang.String,java.lang.String,java.lang.String,java.lang.String,java.lang.String,java.lang.String,java.lang.String,java.lang.String,java.lang.String,java.lang.String,java.lang.String)[pri:2, instance:newCar.HPNR.Acquisition_Quotes_HPNR_HPNR_used_car_with_funder_quote_addition_with_maintenance_Test2@45099dd3]" started-at="2023-03-23T19:59:15 IST" name="aquisition_quotes_used_car_edit_cost_price_and_check_OTR_with_maintenance_test" data-provider="testData" finished-at="2023-03-23T19:59:15 IST" depends-on-methods="newCar.HPNR.Acquisition_Quotes_HPNR_HPNR_used_car_with_funder_quote_addition_with_maintenance_Test2.aquisition_quotes_OTR_calculation_with_maintenance_test" duration-ms="1" status="PASS">
          <params>
            <param index="0">
              <value>
                <![CDATA[GY19XAG]]>
              </value>
            </param>
            <param index="1">
              <value>
                <![CDATA[10000]]>
              </value>
            </param>
            <param index="2">
              <value>
                <![CDATA[60000]]>
              </value>
            </param>
            <param index="3">
              <value>
                <![CDATA[1000]]>
              </value>
            </param>
            <param index="4">
              <value>
                <![CDATA[REF001]]>
              </value>
            </param>
            <param index="5">
              <value>
                <![CDATA[05/05/23]]>
              </value>
            </param>
            <param index="6">
              <value>
                <![CDATA[33]]>
              </value>
            </param>
            <param index="7">
              <value>
                <![CDATA[5000]]>
              </value>
            </param>
            <param index="8">
              <value>
                <![CDATA[1000]]>
              </value>
            </param>
            <param index="9">
              <value>
                <![CDATA[200]]>
              </value>
            </param>
            <param index="10">
              <value>
                <![CDATA[12]]>
              </value>
            </param>
            <param index="11">
              <value>
                <![CDATA[500]]>
              </value>
            </param>
            <param index="12">
              <value>
                <![CDATA[6000]]>
              </value>
            </param>
            <param index="13">
              <value>
                <![CDATA[20]]>
              </value>
            </param>
            <param index="14">
              <value>
                <![CDATA[10000]]>
              </value>
            </param>
            <param index="15">
              <value>
                <![CDATA[6000]]>
              </value>
            </param>
            <param index="16">
              <value>
                <![CDATA[2000]]>
              </value>
            </param>
            <param index="17">
              <value>
                <![CDATA[1000]]>
              </value>
            </param>
            <param index="18">
              <value>
                <![CDATA[0]]>
              </value>
            </param>
            <param index="19">
              <value>
                <![CDATA[199.99]]>
              </value>
            </param>
            <param index="20">
              <value>
                <![CDATA[0]]>
              </value>
            </param>
            <param index="21">
              <value>
                <![CDATA[YES]]>
              </value>
            </param>
            <param index="22">
              <value>
                <![CDATA[20]]>
              </value>
            </param>
            <param index="23">
              <value>
                <![CDATA[200]]>
              </value>
            </param>
            <param index="24">
              <value>
                <![CDATA[NO]]>
              </value>
            </param>
            <param index="25">
              <value>
                <![CDATA[0]]>
              </value>
            </param>
            <param index="26">
              <value>
                <![CDATA[Limited Credit]]>
              </value>
            </param>
            <param index="27">
              <value>
                <![CDATA[YES]]>
              </value>
            </param>
            <param index="28">
              <value>
                <![CDATA[HPNR(F3)-HPNR_Used_car]]>
              </value>
            </param>
          </params>
          <reporter-output>
          </reporter-output>
        </test-method> <!-- aquisition_quotes_used_car_edit_cost_price_and_check_OTR_with_maintenance_test -->
        <test-method signature="aquisition_quotes_holding_cost_calculations_with_maintenance_test(java.lang.String,java.lang.String,java.lang.String,java.lang.String,java.lang.String,java.lang.String,java.lang.String,java.lang.String,java.lang.String,java.lang.String,java.lang.String,java.lang.String,java.lang.String,java.lang.String,java.lang.String,java.lang.String,java.lang.String,java.lang.String,java.lang.String,java.lang.String,java.lang.String,java.lang.String,java.lang.String,java.lang.String,java.lang.String,java.lang.String,java.lang.String,java.lang.String,java.lang.String)[pri:3, instance:newCar.HPNR.Acquisition_Quotes_HPNR_HPNR_used_car_with_funder_quote_addition_with_maintenance_Test2@45099dd3]" started-at="2023-03-23T19:59:15 IST" name="aquisition_quotes_holding_cost_calculations_with_maintenance_test" data-provider="testData" finished-at="2023-03-23T19:59:56 IST" depends-on-methods="newCar.HPNR.Acquisition_Quotes_HPNR_HPNR_used_car_with_funder_quote_addition_with_maintenance_Test2.aquisition_quotes_used_car_edit_cost_price_and_check_OTR_with_maintenance_test" duration-ms="40892" status="PASS">
          <params>
            <param index="0">
              <value>
                <![CDATA[GY19XAG]]>
              </value>
            </param>
            <param index="1">
              <value>
                <![CDATA[10000]]>
              </value>
            </param>
            <param index="2">
              <value>
                <![CDATA[60000]]>
              </value>
            </param>
            <param index="3">
              <value>
                <![CDATA[1000]]>
              </value>
            </param>
            <param index="4">
              <value>
                <![CDATA[REF001]]>
              </value>
            </param>
            <param index="5">
              <value>
                <![CDATA[05/05/23]]>
              </value>
            </param>
            <param index="6">
              <value>
                <![CDATA[33]]>
              </value>
            </param>
            <param index="7">
              <value>
                <![CDATA[5000]]>
              </value>
            </param>
            <param index="8">
              <value>
                <![CDATA[1000]]>
              </value>
            </param>
            <param index="9">
              <value>
                <![CDATA[200]]>
              </value>
            </param>
            <param index="10">
              <value>
                <![CDATA[12]]>
              </value>
            </param>
            <param index="11">
              <value>
                <![CDATA[500]]>
              </value>
            </param>
            <param index="12">
              <value>
                <![CDATA[6000]]>
              </value>
            </param>
            <param index="13">
              <value>
                <![CDATA[20]]>
              </value>
            </param>
            <param index="14">
              <value>
                <![CDATA[10000]]>
              </value>
            </param>
            <param index="15">
              <value>
                <![CDATA[6000]]>
              </value>
            </param>
            <param index="16">
              <value>
                <![CDATA[2000]]>
              </value>
            </param>
            <param index="17">
              <value>
                <![CDATA[1000]]>
              </value>
            </param>
            <param index="18">
              <value>
                <![CDATA[0]]>
              </value>
            </param>
            <param index="19">
              <value>
                <![CDATA[199.99]]>
              </value>
            </param>
            <param index="20">
              <value>
                <![CDATA[0]]>
              </value>
            </param>
            <param index="21">
              <value>
                <![CDATA[YES]]>
              </value>
            </param>
            <param index="22">
              <value>
                <![CDATA[20]]>
              </value>
            </param>
            <param index="23">
              <value>
                <![CDATA[200]]>
              </value>
            </param>
            <param index="24">
              <value>
                <![CDATA[NO]]>
              </value>
            </param>
            <param index="25">
              <value>
                <![CDATA[0]]>
              </value>
            </param>
            <param index="26">
              <value>
                <![CDATA[Limited Credit]]>
              </value>
            </param>
            <param index="27">
              <value>
                <![CDATA[YES]]>
              </value>
            </param>
            <param index="28">
              <value>
                <![CDATA[HPNR(F3)-HPNR_Used_car]]>
              </value>
            </param>
          </params>
          <reporter-output>
            <line>
              <![CDATA[<b>***********Entered in holding cost page ***********</b> <br />]]>
            </line>
            <line>
              <![CDATA[<b>***********Holding Cost Calculations has been Started*************</b> <br />]]>
            </line>
            <line>
              <![CDATA[<b>Writing Holding Cost Summary values to excel has been completed</b> <br />]]>
            </line>
            <line>
              <![CDATA[<b>Reading Monthly Holding Cost value from excel</b> <br />]]>
            </line>
            <line>
              <![CDATA[<b>Total_monthly_holding_cost_from_screen =500.36</b> <br />]]>
            </line>
            <line>
              <![CDATA[<b>Total_monthly_holding_cost_from_excel =500.3636363636364</b> <br />]]>
            </line>
          </reporter-output>
        </test-method> <!-- aquisition_quotes_holding_cost_calculations_with_maintenance_test -->
      </class> <!-- newCar.HPNR.Acquisition_Quotes_HPNR_HPNR_used_car_with_funder_quote_addition_with_maintenance_Test2 -->
    </test> <!-- Default test -->
  </suite> <!-- Default suite -->
</testng-results>
