<?xml version="1.0" encoding="UTF-8"?>
<testng-results ignored="0" total="8" passed="6" failed="2" skipped="0">
  <reporter-output>
    <line>
      <![CDATA[<b>Clicked on Quote button </b> <br />]]>
    </line>
    <line>
      <![CDATA[<b>Manufacture =AUDI has been selected</b> <br />]]>
    </line>
    <line>
      <![CDATA[<b>Model range =A7 has been selected</b> <br />]]>
    </line>
    <line>
      <![CDATA[<b>Vehicle has been selected</b> <br />]]>
    </line>
    <line>
      <![CDATA[<b>Paint option has been selected</b> <br />]]>
    </line>
    <line>
      <![CDATA[<b>Interior option has been selected</b> <br />]]>
    </line>
    <line>
      <![CDATA[<b> Acquisition Contract type option = Outright has been selected</b> <br />]]>
    </line>
    <line>
      <![CDATA[<b> Customer Contract type option = Hire Purchase Regulated (HPR) has been selected</b> <br />]]>
    </line>
    <line>
      <![CDATA[<b>Getting Basic Price- Vehicle value is  =46854.17</b> <br />]]>
    </line>
    <line>
      <![CDATA[<b>Getting Basic Price - Paint  value is  =0.00</b> <br />]]>
    </line>
    <line>
      <![CDATA[<b>Getting  Basic Price - Options value is   =833.33</b> <br />]]>
    </line>
    <line>
      <![CDATA[<b>Getting Discount- Vehicle value is  =15.00</b> <br />]]>
    </line>
    <line>
      <![CDATA[<b>Getting   Discount - Paint value is   =0.00</b> <br />]]>
    </line>
    <line>
      <![CDATA[<b>Getting  Discount- Options value is   =9.00</b> <br />]]>
    </line>
    <line>
      <![CDATA[<b>Getting Additional Discount- Vehicle value is  =52.00</b> <br />]]>
    </line>
    <line>
      <![CDATA[<b>Getting  Additional Discount - paint value is  =0.00</b> <br />]]>
    </line>
    <line>
      <![CDATA[<b>Getting  Additional Discount - Options value is  =15.00</b> <br />]]>
    </line>
    <line>
      <![CDATA[<b>Writing OTR table values to excel sheet -Started </b> <br />]]>
    </line>
    <line>
      <![CDATA[<b>Writing OTR table values to excel sheet -Completed </b> <br />]]>
    </line>
    <line>
      <![CDATA[<b>Reading Subtotal After Discount from excel sheet -Started </b> <br />]]>
    </line>
    <line>
      <![CDATA[<b>Reading Subtotal After Discount from excel sheet -Started </b> <br />]]>
    </line>
    <line>
      <![CDATA[<b>Subtotal After Discount from excel sheet is =40517.3748</b> <br />]]>
    </line>
    <line>
      <![CDATA[<b>Subtotal after discount actual value from screen =£ 40,517.38</b> <br />]]>
    </line>
    <line>
      <![CDATA[<b>*********Calculations for On Road Price has been started***********</b> <br />]]>
    </line>
    <line>
      <![CDATA[<b>Started getting On screen values from after discount table </b> <br />]]>
    </line>
    <line>
      <![CDATA[<b>Manufacture_delivery_charges =50.00</b> <br />]]>
    </line>
    <line>
      <![CDATA[<b>Road_tax_first_year =585.00</b> <br />]]>
    </line>
    <line>
      <![CDATA[<b>First_registration_fee =55.00</b> <br />]]>
    </line>
    <line>
      <![CDATA[<b>Rebate =120.00</b> <br />]]>
    </line>
    <line>
      <![CDATA[<b>Writing After discount values to excel has been started</b> <br />]]>
    </line>
    <line>
      <![CDATA[<b>Writing After discount values to excel has been completed</b> <br />]]>
    </line>
    <line>
      <![CDATA[<b>Reading On Road Price for invoice from excel has been Started</b> <br />]]>
    </line>
    <line>
      <![CDATA[<b>Reading On Road Price for invoice from excel has been completed</b> <br />]]>
    </line>
    <line>
      <![CDATA[<b>Expected on the road price from excel is =49320.85</b> <br />]]>
    </line>
    <line>
      <![CDATA[<b>Actual on the road price from screen is =49320.86</b> <br />]]>
    </line>
    <line>
      <![CDATA[<b>***********Entered in holding cost page ***********</b> <br />]]>
    </line>
    <line>
      <![CDATA[<b>Clicked on holding cost summary</b> <br />]]>
    </line>
    <line>
      <![CDATA[<b>***********Holding Cost Calculations has been Started*************</b> <br />]]>
    </line>
    <line>
      <![CDATA[<b>Getting on screen values from Holding Cost Page</b> <br />]]>
    </line>
    <line>
      <![CDATA[<b>Duration(Terms) =36.0</b> <br />]]>
    </line>
    <line>
      <![CDATA[<b>Annual_mileage =10000.0</b> <br />]]>
    </line>
    <line>
      <![CDATA[<b>Cap_residual_value =27500.0</b> <br />]]>
    </line>
    <line>
      <![CDATA[<b>Writing Holding Cost Summary values to excel has been started</b> <br />]]>
    </line>
    <line>
      <![CDATA[<b>Writing Holding Cost Summary values to excel has been completed</b> <br />]]>
    </line>
    <line>
      <![CDATA[<b>Reading Monthly Holding Cost value from excel has been started</b> <br />]]>
    </line>
    <line>
      <![CDATA[<b>Reading Monthly Holding Cost value from excel has been completed</b> <br />]]>
    </line>
    <line>
      <![CDATA[<b>Total_monthly_holding_cost_from_screen =684.16</b> <br />]]>
    </line>
    <line>
      <![CDATA[<b>Total_monthly_holding_cost_from_excel =684.1612948978569</b> <br />]]>
    </line>
    <line>
      <![CDATA[<b>***********Entered in Customer Quote page ***********</b> <br />]]>
    </line>
    <line>
      <![CDATA[<b>Matrix credit type A1 Credit has been selected</b> <br />]]>
    </line>
    <line>
      <![CDATA[<b>Writing configuration values from property file to Excel for customer quote calculation -started</b> <br />]]>
    </line>
    <line>
      <![CDATA[<b>Writing configuration values from property file to Excel for customer quote calculation -completed</b> <br />]]>
    </line>
    <line>
      <![CDATA[<b>Actual Monthly Finance Payment from screen is 914.52</b> <br />]]>
    </line>
    <line>
      <![CDATA[<b>Writing screen values to Excel for customer quote calculation -started</b> <br />]]>
    </line>
    <line>
      <![CDATA[<b>Writing screen values to Excel for customer quote calculation -completed</b> <br />]]>
    </line>
    <line>
      <![CDATA[<b>Expected Monthly Finannce Rental from excel is 914.5242971765457</b> <br />]]>
    </line>
    <line>
      <![CDATA[<b>Monthly Finance Payment verified after editing vehicle profit</b> <br />]]>
    </line>
    <line>
      <![CDATA[<b>Monthly Finance Payment verified after editing part exchange values and deposit values</b> <br />]]>
    </line>
    <line>
      <![CDATA[<br>----------Screenshot---------<br>]]>
    </line>
    <line>
      <![CDATA[<img src="D:\newWorkspaceStaging\AutomationStaging\target\surefire-reports\html\failure_screenshots\aquisition_quotes_outright_HPR_customer_quote_monthly_finance_payment_after_balloon_payment_off_without_maintenance_test_16_11_2022_07_38_11.png" height="800" width="1000">]]>
    </line>
    <line>
      <![CDATA[<b>*************Calculations for Quote Summary page gas been started************</b> <br />]]>
    </line>
    <line>
      <![CDATA[<br>----------Screenshot---------<br>]]>
    </line>
    <line>
      <![CDATA[<img src="D:\newWorkspaceStaging\AutomationStaging\target\surefire-reports\html\failure_screenshots\aquisition_quotes_outright_HPR_quote_summary_values_verification_without_maintenance_test_16_11_2022_07_38_13.png" height="800" width="1000">]]>
    </line>
  </reporter-output>
  <suite started-at="2022-11-16T19:34:29 IST" name="Default suite" finished-at="2022-11-16T19:38:13 IST" duration-ms="224325">
    <groups>
    </groups>
    <test started-at="2022-11-16T19:34:29 IST" name="Default test" finished-at="2022-11-16T19:38:13 IST" duration-ms="224325">
      <class name="com.amt.test.Acquisition_Quotes_Outright_HPR_without_maintenance_Test">
        <test-method is-config="true" signature="setup()[pri:0, instance:com.amt.test.Acquisition_Quotes_Outright_HPR_without_maintenance_Test@121314f7]" started-at="2022-11-16T19:34:29 IST" name="setup" finished-at="2022-11-16T19:34:39 IST" duration-ms="10365" status="PASS">
          <reporter-output>
          </reporter-output>
        </test-method> <!-- setup -->
        <test-method signature="aquisition_quotes_outright_HPR_OTR_calculation_without_maintenance_test(java.lang.String,java.lang.String,java.lang.String,java.lang.String,java.lang.String,java.lang.String,java.lang.String,java.lang.String,java.lang.String,java.lang.String,java.lang.String,java.lang.String,java.lang.String,java.lang.String,java.lang.String,java.lang.String,java.lang.String,java.lang.String,java.lang.String,java.lang.String)[pri:1, instance:com.amt.test.Acquisition_Quotes_Outright_HPR_without_maintenance_Test@121314f7]" started-at="2022-11-16T19:34:40 IST" name="aquisition_quotes_outright_HPR_OTR_calculation_without_maintenance_test" data-provider="testData" finished-at="2022-11-16T19:36:14 IST" duration-ms="93450" status="PASS">
          <params>
            <param index="0">
              <value>
                <![CDATA[AUDI]]>
              </value>
            </param>
            <param index="1">
              <value>
                <![CDATA[A7]]>
              </value>
            </param>
            <param index="2">
              <value>
                <![CDATA[50000]]>
              </value>
            </param>
            <param index="3">
              <value>
                <![CDATA[630]]>
              </value>
            </param>
            <param index="4">
              <value>
                <![CDATA[30]]>
              </value>
            </param>
            <param index="5">
              <value>
                <![CDATA[20000]]>
              </value>
            </param>
            <param index="6">
              <value>
                <![CDATA[22]]>
              </value>
            </param>
            <param index="7">
              <value>
                <![CDATA[22000]]>
              </value>
            </param>
            <param index="8">
              <value>
                <![CDATA[1000]]>
              </value>
            </param>
            <param index="9">
              <value>
                <![CDATA[NO]]>
              </value>
            </param>
            <param index="10">
              <value>
                <![CDATA[A1 Credit]]>
              </value>
            </param>
            <param index="11">
              <value>
                <![CDATA[100]]>
              </value>
            </param>
            <param index="12">
              <value>
                <![CDATA[YES]]>
              </value>
            </param>
            <param index="13">
              <value>
                <![CDATA[2000]]>
              </value>
            </param>
            <param index="14">
              <value>
                <![CDATA[1000]]>
              </value>
            </param>
            <param index="15">
              <value>
                <![CDATA[500]]>
              </value>
            </param>
            <param index="16">
              <value>
                <![CDATA[1000]]>
              </value>
            </param>
            <param index="17">
              <value>
                <![CDATA[1000]]>
              </value>
            </param>
            <param index="18">
              <value>
                <![CDATA[199.99]]>
              </value>
            </param>
            <param index="19">
              <value>
                <![CDATA[HirePurchaseRegulated]]>
              </value>
            </param>
          </params>
          <reporter-output>
            <line>
              <![CDATA[<b>Clicked on Quote button </b> <br />]]>
            </line>
            <line>
              <![CDATA[<b>Manufacture =AUDI has been selected</b> <br />]]>
            </line>
            <line>
              <![CDATA[<b>Model range =A7 has been selected</b> <br />]]>
            </line>
            <line>
              <![CDATA[<b>Vehicle has been selected</b> <br />]]>
            </line>
            <line>
              <![CDATA[<b>Paint option has been selected</b> <br />]]>
            </line>
            <line>
              <![CDATA[<b>Interior option has been selected</b> <br />]]>
            </line>
            <line>
              <![CDATA[<b> Acquisition Contract type option = Outright has been selected</b> <br />]]>
            </line>
            <line>
              <![CDATA[<b> Customer Contract type option = Hire Purchase Regulated (HPR) has been selected</b> <br />]]>
            </line>
            <line>
              <![CDATA[<b>Getting Basic Price- Vehicle value is  =46854.17</b> <br />]]>
            </line>
            <line>
              <![CDATA[<b>Getting Basic Price - Paint  value is  =0.00</b> <br />]]>
            </line>
            <line>
              <![CDATA[<b>Getting  Basic Price - Options value is   =833.33</b> <br />]]>
            </line>
            <line>
              <![CDATA[<b>Getting Discount- Vehicle value is  =15.00</b> <br />]]>
            </line>
            <line>
              <![CDATA[<b>Getting   Discount - Paint value is   =0.00</b> <br />]]>
            </line>
            <line>
              <![CDATA[<b>Getting  Discount- Options value is   =9.00</b> <br />]]>
            </line>
            <line>
              <![CDATA[<b>Getting Additional Discount- Vehicle value is  =52.00</b> <br />]]>
            </line>
            <line>
              <![CDATA[<b>Getting  Additional Discount - paint value is  =0.00</b> <br />]]>
            </line>
            <line>
              <![CDATA[<b>Getting  Additional Discount - Options value is  =15.00</b> <br />]]>
            </line>
            <line>
              <![CDATA[<b>Writing OTR table values to excel sheet -Started </b> <br />]]>
            </line>
            <line>
              <![CDATA[<b>Writing OTR table values to excel sheet -Completed </b> <br />]]>
            </line>
            <line>
              <![CDATA[<b>Reading Subtotal After Discount from excel sheet -Started </b> <br />]]>
            </line>
            <line>
              <![CDATA[<b>Reading Subtotal After Discount from excel sheet -Started </b> <br />]]>
            </line>
            <line>
              <![CDATA[<b>Subtotal After Discount from excel sheet is =40517.3748</b> <br />]]>
            </line>
            <line>
              <![CDATA[<b>Subtotal after discount actual value from screen =£ 40,517.38</b> <br />]]>
            </line>
          </reporter-output>
        </test-method> <!-- aquisition_quotes_outright_HPR_OTR_calculation_without_maintenance_test -->
        <test-method signature="aquisition_quotes_outright_HPR_after_discount_calculations_without_maintenance_test(java.lang.String,java.lang.String,java.lang.String,java.lang.String,java.lang.String,java.lang.String,java.lang.String,java.lang.String,java.lang.String,java.lang.String,java.lang.String,java.lang.String,java.lang.String,java.lang.String,java.lang.String,java.lang.String,java.lang.String,java.lang.String,java.lang.String,java.lang.String)[pri:2, instance:com.amt.test.Acquisition_Quotes_Outright_HPR_without_maintenance_Test@121314f7]" started-at="2022-11-16T19:36:14 IST" name="aquisition_quotes_outright_HPR_after_discount_calculations_without_maintenance_test" data-provider="testData" finished-at="2022-11-16T19:36:15 IST" depends-on-methods="com.amt.test.Acquisition_Quotes_Outright_HPR_without_maintenance_Test.aquisition_quotes_outright_HPR_OTR_calculation_without_maintenance_test" duration-ms="1410" status="PASS">
          <params>
            <param index="0">
              <value>
                <![CDATA[AUDI]]>
              </value>
            </param>
            <param index="1">
              <value>
                <![CDATA[A7]]>
              </value>
            </param>
            <param index="2">
              <value>
                <![CDATA[50000]]>
              </value>
            </param>
            <param index="3">
              <value>
                <![CDATA[630]]>
              </value>
            </param>
            <param index="4">
              <value>
                <![CDATA[30]]>
              </value>
            </param>
            <param index="5">
              <value>
                <![CDATA[20000]]>
              </value>
            </param>
            <param index="6">
              <value>
                <![CDATA[22]]>
              </value>
            </param>
            <param index="7">
              <value>
                <![CDATA[22000]]>
              </value>
            </param>
            <param index="8">
              <value>
                <![CDATA[1000]]>
              </value>
            </param>
            <param index="9">
              <value>
                <![CDATA[NO]]>
              </value>
            </param>
            <param index="10">
              <value>
                <![CDATA[A1 Credit]]>
              </value>
            </param>
            <param index="11">
              <value>
                <![CDATA[100]]>
              </value>
            </param>
            <param index="12">
              <value>
                <![CDATA[YES]]>
              </value>
            </param>
            <param index="13">
              <value>
                <![CDATA[2000]]>
              </value>
            </param>
            <param index="14">
              <value>
                <![CDATA[1000]]>
              </value>
            </param>
            <param index="15">
              <value>
                <![CDATA[500]]>
              </value>
            </param>
            <param index="16">
              <value>
                <![CDATA[1000]]>
              </value>
            </param>
            <param index="17">
              <value>
                <![CDATA[1000]]>
              </value>
            </param>
            <param index="18">
              <value>
                <![CDATA[199.99]]>
              </value>
            </param>
            <param index="19">
              <value>
                <![CDATA[HirePurchaseRegulated]]>
              </value>
            </param>
          </params>
          <reporter-output>
            <line>
              <![CDATA[<b>*********Calculations for On Road Price has been started***********</b> <br />]]>
            </line>
            <line>
              <![CDATA[<b>Started getting On screen values from after discount table </b> <br />]]>
            </line>
            <line>
              <![CDATA[<b>Manufacture_delivery_charges =50.00</b> <br />]]>
            </line>
            <line>
              <![CDATA[<b>Road_tax_first_year =585.00</b> <br />]]>
            </line>
            <line>
              <![CDATA[<b>First_registration_fee =55.00</b> <br />]]>
            </line>
            <line>
              <![CDATA[<b>Rebate =120.00</b> <br />]]>
            </line>
            <line>
              <![CDATA[<b>Writing After discount values to excel has been started</b> <br />]]>
            </line>
            <line>
              <![CDATA[<b>Writing After discount values to excel has been completed</b> <br />]]>
            </line>
            <line>
              <![CDATA[<b>Reading On Road Price for invoice from excel has been Started</b> <br />]]>
            </line>
            <line>
              <![CDATA[<b>Reading On Road Price for invoice from excel has been completed</b> <br />]]>
            </line>
            <line>
              <![CDATA[<b>Expected on the road price from excel is =49320.85</b> <br />]]>
            </line>
            <line>
              <![CDATA[<b>Actual on the road price from screen is =49320.86</b> <br />]]>
            </line>
          </reporter-output>
        </test-method> <!-- aquisition_quotes_outright_HPR_after_discount_calculations_without_maintenance_test -->
        <test-method signature="aquisition_quotes_outright_HPR_holding_cost_calculations_without_maintenance_test(java.lang.String,java.lang.String,java.lang.String,java.lang.String,java.lang.String,java.lang.String,java.lang.String,java.lang.String,java.lang.String,java.lang.String,java.lang.String,java.lang.String,java.lang.String,java.lang.String,java.lang.String,java.lang.String,java.lang.String,java.lang.String,java.lang.String,java.lang.String)[pri:3, instance:com.amt.test.Acquisition_Quotes_Outright_HPR_without_maintenance_Test@121314f7]" started-at="2022-11-16T19:36:15 IST" name="aquisition_quotes_outright_HPR_holding_cost_calculations_without_maintenance_test" data-provider="testData" finished-at="2022-11-16T19:36:22 IST" depends-on-methods="com.amt.test.Acquisition_Quotes_Outright_HPR_without_maintenance_Test.aquisition_quotes_outright_HPR_after_discount_calculations_without_maintenance_test" duration-ms="6240" status="PASS">
          <params>
            <param index="0">
              <value>
                <![CDATA[AUDI]]>
              </value>
            </param>
            <param index="1">
              <value>
                <![CDATA[A7]]>
              </value>
            </param>
            <param index="2">
              <value>
                <![CDATA[50000]]>
              </value>
            </param>
            <param index="3">
              <value>
                <![CDATA[630]]>
              </value>
            </param>
            <param index="4">
              <value>
                <![CDATA[30]]>
              </value>
            </param>
            <param index="5">
              <value>
                <![CDATA[20000]]>
              </value>
            </param>
            <param index="6">
              <value>
                <![CDATA[22]]>
              </value>
            </param>
            <param index="7">
              <value>
                <![CDATA[22000]]>
              </value>
            </param>
            <param index="8">
              <value>
                <![CDATA[1000]]>
              </value>
            </param>
            <param index="9">
              <value>
                <![CDATA[NO]]>
              </value>
            </param>
            <param index="10">
              <value>
                <![CDATA[A1 Credit]]>
              </value>
            </param>
            <param index="11">
              <value>
                <![CDATA[100]]>
              </value>
            </param>
            <param index="12">
              <value>
                <![CDATA[YES]]>
              </value>
            </param>
            <param index="13">
              <value>
                <![CDATA[2000]]>
              </value>
            </param>
            <param index="14">
              <value>
                <![CDATA[1000]]>
              </value>
            </param>
            <param index="15">
              <value>
                <![CDATA[500]]>
              </value>
            </param>
            <param index="16">
              <value>
                <![CDATA[1000]]>
              </value>
            </param>
            <param index="17">
              <value>
                <![CDATA[1000]]>
              </value>
            </param>
            <param index="18">
              <value>
                <![CDATA[199.99]]>
              </value>
            </param>
            <param index="19">
              <value>
                <![CDATA[HirePurchaseRegulated]]>
              </value>
            </param>
          </params>
          <reporter-output>
            <line>
              <![CDATA[<b>***********Entered in holding cost page ***********</b> <br />]]>
            </line>
            <line>
              <![CDATA[<b>Clicked on holding cost summary</b> <br />]]>
            </line>
            <line>
              <![CDATA[<b>***********Holding Cost Calculations has been Started*************</b> <br />]]>
            </line>
            <line>
              <![CDATA[<b>Getting on screen values from Holding Cost Page</b> <br />]]>
            </line>
            <line>
              <![CDATA[<b>Duration(Terms) =36.0</b> <br />]]>
            </line>
            <line>
              <![CDATA[<b>Annual_mileage =10000.0</b> <br />]]>
            </line>
            <line>
              <![CDATA[<b>Cap_residual_value =27500.0</b> <br />]]>
            </line>
            <line>
              <![CDATA[<b>Writing Holding Cost Summary values to excel has been started</b> <br />]]>
            </line>
            <line>
              <![CDATA[<b>Writing Holding Cost Summary values to excel has been completed</b> <br />]]>
            </line>
            <line>
              <![CDATA[<b>Reading Monthly Holding Cost value from excel has been started</b> <br />]]>
            </line>
            <line>
              <![CDATA[<b>Reading Monthly Holding Cost value from excel has been completed</b> <br />]]>
            </line>
            <line>
              <![CDATA[<b>Total_monthly_holding_cost_from_screen =684.16</b> <br />]]>
            </line>
            <line>
              <![CDATA[<b>Total_monthly_holding_cost_from_excel =684.1612948978569</b> <br />]]>
            </line>
          </reporter-output>
        </test-method> <!-- aquisition_quotes_outright_HPR_holding_cost_calculations_without_maintenance_test -->
        <test-method signature="aquisition_quotes_outright_HPR_customer_quote_calculations_check_monthly_finance_payment_without_maintenance_test(java.lang.String,java.lang.String,java.lang.String,java.lang.String,java.lang.String,java.lang.String,java.lang.String,java.lang.String,java.lang.String,java.lang.String,java.lang.String,java.lang.String,java.lang.String,java.lang.String,java.lang.String,java.lang.String,java.lang.String,java.lang.String,java.lang.String,java.lang.String)[pri:4, instance:com.amt.test.Acquisition_Quotes_Outright_HPR_without_maintenance_Test@121314f7]" started-at="2022-11-16T19:36:22 IST" name="aquisition_quotes_outright_HPR_customer_quote_calculations_check_monthly_finance_payment_without_maintenance_test" data-provider="testData" finished-at="2022-11-16T19:36:48 IST" depends-on-methods="com.amt.test.Acquisition_Quotes_Outright_HPR_without_maintenance_Test.aquisition_quotes_outright_HPR_holding_cost_calculations_without_maintenance_test" duration-ms="26474" status="PASS">
          <params>
            <param index="0">
              <value>
                <![CDATA[AUDI]]>
              </value>
            </param>
            <param index="1">
              <value>
                <![CDATA[A7]]>
              </value>
            </param>
            <param index="2">
              <value>
                <![CDATA[50000]]>
              </value>
            </param>
            <param index="3">
              <value>
                <![CDATA[630]]>
              </value>
            </param>
            <param index="4">
              <value>
                <![CDATA[30]]>
              </value>
            </param>
            <param index="5">
              <value>
                <![CDATA[20000]]>
              </value>
            </param>
            <param index="6">
              <value>
                <![CDATA[22]]>
              </value>
            </param>
            <param index="7">
              <value>
                <![CDATA[22000]]>
              </value>
            </param>
            <param index="8">
              <value>
                <![CDATA[1000]]>
              </value>
            </param>
            <param index="9">
              <value>
                <![CDATA[NO]]>
              </value>
            </param>
            <param index="10">
              <value>
                <![CDATA[A1 Credit]]>
              </value>
            </param>
            <param index="11">
              <value>
                <![CDATA[100]]>
              </value>
            </param>
            <param index="12">
              <value>
                <![CDATA[YES]]>
              </value>
            </param>
            <param index="13">
              <value>
                <![CDATA[2000]]>
              </value>
            </param>
            <param index="14">
              <value>
                <![CDATA[1000]]>
              </value>
            </param>
            <param index="15">
              <value>
                <![CDATA[500]]>
              </value>
            </param>
            <param index="16">
              <value>
                <![CDATA[1000]]>
              </value>
            </param>
            <param index="17">
              <value>
                <![CDATA[1000]]>
              </value>
            </param>
            <param index="18">
              <value>
                <![CDATA[199.99]]>
              </value>
            </param>
            <param index="19">
              <value>
                <![CDATA[HirePurchaseRegulated]]>
              </value>
            </param>
          </params>
          <reporter-output>
            <line>
              <![CDATA[<b>***********Entered in Customer Quote page ***********</b> <br />]]>
            </line>
            <line>
              <![CDATA[<b>Matrix credit type A1 Credit has been selected</b> <br />]]>
            </line>
            <line>
              <![CDATA[<b>Writing configuration values from property file to Excel for customer quote calculation -started</b> <br />]]>
            </line>
            <line>
              <![CDATA[<b>Writing configuration values from property file to Excel for customer quote calculation -completed</b> <br />]]>
            </line>
            <line>
              <![CDATA[<b>Actual Monthly Finance Payment from screen is 914.52</b> <br />]]>
            </line>
            <line>
              <![CDATA[<b>Writing screen values to Excel for customer quote calculation -started</b> <br />]]>
            </line>
            <line>
              <![CDATA[<b>Writing screen values to Excel for customer quote calculation -completed</b> <br />]]>
            </line>
            <line>
              <![CDATA[<b>Expected Monthly Finannce Rental from excel is 914.5242971765457</b> <br />]]>
            </line>
          </reporter-output>
        </test-method> <!-- aquisition_quotes_outright_HPR_customer_quote_calculations_check_monthly_finance_payment_without_maintenance_test -->
        <test-method signature="aquisition_quotes_outright_HPR_customer_quote_vehicle_profit_edit_check_without_maintenance_test(java.lang.String,java.lang.String,java.lang.String,java.lang.String,java.lang.String,java.lang.String,java.lang.String,java.lang.String,java.lang.String,java.lang.String,java.lang.String,java.lang.String,java.lang.String,java.lang.String,java.lang.String,java.lang.String,java.lang.String,java.lang.String,java.lang.String,java.lang.String)[pri:5, instance:com.amt.test.Acquisition_Quotes_Outright_HPR_without_maintenance_Test@121314f7]" started-at="2022-11-16T19:36:48 IST" name="aquisition_quotes_outright_HPR_customer_quote_vehicle_profit_edit_check_without_maintenance_test" data-provider="testData" finished-at="2022-11-16T19:37:02 IST" depends-on-methods="com.amt.test.Acquisition_Quotes_Outright_HPR_without_maintenance_Test.aquisition_quotes_outright_HPR_customer_quote_calculations_check_monthly_finance_payment_without_maintenance_test" duration-ms="13364" status="PASS">
          <params>
            <param index="0">
              <value>
                <![CDATA[AUDI]]>
              </value>
            </param>
            <param index="1">
              <value>
                <![CDATA[A7]]>
              </value>
            </param>
            <param index="2">
              <value>
                <![CDATA[50000]]>
              </value>
            </param>
            <param index="3">
              <value>
                <![CDATA[630]]>
              </value>
            </param>
            <param index="4">
              <value>
                <![CDATA[30]]>
              </value>
            </param>
            <param index="5">
              <value>
                <![CDATA[20000]]>
              </value>
            </param>
            <param index="6">
              <value>
                <![CDATA[22]]>
              </value>
            </param>
            <param index="7">
              <value>
                <![CDATA[22000]]>
              </value>
            </param>
            <param index="8">
              <value>
                <![CDATA[1000]]>
              </value>
            </param>
            <param index="9">
              <value>
                <![CDATA[NO]]>
              </value>
            </param>
            <param index="10">
              <value>
                <![CDATA[A1 Credit]]>
              </value>
            </param>
            <param index="11">
              <value>
                <![CDATA[100]]>
              </value>
            </param>
            <param index="12">
              <value>
                <![CDATA[YES]]>
              </value>
            </param>
            <param index="13">
              <value>
                <![CDATA[2000]]>
              </value>
            </param>
            <param index="14">
              <value>
                <![CDATA[1000]]>
              </value>
            </param>
            <param index="15">
              <value>
                <![CDATA[500]]>
              </value>
            </param>
            <param index="16">
              <value>
                <![CDATA[1000]]>
              </value>
            </param>
            <param index="17">
              <value>
                <![CDATA[1000]]>
              </value>
            </param>
            <param index="18">
              <value>
                <![CDATA[199.99]]>
              </value>
            </param>
            <param index="19">
              <value>
                <![CDATA[HirePurchaseRegulated]]>
              </value>
            </param>
          </params>
          <reporter-output>
            <line>
              <![CDATA[<b>Monthly Finance Payment verified after editing vehicle profit</b> <br />]]>
            </line>
          </reporter-output>
        </test-method> <!-- aquisition_quotes_outright_HPR_customer_quote_vehicle_profit_edit_check_without_maintenance_test -->
        <test-method signature="aquisition_quotes_outright_HPR_customer_quote_part_exchange_value_edit_check_without_maintenance_test(java.lang.String,java.lang.String,java.lang.String,java.lang.String,java.lang.String,java.lang.String,java.lang.String,java.lang.String,java.lang.String,java.lang.String,java.lang.String,java.lang.String,java.lang.String,java.lang.String,java.lang.String,java.lang.String,java.lang.String,java.lang.String,java.lang.String,java.lang.String)[pri:6, instance:com.amt.test.Acquisition_Quotes_Outright_HPR_without_maintenance_Test@121314f7]" started-at="2022-11-16T19:37:02 IST" name="aquisition_quotes_outright_HPR_customer_quote_part_exchange_value_edit_check_without_maintenance_test" data-provider="testData" finished-at="2022-11-16T19:38:05 IST" depends-on-methods="com.amt.test.Acquisition_Quotes_Outright_HPR_without_maintenance_Test.aquisition_quotes_outright_HPR_customer_quote_vehicle_profit_edit_check_without_maintenance_test" duration-ms="62820" status="PASS">
          <params>
            <param index="0">
              <value>
                <![CDATA[AUDI]]>
              </value>
            </param>
            <param index="1">
              <value>
                <![CDATA[A7]]>
              </value>
            </param>
            <param index="2">
              <value>
                <![CDATA[50000]]>
              </value>
            </param>
            <param index="3">
              <value>
                <![CDATA[630]]>
              </value>
            </param>
            <param index="4">
              <value>
                <![CDATA[30]]>
              </value>
            </param>
            <param index="5">
              <value>
                <![CDATA[20000]]>
              </value>
            </param>
            <param index="6">
              <value>
                <![CDATA[22]]>
              </value>
            </param>
            <param index="7">
              <value>
                <![CDATA[22000]]>
              </value>
            </param>
            <param index="8">
              <value>
                <![CDATA[1000]]>
              </value>
            </param>
            <param index="9">
              <value>
                <![CDATA[NO]]>
              </value>
            </param>
            <param index="10">
              <value>
                <![CDATA[A1 Credit]]>
              </value>
            </param>
            <param index="11">
              <value>
                <![CDATA[100]]>
              </value>
            </param>
            <param index="12">
              <value>
                <![CDATA[YES]]>
              </value>
            </param>
            <param index="13">
              <value>
                <![CDATA[2000]]>
              </value>
            </param>
            <param index="14">
              <value>
                <![CDATA[1000]]>
              </value>
            </param>
            <param index="15">
              <value>
                <![CDATA[500]]>
              </value>
            </param>
            <param index="16">
              <value>
                <![CDATA[1000]]>
              </value>
            </param>
            <param index="17">
              <value>
                <![CDATA[1000]]>
              </value>
            </param>
            <param index="18">
              <value>
                <![CDATA[199.99]]>
              </value>
            </param>
            <param index="19">
              <value>
                <![CDATA[HirePurchaseRegulated]]>
              </value>
            </param>
          </params>
          <reporter-output>
            <line>
              <![CDATA[<b>Monthly Finance Payment verified after editing part exchange values and deposit values</b> <br />]]>
            </line>
          </reporter-output>
        </test-method> <!-- aquisition_quotes_outright_HPR_customer_quote_part_exchange_value_edit_check_without_maintenance_test -->
        <test-method signature="aquisition_quotes_outright_HPR_customer_quote_monthly_finance_payment_after_balloon_payment_off_without_maintenance_test(java.lang.String,java.lang.String,java.lang.String,java.lang.String,java.lang.String,java.lang.String,java.lang.String,java.lang.String,java.lang.String,java.lang.String,java.lang.String,java.lang.String,java.lang.String,java.lang.String,java.lang.String,java.lang.String,java.lang.String,java.lang.String,java.lang.String,java.lang.String)[pri:7, instance:com.amt.test.Acquisition_Quotes_Outright_HPR_without_maintenance_Test@121314f7]" started-at="2022-11-16T19:38:05 IST" name="aquisition_quotes_outright_HPR_customer_quote_monthly_finance_payment_after_balloon_payment_off_without_maintenance_test" data-provider="testData" finished-at="2022-11-16T19:38:11 IST" depends-on-methods="com.amt.test.Acquisition_Quotes_Outright_HPR_without_maintenance_Test.aquisition_quotes_outright_HPR_customer_quote_part_exchange_value_edit_check_without_maintenance_test" duration-ms="6882" status="FAIL">
          <params>
            <param index="0">
              <value>
                <![CDATA[AUDI]]>
              </value>
            </param>
            <param index="1">
              <value>
                <![CDATA[A7]]>
              </value>
            </param>
            <param index="2">
              <value>
                <![CDATA[50000]]>
              </value>
            </param>
            <param index="3">
              <value>
                <![CDATA[630]]>
              </value>
            </param>
            <param index="4">
              <value>
                <![CDATA[30]]>
              </value>
            </param>
            <param index="5">
              <value>
                <![CDATA[20000]]>
              </value>
            </param>
            <param index="6">
              <value>
                <![CDATA[22]]>
              </value>
            </param>
            <param index="7">
              <value>
                <![CDATA[22000]]>
              </value>
            </param>
            <param index="8">
              <value>
                <![CDATA[1000]]>
              </value>
            </param>
            <param index="9">
              <value>
                <![CDATA[NO]]>
              </value>
            </param>
            <param index="10">
              <value>
                <![CDATA[A1 Credit]]>
              </value>
            </param>
            <param index="11">
              <value>
                <![CDATA[100]]>
              </value>
            </param>
            <param index="12">
              <value>
                <![CDATA[YES]]>
              </value>
            </param>
            <param index="13">
              <value>
                <![CDATA[2000]]>
              </value>
            </param>
            <param index="14">
              <value>
                <![CDATA[1000]]>
              </value>
            </param>
            <param index="15">
              <value>
                <![CDATA[500]]>
              </value>
            </param>
            <param index="16">
              <value>
                <![CDATA[1000]]>
              </value>
            </param>
            <param index="17">
              <value>
                <![CDATA[1000]]>
              </value>
            </param>
            <param index="18">
              <value>
                <![CDATA[199.99]]>
              </value>
            </param>
            <param index="19">
              <value>
                <![CDATA[HirePurchaseRegulated]]>
              </value>
            </param>
          </params>
          <exception class="java.lang.AssertionError">
            <message>
              <![CDATA[expected [true] but found [false]]]>
            </message>
            <full-stacktrace>
              <![CDATA[java.lang.AssertionError: expected [true] but found [false]
at org.testng.Assert.fail(Assert.java:99)
at org.testng.Assert.failNotEquals(Assert.java:1037)
at org.testng.Assert.assertTrue(Assert.java:45)
at org.testng.Assert.assertTrue(Assert.java:55)
at com.amt.test.Acquisition_Quotes_Outright_HPR_without_maintenance_Test.aquisition_quotes_outright_HPR_customer_quote_monthly_finance_payment_after_balloon_payment_off_without_maintenance_test(Acquisition_Quotes_Outright_HPR_without_maintenance_Test.java:163)
at java.base/jdk.internal.reflect.NativeMethodAccessorImpl.invoke0(Native Method)
at java.base/jdk.internal.reflect.NativeMethodAccessorImpl.invoke(NativeMethodAccessorImpl.java:77)
at java.base/jdk.internal.reflect.DelegatingMethodAccessorImpl.invoke(DelegatingMethodAccessorImpl.java:43)
at java.base/java.lang.reflect.Method.invoke(Method.java:568)
at org.testng.internal.MethodInvocationHelper.invokeMethod(MethodInvocationHelper.java:133)
at org.testng.internal.TestInvoker.invokeMethod(TestInvoker.java:598)
at org.testng.internal.TestInvoker.invokeTestMethod(TestInvoker.java:173)
at org.testng.internal.MethodRunner.runInSequence(MethodRunner.java:46)
at org.testng.internal.TestInvoker$MethodInvocationAgent.invoke(TestInvoker.java:824)
at org.testng.internal.TestInvoker.invokeTestMethods(TestInvoker.java:146)
at org.testng.internal.TestMethodWorker.invokeTestMethods(TestMethodWorker.java:146)
at org.testng.internal.TestMethodWorker.run(TestMethodWorker.java:128)
at java.base/java.util.ArrayList.forEach(ArrayList.java:1511)
at org.testng.TestRunner.privateRun(TestRunner.java:794)
at org.testng.TestRunner.run(TestRunner.java:596)
at org.testng.SuiteRunner.runTest(SuiteRunner.java:377)
at org.testng.SuiteRunner.runSequentially(SuiteRunner.java:371)
at org.testng.SuiteRunner.privateRun(SuiteRunner.java:332)
at org.testng.SuiteRunner.run(SuiteRunner.java:276)
at org.testng.SuiteRunnerWorker.runSuite(SuiteRunnerWorker.java:53)
at org.testng.SuiteRunnerWorker.run(SuiteRunnerWorker.java:96)
at org.testng.TestNG.runSuitesSequentially(TestNG.java:1212)
at org.testng.TestNG.runSuitesLocally(TestNG.java:1134)
at org.testng.TestNG.runSuites(TestNG.java:1063)
at org.testng.TestNG.run(TestNG.java:1031)
at org.testng.remote.AbstractRemoteTestNG.run(AbstractRemoteTestNG.java:115)
at org.testng.remote.RemoteTestNG.initAndRun(RemoteTestNG.java:251)
at org.testng.remote.RemoteTestNG.main(RemoteTestNG.java:77)
]]>
            </full-stacktrace>
          </exception> <!-- java.lang.AssertionError -->
          <reporter-output>
            <line>
              <![CDATA[<br>----------Screenshot---------<br>]]>
            </line>
            <line>
              <![CDATA[<img src="D:\newWorkspaceStaging\AutomationStaging\target\surefire-reports\html\failure_screenshots\aquisition_quotes_outright_HPR_customer_quote_monthly_finance_payment_after_balloon_payment_off_without_maintenance_test_16_11_2022_07_38_11.png" height="800" width="1000">]]>
            </line>
          </reporter-output>
        </test-method> <!-- aquisition_quotes_outright_HPR_customer_quote_monthly_finance_payment_after_balloon_payment_off_without_maintenance_test -->
        <test-method signature="aquisition_quotes_outright_HPR_quote_summary_values_verification_without_maintenance_test(java.lang.String,java.lang.String,java.lang.String,java.lang.String,java.lang.String,java.lang.String,java.lang.String,java.lang.String,java.lang.String,java.lang.String,java.lang.String,java.lang.String,java.lang.String,java.lang.String,java.lang.String,java.lang.String,java.lang.String,java.lang.String,java.lang.String,java.lang.String)[pri:8, instance:com.amt.test.Acquisition_Quotes_Outright_HPR_without_maintenance_Test@121314f7]" started-at="2022-11-16T19:38:12 IST" name="aquisition_quotes_outright_HPR_quote_summary_values_verification_without_maintenance_test" data-provider="testData" finished-at="2022-11-16T19:38:13 IST" depends-on-methods="com.amt.test.Acquisition_Quotes_Outright_HPR_without_maintenance_Test.aquisition_quotes_outright_HPR_customer_quote_part_exchange_value_edit_check_without_maintenance_test" duration-ms="1195" status="FAIL">
          <params>
            <param index="0">
              <value>
                <![CDATA[AUDI]]>
              </value>
            </param>
            <param index="1">
              <value>
                <![CDATA[A7]]>
              </value>
            </param>
            <param index="2">
              <value>
                <![CDATA[50000]]>
              </value>
            </param>
            <param index="3">
              <value>
                <![CDATA[630]]>
              </value>
            </param>
            <param index="4">
              <value>
                <![CDATA[30]]>
              </value>
            </param>
            <param index="5">
              <value>
                <![CDATA[20000]]>
              </value>
            </param>
            <param index="6">
              <value>
                <![CDATA[22]]>
              </value>
            </param>
            <param index="7">
              <value>
                <![CDATA[22000]]>
              </value>
            </param>
            <param index="8">
              <value>
                <![CDATA[1000]]>
              </value>
            </param>
            <param index="9">
              <value>
                <![CDATA[NO]]>
              </value>
            </param>
            <param index="10">
              <value>
                <![CDATA[A1 Credit]]>
              </value>
            </param>
            <param index="11">
              <value>
                <![CDATA[100]]>
              </value>
            </param>
            <param index="12">
              <value>
                <![CDATA[YES]]>
              </value>
            </param>
            <param index="13">
              <value>
                <![CDATA[2000]]>
              </value>
            </param>
            <param index="14">
              <value>
                <![CDATA[1000]]>
              </value>
            </param>
            <param index="15">
              <value>
                <![CDATA[500]]>
              </value>
            </param>
            <param index="16">
              <value>
                <![CDATA[1000]]>
              </value>
            </param>
            <param index="17">
              <value>
                <![CDATA[1000]]>
              </value>
            </param>
            <param index="18">
              <value>
                <![CDATA[199.99]]>
              </value>
            </param>
            <param index="19">
              <value>
                <![CDATA[HirePurchaseRegulated]]>
              </value>
            </param>
          </params>
          <exception class="org.openqa.selenium.ElementClickInterceptedException">
            <message>
              <![CDATA[element click intercepted: Element <p>...</p> is not clickable at point (907, 97). Other element would receive the click: <div _ngcontent-wmr-c0="" class="loader_div">...</div>
  (Session info: chrome=107.0.5304.107)
Build info: version: '4.0.0', revision: '3a21814679'
System info: host: 'DSK-951', ip: '10.0.3.253', os.name: 'Windows 10', os.arch: 'amd64', os.version: '10.0', java.version: '17.0.4.1'
Driver info: org.openqa.selenium.chrome.ChromeDriver
Command: [cef7f9948d2bbb7ad54f28866ffaf2c6, clickElement {id=04954770-f622-497f-95dc-0a46619811a0}]
Capabilities {acceptInsecureCerts: false, browserName: chrome, browserVersion: 107.0.5304.107, chrome: {chromedriverVersion: 107.0.5304.62 (1eec40d3a576..., userDataDir: C:\Users\NITEIN~1.KUR\AppDa...}, goog:chromeOptions: {debuggerAddress: localhost:54747}, javascriptEnabled: true, networkConnectionEnabled: false, pageLoadStrategy: normal, platform: WINDOWS, platformName: WINDOWS, proxy: Proxy(), se:cdp: ws://localhost:54747/devtoo..., se:cdpVersion: 107.0.5304.107, setWindowRect: true, strictFileInteractability: false, timeouts: {implicit: 0, pageLoad: 300000, script: 30000}, unhandledPromptBehavior: dismiss and notify, webauthn:extension:credBlob: true, webauthn:extension:largeBlob: true, webauthn:virtualAuthenticators: true}
Element: [[ChromeDriver: chrome on WINDOWS (cef7f9948d2bbb7ad54f28866ffaf2c6)] -> xpath: //p[normalize-space()='Quote summary']]
Session ID: cef7f9948d2bbb7ad54f28866ffaf2c6]]>
            </message>
            <full-stacktrace>
              <![CDATA[org.openqa.selenium.ElementClickInterceptedException: element click intercepted: Element <p>...</p> is not clickable at point (907, 97). Other element would receive the click: <div _ngcontent-wmr-c0="" class="loader_div">...</div>
  (Session info: chrome=107.0.5304.107)
Build info: version: '4.0.0', revision: '3a21814679'
System info: host: 'DSK-951', ip: '10.0.3.253', os.name: 'Windows 10', os.arch: 'amd64', os.version: '10.0', java.version: '17.0.4.1'
Driver info: org.openqa.selenium.chrome.ChromeDriver
Command: [cef7f9948d2bbb7ad54f28866ffaf2c6, clickElement {id=04954770-f622-497f-95dc-0a46619811a0}]
Capabilities {acceptInsecureCerts: false, browserName: chrome, browserVersion: 107.0.5304.107, chrome: {chromedriverVersion: 107.0.5304.62 (1eec40d3a576..., userDataDir: C:\Users\NITEIN~1.KUR\AppDa...}, goog:chromeOptions: {debuggerAddress: localhost:54747}, javascriptEnabled: true, networkConnectionEnabled: false, pageLoadStrategy: normal, platform: WINDOWS, platformName: WINDOWS, proxy: Proxy(), se:cdp: ws://localhost:54747/devtoo..., se:cdpVersion: 107.0.5304.107, setWindowRect: true, strictFileInteractability: false, timeouts: {implicit: 0, pageLoad: 300000, script: 30000}, unhandledPromptBehavior: dismiss and notify, webauthn:extension:credBlob: true, webauthn:extension:largeBlob: true, webauthn:virtualAuthenticators: true}
Element: [[ChromeDriver: chrome on WINDOWS (cef7f9948d2bbb7ad54f28866ffaf2c6)] -> xpath: //p[normalize-space()='Quote summary']]
Session ID: cef7f9948d2bbb7ad54f28866ffaf2c6
at java.base/jdk.internal.reflect.NativeConstructorAccessorImpl.newInstance0(Native Method)
at java.base/jdk.internal.reflect.NativeConstructorAccessorImpl.newInstance(NativeConstructorAccessorImpl.java:77)
at java.base/jdk.internal.reflect.DelegatingConstructorAccessorImpl.newInstance(DelegatingConstructorAccessorImpl.java:45)
at java.base/java.lang.reflect.Constructor.newInstanceWithCaller(Constructor.java:499)
at java.base/java.lang.reflect.Constructor.newInstance(Constructor.java:480)
at org.openqa.selenium.remote.codec.w3c.W3CHttpResponseCodec.createException(W3CHttpResponseCodec.java:200)
at org.openqa.selenium.remote.codec.w3c.W3CHttpResponseCodec.decode(W3CHttpResponseCodec.java:133)
at org.openqa.selenium.remote.codec.w3c.W3CHttpResponseCodec.decode(W3CHttpResponseCodec.java:53)
at org.openqa.selenium.remote.HttpCommandExecutor.execute(HttpCommandExecutor.java:184)
at org.openqa.selenium.remote.service.DriverCommandExecutor.invokeExecute(DriverCommandExecutor.java:164)
at org.openqa.selenium.remote.service.DriverCommandExecutor.execute(DriverCommandExecutor.java:139)
at org.openqa.selenium.remote.RemoteWebDriver.execute(RemoteWebDriver.java:559)
at org.openqa.selenium.remote.RemoteWebElement.execute(RemoteWebElement.java:251)
at org.openqa.selenium.remote.RemoteWebElement.click(RemoteWebElement.java:77)
at jdk.internal.reflect.GeneratedMethodAccessor4.invoke(Unknown Source)
at java.base/jdk.internal.reflect.DelegatingMethodAccessorImpl.invoke(DelegatingMethodAccessorImpl.java:43)
at java.base/java.lang.reflect.Method.invoke(Method.java:568)
at org.openqa.selenium.support.pagefactory.internal.LocatingElementHandler.invoke(LocatingElementHandler.java:52)
at jdk.proxy2/jdk.proxy2.$Proxy17.click(Unknown Source)
at com.amt.testUtil.Click.on(Click.java:18)
at com.amt.QuoteSummaryPages.QuoteSummaryOutrightHPRPage.quote_summary_outright_HPR_without_maintenance(QuoteSummaryOutrightHPRPage.java:71)
at com.amt.test.Acquisition_Quotes_Outright_HPR_without_maintenance_Test.aquisition_quotes_outright_HPR_quote_summary_values_verification_without_maintenance_test(Acquisition_Quotes_Outright_HPR_without_maintenance_Test.java:177)
at java.base/jdk.internal.reflect.NativeMethodAccessorImpl.invoke0(Native Method)
at java.base/jdk.internal.reflect.NativeMethodAccessorImpl.invoke(NativeMethodAccessorImpl.java:77)
at java.base/jdk.internal.reflect.DelegatingMethodAccessorImpl.invoke(DelegatingMethodAccessorImpl.java:43)
at java.base/java.lang.reflect.Method.invoke(Method.java:568)
at org.testng.internal.MethodInvocationHelper.invokeMethod(MethodInvocationHelper.java:133)
at org.testng.internal.TestInvoker.invokeMethod(TestInvoker.java:598)
at org.testng.internal.TestInvoker.invokeTestMethod(TestInvoker.java:173)
at org.testng.internal.MethodRunner.runInSequence(MethodRunner.java:46)
at org.testng.internal.TestInvoker$MethodInvocationAgent.invoke(TestInvoker.java:824)
at org.testng.internal.TestInvoker.invokeTestMethods(TestInvoker.java:146)
at org.testng.internal.TestMethodWorker.invokeTestMethods(TestMethodWorker.java:146)
at org.testng.internal.TestMethodWorker.run(TestMethodWorker.java:128)
at java.base/java.util.ArrayList.forEach(ArrayList.java:1511)
at org.testng.TestRunner.privateRun(TestRunner.java:794)
at org.testng.TestRunner.run(TestRunner.java:596)
at org.testng.SuiteRunner.runTest(SuiteRunner.java:377)
at org.testng.SuiteRunner.runSequentially(SuiteRunner.java:371)
at org.testng.SuiteRunner.privateRun(SuiteRunner.java:332)
at org.testng.SuiteRunner.run(SuiteRunner.java:276)
at org.testng.SuiteRunnerWorker.runSuite(SuiteRunnerWorker.java:53)
at org.testng.SuiteRunnerWorker.run(SuiteRunnerWorker.java:96)
at org.testng.TestNG.runSuitesSequentially(TestNG.java:1212)
at org.testng.TestNG.runSuitesLocally(TestNG.java:1134)
at org.testng.TestNG.runSuites(TestNG.java:1063)
at org.testng.TestNG.run(TestNG.java:1031)
at org.testng.remote.AbstractRemoteTestNG.run(AbstractRemoteTestNG.java:115)
at org.testng.remote.RemoteTestNG.initAndRun(RemoteTestNG.java:251)
at org.testng.remote.RemoteTestNG.main(RemoteTestNG.java:77)
]]>
            </full-stacktrace>
          </exception> <!-- org.openqa.selenium.ElementClickInterceptedException -->
          <reporter-output>
            <line>
              <![CDATA[<b>*************Calculations for Quote Summary page gas been started************</b> <br />]]>
            </line>
            <line>
              <![CDATA[<br>----------Screenshot---------<br>]]>
            </line>
            <line>
              <![CDATA[<img src="D:\newWorkspaceStaging\AutomationStaging\target\surefire-reports\html\failure_screenshots\aquisition_quotes_outright_HPR_quote_summary_values_verification_without_maintenance_test_16_11_2022_07_38_13.png" height="800" width="1000">]]>
            </line>
          </reporter-output>
        </test-method> <!-- aquisition_quotes_outright_HPR_quote_summary_values_verification_without_maintenance_test -->
      </class> <!-- com.amt.test.Acquisition_Quotes_Outright_HPR_without_maintenance_Test -->
    </test> <!-- Default test -->
  </suite> <!-- Default suite -->
</testng-results>
