<?xml version="1.0" encoding="UTF-8"?>
<testng-results ignored="0" total="5" passed="5" failed="0" skipped="0">
  <reporter-output>
    <line>
      <![CDATA[<b>Clicked on Quote button </b> <br />]]>
    </line>
    <line>
      <![CDATA[<b>Manufacture =AUDI has been selected</b> <br />]]>
    </line>
    <line>
      <![CDATA[<b>Model range =A7 has been selected</b> <br />]]>
    </line>
    <line>
      <![CDATA[<b>Vehicle has been selected</b> <br />]]>
    </line>
    <line>
      <![CDATA[<b>Paint option has been selected</b> <br />]]>
    </line>
    <line>
      <![CDATA[<b>Interior option has been selected</b> <br />]]>
    </line>
    <line>
      <![CDATA[<b>Contract type option has been selected</b> <br />]]>
    </line>
    <line>
      <![CDATA[<b>Getting Basic Price- Vehicle value is  =46854.17</b> <br />]]>
    </line>
    <line>
      <![CDATA[<b>Getting Basic Price - Paint  value is  =0.00</b> <br />]]>
    </line>
    <line>
      <![CDATA[<b>Getting  Basic Price - Options value is   =833.33</b> <br />]]>
    </line>
    <line>
      <![CDATA[<b>Getting Discount- Vehicle value is  =0.00</b> <br />]]>
    </line>
    <line>
      <![CDATA[<b>Getting   Discount - Paint value is   =0.00</b> <br />]]>
    </line>
    <line>
      <![CDATA[<b>Getting  Discount- Options value is   =0.00</b> <br />]]>
    </line>
    <line>
      <![CDATA[<b>Getting Additional Discount- Vehicle value is  =0.00</b> <br />]]>
    </line>
    <line>
      <![CDATA[<b>Getting  Additional Discount - paint value is  =0.00</b> <br />]]>
    </line>
    <line>
      <![CDATA[<b>Getting  Additional Discount - Options value is  =0.00</b> <br />]]>
    </line>
    <line>
      <![CDATA[<b>Writing OTR table values to excel sheet -Started </b> <br />]]>
    </line>
    <line>
      <![CDATA[<b>Writing OTR table values to excel sheet -Completed </b> <br />]]>
    </line>
    <line>
      <![CDATA[<b>Reading Subtotal After Discount from excel sheet -Started </b> <br />]]>
    </line>
    <line>
      <![CDATA[<b>Reading Subtotal After Discount from excel sheet -Started </b> <br />]]>
    </line>
    <line>
      <![CDATA[<b>Subtotal After Discount from excel sheet is =47687.5</b> <br />]]>
    </line>
    <line>
      <![CDATA[<b>Subtotal after discount actual value from screen =£ 47,687.50</b> <br />]]>
    </line>
    <line>
      <![CDATA[<b>*********Calculations for On Road Price has been started***********</b> <br />]]>
    </line>
    <line>
      <![CDATA[<b>Started getting On screen values from after discount table </b> <br />]]>
    </line>
    <line>
      <![CDATA[<b>Manufacture_delivery_charges =550.00</b> <br />]]>
    </line>
    <line>
      <![CDATA[<b>Road_tax_first_year =585.00</b> <br />]]>
    </line>
    <line>
      <![CDATA[<b>First_registration_fee =55.00</b> <br />]]>
    </line>
    <line>
      <![CDATA[<b>Rebate =0.00</b> <br />]]>
    </line>
    <line>
      <![CDATA[<b>Writing After discount values to excel has been started</b> <br />]]>
    </line>
    <line>
      <![CDATA[<b>Writing After discount values to excel has been completed</b> <br />]]>
    </line>
    <line>
      <![CDATA[<b>Reading On Road Price for invoice from excel has been Started</b> <br />]]>
    </line>
    <line>
      <![CDATA[<b>Reading On Road Price for invoice from excel has been completed</b> <br />]]>
    </line>
    <line>
      <![CDATA[<b>Expected on the road price from excel is =58525.0</b> <br />]]>
    </line>
    <line>
      <![CDATA[<b>Actual on the road price from screen is =58525.00</b> <br />]]>
    </line>
    <line>
      <![CDATA[<b>Vehicle profit from test data 1200.0 added to otr cost price 58525.0</b> <br />]]>
    </line>
    <line>
      <![CDATA[<b>After adding profit to cost price 58525.0 sales price is shown as (considering VAT%) 59965.0</b> <br />]]>
    </line>
    <line>
      <![CDATA[<b>Vehicle profit verified</b> <br />]]>
    </line>
    <line>
      <![CDATA[<b>Funder quote added successfully</b> <br />]]>
    </line>
    <line>
      <![CDATA[<b>xxx -Please check Balance to finance value from customer quote summary</b> <br />]]>
    </line>
    <line>
      <![CDATA[<b>*************Calculations for Quote Summary page gas been started************</b> <br />]]>
    </line>
    <line>
      <![CDATA[<b>Reading values from sceen -Quote Summary Page</b> <br />]]>
    </line>
    <line>
      <![CDATA[<b>Getting values from screen</b> <br />]]>
    </line>
    <line>
      <![CDATA[<b>Quote_summary_cost_otr_price =58,525.00</b> <br />]]>
    </line>
    <line>
      <![CDATA[<b>Customer contract_type =Hire Purchase Non-Regulated</b> <br />]]>
    </line>
    <line>
      <![CDATA[<b>Reading values from excel sheet to compare it with quote summary on screen values</b> <br />]]>
    </line>
    <line>
      <![CDATA[<b>Comparing excel values with actual values on screen</b> <br />]]>
    </line>
    <line>
      <![CDATA[<b>OTR price compared</b> <br />]]>
    </line>
  </reporter-output>
  <suite started-at="2022-11-11T16:03:56 IST" name="Default suite" finished-at="2022-11-11T16:06:41 IST" duration-ms="165638">
    <groups>
    </groups>
    <test started-at="2022-11-11T16:03:56 IST" name="Default test" finished-at="2022-11-11T16:06:41 IST" duration-ms="165638">
      <class name="com.amt.test.Acquisition_Quotes_Broker_HPNR_Test">
        <test-method is-config="true" signature="setup()[pri:0, instance:com.amt.test.Acquisition_Quotes_Broker_HPNR_Test@242b836]" started-at="2022-11-11T16:03:56 IST" name="setup" finished-at="2022-11-11T16:04:26 IST" duration-ms="30197" status="PASS">
          <reporter-output>
          </reporter-output>
        </test-method> <!-- setup -->
        <test-method signature="aquisition_quotes_user_flow_broker_HPNR_OTR_calculation_test(java.lang.String,java.lang.String,java.lang.String,java.lang.String,java.lang.String,java.lang.String,java.lang.String,java.lang.String,java.lang.String,java.lang.String,java.lang.String,java.lang.String,java.lang.String,java.lang.String,java.lang.String,java.lang.String,java.lang.String,java.lang.String,java.lang.String,java.lang.String,java.lang.String)[pri:1, instance:com.amt.test.Acquisition_Quotes_Broker_HPNR_Test@242b836]" started-at="2022-11-11T16:04:27 IST" name="aquisition_quotes_user_flow_broker_HPNR_OTR_calculation_test" data-provider="testData" finished-at="2022-11-11T16:05:44 IST" duration-ms="76867" status="PASS">
          <params>
            <param index="0">
              <value>
                <![CDATA[AUDI]]>
              </value>
            </param>
            <param index="1">
              <value>
                <![CDATA[A7]]>
              </value>
            </param>
            <param index="2">
              <value>
                <![CDATA[1200]]>
              </value>
            </param>
            <param index="3">
              <value>
                <![CDATA[REF001]]>
              </value>
            </param>
            <param index="4">
              <value>
                <![CDATA[02/02/23]]>
              </value>
            </param>
            <param index="5">
              <value>
                <![CDATA[12]]>
              </value>
            </param>
            <param index="6">
              <value>
                <![CDATA[5000]]>
              </value>
            </param>
            <param index="7">
              <value>
                <![CDATA[3000]]>
              </value>
            </param>
            <param index="8">
              <value>
                <![CDATA[900]]>
              </value>
            </param>
            <param index="9">
              <value>
                <![CDATA[20]]>
              </value>
            </param>
            <param index="10">
              <value>
                <![CDATA[]]>
              </value>
            </param>
            <param index="11">
              <value>
                <![CDATA[2000]]>
              </value>
            </param>
            <param index="12">
              <value>
                <![CDATA[1000]]>
              </value>
            </param>
            <param index="13">
              <value>
                <![CDATA[100]]>
              </value>
            </param>
            <param index="14">
              <value>
                <![CDATA[Yes]]>
              </value>
            </param>
            <param index="15">
              <value>
                <![CDATA[1]]>
              </value>
            </param>
            <param index="16">
              <value>
                <![CDATA[5]]>
              </value>
            </param>
            <param index="17">
              <value>
                <![CDATA[1000]]>
              </value>
            </param>
            <param index="18">
              <value>
                <![CDATA[600]]>
              </value>
            </param>
            <param index="19">
              <value>
                <![CDATA[200]]>
              </value>
            </param>
            <param index="20">
              <value>
                <![CDATA[Formula1-BCH]]>
              </value>
            </param>
          </params>
          <reporter-output>
            <line>
              <![CDATA[<b>Clicked on Quote button </b> <br />]]>
            </line>
            <line>
              <![CDATA[<b>Manufacture =AUDI has been selected</b> <br />]]>
            </line>
            <line>
              <![CDATA[<b>Model range =A7 has been selected</b> <br />]]>
            </line>
            <line>
              <![CDATA[<b>Vehicle has been selected</b> <br />]]>
            </line>
            <line>
              <![CDATA[<b>Paint option has been selected</b> <br />]]>
            </line>
            <line>
              <![CDATA[<b>Interior option has been selected</b> <br />]]>
            </line>
            <line>
              <![CDATA[<b>Contract type option has been selected</b> <br />]]>
            </line>
            <line>
              <![CDATA[<b>Getting Basic Price- Vehicle value is  =46854.17</b> <br />]]>
            </line>
            <line>
              <![CDATA[<b>Getting Basic Price - Paint  value is  =0.00</b> <br />]]>
            </line>
            <line>
              <![CDATA[<b>Getting  Basic Price - Options value is   =833.33</b> <br />]]>
            </line>
            <line>
              <![CDATA[<b>Getting Discount- Vehicle value is  =0.00</b> <br />]]>
            </line>
            <line>
              <![CDATA[<b>Getting   Discount - Paint value is   =0.00</b> <br />]]>
            </line>
            <line>
              <![CDATA[<b>Getting  Discount- Options value is   =0.00</b> <br />]]>
            </line>
            <line>
              <![CDATA[<b>Getting Additional Discount- Vehicle value is  =0.00</b> <br />]]>
            </line>
            <line>
              <![CDATA[<b>Getting  Additional Discount - paint value is  =0.00</b> <br />]]>
            </line>
            <line>
              <![CDATA[<b>Getting  Additional Discount - Options value is  =0.00</b> <br />]]>
            </line>
            <line>
              <![CDATA[<b>Writing OTR table values to excel sheet -Started </b> <br />]]>
            </line>
            <line>
              <![CDATA[<b>Writing OTR table values to excel sheet -Completed </b> <br />]]>
            </line>
            <line>
              <![CDATA[<b>Reading Subtotal After Discount from excel sheet -Started </b> <br />]]>
            </line>
            <line>
              <![CDATA[<b>Reading Subtotal After Discount from excel sheet -Started </b> <br />]]>
            </line>
            <line>
              <![CDATA[<b>Subtotal After Discount from excel sheet is =47687.5</b> <br />]]>
            </line>
            <line>
              <![CDATA[<b>Subtotal after discount actual value from screen =£ 47,687.50</b> <br />]]>
            </line>
          </reporter-output>
        </test-method> <!-- aquisition_quotes_user_flow_broker_HPNR_OTR_calculation_test -->
        <test-method signature="aquisition_quotes_user_flow_broker_HPNR_after_discount_calculations_test(java.lang.String,java.lang.String,java.lang.String,java.lang.String,java.lang.String,java.lang.String,java.lang.String,java.lang.String,java.lang.String,java.lang.String,java.lang.String,java.lang.String,java.lang.String,java.lang.String,java.lang.String,java.lang.String,java.lang.String,java.lang.String,java.lang.String,java.lang.String,java.lang.String)[pri:2, instance:com.amt.test.Acquisition_Quotes_Broker_HPNR_Test@242b836]" started-at="2022-11-11T16:05:44 IST" name="aquisition_quotes_user_flow_broker_HPNR_after_discount_calculations_test" data-provider="testData" finished-at="2022-11-11T16:05:45 IST" depends-on-methods="com.amt.test.Acquisition_Quotes_Broker_HPNR_Test.aquisition_quotes_user_flow_broker_HPNR_OTR_calculation_test" duration-ms="1282" status="PASS">
          <params>
            <param index="0">
              <value>
                <![CDATA[AUDI]]>
              </value>
            </param>
            <param index="1">
              <value>
                <![CDATA[A7]]>
              </value>
            </param>
            <param index="2">
              <value>
                <![CDATA[1200]]>
              </value>
            </param>
            <param index="3">
              <value>
                <![CDATA[REF001]]>
              </value>
            </param>
            <param index="4">
              <value>
                <![CDATA[02/02/23]]>
              </value>
            </param>
            <param index="5">
              <value>
                <![CDATA[12]]>
              </value>
            </param>
            <param index="6">
              <value>
                <![CDATA[5000]]>
              </value>
            </param>
            <param index="7">
              <value>
                <![CDATA[3000]]>
              </value>
            </param>
            <param index="8">
              <value>
                <![CDATA[900]]>
              </value>
            </param>
            <param index="9">
              <value>
                <![CDATA[20]]>
              </value>
            </param>
            <param index="10">
              <value>
                <![CDATA[]]>
              </value>
            </param>
            <param index="11">
              <value>
                <![CDATA[2000]]>
              </value>
            </param>
            <param index="12">
              <value>
                <![CDATA[1000]]>
              </value>
            </param>
            <param index="13">
              <value>
                <![CDATA[100]]>
              </value>
            </param>
            <param index="14">
              <value>
                <![CDATA[Yes]]>
              </value>
            </param>
            <param index="15">
              <value>
                <![CDATA[1]]>
              </value>
            </param>
            <param index="16">
              <value>
                <![CDATA[5]]>
              </value>
            </param>
            <param index="17">
              <value>
                <![CDATA[1000]]>
              </value>
            </param>
            <param index="18">
              <value>
                <![CDATA[600]]>
              </value>
            </param>
            <param index="19">
              <value>
                <![CDATA[200]]>
              </value>
            </param>
            <param index="20">
              <value>
                <![CDATA[Formula1-BCH]]>
              </value>
            </param>
          </params>
          <reporter-output>
            <line>
              <![CDATA[<b>*********Calculations for On Road Price has been started***********</b> <br />]]>
            </line>
            <line>
              <![CDATA[<b>Started getting On screen values from after discount table </b> <br />]]>
            </line>
            <line>
              <![CDATA[<b>Manufacture_delivery_charges =550.00</b> <br />]]>
            </line>
            <line>
              <![CDATA[<b>Road_tax_first_year =585.00</b> <br />]]>
            </line>
            <line>
              <![CDATA[<b>First_registration_fee =55.00</b> <br />]]>
            </line>
            <line>
              <![CDATA[<b>Rebate =0.00</b> <br />]]>
            </line>
            <line>
              <![CDATA[<b>Writing After discount values to excel has been started</b> <br />]]>
            </line>
            <line>
              <![CDATA[<b>Writing After discount values to excel has been completed</b> <br />]]>
            </line>
            <line>
              <![CDATA[<b>Reading On Road Price for invoice from excel has been Started</b> <br />]]>
            </line>
            <line>
              <![CDATA[<b>Reading On Road Price for invoice from excel has been completed</b> <br />]]>
            </line>
            <line>
              <![CDATA[<b>Expected on the road price from excel is =58525.0</b> <br />]]>
            </line>
            <line>
              <![CDATA[<b>Actual on the road price from screen is =58525.00</b> <br />]]>
            </line>
          </reporter-output>
        </test-method> <!-- aquisition_quotes_user_flow_broker_HPNR_after_discount_calculations_test -->
        <test-method signature="aquisition_quotes_user_flow_broker_HPNR_vehicle_profit_check_test(java.lang.String,java.lang.String,java.lang.String,java.lang.String,java.lang.String,java.lang.String,java.lang.String,java.lang.String,java.lang.String,java.lang.String,java.lang.String,java.lang.String,java.lang.String,java.lang.String,java.lang.String,java.lang.String,java.lang.String,java.lang.String,java.lang.String,java.lang.String,java.lang.String)[pri:3, instance:com.amt.test.Acquisition_Quotes_Broker_HPNR_Test@242b836]" started-at="2022-11-11T16:05:45 IST" name="aquisition_quotes_user_flow_broker_HPNR_vehicle_profit_check_test" data-provider="testData" finished-at="2022-11-11T16:05:52 IST" depends-on-methods="com.amt.test.Acquisition_Quotes_Broker_HPNR_Test.aquisition_quotes_user_flow_broker_HPNR_after_discount_calculations_test" duration-ms="6512" status="PASS">
          <params>
            <param index="0">
              <value>
                <![CDATA[AUDI]]>
              </value>
            </param>
            <param index="1">
              <value>
                <![CDATA[A7]]>
              </value>
            </param>
            <param index="2">
              <value>
                <![CDATA[1200]]>
              </value>
            </param>
            <param index="3">
              <value>
                <![CDATA[REF001]]>
              </value>
            </param>
            <param index="4">
              <value>
                <![CDATA[02/02/23]]>
              </value>
            </param>
            <param index="5">
              <value>
                <![CDATA[12]]>
              </value>
            </param>
            <param index="6">
              <value>
                <![CDATA[5000]]>
              </value>
            </param>
            <param index="7">
              <value>
                <![CDATA[3000]]>
              </value>
            </param>
            <param index="8">
              <value>
                <![CDATA[900]]>
              </value>
            </param>
            <param index="9">
              <value>
                <![CDATA[20]]>
              </value>
            </param>
            <param index="10">
              <value>
                <![CDATA[]]>
              </value>
            </param>
            <param index="11">
              <value>
                <![CDATA[2000]]>
              </value>
            </param>
            <param index="12">
              <value>
                <![CDATA[1000]]>
              </value>
            </param>
            <param index="13">
              <value>
                <![CDATA[100]]>
              </value>
            </param>
            <param index="14">
              <value>
                <![CDATA[Yes]]>
              </value>
            </param>
            <param index="15">
              <value>
                <![CDATA[1]]>
              </value>
            </param>
            <param index="16">
              <value>
                <![CDATA[5]]>
              </value>
            </param>
            <param index="17">
              <value>
                <![CDATA[1000]]>
              </value>
            </param>
            <param index="18">
              <value>
                <![CDATA[600]]>
              </value>
            </param>
            <param index="19">
              <value>
                <![CDATA[200]]>
              </value>
            </param>
            <param index="20">
              <value>
                <![CDATA[Formula1-BCH]]>
              </value>
            </param>
          </params>
          <reporter-output>
            <line>
              <![CDATA[<b>Vehicle profit from test data 1200.0 added to otr cost price 58525.0</b> <br />]]>
            </line>
            <line>
              <![CDATA[<b>After adding profit to cost price 58525.0 sales price is shown as (considering VAT%) 59965.0</b> <br />]]>
            </line>
            <line>
              <![CDATA[<b>Vehicle profit verified</b> <br />]]>
            </line>
          </reporter-output>
        </test-method> <!-- aquisition_quotes_user_flow_broker_HPNR_vehicle_profit_check_test -->
        <test-method signature="aquisition_quotes_user_flow_broker_HPNR_balance_to_finance_check_test(java.lang.String,java.lang.String,java.lang.String,java.lang.String,java.lang.String,java.lang.String,java.lang.String,java.lang.String,java.lang.String,java.lang.String,java.lang.String,java.lang.String,java.lang.String,java.lang.String,java.lang.String,java.lang.String,java.lang.String,java.lang.String,java.lang.String,java.lang.String,java.lang.String)[pri:4, instance:com.amt.test.Acquisition_Quotes_Broker_HPNR_Test@242b836]" started-at="2022-11-11T16:05:52 IST" name="aquisition_quotes_user_flow_broker_HPNR_balance_to_finance_check_test" data-provider="testData" finished-at="2022-11-11T16:06:08 IST" depends-on-methods="com.amt.test.Acquisition_Quotes_Broker_HPNR_Test.aquisition_quotes_user_flow_broker_HPNR_vehicle_profit_check_test" duration-ms="16402" status="PASS">
          <params>
            <param index="0">
              <value>
                <![CDATA[AUDI]]>
              </value>
            </param>
            <param index="1">
              <value>
                <![CDATA[A7]]>
              </value>
            </param>
            <param index="2">
              <value>
                <![CDATA[1200]]>
              </value>
            </param>
            <param index="3">
              <value>
                <![CDATA[REF001]]>
              </value>
            </param>
            <param index="4">
              <value>
                <![CDATA[02/02/23]]>
              </value>
            </param>
            <param index="5">
              <value>
                <![CDATA[12]]>
              </value>
            </param>
            <param index="6">
              <value>
                <![CDATA[5000]]>
              </value>
            </param>
            <param index="7">
              <value>
                <![CDATA[3000]]>
              </value>
            </param>
            <param index="8">
              <value>
                <![CDATA[900]]>
              </value>
            </param>
            <param index="9">
              <value>
                <![CDATA[20]]>
              </value>
            </param>
            <param index="10">
              <value>
                <![CDATA[]]>
              </value>
            </param>
            <param index="11">
              <value>
                <![CDATA[2000]]>
              </value>
            </param>
            <param index="12">
              <value>
                <![CDATA[1000]]>
              </value>
            </param>
            <param index="13">
              <value>
                <![CDATA[100]]>
              </value>
            </param>
            <param index="14">
              <value>
                <![CDATA[Yes]]>
              </value>
            </param>
            <param index="15">
              <value>
                <![CDATA[1]]>
              </value>
            </param>
            <param index="16">
              <value>
                <![CDATA[5]]>
              </value>
            </param>
            <param index="17">
              <value>
                <![CDATA[1000]]>
              </value>
            </param>
            <param index="18">
              <value>
                <![CDATA[600]]>
              </value>
            </param>
            <param index="19">
              <value>
                <![CDATA[200]]>
              </value>
            </param>
            <param index="20">
              <value>
                <![CDATA[Formula1-BCH]]>
              </value>
            </param>
          </params>
          <reporter-output>
            <line>
              <![CDATA[<b>Funder quote added successfully</b> <br />]]>
            </line>
            <line>
              <![CDATA[<b>xxx -Please check Balance to finance value from customer quote summary</b> <br />]]>
            </line>
          </reporter-output>
        </test-method> <!-- aquisition_quotes_user_flow_broker_HPNR_balance_to_finance_check_test -->
        <test-method signature="aquisition_quotes_user_flow_broker_HPNR_quote_summary_values_verification_test(java.lang.String,java.lang.String,java.lang.String,java.lang.String,java.lang.String,java.lang.String,java.lang.String,java.lang.String,java.lang.String,java.lang.String,java.lang.String,java.lang.String,java.lang.String,java.lang.String,java.lang.String,java.lang.String,java.lang.String,java.lang.String,java.lang.String,java.lang.String,java.lang.String)[pri:5, instance:com.amt.test.Acquisition_Quotes_Broker_HPNR_Test@242b836]" started-at="2022-11-11T16:06:08 IST" name="aquisition_quotes_user_flow_broker_HPNR_quote_summary_values_verification_test" data-provider="testData" finished-at="2022-11-11T16:06:41 IST" depends-on-methods="com.amt.test.Acquisition_Quotes_Broker_HPNR_Test.aquisition_quotes_user_flow_broker_HPNR_balance_to_finance_check_test" duration-ms="33049" status="PASS">
          <params>
            <param index="0">
              <value>
                <![CDATA[AUDI]]>
              </value>
            </param>
            <param index="1">
              <value>
                <![CDATA[A7]]>
              </value>
            </param>
            <param index="2">
              <value>
                <![CDATA[1200]]>
              </value>
            </param>
            <param index="3">
              <value>
                <![CDATA[REF001]]>
              </value>
            </param>
            <param index="4">
              <value>
                <![CDATA[02/02/23]]>
              </value>
            </param>
            <param index="5">
              <value>
                <![CDATA[12]]>
              </value>
            </param>
            <param index="6">
              <value>
                <![CDATA[5000]]>
              </value>
            </param>
            <param index="7">
              <value>
                <![CDATA[3000]]>
              </value>
            </param>
            <param index="8">
              <value>
                <![CDATA[900]]>
              </value>
            </param>
            <param index="9">
              <value>
                <![CDATA[20]]>
              </value>
            </param>
            <param index="10">
              <value>
                <![CDATA[]]>
              </value>
            </param>
            <param index="11">
              <value>
                <![CDATA[2000]]>
              </value>
            </param>
            <param index="12">
              <value>
                <![CDATA[1000]]>
              </value>
            </param>
            <param index="13">
              <value>
                <![CDATA[100]]>
              </value>
            </param>
            <param index="14">
              <value>
                <![CDATA[Yes]]>
              </value>
            </param>
            <param index="15">
              <value>
                <![CDATA[1]]>
              </value>
            </param>
            <param index="16">
              <value>
                <![CDATA[5]]>
              </value>
            </param>
            <param index="17">
              <value>
                <![CDATA[1000]]>
              </value>
            </param>
            <param index="18">
              <value>
                <![CDATA[600]]>
              </value>
            </param>
            <param index="19">
              <value>
                <![CDATA[200]]>
              </value>
            </param>
            <param index="20">
              <value>
                <![CDATA[Formula1-BCH]]>
              </value>
            </param>
          </params>
          <reporter-output>
            <line>
              <![CDATA[<b>*************Calculations for Quote Summary page gas been started************</b> <br />]]>
            </line>
            <line>
              <![CDATA[<b>Reading values from sceen -Quote Summary Page</b> <br />]]>
            </line>
            <line>
              <![CDATA[<b>Getting values from screen</b> <br />]]>
            </line>
            <line>
              <![CDATA[<b>Quote_summary_cost_otr_price =58,525.00</b> <br />]]>
            </line>
            <line>
              <![CDATA[<b>Customer contract_type =Hire Purchase Non-Regulated</b> <br />]]>
            </line>
            <line>
              <![CDATA[<b>Reading values from excel sheet to compare it with quote summary on screen values</b> <br />]]>
            </line>
            <line>
              <![CDATA[<b>Comparing excel values with actual values on screen</b> <br />]]>
            </line>
            <line>
              <![CDATA[<b>OTR price compared</b> <br />]]>
            </line>
          </reporter-output>
        </test-method> <!-- aquisition_quotes_user_flow_broker_HPNR_quote_summary_values_verification_test -->
      </class> <!-- com.amt.test.Acquisition_Quotes_Broker_HPNR_Test -->
    </test> <!-- Default test -->
  </suite> <!-- Default suite -->
</testng-results>
