<?xml version="1.0" encoding="UTF-8"?>
<testng-results ignored="0" total="6" passed="6" failed="0" skipped="0">
  <reporter-output>
    <line>
      <![CDATA[<b>Clicked on Quote button </b> <br />]]>
    </line>
    <line>
      <![CDATA[<b>Manufacture =AUDI has been selected</b> <br />]]>
    </line>
    <line>
      <![CDATA[<b>Model range =A7 has been selected</b> <br />]]>
    </line>
    <line>
      <![CDATA[<b>Vehicle has been selected</b> <br />]]>
    </line>
    <line>
      <![CDATA[<b>Paint option has been selected</b> <br />]]>
    </line>
    <line>
      <![CDATA[<b>Interior option has been selected</b> <br />]]>
    </line>
    <line>
      <![CDATA[<b> Acquisition Contract type option = HPNR has been selected</b> <br />]]>
    </line>
    <line>
      <![CDATA[<b> Customer Contract type option = Finance Lease(FL) has been selected</b> <br />]]>
    </line>
    <line>
      <![CDATA[<b>Getting Basic Price- Vehicle value is  =46854.17</b> <br />]]>
    </line>
    <line>
      <![CDATA[<b>Getting Basic Price - Paint  value is  =0.00</b> <br />]]>
    </line>
    <line>
      <![CDATA[<b>Getting  Basic Price - Options value is   =833.33</b> <br />]]>
    </line>
    <line>
      <![CDATA[<b>Getting Discount- Vehicle value is  =0.00</b> <br />]]>
    </line>
    <line>
      <![CDATA[<b>Getting   Discount - Paint value is   =0.00</b> <br />]]>
    </line>
    <line>
      <![CDATA[<b>Getting  Discount- Options value is   =0.00</b> <br />]]>
    </line>
    <line>
      <![CDATA[<b>Getting Additional Discount- Vehicle value is  =0.00</b> <br />]]>
    </line>
    <line>
      <![CDATA[<b>Getting  Additional Discount - paint value is  =0.00</b> <br />]]>
    </line>
    <line>
      <![CDATA[<b>Getting  Additional Discount - Options value is  =0.00</b> <br />]]>
    </line>
    <line>
      <![CDATA[<b>Writing OTR table values to excel sheet -Started </b> <br />]]>
    </line>
    <line>
      <![CDATA[<b>Writing OTR table values to excel sheet -Completed </b> <br />]]>
    </line>
    <line>
      <![CDATA[<b>Reading Subtotal After Discount from excel sheet -Started </b> <br />]]>
    </line>
    <line>
      <![CDATA[<b>Reading Subtotal After Discount from excel sheet -Started </b> <br />]]>
    </line>
    <line>
      <![CDATA[<b>Subtotal After Discount from excel sheet is =47687.5</b> <br />]]>
    </line>
    <line>
      <![CDATA[<b>Subtotal after discount actual value from screen =£ 47,687.50</b> <br />]]>
    </line>
    <line>
      <![CDATA[<b>*********Calculations for On Road Price has been started***********</b> <br />]]>
    </line>
    <line>
      <![CDATA[<b>Started getting On screen values from after discount table </b> <br />]]>
    </line>
    <line>
      <![CDATA[<b>Manufacture_delivery_charges =550.0</b> <br />]]>
    </line>
    <line>
      <![CDATA[<b>Road_tax_first_year =585.0</b> <br />]]>
    </line>
    <line>
      <![CDATA[<b>First_registration_fee =55.0</b> <br />]]>
    </line>
    <line>
      <![CDATA[<b>Rebate =0.0</b> <br />]]>
    </line>
    <line>
      <![CDATA[<b>Writing After discount values to excel has been started</b> <br />]]>
    </line>
    <line>
      <![CDATA[<b>Writing After discount values to excel has been completed</b> <br />]]>
    </line>
    <line>
      <![CDATA[<b>Reading On Road Price for invoice from excel has been Started</b> <br />]]>
    </line>
    <line>
      <![CDATA[<b>Reading On Road Price for invoice from excel has been completed</b> <br />]]>
    </line>
    <line>
      <![CDATA[<b>Expected on the road price from excel is =58525.0</b> <br />]]>
    </line>
    <line>
      <![CDATA[<b>Actual on the road price from screen is =58525.00</b> <br />]]>
    </line>
    <line>
      <![CDATA[<b>Verification of OTR price for calculation after adding other support value has been started</b> <br />]]>
    </line>
    <line>
      <![CDATA[<b>Writing other support value to Excel has been started</b> <br />]]>
    </line>
    <line>
      <![CDATA[<b>Writing other support value to Excel has been ended</b> <br />]]>
    </line>
    <line>
      <![CDATA[<b>OTR price for calculation after adding other support found OK</b> <br />]]>
    </line>
    <line>
      <![CDATA[<b>Verification of OTR price for calculation after adding other support value has been ended</b> <br />]]>
    </line>
    <line>
      <![CDATA[<b>***********Entered in holding cost page ***********</b> <br />]]>
    </line>
    <line>
      <![CDATA[<b>Clicked on holding cost summary</b> <br />]]>
    </line>
    <line>
      <![CDATA[<b>Clicked on holding_cost_maintenance_toggle_button</b> <br />]]>
    </line>
    <line>
      <![CDATA[<b></b> <br />]]>
    </line>
    <line>
      <![CDATA[<b>***Verifying Holding Cost before editing CAP data*** </b> <br />]]>
    </line>
    <line>
      <![CDATA[<b>Getting on screen values from Holding Cost Page</b> <br />]]>
    </line>
    <line>
      <![CDATA[<b>Duration(Terms) =36.0</b> <br />]]>
    </line>
    <line>
      <![CDATA[<b>Annual_mileage =10000.0</b> <br />]]>
    </line>
    <line>
      <![CDATA[<b>Residual_value_from_screen =27500.0</b> <br />]]>
    </line>
    <line>
      <![CDATA[<b>Writing Holding Cost Summary values to excel has been started</b> <br />]]>
    </line>
    <line>
      <![CDATA[<b>Writing Holding Cost Summary values to excel has been completed</b> <br />]]>
    </line>
    <line>
      <![CDATA[<b>Reading Monthly Holding Cost value from excel has been started</b> <br />]]>
    </line>
    <line>
      <![CDATA[<b>Reading Monthly Holding Cost value from excel has been completed</b> <br />]]>
    </line>
    <line>
      <![CDATA[<b>Total_monthly_holding_cost_from_screen =946.93</b> <br />]]>
    </line>
    <line>
      <![CDATA[<b>Total_monthly_holding_cost_from_excel =946.9346252406662</b> <br />]]>
    </line>
    <line>
      <![CDATA[<b>Total Monthly Holding Cost based on CAP data is Verified and Found OK</b> <br />]]>
    </line>
    <line>
      <![CDATA[<b>Writing configuration values from property file to Excel for customer quote calculation -started</b> <br />]]>
    </line>
    <line>
      <![CDATA[<b>Writing configuration values from property file to Excel for customer quote calculation -completed</b> <br />]]>
    </line>
    <line>
      <![CDATA[<b>************Calculations for Customer Quote Page has been started***********</b> <br />]]>
    </line>
    <line>
      <![CDATA[<b>Payment Profile Monthly in Advance option has been selected</b> <br />]]>
    </line>
    <line>
      <![CDATA[<b>Writing values to Excel for customer quote calculation -started</b> <br />]]>
    </line>
    <line>
      <![CDATA[<b>Writing values to Excel for customer quote calculation -completed</b> <br />]]>
    </line>
    <line>
      <![CDATA[<b>Reading  Monthly Finance Rental and monthly maintenance cost from  Excel   -started</b> <br />]]>
    </line>
    <line>
      <![CDATA[<b>Reading  Monthly Finance Rental and monthly maintenance cost from  Excel  -completed</b> <br />]]>
    </line>
    <line>
      <![CDATA[<b>Monthly Finance Rental from Excel is =1118.2144320252332</b> <br />]]>
    </line>
    <line>
      <![CDATA[<b>Monthly maintenance Rental from Excel is =34.3333333333333</b> <br />]]>
    </line>
    <line>
      <![CDATA[<b>Monthly Finance Rental from screen is =1118.21</b> <br />]]>
    </line>
    <line>
      <![CDATA[<b>Monthly maintenance Rental from screen is =34.33</b> <br />]]>
    </line>
    <line>
      <![CDATA[<b>Monthly Finance Rental from screen (after submitting upsell values) is 1130.66</b> <br />]]>
    </line>
    <line>
      <![CDATA[<b>Monthly Mainte. Rental from screen ((after submitting upsell values) is 34.33</b> <br />]]>
    </line>
    <line>
      <![CDATA[<b>Writing upsell values to excel</b> <br />]]>
    </line>
    <line>
      <![CDATA[<b>Monthly Finance Rental from Excel (after submitting upsell values) is 1130.664693231714</b> <br />]]>
    </line>
    <line>
      <![CDATA[<b>Monthly Mainte. Rental from Excel ((after submitting upsell values) is 34.3333333333333</b> <br />]]>
    </line>
    <line>
      <![CDATA[<b>Monthly finance and maint. rental (after submitting upsell values) is found OK</b> <br />]]>
    </line>
    <line>
      <![CDATA[<b>Clicked on Part Exchange panel</b> <br />]]>
    </line>
    <line>
      <![CDATA[<b>Monthly Finance Rental from screen (after making part exchange toggle on) is 1019.55</b> <br />]]>
    </line>
    <line>
      <![CDATA[<b>Monthly Mainte. Rental from screen (after making part exchange toggle on) is 34.33</b> <br />]]>
    </line>
    <line>
      <![CDATA[<b>Writing part exchange values to excel</b> <br />]]>
    </line>
    <line>
      <![CDATA[<b>Monthly Finance Rental from Excel (after making part exchange toggle on) is 1019.5535821206028</b> <br />]]>
    </line>
    <line>
      <![CDATA[<b>Monthly Mainte. Rental from Excel (after making part exchange toggle on) is 34.3333333333333</b> <br />]]>
    </line>
    <line>
      <![CDATA[<b>Monthly finance and maint. rental (after makking part exchage toggle on) is found OK</b> <br />]]>
    </line>
    <line>
      <![CDATA[<b></b> <br />]]>
    </line>
    <line>
      <![CDATA[<b>***********Checking Monthly Payment values with Balloon Payment ON / OFF***********</b> <br />]]>
    </line>
    <line>
      <![CDATA[<b>Clicked on  - With Balloon Toggle</b> <br />]]>
    </line>
    <line>
      <![CDATA[<b>Monthly Finance Rental from screen (after making With Balloon toggle OFF) is 1710.66</b> <br />]]>
    </line>
    <line>
      <![CDATA[<b>Monthly Mainte. Rental from screen (after making With Balloon toggle OFF) is 34.33</b> <br />]]>
    </line>
    <line>
      <![CDATA[<b>Monthly Finance Rental from excel (after making With Balloon toggle OFF) is 1710.6624479065779</b> <br />]]>
    </line>
    <line>
      <![CDATA[<b>Monthly Mainte. Rental from excel (after making With Balloon toggle OFF) is 34.3333333333333</b> <br />]]>
    </line>
    <line>
      <![CDATA[<b>Monthly finance and maint. rental (after making With Balloon toggle OFF) is found OK</b> <br />]]>
    </line>
    <line>
      <![CDATA[<b>Monthly Finance Rental from screen (after updating customer quote summary upsell value) is 1136.89</b> <br />]]>
    </line>
    <line>
      <![CDATA[<b>Monthly Mainte. Rental from screen (after updating customer quote summary upsell value) is 34.33</b> <br />]]>
    </line>
    <line>
      <![CDATA[<b>Writing upsell values to excel</b> <br />]]>
    </line>
    <line>
      <![CDATA[<b>Monthly Finance Rental from Excel (after updating customer quote summary upsell value) is 1136.8898238349527</b> <br />]]>
    </line>
    <line>
      <![CDATA[<b>Monthly Mainte. Rental from Excel (after updating customer quote summary upsell value) is 34.3333333333333</b> <br />]]>
    </line>
    <line>
      <![CDATA[<b>Monthly finance and maint. rental (after updating customer quote summary upsell value) is found OK</b> <br />]]>
    </line>
    <line>
      <![CDATA[<b>*************OTR Calulation on quote summary page has been started************</b> <br />]]>
    </line>
    <line>
      <![CDATA[<b>Reading values from OTR calculation -Quote Summary Page</b> <br />]]>
    </line>
    <line>
      <![CDATA[<b>OTR_calculation_cost_otr_price_from_screen =58525.0</b> <br />]]>
    </line>
    <line>
      <![CDATA[<b>OTR_calculation_cost_price_ex_vat_and_rfl_from_screen =48237.5</b> <br />]]>
    </line>
    <line>
      <![CDATA[<b>OTR_calculation_otr_vat_from_screen =9647.5</b> <br />]]>
    </line>
    <line>
      <![CDATA[<b>OTR_calculation_otr_rfl_and_frf_from_screen =640.0</b> <br />]]>
    </line>
    <line>
      <![CDATA[<b>OTR price compared</b> <br />]]>
    </line>
    <line>
      <![CDATA[<b>Cost price ex vat and rfl compared</b> <br />]]>
    </line>
    <line>
      <![CDATA[<b>VAT compared</b> <br />]]>
    </line>
    <line>
      <![CDATA[<b>RFL & FRF compared</b> <br />]]>
    </line>
    <line>
      <![CDATA[<b>*************Holding Cost Calulation on quote summary page has been started************</b> <br />]]>
    </line>
    <line>
      <![CDATA[<b>Reading values from Holding Cost summary -Quote Summary Page</b> <br />]]>
    </line>
    <line>
      <![CDATA[<b>holding_cost_terms_from_screen 36.0</b> <br />]]>
    </line>
    <line>
      <![CDATA[<b>holding_cost_miles_per_annum_from_screen 10000.0</b> <br />]]>
    </line>
    <line>
      <![CDATA[<b>holding_cost_monthly_finance_cost_from_screen 918.32</b> <br />]]>
    </line>
    <line>
      <![CDATA[<b>holding_cost_monthly_maint_cost_used_from_screen 28.61</b> <br />]]>
    </line>
    <line>
      <![CDATA[<b>holding_cost_CAP_monthly_maint_cost_from_screen28.61</b> <br />]]>
    </line>
    <line>
      <![CDATA[<b>holding_cost_total_monthly_holding_cost_from_screen =946.93</b> <br />]]>
    </line>
    <line>
      <![CDATA[<b>terms compared</b> <br />]]>
    </line>
    <line>
      <![CDATA[<b>Miles per annum compared</b> <br />]]>
    </line>
    <line>
      <![CDATA[<b>Finance cost compared</b> <br />]]>
    </line>
    <line>
      <![CDATA[<b>Maint cost used  compared</b> <br />]]>
    </line>
    <line>
      <![CDATA[<b>Total Monthly Holding Cost compared</b> <br />]]>
    </line>
    <line>
      <![CDATA[<b>*************Calculations for Customer Quote Summary on Quote Summary page has been started************</b> <br />]]>
    </line>
    <line>
      <![CDATA[<b>Terms found OK</b> <br />]]>
    </line>
    <line>
      <![CDATA[<b>miles found OK</b> <br />]]>
    </line>
    <line>
      <![CDATA[<b>Monthly Finance Rental found OK</b> <br />]]>
    </line>
    <line>
      <![CDATA[<b>Monthly Maintenance Rental found OK</b> <br />]]>
    </line>
    <line>
      <![CDATA[<b>Initial Finance Rental found OK</b> <br />]]>
    </line>
    <line>
      <![CDATA[<b>Initial Maint Rental found OK</b> <br />]]>
    </line>
    <line>
      <![CDATA[<b>Initial Total Rental found OK</b> <br />]]>
    </line>
    <line>
      <![CDATA[<b>Part Exchange Value - found OK</b> <br />]]>
    </line>
    <line>
      <![CDATA[<b>Followed By months - found OK</b> <br />]]>
    </line>
    <line>
      <![CDATA[<b>Pence per excess mile finance - found OK</b> <br />]]>
    </line>
    <line>
      <![CDATA[<b>Pence per excess mile Maintenance - found OK</b> <br />]]>
    </line>
    <line>
      <![CDATA[<b>Pence per excess mile total - found OK</b> <br />]]>
    </line>
    <line>
      <![CDATA[<b>Document Fee - found OK</b> <br />]]>
    </line>
    <line>
      <![CDATA[<b>Upsell - found OK</b> <br />]]>
    </line>
    <line>
      <![CDATA[<b>Default Finance Commission - found OK</b> <br />]]>
    </line>
    <line>
      <![CDATA[<b>Upsell Commission - found OK</b> <br />]]>
    </line>
    <line>
      <![CDATA[<b>Maintenance Commission - found OK</b> <br />]]>
    </line>
    <line>
      <![CDATA[<b>Document Fee Commission - found OK</b> <br />]]>
    </line>
    <line>
      <![CDATA[<b>Total Commission - found OK</b> <br />]]>
    </line>
    <line>
      <![CDATA[<b>Referrer Commission - found OK</b> <br />]]>
    </line>
    <line>
      <![CDATA[<b>*************Configuration Values Verification on quote summary page has been started************</b> <br />]]>
    </line>
    <line>
      <![CDATA[<b>Base Interest Rate found OK</b> <br />]]>
    </line>
    <line>
      <![CDATA[<b>Finance Margin found OK</b> <br />]]>
    </line>
    <line>
      <![CDATA[<b>Deductions found OK</b> <br />]]>
    </line>
    <line>
      <![CDATA[<b>Additional Margin found OK</b> <br />]]>
    </line>
    <line>
      <![CDATA[<b>Total Margin found OK</b> <br />]]>
    </line>
    <line>
      <![CDATA[<b>Default Broker Margin percentage found OK</b> <br />]]>
    </line>
    <line>
      <![CDATA[<b>Broker Upsell Margin percentage found OK</b> <br />]]>
    </line>
    <line>
      <![CDATA[<b>Broker Upsell Margin  found OK</b> <br />]]>
    </line>
    <line>
      <![CDATA[<b>Maintenance Margin  found OK</b> <br />]]>
    </line>
    <line>
      <![CDATA[<b>Document Fee Margin  found OK</b> <br />]]>
    </line>
    <line>
      <![CDATA[<b>Refferer Margin  found OK</b> <br />]]>
    </line>
    <line>
      <![CDATA[<b>*********Customer Quote generated successfully and Quote_ref_no is=IYT79672</b> <br />]]>
    </line>
    <line>
      <![CDATA[<b>*************OTR Calulation on quote summary page has been started************</b> <br />]]>
    </line>
    <line>
      <![CDATA[<b>Reading values from OTR calculation -Quote Summary Page</b> <br />]]>
    </line>
    <line>
      <![CDATA[<b>OTR_calculation_cost_otr_price_from_screen =58525.0</b> <br />]]>
    </line>
    <line>
      <![CDATA[<b>OTR_calculation_cost_price_ex_vat_and_rfl_from_screen =48237.5</b> <br />]]>
    </line>
    <line>
      <![CDATA[<b>OTR_calculation_otr_vat_from_screen =9647.5</b> <br />]]>
    </line>
    <line>
      <![CDATA[<b>OTR_calculation_otr_rfl_and_frf_from_screen =640.0</b> <br />]]>
    </line>
    <line>
      <![CDATA[<b>OTR price compared</b> <br />]]>
    </line>
    <line>
      <![CDATA[<b>Cost price ex vat and rfl compared</b> <br />]]>
    </line>
    <line>
      <![CDATA[<b>VAT compared</b> <br />]]>
    </line>
    <line>
      <![CDATA[<b>RFL & FRF compared</b> <br />]]>
    </line>
    <line>
      <![CDATA[<b>*************Holding Cost Calulation on quote summary page has been started************</b> <br />]]>
    </line>
    <line>
      <![CDATA[<b>Reading values from Holding Cost summary -Quote Summary Page</b> <br />]]>
    </line>
    <line>
      <![CDATA[<b>holding_cost_terms_from_screen 36.0</b> <br />]]>
    </line>
    <line>
      <![CDATA[<b>holding_cost_miles_per_annum_from_screen 10000.0</b> <br />]]>
    </line>
    <line>
      <![CDATA[<b>holding_cost_monthly_finance_cost_from_screen 918.32</b> <br />]]>
    </line>
    <line>
      <![CDATA[<b>holding_cost_monthly_maint_cost_used_from_screen 28.61</b> <br />]]>
    </line>
    <line>
      <![CDATA[<b>holding_cost_CAP_monthly_maint_cost_from_screen28.61</b> <br />]]>
    </line>
    <line>
      <![CDATA[<b>holding_cost_total_monthly_holding_cost_from_screen =946.93</b> <br />]]>
    </line>
    <line>
      <![CDATA[<b>terms compared</b> <br />]]>
    </line>
    <line>
      <![CDATA[<b>Miles per annum compared</b> <br />]]>
    </line>
    <line>
      <![CDATA[<b>Finance cost compared</b> <br />]]>
    </line>
    <line>
      <![CDATA[<b>Maint cost used  compared</b> <br />]]>
    </line>
    <line>
      <![CDATA[<b>Total Monthly Holding Cost compared</b> <br />]]>
    </line>
    <line>
      <![CDATA[<b>*************Calculations for Customer Quote Summary on Quote Summary page has been started************</b> <br />]]>
    </line>
    <line>
      <![CDATA[<b>Terms found OK</b> <br />]]>
    </line>
    <line>
      <![CDATA[<b>miles found OK</b> <br />]]>
    </line>
    <line>
      <![CDATA[<b>Monthly Finance Rental found OK</b> <br />]]>
    </line>
    <line>
      <![CDATA[<b>Monthly Maintenance Rental found OK</b> <br />]]>
    </line>
    <line>
      <![CDATA[<b>Initial Finance Rental found OK</b> <br />]]>
    </line>
    <line>
      <![CDATA[<b>Initial Maint Rental found OK</b> <br />]]>
    </line>
    <line>
      <![CDATA[<b>Initial Total Rental found OK</b> <br />]]>
    </line>
    <line>
      <![CDATA[<b>Part Exchange Value - found OK</b> <br />]]>
    </line>
    <line>
      <![CDATA[<b>Followed By months - found OK</b> <br />]]>
    </line>
    <line>
      <![CDATA[<b>Pence per excess mile finance - found OK</b> <br />]]>
    </line>
    <line>
      <![CDATA[<b>Pence per excess mile Maintenance - found OK</b> <br />]]>
    </line>
    <line>
      <![CDATA[<b>Pence per excess mile total - found OK</b> <br />]]>
    </line>
    <line>
      <![CDATA[<b>Document Fee - found OK</b> <br />]]>
    </line>
    <line>
      <![CDATA[<b>Upsell - found OK</b> <br />]]>
    </line>
    <line>
      <![CDATA[<b>Default Finance Commission - found OK</b> <br />]]>
    </line>
    <line>
      <![CDATA[<b>Upsell Commission - found OK</b> <br />]]>
    </line>
    <line>
      <![CDATA[<b>Maintenance Commission - found OK</b> <br />]]>
    </line>
    <line>
      <![CDATA[<b>Document Fee Commission - found OK</b> <br />]]>
    </line>
    <line>
      <![CDATA[<b>Total Commission - found OK</b> <br />]]>
    </line>
    <line>
      <![CDATA[<b>Referrer Commission - found OK</b> <br />]]>
    </line>
    <line>
      <![CDATA[<b>*************Configuration Values Verification on quote summary page has been started************</b> <br />]]>
    </line>
    <line>
      <![CDATA[<b>Base Interest Rate found OK</b> <br />]]>
    </line>
    <line>
      <![CDATA[<b>Finance Margin found OK</b> <br />]]>
    </line>
    <line>
      <![CDATA[<b>Deductions found OK</b> <br />]]>
    </line>
    <line>
      <![CDATA[<b>Additional Margin found OK</b> <br />]]>
    </line>
    <line>
      <![CDATA[<b>Total Margin found OK</b> <br />]]>
    </line>
    <line>
      <![CDATA[<b>Default Broker Margin percentage found OK</b> <br />]]>
    </line>
    <line>
      <![CDATA[<b>Broker Upsell Margin percentage found OK</b> <br />]]>
    </line>
    <line>
      <![CDATA[<b>Broker Upsell Margin  found OK</b> <br />]]>
    </line>
    <line>
      <![CDATA[<b>Maintenance Margin  found OK</b> <br />]]>
    </line>
    <line>
      <![CDATA[<b>Document Fee Margin  found OK</b> <br />]]>
    </line>
    <line>
      <![CDATA[<b>Refferer Margin  found OK</b> <br />]]>
    </line>
    <line>
      <![CDATA[<b>*************Editing Base Interest Rate and Verifying  Values on quote summary page has been started************</b> <br />]]>
    </line>
    <line>
      <![CDATA[<b>Base Interest Rate changed to 7.0 %</b> <br />]]>
    </line>
    <line>
      <![CDATA[<b>Holding Cost after changing Base Int. Rate -  found OK</b> <br />]]>
    </line>
    <line>
      <![CDATA[<b>Monthly Finance Rental after changing Base Int. Rate -  found OK</b> <br />]]>
    </line>
    <line>
      <![CDATA[<b>Initial Finance Rental found OK</b> <br />]]>
    </line>
    <line>
      <![CDATA[<b>Base Interest Rate changed to 6.5 %</b> <br />]]>
    </line>
    <line>
      <![CDATA[<b>*************Editing Fianance Margin and Verifying Values on quote summary page has been started************</b> <br />]]>
    </line>
    <line>
      <![CDATA[<b>Finance margin changed to 10000</b> <br />]]>
    </line>
    <line>
      <![CDATA[<b>Monthly Finance Rental after changing finance margin -  found OK</b> <br />]]>
    </line>
    <line>
      <![CDATA[<b>Initial Finance Rental found OK</b> <br />]]>
    </line>
    <line>
      <![CDATA[<b>*************Editing Maintenance Margin and Verifying Values on quote summary page has been started************</b> <br />]]>
    </line>
    <line>
      <![CDATA[<b>Maintenance margin changed to 30 %</b> <br />]]>
    </line>
    <line>
      <![CDATA[<b>Monthly Finance Rental after changing Maintenance margin -  found OK</b> <br />]]>
    </line>
    <line>
      <![CDATA[<b>Initial Maint Rental found OK</b> <br />]]>
    </line>
  </reporter-output>
  <suite started-at="2023-03-27T20:16:00 IST" name="Default suite" finished-at="2023-03-27T20:21:58 IST" duration-ms="358311">
    <groups>
    </groups>
    <test started-at="2023-03-27T20:16:00 IST" name="Default test" finished-at="2023-03-27T20:21:58 IST" duration-ms="358311">
      <class name="newCar.HPNR.Acquisition_Quotes_HPNR_FL_with_maintenance_Test">
        <test-method is-config="true" signature="setup()[pri:0, instance:newCar.HPNR.Acquisition_Quotes_HPNR_FL_with_maintenance_Test@2794eab6]" started-at="2023-03-27T20:16:00 IST" name="setup" finished-at="2023-03-27T20:16:18 IST" duration-ms="18318" status="PASS">
          <reporter-output>
          </reporter-output>
        </test-method> <!-- setup -->
        <test-method signature="aquisition_quotes_HPNR_FL_OTR_calculation_with_maintenance_test(java.lang.String,java.lang.String,java.lang.String,java.lang.String,java.lang.String,java.lang.String,java.lang.String,java.lang.String,java.lang.String,java.lang.String,java.lang.String,java.lang.String,java.lang.String,java.lang.String,java.lang.String,java.lang.String,java.lang.String,java.lang.String,java.lang.String,java.lang.String,java.lang.String,java.lang.String,java.lang.String,java.lang.String,java.lang.String)[pri:1, instance:newCar.HPNR.Acquisition_Quotes_HPNR_FL_with_maintenance_Test@2794eab6]" started-at="2023-03-27T20:16:19 IST" name="aquisition_quotes_HPNR_FL_OTR_calculation_with_maintenance_test" data-provider="testData" finished-at="2023-03-27T20:17:18 IST" duration-ms="58814" status="PASS">
          <params>
            <param index="0">
              <value>
                <![CDATA[AUDI]]>
              </value>
            </param>
            <param index="1">
              <value>
                <![CDATA[A7]]>
              </value>
            </param>
            <param index="2">
              <value>
                <![CDATA[0]]>
              </value>
            </param>
            <param index="3">
              <value>
                <![CDATA[0]]>
              </value>
            </param>
            <param index="4">
              <value>
                <![CDATA[150]]>
              </value>
            </param>
            <param index="5">
              <value>
                <![CDATA[100]]>
              </value>
            </param>
            <param index="6">
              <value>
                <![CDATA[100]]>
              </value>
            </param>
            <param index="7">
              <value>
                <![CDATA[20000]]>
              </value>
            </param>
            <param index="8">
              <value>
                <![CDATA[100]]>
              </value>
            </param>
            <param index="9">
              <value>
                <![CDATA[10000]]>
              </value>
            </param>
            <param index="10">
              <value>
                <![CDATA[6000]]>
              </value>
            </param>
            <param index="11">
              <value>
                <![CDATA[2000]]>
              </value>
            </param>
            <param index="12">
              <value>
                <![CDATA[1000]]>
              </value>
            </param>
            <param index="13">
              <value>
                <![CDATA[199.99]]>
              </value>
            </param>
            <param index="14">
              <value>
                <![CDATA[500]]>
              </value>
            </param>
            <param index="15">
              <value>
                <![CDATA[200]]>
              </value>
            </param>
            <param index="16">
              <value>
                <![CDATA[200]]>
              </value>
            </param>
            <param index="17">
              <value>
                <![CDATA[22]]>
              </value>
            </param>
            <param index="18">
              <value>
                <![CDATA[22000]]>
              </value>
            </param>
            <param index="19">
              <value>
                <![CDATA[YES]]>
              </value>
            </param>
            <param index="20">
              <value>
                <![CDATA[0.2]]>
              </value>
            </param>
            <param index="21">
              <value>
                <![CDATA[200]]>
              </value>
            </param>
            <param index="22">
              <value>
                <![CDATA[NO]]>
              </value>
            </param>
            <param index="23">
              <value>
                <![CDATA[0]]>
              </value>
            </param>
            <param index="24">
              <value>
                <![CDATA[Formula1-FL]]>
              </value>
            </param>
          </params>
          <reporter-output>
            <line>
              <![CDATA[<b>Clicked on Quote button </b> <br />]]>
            </line>
            <line>
              <![CDATA[<b>Manufacture =AUDI has been selected</b> <br />]]>
            </line>
            <line>
              <![CDATA[<b>Model range =A7 has been selected</b> <br />]]>
            </line>
            <line>
              <![CDATA[<b>Vehicle has been selected</b> <br />]]>
            </line>
            <line>
              <![CDATA[<b>Paint option has been selected</b> <br />]]>
            </line>
            <line>
              <![CDATA[<b>Interior option has been selected</b> <br />]]>
            </line>
            <line>
              <![CDATA[<b> Acquisition Contract type option = HPNR has been selected</b> <br />]]>
            </line>
            <line>
              <![CDATA[<b> Customer Contract type option = Finance Lease(FL) has been selected</b> <br />]]>
            </line>
            <line>
              <![CDATA[<b>Getting Basic Price- Vehicle value is  =46854.17</b> <br />]]>
            </line>
            <line>
              <![CDATA[<b>Getting Basic Price - Paint  value is  =0.00</b> <br />]]>
            </line>
            <line>
              <![CDATA[<b>Getting  Basic Price - Options value is   =833.33</b> <br />]]>
            </line>
            <line>
              <![CDATA[<b>Getting Discount- Vehicle value is  =0.00</b> <br />]]>
            </line>
            <line>
              <![CDATA[<b>Getting   Discount - Paint value is   =0.00</b> <br />]]>
            </line>
            <line>
              <![CDATA[<b>Getting  Discount- Options value is   =0.00</b> <br />]]>
            </line>
            <line>
              <![CDATA[<b>Getting Additional Discount- Vehicle value is  =0.00</b> <br />]]>
            </line>
            <line>
              <![CDATA[<b>Getting  Additional Discount - paint value is  =0.00</b> <br />]]>
            </line>
            <line>
              <![CDATA[<b>Getting  Additional Discount - Options value is  =0.00</b> <br />]]>
            </line>
            <line>
              <![CDATA[<b>Writing OTR table values to excel sheet -Started </b> <br />]]>
            </line>
            <line>
              <![CDATA[<b>Writing OTR table values to excel sheet -Completed </b> <br />]]>
            </line>
            <line>
              <![CDATA[<b>Reading Subtotal After Discount from excel sheet -Started </b> <br />]]>
            </line>
            <line>
              <![CDATA[<b>Reading Subtotal After Discount from excel sheet -Started </b> <br />]]>
            </line>
            <line>
              <![CDATA[<b>Subtotal After Discount from excel sheet is =47687.5</b> <br />]]>
            </line>
            <line>
              <![CDATA[<b>Subtotal after discount actual value from screen =£ 47,687.50</b> <br />]]>
            </line>
          </reporter-output>
        </test-method> <!-- aquisition_quotes_HPNR_FL_OTR_calculation_with_maintenance_test -->
        <test-method signature="aquisition_quotes_HPNR_FL_after_discount_calculations_with_maintenance_test(java.lang.String,java.lang.String,java.lang.String,java.lang.String,java.lang.String,java.lang.String,java.lang.String,java.lang.String,java.lang.String,java.lang.String,java.lang.String,java.lang.String,java.lang.String,java.lang.String,java.lang.String,java.lang.String,java.lang.String,java.lang.String,java.lang.String,java.lang.String,java.lang.String,java.lang.String,java.lang.String,java.lang.String,java.lang.String)[pri:2, instance:newCar.HPNR.Acquisition_Quotes_HPNR_FL_with_maintenance_Test@2794eab6]" started-at="2023-03-27T20:17:18 IST" name="aquisition_quotes_HPNR_FL_after_discount_calculations_with_maintenance_test" data-provider="testData" finished-at="2023-03-27T20:17:22 IST" depends-on-methods="newCar.HPNR.Acquisition_Quotes_HPNR_FL_with_maintenance_Test.aquisition_quotes_HPNR_FL_OTR_calculation_with_maintenance_test" duration-ms="3178" status="PASS">
          <params>
            <param index="0">
              <value>
                <![CDATA[AUDI]]>
              </value>
            </param>
            <param index="1">
              <value>
                <![CDATA[A7]]>
              </value>
            </param>
            <param index="2">
              <value>
                <![CDATA[0]]>
              </value>
            </param>
            <param index="3">
              <value>
                <![CDATA[0]]>
              </value>
            </param>
            <param index="4">
              <value>
                <![CDATA[150]]>
              </value>
            </param>
            <param index="5">
              <value>
                <![CDATA[100]]>
              </value>
            </param>
            <param index="6">
              <value>
                <![CDATA[100]]>
              </value>
            </param>
            <param index="7">
              <value>
                <![CDATA[20000]]>
              </value>
            </param>
            <param index="8">
              <value>
                <![CDATA[100]]>
              </value>
            </param>
            <param index="9">
              <value>
                <![CDATA[10000]]>
              </value>
            </param>
            <param index="10">
              <value>
                <![CDATA[6000]]>
              </value>
            </param>
            <param index="11">
              <value>
                <![CDATA[2000]]>
              </value>
            </param>
            <param index="12">
              <value>
                <![CDATA[1000]]>
              </value>
            </param>
            <param index="13">
              <value>
                <![CDATA[199.99]]>
              </value>
            </param>
            <param index="14">
              <value>
                <![CDATA[500]]>
              </value>
            </param>
            <param index="15">
              <value>
                <![CDATA[200]]>
              </value>
            </param>
            <param index="16">
              <value>
                <![CDATA[200]]>
              </value>
            </param>
            <param index="17">
              <value>
                <![CDATA[22]]>
              </value>
            </param>
            <param index="18">
              <value>
                <![CDATA[22000]]>
              </value>
            </param>
            <param index="19">
              <value>
                <![CDATA[YES]]>
              </value>
            </param>
            <param index="20">
              <value>
                <![CDATA[0.2]]>
              </value>
            </param>
            <param index="21">
              <value>
                <![CDATA[200]]>
              </value>
            </param>
            <param index="22">
              <value>
                <![CDATA[NO]]>
              </value>
            </param>
            <param index="23">
              <value>
                <![CDATA[0]]>
              </value>
            </param>
            <param index="24">
              <value>
                <![CDATA[Formula1-FL]]>
              </value>
            </param>
          </params>
          <reporter-output>
            <line>
              <![CDATA[<b>*********Calculations for On Road Price has been started***********</b> <br />]]>
            </line>
            <line>
              <![CDATA[<b>Started getting On screen values from after discount table </b> <br />]]>
            </line>
            <line>
              <![CDATA[<b>Manufacture_delivery_charges =550.0</b> <br />]]>
            </line>
            <line>
              <![CDATA[<b>Road_tax_first_year =585.0</b> <br />]]>
            </line>
            <line>
              <![CDATA[<b>First_registration_fee =55.0</b> <br />]]>
            </line>
            <line>
              <![CDATA[<b>Rebate =0.0</b> <br />]]>
            </line>
            <line>
              <![CDATA[<b>Writing After discount values to excel has been started</b> <br />]]>
            </line>
            <line>
              <![CDATA[<b>Writing After discount values to excel has been completed</b> <br />]]>
            </line>
            <line>
              <![CDATA[<b>Reading On Road Price for invoice from excel has been Started</b> <br />]]>
            </line>
            <line>
              <![CDATA[<b>Reading On Road Price for invoice from excel has been completed</b> <br />]]>
            </line>
            <line>
              <![CDATA[<b>Expected on the road price from excel is =58525.0</b> <br />]]>
            </line>
            <line>
              <![CDATA[<b>Actual on the road price from screen is =58525.00</b> <br />]]>
            </line>
          </reporter-output>
        </test-method> <!-- aquisition_quotes_HPNR_FL_after_discount_calculations_with_maintenance_test -->
        <test-method signature="aquisition_quotes_HPNR_FL_other_support_check_with_maintenance_test(java.lang.String,java.lang.String,java.lang.String,java.lang.String,java.lang.String,java.lang.String,java.lang.String,java.lang.String,java.lang.String,java.lang.String,java.lang.String,java.lang.String,java.lang.String,java.lang.String,java.lang.String,java.lang.String,java.lang.String,java.lang.String,java.lang.String,java.lang.String,java.lang.String,java.lang.String,java.lang.String,java.lang.String,java.lang.String)[pri:3, instance:newCar.HPNR.Acquisition_Quotes_HPNR_FL_with_maintenance_Test@2794eab6]" started-at="2023-03-27T20:17:22 IST" name="aquisition_quotes_HPNR_FL_other_support_check_with_maintenance_test" data-provider="testData" finished-at="2023-03-27T20:17:36 IST" depends-on-methods="newCar.HPNR.Acquisition_Quotes_HPNR_FL_with_maintenance_Test.aquisition_quotes_HPNR_FL_after_discount_calculations_with_maintenance_test" duration-ms="14529" status="PASS">
          <params>
            <param index="0">
              <value>
                <![CDATA[AUDI]]>
              </value>
            </param>
            <param index="1">
              <value>
                <![CDATA[A7]]>
              </value>
            </param>
            <param index="2">
              <value>
                <![CDATA[0]]>
              </value>
            </param>
            <param index="3">
              <value>
                <![CDATA[0]]>
              </value>
            </param>
            <param index="4">
              <value>
                <![CDATA[150]]>
              </value>
            </param>
            <param index="5">
              <value>
                <![CDATA[100]]>
              </value>
            </param>
            <param index="6">
              <value>
                <![CDATA[100]]>
              </value>
            </param>
            <param index="7">
              <value>
                <![CDATA[20000]]>
              </value>
            </param>
            <param index="8">
              <value>
                <![CDATA[100]]>
              </value>
            </param>
            <param index="9">
              <value>
                <![CDATA[10000]]>
              </value>
            </param>
            <param index="10">
              <value>
                <![CDATA[6000]]>
              </value>
            </param>
            <param index="11">
              <value>
                <![CDATA[2000]]>
              </value>
            </param>
            <param index="12">
              <value>
                <![CDATA[1000]]>
              </value>
            </param>
            <param index="13">
              <value>
                <![CDATA[199.99]]>
              </value>
            </param>
            <param index="14">
              <value>
                <![CDATA[500]]>
              </value>
            </param>
            <param index="15">
              <value>
                <![CDATA[200]]>
              </value>
            </param>
            <param index="16">
              <value>
                <![CDATA[200]]>
              </value>
            </param>
            <param index="17">
              <value>
                <![CDATA[22]]>
              </value>
            </param>
            <param index="18">
              <value>
                <![CDATA[22000]]>
              </value>
            </param>
            <param index="19">
              <value>
                <![CDATA[YES]]>
              </value>
            </param>
            <param index="20">
              <value>
                <![CDATA[0.2]]>
              </value>
            </param>
            <param index="21">
              <value>
                <![CDATA[200]]>
              </value>
            </param>
            <param index="22">
              <value>
                <![CDATA[NO]]>
              </value>
            </param>
            <param index="23">
              <value>
                <![CDATA[0]]>
              </value>
            </param>
            <param index="24">
              <value>
                <![CDATA[Formula1-FL]]>
              </value>
            </param>
          </params>
          <reporter-output>
            <line>
              <![CDATA[<b>Verification of OTR price for calculation after adding other support value has been started</b> <br />]]>
            </line>
            <line>
              <![CDATA[<b>Writing other support value to Excel has been started</b> <br />]]>
            </line>
            <line>
              <![CDATA[<b>Writing other support value to Excel has been ended</b> <br />]]>
            </line>
            <line>
              <![CDATA[<b>OTR price for calculation after adding other support found OK</b> <br />]]>
            </line>
            <line>
              <![CDATA[<b>Verification of OTR price for calculation after adding other support value has been ended</b> <br />]]>
            </line>
          </reporter-output>
        </test-method> <!-- aquisition_quotes_HPNR_FL_other_support_check_with_maintenance_test -->
        <test-method signature="aquisition_quotes_HPNR_FL_holding_cost_calculations_with_maintenance_test(java.lang.String,java.lang.String,java.lang.String,java.lang.String,java.lang.String,java.lang.String,java.lang.String,java.lang.String,java.lang.String,java.lang.String,java.lang.String,java.lang.String,java.lang.String,java.lang.String,java.lang.String,java.lang.String,java.lang.String,java.lang.String,java.lang.String,java.lang.String,java.lang.String,java.lang.String,java.lang.String,java.lang.String,java.lang.String)[pri:4, instance:newCar.HPNR.Acquisition_Quotes_HPNR_FL_with_maintenance_Test@2794eab6]" started-at="2023-03-27T20:17:37 IST" name="aquisition_quotes_HPNR_FL_holding_cost_calculations_with_maintenance_test" data-provider="testData" finished-at="2023-03-27T20:17:59 IST" depends-on-methods="newCar.HPNR.Acquisition_Quotes_HPNR_FL_with_maintenance_Test.aquisition_quotes_HPNR_FL_other_support_check_with_maintenance_test" duration-ms="22827" status="PASS">
          <params>
            <param index="0">
              <value>
                <![CDATA[AUDI]]>
              </value>
            </param>
            <param index="1">
              <value>
                <![CDATA[A7]]>
              </value>
            </param>
            <param index="2">
              <value>
                <![CDATA[0]]>
              </value>
            </param>
            <param index="3">
              <value>
                <![CDATA[0]]>
              </value>
            </param>
            <param index="4">
              <value>
                <![CDATA[150]]>
              </value>
            </param>
            <param index="5">
              <value>
                <![CDATA[100]]>
              </value>
            </param>
            <param index="6">
              <value>
                <![CDATA[100]]>
              </value>
            </param>
            <param index="7">
              <value>
                <![CDATA[20000]]>
              </value>
            </param>
            <param index="8">
              <value>
                <![CDATA[100]]>
              </value>
            </param>
            <param index="9">
              <value>
                <![CDATA[10000]]>
              </value>
            </param>
            <param index="10">
              <value>
                <![CDATA[6000]]>
              </value>
            </param>
            <param index="11">
              <value>
                <![CDATA[2000]]>
              </value>
            </param>
            <param index="12">
              <value>
                <![CDATA[1000]]>
              </value>
            </param>
            <param index="13">
              <value>
                <![CDATA[199.99]]>
              </value>
            </param>
            <param index="14">
              <value>
                <![CDATA[500]]>
              </value>
            </param>
            <param index="15">
              <value>
                <![CDATA[200]]>
              </value>
            </param>
            <param index="16">
              <value>
                <![CDATA[200]]>
              </value>
            </param>
            <param index="17">
              <value>
                <![CDATA[22]]>
              </value>
            </param>
            <param index="18">
              <value>
                <![CDATA[22000]]>
              </value>
            </param>
            <param index="19">
              <value>
                <![CDATA[YES]]>
              </value>
            </param>
            <param index="20">
              <value>
                <![CDATA[0.2]]>
              </value>
            </param>
            <param index="21">
              <value>
                <![CDATA[200]]>
              </value>
            </param>
            <param index="22">
              <value>
                <![CDATA[NO]]>
              </value>
            </param>
            <param index="23">
              <value>
                <![CDATA[0]]>
              </value>
            </param>
            <param index="24">
              <value>
                <![CDATA[Formula1-FL]]>
              </value>
            </param>
          </params>
          <reporter-output>
            <line>
              <![CDATA[<b>***********Entered in holding cost page ***********</b> <br />]]>
            </line>
            <line>
              <![CDATA[<b>Clicked on holding cost summary</b> <br />]]>
            </line>
            <line>
              <![CDATA[<b>Clicked on holding_cost_maintenance_toggle_button</b> <br />]]>
            </line>
            <line>
              <![CDATA[<b></b> <br />]]>
            </line>
            <line>
              <![CDATA[<b>***Verifying Holding Cost before editing CAP data*** </b> <br />]]>
            </line>
            <line>
              <![CDATA[<b>Getting on screen values from Holding Cost Page</b> <br />]]>
            </line>
            <line>
              <![CDATA[<b>Duration(Terms) =36.0</b> <br />]]>
            </line>
            <line>
              <![CDATA[<b>Annual_mileage =10000.0</b> <br />]]>
            </line>
            <line>
              <![CDATA[<b>Residual_value_from_screen =27500.0</b> <br />]]>
            </line>
            <line>
              <![CDATA[<b>Writing Holding Cost Summary values to excel has been started</b> <br />]]>
            </line>
            <line>
              <![CDATA[<b>Writing Holding Cost Summary values to excel has been completed</b> <br />]]>
            </line>
            <line>
              <![CDATA[<b>Reading Monthly Holding Cost value from excel has been started</b> <br />]]>
            </line>
            <line>
              <![CDATA[<b>Reading Monthly Holding Cost value from excel has been completed</b> <br />]]>
            </line>
            <line>
              <![CDATA[<b>Total_monthly_holding_cost_from_screen =946.93</b> <br />]]>
            </line>
            <line>
              <![CDATA[<b>Total_monthly_holding_cost_from_excel =946.9346252406662</b> <br />]]>
            </line>
            <line>
              <![CDATA[<b>Total Monthly Holding Cost based on CAP data is Verified and Found OK</b> <br />]]>
            </line>
          </reporter-output>
        </test-method> <!-- aquisition_quotes_HPNR_FL_holding_cost_calculations_with_maintenance_test -->
        <test-method signature="aquisition_quotes_HPNR_FL_customer_quote_payment_profile_calculations_with_maintenance_test(java.lang.String,java.lang.String,java.lang.String,java.lang.String,java.lang.String,java.lang.String,java.lang.String,java.lang.String,java.lang.String,java.lang.String,java.lang.String,java.lang.String,java.lang.String,java.lang.String,java.lang.String,java.lang.String,java.lang.String,java.lang.String,java.lang.String,java.lang.String,java.lang.String,java.lang.String,java.lang.String,java.lang.String,java.lang.String)[pri:5, instance:newCar.HPNR.Acquisition_Quotes_HPNR_FL_with_maintenance_Test@2794eab6]" started-at="2023-03-27T20:18:00 IST" name="aquisition_quotes_HPNR_FL_customer_quote_payment_profile_calculations_with_maintenance_test" data-provider="testData" finished-at="2023-03-27T20:19:17 IST" depends-on-methods="newCar.HPNR.Acquisition_Quotes_HPNR_FL_with_maintenance_Test.aquisition_quotes_HPNR_FL_holding_cost_calculations_with_maintenance_test" duration-ms="77699" status="PASS">
          <params>
            <param index="0">
              <value>
                <![CDATA[AUDI]]>
              </value>
            </param>
            <param index="1">
              <value>
                <![CDATA[A7]]>
              </value>
            </param>
            <param index="2">
              <value>
                <![CDATA[0]]>
              </value>
            </param>
            <param index="3">
              <value>
                <![CDATA[0]]>
              </value>
            </param>
            <param index="4">
              <value>
                <![CDATA[150]]>
              </value>
            </param>
            <param index="5">
              <value>
                <![CDATA[100]]>
              </value>
            </param>
            <param index="6">
              <value>
                <![CDATA[100]]>
              </value>
            </param>
            <param index="7">
              <value>
                <![CDATA[20000]]>
              </value>
            </param>
            <param index="8">
              <value>
                <![CDATA[100]]>
              </value>
            </param>
            <param index="9">
              <value>
                <![CDATA[10000]]>
              </value>
            </param>
            <param index="10">
              <value>
                <![CDATA[6000]]>
              </value>
            </param>
            <param index="11">
              <value>
                <![CDATA[2000]]>
              </value>
            </param>
            <param index="12">
              <value>
                <![CDATA[1000]]>
              </value>
            </param>
            <param index="13">
              <value>
                <![CDATA[199.99]]>
              </value>
            </param>
            <param index="14">
              <value>
                <![CDATA[500]]>
              </value>
            </param>
            <param index="15">
              <value>
                <![CDATA[200]]>
              </value>
            </param>
            <param index="16">
              <value>
                <![CDATA[200]]>
              </value>
            </param>
            <param index="17">
              <value>
                <![CDATA[22]]>
              </value>
            </param>
            <param index="18">
              <value>
                <![CDATA[22000]]>
              </value>
            </param>
            <param index="19">
              <value>
                <![CDATA[YES]]>
              </value>
            </param>
            <param index="20">
              <value>
                <![CDATA[0.2]]>
              </value>
            </param>
            <param index="21">
              <value>
                <![CDATA[200]]>
              </value>
            </param>
            <param index="22">
              <value>
                <![CDATA[NO]]>
              </value>
            </param>
            <param index="23">
              <value>
                <![CDATA[0]]>
              </value>
            </param>
            <param index="24">
              <value>
                <![CDATA[Formula1-FL]]>
              </value>
            </param>
          </params>
          <reporter-output>
            <line>
              <![CDATA[<b>Writing configuration values from property file to Excel for customer quote calculation -started</b> <br />]]>
            </line>
            <line>
              <![CDATA[<b>Writing configuration values from property file to Excel for customer quote calculation -completed</b> <br />]]>
            </line>
            <line>
              <![CDATA[<b>************Calculations for Customer Quote Page has been started***********</b> <br />]]>
            </line>
            <line>
              <![CDATA[<b>Payment Profile Monthly in Advance option has been selected</b> <br />]]>
            </line>
            <line>
              <![CDATA[<b>Writing values to Excel for customer quote calculation -started</b> <br />]]>
            </line>
            <line>
              <![CDATA[<b>Writing values to Excel for customer quote calculation -completed</b> <br />]]>
            </line>
            <line>
              <![CDATA[<b>Reading  Monthly Finance Rental and monthly maintenance cost from  Excel   -started</b> <br />]]>
            </line>
            <line>
              <![CDATA[<b>Reading  Monthly Finance Rental and monthly maintenance cost from  Excel  -completed</b> <br />]]>
            </line>
            <line>
              <![CDATA[<b>Monthly Finance Rental from Excel is =1118.2144320252332</b> <br />]]>
            </line>
            <line>
              <![CDATA[<b>Monthly maintenance Rental from Excel is =34.3333333333333</b> <br />]]>
            </line>
            <line>
              <![CDATA[<b>Monthly Finance Rental from screen is =1118.21</b> <br />]]>
            </line>
            <line>
              <![CDATA[<b>Monthly maintenance Rental from screen is =34.33</b> <br />]]>
            </line>
            <line>
              <![CDATA[<b>Monthly Finance Rental from screen (after submitting upsell values) is 1130.66</b> <br />]]>
            </line>
            <line>
              <![CDATA[<b>Monthly Mainte. Rental from screen ((after submitting upsell values) is 34.33</b> <br />]]>
            </line>
            <line>
              <![CDATA[<b>Writing upsell values to excel</b> <br />]]>
            </line>
            <line>
              <![CDATA[<b>Monthly Finance Rental from Excel (after submitting upsell values) is 1130.664693231714</b> <br />]]>
            </line>
            <line>
              <![CDATA[<b>Monthly Mainte. Rental from Excel ((after submitting upsell values) is 34.3333333333333</b> <br />]]>
            </line>
            <line>
              <![CDATA[<b>Monthly finance and maint. rental (after submitting upsell values) is found OK</b> <br />]]>
            </line>
            <line>
              <![CDATA[<b>Clicked on Part Exchange panel</b> <br />]]>
            </line>
            <line>
              <![CDATA[<b>Monthly Finance Rental from screen (after making part exchange toggle on) is 1019.55</b> <br />]]>
            </line>
            <line>
              <![CDATA[<b>Monthly Mainte. Rental from screen (after making part exchange toggle on) is 34.33</b> <br />]]>
            </line>
            <line>
              <![CDATA[<b>Writing part exchange values to excel</b> <br />]]>
            </line>
            <line>
              <![CDATA[<b>Monthly Finance Rental from Excel (after making part exchange toggle on) is 1019.5535821206028</b> <br />]]>
            </line>
            <line>
              <![CDATA[<b>Monthly Mainte. Rental from Excel (after making part exchange toggle on) is 34.3333333333333</b> <br />]]>
            </line>
            <line>
              <![CDATA[<b>Monthly finance and maint. rental (after makking part exchage toggle on) is found OK</b> <br />]]>
            </line>
            <line>
              <![CDATA[<b></b> <br />]]>
            </line>
            <line>
              <![CDATA[<b>***********Checking Monthly Payment values with Balloon Payment ON / OFF***********</b> <br />]]>
            </line>
            <line>
              <![CDATA[<b>Clicked on  - With Balloon Toggle</b> <br />]]>
            </line>
            <line>
              <![CDATA[<b>Monthly Finance Rental from screen (after making With Balloon toggle OFF) is 1710.66</b> <br />]]>
            </line>
            <line>
              <![CDATA[<b>Monthly Mainte. Rental from screen (after making With Balloon toggle OFF) is 34.33</b> <br />]]>
            </line>
            <line>
              <![CDATA[<b>Monthly Finance Rental from excel (after making With Balloon toggle OFF) is 1710.6624479065779</b> <br />]]>
            </line>
            <line>
              <![CDATA[<b>Monthly Mainte. Rental from excel (after making With Balloon toggle OFF) is 34.3333333333333</b> <br />]]>
            </line>
            <line>
              <![CDATA[<b>Monthly finance and maint. rental (after making With Balloon toggle OFF) is found OK</b> <br />]]>
            </line>
            <line>
              <![CDATA[<b>Monthly Finance Rental from screen (after updating customer quote summary upsell value) is 1136.89</b> <br />]]>
            </line>
            <line>
              <![CDATA[<b>Monthly Mainte. Rental from screen (after updating customer quote summary upsell value) is 34.33</b> <br />]]>
            </line>
            <line>
              <![CDATA[<b>Writing upsell values to excel</b> <br />]]>
            </line>
            <line>
              <![CDATA[<b>Monthly Finance Rental from Excel (after updating customer quote summary upsell value) is 1136.8898238349527</b> <br />]]>
            </line>
            <line>
              <![CDATA[<b>Monthly Mainte. Rental from Excel (after updating customer quote summary upsell value) is 34.3333333333333</b> <br />]]>
            </line>
            <line>
              <![CDATA[<b>Monthly finance and maint. rental (after updating customer quote summary upsell value) is found OK</b> <br />]]>
            </line>
          </reporter-output>
        </test-method> <!-- aquisition_quotes_HPNR_FL_customer_quote_payment_profile_calculations_with_maintenance_test -->
        <test-method signature="aquisition_quotes_HPNR_FL_quote_summary_values_verification_with_maintenance_test(java.lang.String,java.lang.String,java.lang.String,java.lang.String,java.lang.String,java.lang.String,java.lang.String,java.lang.String,java.lang.String,java.lang.String,java.lang.String,java.lang.String,java.lang.String,java.lang.String,java.lang.String,java.lang.String,java.lang.String,java.lang.String,java.lang.String,java.lang.String,java.lang.String,java.lang.String,java.lang.String,java.lang.String,java.lang.String)[pri:6, instance:newCar.HPNR.Acquisition_Quotes_HPNR_FL_with_maintenance_Test@2794eab6]" started-at="2023-03-27T20:19:17 IST" name="aquisition_quotes_HPNR_FL_quote_summary_values_verification_with_maintenance_test" data-provider="testData" finished-at="2023-03-27T20:21:58 IST" depends-on-methods="newCar.HPNR.Acquisition_Quotes_HPNR_FL_with_maintenance_Test.aquisition_quotes_HPNR_FL_customer_quote_payment_profile_calculations_with_maintenance_test" duration-ms="160873" status="PASS">
          <params>
            <param index="0">
              <value>
                <![CDATA[AUDI]]>
              </value>
            </param>
            <param index="1">
              <value>
                <![CDATA[A7]]>
              </value>
            </param>
            <param index="2">
              <value>
                <![CDATA[0]]>
              </value>
            </param>
            <param index="3">
              <value>
                <![CDATA[0]]>
              </value>
            </param>
            <param index="4">
              <value>
                <![CDATA[150]]>
              </value>
            </param>
            <param index="5">
              <value>
                <![CDATA[100]]>
              </value>
            </param>
            <param index="6">
              <value>
                <![CDATA[100]]>
              </value>
            </param>
            <param index="7">
              <value>
                <![CDATA[20000]]>
              </value>
            </param>
            <param index="8">
              <value>
                <![CDATA[100]]>
              </value>
            </param>
            <param index="9">
              <value>
                <![CDATA[10000]]>
              </value>
            </param>
            <param index="10">
              <value>
                <![CDATA[6000]]>
              </value>
            </param>
            <param index="11">
              <value>
                <![CDATA[2000]]>
              </value>
            </param>
            <param index="12">
              <value>
                <![CDATA[1000]]>
              </value>
            </param>
            <param index="13">
              <value>
                <![CDATA[199.99]]>
              </value>
            </param>
            <param index="14">
              <value>
                <![CDATA[500]]>
              </value>
            </param>
            <param index="15">
              <value>
                <![CDATA[200]]>
              </value>
            </param>
            <param index="16">
              <value>
                <![CDATA[200]]>
              </value>
            </param>
            <param index="17">
              <value>
                <![CDATA[22]]>
              </value>
            </param>
            <param index="18">
              <value>
                <![CDATA[22000]]>
              </value>
            </param>
            <param index="19">
              <value>
                <![CDATA[YES]]>
              </value>
            </param>
            <param index="20">
              <value>
                <![CDATA[0.2]]>
              </value>
            </param>
            <param index="21">
              <value>
                <![CDATA[200]]>
              </value>
            </param>
            <param index="22">
              <value>
                <![CDATA[NO]]>
              </value>
            </param>
            <param index="23">
              <value>
                <![CDATA[0]]>
              </value>
            </param>
            <param index="24">
              <value>
                <![CDATA[Formula1-FL]]>
              </value>
            </param>
          </params>
          <reporter-output>
            <line>
              <![CDATA[<b>*************OTR Calulation on quote summary page has been started************</b> <br />]]>
            </line>
            <line>
              <![CDATA[<b>Reading values from OTR calculation -Quote Summary Page</b> <br />]]>
            </line>
            <line>
              <![CDATA[<b>OTR_calculation_cost_otr_price_from_screen =58525.0</b> <br />]]>
            </line>
            <line>
              <![CDATA[<b>OTR_calculation_cost_price_ex_vat_and_rfl_from_screen =48237.5</b> <br />]]>
            </line>
            <line>
              <![CDATA[<b>OTR_calculation_otr_vat_from_screen =9647.5</b> <br />]]>
            </line>
            <line>
              <![CDATA[<b>OTR_calculation_otr_rfl_and_frf_from_screen =640.0</b> <br />]]>
            </line>
            <line>
              <![CDATA[<b>OTR price compared</b> <br />]]>
            </line>
            <line>
              <![CDATA[<b>Cost price ex vat and rfl compared</b> <br />]]>
            </line>
            <line>
              <![CDATA[<b>VAT compared</b> <br />]]>
            </line>
            <line>
              <![CDATA[<b>RFL & FRF compared</b> <br />]]>
            </line>
            <line>
              <![CDATA[<b>*************Holding Cost Calulation on quote summary page has been started************</b> <br />]]>
            </line>
            <line>
              <![CDATA[<b>Reading values from Holding Cost summary -Quote Summary Page</b> <br />]]>
            </line>
            <line>
              <![CDATA[<b>holding_cost_terms_from_screen 36.0</b> <br />]]>
            </line>
            <line>
              <![CDATA[<b>holding_cost_miles_per_annum_from_screen 10000.0</b> <br />]]>
            </line>
            <line>
              <![CDATA[<b>holding_cost_monthly_finance_cost_from_screen 918.32</b> <br />]]>
            </line>
            <line>
              <![CDATA[<b>holding_cost_monthly_maint_cost_used_from_screen 28.61</b> <br />]]>
            </line>
            <line>
              <![CDATA[<b>holding_cost_CAP_monthly_maint_cost_from_screen28.61</b> <br />]]>
            </line>
            <line>
              <![CDATA[<b>holding_cost_total_monthly_holding_cost_from_screen =946.93</b> <br />]]>
            </line>
            <line>
              <![CDATA[<b>terms compared</b> <br />]]>
            </line>
            <line>
              <![CDATA[<b>Miles per annum compared</b> <br />]]>
            </line>
            <line>
              <![CDATA[<b>Finance cost compared</b> <br />]]>
            </line>
            <line>
              <![CDATA[<b>Maint cost used  compared</b> <br />]]>
            </line>
            <line>
              <![CDATA[<b>Total Monthly Holding Cost compared</b> <br />]]>
            </line>
            <line>
              <![CDATA[<b>*************Calculations for Customer Quote Summary on Quote Summary page has been started************</b> <br />]]>
            </line>
            <line>
              <![CDATA[<b>Terms found OK</b> <br />]]>
            </line>
            <line>
              <![CDATA[<b>miles found OK</b> <br />]]>
            </line>
            <line>
              <![CDATA[<b>Monthly Finance Rental found OK</b> <br />]]>
            </line>
            <line>
              <![CDATA[<b>Monthly Maintenance Rental found OK</b> <br />]]>
            </line>
            <line>
              <![CDATA[<b>Initial Finance Rental found OK</b> <br />]]>
            </line>
            <line>
              <![CDATA[<b>Initial Maint Rental found OK</b> <br />]]>
            </line>
            <line>
              <![CDATA[<b>Initial Total Rental found OK</b> <br />]]>
            </line>
            <line>
              <![CDATA[<b>Part Exchange Value - found OK</b> <br />]]>
            </line>
            <line>
              <![CDATA[<b>Followed By months - found OK</b> <br />]]>
            </line>
            <line>
              <![CDATA[<b>Pence per excess mile finance - found OK</b> <br />]]>
            </line>
            <line>
              <![CDATA[<b>Pence per excess mile Maintenance - found OK</b> <br />]]>
            </line>
            <line>
              <![CDATA[<b>Pence per excess mile total - found OK</b> <br />]]>
            </line>
            <line>
              <![CDATA[<b>Document Fee - found OK</b> <br />]]>
            </line>
            <line>
              <![CDATA[<b>Upsell - found OK</b> <br />]]>
            </line>
            <line>
              <![CDATA[<b>Default Finance Commission - found OK</b> <br />]]>
            </line>
            <line>
              <![CDATA[<b>Upsell Commission - found OK</b> <br />]]>
            </line>
            <line>
              <![CDATA[<b>Maintenance Commission - found OK</b> <br />]]>
            </line>
            <line>
              <![CDATA[<b>Document Fee Commission - found OK</b> <br />]]>
            </line>
            <line>
              <![CDATA[<b>Total Commission - found OK</b> <br />]]>
            </line>
            <line>
              <![CDATA[<b>Referrer Commission - found OK</b> <br />]]>
            </line>
            <line>
              <![CDATA[<b>*************Configuration Values Verification on quote summary page has been started************</b> <br />]]>
            </line>
            <line>
              <![CDATA[<b>Base Interest Rate found OK</b> <br />]]>
            </line>
            <line>
              <![CDATA[<b>Finance Margin found OK</b> <br />]]>
            </line>
            <line>
              <![CDATA[<b>Deductions found OK</b> <br />]]>
            </line>
            <line>
              <![CDATA[<b>Additional Margin found OK</b> <br />]]>
            </line>
            <line>
              <![CDATA[<b>Total Margin found OK</b> <br />]]>
            </line>
            <line>
              <![CDATA[<b>Default Broker Margin percentage found OK</b> <br />]]>
            </line>
            <line>
              <![CDATA[<b>Broker Upsell Margin percentage found OK</b> <br />]]>
            </line>
            <line>
              <![CDATA[<b>Broker Upsell Margin  found OK</b> <br />]]>
            </line>
            <line>
              <![CDATA[<b>Maintenance Margin  found OK</b> <br />]]>
            </line>
            <line>
              <![CDATA[<b>Document Fee Margin  found OK</b> <br />]]>
            </line>
            <line>
              <![CDATA[<b>Refferer Margin  found OK</b> <br />]]>
            </line>
            <line>
              <![CDATA[<b>*********Customer Quote generated successfully and Quote_ref_no is=IYT79672</b> <br />]]>
            </line>
            <line>
              <![CDATA[<b>*************OTR Calulation on quote summary page has been started************</b> <br />]]>
            </line>
            <line>
              <![CDATA[<b>Reading values from OTR calculation -Quote Summary Page</b> <br />]]>
            </line>
            <line>
              <![CDATA[<b>OTR_calculation_cost_otr_price_from_screen =58525.0</b> <br />]]>
            </line>
            <line>
              <![CDATA[<b>OTR_calculation_cost_price_ex_vat_and_rfl_from_screen =48237.5</b> <br />]]>
            </line>
            <line>
              <![CDATA[<b>OTR_calculation_otr_vat_from_screen =9647.5</b> <br />]]>
            </line>
            <line>
              <![CDATA[<b>OTR_calculation_otr_rfl_and_frf_from_screen =640.0</b> <br />]]>
            </line>
            <line>
              <![CDATA[<b>OTR price compared</b> <br />]]>
            </line>
            <line>
              <![CDATA[<b>Cost price ex vat and rfl compared</b> <br />]]>
            </line>
            <line>
              <![CDATA[<b>VAT compared</b> <br />]]>
            </line>
            <line>
              <![CDATA[<b>RFL & FRF compared</b> <br />]]>
            </line>
            <line>
              <![CDATA[<b>*************Holding Cost Calulation on quote summary page has been started************</b> <br />]]>
            </line>
            <line>
              <![CDATA[<b>Reading values from Holding Cost summary -Quote Summary Page</b> <br />]]>
            </line>
            <line>
              <![CDATA[<b>holding_cost_terms_from_screen 36.0</b> <br />]]>
            </line>
            <line>
              <![CDATA[<b>holding_cost_miles_per_annum_from_screen 10000.0</b> <br />]]>
            </line>
            <line>
              <![CDATA[<b>holding_cost_monthly_finance_cost_from_screen 918.32</b> <br />]]>
            </line>
            <line>
              <![CDATA[<b>holding_cost_monthly_maint_cost_used_from_screen 28.61</b> <br />]]>
            </line>
            <line>
              <![CDATA[<b>holding_cost_CAP_monthly_maint_cost_from_screen28.61</b> <br />]]>
            </line>
            <line>
              <![CDATA[<b>holding_cost_total_monthly_holding_cost_from_screen =946.93</b> <br />]]>
            </line>
            <line>
              <![CDATA[<b>terms compared</b> <br />]]>
            </line>
            <line>
              <![CDATA[<b>Miles per annum compared</b> <br />]]>
            </line>
            <line>
              <![CDATA[<b>Finance cost compared</b> <br />]]>
            </line>
            <line>
              <![CDATA[<b>Maint cost used  compared</b> <br />]]>
            </line>
            <line>
              <![CDATA[<b>Total Monthly Holding Cost compared</b> <br />]]>
            </line>
            <line>
              <![CDATA[<b>*************Calculations for Customer Quote Summary on Quote Summary page has been started************</b> <br />]]>
            </line>
            <line>
              <![CDATA[<b>Terms found OK</b> <br />]]>
            </line>
            <line>
              <![CDATA[<b>miles found OK</b> <br />]]>
            </line>
            <line>
              <![CDATA[<b>Monthly Finance Rental found OK</b> <br />]]>
            </line>
            <line>
              <![CDATA[<b>Monthly Maintenance Rental found OK</b> <br />]]>
            </line>
            <line>
              <![CDATA[<b>Initial Finance Rental found OK</b> <br />]]>
            </line>
            <line>
              <![CDATA[<b>Initial Maint Rental found OK</b> <br />]]>
            </line>
            <line>
              <![CDATA[<b>Initial Total Rental found OK</b> <br />]]>
            </line>
            <line>
              <![CDATA[<b>Part Exchange Value - found OK</b> <br />]]>
            </line>
            <line>
              <![CDATA[<b>Followed By months - found OK</b> <br />]]>
            </line>
            <line>
              <![CDATA[<b>Pence per excess mile finance - found OK</b> <br />]]>
            </line>
            <line>
              <![CDATA[<b>Pence per excess mile Maintenance - found OK</b> <br />]]>
            </line>
            <line>
              <![CDATA[<b>Pence per excess mile total - found OK</b> <br />]]>
            </line>
            <line>
              <![CDATA[<b>Document Fee - found OK</b> <br />]]>
            </line>
            <line>
              <![CDATA[<b>Upsell - found OK</b> <br />]]>
            </line>
            <line>
              <![CDATA[<b>Default Finance Commission - found OK</b> <br />]]>
            </line>
            <line>
              <![CDATA[<b>Upsell Commission - found OK</b> <br />]]>
            </line>
            <line>
              <![CDATA[<b>Maintenance Commission - found OK</b> <br />]]>
            </line>
            <line>
              <![CDATA[<b>Document Fee Commission - found OK</b> <br />]]>
            </line>
            <line>
              <![CDATA[<b>Total Commission - found OK</b> <br />]]>
            </line>
            <line>
              <![CDATA[<b>Referrer Commission - found OK</b> <br />]]>
            </line>
            <line>
              <![CDATA[<b>*************Configuration Values Verification on quote summary page has been started************</b> <br />]]>
            </line>
            <line>
              <![CDATA[<b>Base Interest Rate found OK</b> <br />]]>
            </line>
            <line>
              <![CDATA[<b>Finance Margin found OK</b> <br />]]>
            </line>
            <line>
              <![CDATA[<b>Deductions found OK</b> <br />]]>
            </line>
            <line>
              <![CDATA[<b>Additional Margin found OK</b> <br />]]>
            </line>
            <line>
              <![CDATA[<b>Total Margin found OK</b> <br />]]>
            </line>
            <line>
              <![CDATA[<b>Default Broker Margin percentage found OK</b> <br />]]>
            </line>
            <line>
              <![CDATA[<b>Broker Upsell Margin percentage found OK</b> <br />]]>
            </line>
            <line>
              <![CDATA[<b>Broker Upsell Margin  found OK</b> <br />]]>
            </line>
            <line>
              <![CDATA[<b>Maintenance Margin  found OK</b> <br />]]>
            </line>
            <line>
              <![CDATA[<b>Document Fee Margin  found OK</b> <br />]]>
            </line>
            <line>
              <![CDATA[<b>Refferer Margin  found OK</b> <br />]]>
            </line>
            <line>
              <![CDATA[<b>*************Editing Base Interest Rate and Verifying  Values on quote summary page has been started************</b> <br />]]>
            </line>
            <line>
              <![CDATA[<b>Base Interest Rate changed to 7.0 %</b> <br />]]>
            </line>
            <line>
              <![CDATA[<b>Holding Cost after changing Base Int. Rate -  found OK</b> <br />]]>
            </line>
            <line>
              <![CDATA[<b>Monthly Finance Rental after changing Base Int. Rate -  found OK</b> <br />]]>
            </line>
            <line>
              <![CDATA[<b>Initial Finance Rental found OK</b> <br />]]>
            </line>
            <line>
              <![CDATA[<b>Base Interest Rate changed to 6.5 %</b> <br />]]>
            </line>
            <line>
              <![CDATA[<b>*************Editing Fianance Margin and Verifying Values on quote summary page has been started************</b> <br />]]>
            </line>
            <line>
              <![CDATA[<b>Finance margin changed to 10000</b> <br />]]>
            </line>
            <line>
              <![CDATA[<b>Monthly Finance Rental after changing finance margin -  found OK</b> <br />]]>
            </line>
            <line>
              <![CDATA[<b>Initial Finance Rental found OK</b> <br />]]>
            </line>
            <line>
              <![CDATA[<b>*************Editing Maintenance Margin and Verifying Values on quote summary page has been started************</b> <br />]]>
            </line>
            <line>
              <![CDATA[<b>Maintenance margin changed to 30 %</b> <br />]]>
            </line>
            <line>
              <![CDATA[<b>Monthly Finance Rental after changing Maintenance margin -  found OK</b> <br />]]>
            </line>
            <line>
              <![CDATA[<b>Initial Maint Rental found OK</b> <br />]]>
            </line>
          </reporter-output>
        </test-method> <!-- aquisition_quotes_HPNR_FL_quote_summary_values_verification_with_maintenance_test -->
      </class> <!-- newCar.HPNR.Acquisition_Quotes_HPNR_FL_with_maintenance_Test -->
    </test> <!-- Default test -->
  </suite> <!-- Default suite -->
</testng-results>
