<?xml version="1.0" encoding="UTF-8"?>
<testng-results ignored="0" total="5" passed="2" failed="1" skipped="2">
  <reporter-output>
    <line>
      <![CDATA[<b>Clicked on Quote button </b> <br />]]>
    </line>
    <line>
      <![CDATA[<b>Manufacture =AUDI has been selected</b> <br />]]>
    </line>
    <line>
      <![CDATA[<b>Model range =A7 has been selected</b> <br />]]>
    </line>
    <line>
      <![CDATA[<b>Vehicle has been selected</b> <br />]]>
    </line>
    <line>
      <![CDATA[<b>Paint option has been selected</b> <br />]]>
    </line>
    <line>
      <![CDATA[<b>Interior option has been selected</b> <br />]]>
    </line>
    <line>
      <![CDATA[<b> Acquisition Contract type option = Contract Purchase (CP) has been selected</b> <br />]]>
    </line>
    <line>
      <![CDATA[<b> Customer Contract type option = Contract Purchase (CP) has been selected</b> <br />]]>
    </line>
    <line>
      <![CDATA[<b>Getting Basic Price- Vehicle value is  =46854.17</b> <br />]]>
    </line>
    <line>
      <![CDATA[<b>Getting Basic Price - Paint  value is  =0.00</b> <br />]]>
    </line>
    <line>
      <![CDATA[<b>Getting  Basic Price - Options value is   =833.33</b> <br />]]>
    </line>
    <line>
      <![CDATA[<b>Getting Discount- Vehicle value is  =40.00</b> <br />]]>
    </line>
    <line>
      <![CDATA[<b>Getting   Discount - Paint value is   =0.00</b> <br />]]>
    </line>
    <line>
      <![CDATA[<b>Getting  Discount- Options value is   =40.00</b> <br />]]>
    </line>
    <line>
      <![CDATA[<b>Getting Additional Discount- Vehicle value is  =40.00</b> <br />]]>
    </line>
    <line>
      <![CDATA[<b>Getting  Additional Discount - paint value is  =0.00</b> <br />]]>
    </line>
    <line>
      <![CDATA[<b>Getting  Additional Discount - Options value is  =70.00</b> <br />]]>
    </line>
    <line>
      <![CDATA[<b>Writing OTR table values to excel sheet -Started </b> <br />]]>
    </line>
    <line>
      <![CDATA[<b>Writing OTR table values to excel sheet -Completed </b> <br />]]>
    </line>
    <line>
      <![CDATA[<b>Reading Subtotal After Discount from excel sheet -Started </b> <br />]]>
    </line>
    <line>
      <![CDATA[<b>Reading Subtotal After Discount from excel sheet -Started </b> <br />]]>
    </line>
    <line>
      <![CDATA[<b>Subtotal After Discount from excel sheet is =28502.499999999996</b> <br />]]>
    </line>
    <line>
      <![CDATA[<b>Subtotal after discount actual value from screen =£ 28,502.50</b> <br />]]>
    </line>
    <line>
      <![CDATA[<b>*********Calculations for On Road Price has been started***********</b> <br />]]>
    </line>
    <line>
      <![CDATA[<b>Started getting On screen values from after discount table </b> <br />]]>
    </line>
    <line>
      <![CDATA[<b>Manufacture_delivery_charges =550.00</b> <br />]]>
    </line>
    <line>
      <![CDATA[<b>Road_tax_first_year =585.00</b> <br />]]>
    </line>
    <line>
      <![CDATA[<b>First_registration_fee =55.00</b> <br />]]>
    </line>
    <line>
      <![CDATA[<b>Rebate =0.00</b> <br />]]>
    </line>
    <line>
      <![CDATA[<b>Writing After discount values to excel has been started</b> <br />]]>
    </line>
    <line>
      <![CDATA[<b>Writing After discount values to excel has been completed</b> <br />]]>
    </line>
    <line>
      <![CDATA[<b>Reading On Road Price for invoice from excel has been Started</b> <br />]]>
    </line>
    <line>
      <![CDATA[<b>Reading On Road Price for invoice from excel has been completed</b> <br />]]>
    </line>
    <line>
      <![CDATA[<b>Expected on the road price from excel is =35503.0</b> <br />]]>
    </line>
    <line>
      <![CDATA[<b>Actual on the road price from screen is =35503.00</b> <br />]]>
    </line>
    <line>
      <![CDATA[<b>***********Entered in holding cost page ***********</b> <br />]]>
    </line>
    <line>
      <![CDATA[<br>----------Screenshot---------<br>]]>
    </line>
    <line>
      <![CDATA[<img src="D:\StagingNew\AMT_Automation\target\surefire-reports\html\failure_screenshots\aquisition_quotes_CP_CP_holding_cost_calculations_with_maintenance_test_01_03_2023_04_13_24.png" height="800" width="1000">]]>
    </line>
  </reporter-output>
  <suite started-at="2023-03-01T16:11:11 IST" name="Default suite" finished-at="2023-03-01T16:13:25 IST" duration-ms="133336">
    <groups>
    </groups>
    <test started-at="2023-03-01T16:11:11 IST" name="Default test" finished-at="2023-03-01T16:13:25 IST" duration-ms="133336">
      <class name="com.amt.test.CP.Acquisition_Quotes_CP_CP_with_funder_quote_addition_with_maintenance_Test">
        <test-method is-config="true" signature="setup()[pri:0, instance:com.amt.test.CP.Acquisition_Quotes_CP_CP_with_funder_quote_addition_with_maintenance_Test@791f145a]" started-at="2023-03-01T16:11:11 IST" name="setup" finished-at="2023-03-01T16:11:26 IST" duration-ms="15142" status="PASS">
          <reporter-output>
          </reporter-output>
        </test-method> <!-- setup -->
        <test-method signature="aquisition_quotes_CP_CP_OTR_calculation_with_maintenance_test(java.lang.String,java.lang.String,java.lang.String,java.lang.String,java.lang.String,java.lang.String,java.lang.String,java.lang.String,java.lang.String,java.lang.String,java.lang.String,java.lang.String,java.lang.String,java.lang.String,java.lang.String,java.lang.String,java.lang.String,java.lang.String,java.lang.String,java.lang.String,java.lang.String,java.lang.String,java.lang.String,java.lang.String,java.lang.String,java.lang.String,java.lang.String,java.lang.String,java.lang.String,java.lang.String)[pri:1, instance:com.amt.test.CP.Acquisition_Quotes_CP_CP_with_funder_quote_addition_with_maintenance_Test@791f145a]" started-at="2023-03-01T16:11:28 IST" name="aquisition_quotes_CP_CP_OTR_calculation_with_maintenance_test" data-provider="testData" finished-at="2023-03-01T16:12:33 IST" duration-ms="65209" status="PASS">
          <params>
            <param index="0">
              <value>
                <![CDATA[AUDI]]>
              </value>
            </param>
            <param index="1">
              <value>
                <![CDATA[A7]]>
              </value>
            </param>
            <param index="2">
              <value>
                <![CDATA[REF001]]>
              </value>
            </param>
            <param index="3">
              <value>
                <![CDATA[05/05/23]]>
              </value>
            </param>
            <param index="4">
              <value>
                <![CDATA[33]]>
              </value>
            </param>
            <param index="5">
              <value>
                <![CDATA[5000]]>
              </value>
            </param>
            <param index="6">
              <value>
                <![CDATA[1000]]>
              </value>
            </param>
            <param index="7">
              <value>
                <![CDATA[200]]>
              </value>
            </param>
            <param index="8">
              <value>
                <![CDATA[12]]>
              </value>
            </param>
            <param index="9">
              <value>
                <![CDATA[500]]>
              </value>
            </param>
            <param index="10">
              <value>
                <![CDATA[50]]>
              </value>
            </param>
            <param index="11">
              <value>
                <![CDATA[6000]]>
              </value>
            </param>
            <param index="12">
              <value>
                <![CDATA[20]]>
              </value>
            </param>
            <param index="13">
              <value>
                <![CDATA[1]]>
              </value>
            </param>
            <param index="14">
              <value>
                <![CDATA[1]]>
              </value>
            </param>
            <param index="15">
              <value>
                <![CDATA[10000]]>
              </value>
            </param>
            <param index="16">
              <value>
                <![CDATA[6000]]>
              </value>
            </param>
            <param index="17">
              <value>
                <![CDATA[2000]]>
              </value>
            </param>
            <param index="18">
              <value>
                <![CDATA[1000]]>
              </value>
            </param>
            <param index="19">
              <value>
                <![CDATA[0]]>
              </value>
            </param>
            <param index="20">
              <value>
                <![CDATA[199.99]]>
              </value>
            </param>
            <param index="21">
              <value>
                <![CDATA[0]]>
              </value>
            </param>
            <param index="22">
              <value>
                <![CDATA[YES]]>
              </value>
            </param>
            <param index="23">
              <value>
                <![CDATA[20]]>
              </value>
            </param>
            <param index="24">
              <value>
                <![CDATA[200]]>
              </value>
            </param>
            <param index="25">
              <value>
                <![CDATA[NO]]>
              </value>
            </param>
            <param index="26">
              <value>
                <![CDATA[0]]>
              </value>
            </param>
            <param index="27">
              <value>
                <![CDATA[Limited Credit]]>
              </value>
            </param>
            <param index="28">
              <value>
                <![CDATA[YES]]>
              </value>
            </param>
            <param index="29">
              <value>
                <![CDATA[CP (Formula 2) - CP]]>
              </value>
            </param>
          </params>
          <reporter-output>
            <line>
              <![CDATA[<b>Clicked on Quote button </b> <br />]]>
            </line>
            <line>
              <![CDATA[<b>Manufacture =AUDI has been selected</b> <br />]]>
            </line>
            <line>
              <![CDATA[<b>Model range =A7 has been selected</b> <br />]]>
            </line>
            <line>
              <![CDATA[<b>Vehicle has been selected</b> <br />]]>
            </line>
            <line>
              <![CDATA[<b>Paint option has been selected</b> <br />]]>
            </line>
            <line>
              <![CDATA[<b>Interior option has been selected</b> <br />]]>
            </line>
            <line>
              <![CDATA[<b> Acquisition Contract type option = Contract Purchase (CP) has been selected</b> <br />]]>
            </line>
            <line>
              <![CDATA[<b> Customer Contract type option = Contract Purchase (CP) has been selected</b> <br />]]>
            </line>
            <line>
              <![CDATA[<b>Getting Basic Price- Vehicle value is  =46854.17</b> <br />]]>
            </line>
            <line>
              <![CDATA[<b>Getting Basic Price - Paint  value is  =0.00</b> <br />]]>
            </line>
            <line>
              <![CDATA[<b>Getting  Basic Price - Options value is   =833.33</b> <br />]]>
            </line>
            <line>
              <![CDATA[<b>Getting Discount- Vehicle value is  =40.00</b> <br />]]>
            </line>
            <line>
              <![CDATA[<b>Getting   Discount - Paint value is   =0.00</b> <br />]]>
            </line>
            <line>
              <![CDATA[<b>Getting  Discount- Options value is   =40.00</b> <br />]]>
            </line>
            <line>
              <![CDATA[<b>Getting Additional Discount- Vehicle value is  =40.00</b> <br />]]>
            </line>
            <line>
              <![CDATA[<b>Getting  Additional Discount - paint value is  =0.00</b> <br />]]>
            </line>
            <line>
              <![CDATA[<b>Getting  Additional Discount - Options value is  =70.00</b> <br />]]>
            </line>
            <line>
              <![CDATA[<b>Writing OTR table values to excel sheet -Started </b> <br />]]>
            </line>
            <line>
              <![CDATA[<b>Writing OTR table values to excel sheet -Completed </b> <br />]]>
            </line>
            <line>
              <![CDATA[<b>Reading Subtotal After Discount from excel sheet -Started </b> <br />]]>
            </line>
            <line>
              <![CDATA[<b>Reading Subtotal After Discount from excel sheet -Started </b> <br />]]>
            </line>
            <line>
              <![CDATA[<b>Subtotal After Discount from excel sheet is =28502.499999999996</b> <br />]]>
            </line>
            <line>
              <![CDATA[<b>Subtotal after discount actual value from screen =£ 28,502.50</b> <br />]]>
            </line>
          </reporter-output>
        </test-method> <!-- aquisition_quotes_CP_CP_OTR_calculation_with_maintenance_test -->
        <test-method signature="aquisition_quotes_CP_CP_after_discount_calculations_with_maintenance_test(java.lang.String,java.lang.String,java.lang.String,java.lang.String,java.lang.String,java.lang.String,java.lang.String,java.lang.String,java.lang.String,java.lang.String,java.lang.String,java.lang.String,java.lang.String,java.lang.String,java.lang.String,java.lang.String,java.lang.String,java.lang.String,java.lang.String,java.lang.String,java.lang.String,java.lang.String,java.lang.String,java.lang.String,java.lang.String,java.lang.String,java.lang.String,java.lang.String,java.lang.String,java.lang.String)[pri:2, instance:com.amt.test.CP.Acquisition_Quotes_CP_CP_with_funder_quote_addition_with_maintenance_Test@791f145a]" started-at="2023-03-01T16:12:33 IST" name="aquisition_quotes_CP_CP_after_discount_calculations_with_maintenance_test" data-provider="testData" finished-at="2023-03-01T16:12:36 IST" depends-on-methods="com.amt.test.CP.Acquisition_Quotes_CP_CP_with_funder_quote_addition_with_maintenance_Test.aquisition_quotes_CP_CP_OTR_calculation_with_maintenance_test" duration-ms="2801" status="PASS">
          <params>
            <param index="0">
              <value>
                <![CDATA[AUDI]]>
              </value>
            </param>
            <param index="1">
              <value>
                <![CDATA[A7]]>
              </value>
            </param>
            <param index="2">
              <value>
                <![CDATA[REF001]]>
              </value>
            </param>
            <param index="3">
              <value>
                <![CDATA[05/05/23]]>
              </value>
            </param>
            <param index="4">
              <value>
                <![CDATA[33]]>
              </value>
            </param>
            <param index="5">
              <value>
                <![CDATA[5000]]>
              </value>
            </param>
            <param index="6">
              <value>
                <![CDATA[1000]]>
              </value>
            </param>
            <param index="7">
              <value>
                <![CDATA[200]]>
              </value>
            </param>
            <param index="8">
              <value>
                <![CDATA[12]]>
              </value>
            </param>
            <param index="9">
              <value>
                <![CDATA[500]]>
              </value>
            </param>
            <param index="10">
              <value>
                <![CDATA[50]]>
              </value>
            </param>
            <param index="11">
              <value>
                <![CDATA[6000]]>
              </value>
            </param>
            <param index="12">
              <value>
                <![CDATA[20]]>
              </value>
            </param>
            <param index="13">
              <value>
                <![CDATA[1]]>
              </value>
            </param>
            <param index="14">
              <value>
                <![CDATA[1]]>
              </value>
            </param>
            <param index="15">
              <value>
                <![CDATA[10000]]>
              </value>
            </param>
            <param index="16">
              <value>
                <![CDATA[6000]]>
              </value>
            </param>
            <param index="17">
              <value>
                <![CDATA[2000]]>
              </value>
            </param>
            <param index="18">
              <value>
                <![CDATA[1000]]>
              </value>
            </param>
            <param index="19">
              <value>
                <![CDATA[0]]>
              </value>
            </param>
            <param index="20">
              <value>
                <![CDATA[199.99]]>
              </value>
            </param>
            <param index="21">
              <value>
                <![CDATA[0]]>
              </value>
            </param>
            <param index="22">
              <value>
                <![CDATA[YES]]>
              </value>
            </param>
            <param index="23">
              <value>
                <![CDATA[20]]>
              </value>
            </param>
            <param index="24">
              <value>
                <![CDATA[200]]>
              </value>
            </param>
            <param index="25">
              <value>
                <![CDATA[NO]]>
              </value>
            </param>
            <param index="26">
              <value>
                <![CDATA[0]]>
              </value>
            </param>
            <param index="27">
              <value>
                <![CDATA[Limited Credit]]>
              </value>
            </param>
            <param index="28">
              <value>
                <![CDATA[YES]]>
              </value>
            </param>
            <param index="29">
              <value>
                <![CDATA[CP (Formula 2) - CP]]>
              </value>
            </param>
          </params>
          <reporter-output>
            <line>
              <![CDATA[<b>*********Calculations for On Road Price has been started***********</b> <br />]]>
            </line>
            <line>
              <![CDATA[<b>Started getting On screen values from after discount table </b> <br />]]>
            </line>
            <line>
              <![CDATA[<b>Manufacture_delivery_charges =550.00</b> <br />]]>
            </line>
            <line>
              <![CDATA[<b>Road_tax_first_year =585.00</b> <br />]]>
            </line>
            <line>
              <![CDATA[<b>First_registration_fee =55.00</b> <br />]]>
            </line>
            <line>
              <![CDATA[<b>Rebate =0.00</b> <br />]]>
            </line>
            <line>
              <![CDATA[<b>Writing After discount values to excel has been started</b> <br />]]>
            </line>
            <line>
              <![CDATA[<b>Writing After discount values to excel has been completed</b> <br />]]>
            </line>
            <line>
              <![CDATA[<b>Reading On Road Price for invoice from excel has been Started</b> <br />]]>
            </line>
            <line>
              <![CDATA[<b>Reading On Road Price for invoice from excel has been completed</b> <br />]]>
            </line>
            <line>
              <![CDATA[<b>Expected on the road price from excel is =35503.0</b> <br />]]>
            </line>
            <line>
              <![CDATA[<b>Actual on the road price from screen is =35503.00</b> <br />]]>
            </line>
          </reporter-output>
        </test-method> <!-- aquisition_quotes_CP_CP_after_discount_calculations_with_maintenance_test -->
        <test-method signature="aquisition_quotes_CP_CP_holding_cost_calculations_with_maintenance_test(java.lang.String,java.lang.String,java.lang.String,java.lang.String,java.lang.String,java.lang.String,java.lang.String,java.lang.String,java.lang.String,java.lang.String,java.lang.String,java.lang.String,java.lang.String,java.lang.String,java.lang.String,java.lang.String,java.lang.String,java.lang.String,java.lang.String,java.lang.String,java.lang.String,java.lang.String,java.lang.String,java.lang.String,java.lang.String,java.lang.String,java.lang.String,java.lang.String,java.lang.String,java.lang.String)[pri:3, instance:com.amt.test.CP.Acquisition_Quotes_CP_CP_with_funder_quote_addition_with_maintenance_Test@791f145a]" started-at="2023-03-01T16:12:36 IST" name="aquisition_quotes_CP_CP_holding_cost_calculations_with_maintenance_test" data-provider="testData" finished-at="2023-03-01T16:13:24 IST" depends-on-methods="com.amt.test.CP.Acquisition_Quotes_CP_CP_with_funder_quote_addition_with_maintenance_Test.aquisition_quotes_CP_CP_after_discount_calculations_with_maintenance_test" duration-ms="48273" status="FAIL">
          <params>
            <param index="0">
              <value>
                <![CDATA[AUDI]]>
              </value>
            </param>
            <param index="1">
              <value>
                <![CDATA[A7]]>
              </value>
            </param>
            <param index="2">
              <value>
                <![CDATA[REF001]]>
              </value>
            </param>
            <param index="3">
              <value>
                <![CDATA[05/05/23]]>
              </value>
            </param>
            <param index="4">
              <value>
                <![CDATA[33]]>
              </value>
            </param>
            <param index="5">
              <value>
                <![CDATA[5000]]>
              </value>
            </param>
            <param index="6">
              <value>
                <![CDATA[1000]]>
              </value>
            </param>
            <param index="7">
              <value>
                <![CDATA[200]]>
              </value>
            </param>
            <param index="8">
              <value>
                <![CDATA[12]]>
              </value>
            </param>
            <param index="9">
              <value>
                <![CDATA[500]]>
              </value>
            </param>
            <param index="10">
              <value>
                <![CDATA[50]]>
              </value>
            </param>
            <param index="11">
              <value>
                <![CDATA[6000]]>
              </value>
            </param>
            <param index="12">
              <value>
                <![CDATA[20]]>
              </value>
            </param>
            <param index="13">
              <value>
                <![CDATA[1]]>
              </value>
            </param>
            <param index="14">
              <value>
                <![CDATA[1]]>
              </value>
            </param>
            <param index="15">
              <value>
                <![CDATA[10000]]>
              </value>
            </param>
            <param index="16">
              <value>
                <![CDATA[6000]]>
              </value>
            </param>
            <param index="17">
              <value>
                <![CDATA[2000]]>
              </value>
            </param>
            <param index="18">
              <value>
                <![CDATA[1000]]>
              </value>
            </param>
            <param index="19">
              <value>
                <![CDATA[0]]>
              </value>
            </param>
            <param index="20">
              <value>
                <![CDATA[199.99]]>
              </value>
            </param>
            <param index="21">
              <value>
                <![CDATA[0]]>
              </value>
            </param>
            <param index="22">
              <value>
                <![CDATA[YES]]>
              </value>
            </param>
            <param index="23">
              <value>
                <![CDATA[20]]>
              </value>
            </param>
            <param index="24">
              <value>
                <![CDATA[200]]>
              </value>
            </param>
            <param index="25">
              <value>
                <![CDATA[NO]]>
              </value>
            </param>
            <param index="26">
              <value>
                <![CDATA[0]]>
              </value>
            </param>
            <param index="27">
              <value>
                <![CDATA[Limited Credit]]>
              </value>
            </param>
            <param index="28">
              <value>
                <![CDATA[YES]]>
              </value>
            </param>
            <param index="29">
              <value>
                <![CDATA[CP (Formula 2) - CP]]>
              </value>
            </param>
          </params>
          <exception class="org.openqa.selenium.TimeoutException">
            <message>
              <![CDATA[Expected condition failed: waiting for visibility of Proxy element for: DefaultElementLocator 'By.xpath: //*[@id='collapseCustomerQuote']/div/div/div/div/div/form/div/div/div[5]/div/p/strong' (tried for 30 second(s) with 500 milliseconds interval)]]>
            </message>
            <full-stacktrace>
              <![CDATA[org.openqa.selenium.TimeoutException: Expected condition failed: waiting for visibility of Proxy element for: DefaultElementLocator 'By.xpath: //*[@id='collapseCustomerQuote']/div/div/div/div/div/form/div/div/div[5]/div/p/strong' (tried for 30 second(s) with 500 milliseconds interval)
at org.openqa.selenium.support.ui.WebDriverWait.timeoutException(WebDriverWait.java:138)
at org.openqa.selenium.support.ui.FluentWait.until(FluentWait.java:231)
at com.amt.testUtil.ExplicitWait.visibleElement(ExplicitWait.java:23)
at com.amt.HoldingCostPages.HoldingCost_CP_CP_Page.verify_holding_cost_after_adding_funder_quote_with_maintenance(HoldingCost_CP_CP_Page.java:324)
at com.amt.test.CP.Acquisition_Quotes_CP_CP_with_funder_quote_addition_with_maintenance_Test.aquisition_quotes_CP_CP_holding_cost_calculations_with_maintenance_test(Acquisition_Quotes_CP_CP_with_funder_quote_addition_with_maintenance_Test.java:92)
at java.base/jdk.internal.reflect.NativeMethodAccessorImpl.invoke0(Native Method)
at java.base/jdk.internal.reflect.NativeMethodAccessorImpl.invoke(NativeMethodAccessorImpl.java:77)
at java.base/jdk.internal.reflect.DelegatingMethodAccessorImpl.invoke(DelegatingMethodAccessorImpl.java:43)
at java.base/java.lang.reflect.Method.invoke(Method.java:568)
at org.testng.internal.MethodInvocationHelper.invokeMethod(MethodInvocationHelper.java:133)
at org.testng.internal.TestInvoker.invokeMethod(TestInvoker.java:598)
at org.testng.internal.TestInvoker.invokeTestMethod(TestInvoker.java:173)
at org.testng.internal.MethodRunner.runInSequence(MethodRunner.java:46)
at org.testng.internal.TestInvoker$MethodInvocationAgent.invoke(TestInvoker.java:824)
at org.testng.internal.TestInvoker.invokeTestMethods(TestInvoker.java:146)
at org.testng.internal.TestMethodWorker.invokeTestMethods(TestMethodWorker.java:146)
at org.testng.internal.TestMethodWorker.run(TestMethodWorker.java:128)
at java.base/java.util.ArrayList.forEach(ArrayList.java:1511)
at org.testng.TestRunner.privateRun(TestRunner.java:794)
at org.testng.TestRunner.run(TestRunner.java:596)
at org.testng.SuiteRunner.runTest(SuiteRunner.java:377)
at org.testng.SuiteRunner.runSequentially(SuiteRunner.java:371)
at org.testng.SuiteRunner.privateRun(SuiteRunner.java:332)
at org.testng.SuiteRunner.run(SuiteRunner.java:276)
at org.testng.SuiteRunnerWorker.runSuite(SuiteRunnerWorker.java:53)
at org.testng.SuiteRunnerWorker.run(SuiteRunnerWorker.java:96)
at org.testng.TestNG.runSuitesSequentially(TestNG.java:1212)
at org.testng.TestNG.runSuitesLocally(TestNG.java:1134)
at org.testng.TestNG.runSuites(TestNG.java:1063)
at org.testng.TestNG.run(TestNG.java:1031)
at org.testng.remote.AbstractRemoteTestNG.run(AbstractRemoteTestNG.java:115)
at org.testng.remote.RemoteTestNG.initAndRun(RemoteTestNG.java:251)
at org.testng.remote.RemoteTestNG.main(RemoteTestNG.java:77)
Caused by: org.openqa.selenium.NoSuchElementException: no such element: Unable to locate element: {"method":"xpath","selector":"//*[@id='collapseCustomerQuote']/div/div/div/div/div/form/div/div/div[5]/div/p/strong"}
  (Session info: chrome=110.0.5481.178)
For documentation on this error, please visit: https://selenium.dev/exceptions/#no_such_element
Build info: version: '4.0.0', revision: '3a21814679'
System info: host: 'DSK-951', ip: '10.0.3.253', os.name: 'Windows 10', os.arch: 'amd64', os.version: '10.0', java.version: '17.0.4.1'
Driver info: org.openqa.selenium.chrome.ChromeDriver
Command: [eeda4f141f94dfeff740e844abb81bb2, findElement {using=xpath, value=//*[@id='collapseCustomerQuote']/div/div/div/div/div/form/div/div/div[5]/div/p/strong}]
Capabilities {acceptInsecureCerts: false, browserName: chrome, browserVersion: 110.0.5481.178, chrome: {chromedriverVersion: 110.0.5481.77 (65ed616c6e8e..., userDataDir: C:\Users\NITEIN~1.KUR\AppDa...}, goog:chromeOptions: {debuggerAddress: localhost:55741}, javascriptEnabled: true, networkConnectionEnabled: false, pageLoadStrategy: normal, platform: WINDOWS, platformName: WINDOWS, proxy: Proxy(), se:cdp: ws://localhost:55741/devtoo..., se:cdpVersion: 110.0.5481.178, setWindowRect: true, strictFileInteractability: false, timeouts: {implicit: 0, pageLoad: 300000, script: 30000}, unhandledPromptBehavior: dismiss and notify, webauthn:extension:credBlob: true, webauthn:extension:largeBlob: true, webauthn:virtualAuthenticators: true}
Session ID: eeda4f141f94dfeff740e844abb81bb2
at jdk.internal.reflect.GeneratedConstructorAccessor52.newInstance(Unknown Source)
at java.base/jdk.internal.reflect.DelegatingConstructorAccessorImpl.newInstance(DelegatingConstructorAccessorImpl.java:45)
at java.base/java.lang.reflect.Constructor.newInstanceWithCaller(Constructor.java:499)
at java.base/java.lang.reflect.Constructor.newInstance(Constructor.java:480)
at org.openqa.selenium.remote.codec.w3c.W3CHttpResponseCodec.createException(W3CHttpResponseCodec.java:200)
at org.openqa.selenium.remote.codec.w3c.W3CHttpResponseCodec.decode(W3CHttpResponseCodec.java:133)
at org.openqa.selenium.remote.codec.w3c.W3CHttpResponseCodec.decode(W3CHttpResponseCodec.java:53)
at org.openqa.selenium.remote.HttpCommandExecutor.execute(HttpCommandExecutor.java:184)
at org.openqa.selenium.remote.service.DriverCommandExecutor.invokeExecute(DriverCommandExecutor.java:164)
at org.openqa.selenium.remote.service.DriverCommandExecutor.execute(DriverCommandExecutor.java:139)
at org.openqa.selenium.remote.RemoteWebDriver.execute(RemoteWebDriver.java:559)
at org.openqa.selenium.remote.ElementLocation$ElementFinder$2.findElement(ElementLocation.java:162)
at org.openqa.selenium.remote.ElementLocation.findElement(ElementLocation.java:60)
at org.openqa.selenium.remote.RemoteWebDriver.findElement(RemoteWebDriver.java:383)
at org.openqa.selenium.remote.RemoteWebDriver.findElement(RemoteWebDriver.java:375)
at org.openqa.selenium.support.pagefactory.DefaultElementLocator.findElement(DefaultElementLocator.java:70)
at org.openqa.selenium.support.pagefactory.internal.LocatingElementHandler.invoke(LocatingElementHandler.java:39)
at jdk.proxy2/jdk.proxy2.$Proxy17.isDisplayed(Unknown Source)
at org.openqa.selenium.support.ui.ExpectedConditions.elementIfVisible(ExpectedConditions.java:307)
at org.openqa.selenium.support.ui.ExpectedConditions.access$000(ExpectedConditions.java:40)
at org.openqa.selenium.support.ui.ExpectedConditions$10.apply(ExpectedConditions.java:293)
at org.openqa.selenium.support.ui.ExpectedConditions$10.apply(ExpectedConditions.java:290)
at org.openqa.selenium.support.ui.FluentWait.until(FluentWait.java:208)
... 31 more
]]>
            </full-stacktrace>
          </exception> <!-- org.openqa.selenium.TimeoutException -->
          <reporter-output>
            <line>
              <![CDATA[<b>***********Entered in holding cost page ***********</b> <br />]]>
            </line>
            <line>
              <![CDATA[<br>----------Screenshot---------<br>]]>
            </line>
            <line>
              <![CDATA[<img src="D:\StagingNew\AMT_Automation\target\surefire-reports\html\failure_screenshots\aquisition_quotes_CP_CP_holding_cost_calculations_with_maintenance_test_01_03_2023_04_13_24.png" height="800" width="1000">]]>
            </line>
          </reporter-output>
        </test-method> <!-- aquisition_quotes_CP_CP_holding_cost_calculations_with_maintenance_test -->
        <test-method signature="aquisition_quotes_CP_CP_customer_quote_calculations_check_monthly_finance_payment_with_maintenance_test(java.lang.String,java.lang.String,java.lang.String,java.lang.String,java.lang.String,java.lang.String,java.lang.String,java.lang.String,java.lang.String,java.lang.String,java.lang.String,java.lang.String,java.lang.String,java.lang.String,java.lang.String,java.lang.String,java.lang.String,java.lang.String,java.lang.String,java.lang.String,java.lang.String,java.lang.String,java.lang.String,java.lang.String,java.lang.String,java.lang.String,java.lang.String,java.lang.String,java.lang.String,java.lang.String)[pri:4, instance:com.amt.test.CP.Acquisition_Quotes_CP_CP_with_funder_quote_addition_with_maintenance_Test@791f145a]" started-at="2023-03-01T16:13:25 IST" name="aquisition_quotes_CP_CP_customer_quote_calculations_check_monthly_finance_payment_with_maintenance_test" finished-at="2023-03-01T16:13:25 IST" depends-on-methods="com.amt.test.CP.Acquisition_Quotes_CP_CP_with_funder_quote_addition_with_maintenance_Test.aquisition_quotes_CP_CP_holding_cost_calculations_with_maintenance_test" duration-ms="0" status="SKIP">
          <exception class="java.lang.Throwable">
            <message>
              <![CDATA[Method Acquisition_Quotes_CP_CP_with_funder_quote_addition_with_maintenance_Test.aquisition_quotes_CP_CP_customer_quote_calculations_check_monthly_finance_payment_with_maintenance_test(java.lang.String,java.lang.String,java.lang.String,java.lang.String,java.lang.String,java.lang.String,java.lang.String,java.lang.String,java.lang.String,java.lang.String,java.lang.String,java.lang.String,java.lang.String,java.lang.String,java.lang.String,java.lang.String,java.lang.String,java.lang.String,java.lang.String,java.lang.String,java.lang.String,java.lang.String,java.lang.String,java.lang.String,java.lang.String,java.lang.String,java.lang.String,java.lang.String,java.lang.String,java.lang.String)[pri:4, instance:com.amt.test.CP.Acquisition_Quotes_CP_CP_with_funder_quote_addition_with_maintenance_Test@791f145a] depends on not successfully finished methods]]>
            </message>
            <full-stacktrace>
              <![CDATA[java.lang.Throwable: Method Acquisition_Quotes_CP_CP_with_funder_quote_addition_with_maintenance_Test.aquisition_quotes_CP_CP_customer_quote_calculations_check_monthly_finance_payment_with_maintenance_test(java.lang.String,java.lang.String,java.lang.String,java.lang.String,java.lang.String,java.lang.String,java.lang.String,java.lang.String,java.lang.String,java.lang.String,java.lang.String,java.lang.String,java.lang.String,java.lang.String,java.lang.String,java.lang.String,java.lang.String,java.lang.String,java.lang.String,java.lang.String,java.lang.String,java.lang.String,java.lang.String,java.lang.String,java.lang.String,java.lang.String,java.lang.String,java.lang.String,java.lang.String,java.lang.String)[pri:4, instance:com.amt.test.CP.Acquisition_Quotes_CP_CP_with_funder_quote_addition_with_maintenance_Test@791f145a] depends on not successfully finished methods
at org.testng.internal.TestInvoker.invokeTestMethods(TestInvoker.java:102)
at org.testng.internal.TestMethodWorker.invokeTestMethods(TestMethodWorker.java:146)
at org.testng.internal.TestMethodWorker.run(TestMethodWorker.java:128)
at java.base/java.util.ArrayList.forEach(ArrayList.java:1511)
at org.testng.TestRunner.privateRun(TestRunner.java:794)
at org.testng.TestRunner.run(TestRunner.java:596)
at org.testng.SuiteRunner.runTest(SuiteRunner.java:377)
at org.testng.SuiteRunner.runSequentially(SuiteRunner.java:371)
at org.testng.SuiteRunner.privateRun(SuiteRunner.java:332)
at org.testng.SuiteRunner.run(SuiteRunner.java:276)
at org.testng.SuiteRunnerWorker.runSuite(SuiteRunnerWorker.java:53)
at org.testng.SuiteRunnerWorker.run(SuiteRunnerWorker.java:96)
at org.testng.TestNG.runSuitesSequentially(TestNG.java:1212)
at org.testng.TestNG.runSuitesLocally(TestNG.java:1134)
at org.testng.TestNG.runSuites(TestNG.java:1063)
at org.testng.TestNG.run(TestNG.java:1031)
at org.testng.remote.AbstractRemoteTestNG.run(AbstractRemoteTestNG.java:115)
at org.testng.remote.RemoteTestNG.initAndRun(RemoteTestNG.java:251)
at org.testng.remote.RemoteTestNG.main(RemoteTestNG.java:77)
]]>
            </full-stacktrace>
          </exception> <!-- java.lang.Throwable -->
          <reporter-output>
          </reporter-output>
        </test-method> <!-- aquisition_quotes_CP_CP_customer_quote_calculations_check_monthly_finance_payment_with_maintenance_test -->
        <test-method signature="aquisition_quotes_CP_CP_quote_summary_values_verification_with_maintenance_test(java.lang.String,java.lang.String,java.lang.String,java.lang.String,java.lang.String,java.lang.String,java.lang.String,java.lang.String,java.lang.String,java.lang.String,java.lang.String,java.lang.String,java.lang.String,java.lang.String,java.lang.String,java.lang.String,java.lang.String,java.lang.String,java.lang.String,java.lang.String,java.lang.String,java.lang.String,java.lang.String,java.lang.String,java.lang.String,java.lang.String,java.lang.String,java.lang.String,java.lang.String,java.lang.String)[pri:5, instance:com.amt.test.CP.Acquisition_Quotes_CP_CP_with_funder_quote_addition_with_maintenance_Test@791f145a]" started-at="2023-03-01T16:13:25 IST" name="aquisition_quotes_CP_CP_quote_summary_values_verification_with_maintenance_test" finished-at="2023-03-01T16:13:25 IST" depends-on-methods="com.amt.test.CP.Acquisition_Quotes_CP_CP_with_funder_quote_addition_with_maintenance_Test.aquisition_quotes_CP_CP_customer_quote_calculations_check_monthly_finance_payment_with_maintenance_test" duration-ms="0" status="SKIP">
          <exception class="java.lang.Throwable">
            <message>
              <![CDATA[Method Acquisition_Quotes_CP_CP_with_funder_quote_addition_with_maintenance_Test.aquisition_quotes_CP_CP_quote_summary_values_verification_with_maintenance_test(java.lang.String,java.lang.String,java.lang.String,java.lang.String,java.lang.String,java.lang.String,java.lang.String,java.lang.String,java.lang.String,java.lang.String,java.lang.String,java.lang.String,java.lang.String,java.lang.String,java.lang.String,java.lang.String,java.lang.String,java.lang.String,java.lang.String,java.lang.String,java.lang.String,java.lang.String,java.lang.String,java.lang.String,java.lang.String,java.lang.String,java.lang.String,java.lang.String,java.lang.String,java.lang.String)[pri:5, instance:com.amt.test.CP.Acquisition_Quotes_CP_CP_with_funder_quote_addition_with_maintenance_Test@791f145a] depends on not successfully finished methods]]>
            </message>
            <full-stacktrace>
              <![CDATA[java.lang.Throwable: Method Acquisition_Quotes_CP_CP_with_funder_quote_addition_with_maintenance_Test.aquisition_quotes_CP_CP_quote_summary_values_verification_with_maintenance_test(java.lang.String,java.lang.String,java.lang.String,java.lang.String,java.lang.String,java.lang.String,java.lang.String,java.lang.String,java.lang.String,java.lang.String,java.lang.String,java.lang.String,java.lang.String,java.lang.String,java.lang.String,java.lang.String,java.lang.String,java.lang.String,java.lang.String,java.lang.String,java.lang.String,java.lang.String,java.lang.String,java.lang.String,java.lang.String,java.lang.String,java.lang.String,java.lang.String,java.lang.String,java.lang.String)[pri:5, instance:com.amt.test.CP.Acquisition_Quotes_CP_CP_with_funder_quote_addition_with_maintenance_Test@791f145a] depends on not successfully finished methods
at org.testng.internal.TestInvoker.invokeTestMethods(TestInvoker.java:102)
at org.testng.internal.TestMethodWorker.invokeTestMethods(TestMethodWorker.java:146)
at org.testng.internal.TestMethodWorker.run(TestMethodWorker.java:128)
at java.base/java.util.ArrayList.forEach(ArrayList.java:1511)
at org.testng.TestRunner.privateRun(TestRunner.java:794)
at org.testng.TestRunner.run(TestRunner.java:596)
at org.testng.SuiteRunner.runTest(SuiteRunner.java:377)
at org.testng.SuiteRunner.runSequentially(SuiteRunner.java:371)
at org.testng.SuiteRunner.privateRun(SuiteRunner.java:332)
at org.testng.SuiteRunner.run(SuiteRunner.java:276)
at org.testng.SuiteRunnerWorker.runSuite(SuiteRunnerWorker.java:53)
at org.testng.SuiteRunnerWorker.run(SuiteRunnerWorker.java:96)
at org.testng.TestNG.runSuitesSequentially(TestNG.java:1212)
at org.testng.TestNG.runSuitesLocally(TestNG.java:1134)
at org.testng.TestNG.runSuites(TestNG.java:1063)
at org.testng.TestNG.run(TestNG.java:1031)
at org.testng.remote.AbstractRemoteTestNG.run(AbstractRemoteTestNG.java:115)
at org.testng.remote.RemoteTestNG.initAndRun(RemoteTestNG.java:251)
at org.testng.remote.RemoteTestNG.main(RemoteTestNG.java:77)
]]>
            </full-stacktrace>
          </exception> <!-- java.lang.Throwable -->
          <reporter-output>
          </reporter-output>
        </test-method> <!-- aquisition_quotes_CP_CP_quote_summary_values_verification_with_maintenance_test -->
      </class> <!-- com.amt.test.CP.Acquisition_Quotes_CP_CP_with_funder_quote_addition_with_maintenance_Test -->
    </test> <!-- Default test -->
  </suite> <!-- Default suite -->
</testng-results>
