<?xml version="1.0" encoding="UTF-8"?>
<testng-results ignored="3" total="6" passed="3" failed="0" skipped="0">
  <reporter-output>
    <line>
      <![CDATA[<b>Clicked on Quote button </b> <br />]]>
    </line>
    <line>
      <![CDATA[<b>Manufacture =AUDI has been selected</b> <br />]]>
    </line>
    <line>
      <![CDATA[<b>Model range =A7 has been selected</b> <br />]]>
    </line>
    <line>
      <![CDATA[<b>Vehicle has been selected</b> <br />]]>
    </line>
    <line>
      <![CDATA[<b>Paint option has been selected</b> <br />]]>
    </line>
    <line>
      <![CDATA[<b>Interior option has been selected</b> <br />]]>
    </line>
    <line>
      <![CDATA[<b> Acquisition Contract type option = Outright has been selected</b> <br />]]>
    </line>
    <line>
      <![CDATA[<b> Customer Contract type option = Finance Lease(FL) has been selected</b> <br />]]>
    </line>
    <line>
      <![CDATA[<b>Getting Basic Price- Vehicle value is  =46854.17</b> <br />]]>
    </line>
    <line>
      <![CDATA[<b>Getting Basic Price - Paint  value is  =0.00</b> <br />]]>
    </line>
    <line>
      <![CDATA[<b>Getting  Basic Price - Options value is   =833.33</b> <br />]]>
    </line>
    <line>
      <![CDATA[<b>Getting Discount- Vehicle value is  =0.00</b> <br />]]>
    </line>
    <line>
      <![CDATA[<b>Getting   Discount - Paint value is   =0.00</b> <br />]]>
    </line>
    <line>
      <![CDATA[<b>Getting  Discount- Options value is   =0.00</b> <br />]]>
    </line>
    <line>
      <![CDATA[<b>Getting Additional Discount- Vehicle value is  =0.00</b> <br />]]>
    </line>
    <line>
      <![CDATA[<b>Getting  Additional Discount - paint value is  =0.00</b> <br />]]>
    </line>
    <line>
      <![CDATA[<b>Getting  Additional Discount - Options value is  =0.00</b> <br />]]>
    </line>
    <line>
      <![CDATA[<b>Writing OTR table values to excel sheet -Started </b> <br />]]>
    </line>
    <line>
      <![CDATA[<b>Writing OTR table values to excel sheet -Completed </b> <br />]]>
    </line>
    <line>
      <![CDATA[<b>Reading Subtotal After Discount from excel sheet -Started </b> <br />]]>
    </line>
    <line>
      <![CDATA[<b>Reading Subtotal After Discount from excel sheet -Started </b> <br />]]>
    </line>
    <line>
      <![CDATA[<b>Subtotal After Discount from excel sheet is =47687.5</b> <br />]]>
    </line>
    <line>
      <![CDATA[<b>Subtotal after discount actual value from screen =£ 47,687.50</b> <br />]]>
    </line>
    <line>
      <![CDATA[<b>*********Calculations for On Road Price has been started***********</b> <br />]]>
    </line>
    <line>
      <![CDATA[<b>Started getting On screen values from after discount table </b> <br />]]>
    </line>
    <line>
      <![CDATA[<b>Manufacture_delivery_charges =550.0</b> <br />]]>
    </line>
    <line>
      <![CDATA[<b>Road_tax_first_year =585.0</b> <br />]]>
    </line>
    <line>
      <![CDATA[<b>First_registration_fee =55.0</b> <br />]]>
    </line>
    <line>
      <![CDATA[<b>Rebate =0.0</b> <br />]]>
    </line>
    <line>
      <![CDATA[<b>Writing After discount values to excel has been started</b> <br />]]>
    </line>
    <line>
      <![CDATA[<b>Writing After discount values to excel has been completed</b> <br />]]>
    </line>
    <line>
      <![CDATA[<b>Reading On Road Price for invoice from excel has been Started</b> <br />]]>
    </line>
    <line>
      <![CDATA[<b>Reading On Road Price for invoice from excel has been completed</b> <br />]]>
    </line>
    <line>
      <![CDATA[<b>Expected on the road price from excel is =58525.0</b> <br />]]>
    </line>
    <line>
      <![CDATA[<b>Actual on the road price from screen is =58525.00</b> <br />]]>
    </line>
    <line>
      <![CDATA[<b>Verification of OTR price for calculation after adding other support value has been started</b> <br />]]>
    </line>
    <line>
      <![CDATA[<b>Writing other support value to Excel has been started</b> <br />]]>
    </line>
    <line>
      <![CDATA[<b>Writing other support value to Excel has been ended</b> <br />]]>
    </line>
    <line>
      <![CDATA[<b>OTR price for calculation after adding other support found OK</b> <br />]]>
    </line>
    <line>
      <![CDATA[<b>Verification of OTR price for calculation after adding other support value has been ended</b> <br />]]>
    </line>
  </reporter-output>
  <suite started-at="2023-02-08T19:43:52 IST" name="Default suite" finished-at="2023-02-08T19:45:27 IST" duration-ms="95560">
    <groups>
    </groups>
    <test started-at="2023-02-08T19:43:52 IST" name="Default test" finished-at="2023-02-08T19:45:27 IST" duration-ms="95560">
      <class name="com.amt.test.OP.Acquisition_Quotes_Outright_FL_without_maintenance_Test">
        <test-method is-config="true" signature="setup()[pri:0, instance:com.amt.test.OP.Acquisition_Quotes_Outright_FL_without_maintenance_Test@45099dd3]" started-at="2023-02-08T19:43:52 IST" name="setup" finished-at="2023-02-08T19:44:07 IST" duration-ms="15305" status="PASS">
          <reporter-output>
          </reporter-output>
        </test-method> <!-- setup -->
        <test-method signature="aquisition_quotes_outright_FL_OTR_calculation_without_maintenance_test(java.lang.String,java.lang.String,java.lang.String,java.lang.String,java.lang.String,java.lang.String,java.lang.String,java.lang.String,java.lang.String,java.lang.String,java.lang.String,java.lang.String,java.lang.String,java.lang.String,java.lang.String,java.lang.String,java.lang.String,java.lang.String,java.lang.String)[pri:1, instance:com.amt.test.OP.Acquisition_Quotes_Outright_FL_without_maintenance_Test@45099dd3]" started-at="2023-02-08T19:44:09 IST" name="aquisition_quotes_outright_FL_OTR_calculation_without_maintenance_test" data-provider="testData" finished-at="2023-02-08T19:45:07 IST" duration-ms="58138" status="PASS">
          <params>
            <param index="0">
              <value>
                <![CDATA[AUDI]]>
              </value>
            </param>
            <param index="1">
              <value>
                <![CDATA[A7]]>
              </value>
            </param>
            <param index="2">
              <value>
                <![CDATA[0]]>
              </value>
            </param>
            <param index="3">
              <value>
                <![CDATA[0]]>
              </value>
            </param>
            <param index="4">
              <value>
                <![CDATA[150]]>
              </value>
            </param>
            <param index="5">
              <value>
                <![CDATA[100]]>
              </value>
            </param>
            <param index="6">
              <value>
                <![CDATA[20000]]>
              </value>
            </param>
            <param index="7">
              <value>
                <![CDATA[10000]]>
              </value>
            </param>
            <param index="8">
              <value>
                <![CDATA[6000]]>
              </value>
            </param>
            <param index="9">
              <value>
                <![CDATA[2000]]>
              </value>
            </param>
            <param index="10">
              <value>
                <![CDATA[1000]]>
              </value>
            </param>
            <param index="11">
              <value>
                <![CDATA[199.99]]>
              </value>
            </param>
            <param index="12">
              <value>
                <![CDATA[0]]>
              </value>
            </param>
            <param index="13">
              <value>
                <![CDATA[NO]]>
              </value>
            </param>
            <param index="14">
              <value>
                <![CDATA[0]]>
              </value>
            </param>
            <param index="15">
              <value>
                <![CDATA[200]]>
              </value>
            </param>
            <param index="16">
              <value>
                <![CDATA[NO]]>
              </value>
            </param>
            <param index="17">
              <value>
                <![CDATA[0]]>
              </value>
            </param>
            <param index="18">
              <value>
                <![CDATA[Formula1-FL]]>
              </value>
            </param>
          </params>
          <reporter-output>
            <line>
              <![CDATA[<b>Clicked on Quote button </b> <br />]]>
            </line>
            <line>
              <![CDATA[<b>Manufacture =AUDI has been selected</b> <br />]]>
            </line>
            <line>
              <![CDATA[<b>Model range =A7 has been selected</b> <br />]]>
            </line>
            <line>
              <![CDATA[<b>Vehicle has been selected</b> <br />]]>
            </line>
            <line>
              <![CDATA[<b>Paint option has been selected</b> <br />]]>
            </line>
            <line>
              <![CDATA[<b>Interior option has been selected</b> <br />]]>
            </line>
            <line>
              <![CDATA[<b> Acquisition Contract type option = Outright has been selected</b> <br />]]>
            </line>
            <line>
              <![CDATA[<b> Customer Contract type option = Finance Lease(FL) has been selected</b> <br />]]>
            </line>
            <line>
              <![CDATA[<b>Getting Basic Price- Vehicle value is  =46854.17</b> <br />]]>
            </line>
            <line>
              <![CDATA[<b>Getting Basic Price - Paint  value is  =0.00</b> <br />]]>
            </line>
            <line>
              <![CDATA[<b>Getting  Basic Price - Options value is   =833.33</b> <br />]]>
            </line>
            <line>
              <![CDATA[<b>Getting Discount- Vehicle value is  =0.00</b> <br />]]>
            </line>
            <line>
              <![CDATA[<b>Getting   Discount - Paint value is   =0.00</b> <br />]]>
            </line>
            <line>
              <![CDATA[<b>Getting  Discount- Options value is   =0.00</b> <br />]]>
            </line>
            <line>
              <![CDATA[<b>Getting Additional Discount- Vehicle value is  =0.00</b> <br />]]>
            </line>
            <line>
              <![CDATA[<b>Getting  Additional Discount - paint value is  =0.00</b> <br />]]>
            </line>
            <line>
              <![CDATA[<b>Getting  Additional Discount - Options value is  =0.00</b> <br />]]>
            </line>
            <line>
              <![CDATA[<b>Writing OTR table values to excel sheet -Started </b> <br />]]>
            </line>
            <line>
              <![CDATA[<b>Writing OTR table values to excel sheet -Completed </b> <br />]]>
            </line>
            <line>
              <![CDATA[<b>Reading Subtotal After Discount from excel sheet -Started </b> <br />]]>
            </line>
            <line>
              <![CDATA[<b>Reading Subtotal After Discount from excel sheet -Started </b> <br />]]>
            </line>
            <line>
              <![CDATA[<b>Subtotal After Discount from excel sheet is =47687.5</b> <br />]]>
            </line>
            <line>
              <![CDATA[<b>Subtotal after discount actual value from screen =£ 47,687.50</b> <br />]]>
            </line>
          </reporter-output>
        </test-method> <!-- aquisition_quotes_outright_FL_OTR_calculation_without_maintenance_test -->
        <test-method signature="aquisition_quotes_outright_FL_after_discount_calculations_without_maintenance_test(java.lang.String,java.lang.String,java.lang.String,java.lang.String,java.lang.String,java.lang.String,java.lang.String,java.lang.String,java.lang.String,java.lang.String,java.lang.String,java.lang.String,java.lang.String,java.lang.String,java.lang.String,java.lang.String,java.lang.String,java.lang.String,java.lang.String)[pri:2, instance:com.amt.test.OP.Acquisition_Quotes_Outright_FL_without_maintenance_Test@45099dd3]" started-at="2023-02-08T19:45:07 IST" name="aquisition_quotes_outright_FL_after_discount_calculations_without_maintenance_test" data-provider="testData" finished-at="2023-02-08T19:45:10 IST" depends-on-methods="com.amt.test.OP.Acquisition_Quotes_Outright_FL_without_maintenance_Test.aquisition_quotes_outright_FL_OTR_calculation_without_maintenance_test" duration-ms="3260" status="PASS">
          <params>
            <param index="0">
              <value>
                <![CDATA[AUDI]]>
              </value>
            </param>
            <param index="1">
              <value>
                <![CDATA[A7]]>
              </value>
            </param>
            <param index="2">
              <value>
                <![CDATA[0]]>
              </value>
            </param>
            <param index="3">
              <value>
                <![CDATA[0]]>
              </value>
            </param>
            <param index="4">
              <value>
                <![CDATA[150]]>
              </value>
            </param>
            <param index="5">
              <value>
                <![CDATA[100]]>
              </value>
            </param>
            <param index="6">
              <value>
                <![CDATA[20000]]>
              </value>
            </param>
            <param index="7">
              <value>
                <![CDATA[10000]]>
              </value>
            </param>
            <param index="8">
              <value>
                <![CDATA[6000]]>
              </value>
            </param>
            <param index="9">
              <value>
                <![CDATA[2000]]>
              </value>
            </param>
            <param index="10">
              <value>
                <![CDATA[1000]]>
              </value>
            </param>
            <param index="11">
              <value>
                <![CDATA[199.99]]>
              </value>
            </param>
            <param index="12">
              <value>
                <![CDATA[0]]>
              </value>
            </param>
            <param index="13">
              <value>
                <![CDATA[NO]]>
              </value>
            </param>
            <param index="14">
              <value>
                <![CDATA[0]]>
              </value>
            </param>
            <param index="15">
              <value>
                <![CDATA[200]]>
              </value>
            </param>
            <param index="16">
              <value>
                <![CDATA[NO]]>
              </value>
            </param>
            <param index="17">
              <value>
                <![CDATA[0]]>
              </value>
            </param>
            <param index="18">
              <value>
                <![CDATA[Formula1-FL]]>
              </value>
            </param>
          </params>
          <reporter-output>
            <line>
              <![CDATA[<b>*********Calculations for On Road Price has been started***********</b> <br />]]>
            </line>
            <line>
              <![CDATA[<b>Started getting On screen values from after discount table </b> <br />]]>
            </line>
            <line>
              <![CDATA[<b>Manufacture_delivery_charges =550.0</b> <br />]]>
            </line>
            <line>
              <![CDATA[<b>Road_tax_first_year =585.0</b> <br />]]>
            </line>
            <line>
              <![CDATA[<b>First_registration_fee =55.0</b> <br />]]>
            </line>
            <line>
              <![CDATA[<b>Rebate =0.0</b> <br />]]>
            </line>
            <line>
              <![CDATA[<b>Writing After discount values to excel has been started</b> <br />]]>
            </line>
            <line>
              <![CDATA[<b>Writing After discount values to excel has been completed</b> <br />]]>
            </line>
            <line>
              <![CDATA[<b>Reading On Road Price for invoice from excel has been Started</b> <br />]]>
            </line>
            <line>
              <![CDATA[<b>Reading On Road Price for invoice from excel has been completed</b> <br />]]>
            </line>
            <line>
              <![CDATA[<b>Expected on the road price from excel is =58525.0</b> <br />]]>
            </line>
            <line>
              <![CDATA[<b>Actual on the road price from screen is =58525.00</b> <br />]]>
            </line>
          </reporter-output>
        </test-method> <!-- aquisition_quotes_outright_FL_after_discount_calculations_without_maintenance_test -->
        <test-method signature="aquisition_quotes_outright_FL_other_support_check_without_maintenance_test(java.lang.String,java.lang.String,java.lang.String,java.lang.String,java.lang.String,java.lang.String,java.lang.String,java.lang.String,java.lang.String,java.lang.String,java.lang.String,java.lang.String,java.lang.String,java.lang.String,java.lang.String,java.lang.String,java.lang.String,java.lang.String,java.lang.String)[pri:3, instance:com.amt.test.OP.Acquisition_Quotes_Outright_FL_without_maintenance_Test@45099dd3]" started-at="2023-02-08T19:45:11 IST" name="aquisition_quotes_outright_FL_other_support_check_without_maintenance_test" data-provider="testData" finished-at="2023-02-08T19:45:27 IST" depends-on-methods="com.amt.test.OP.Acquisition_Quotes_Outright_FL_without_maintenance_Test.aquisition_quotes_outright_FL_after_discount_calculations_without_maintenance_test" duration-ms="16516" status="PASS">
          <params>
            <param index="0">
              <value>
                <![CDATA[AUDI]]>
              </value>
            </param>
            <param index="1">
              <value>
                <![CDATA[A7]]>
              </value>
            </param>
            <param index="2">
              <value>
                <![CDATA[0]]>
              </value>
            </param>
            <param index="3">
              <value>
                <![CDATA[0]]>
              </value>
            </param>
            <param index="4">
              <value>
                <![CDATA[150]]>
              </value>
            </param>
            <param index="5">
              <value>
                <![CDATA[100]]>
              </value>
            </param>
            <param index="6">
              <value>
                <![CDATA[20000]]>
              </value>
            </param>
            <param index="7">
              <value>
                <![CDATA[10000]]>
              </value>
            </param>
            <param index="8">
              <value>
                <![CDATA[6000]]>
              </value>
            </param>
            <param index="9">
              <value>
                <![CDATA[2000]]>
              </value>
            </param>
            <param index="10">
              <value>
                <![CDATA[1000]]>
              </value>
            </param>
            <param index="11">
              <value>
                <![CDATA[199.99]]>
              </value>
            </param>
            <param index="12">
              <value>
                <![CDATA[0]]>
              </value>
            </param>
            <param index="13">
              <value>
                <![CDATA[NO]]>
              </value>
            </param>
            <param index="14">
              <value>
                <![CDATA[0]]>
              </value>
            </param>
            <param index="15">
              <value>
                <![CDATA[200]]>
              </value>
            </param>
            <param index="16">
              <value>
                <![CDATA[NO]]>
              </value>
            </param>
            <param index="17">
              <value>
                <![CDATA[0]]>
              </value>
            </param>
            <param index="18">
              <value>
                <![CDATA[Formula1-FL]]>
              </value>
            </param>
          </params>
          <reporter-output>
            <line>
              <![CDATA[<b>Verification of OTR price for calculation after adding other support value has been started</b> <br />]]>
            </line>
            <line>
              <![CDATA[<b>Writing other support value to Excel has been started</b> <br />]]>
            </line>
            <line>
              <![CDATA[<b>Writing other support value to Excel has been ended</b> <br />]]>
            </line>
            <line>
              <![CDATA[<b>OTR price for calculation after adding other support found OK</b> <br />]]>
            </line>
            <line>
              <![CDATA[<b>Verification of OTR price for calculation after adding other support value has been ended</b> <br />]]>
            </line>
          </reporter-output>
        </test-method> <!-- aquisition_quotes_outright_FL_other_support_check_without_maintenance_test -->
      </class> <!-- com.amt.test.OP.Acquisition_Quotes_Outright_FL_without_maintenance_Test -->
    </test> <!-- Default test -->
  </suite> <!-- Default suite -->
</testng-results>
