<?xml version="1.0" encoding="UTF-8"?>
<testng-results ignored="0" total="6" passed="6" failed="0" skipped="0">
  <reporter-output>
    <line>
      <![CDATA[<b></b> <br />]]>
    </line>
    <line>
      <![CDATA[<b>Searching for Order ID EI-10858</b> <br />]]>
    </line>
    <line>
      <![CDATA[<b>Order -- Default Status - Found OK i.e Order Pending </b> <br />]]>
    </line>
    <line>
      <![CDATA[<b>File is Uploaded Successfully</b> <br />]]>
    </line>
    <line>
      <![CDATA[<b>Order Status after uploading order form - Found OK i.e Order Confirmed </b> <br />]]>
    </line>
    <line>
      <![CDATA[<b>Clicking on DELIVERY</b> <br />]]>
    </line>
    <line>
      <![CDATA[<b>Delivery Status after selecting delivery date offered - Found OK i.e Awaiting Booking</b> <br />]]>
    </line>
    <line>
      <![CDATA[<b>Delivery Status after selecting confirmed delivery date - Found OK i.e Delivery Booked</b> <br />]]>
    </line>
    <line>
      <![CDATA[<b>Delivery Status after uploading the delivery note - Found OK i.e Delivered</b> <br />]]>
    </line>
  </reporter-output>
  <suite started-at="2023-11-01T18:02:18 IST" name="Default suite" finished-at="2023-11-01T18:05:46 IST" duration-ms="208131">
    <groups>
    </groups>
    <test started-at="2023-11-01T18:02:18 IST" name="Default test" finished-at="2023-11-01T18:05:46 IST" duration-ms="208131">
      <class name="orders.Orders_Asset_Funding_Required_Flow_HPNR_Verify_Vehicle_Order_Tab_Statuses_Test">
        <test-method is-config="true" signature="start_info()[pri:0, instance:orders.Orders_Asset_Funding_Required_Flow_HPNR_Verify_Vehicle_Order_Tab_Statuses_Test@740cae06]" started-at="2023-11-01T18:02:18 IST" name="start_info" finished-at="2023-11-01T18:02:18 IST" duration-ms="7" status="PASS">
          <reporter-output>
          </reporter-output>
        </test-method> <!-- start_info -->
        <test-method is-config="true" signature="setup()[pri:0, instance:orders.Orders_Asset_Funding_Required_Flow_HPNR_Verify_Vehicle_Order_Tab_Statuses_Test@740cae06]" started-at="2023-11-01T18:02:18 IST" name="setup" finished-at="2023-11-01T18:02:27 IST" duration-ms="9500" status="PASS">
          <reporter-output>
          </reporter-output>
        </test-method> <!-- setup -->
        <test-method signature="open_order_created_in_acquisition_test()[pri:1, instance:orders.Orders_Asset_Funding_Required_Flow_HPNR_Verify_Vehicle_Order_Tab_Statuses_Test@740cae06]" started-at="2023-11-01T18:02:27 IST" name="open_order_created_in_acquisition_test" finished-at="2023-11-01T18:03:19 IST" duration-ms="51637" status="PASS">
          <reporter-output>
            <line>
              <![CDATA[<b></b> <br />]]>
            </line>
            <line>
              <![CDATA[<b>Searching for Order ID EI-10858</b> <br />]]>
            </line>
          </reporter-output>
        </test-method> <!-- open_order_created_in_acquisition_test -->
        <test-method signature="verify_default_order_status_vehicle_tab_test()[pri:2, instance:orders.Orders_Asset_Funding_Required_Flow_HPNR_Verify_Vehicle_Order_Tab_Statuses_Test@740cae06]" started-at="2023-11-01T18:03:19 IST" name="verify_default_order_status_vehicle_tab_test" finished-at="2023-11-01T18:03:25 IST" depends-on-methods="orders.Orders_Asset_Funding_Required_Flow_HPNR_Verify_Vehicle_Order_Tab_Statuses_Test.open_order_created_in_acquisition_test" duration-ms="6369" status="PASS">
          <reporter-output>
            <line>
              <![CDATA[<b>Order -- Default Status - Found OK i.e Order Pending </b> <br />]]>
            </line>
          </reporter-output>
        </test-method> <!-- verify_default_order_status_vehicle_tab_test -->
        <test-method signature="verify_order_status_after_uploading_order_form_in_vehicle_tab_test()[pri:3, instance:orders.Orders_Asset_Funding_Required_Flow_HPNR_Verify_Vehicle_Order_Tab_Statuses_Test@740cae06]" started-at="2023-11-01T18:03:25 IST" name="verify_order_status_after_uploading_order_form_in_vehicle_tab_test" finished-at="2023-11-01T18:04:29 IST" depends-on-methods="orders.Orders_Asset_Funding_Required_Flow_HPNR_Verify_Vehicle_Order_Tab_Statuses_Test.verify_default_order_status_vehicle_tab_test" duration-ms="63658" status="PASS">
          <reporter-output>
            <line>
              <![CDATA[<b>File is Uploaded Successfully</b> <br />]]>
            </line>
            <line>
              <![CDATA[<b>Order Status after uploading order form - Found OK i.e Order Confirmed </b> <br />]]>
            </line>
          </reporter-output>
        </test-method> <!-- verify_order_status_after_uploading_order_form_in_vehicle_tab_test -->
        <test-method signature="verify_delivery_status_after_selecting_date_offered_in_delivery_section_of_vehicle_tab_test()[pri:4, instance:orders.Orders_Asset_Funding_Required_Flow_HPNR_Verify_Vehicle_Order_Tab_Statuses_Test@740cae06]" started-at="2023-11-01T18:04:29 IST" name="verify_delivery_status_after_selecting_date_offered_in_delivery_section_of_vehicle_tab_test" finished-at="2023-11-01T18:04:57 IST" depends-on-methods="orders.Orders_Asset_Funding_Required_Flow_HPNR_Verify_Vehicle_Order_Tab_Statuses_Test.verify_order_status_after_uploading_order_form_in_vehicle_tab_test" duration-ms="28149" status="PASS">
          <reporter-output>
            <line>
              <![CDATA[<b>Clicking on DELIVERY</b> <br />]]>
            </line>
            <line>
              <![CDATA[<b>Delivery Status after selecting delivery date offered - Found OK i.e Awaiting Booking</b> <br />]]>
            </line>
          </reporter-output>
        </test-method> <!-- verify_delivery_status_after_selecting_date_offered_in_delivery_section_of_vehicle_tab_test -->
        <test-method signature="verify_delivery_status_after_selecting_confirmed_delivery_date_in_delivery_section_of_vehicle_tab_test()[pri:5, instance:orders.Orders_Asset_Funding_Required_Flow_HPNR_Verify_Vehicle_Order_Tab_Statuses_Test@740cae06]" started-at="2023-11-01T18:04:57 IST" name="verify_delivery_status_after_selecting_confirmed_delivery_date_in_delivery_section_of_vehicle_tab_test" finished-at="2023-11-01T18:05:12 IST" depends-on-methods="orders.Orders_Asset_Funding_Required_Flow_HPNR_Verify_Vehicle_Order_Tab_Statuses_Test.verify_delivery_status_after_selecting_date_offered_in_delivery_section_of_vehicle_tab_test" duration-ms="14808" status="PASS">
          <reporter-output>
            <line>
              <![CDATA[<b>Delivery Status after selecting confirmed delivery date - Found OK i.e Delivery Booked</b> <br />]]>
            </line>
          </reporter-output>
        </test-method> <!-- verify_delivery_status_after_selecting_confirmed_delivery_date_in_delivery_section_of_vehicle_tab_test -->
        <test-method signature="verify_delivery_status_after_uploading_delivery_note_in_post_delivery_section_on_vehicle_order_tab()[pri:6, instance:orders.Orders_Asset_Funding_Required_Flow_HPNR_Verify_Vehicle_Order_Tab_Statuses_Test@740cae06]" started-at="2023-11-01T18:05:12 IST" name="verify_delivery_status_after_uploading_delivery_note_in_post_delivery_section_on_vehicle_order_tab" finished-at="2023-11-01T18:05:46 IST" depends-on-methods="orders.Orders_Asset_Funding_Required_Flow_HPNR_Verify_Vehicle_Order_Tab_Statuses_Test.verify_delivery_status_after_selecting_confirmed_delivery_date_in_delivery_section_of_vehicle_tab_test" duration-ms="33972" status="PASS">
          <reporter-output>
            <line>
              <![CDATA[<b>Delivery Status after uploading the delivery note - Found OK i.e Delivered</b> <br />]]>
            </line>
          </reporter-output>
        </test-method> <!-- verify_delivery_status_after_uploading_delivery_note_in_post_delivery_section_on_vehicle_order_tab -->
        <test-method is-config="true" signature="end()[pri:0, instance:orders.Orders_Asset_Funding_Required_Flow_HPNR_Verify_Vehicle_Order_Tab_Statuses_Test@740cae06]" started-at="2023-11-01T18:05:46 IST" name="end" finished-at="2023-11-01T18:05:46 IST" duration-ms="0" status="PASS">
          <reporter-output>
          </reporter-output>
        </test-method> <!-- end -->
      </class> <!-- orders.Orders_Asset_Funding_Required_Flow_HPNR_Verify_Vehicle_Order_Tab_Statuses_Test -->
    </test> <!-- Default test -->
  </suite> <!-- Default suite -->
</testng-results>
