<?xml version="1.0" encoding="UTF-8"?>
<testng-results ignored="0" total="1" passed="1" failed="0" skipped="0">
  <reporter-output>
    <line>
      <![CDATA[<b>Clicked on Opportunity link from Menu </b> <br />]]>
    </line>
    <line>
      <![CDATA[<b>Enter the Opportunity id in Search Text box</b> <br />]]>
    </line>
    <line>
      <![CDATA[<b> </b> <br />]]>
    </line>
    <line>
      <![CDATA[<b>*****Creating Order Started*****</b> <br />]]>
    </line>
    <line>
      <![CDATA[<b> </b> <br />]]>
    </line>
    <line>
      <![CDATA[<b>***** Order Created Successfully *****</b> <br />]]>
    </line>
    <line>
      <![CDATA[<b>Order ID BG-09266 is saved to Excel sheet named Quote Save, in the sheet Order_ID</b> <br />]]>
    </line>
    <line>
      <![CDATA[<b>*****xxxxxxxxxxxxxxxxxxxxxxxxxxxxx*****</b> <br />]]>
    </line>
  </reporter-output>
  <suite started-at="2023-12-15T15:04:43 IST" name="Default suite" finished-at="2023-12-15T15:06:03 IST" duration-ms="80692">
    <groups>
    </groups>
    <test started-at="2023-12-15T15:04:43 IST" name="Default test" finished-at="2023-12-15T15:06:03 IST" duration-ms="80692">
      <class name="opportunity.Create_order_from_opportunity_Test">
        <test-method is-config="true" signature="start_info()[pri:0, instance:opportunity.Create_order_from_opportunity_Test@3e27aa33]" started-at="2023-12-15T15:04:43 IST" name="start_info" finished-at="2023-12-15T15:04:43 IST" duration-ms="5" status="PASS">
          <reporter-output>
          </reporter-output>
        </test-method> <!-- start_info -->
        <test-method is-config="true" signature="setup()[pri:0, instance:opportunity.Create_order_from_opportunity_Test@3e27aa33]" started-at="2023-12-15T15:04:43 IST" name="setup" finished-at="2023-12-15T15:04:53 IST" duration-ms="9986" status="PASS">
          <reporter-output>
          </reporter-output>
        </test-method> <!-- setup -->
        <test-method signature="create_order_from_opportunity_test()[pri:1, instance:opportunity.Create_order_from_opportunity_Test@3e27aa33]" started-at="2023-12-15T15:04:53 IST" name="create_order_from_opportunity_test" finished-at="2023-12-15T15:06:03 IST" duration-ms="70678" status="PASS">
          <reporter-output>
            <line>
              <![CDATA[<b>Clicked on Opportunity link from Menu </b> <br />]]>
            </line>
            <line>
              <![CDATA[<b>Enter the Opportunity id in Search Text box</b> <br />]]>
            </line>
            <line>
              <![CDATA[<b> </b> <br />]]>
            </line>
            <line>
              <![CDATA[<b>*****Creating Order Started*****</b> <br />]]>
            </line>
            <line>
              <![CDATA[<b> </b> <br />]]>
            </line>
            <line>
              <![CDATA[<b>***** Order Created Successfully *****</b> <br />]]>
            </line>
            <line>
              <![CDATA[<b>Order ID BG-09266 is saved to Excel sheet named Quote Save, in the sheet Order_ID</b> <br />]]>
            </line>
            <line>
              <![CDATA[<b>*****xxxxxxxxxxxxxxxxxxxxxxxxxxxxx*****</b> <br />]]>
            </line>
          </reporter-output>
        </test-method> <!-- create_order_from_opportunity_test -->
        <test-method is-config="true" signature="end()[pri:0, instance:opportunity.Create_order_from_opportunity_Test@3e27aa33]" started-at="2023-12-15T15:06:03 IST" name="end" finished-at="2023-12-15T15:06:03 IST" duration-ms="0" status="PASS">
          <reporter-output>
          </reporter-output>
        </test-method> <!-- end -->
      </class> <!-- opportunity.Create_order_from_opportunity_Test -->
    </test> <!-- Default test -->
  </suite> <!-- Default suite -->
</testng-results>
