<?xml version="1.0" encoding="UTF-8"?>
<testng-results ignored="0" total="5" passed="5" failed="0" skipped="0">
  <reporter-output>
    <line>
      <![CDATA[<b>Clicked on Quote button </b> <br />]]>
    </line>
    <line>
      <![CDATA[<b>Selecting used vehicle with registration no. = GY19XAG and mileage = 10000</b> <br />]]>
    </line>
    <line>
      <![CDATA[<b>Vehicle selected</b> <br />]]>
    </line>
    <line>
      <![CDATA[<b>Paint option has been selected</b> <br />]]>
    </line>
    <line>
      <![CDATA[<b>Interior option has been selected</b> <br />]]>
    </line>
    <line>
      <![CDATA[<b> Acquisition Contract type option = HPNR has been selected</b> <br />]]>
    </line>
    <line>
      <![CDATA[<b> Customer Contract type option = Personal Contract Hire(PCH) has been selected</b> <br />]]>
    </line>
    <line>
      <![CDATA[<b>Cost Price ex VAT and RFL from screen is 23125.0</b> <br />]]>
    </line>
    <line>
      <![CDATA[<b>VAT from screen is 4625.0</b> <br />]]>
    </line>
    <line>
      <![CDATA[<b>Cost Price ex VAT and RFL calculated is 23125.0</b> <br />]]>
    </line>
    <line>
      <![CDATA[<b>Cost Price ex VAT and RFL verified and found OK</b> <br />]]>
    </line>
    <line>
      <![CDATA[<b>***********Entered in holding cost page ***********</b> <br />]]>
    </line>
    <line>
      <![CDATA[<b>***********Holding Cost Calculations has been Started*************</b> <br />]]>
    </line>
    <line>
      <![CDATA[<b>Writing Holding Cost Summary values to excel has been completed</b> <br />]]>
    </line>
    <line>
      <![CDATA[<b>Reading Monthly Holding Cost value from excel</b> <br />]]>
    </line>
    <line>
      <![CDATA[<b>Total_monthly_holding_cost_from_screen =531.35</b> <br />]]>
    </line>
    <line>
      <![CDATA[<b>Total_monthly_holding_cost_from_excel =531.35</b> <br />]]>
    </line>
    <line>
      <![CDATA[<b>Writing configuration values from property file to Excel for customer quote calculation -started</b> <br />]]>
    </line>
    <line>
      <![CDATA[<b>Writing configuration values from property file to Excel for customer quote calculation -completed</b> <br />]]>
    </line>
    <line>
      <![CDATA[<b>************Calculations for Customer Quote Page has been started***********</b> <br />]]>
    </line>
    <line>
      <![CDATA[<b>Payment Profile Monthly in Advance option has been selected</b> <br />]]>
    </line>
    <line>
      <![CDATA[<b>Writing values to Excel for customer quote calculation -started</b> <br />]]>
    </line>
    <line>
      <![CDATA[<b>Writing values to Excel for customer quote calculation -completed</b> <br />]]>
    </line>
    <line>
      <![CDATA[<b>Reading  Monthly Finance and Maintenance Rental from  Excel   -started</b> <br />]]>
    </line>
    <line>
      <![CDATA[<b>Reading  Monthly Finance and Maintenance Rental from  Excel   -completed</b> <br />]]>
    </line>
    <line>
      <![CDATA[<b>Monthly Finance Rental from Excel is =885.5324173053667</b> <br />]]>
    </line>
    <line>
      <![CDATA[<b>Monthly Finance Rental from screen is 885.53</b> <br />]]>
    </line>
    <line>
      <![CDATA[<b>Monthly Maintenance Rental from Excel is =43.704</b> <br />]]>
    </line>
    <line>
      <![CDATA[<b>Monthly Maintenance Rental from screen is 43.7</b> <br />]]>
    </line>
    <line>
      <![CDATA[<b>Monthly Finance Rental from screen (after submitting upsell values) is 930.29</b> <br />]]>
    </line>
    <line>
      <![CDATA[<b>Monthly Mainte. Rental from screen ((after submitting upsell values) is 43.7</b> <br />]]>
    </line>
    <line>
      <![CDATA[<b>Writing upsell values to excel</b> <br />]]>
    </line>
    <line>
      <![CDATA[<b>Monthly Finance Rental from Excel (after submitting upsell values) is 930.2906083322167</b> <br />]]>
    </line>
    <line>
      <![CDATA[<b>Monthly Mainte. Rental from Excel ((after submitting upsell values) is 43.704</b> <br />]]>
    </line>
    <line>
      <![CDATA[<b>Monthly finance and maint. rental (after submitting upsell values) is found OK</b> <br />]]>
    </line>
    <line>
      <![CDATA[<b>Clicked on Part Exchange panel</b> <br />]]>
    </line>
    <line>
      <![CDATA[<b>Expected Monthly Finance Rental From Excel is =596.95727499888</b> <br />]]>
    </line>
    <line>
      <![CDATA[<b>Actuacl Monthly Finance Rental From screen is =596.96</b> <br />]]>
    </line>
    <line>
      <![CDATA[<b>Expected Monthly Maint. Rental From Excel is =43.704</b> <br />]]>
    </line>
    <line>
      <![CDATA[<b>Actuacl Monthly Maint. Rental From screen is =43.7</b> <br />]]>
    </line>
    <line>
      <![CDATA[<b>Started verifying Balance Due value</b> <br />]]>
    </line>
    <line>
      <![CDATA[<b>Balance due value (when part exchange toggle is OFF) is verified and found ok</b> <br />]]>
    </line>
    <line>
      <![CDATA[<b>Balance due value (when part exchange toggle is ON) is verified and found ok</b> <br />]]>
    </line>
    <line>
      <![CDATA[<b>Monthly Finance Rental from screen (after updating customer quote summary upsell value) is 619.34</b> <br />]]>
    </line>
    <line>
      <![CDATA[<b>Monthly Mainte. Rental from screen (after updating customer quote summary upsell value) is 43.7</b> <br />]]>
    </line>
    <line>
      <![CDATA[<b>Writing upsell values to excel</b> <br />]]>
    </line>
    <line>
      <![CDATA[<b>Monthly Finance Rental from Excel (after updating customer quote summary upsell value) is 619.3363705123033</b> <br />]]>
    </line>
    <line>
      <![CDATA[<b>Monthly Mainte. Rental from Excel (after updating customer quote summary upsell value) is 43.704</b> <br />]]>
    </line>
    <line>
      <![CDATA[<b>Monthly finance and maint. rental (after updating customer quote summary upsell value) is found OK</b> <br />]]>
    </line>
    <line>
      <![CDATA[<b>*************OTR Calulation on quote summary page has been started************</b> <br />]]>
    </line>
    <line>
      <![CDATA[<b>Reading values from OTR calculation -Quote Summary Page</b> <br />]]>
    </line>
    <line>
      <![CDATA[<b></b> <br />]]>
    </line>
    <line>
      <![CDATA[<b>Cost otr price from screen is 27750.0</b> <br />]]>
    </line>
    <line>
      <![CDATA[<b>Cost price ex vat and rfl from screen is 23125.0</b> <br />]]>
    </line>
    <line>
      <![CDATA[<b>Otr Vat from screen is 4625.0</b> <br />]]>
    </line>
    <line>
      <![CDATA[<b></b> <br />]]>
    </line>
    <line>
      <![CDATA[<b>Cost otr price from excel is 27750.0</b> <br />]]>
    </line>
    <line>
      <![CDATA[<b>Cost price ex vat and rfl from excel is 23125.0</b> <br />]]>
    </line>
    <line>
      <![CDATA[<b>Otr Vat from excel is 4625.0</b> <br />]]>
    </line>
    <line>
      <![CDATA[<b>OTR price compared</b> <br />]]>
    </line>
    <line>
      <![CDATA[<b>Cost price ex vat and rfl compared</b> <br />]]>
    </line>
    <line>
      <![CDATA[<b>VAT compared</b> <br />]]>
    </line>
    <line>
      <![CDATA[<b>*************Holding Cost Calulation on quote summary page has been started************</b> <br />]]>
    </line>
    <line>
      <![CDATA[<b>Reading values from Holding Cost summary -Quote Summary Page</b> <br />]]>
    </line>
    <line>
      <![CDATA[<b>Holding cost Terms from screen12.0</b> <br />]]>
    </line>
    <line>
      <![CDATA[<b>Holding cost miles per annum from screen is 5000.0</b> <br />]]>
    </line>
    <line>
      <![CDATA[<b>Holding cost monthly finance cost from screen is 501.0</b> <br />]]>
    </line>
    <line>
      <![CDATA[<b>Holding cost monthly maint cost used from screen is 30.35</b> <br />]]>
    </line>
    <line>
      <![CDATA[<b>Holding cost total monthly holding cost from screen is 531.35</b> <br />]]>
    </line>
    <line>
      <![CDATA[<b>holding_cost_total_monthly_holding_cost_from_screen =531.35</b> <br />]]>
    </line>
    <line>
      <![CDATA[<b></b> <br />]]>
    </line>
    <line>
      <![CDATA[<b>Holding cost Terms from excel is 12.0</b> <br />]]>
    </line>
    <line>
      <![CDATA[<b>Holding cost miles per annum from excel is 5000.0</b> <br />]]>
    </line>
    <line>
      <![CDATA[<b>Holding cost monthly finance cost from excel is 501.0</b> <br />]]>
    </line>
    <line>
      <![CDATA[<b>Holding cost monthly maint cost used from excel is 30.35</b> <br />]]>
    </line>
    <line>
      <![CDATA[<b>Holding cost total monthly holding cost from excel is 531.35</b> <br />]]>
    </line>
    <line>
      <![CDATA[<b>terms compared</b> <br />]]>
    </line>
    <line>
      <![CDATA[<b>Miles per annum compared</b> <br />]]>
    </line>
    <line>
      <![CDATA[<b>Finance cost compared</b> <br />]]>
    </line>
    <line>
      <![CDATA[<b>Maint cost used  compared</b> <br />]]>
    </line>
    <line>
      <![CDATA[<b>Total Monthly Holding Cost compared</b> <br />]]>
    </line>
    <line>
      <![CDATA[<b>*************Customer Quote Calulation on quote summary page has been started************</b> <br />]]>
    </line>
    <line>
      <![CDATA[<b>Terms found OK</b> <br />]]>
    </line>
    <line>
      <![CDATA[<b>miles found OK</b> <br />]]>
    </line>
    <line>
      <![CDATA[<b>Monthly Finance Rental found OK</b> <br />]]>
    </line>
    <line>
      <![CDATA[<b>Monthly Maintenance Rental found OK</b> <br />]]>
    </line>
    <line>
      <![CDATA[<b>Initial Finance Rental found OK</b> <br />]]>
    </line>
    <line>
      <![CDATA[<b>Initial Maint Rental found OK</b> <br />]]>
    </line>
    <line>
      <![CDATA[<b>Initial Total Rental found OK</b> <br />]]>
    </line>
    <line>
      <![CDATA[<b>Part Exchange Value - found OK</b> <br />]]>
    </line>
    <line>
      <![CDATA[<b>Followed By months - found OK</b> <br />]]>
    </line>
    <line>
      <![CDATA[<b>Pence per excess mile finance - found OK</b> <br />]]>
    </line>
    <line>
      <![CDATA[<b>Pence per excess mile Maintenance - found OK</b> <br />]]>
    </line>
    <line>
      <![CDATA[<b>Pence per excess mile total - found OK</b> <br />]]>
    </line>
    <line>
      <![CDATA[<b>Document Fee - found OK</b> <br />]]>
    </line>
    <line>
      <![CDATA[<b>Upsell - found OK</b> <br />]]>
    </line>
    <line>
      <![CDATA[<b>Default Finance Commission - found OK</b> <br />]]>
    </line>
    <line>
      <![CDATA[<b>Upsell Commission - found OK</b> <br />]]>
    </line>
    <line>
      <![CDATA[<b>Maintenance Commission - found OK</b> <br />]]>
    </line>
    <line>
      <![CDATA[<b>Document Fee Commission - found OK</b> <br />]]>
    </line>
    <line>
      <![CDATA[<b>Total Commission - found OK</b> <br />]]>
    </line>
    <line>
      <![CDATA[<b>Referrer Commission - found OK</b> <br />]]>
    </line>
    <line>
      <![CDATA[<b>*************Configuration Values Verification on quote summary page has been started************</b> <br />]]>
    </line>
    <line>
      <![CDATA[<b>Finance Margin found OK</b> <br />]]>
    </line>
    <line>
      <![CDATA[<b>Deductions found OK</b> <br />]]>
    </line>
    <line>
      <![CDATA[<b>Additional Margin found OK</b> <br />]]>
    </line>
    <line>
      <![CDATA[<b>Total Margin found OK</b> <br />]]>
    </line>
    <line>
      <![CDATA[<b>Default Broker Margin percentage found OK</b> <br />]]>
    </line>
    <line>
      <![CDATA[<b>Broker Upsell Margin percentage found OK</b> <br />]]>
    </line>
    <line>
      <![CDATA[<b>Broker Upsell Margin  found OK</b> <br />]]>
    </line>
    <line>
      <![CDATA[<b>Maintenance Margin  found OK</b> <br />]]>
    </line>
    <line>
      <![CDATA[<b>Document Fee Margin  found OK</b> <br />]]>
    </line>
    <line>
      <![CDATA[<b>Refferer Margin  found OK</b> <br />]]>
    </line>
    <line>
      <![CDATA[<b>*********Customer Quote generated successfully and Quote_ref_no is=BEL92734</b> <br />]]>
    </line>
    <line>
      <![CDATA[<b>*************OTR Calulation on quote summary page has been started************</b> <br />]]>
    </line>
    <line>
      <![CDATA[<b>Reading values from OTR calculation -Quote Summary Page</b> <br />]]>
    </line>
    <line>
      <![CDATA[<b></b> <br />]]>
    </line>
    <line>
      <![CDATA[<b>Cost otr price from screen is 27750.0</b> <br />]]>
    </line>
    <line>
      <![CDATA[<b>Cost price ex vat and rfl from screen is 23125.0</b> <br />]]>
    </line>
    <line>
      <![CDATA[<b>Otr Vat from screen is 4625.0</b> <br />]]>
    </line>
    <line>
      <![CDATA[<b></b> <br />]]>
    </line>
    <line>
      <![CDATA[<b>Cost otr price from excel is 27750.0</b> <br />]]>
    </line>
    <line>
      <![CDATA[<b>Cost price ex vat and rfl from excel is 23125.0</b> <br />]]>
    </line>
    <line>
      <![CDATA[<b>Otr Vat from excel is 4625.0</b> <br />]]>
    </line>
    <line>
      <![CDATA[<b>OTR price compared</b> <br />]]>
    </line>
    <line>
      <![CDATA[<b>Cost price ex vat and rfl compared</b> <br />]]>
    </line>
    <line>
      <![CDATA[<b>VAT compared</b> <br />]]>
    </line>
    <line>
      <![CDATA[<b>*************Holding Cost Calulation on quote summary page has been started************</b> <br />]]>
    </line>
    <line>
      <![CDATA[<b>Reading values from Holding Cost summary -Quote Summary Page</b> <br />]]>
    </line>
    <line>
      <![CDATA[<b>Holding cost Terms from screen12.0</b> <br />]]>
    </line>
    <line>
      <![CDATA[<b>Holding cost miles per annum from screen is 5000.0</b> <br />]]>
    </line>
    <line>
      <![CDATA[<b>Holding cost monthly finance cost from screen is 501.0</b> <br />]]>
    </line>
    <line>
      <![CDATA[<b>Holding cost monthly maint cost used from screen is 30.35</b> <br />]]>
    </line>
    <line>
      <![CDATA[<b>Holding cost total monthly holding cost from screen is 531.35</b> <br />]]>
    </line>
    <line>
      <![CDATA[<b>holding_cost_total_monthly_holding_cost_from_screen =531.35</b> <br />]]>
    </line>
    <line>
      <![CDATA[<b></b> <br />]]>
    </line>
    <line>
      <![CDATA[<b>Holding cost Terms from excel is 12.0</b> <br />]]>
    </line>
    <line>
      <![CDATA[<b>Holding cost miles per annum from excel is 5000.0</b> <br />]]>
    </line>
    <line>
      <![CDATA[<b>Holding cost monthly finance cost from excel is 501.0</b> <br />]]>
    </line>
    <line>
      <![CDATA[<b>Holding cost monthly maint cost used from excel is 30.35</b> <br />]]>
    </line>
    <line>
      <![CDATA[<b>Holding cost total monthly holding cost from excel is 531.35</b> <br />]]>
    </line>
    <line>
      <![CDATA[<b>terms compared</b> <br />]]>
    </line>
    <line>
      <![CDATA[<b>Miles per annum compared</b> <br />]]>
    </line>
    <line>
      <![CDATA[<b>Finance cost compared</b> <br />]]>
    </line>
    <line>
      <![CDATA[<b>Maint cost used  compared</b> <br />]]>
    </line>
    <line>
      <![CDATA[<b>Total Monthly Holding Cost compared</b> <br />]]>
    </line>
    <line>
      <![CDATA[<b>*************Customer Quote Calulation on quote summary page has been started************</b> <br />]]>
    </line>
    <line>
      <![CDATA[<b>Terms found OK</b> <br />]]>
    </line>
    <line>
      <![CDATA[<b>miles found OK</b> <br />]]>
    </line>
    <line>
      <![CDATA[<b>Monthly Finance Rental found OK</b> <br />]]>
    </line>
    <line>
      <![CDATA[<b>Monthly Maintenance Rental found OK</b> <br />]]>
    </line>
    <line>
      <![CDATA[<b>Initial Finance Rental found OK</b> <br />]]>
    </line>
    <line>
      <![CDATA[<b>Initial Maint Rental found OK</b> <br />]]>
    </line>
    <line>
      <![CDATA[<b>Initial Total Rental found OK</b> <br />]]>
    </line>
    <line>
      <![CDATA[<b>Part Exchange Value - found OK</b> <br />]]>
    </line>
    <line>
      <![CDATA[<b>Followed By months - found OK</b> <br />]]>
    </line>
    <line>
      <![CDATA[<b>Pence per excess mile finance - found OK</b> <br />]]>
    </line>
    <line>
      <![CDATA[<b>Pence per excess mile Maintenance - found OK</b> <br />]]>
    </line>
    <line>
      <![CDATA[<b>Pence per excess mile total - found OK</b> <br />]]>
    </line>
    <line>
      <![CDATA[<b>Document Fee - found OK</b> <br />]]>
    </line>
    <line>
      <![CDATA[<b>Upsell - found OK</b> <br />]]>
    </line>
    <line>
      <![CDATA[<b>Default Finance Commission - found OK</b> <br />]]>
    </line>
    <line>
      <![CDATA[<b>Upsell Commission - found OK</b> <br />]]>
    </line>
    <line>
      <![CDATA[<b>Maintenance Commission - found OK</b> <br />]]>
    </line>
    <line>
      <![CDATA[<b>Document Fee Commission - found OK</b> <br />]]>
    </line>
    <line>
      <![CDATA[<b>Total Commission - found OK</b> <br />]]>
    </line>
    <line>
      <![CDATA[<b>Referrer Commission - found OK</b> <br />]]>
    </line>
    <line>
      <![CDATA[<b>*************Configuration Values Verification on quote summary page has been started************</b> <br />]]>
    </line>
    <line>
      <![CDATA[<b>Finance Margin found OK</b> <br />]]>
    </line>
    <line>
      <![CDATA[<b>Deductions found OK</b> <br />]]>
    </line>
    <line>
      <![CDATA[<b>Additional Margin found OK</b> <br />]]>
    </line>
    <line>
      <![CDATA[<b>Total Margin found OK</b> <br />]]>
    </line>
    <line>
      <![CDATA[<b>Default Broker Margin percentage found OK</b> <br />]]>
    </line>
    <line>
      <![CDATA[<b>Broker Upsell Margin percentage found OK</b> <br />]]>
    </line>
    <line>
      <![CDATA[<b>Broker Upsell Margin  found OK</b> <br />]]>
    </line>
    <line>
      <![CDATA[<b>Maintenance Margin  found OK</b> <br />]]>
    </line>
    <line>
      <![CDATA[<b>Document Fee Margin  found OK</b> <br />]]>
    </line>
    <line>
      <![CDATA[<b>Refferer Margin  found OK</b> <br />]]>
    </line>
    <line>
      <![CDATA[<b>*************Editing Finance Margin and Verifying Values on quote summary page has been started************</b> <br />]]>
    </line>
    <line>
      <![CDATA[<b>Finance margin changed to 10000</b> <br />]]>
    </line>
    <line>
      <![CDATA[<b>Monthly Finance Rental after changing finance margin -  found OK</b> <br />]]>
    </line>
    <line>
      <![CDATA[<b>Initial Finance Rental found OK</b> <br />]]>
    </line>
    <line>
      <![CDATA[<b>*************Editing Maintenance Margin and Verifying Values on quote summary page has been started************</b> <br />]]>
    </line>
    <line>
      <![CDATA[<b>Maintenance margin changed to 30 %</b> <br />]]>
    </line>
    <line>
      <![CDATA[<b>Monthly Maint Rental after changing Maintenance margin -  found OK</b> <br />]]>
    </line>
    <line>
      <![CDATA[<b>Initial Maint Rental found OK</b> <br />]]>
    </line>
  </reporter-output>
  <suite started-at="2023-03-22T19:23:59 IST" name="Default suite" finished-at="2023-03-22T19:29:15 IST" duration-ms="316477">
    <groups>
    </groups>
    <test started-at="2023-03-22T19:23:59 IST" name="Default test" finished-at="2023-03-22T19:29:15 IST" duration-ms="316477">
      <class name="usedCar.HPNR.Acquisition_Quotes_HPNR_PCH_used_car_with_funder_quote_addition_with_maintenance_Test">
        <test-method is-config="true" signature="setup()[pri:0, instance:usedCar.HPNR.Acquisition_Quotes_HPNR_PCH_used_car_with_funder_quote_addition_with_maintenance_Test@791f145a]" started-at="2023-03-22T19:23:59 IST" name="setup" finished-at="2023-03-22T19:24:20 IST" duration-ms="21296" status="PASS">
          <reporter-output>
          </reporter-output>
        </test-method> <!-- setup -->
        <test-method signature="aquisition_quotes_used_car_OTR_calculation_with_maintenance_test(java.lang.String,java.lang.String,java.lang.String,java.lang.String,java.lang.String,java.lang.String,java.lang.String,java.lang.String,java.lang.String,java.lang.String,java.lang.String,java.lang.String,java.lang.String,java.lang.String,java.lang.String,java.lang.String,java.lang.String,java.lang.String,java.lang.String,java.lang.String,java.lang.String,java.lang.String,java.lang.String,java.lang.String,java.lang.String,java.lang.String,java.lang.String,java.lang.String,java.lang.String,java.lang.String)[pri:1, instance:usedCar.HPNR.Acquisition_Quotes_HPNR_PCH_used_car_with_funder_quote_addition_with_maintenance_Test@791f145a]" started-at="2023-03-22T19:24:21 IST" name="aquisition_quotes_used_car_OTR_calculation_with_maintenance_test" data-provider="testData" finished-at="2023-03-22T19:25:04 IST" duration-ms="42661" status="PASS">
          <params>
            <param index="0">
              <value>
                <![CDATA[GY19XAG]]>
              </value>
            </param>
            <param index="1">
              <value>
                <![CDATA[10000]]>
              </value>
            </param>
            <param index="2">
              <value>
                <![CDATA[60000]]>
              </value>
            </param>
            <param index="3">
              <value>
                <![CDATA[1000]]>
              </value>
            </param>
            <param index="4">
              <value>
                <![CDATA[REF001]]>
              </value>
            </param>
            <param index="5">
              <value>
                <![CDATA[05/05/23]]>
              </value>
            </param>
            <param index="6">
              <value>
                <![CDATA[12]]>
              </value>
            </param>
            <param index="7">
              <value>
                <![CDATA[5000]]>
              </value>
            </param>
            <param index="8">
              <value>
                <![CDATA[1000]]>
              </value>
            </param>
            <param index="9">
              <value>
                <![CDATA[200]]>
              </value>
            </param>
            <param index="10">
              <value>
                <![CDATA[12]]>
              </value>
            </param>
            <param index="11">
              <value>
                <![CDATA[500]]>
              </value>
            </param>
            <param index="12">
              <value>
                <![CDATA[6000]]>
              </value>
            </param>
            <param index="13">
              <value>
                <![CDATA[20]]>
              </value>
            </param>
            <param index="14">
              <value>
                <![CDATA[10000]]>
              </value>
            </param>
            <param index="15">
              <value>
                <![CDATA[6000]]>
              </value>
            </param>
            <param index="16">
              <value>
                <![CDATA[2000]]>
              </value>
            </param>
            <param index="17">
              <value>
                <![CDATA[1000]]>
              </value>
            </param>
            <param index="18">
              <value>
                <![CDATA[239.99]]>
              </value>
            </param>
            <param index="19">
              <value>
                <![CDATA[500]]>
              </value>
            </param>
            <param index="20">
              <value>
                <![CDATA[200]]>
              </value>
            </param>
            <param index="21">
              <value>
                <![CDATA[200]]>
              </value>
            </param>
            <param index="22">
              <value>
                <![CDATA[22]]>
              </value>
            </param>
            <param index="23">
              <value>
                <![CDATA[22000]]>
              </value>
            </param>
            <param index="24">
              <value>
                <![CDATA[YES]]>
              </value>
            </param>
            <param index="25">
              <value>
                <![CDATA[20]]>
              </value>
            </param>
            <param index="26">
              <value>
                <![CDATA[200]]>
              </value>
            </param>
            <param index="27">
              <value>
                <![CDATA[YES]]>
              </value>
            </param>
            <param index="28">
              <value>
                <![CDATA[0]]>
              </value>
            </param>
            <param index="29">
              <value>
                <![CDATA[HPNR (F3)-PCH_Used_car]]>
              </value>
            </param>
          </params>
          <reporter-output>
            <line>
              <![CDATA[<b>Clicked on Quote button </b> <br />]]>
            </line>
            <line>
              <![CDATA[<b>Selecting used vehicle with registration no. = GY19XAG and mileage = 10000</b> <br />]]>
            </line>
            <line>
              <![CDATA[<b>Vehicle selected</b> <br />]]>
            </line>
            <line>
              <![CDATA[<b>Paint option has been selected</b> <br />]]>
            </line>
            <line>
              <![CDATA[<b>Interior option has been selected</b> <br />]]>
            </line>
            <line>
              <![CDATA[<b> Acquisition Contract type option = HPNR has been selected</b> <br />]]>
            </line>
            <line>
              <![CDATA[<b> Customer Contract type option = Personal Contract Hire(PCH) has been selected</b> <br />]]>
            </line>
            <line>
              <![CDATA[<b>Cost Price ex VAT and RFL from screen is 23125.0</b> <br />]]>
            </line>
            <line>
              <![CDATA[<b>VAT from screen is 4625.0</b> <br />]]>
            </line>
            <line>
              <![CDATA[<b>Cost Price ex VAT and RFL calculated is 23125.0</b> <br />]]>
            </line>
            <line>
              <![CDATA[<b>Cost Price ex VAT and RFL verified and found OK</b> <br />]]>
            </line>
          </reporter-output>
        </test-method> <!-- aquisition_quotes_used_car_OTR_calculation_with_maintenance_test -->
        <test-method signature="aquisition_quotes_used_car_edit_cost_price_and_check_OTR_with_maintenance_test(java.lang.String,java.lang.String,java.lang.String,java.lang.String,java.lang.String,java.lang.String,java.lang.String,java.lang.String,java.lang.String,java.lang.String,java.lang.String,java.lang.String,java.lang.String,java.lang.String,java.lang.String,java.lang.String,java.lang.String,java.lang.String,java.lang.String,java.lang.String,java.lang.String,java.lang.String,java.lang.String,java.lang.String,java.lang.String,java.lang.String,java.lang.String,java.lang.String,java.lang.String,java.lang.String)[pri:2, instance:usedCar.HPNR.Acquisition_Quotes_HPNR_PCH_used_car_with_funder_quote_addition_with_maintenance_Test@791f145a]" started-at="2023-03-22T19:25:04 IST" name="aquisition_quotes_used_car_edit_cost_price_and_check_OTR_with_maintenance_test" data-provider="testData" finished-at="2023-03-22T19:25:04 IST" depends-on-methods="usedCar.HPNR.Acquisition_Quotes_HPNR_PCH_used_car_with_funder_quote_addition_with_maintenance_Test.aquisition_quotes_used_car_OTR_calculation_with_maintenance_test" duration-ms="0" status="PASS">
          <params>
            <param index="0">
              <value>
                <![CDATA[GY19XAG]]>
              </value>
            </param>
            <param index="1">
              <value>
                <![CDATA[10000]]>
              </value>
            </param>
            <param index="2">
              <value>
                <![CDATA[60000]]>
              </value>
            </param>
            <param index="3">
              <value>
                <![CDATA[1000]]>
              </value>
            </param>
            <param index="4">
              <value>
                <![CDATA[REF001]]>
              </value>
            </param>
            <param index="5">
              <value>
                <![CDATA[05/05/23]]>
              </value>
            </param>
            <param index="6">
              <value>
                <![CDATA[12]]>
              </value>
            </param>
            <param index="7">
              <value>
                <![CDATA[5000]]>
              </value>
            </param>
            <param index="8">
              <value>
                <![CDATA[1000]]>
              </value>
            </param>
            <param index="9">
              <value>
                <![CDATA[200]]>
              </value>
            </param>
            <param index="10">
              <value>
                <![CDATA[12]]>
              </value>
            </param>
            <param index="11">
              <value>
                <![CDATA[500]]>
              </value>
            </param>
            <param index="12">
              <value>
                <![CDATA[6000]]>
              </value>
            </param>
            <param index="13">
              <value>
                <![CDATA[20]]>
              </value>
            </param>
            <param index="14">
              <value>
                <![CDATA[10000]]>
              </value>
            </param>
            <param index="15">
              <value>
                <![CDATA[6000]]>
              </value>
            </param>
            <param index="16">
              <value>
                <![CDATA[2000]]>
              </value>
            </param>
            <param index="17">
              <value>
                <![CDATA[1000]]>
              </value>
            </param>
            <param index="18">
              <value>
                <![CDATA[239.99]]>
              </value>
            </param>
            <param index="19">
              <value>
                <![CDATA[500]]>
              </value>
            </param>
            <param index="20">
              <value>
                <![CDATA[200]]>
              </value>
            </param>
            <param index="21">
              <value>
                <![CDATA[200]]>
              </value>
            </param>
            <param index="22">
              <value>
                <![CDATA[22]]>
              </value>
            </param>
            <param index="23">
              <value>
                <![CDATA[22000]]>
              </value>
            </param>
            <param index="24">
              <value>
                <![CDATA[YES]]>
              </value>
            </param>
            <param index="25">
              <value>
                <![CDATA[20]]>
              </value>
            </param>
            <param index="26">
              <value>
                <![CDATA[200]]>
              </value>
            </param>
            <param index="27">
              <value>
                <![CDATA[YES]]>
              </value>
            </param>
            <param index="28">
              <value>
                <![CDATA[0]]>
              </value>
            </param>
            <param index="29">
              <value>
                <![CDATA[HPNR (F3)-PCH_Used_car]]>
              </value>
            </param>
          </params>
          <reporter-output>
          </reporter-output>
        </test-method> <!-- aquisition_quotes_used_car_edit_cost_price_and_check_OTR_with_maintenance_test -->
        <test-method signature="aquisition_quotes_holding_cost_calculations_with_maintenance_test(java.lang.String,java.lang.String,java.lang.String,java.lang.String,java.lang.String,java.lang.String,java.lang.String,java.lang.String,java.lang.String,java.lang.String,java.lang.String,java.lang.String,java.lang.String,java.lang.String,java.lang.String,java.lang.String,java.lang.String,java.lang.String,java.lang.String,java.lang.String,java.lang.String,java.lang.String,java.lang.String,java.lang.String,java.lang.String,java.lang.String,java.lang.String,java.lang.String,java.lang.String,java.lang.String)[pri:3, instance:usedCar.HPNR.Acquisition_Quotes_HPNR_PCH_used_car_with_funder_quote_addition_with_maintenance_Test@791f145a]" started-at="2023-03-22T19:25:04 IST" name="aquisition_quotes_holding_cost_calculations_with_maintenance_test" data-provider="testData" finished-at="2023-03-22T19:26:08 IST" depends-on-methods="usedCar.HPNR.Acquisition_Quotes_HPNR_PCH_used_car_with_funder_quote_addition_with_maintenance_Test.aquisition_quotes_used_car_edit_cost_price_and_check_OTR_with_maintenance_test" duration-ms="63932" status="PASS">
          <params>
            <param index="0">
              <value>
                <![CDATA[GY19XAG]]>
              </value>
            </param>
            <param index="1">
              <value>
                <![CDATA[10000]]>
              </value>
            </param>
            <param index="2">
              <value>
                <![CDATA[60000]]>
              </value>
            </param>
            <param index="3">
              <value>
                <![CDATA[1000]]>
              </value>
            </param>
            <param index="4">
              <value>
                <![CDATA[REF001]]>
              </value>
            </param>
            <param index="5">
              <value>
                <![CDATA[05/05/23]]>
              </value>
            </param>
            <param index="6">
              <value>
                <![CDATA[12]]>
              </value>
            </param>
            <param index="7">
              <value>
                <![CDATA[5000]]>
              </value>
            </param>
            <param index="8">
              <value>
                <![CDATA[1000]]>
              </value>
            </param>
            <param index="9">
              <value>
                <![CDATA[200]]>
              </value>
            </param>
            <param index="10">
              <value>
                <![CDATA[12]]>
              </value>
            </param>
            <param index="11">
              <value>
                <![CDATA[500]]>
              </value>
            </param>
            <param index="12">
              <value>
                <![CDATA[6000]]>
              </value>
            </param>
            <param index="13">
              <value>
                <![CDATA[20]]>
              </value>
            </param>
            <param index="14">
              <value>
                <![CDATA[10000]]>
              </value>
            </param>
            <param index="15">
              <value>
                <![CDATA[6000]]>
              </value>
            </param>
            <param index="16">
              <value>
                <![CDATA[2000]]>
              </value>
            </param>
            <param index="17">
              <value>
                <![CDATA[1000]]>
              </value>
            </param>
            <param index="18">
              <value>
                <![CDATA[239.99]]>
              </value>
            </param>
            <param index="19">
              <value>
                <![CDATA[500]]>
              </value>
            </param>
            <param index="20">
              <value>
                <![CDATA[200]]>
              </value>
            </param>
            <param index="21">
              <value>
                <![CDATA[200]]>
              </value>
            </param>
            <param index="22">
              <value>
                <![CDATA[22]]>
              </value>
            </param>
            <param index="23">
              <value>
                <![CDATA[22000]]>
              </value>
            </param>
            <param index="24">
              <value>
                <![CDATA[YES]]>
              </value>
            </param>
            <param index="25">
              <value>
                <![CDATA[20]]>
              </value>
            </param>
            <param index="26">
              <value>
                <![CDATA[200]]>
              </value>
            </param>
            <param index="27">
              <value>
                <![CDATA[YES]]>
              </value>
            </param>
            <param index="28">
              <value>
                <![CDATA[0]]>
              </value>
            </param>
            <param index="29">
              <value>
                <![CDATA[HPNR (F3)-PCH_Used_car]]>
              </value>
            </param>
          </params>
          <reporter-output>
            <line>
              <![CDATA[<b>***********Entered in holding cost page ***********</b> <br />]]>
            </line>
            <line>
              <![CDATA[<b>***********Holding Cost Calculations has been Started*************</b> <br />]]>
            </line>
            <line>
              <![CDATA[<b>Writing Holding Cost Summary values to excel has been completed</b> <br />]]>
            </line>
            <line>
              <![CDATA[<b>Reading Monthly Holding Cost value from excel</b> <br />]]>
            </line>
            <line>
              <![CDATA[<b>Total_monthly_holding_cost_from_screen =531.35</b> <br />]]>
            </line>
            <line>
              <![CDATA[<b>Total_monthly_holding_cost_from_excel =531.35</b> <br />]]>
            </line>
          </reporter-output>
        </test-method> <!-- aquisition_quotes_holding_cost_calculations_with_maintenance_test -->
        <test-method signature="aquisition_quotes_customer_quote_payment_profile_calculations_with_maintenance_test(java.lang.String,java.lang.String,java.lang.String,java.lang.String,java.lang.String,java.lang.String,java.lang.String,java.lang.String,java.lang.String,java.lang.String,java.lang.String,java.lang.String,java.lang.String,java.lang.String,java.lang.String,java.lang.String,java.lang.String,java.lang.String,java.lang.String,java.lang.String,java.lang.String,java.lang.String,java.lang.String,java.lang.String,java.lang.String,java.lang.String,java.lang.String,java.lang.String,java.lang.String,java.lang.String)[pri:4, instance:usedCar.HPNR.Acquisition_Quotes_HPNR_PCH_used_car_with_funder_quote_addition_with_maintenance_Test@791f145a]" started-at="2023-03-22T19:26:08 IST" name="aquisition_quotes_customer_quote_payment_profile_calculations_with_maintenance_test" data-provider="testData" finished-at="2023-03-22T19:27:09 IST" depends-on-methods="usedCar.HPNR.Acquisition_Quotes_HPNR_PCH_used_car_with_funder_quote_addition_with_maintenance_Test.aquisition_quotes_holding_cost_calculations_with_maintenance_test" duration-ms="60389" status="PASS">
          <params>
            <param index="0">
              <value>
                <![CDATA[GY19XAG]]>
              </value>
            </param>
            <param index="1">
              <value>
                <![CDATA[10000]]>
              </value>
            </param>
            <param index="2">
              <value>
                <![CDATA[60000]]>
              </value>
            </param>
            <param index="3">
              <value>
                <![CDATA[1000]]>
              </value>
            </param>
            <param index="4">
              <value>
                <![CDATA[REF001]]>
              </value>
            </param>
            <param index="5">
              <value>
                <![CDATA[05/05/23]]>
              </value>
            </param>
            <param index="6">
              <value>
                <![CDATA[12]]>
              </value>
            </param>
            <param index="7">
              <value>
                <![CDATA[5000]]>
              </value>
            </param>
            <param index="8">
              <value>
                <![CDATA[1000]]>
              </value>
            </param>
            <param index="9">
              <value>
                <![CDATA[200]]>
              </value>
            </param>
            <param index="10">
              <value>
                <![CDATA[12]]>
              </value>
            </param>
            <param index="11">
              <value>
                <![CDATA[500]]>
              </value>
            </param>
            <param index="12">
              <value>
                <![CDATA[6000]]>
              </value>
            </param>
            <param index="13">
              <value>
                <![CDATA[20]]>
              </value>
            </param>
            <param index="14">
              <value>
                <![CDATA[10000]]>
              </value>
            </param>
            <param index="15">
              <value>
                <![CDATA[6000]]>
              </value>
            </param>
            <param index="16">
              <value>
                <![CDATA[2000]]>
              </value>
            </param>
            <param index="17">
              <value>
                <![CDATA[1000]]>
              </value>
            </param>
            <param index="18">
              <value>
                <![CDATA[239.99]]>
              </value>
            </param>
            <param index="19">
              <value>
                <![CDATA[500]]>
              </value>
            </param>
            <param index="20">
              <value>
                <![CDATA[200]]>
              </value>
            </param>
            <param index="21">
              <value>
                <![CDATA[200]]>
              </value>
            </param>
            <param index="22">
              <value>
                <![CDATA[22]]>
              </value>
            </param>
            <param index="23">
              <value>
                <![CDATA[22000]]>
              </value>
            </param>
            <param index="24">
              <value>
                <![CDATA[YES]]>
              </value>
            </param>
            <param index="25">
              <value>
                <![CDATA[20]]>
              </value>
            </param>
            <param index="26">
              <value>
                <![CDATA[200]]>
              </value>
            </param>
            <param index="27">
              <value>
                <![CDATA[YES]]>
              </value>
            </param>
            <param index="28">
              <value>
                <![CDATA[0]]>
              </value>
            </param>
            <param index="29">
              <value>
                <![CDATA[HPNR (F3)-PCH_Used_car]]>
              </value>
            </param>
          </params>
          <reporter-output>
            <line>
              <![CDATA[<b>Writing configuration values from property file to Excel for customer quote calculation -started</b> <br />]]>
            </line>
            <line>
              <![CDATA[<b>Writing configuration values from property file to Excel for customer quote calculation -completed</b> <br />]]>
            </line>
            <line>
              <![CDATA[<b>************Calculations for Customer Quote Page has been started***********</b> <br />]]>
            </line>
            <line>
              <![CDATA[<b>Payment Profile Monthly in Advance option has been selected</b> <br />]]>
            </line>
            <line>
              <![CDATA[<b>Writing values to Excel for customer quote calculation -started</b> <br />]]>
            </line>
            <line>
              <![CDATA[<b>Writing values to Excel for customer quote calculation -completed</b> <br />]]>
            </line>
            <line>
              <![CDATA[<b>Reading  Monthly Finance and Maintenance Rental from  Excel   -started</b> <br />]]>
            </line>
            <line>
              <![CDATA[<b>Reading  Monthly Finance and Maintenance Rental from  Excel   -completed</b> <br />]]>
            </line>
            <line>
              <![CDATA[<b>Monthly Finance Rental from Excel is =885.5324173053667</b> <br />]]>
            </line>
            <line>
              <![CDATA[<b>Monthly Finance Rental from screen is 885.53</b> <br />]]>
            </line>
            <line>
              <![CDATA[<b>Monthly Maintenance Rental from Excel is =43.704</b> <br />]]>
            </line>
            <line>
              <![CDATA[<b>Monthly Maintenance Rental from screen is 43.7</b> <br />]]>
            </line>
            <line>
              <![CDATA[<b>Monthly Finance Rental from screen (after submitting upsell values) is 930.29</b> <br />]]>
            </line>
            <line>
              <![CDATA[<b>Monthly Mainte. Rental from screen ((after submitting upsell values) is 43.7</b> <br />]]>
            </line>
            <line>
              <![CDATA[<b>Writing upsell values to excel</b> <br />]]>
            </line>
            <line>
              <![CDATA[<b>Monthly Finance Rental from Excel (after submitting upsell values) is 930.2906083322167</b> <br />]]>
            </line>
            <line>
              <![CDATA[<b>Monthly Mainte. Rental from Excel ((after submitting upsell values) is 43.704</b> <br />]]>
            </line>
            <line>
              <![CDATA[<b>Monthly finance and maint. rental (after submitting upsell values) is found OK</b> <br />]]>
            </line>
            <line>
              <![CDATA[<b>Clicked on Part Exchange panel</b> <br />]]>
            </line>
            <line>
              <![CDATA[<b>Expected Monthly Finance Rental From Excel is =596.95727499888</b> <br />]]>
            </line>
            <line>
              <![CDATA[<b>Actuacl Monthly Finance Rental From screen is =596.96</b> <br />]]>
            </line>
            <line>
              <![CDATA[<b>Expected Monthly Maint. Rental From Excel is =43.704</b> <br />]]>
            </line>
            <line>
              <![CDATA[<b>Actuacl Monthly Maint. Rental From screen is =43.7</b> <br />]]>
            </line>
            <line>
              <![CDATA[<b>Started verifying Balance Due value</b> <br />]]>
            </line>
            <line>
              <![CDATA[<b>Balance due value (when part exchange toggle is OFF) is verified and found ok</b> <br />]]>
            </line>
            <line>
              <![CDATA[<b>Balance due value (when part exchange toggle is ON) is verified and found ok</b> <br />]]>
            </line>
            <line>
              <![CDATA[<b>Monthly Finance Rental from screen (after updating customer quote summary upsell value) is 619.34</b> <br />]]>
            </line>
            <line>
              <![CDATA[<b>Monthly Mainte. Rental from screen (after updating customer quote summary upsell value) is 43.7</b> <br />]]>
            </line>
            <line>
              <![CDATA[<b>Writing upsell values to excel</b> <br />]]>
            </line>
            <line>
              <![CDATA[<b>Monthly Finance Rental from Excel (after updating customer quote summary upsell value) is 619.3363705123033</b> <br />]]>
            </line>
            <line>
              <![CDATA[<b>Monthly Mainte. Rental from Excel (after updating customer quote summary upsell value) is 43.704</b> <br />]]>
            </line>
            <line>
              <![CDATA[<b>Monthly finance and maint. rental (after updating customer quote summary upsell value) is found OK</b> <br />]]>
            </line>
          </reporter-output>
        </test-method> <!-- aquisition_quotes_customer_quote_payment_profile_calculations_with_maintenance_test -->
        <test-method signature="aquisition_quotes_quote_summary_values_verification_with_maintenance_test(java.lang.String,java.lang.String,java.lang.String,java.lang.String,java.lang.String,java.lang.String,java.lang.String,java.lang.String,java.lang.String,java.lang.String,java.lang.String,java.lang.String,java.lang.String,java.lang.String,java.lang.String,java.lang.String,java.lang.String,java.lang.String,java.lang.String,java.lang.String,java.lang.String,java.lang.String,java.lang.String,java.lang.String,java.lang.String,java.lang.String,java.lang.String,java.lang.String,java.lang.String,java.lang.String)[pri:5, instance:usedCar.HPNR.Acquisition_Quotes_HPNR_PCH_used_car_with_funder_quote_addition_with_maintenance_Test@791f145a]" started-at="2023-03-22T19:27:09 IST" name="aquisition_quotes_quote_summary_values_verification_with_maintenance_test" data-provider="testData" finished-at="2023-03-22T19:29:15 IST" depends-on-methods="usedCar.HPNR.Acquisition_Quotes_HPNR_PCH_used_car_with_funder_quote_addition_with_maintenance_Test.aquisition_quotes_customer_quote_payment_profile_calculations_with_maintenance_test" duration-ms="126714" status="PASS">
          <params>
            <param index="0">
              <value>
                <![CDATA[GY19XAG]]>
              </value>
            </param>
            <param index="1">
              <value>
                <![CDATA[10000]]>
              </value>
            </param>
            <param index="2">
              <value>
                <![CDATA[60000]]>
              </value>
            </param>
            <param index="3">
              <value>
                <![CDATA[1000]]>
              </value>
            </param>
            <param index="4">
              <value>
                <![CDATA[REF001]]>
              </value>
            </param>
            <param index="5">
              <value>
                <![CDATA[05/05/23]]>
              </value>
            </param>
            <param index="6">
              <value>
                <![CDATA[12]]>
              </value>
            </param>
            <param index="7">
              <value>
                <![CDATA[5000]]>
              </value>
            </param>
            <param index="8">
              <value>
                <![CDATA[1000]]>
              </value>
            </param>
            <param index="9">
              <value>
                <![CDATA[200]]>
              </value>
            </param>
            <param index="10">
              <value>
                <![CDATA[12]]>
              </value>
            </param>
            <param index="11">
              <value>
                <![CDATA[500]]>
              </value>
            </param>
            <param index="12">
              <value>
                <![CDATA[6000]]>
              </value>
            </param>
            <param index="13">
              <value>
                <![CDATA[20]]>
              </value>
            </param>
            <param index="14">
              <value>
                <![CDATA[10000]]>
              </value>
            </param>
            <param index="15">
              <value>
                <![CDATA[6000]]>
              </value>
            </param>
            <param index="16">
              <value>
                <![CDATA[2000]]>
              </value>
            </param>
            <param index="17">
              <value>
                <![CDATA[1000]]>
              </value>
            </param>
            <param index="18">
              <value>
                <![CDATA[239.99]]>
              </value>
            </param>
            <param index="19">
              <value>
                <![CDATA[500]]>
              </value>
            </param>
            <param index="20">
              <value>
                <![CDATA[200]]>
              </value>
            </param>
            <param index="21">
              <value>
                <![CDATA[200]]>
              </value>
            </param>
            <param index="22">
              <value>
                <![CDATA[22]]>
              </value>
            </param>
            <param index="23">
              <value>
                <![CDATA[22000]]>
              </value>
            </param>
            <param index="24">
              <value>
                <![CDATA[YES]]>
              </value>
            </param>
            <param index="25">
              <value>
                <![CDATA[20]]>
              </value>
            </param>
            <param index="26">
              <value>
                <![CDATA[200]]>
              </value>
            </param>
            <param index="27">
              <value>
                <![CDATA[YES]]>
              </value>
            </param>
            <param index="28">
              <value>
                <![CDATA[0]]>
              </value>
            </param>
            <param index="29">
              <value>
                <![CDATA[HPNR (F3)-PCH_Used_car]]>
              </value>
            </param>
          </params>
          <reporter-output>
            <line>
              <![CDATA[<b>*************OTR Calulation on quote summary page has been started************</b> <br />]]>
            </line>
            <line>
              <![CDATA[<b>Reading values from OTR calculation -Quote Summary Page</b> <br />]]>
            </line>
            <line>
              <![CDATA[<b></b> <br />]]>
            </line>
            <line>
              <![CDATA[<b>Cost otr price from screen is 27750.0</b> <br />]]>
            </line>
            <line>
              <![CDATA[<b>Cost price ex vat and rfl from screen is 23125.0</b> <br />]]>
            </line>
            <line>
              <![CDATA[<b>Otr Vat from screen is 4625.0</b> <br />]]>
            </line>
            <line>
              <![CDATA[<b></b> <br />]]>
            </line>
            <line>
              <![CDATA[<b>Cost otr price from excel is 27750.0</b> <br />]]>
            </line>
            <line>
              <![CDATA[<b>Cost price ex vat and rfl from excel is 23125.0</b> <br />]]>
            </line>
            <line>
              <![CDATA[<b>Otr Vat from excel is 4625.0</b> <br />]]>
            </line>
            <line>
              <![CDATA[<b>OTR price compared</b> <br />]]>
            </line>
            <line>
              <![CDATA[<b>Cost price ex vat and rfl compared</b> <br />]]>
            </line>
            <line>
              <![CDATA[<b>VAT compared</b> <br />]]>
            </line>
            <line>
              <![CDATA[<b>*************Holding Cost Calulation on quote summary page has been started************</b> <br />]]>
            </line>
            <line>
              <![CDATA[<b>Reading values from Holding Cost summary -Quote Summary Page</b> <br />]]>
            </line>
            <line>
              <![CDATA[<b>Holding cost Terms from screen12.0</b> <br />]]>
            </line>
            <line>
              <![CDATA[<b>Holding cost miles per annum from screen is 5000.0</b> <br />]]>
            </line>
            <line>
              <![CDATA[<b>Holding cost monthly finance cost from screen is 501.0</b> <br />]]>
            </line>
            <line>
              <![CDATA[<b>Holding cost monthly maint cost used from screen is 30.35</b> <br />]]>
            </line>
            <line>
              <![CDATA[<b>Holding cost total monthly holding cost from screen is 531.35</b> <br />]]>
            </line>
            <line>
              <![CDATA[<b>holding_cost_total_monthly_holding_cost_from_screen =531.35</b> <br />]]>
            </line>
            <line>
              <![CDATA[<b></b> <br />]]>
            </line>
            <line>
              <![CDATA[<b>Holding cost Terms from excel is 12.0</b> <br />]]>
            </line>
            <line>
              <![CDATA[<b>Holding cost miles per annum from excel is 5000.0</b> <br />]]>
            </line>
            <line>
              <![CDATA[<b>Holding cost monthly finance cost from excel is 501.0</b> <br />]]>
            </line>
            <line>
              <![CDATA[<b>Holding cost monthly maint cost used from excel is 30.35</b> <br />]]>
            </line>
            <line>
              <![CDATA[<b>Holding cost total monthly holding cost from excel is 531.35</b> <br />]]>
            </line>
            <line>
              <![CDATA[<b>terms compared</b> <br />]]>
            </line>
            <line>
              <![CDATA[<b>Miles per annum compared</b> <br />]]>
            </line>
            <line>
              <![CDATA[<b>Finance cost compared</b> <br />]]>
            </line>
            <line>
              <![CDATA[<b>Maint cost used  compared</b> <br />]]>
            </line>
            <line>
              <![CDATA[<b>Total Monthly Holding Cost compared</b> <br />]]>
            </line>
            <line>
              <![CDATA[<b>*************Customer Quote Calulation on quote summary page has been started************</b> <br />]]>
            </line>
            <line>
              <![CDATA[<b>Terms found OK</b> <br />]]>
            </line>
            <line>
              <![CDATA[<b>miles found OK</b> <br />]]>
            </line>
            <line>
              <![CDATA[<b>Monthly Finance Rental found OK</b> <br />]]>
            </line>
            <line>
              <![CDATA[<b>Monthly Maintenance Rental found OK</b> <br />]]>
            </line>
            <line>
              <![CDATA[<b>Initial Finance Rental found OK</b> <br />]]>
            </line>
            <line>
              <![CDATA[<b>Initial Maint Rental found OK</b> <br />]]>
            </line>
            <line>
              <![CDATA[<b>Initial Total Rental found OK</b> <br />]]>
            </line>
            <line>
              <![CDATA[<b>Part Exchange Value - found OK</b> <br />]]>
            </line>
            <line>
              <![CDATA[<b>Followed By months - found OK</b> <br />]]>
            </line>
            <line>
              <![CDATA[<b>Pence per excess mile finance - found OK</b> <br />]]>
            </line>
            <line>
              <![CDATA[<b>Pence per excess mile Maintenance - found OK</b> <br />]]>
            </line>
            <line>
              <![CDATA[<b>Pence per excess mile total - found OK</b> <br />]]>
            </line>
            <line>
              <![CDATA[<b>Document Fee - found OK</b> <br />]]>
            </line>
            <line>
              <![CDATA[<b>Upsell - found OK</b> <br />]]>
            </line>
            <line>
              <![CDATA[<b>Default Finance Commission - found OK</b> <br />]]>
            </line>
            <line>
              <![CDATA[<b>Upsell Commission - found OK</b> <br />]]>
            </line>
            <line>
              <![CDATA[<b>Maintenance Commission - found OK</b> <br />]]>
            </line>
            <line>
              <![CDATA[<b>Document Fee Commission - found OK</b> <br />]]>
            </line>
            <line>
              <![CDATA[<b>Total Commission - found OK</b> <br />]]>
            </line>
            <line>
              <![CDATA[<b>Referrer Commission - found OK</b> <br />]]>
            </line>
            <line>
              <![CDATA[<b>*************Configuration Values Verification on quote summary page has been started************</b> <br />]]>
            </line>
            <line>
              <![CDATA[<b>Finance Margin found OK</b> <br />]]>
            </line>
            <line>
              <![CDATA[<b>Deductions found OK</b> <br />]]>
            </line>
            <line>
              <![CDATA[<b>Additional Margin found OK</b> <br />]]>
            </line>
            <line>
              <![CDATA[<b>Total Margin found OK</b> <br />]]>
            </line>
            <line>
              <![CDATA[<b>Default Broker Margin percentage found OK</b> <br />]]>
            </line>
            <line>
              <![CDATA[<b>Broker Upsell Margin percentage found OK</b> <br />]]>
            </line>
            <line>
              <![CDATA[<b>Broker Upsell Margin  found OK</b> <br />]]>
            </line>
            <line>
              <![CDATA[<b>Maintenance Margin  found OK</b> <br />]]>
            </line>
            <line>
              <![CDATA[<b>Document Fee Margin  found OK</b> <br />]]>
            </line>
            <line>
              <![CDATA[<b>Refferer Margin  found OK</b> <br />]]>
            </line>
            <line>
              <![CDATA[<b>*********Customer Quote generated successfully and Quote_ref_no is=BEL92734</b> <br />]]>
            </line>
            <line>
              <![CDATA[<b>*************OTR Calulation on quote summary page has been started************</b> <br />]]>
            </line>
            <line>
              <![CDATA[<b>Reading values from OTR calculation -Quote Summary Page</b> <br />]]>
            </line>
            <line>
              <![CDATA[<b></b> <br />]]>
            </line>
            <line>
              <![CDATA[<b>Cost otr price from screen is 27750.0</b> <br />]]>
            </line>
            <line>
              <![CDATA[<b>Cost price ex vat and rfl from screen is 23125.0</b> <br />]]>
            </line>
            <line>
              <![CDATA[<b>Otr Vat from screen is 4625.0</b> <br />]]>
            </line>
            <line>
              <![CDATA[<b></b> <br />]]>
            </line>
            <line>
              <![CDATA[<b>Cost otr price from excel is 27750.0</b> <br />]]>
            </line>
            <line>
              <![CDATA[<b>Cost price ex vat and rfl from excel is 23125.0</b> <br />]]>
            </line>
            <line>
              <![CDATA[<b>Otr Vat from excel is 4625.0</b> <br />]]>
            </line>
            <line>
              <![CDATA[<b>OTR price compared</b> <br />]]>
            </line>
            <line>
              <![CDATA[<b>Cost price ex vat and rfl compared</b> <br />]]>
            </line>
            <line>
              <![CDATA[<b>VAT compared</b> <br />]]>
            </line>
            <line>
              <![CDATA[<b>*************Holding Cost Calulation on quote summary page has been started************</b> <br />]]>
            </line>
            <line>
              <![CDATA[<b>Reading values from Holding Cost summary -Quote Summary Page</b> <br />]]>
            </line>
            <line>
              <![CDATA[<b>Holding cost Terms from screen12.0</b> <br />]]>
            </line>
            <line>
              <![CDATA[<b>Holding cost miles per annum from screen is 5000.0</b> <br />]]>
            </line>
            <line>
              <![CDATA[<b>Holding cost monthly finance cost from screen is 501.0</b> <br />]]>
            </line>
            <line>
              <![CDATA[<b>Holding cost monthly maint cost used from screen is 30.35</b> <br />]]>
            </line>
            <line>
              <![CDATA[<b>Holding cost total monthly holding cost from screen is 531.35</b> <br />]]>
            </line>
            <line>
              <![CDATA[<b>holding_cost_total_monthly_holding_cost_from_screen =531.35</b> <br />]]>
            </line>
            <line>
              <![CDATA[<b></b> <br />]]>
            </line>
            <line>
              <![CDATA[<b>Holding cost Terms from excel is 12.0</b> <br />]]>
            </line>
            <line>
              <![CDATA[<b>Holding cost miles per annum from excel is 5000.0</b> <br />]]>
            </line>
            <line>
              <![CDATA[<b>Holding cost monthly finance cost from excel is 501.0</b> <br />]]>
            </line>
            <line>
              <![CDATA[<b>Holding cost monthly maint cost used from excel is 30.35</b> <br />]]>
            </line>
            <line>
              <![CDATA[<b>Holding cost total monthly holding cost from excel is 531.35</b> <br />]]>
            </line>
            <line>
              <![CDATA[<b>terms compared</b> <br />]]>
            </line>
            <line>
              <![CDATA[<b>Miles per annum compared</b> <br />]]>
            </line>
            <line>
              <![CDATA[<b>Finance cost compared</b> <br />]]>
            </line>
            <line>
              <![CDATA[<b>Maint cost used  compared</b> <br />]]>
            </line>
            <line>
              <![CDATA[<b>Total Monthly Holding Cost compared</b> <br />]]>
            </line>
            <line>
              <![CDATA[<b>*************Customer Quote Calulation on quote summary page has been started************</b> <br />]]>
            </line>
            <line>
              <![CDATA[<b>Terms found OK</b> <br />]]>
            </line>
            <line>
              <![CDATA[<b>miles found OK</b> <br />]]>
            </line>
            <line>
              <![CDATA[<b>Monthly Finance Rental found OK</b> <br />]]>
            </line>
            <line>
              <![CDATA[<b>Monthly Maintenance Rental found OK</b> <br />]]>
            </line>
            <line>
              <![CDATA[<b>Initial Finance Rental found OK</b> <br />]]>
            </line>
            <line>
              <![CDATA[<b>Initial Maint Rental found OK</b> <br />]]>
            </line>
            <line>
              <![CDATA[<b>Initial Total Rental found OK</b> <br />]]>
            </line>
            <line>
              <![CDATA[<b>Part Exchange Value - found OK</b> <br />]]>
            </line>
            <line>
              <![CDATA[<b>Followed By months - found OK</b> <br />]]>
            </line>
            <line>
              <![CDATA[<b>Pence per excess mile finance - found OK</b> <br />]]>
            </line>
            <line>
              <![CDATA[<b>Pence per excess mile Maintenance - found OK</b> <br />]]>
            </line>
            <line>
              <![CDATA[<b>Pence per excess mile total - found OK</b> <br />]]>
            </line>
            <line>
              <![CDATA[<b>Document Fee - found OK</b> <br />]]>
            </line>
            <line>
              <![CDATA[<b>Upsell - found OK</b> <br />]]>
            </line>
            <line>
              <![CDATA[<b>Default Finance Commission - found OK</b> <br />]]>
            </line>
            <line>
              <![CDATA[<b>Upsell Commission - found OK</b> <br />]]>
            </line>
            <line>
              <![CDATA[<b>Maintenance Commission - found OK</b> <br />]]>
            </line>
            <line>
              <![CDATA[<b>Document Fee Commission - found OK</b> <br />]]>
            </line>
            <line>
              <![CDATA[<b>Total Commission - found OK</b> <br />]]>
            </line>
            <line>
              <![CDATA[<b>Referrer Commission - found OK</b> <br />]]>
            </line>
            <line>
              <![CDATA[<b>*************Configuration Values Verification on quote summary page has been started************</b> <br />]]>
            </line>
            <line>
              <![CDATA[<b>Finance Margin found OK</b> <br />]]>
            </line>
            <line>
              <![CDATA[<b>Deductions found OK</b> <br />]]>
            </line>
            <line>
              <![CDATA[<b>Additional Margin found OK</b> <br />]]>
            </line>
            <line>
              <![CDATA[<b>Total Margin found OK</b> <br />]]>
            </line>
            <line>
              <![CDATA[<b>Default Broker Margin percentage found OK</b> <br />]]>
            </line>
            <line>
              <![CDATA[<b>Broker Upsell Margin percentage found OK</b> <br />]]>
            </line>
            <line>
              <![CDATA[<b>Broker Upsell Margin  found OK</b> <br />]]>
            </line>
            <line>
              <![CDATA[<b>Maintenance Margin  found OK</b> <br />]]>
            </line>
            <line>
              <![CDATA[<b>Document Fee Margin  found OK</b> <br />]]>
            </line>
            <line>
              <![CDATA[<b>Refferer Margin  found OK</b> <br />]]>
            </line>
            <line>
              <![CDATA[<b>*************Editing Finance Margin and Verifying Values on quote summary page has been started************</b> <br />]]>
            </line>
            <line>
              <![CDATA[<b>Finance margin changed to 10000</b> <br />]]>
            </line>
            <line>
              <![CDATA[<b>Monthly Finance Rental after changing finance margin -  found OK</b> <br />]]>
            </line>
            <line>
              <![CDATA[<b>Initial Finance Rental found OK</b> <br />]]>
            </line>
            <line>
              <![CDATA[<b>*************Editing Maintenance Margin and Verifying Values on quote summary page has been started************</b> <br />]]>
            </line>
            <line>
              <![CDATA[<b>Maintenance margin changed to 30 %</b> <br />]]>
            </line>
            <line>
              <![CDATA[<b>Monthly Maint Rental after changing Maintenance margin -  found OK</b> <br />]]>
            </line>
            <line>
              <![CDATA[<b>Initial Maint Rental found OK</b> <br />]]>
            </line>
          </reporter-output>
        </test-method> <!-- aquisition_quotes_quote_summary_values_verification_with_maintenance_test -->
      </class> <!-- usedCar.HPNR.Acquisition_Quotes_HPNR_PCH_used_car_with_funder_quote_addition_with_maintenance_Test -->
    </test> <!-- Default test -->
  </suite> <!-- Default suite -->
</testng-results>
