<?xml version="1.0" encoding="UTF-8"?>
<!-- Generated by org.testng.reporters.JUnitReportReporter -->
<testsuite hostname="DSK-4052" failures="0" tests="5" name="newCar.HPNR.Acquisition_Quotes_HPNR_PCH_LCV_with_funder_quote_addition_with_maintenance_Test" time="99.240" errors="1" timestamp="2023-03-28T14:04:58 IST" skipped="1">
  <testcase classname="newCar.HPNR.Acquisition_Quotes_HPNR_PCH_LCV_with_funder_quote_addition_with_maintenance_Test" name="aquisition_quotes_HPNR_PCH_OTR_calculation_with_maintenance_test" time="69.296"/>
  <system-out>
    <![CDATA[<b>Clicked on Quote button </b> <br />
<b>Manufacture =FIAT has been selected</b> <br />
<b>Model range =FIORINO has been selected</b> <br />
<b>Vehicle has been selected</b> <br />
<b>Paint option has been selected</b> <br />
<b>Interior option has been selected</b> <br />
<b> Acquisition Contract type option = HPNR has been selected</b> <br />
<b> Customer Contract type option = Personal Contract Hire(PCH) has been selected</b> <br />
<b>Getting Basic Price- Vehicle value is  =16745.00</b> <br />
<b>Getting Basic Price - Paint  value is  =0.00</b> <br />
<b>Getting  Basic Price - Options value is   =0.00</b> <br />
<b>Getting Discount- Vehicle value is  =0.00</b> <br />
<b>Getting   Discount - Paint value is   =0.00</b> <br />
<b>Getting  Discount- Options value is   =0.00</b> <br />
<b>Getting Additional Discount- Vehicle value is  =0.00</b> <br />
<b>Getting  Additional Discount - paint value is  =0.00</b> <br />
<b>Getting  Additional Discount - Options value is  =0.00</b> <br />
<b>Writing OTR table values to excel sheet -Started </b> <br />
<b>Writing OTR table values to excel sheet -Completed </b> <br />
<b>Reading Subtotal After Discount from excel sheet -Started </b> <br />
<b>Reading Subtotal After Discount from excel sheet -Started </b> <br />
<b>Subtotal After Discount from excel sheet is =16745.0</b> <br />
<b>Subtotal after discount actual value from screen =£ 16,745.00</b> <br />]]>
  </system-out>
  <testcase classname="newCar.HPNR.Acquisition_Quotes_HPNR_PCH_LCV_with_funder_quote_addition_with_maintenance_Test" name="aquisition_quotes_HPNR_PCH_after_discount_calculations_with_maintenance_test" time="3.242"/>
  <system-out>
    <![CDATA[<b>*********Calculations for On Road Price has been started***********</b> <br />
<b>Started getting On screen values from after discount table </b> <br />
<b>Manufacture_delivery_charges =695.0</b> <br />
<b>Road_tax_first_year =275.0</b> <br />
<b>First_registration_fee =55.0</b> <br />
<b>Rebate =0.0</b> <br />
<b>Writing After discount values to excel has been started</b> <br />
<b>Writing After discount values to excel has been completed</b> <br />
<b>Reading On Road Price for invoice from excel has been Started</b> <br />
<b>Reading On Road Price for invoice from excel has been completed</b> <br />
<b>Expected on the road price from excel is =21258.0</b> <br />
<b>Actual on the road price from screen is =21258.00</b> <br />]]>
  </system-out>
  <testcase classname="newCar.HPNR.Acquisition_Quotes_HPNR_PCH_LCV_with_funder_quote_addition_with_maintenance_Test" name="aquisition_quotes_HPNR_PCH_holding_cost_calculations_with_maintenance_test" time="26.698"/>
  <system-out>
    <![CDATA[<b>***********Entered in holding cost page ***********</b> <br />
<b>***********Holding Cost Calculations has been Started*************</b> <br />
<b>Writing Holding Cost Summary values to excel has been completed</b> <br />
<b>Reading Monthly Holding Cost value from excel</b> <br />
<b>Total_monthly_holding_cost_from_screen =501.00</b> <br />
<b>Total_monthly_holding_cost_from_excel =501.0</b> <br />]]>
  </system-out>
  <testcase classname="newCar.HPNR.Acquisition_Quotes_HPNR_PCH_LCV_with_funder_quote_addition_with_maintenance_Test" name="aquisition_quotes_HPNR_PCH_customer_quote_payment_profile_calculations_with_maintenance_test" time="0.004">
    <error message="Unresolved compilation problem: 
	Unhandled exception type ClassNotFoundException
" type="java.lang.Error">
      <![CDATA[java.lang.Error: Unresolved compilation problem: 
Unhandled exception type ClassNotFoundException

at com.amt.CustomerQuotePackage.CustomerQuotePage_HPNR_PCHPage.customer_Quote_HPNR_PCH_for_one_payment_option_for_funder_quote_addition_with_maintenance_calculation(CustomerQuotePage_HPNR_PCHPage.java:400)
at newCar.HPNR.Acquisition_Quotes_HPNR_PCH_LCV_with_funder_quote_addition_with_maintenance_Test.aquisition_quotes_HPNR_PCH_customer_quote_payment_profile_calculations_with_maintenance_test(Acquisition_Quotes_HPNR_PCH_LCV_with_funder_quote_addition_with_maintenance_Test.java:114)
at java.base/jdk.internal.reflect.NativeMethodAccessorImpl.invoke0(Native Method)
at java.base/jdk.internal.reflect.NativeMethodAccessorImpl.invoke(NativeMethodAccessorImpl.java:77)
at java.base/jdk.internal.reflect.DelegatingMethodAccessorImpl.invoke(DelegatingMethodAccessorImpl.java:43)
at java.base/java.lang.reflect.Method.invoke(Method.java:568)
at org.testng.internal.MethodInvocationHelper.invokeMethod(MethodInvocationHelper.java:133)
at org.testng.internal.TestInvoker.invokeMethod(TestInvoker.java:598)
at org.testng.internal.TestInvoker.invokeTestMethod(TestInvoker.java:173)
at org.testng.internal.MethodRunner.runInSequence(MethodRunner.java:46)
at org.testng.internal.TestInvoker$MethodInvocationAgent.invoke(TestInvoker.java:824)
at org.testng.internal.TestInvoker.invokeTestMethods(TestInvoker.java:146)
at org.testng.internal.TestMethodWorker.invokeTestMethods(TestMethodWorker.java:146)
at org.testng.internal.TestMethodWorker.run(TestMethodWorker.java:128)
at java.base/java.util.ArrayList.forEach(ArrayList.java:1511)
at org.testng.TestRunner.privateRun(TestRunner.java:794)
at org.testng.TestRunner.run(TestRunner.java:596)
at org.testng.SuiteRunner.runTest(SuiteRunner.java:377)
at org.testng.SuiteRunner.runSequentially(SuiteRunner.java:371)
at org.testng.SuiteRunner.privateRun(SuiteRunner.java:332)
at org.testng.SuiteRunner.run(SuiteRunner.java:276)
at org.testng.SuiteRunnerWorker.runSuite(SuiteRunnerWorker.java:53)
at org.testng.SuiteRunnerWorker.run(SuiteRunnerWorker.java:96)
at org.testng.TestNG.runSuitesSequentially(TestNG.java:1212)
at org.testng.TestNG.runSuitesLocally(TestNG.java:1134)
at org.testng.TestNG.runSuites(TestNG.java:1063)
at org.testng.TestNG.run(TestNG.java:1031)
at org.testng.remote.AbstractRemoteTestNG.run(AbstractRemoteTestNG.java:115)
at org.testng.remote.RemoteTestNG.initAndRun(RemoteTestNG.java:251)
at org.testng.remote.RemoteTestNG.main(RemoteTestNG.java:77)
]]>
    </error>
  </testcase> <!-- aquisition_quotes_HPNR_PCH_customer_quote_payment_profile_calculations_with_maintenance_test -->
  <system-out>
    <![CDATA[<br>----------Screenshot---------<br>
<img src="D:\StagingNew\AMT_Automation\target\surefire-reports\html\failure_screenshots\aquisition_quotes_HPNR_PCH_customer_quote_payment_profile_calculations_with_maintenance_test_28_03_2023_02_04_58.png" height="800" width="1000">]]>
  </system-out>
  <testcase classname="newCar.HPNR.Acquisition_Quotes_HPNR_PCH_LCV_with_funder_quote_addition_with_maintenance_Test" name="aquisition_quotes_HPNR_PCH_quote_summary_values_verification_with_maintenance_test" time="0.000">
    <skipped/>
  </testcase> <!-- aquisition_quotes_HPNR_PCH_quote_summary_values_verification_with_maintenance_test -->
  <system-out/>
</testsuite> <!-- newCar.HPNR.Acquisition_Quotes_HPNR_PCH_LCV_with_funder_quote_addition_with_maintenance_Test -->
