<?xml version="1.0" encoding="UTF-8"?>
<!-- Generated by org.testng.reporters.JUnitReportReporter -->
<testsuite hostname="DSK-951" failures="0" tests="5" name="com.amt.test.BCH.Acquisition_Quotes_BCH_BCH_with_maintenance_Test" time="315.677" errors="0" timestamp="2023-01-09T12:21:20 IST" skipped="0">
  <testcase classname="com.amt.test.BCH.Acquisition_Quotes_BCH_BCH_with_maintenance_Test" name="aquisition_quotes_BCH_BCH_OTR_calculation_with_maintenance_test" time="52.343"/>
  <system-out>
    <![CDATA[<b>Clicked on Quote button </b> <br />
<b>Manufacture =AUDI has been selected</b> <br />
<b>Model range =A7 has been selected</b> <br />
<b>Vehicle has been selected</b> <br />
<b>Paint option has been selected</b> <br />
<b>Interior option has been selected</b> <br />
<b> Acquisition Contract type option = Business Contract Hire(BCH) has been selected</b> <br />
<b> Customer Contract type option = Business Contract Hire(BCH) has been selected</b> <br />
<b>Getting Basic Price- Vehicle value is  =46854.17</b> <br />
<b>Getting Basic Price - Paint  value is  =0.00</b> <br />
<b>Getting  Basic Price - Options value is   =833.33</b> <br />
<b>Getting Discount- Vehicle value is  =0.00</b> <br />
<b>Getting   Discount - Paint value is   =0.00</b> <br />
<b>Getting  Discount- Options value is   =0.00</b> <br />
<b>Getting Additional Discount- Vehicle value is  =0.00</b> <br />
<b>Getting  Additional Discount - paint value is  =0.00</b> <br />
<b>Getting  Additional Discount - Options value is  =0.00</b> <br />
<b>Writing OTR table values to excel sheet -Started </b> <br />
<b>Writing OTR table values to excel sheet -Completed </b> <br />
<b>Reading Subtotal After Discount from excel sheet -Started </b> <br />
<b>Reading Subtotal After Discount from excel sheet -Started </b> <br />
<b>Subtotal After Discount from excel sheet is =47687.5</b> <br />
<b>Subtotal after discount actual value from screen =£ 47,687.50</b> <br />]]>
  </system-out>
  <testcase classname="com.amt.test.BCH.Acquisition_Quotes_BCH_BCH_with_maintenance_Test" name="aquisition_quotes_BCH_BCH_after_discount_calculations_with_maintenance_test" time="2.850"/>
  <system-out>
    <![CDATA[<b>*********Calculations for On Road Price has been started***********</b> <br />
<b>Started getting On screen values from after discount table </b> <br />
<b>Manufacture_delivery_charges =550.00</b> <br />
<b>Road_tax_first_year =585.00</b> <br />
<b>First_registration_fee =55.00</b> <br />
<b>Rebate =0.00</b> <br />
<b>Writing After discount values to excel has been started</b> <br />
<b>Writing After discount values to excel has been completed</b> <br />
<b>Reading On Road Price for invoice from excel has been Started</b> <br />
<b>Reading On Road Price for invoice from excel has been completed</b> <br />
<b>Expected on the road price from excel is =58525.0</b> <br />
<b>Actual on the road price from screen is =58525.00</b> <br />]]>
  </system-out>
  <testcase classname="com.amt.test.BCH.Acquisition_Quotes_BCH_BCH_with_maintenance_Test" name="aquisition_quotes_BCH_BCH_holding_cost_calculations_with_maintenance_test" time="16.434"/>
  <system-out>
    <![CDATA[<b>***********Entered in holding cost page ***********</b> <br />
<b>Funder added successfully</b> <br />
<b>Holding cost verified successfully</b> <br />]]>
  </system-out>
  <testcase classname="com.amt.test.BCH.Acquisition_Quotes_BCH_BCH_with_maintenance_Test" name="aquisition_quotes_BCH_BCH_customer_quote_payment_profile_calculations_with_maintenance_test" time="213.554"/>
  <system-out>
    <![CDATA[<b>Writing configuration values from property file to Excel for customer quote calculation -started</b> <br />
<b>Writing configuration values from property file to Excel for customer quote calculation -completed</b> <br />
<b>************Calculations for Customer Quote Page has been started***********</b> <br />
<b>Payment Profile Monthly in Advance option has been selected</b> <br />
<b>Writing values to Excel for customer quote calculation -started</b> <br />
<b>Writing values to Excel for customer quote calculation -completed</b> <br />
<b>Reading  Monthly Finance Rental and monthly maintenance cost from  Excel   -started</b> <br />
<b>Reading  Monthly Finance Rental and monthly maintenance cost from  Excel  -completed</b> <br />
<b>Monthly Finance Rental from Excel is =901.2328559903167</b> <br />
<b>Monthly maintenance Rental from Excel is =60.0</b> <br />
<b>Monthly Finance Rental from screen is =901.23</b> <br />
<b>Monthly maintenance Rental from screen is =60.0</b> <br />
<b>Clicked on Part Exchange panel</b> <br />
<b>Monthly Finance Rental from screen (after making part exchange toggle on) is 567.9</b> <br />
<b>Monthly Mainte. Rental from screen (after making part exchange toggle on) is 60.0</b> <br />
<b>Writing part exchange values to excel</b> <br />
<b>Monthly finance and maint. rental (after makking part exchage toggle on) is found OK</b> <br />
<b>Started verifying Balance Due value</b> <br />
<b>Balance due value (when part exchange toggle is OFF) is verified and found ok</b> <br />
<b>Balance due value (when part exchange toggle is ON) is verified and found ok</b> <br />
<b>Calculations with different payment profiles for customer quote has been started</b> <br />
<b>Calculations with different payment profiles for customer quote has been ended</b> <br />]]>
  </system-out>
  <testcase classname="com.amt.test.BCH.Acquisition_Quotes_BCH_BCH_with_maintenance_Test" name="aquisition_quotes_BCH_BCH_quote_summary_values_verification_with_maintenance_test" time="30.496"/>
  <system-out>
    <![CDATA[<b>*************Calculations for Quote Summary page gas been started************</b> <br />
<b>Reading values from sceen -Quote Summary Page</b> <br />
<b>Getting values from screen</b> <br />
<b>Quote_summary_cost_otr_price =58,525.00</b> <br />
<b>Quote_summary_total_monthly_holding_cost =551.00</b> <br />
<b>Quote_summary_monthly_finance_rental =567.90</b> <br />
<b>Quote_summary_monthly_finance_rental =60.00</b> <br />
<b>Quote_summary_monthly_finance_rental =627.90</b> <br />
<b>Acquisition contract_type =Business Contract Hire</b> <br />
<b>Customer contract_type =Business Contract Hire</b> <br />
<b>Customer Quote generated successfully and Quote_ref_no =XRM44619</b> <br />
<b>Reading values from excel sheet to compare it with quote summary on screen values</b> <br />
<b>Comparing excel values with actual values on screen</b> <br />
<b>OTR price compared</b> <br />
<b>Total monthly holding cost compared</b> <br />
<b>Finance Rental compared</b> <br />
<b>Maintenance Rental compared</b> <br />
<b>total Rental compared</b> <br />]]>
  </system-out>
</testsuite> <!-- com.amt.test.BCH.Acquisition_Quotes_BCH_BCH_with_maintenance_Test -->
