<?xml version="1.0" encoding="UTF-8"?>
<!-- Generated by org.testng.reporters.JUnitReportReporter -->
<testsuite hostname="DSK-4052" failures="0" tests="5" name="acquisition.Acquisition_Quotes_FL_PCH_with_funder_quote_addition_without_maintenance_Test" time="362.048" errors="0" timestamp="2023-10-27T13:03:34 IST" skipped="0">
  <testcase classname="acquisition.Acquisition_Quotes_FL_PCH_with_funder_quote_addition_without_maintenance_Test" name="aquisition_quotes_FL_PCH_OTR_calculation_without_maintenance_test" time="125.870"/>
  <system-out>
    <![CDATA[<b>Clicking on New quote</b> <br />
<b>Clicked on Quote button </b> <br />
<b>Manufacture =AUDI has been selected</b> <br />
<b>Model range =A7 has been selected</b> <br />
<b>Vehicle has been selected</b> <br />
<b>Paint option has been selected</b> <br />
<b>Interior option has been selected</b> <br />
<b> Acquisition Contract type option = Finance Lease has been selected</b> <br />
<b> Customer Contract type option = Personal Contract Hire(PCH) has been selected</b> <br />
<b>Getting Basic Price- Vehicle value is  =46854.17</b> <br />
<b>Getting Basic Price - Paint  value is  =0.00</b> <br />
<b>Getting  Basic Price - Options value is   =833.33</b> <br />
<b>Getting Discount- Vehicle value is  =0.00</b> <br />
<b>Getting   Discount - Paint value is   =0.00</b> <br />
<b>Getting  Discount- Options value is   =0.00</b> <br />
<b>Getting Additional Discount- Vehicle value is  =0.00</b> <br />
<b>Getting  Additional Discount - paint value is  =0.00</b> <br />
<b>Getting  Additional Discount - Options value is  =0.00</b> <br />
<b>Writing OTR table values to excel sheet -Started </b> <br />
<b>Writing OTR table values to excel sheet -Completed </b> <br />
<b>Reading Subtotal After Discount from excel sheet -Started </b> <br />
<b>Reading Subtotal After Discount from excel sheet -Started </b> <br />
<b>Subtotal After Discount from excel sheet is =47687.5</b> <br />
<b>Subtotal after discount actual value from screen =£ 47,687.50</b> <br />]]>
  </system-out>
  <testcase classname="acquisition.Acquisition_Quotes_FL_PCH_with_funder_quote_addition_without_maintenance_Test" name="aquisition_quotes_FL_PCH_after_discount_calculations_without_maintenance_test" time="4.630"/>
  <system-out>
    <![CDATA[<b>*********Calculations for On Road Price has been started***********</b> <br />
<b>Started getting On screen values from after discount table </b> <br />
<b>Manufacture_delivery_charges =550.0</b> <br />
<b>Road_tax_first_year =585.0</b> <br />
<b>First_registration_fee =65.0</b> <br />
<b>Rebate =0.0</b> <br />
<b>Writing After discount values to excel has been started</b> <br />
<b>Writing After discount values to excel has been completed</b> <br />
<b>Reading On Road Price for invoice from excel has been Started</b> <br />
<b>Reading On Road Price for invoice from excel has been completed</b> <br />
<b>Expected on the road price from excel is =58535.0</b> <br />
<b>Actual on the road price from screen is =58535.00</b> <br />]]>
  </system-out>
  <testcase classname="acquisition.Acquisition_Quotes_FL_PCH_with_funder_quote_addition_without_maintenance_Test" name="aquisition_quotes_FL_PCH_holding_cost_calculations_without_maintenance_test" time="46.146"/>
  <system-out>
    <![CDATA[<b>***********Entered in holding cost page ***********</b> <br />
<b>***********Holding Cost Calculations has been Started*************</b> <br />
<b>Writing Holding Cost Summary values to excel has been completed</b> <br />
<b>Reading Monthly Holding Cost value from excel</b> <br />
<b>Total_monthly_holding_cost_from_screen =501.00</b> <br />
<b>Total_monthly_holding_cost_from_excel =501.0</b> <br />]]>
  </system-out>
  <testcase classname="acquisition.Acquisition_Quotes_FL_PCH_with_funder_quote_addition_without_maintenance_Test" name="aquisition_quotes_FL_PCH_customer_quote_payment_profile_calculations_without_maintenance_test" time="92.782"/>
  <system-out>
    <![CDATA[<b>Writing configuration values from property file to Excel for customer quote calculation -started</b> <br />
<b>Writing configuration values from property file to Excel for customer quote calculation -completed</b> <br />
<b>************Calculations for Customer Quote Page has been started***********</b> <br />
<b>Payment Profile Monthly in Advance option has been selected</b> <br />
<b>Writing values to Excel for customer quote calculation -started</b> <br />
<b>Writing values to Excel for customer quote calculation -completed</b> <br />
<b>Reading  Monthly Finance Rental from  Excel   -started</b> <br />
<b>Reading  Monthly Finance Rental from  Excel   -completed</b> <br />
<b>Monthly Finance Rental from Excel is =1084.3292796154333</b> <br />
<b>Monthly Finance Rental from screen is 1084.33</b> <br />
<b>Monthly Finance Rental from screen (after submitting upsell values) is 1129.09</b> <br />
<b>Writing upsell values to excel</b> <br />
<b>Monthly Finance Rental from Excel (after submitting upsell values) is 1129.0874706422833</b> <br />
<b>Monthly finance (after submitting upsell values) is found OK</b> <br />
<b>Clicked on Part Exchange panel</b> <br />
<b>Expected Monthly Finance Rental From Excel is =1129.0874706422833</b> <br />
<b>Actuacl Monthly Finance Rental From screen is =1129.09</b> <br />
<b></b> <br />
<b>********Balance Due value started verifying**********</b> <br />
<b>Balance due value Actual from screen is -2760.01</b> <br />
<b></b> <br />
<b>Balance due value Expected from Excel is -2760.01</b> <br />
<b></b> <br />
<b>Balance due value (with part exchange values) is verified and found ok</b> <br />
<b>Monthly Finance Rental from screen (after submitting upsell values) is 1151.47</b> <br />
<b>Writing upsell values to excel</b> <br />
<b>Monthly Finance Rental from Excel (after submitting upsell values) is 1151.4665661557083</b> <br />
<b>Monthly finance rental (after updating customer quote summary upsell value) is found OK</b> <br />]]>
  </system-out>
  <testcase classname="acquisition.Acquisition_Quotes_FL_PCH_with_funder_quote_addition_without_maintenance_Test" name="aquisition_quotes_FL_PCH_quote_summary_values_verification_without_maintenance_test" time="92.620"/>
  <system-out>
    <![CDATA[<b>*********Customer Quote generated successfully and Quote_ref_no is=NEB96317</b> <br />
<b> </b> <br />
<b>*****Creating Order Started*****</b> <br />
<b> </b> <br />
<b>***** Order Created Successfully *****</b> <br />
<b>Order ID PN-33412 is saved to Excel sheet named Quote Save, in the sheet Order_ID</b> <br />
<b>*****xxxxxxxxxxxxxxxxxxxxxxxxxxxxx*****</b> <br />]]>
  </system-out>
</testsuite> <!-- acquisition.Acquisition_Quotes_FL_PCH_with_funder_quote_addition_without_maintenance_Test -->
