<?xml version="1.0" encoding="UTF-8"?>
<!-- Generated by org.testng.reporters.JUnitReportReporter -->
<testsuite hostname="DSK-951" failures="0" tests="1" name="com.amt.test.Acquisition_Quotes_Broker_FL_without_maintenance_Test" time="77.316" errors="1" timestamp="2022-11-08T14:56:14 IST" skipped="0">
  <testcase classname="com.amt.test.Acquisition_Quotes_Broker_FL_without_maintenance_Test" name="aquisition_quotes_user_flow_broker_fl_without_maintenance_test" time="77.316">
    <error message="begin 2, end 0, length 0" type="java.lang.StringIndexOutOfBoundsException">
      <![CDATA[java.lang.StringIndexOutOfBoundsException: begin 2, end 0, length 0
at java.base/java.lang.String.checkBoundsBeginEnd(String.java:4604)
at java.base/java.lang.String.substring(String.java:2707)
at java.base/java.lang.String.substring(String.java:2680)
at com.amt.testUtil.ReadExcelCalculation.verify_after_discount_calculations_contract_types_page(ReadExcelCalculation.java:413)
at com.amt.pages.ContractTypesAndOTRPages.ContractTypesAndOTR_Broker_FL_Page.verify_after_discount_calculations_contract_types_page(ContractTypesAndOTR_Broker_FL_Page.java:214)
at com.amt.test.Acquisition_Quotes_Broker_FL_without_maintenance_Test.aquisition_quotes_user_flow_broker_fl_without_maintenance_test(Acquisition_Quotes_Broker_FL_without_maintenance_Test.java:59)
at java.base/jdk.internal.reflect.NativeMethodAccessorImpl.invoke0(Native Method)
at java.base/jdk.internal.reflect.NativeMethodAccessorImpl.invoke(NativeMethodAccessorImpl.java:77)
at java.base/jdk.internal.reflect.DelegatingMethodAccessorImpl.invoke(DelegatingMethodAccessorImpl.java:43)
at java.base/java.lang.reflect.Method.invoke(Method.java:568)
at org.testng.internal.MethodInvocationHelper.invokeMethod(MethodInvocationHelper.java:133)
at org.testng.internal.TestInvoker.invokeMethod(TestInvoker.java:598)
at org.testng.internal.TestInvoker.invokeTestMethod(TestInvoker.java:173)
at org.testng.internal.MethodRunner.runInSequence(MethodRunner.java:46)
at org.testng.internal.TestInvoker$MethodInvocationAgent.invoke(TestInvoker.java:824)
at org.testng.internal.TestInvoker.invokeTestMethods(TestInvoker.java:146)
at org.testng.internal.TestMethodWorker.invokeTestMethods(TestMethodWorker.java:146)
at org.testng.internal.TestMethodWorker.run(TestMethodWorker.java:128)
at java.base/java.util.ArrayList.forEach(ArrayList.java:1511)
at org.testng.TestRunner.privateRun(TestRunner.java:794)
at org.testng.TestRunner.run(TestRunner.java:596)
at org.testng.SuiteRunner.runTest(SuiteRunner.java:377)
at org.testng.SuiteRunner.runSequentially(SuiteRunner.java:371)
at org.testng.SuiteRunner.privateRun(SuiteRunner.java:332)
at org.testng.SuiteRunner.run(SuiteRunner.java:276)
at org.testng.SuiteRunnerWorker.runSuite(SuiteRunnerWorker.java:53)
at org.testng.SuiteRunnerWorker.run(SuiteRunnerWorker.java:96)
at org.testng.TestNG.runSuitesSequentially(TestNG.java:1212)
at org.testng.TestNG.runSuitesLocally(TestNG.java:1134)
at org.testng.TestNG.runSuites(TestNG.java:1063)
at org.testng.TestNG.run(TestNG.java:1031)
at org.testng.remote.AbstractRemoteTestNG.run(AbstractRemoteTestNG.java:115)
at org.testng.remote.RemoteTestNG.initAndRun(RemoteTestNG.java:251)
at org.testng.remote.RemoteTestNG.main(RemoteTestNG.java:77)
]]>
    </error>
  </testcase> <!-- aquisition_quotes_user_flow_broker_fl_without_maintenance_test -->
  <system-out>
    <![CDATA[<b>Clicked on Quote button </b> <br />
<b>Manufacture =AUDI has been selected</b> <br />
<b>Model range =A7 has been selected</b> <br />
<b>Vehicle has been selected</b> <br />
<b>Paint option has been selected</b> <br />
<b>Interior option has been selected</b> <br />
<b>Contract type option has been selected</b> <br />
<b>Getting Basic Price- Vehicle value is  =46854.17</b> <br />
<b>Getting Basic Price - Paint  value is  =0.00</b> <br />
<b>Getting  Basic Price - Options value is   =833.33</b> <br />
<b>Getting Discount- Vehicle value is  =0.00</b> <br />
<b>Getting   Discount - Paint value is   =0.00</b> <br />
<b>Getting  Discount- Options value is   =0.00</b> <br />
<b>Getting Additional Discount- Vehicle value is  =0.00</b> <br />
<b>Getting  Additional Discount - paint value is  =0.00</b> <br />
<b>Getting  Additional Discount - Options value is  =0.00</b> <br />
<b>Writing OTR table values to excel sheet -Started </b> <br />
<b>Writing OTR table values to excel sheet -Completed </b> <br />
<b>Reading Subtotal After Discount from excel sheet -Started </b> <br />
<b>Reading Subtotal After Discount from excel sheet -Started </b> <br />
<b>Subtotal After Discount from excel sheet is =47687.5</b> <br />
<b>Subtotal after discount actual value from screen =£ 47,687.50</b> <br />
<b>*********Calculations for On Road Price has been started***********</b> <br />
<b>Started getting On screen values from after discount table </b> <br />
<br>----------Screenshot---------<br>
<img src="D:\workspace\amt\AMT_STAGING\target\surefire-reports\html\failure_screenshots\aquisition_quotes_user_flow_broker_fl_without_maintenance_test_08_11_2022_02_56_13.png" height="800" width="1000">]]>
  </system-out>
</testsuite> <!-- com.amt.test.Acquisition_Quotes_Broker_FL_without_maintenance_Test -->
