<?xml version="1.0" encoding="UTF-8"?>
<!-- Generated by org.testng.reporters.JUnitReportReporter -->
<testsuite hostname="DSK-4052" failures="0" tests="4" name="orders.Orders_Asset_Funding_Required_Flow_BCH_Add_Cap_Maint_Test" time="140.828" errors="0" timestamp="2024-06-21T01:51:59 IST" skipped="0">
  <testcase classname="orders.Orders_Asset_Funding_Required_Flow_BCH_Add_Cap_Maint_Test" name="open_order_created_in_acquisition_test" time="78.588"/>
  <system-out>
    <![CDATA[<b></b> <br />
<b>Searching for Order ID SL-28174</b> <br />]]>
  </system-out>
  <testcase classname="orders.Orders_Asset_Funding_Required_Flow_BCH_Add_Cap_Maint_Test" name="verify_default_status_required_flow_test" time="16.496"/>
  <system-out>
    <![CDATA[<b></b> <br />
<b>Started verifying Default Status for BCH required flow</b> <br />
<b>Default Status for BCH required flow Found OK i.e Quote Accepted because Funder is already added from acquisition quote</b> <br />]]>
  </system-out>
  <testcase classname="orders.Orders_Asset_Funding_Required_Flow_BCH_Add_Cap_Maint_Test" name="verify_holding_cost_after_adding_cap_maint_test" time="12.349"/>
  <system-out>
    <![CDATA[<b></b> <br />
<b>Made Maint toggle On for adding a cap maint to holding cost</b> <br />
<b>Monthly CAP maint cost from screen is 8.19</b> <br />
<b>Writing Monthly CAP maint cost from screen to excel</b> <br />
<b>Holding Cost from screen after adding maint is 509.19</b> <br />
<b>Holding Cost from excel after adding maint509.19</b> <br />]]>
  </system-out>
  <testcase classname="orders.Orders_Asset_Funding_Required_Flow_BCH_Add_Cap_Maint_Test" name="verify_holding_cost_after_adding_maintenance_in_funder_test" time="33.395"/>
  <system-out>
    <![CDATA[<b></b> <br />
<b>De-Selecting Funder and adding maintenance value in funder</b> <br />
<b>Total monthly holding cost from screen =571.0</b> <br />
<b>Total monthly holding cost from excel =571.0</b> <br />]]>
  </system-out>
</testsuite> <!-- orders.Orders_Asset_Funding_Required_Flow_BCH_Add_Cap_Maint_Test -->
