<?xml version="1.0" encoding="UTF-8"?>
<!-- Generated by org.testng.reporters.JUnitReportReporter -->
<testsuite hostname="DSK-4052" failures="0" tests="5" name="acquisition.Acquisition_Quotes_OP_OP_For_With_Customer_Order_Flow_Test" time="219.095" errors="0" timestamp="2024-01-04T13:26:25 IST" skipped="0">
  <testcase classname="acquisition.Acquisition_Quotes_OP_OP_For_With_Customer_Order_Flow_Test" name="aquisition_quotes_OP_OP_OTR_calculation_test" time="129.050"/>
  <system-out>
    <![CDATA[<b>Clicking on New quote</b> <br />
<b>Clicked on Quote button </b> <br />
<b>Manufacture =AUDI has been selected</b> <br />
<b>Model range =A7 has been selected</b> <br />
<b>Vehicle has been selected</b> <br />
<b>Paint option has been selected</b> <br />
<b>Interior option has been selected</b> <br />
<b> Acquisition Contract type option = Outright Purchase has been selected</b> <br />
<b> Customer Contract type option = Outright Purchase has been selected</b> <br />
<b>Getting Basic Price- Vehicle value is  =46854.17</b> <br />
<b>Getting Basic Price - Paint  value is  =0.00</b> <br />
<b>Getting  Basic Price - Options value is   =833.33</b> <br />
<b>Getting Discount- Vehicle value is  =0.00</b> <br />
<b>Getting   Discount - Paint value is   =0.00</b> <br />
<b>Getting  Discount- Options value is   =0.00</b> <br />
<b>Getting Additional Discount- Vehicle value is  =0.00</b> <br />
<b>Getting  Additional Discount - paint value is  =0.00</b> <br />
<b>Getting  Additional Discount - Options value is  =0.00</b> <br />
<b>Writing OTR table values to excel sheet -Started </b> <br />
<b>Writing OTR table values to excel sheet -Completed </b> <br />
<b>Reading Subtotal After Discount from excel sheet -Started </b> <br />
<b>Reading Subtotal After Discount from excel sheet -Started </b> <br />
<b>Subtotal After Discount from excel sheet is =47687.5</b> <br />
<b>Subtotal after discount actual value from screen =£ 47,687.50</b> <br />]]>
  </system-out>
  <testcase classname="acquisition.Acquisition_Quotes_OP_OP_For_With_Customer_Order_Flow_Test" name="aquisition_quotes_OP_OP_after_discount_calculations_test" time="4.717"/>
  <system-out>
    <![CDATA[<b>*********Calculations for On Road Price has been started***********</b> <br />
<b>Started getting On screen values from after discount table </b> <br />
<b>Manufacture_delivery_charges =550.00</b> <br />
<b>Road_tax_first_year =585.00</b> <br />
<b>First_registration_fee =65.00</b> <br />
<b>Rebate =0.00</b> <br />
<b>Writing After discount values to excel has been started</b> <br />
<b>Writing After discount values to excel has been completed</b> <br />
<b>Reading On Road Price for invoice from excel has been Started</b> <br />
<b>Reading On Road Price for invoice from excel has been completed</b> <br />
<b>Expected on the road price from excel is =58535.0</b> <br />
<b>Actual on the road price from screen is =58535.00</b> <br />]]>
  </system-out>
  <testcase classname="acquisition.Acquisition_Quotes_OP_OP_For_With_Customer_Order_Flow_Test" name="aquisition_quotes_OP_OP_customer_quote_vehicle_profit_edit_test" time="9.292"/>
  <system-out>
    <![CDATA[<b>***********Entered in Customer Quote page ***********</b> <br />
<b>Vehicle profit 1000.0 added to OTR price 58535.0and sales price updated is 59735.0 i.e. true</b> <br />]]>
  </system-out>
  <testcase classname="acquisition.Acquisition_Quotes_OP_OP_For_With_Customer_Order_Flow_Test" name="aquisition_quotes_OP_OP_customer_quote_part_exchange_value_edit_test" time="29.446"/>
  <system-out>
    <![CDATA[<b>Pending Amount from screen 58474.99 Verified Successfully with applied formula 58474.988 i.e. true</b> <br />]]>
  </system-out>
  <testcase classname="acquisition.Acquisition_Quotes_OP_OP_For_With_Customer_Order_Flow_Test" name="aquisition_quotes_OP_OP_quote_summary_values_verification_with_maintenance_test" time="46.590"/>
  <system-out>
    <![CDATA[<b>*************OTR Calulation on quote summary page has been started************</b> <br />
<b>Reading values from OTR calculation -Quote Summary Page</b> <br />
<b>Cost otr price from screen =58535.0</b> <br />
<b>Cost price ex vat and rfl from screen =48237.5</b> <br />
<b>OTR vat from screen =9647.5</b> <br />
<b>Cost price compared</b> <br />
<b>Quote no. PVJ60417 is saved to Excel sheet named Quote Save, in the sheet Order_ID</b> <br />
<b>Writing Vehicle Sales Price to Excel</b> <br />
<b>Vehicle Sales Price from screen is 59735.00</b> <br />
<b>Document Fee from screen is 199.99</b> <br />
<b>Order Deposit from screen is 1000.00</b> <br />
<b>Pending Amount from screen is 58474.99</b> <br />
<b>Writing completed for Vehicle Sales Price to quote save excel sheet in the sheet OP-OP</b> <br />]]>
  </system-out>
</testsuite> <!-- acquisition.Acquisition_Quotes_OP_OP_For_With_Customer_Order_Flow_Test -->
