<?xml version="1.0" encoding="UTF-8"?>
<!-- Generated by org.testng.reporters.JUnitReportReporter -->
<testsuite hostname="DSK-4052" failures="0" tests="6" name="usedCar.HPNR.Acquisition_Quotes_HPNR_HPR_used_LCV_with_funder_quote_addition_without_maintenance_Test" time="366.153" errors="0" timestamp="2023-04-12T15:21:22 IST" skipped="0">
  <testcase classname="usedCar.HPNR.Acquisition_Quotes_HPNR_HPR_used_LCV_with_funder_quote_addition_without_maintenance_Test" name="aquisition_quotes_HPNR_HPNR_OTR_calculation_without_maintenance_test" time="68.061"/>
  <system-out>
    <![CDATA[<b>Clicked on Quote button </b> <br />
<b>Selecting used vehicle with registration no. = HK21YPJ and mileage = 10000</b> <br />
<b>Vehicle selected</b> <br />
<b>Paint option has been selected</b> <br />
<b>Interior option has been selected</b> <br />
<b> Acquisition Contract type option = HPNR has been selected</b> <br />
<b> Customer Contract type option = HPR has been selected</b> <br />
<b>Cost Price ex VAT and RFL from screen is 21125.0</b> <br />
<b>VAT from screen is 4225.0</b> <br />
<b>Cost Price ex VAT and RFL calculated is 21125.0</b> <br />
<b>Cost Price ex VAT and RFL verified and found OK</b> <br />]]>
  </system-out>
  <testcase classname="usedCar.HPNR.Acquisition_Quotes_HPNR_HPR_used_LCV_with_funder_quote_addition_without_maintenance_Test" name="aquisition_quotes_HPNR_HPNR_after_discount_calculations_without_maintenance_test" time="0.001"/>
  <system-out/>
  <testcase classname="usedCar.HPNR.Acquisition_Quotes_HPNR_HPR_used_LCV_with_funder_quote_addition_without_maintenance_Test" name="aquisition_quotes_HPNR_HPNR_holding_cost_calculations_without_maintenance_test" time="19.658"/>
  <system-out>
    <![CDATA[<b>***********Entered in holding cost page ***********</b> <br />
<b>***********Holding Cost Calculations has been Started*************</b> <br />
<b>Writing Holding Cost Summary values to excel has been completed</b> <br />
<b>Reading Monthly Holding Cost value from excel</b> <br />
<b>Total_monthly_holding_cost_from_screen =501.00</b> <br />
<b>Total_monthly_holding_cost_from_excel =501.0</b> <br />]]>
  </system-out>
  <testcase classname="usedCar.HPNR.Acquisition_Quotes_HPNR_HPR_used_LCV_with_funder_quote_addition_without_maintenance_Test" name="aquisition_quotes_HPNR_HPNR_customer_quote_calculations_check_monthly_finance_payment_without_maintenance_test" time="34.897"/>
  <system-out>
    <![CDATA[<b>***********Entered in Customer Quote page ***********</b> <br />
<b>Matrix credit type A1 Credit has been selected</b> <br />
<b>Writing configuration values from property file to Excel for customer quote calculation -started</b> <br />
<b>Writing configuration values from property file to Excel for customer quote calculation -completed</b> <br />
<b>Actual Monthly Finance Payment from screen is 1299.12</b> <br />
<b>Writing screen values to Excel for customer quote calculation -started</b> <br />
<b>Writing screen values to Excel for customer quote calculation -completed</b> <br />
<b>Expected Monthly Finannce Rental from excel is 1299.1238118350727</b> <br />]]>
  </system-out>
  <testcase classname="usedCar.HPNR.Acquisition_Quotes_HPNR_HPR_used_LCV_with_funder_quote_addition_without_maintenance_Test" name="aquisition_quotes_HPNR_HPNR_quote_summary_values_verification_without_maintenance_test" time="228.248"/>
  <system-out>
    <![CDATA[<b>*************OTR Calulation on quote summary page has been started************</b> <br />
<b>Reading values from OTR calculation -Quote Summary Page</b> <br />
<b></b> <br />
<b>Cost otr price from screen is 25350.0</b> <br />
<b>Cost price ex vat and rfl from screen is 21125.0</b> <br />
<b>Otr Vat from screen is 4225.0</b> <br />
<b></b> <br />
<b>Cost otr price from excel is 25350.0</b> <br />
<b>Cost price ex vat and rfl from excel is 21125.0</b> <br />
<b>Otr Vat from excel is 4225.0</b> <br />
<b>OTR price compared</b> <br />
<b>Cost price ex vat and rfl compared</b> <br />
<b>VAT compared</b> <br />
<b>*************Holding Cost Calulation on quote summary page has been started************</b> <br />
<b>Reading values from Holding Cost summary -Quote Summary Page</b> <br />
<b>holding_cost_terms_from_screen12.0</b> <br />
<b>holding_cost_miles_per_annum_from_screen5000.0</b> <br />
<b>holding_cost_monthly_finance_cost_from_screen501.0</b> <br />
<b>holding_cost_total_monthly_holding_cost_from_screen =501.0</b> <br />
<b>terms compared</b> <br />
<b>Miles per annum compared</b> <br />
<b>Finance cost compared</b> <br />
<b>Total Monthly Holding Cost compared</b> <br />
<b>*************Customer Quote Calulation on quote summary page has been started************</b> <br />
<b>Terms found OK</b> <br />
<b>miles found OK</b> <br />
<b>Basic Cash Price found OK</b> <br />
<b>VAT found OK</b> <br />
<b>Non VAT Items Value found OK</b> <br />
<b>Total Cash Price found OK</b> <br />
<b>Order Deposit found OK</b> <br />
<b>Finance Deposit found OK</b> <br />
<b>Total Deposit found OK</b> <br />
<b>Balance to Finance found OK</b> <br />
<b>Finance Charges - found wrong</b> <br />
<b>Document Fee - found wrong</b> <br />
<b>Balance Payable - found wrong</b> <br />
<b>Option To Purchase Fee - found OK</b> <br />
<b>Initial Cash Payment - found wrong</b> <br />
<b>Followed By months - found OK</b> <br />
<b>Monthly Finance Payment - found OK</b> <br />
<b>Final Payment - found wrong</b> <br />
<b>Vehicle Commission - found OK</b> <br />
<b>Default Finance Commission - found OK</b> <br />
<b>Document Fee Commission - found wrong</b> <br />
<b>Total Commission - found wrong</b> <br />
<b>*************Configuration Values Verification on quote summary page has been started************</b> <br />
<b>Base Interest Rate found OK</b> <br />
<b>Finance Margin found wrong</b> <br />
<b>Deductions found OK</b> <br />
<b>Additional Margin found wrong</b> <br />
<b>Total Margin found wrong</b> <br />
<b>Default Broker Margin percentage found OK</b> <br />
<b>Customer Interest Rate found OK</b> <br />
<b>Document Fee Margin  found wrong</b> <br />
<b>Default Broker Margin found OK</b> <br />
<b>*********Customer Quote generated successfully and Quote_ref_no is=CPU36050</b> <br />
<b>*************OTR Calulation on quote summary page has been started************</b> <br />
<b>Reading values from OTR calculation -Quote Summary Page</b> <br />
<b></b> <br />
<b>Cost otr price from screen is 25350.0</b> <br />
<b>Cost price ex vat and rfl from screen is 21125.0</b> <br />
<b>Otr Vat from screen is 4225.0</b> <br />
<b></b> <br />
<b>Cost otr price from excel is 25350.0</b> <br />
<b>Cost price ex vat and rfl from excel is 21125.0</b> <br />
<b>Otr Vat from excel is 4225.0</b> <br />
<b>OTR price compared</b> <br />
<b>Cost price ex vat and rfl compared</b> <br />
<b>VAT compared</b> <br />
<b>*************Holding Cost Calulation on quote summary page has been started************</b> <br />
<b>Reading values from Holding Cost summary -Quote Summary Page</b> <br />
<b>holding_cost_terms_from_screen12.0</b> <br />
<b>holding_cost_miles_per_annum_from_screen5000.0</b> <br />
<b>holding_cost_monthly_finance_cost_from_screen501.0</b> <br />
<b>holding_cost_total_monthly_holding_cost_from_screen =501.0</b> <br />
<b>terms compared</b> <br />
<b>Miles per annum compared</b> <br />
<b>Finance cost compared</b> <br />
<b>Total Monthly Holding Cost compared</b> <br />
<b>*************Customer Quote Calulation on quote summary page has been started************</b> <br />
<b>Terms found OK</b> <br />
<b>miles found OK</b> <br />
<b>Basic Cash Price found OK</b> <br />
<b>VAT found OK</b> <br />
<b>Non VAT Items Value found OK</b> <br />
<b>Total Cash Price found OK</b> <br />
<b>Order Deposit found OK</b> <br />
<b>Finance Deposit found OK</b> <br />
<b>Total Deposit found OK</b> <br />
<b>Balance to Finance found OK</b> <br />
<b>Finance Charges - found wrong</b> <br />
<b>Document Fee - found wrong</b> <br />
<b>Balance Payable - found wrong</b> <br />
<b>Option To Purchase Fee - found OK</b> <br />
<b>Initial Cash Payment - found wrong</b> <br />
<b>Followed By months - found OK</b> <br />
<b>Monthly Finance Payment - found OK</b> <br />
<b>Final Payment - found wrong</b> <br />
<b>Vehicle Commission - found OK</b> <br />
<b>Default Finance Commission - found OK</b> <br />
<b>Document Fee Commission - found wrong</b> <br />
<b>Total Commission - found wrong</b> <br />
<b>*************Configuration Values Verification on quote summary page has been started************</b> <br />
<b>Base Interest Rate found OK</b> <br />
<b>Finance Margin found wrong</b> <br />
<b>Deductions found OK</b> <br />
<b>Additional Margin found wrong</b> <br />
<b>Total Margin found wrong</b> <br />
<b>Default Broker Margin percentage found OK</b> <br />
<b>Customer Interest Rate found OK</b> <br />
<b>Document Fee Margin  found wrong</b> <br />
<b>Default Broker Margin found OK</b> <br />
<b>*************Editing Base Interest Rate and Verifying  Values on quote summary page has been started************</b> <br />
<b>Base Interest Rate changed to 7.0 %</b> <br />
<b>Holding Cost after changing Base Int. Rate -  found OK</b> <br />
<b>Monthly Finance Rental after changing Base Int. Rate -  found OK</b> <br />
<b>Finance Charges - found wrong</b> <br />
<b>Balance Payable - found wrong</b> <br />
<b>Base Interest Rate changed to 6.5 %</b> <br />
<b>*************Editing Customer Rate Over Base and Verifying Values on quote summary page has been started************</b> <br />
<b>Customer Base Over Rate changed to 5.0 %</b> <br />
<b>Monthly Finance Rental after changing Customer Base Over Rate -  found OK</b> <br />
<b>Finance Charges - found wrong</b> <br />
<b>Balance Payable - found wrong</b> <br />]]>
  </system-out>
  <testcase classname="usedCar.HPNR.Acquisition_Quotes_HPNR_HPR_used_LCV_with_funder_quote_addition_without_maintenance_Test" name="aquisition_quotes_HPNR_HPNR_customer_quote_monthly_finance_payment_after_balloon_payment_off_without_maintenance_test" time="15.288"/>
  <system-out>
    <![CDATA[<b>Monthly Finance Payment verified after making balloon payment toggle button off</b> <br />]]>
  </system-out>
</testsuite> <!-- usedCar.HPNR.Acquisition_Quotes_HPNR_HPR_used_LCV_with_funder_quote_addition_without_maintenance_Test -->
