<?xml version="1.0" encoding="UTF-8"?>
<!-- Generated by org.testng.reporters.JUnitReportReporter -->
<testsuite hostname="DSK-951" failures="0" tests="5" name="com.amt.test.Acquisition_Quotes_Broker_HPR_Test" time="161.117" errors="0" timestamp="2022-12-13T11:59:28 IST" skipped="0">
  <testcase classname="com.amt.test.Acquisition_Quotes_Broker_HPR_Test" name="aquisition_quotes_user_flow_broker_HPR_OTR_calculation" time="87.953"/>
  <system-out>
    <![CDATA[<b>Clicked on Quote button </b> <br />
<b>Manufacture =AUDI has been selected</b> <br />
<b>Model range =A7 has been selected</b> <br />
<b>Vehicle has been selected</b> <br />
<b>Paint option has been selected</b> <br />
<b>Interior option has been selected</b> <br />
<b>Acquisition Contract type option selected = Broker </b> <br />
<b>Customer Contract type option selected = Hire Purchase Regulated(HPR)</b> <br />
<b>Getting Basic Price- Vehicle value is  =46854.17</b> <br />
<b>Getting Basic Price - Paint  value is  =0.00</b> <br />
<b>Getting  Basic Price - Options value is   =833.33</b> <br />
<b>Getting Discount- Vehicle value is  =0.00</b> <br />
<b>Getting   Discount - Paint value is   =0.00</b> <br />
<b>Getting  Discount- Options value is   =0.00</b> <br />
<b>Getting Additional Discount- Vehicle value is  =0.00</b> <br />
<b>Getting  Additional Discount - paint value is  =0.00</b> <br />
<b>Getting  Additional Discount - Options value is  =0.00</b> <br />
<b>Writing OTR table values to excel sheet -Started </b> <br />
<b>Writing OTR table values to excel sheet -Completed </b> <br />
<b>Reading Subtotal After Discount from excel sheet -Started </b> <br />
<b>Reading Subtotal After Discount from excel sheet -Started </b> <br />
<b>Subtotal After Discount from excel sheet is =47687.5</b> <br />
<b>Subtotal after discount actual value from screen =£ 47,687.50</b> <br />]]>
  </system-out>
  <testcase classname="com.amt.test.Acquisition_Quotes_Broker_HPR_Test" name="aquisition_quotes_user_flow_broker_HPR_after_discount_calculations_test" time="1.334"/>
  <system-out>
    <![CDATA[<b>*********Calculations for On Road Price has been started***********</b> <br />
<b>Started getting On screen values from after discount table </b> <br />
<b>Manufacture_delivery_charges =550.00</b> <br />
<b>Road_tax_first_year =585.00</b> <br />
<b>First_registration_fee =55.00</b> <br />
<b>Rebate =0.00</b> <br />
<b>Writing After discount values to excel has been started</b> <br />
<b>Writing After discount values to excel has been completed</b> <br />
<b>Reading On Road Price for invoice from excel has been Started</b> <br />
<b>Reading On Road Price for invoice from excel has been completed</b> <br />
<b>Expected on the road price from excel is =58525.0</b> <br />
<b>Actual on the road price from screen is =58525.00</b> <br />]]>
  </system-out>
  <testcase classname="com.amt.test.Acquisition_Quotes_Broker_HPR_Test" name="aquisition_quotes_user_flow_broker_HPR_vehicle_profit_check_test" time="6.362"/>
  <system-out>
    <![CDATA[<b>Vehicle profit from test data 1200.0 added to otr cost price 58525.0</b> <br />
<b>After adding profit to cost price 58525.0 sales price is shown as (considering VAT%) 59965.0</b> <br />
<b>Vehicle profit verified</b> <br />]]>
  </system-out>
  <testcase classname="com.amt.test.Acquisition_Quotes_Broker_HPR_Test" name="aquisition_quotes_user_flow_broker_HPR_balance_to_finance_check_test" time="24.122"/>
  <system-out>
    <![CDATA[<b>Funder quote added successfully</b> <br />
<b>Balance to finance value from customer quote summary - verified</b> <br />]]>
  </system-out>
  <testcase classname="com.amt.test.Acquisition_Quotes_Broker_HPR_Test" name="aquisition_quotes_user_flow_broker_HPR_quote_summary_values_verification_test" time="41.346"/>
  <system-out>
    <![CDATA[<b>*************Calculations for Quote Summary page gas been started************</b> <br />
<b>Reading values from sceen -Quote Summary Page</b> <br />
<b>Getting values from screen</b> <br />
<b>Quote_summary_cost_otr_price =58,525.00</b> <br />
<b>Customer contract_type =Hire Purchase Regulated</b> <br />
<b>Customer Quote generated successfully and Quote_ref_no =WZI78578</b> <br />
<b>Reading values from excel sheet to compare it with quote summary on screen values</b> <br />
<b>Comparing excel values with actual values on screen</b> <br />
<b>OTR price compared</b> <br />]]>
  </system-out>
</testsuite> <!-- com.amt.test.Acquisition_Quotes_Broker_HPR_Test -->
