<?xml version="1.0" encoding="UTF-8"?>
<!-- Generated by org.testng.reporters.JUnitReportReporter -->
<testsuite hostname="DSK-4052" failures="0" tests="5" name="newCar.CP.Acquisition_Quotes_CP_PCP_LCV_with_funder_quote_addition_with_maintenance_Test" time="308.106" errors="0" timestamp="2023-03-29T12:24:34 IST" skipped="0">
  <testcase classname="newCar.CP.Acquisition_Quotes_CP_PCP_LCV_with_funder_quote_addition_with_maintenance_Test" name="aquisition_quotes_CP_PCP_OTR_calculation_with_maintenance_test" time="69.806"/>
  <system-out>
    <![CDATA[<b>Clicked on Quote button </b> <br />
<b>Manufacture =FIAT has been selected</b> <br />
<b>Model range =FIORINO has been selected</b> <br />
<b>Vehicle has been selected</b> <br />
<b>Paint option has been selected</b> <br />
<b>Interior option has been selected</b> <br />
<b> Acquisition Contract type option = Contract Purchase (CP) has been selected</b> <br />
<b> Customer Contract type option = Personal Contract Purchase (PCP) has been selected</b> <br />
<b>Getting Basic Price- Vehicle value is  =16745.00</b> <br />
<b>Getting Basic Price - Paint  value is  =0.00</b> <br />
<b>Getting  Basic Price - Options value is   =0.00</b> <br />
<b>Getting Discount- Vehicle value is  =0.00</b> <br />
<b>Getting   Discount - Paint value is   =0.00</b> <br />
<b>Getting  Discount- Options value is   =0.00</b> <br />
<b>Getting Additional Discount- Vehicle value is  =0.00</b> <br />
<b>Getting  Additional Discount - paint value is  =0.00</b> <br />
<b>Getting  Additional Discount - Options value is  =0.00</b> <br />
<b>Writing OTR table values to excel sheet -Started </b> <br />
<b>Writing OTR table values to excel sheet -Completed </b> <br />
<b>Reading Subtotal After Discount from excel sheet -Started </b> <br />
<b>Reading Subtotal After Discount from excel sheet -Started </b> <br />
<b>Subtotal After Discount from excel sheet is =16745.0</b> <br />
<b>Subtotal after discount actual value from screen =£ 16,745.00</b> <br />]]>
  </system-out>
  <testcase classname="newCar.CP.Acquisition_Quotes_CP_PCP_LCV_with_funder_quote_addition_with_maintenance_Test" name="aquisition_quotes_CP_PCP_after_discount_calculations_with_maintenance_test" time="3.250"/>
  <system-out>
    <![CDATA[<b>*********Calculations for On Road Price has been started***********</b> <br />
<b>Started getting On screen values from after discount table </b> <br />
<b>Manufacture_delivery_charges =695.00</b> <br />
<b>Road_tax_first_year =275.00</b> <br />
<b>First_registration_fee =55.00</b> <br />
<b>Rebate =0.00</b> <br />
<b>Writing After discount values to excel has been started</b> <br />
<b>Writing After discount values to excel has been completed</b> <br />
<b>Reading On Road Price for invoice from excel has been Started</b> <br />
<b>Reading On Road Price for invoice from excel has been completed</b> <br />
<b>Expected on the road price from excel is =21258.0</b> <br />
<b>Actual on the road price from screen is =21258.00</b> <br />]]>
  </system-out>
  <testcase classname="newCar.CP.Acquisition_Quotes_CP_PCP_LCV_with_funder_quote_addition_with_maintenance_Test" name="aquisition_quotes_CP_PCP_holding_cost_calculations_with_maintenance_test" time="19.764"/>
  <system-out>
    <![CDATA[<b>***********Entered in holding cost page ***********</b> <br />
<b>***********Holding Cost Calculations has been Started*************</b> <br />
<b>Writing Holding Cost Summary values to excel has been completed</b> <br />
<b>Reading Monthly Holding Cost value from excel</b> <br />
<b>Total_monthly_holding_cost_from_screen =475.58</b> <br />
<b>Total_monthly_holding_cost_from_excel =475.5757575757576</b> <br />]]>
  </system-out>
  <testcase classname="newCar.CP.Acquisition_Quotes_CP_PCP_LCV_with_funder_quote_addition_with_maintenance_Test" name="aquisition_quotes_CP_PCP_customer_quote_calculations_check_monthly_finance_payment_with_maintenance_test" time="38.302"/>
  <system-out>
    <![CDATA[<b>***********Entered in Customer Quote page ***********</b> <br />
<b>Matrix credit type Limited Credit has been selected</b> <br />
<b>Writing configuration values from property file to Excel for customer quote calculation -started</b> <br />
<b>Writing configuration values from property file to Excel for customer quote calculation -completed</b> <br />
<b>Actual Monthly Finance Payment from screen is 443.01</b> <br />
<b>Writing screen values to Excel for customer quote calculation -started</b> <br />
<b>Writing screen values to Excel for customer quote calculation -completed</b> <br />
<b>Expected Monthly Finannce Rental from excel is 443.01367955414685</b> <br />
<b>Actual Monthly Maintenance Payment from screen is 74.25</b> <br />
<b>Writing screen values to Excel for customer quote calculation -completed</b> <br />
<b>Expected Monthly Maintenance Rental from excel is 74.25</b> <br />]]>
  </system-out>
  <testcase classname="newCar.CP.Acquisition_Quotes_CP_PCP_LCV_with_funder_quote_addition_with_maintenance_Test" name="aquisition_quotes_CP_PCP_quote_summary_values_verification_with_maintenance_test" time="176.984"/>
  <system-out>
    <![CDATA[<b>*************OTR Calulation on quote summary page has been started************</b> <br />
<b>Reading values from OTR calculation -Quote Summary Page</b> <br />
<b>OTR_calculation_cost_otr_price_from_screen =21258.0</b> <br />
<b>OTR_calculation_cost_price_ex_vat_and_rfl_from_screen =17440.0</b> <br />
<b>OTR_calculation_otr_vat_from_screen =3488.0</b> <br />
<b>OTR_calculation_otr_rfl_and_frf_from_screen =330.0</b> <br />
<b>OTR price compared</b> <br />
<b>Cost price ex vat and rfl compared</b> <br />
<b>VAT compared</b> <br />
<b>RFL & FRF compared</b> <br />
<b>*************Holding Cost Calulation on quote summary page has been started************</b> <br />
<b>Reading values from Holding Cost summary -Quote Summary Page</b> <br />
<b>holding_cost_terms_from_screen33.0</b> <br />
<b>holding_cost_miles_per_annum_from_screen5000.0</b> <br />
<b>holding_cost_monthly_finance_cost_from_screen425.58</b> <br />
<b>holding_cost_monthly_maint_cost_used_from_screen50.0</b> <br />
<b>holding_cost_CAP_monthly_maint_cost_from_screen8.97</b> <br />
<b>holding_cost_total_monthly_holding_cost_from_screen =475.58</b> <br />
<b>terms compared</b> <br />
<b>Miles per annum compared</b> <br />
<b>Finance cost compared</b> <br />
<b>Maint cost used  compared</b> <br />
<b>Total Monthly Holding Cost compared</b> <br />
<b>*************Customer Quote Calulation on quote summary page has been started************</b> <br />
<b>Terms found OK</b> <br />
<b>miles found OK</b> <br />
<b>Basic Cash Price found OK</b> <br />
<b>VAT found OK</b> <br />
<b>Non VAT Items Value found OK</b> <br />
<b>Total Cash Price found OK</b> <br />
<b>Order Deposit found OK</b> <br />
<b>Finance Deposit found OK</b> <br />
<b>Total Deposit found OK</b> <br />
<b>Balance to Finance found OK</b> <br />
<b>Finance Charges - found wrong</b> <br />
<b>Document Fee - found OK</b> <br />
<b>Balance Payable - found wrong</b> <br />
<b>Option To Purchase Fee - found OK</b> <br />
<b>Initial Cash Payment - found OK</b> <br />
<b>Followed By months - found OK</b> <br />
<b>Monthly Finance Payment - found OK</b> <br />
<b>Monthly Maint Payment - found OK</b> <br />
<b>Monthly Total Payment - found OK</b> <br />
<b>Balloon Value - found wrong</b> <br />
<b>Final Payment - found wrong</b> <br />
<b>Pence Per Excess Mile Finance - found OK</b> <br />
<b>Pence Per Excess Mile Maintenance - found OK</b> <br />
<b>Pence Per Excess Mile Total - found OK</b> <br />
<b>Vehicle Commission - found OK</b> <br />
<b>Default Finance Commission - found OK</b> <br />
<b>Maintenance Commission - found OK</b> <br />
<b>Document Fee Commission - found OK</b> <br />
<b>Total Commission - found OK</b> <br />
<b>*************Configuration Values Verification on quote summary page has been started************</b> <br />
<b>Base Interest Rate found OK</b> <br />
<b>Finance Margin found wrong</b> <br />
<b>Deductions found OK</b> <br />
<b>Additional Margin found OK</b> <br />
<b>Total Margin found wrong</b> <br />
<b>Default Broker Margin percentage found OK</b> <br />
<b>Customer Interest Rate found OK</b> <br />
<b>Maintenance Margin found OK</b> <br />
<b>Document Fee Margin found OK</b> <br />
<b>Default Broker Margin found OK</b> <br />
<b>*********Customer Quote generated successfully and Quote_ref_no is=ZBL89870</b> <br />
<b>*************OTR Calulation on quote summary page has been started************</b> <br />
<b>Reading values from OTR calculation -Quote Summary Page</b> <br />
<b>OTR_calculation_cost_otr_price_from_screen =21258.0</b> <br />
<b>OTR_calculation_cost_price_ex_vat_and_rfl_from_screen =17440.0</b> <br />
<b>OTR_calculation_otr_vat_from_screen =3488.0</b> <br />
<b>OTR_calculation_otr_rfl_and_frf_from_screen =330.0</b> <br />
<b>OTR price compared</b> <br />
<b>Cost price ex vat and rfl compared</b> <br />
<b>VAT compared</b> <br />
<b>RFL & FRF compared</b> <br />
<b>*************Holding Cost Calulation on quote summary page has been started************</b> <br />
<b>Reading values from Holding Cost summary -Quote Summary Page</b> <br />
<b>holding_cost_terms_from_screen33.0</b> <br />
<b>holding_cost_miles_per_annum_from_screen5000.0</b> <br />
<b>holding_cost_monthly_finance_cost_from_screen425.58</b> <br />
<b>holding_cost_monthly_maint_cost_used_from_screen50.0</b> <br />
<b>holding_cost_CAP_monthly_maint_cost_from_screen8.97</b> <br />
<b>holding_cost_total_monthly_holding_cost_from_screen =475.58</b> <br />
<b>terms compared</b> <br />
<b>Miles per annum compared</b> <br />
<b>Finance cost compared</b> <br />
<b>Maint cost used  compared</b> <br />
<b>Total Monthly Holding Cost compared</b> <br />
<b>*************Customer Quote Calulation on quote summary page has been started************</b> <br />
<b>Terms found OK</b> <br />
<b>miles found OK</b> <br />
<b>Basic Cash Price found OK</b> <br />
<b>VAT found OK</b> <br />
<b>Non VAT Items Value found OK</b> <br />
<b>Total Cash Price found OK</b> <br />
<b>Order Deposit found OK</b> <br />
<b>Finance Deposit found OK</b> <br />
<b>Total Deposit found OK</b> <br />
<b>Balance to Finance found OK</b> <br />
<b>Finance Charges - found wrong</b> <br />
<b>Document Fee - found OK</b> <br />
<b>Balance Payable - found wrong</b> <br />
<b>Option To Purchase Fee - found OK</b> <br />
<b>Initial Cash Payment - found OK</b> <br />
<b>Followed By months - found OK</b> <br />
<b>Monthly Finance Payment - found OK</b> <br />
<b>Monthly Maint Payment - found OK</b> <br />
<b>Monthly Total Payment - found OK</b> <br />
<b>Balloon Value - found wrong</b> <br />
<b>Final Payment - found wrong</b> <br />
<b>Pence Per Excess Mile Finance - found OK</b> <br />
<b>Pence Per Excess Mile Maintenance - found OK</b> <br />
<b>Pence Per Excess Mile Total - found OK</b> <br />
<b>Vehicle Commission - found OK</b> <br />
<b>Default Finance Commission - found OK</b> <br />
<b>Maintenance Commission - found OK</b> <br />
<b>Document Fee Commission - found OK</b> <br />
<b>Total Commission - found OK</b> <br />
<b>*************Configuration Values Verification on quote summary page has been started************</b> <br />
<b>Base Interest Rate found OK</b> <br />
<b>Finance Margin found wrong</b> <br />
<b>Deductions found OK</b> <br />
<b>Additional Margin found OK</b> <br />
<b>Total Margin found wrong</b> <br />
<b>Default Broker Margin percentage found OK</b> <br />
<b>Customer Interest Rate found OK</b> <br />
<b>Maintenance Margin found OK</b> <br />
<b>Document Fee Margin found OK</b> <br />
<b>Default Broker Margin found OK</b> <br />
<b>*************Editing Base Interest Rate and Verifying  Values on quote summary page has been started************</b> <br />
<b>Base Interest Rate changed to 7.0 %</b> <br />
<b>Holding Cost after changing Base Int. Rate -  found OK</b> <br />
<b>Monthly Finance Rental after changing Base Int. Rate -  found OK</b> <br />
<b>Monthly Maint Rental after changing Base Int. Rate -  found OK</b> <br />
<b>Finance Charges - found wrong</b> <br />
<b>Balance Payable - found wrong</b> <br />
<b>Base Interest Rate changed to 6.5 %</b> <br />
<b>*************Editing Customer Rate Over Base and Verifying Values on quote summary page has been started************</b> <br />
<b>Customer Base Over Rate changed to 5.0 %</b> <br />
<b>Monthly Finance Rental after changing Customer Base Over Rate -  found OK</b> <br />
<b>Finance Charges - found wrong</b> <br />
<b>Balance Payable - found wrong</b> <br />
<b>*************Editing Maintenance Margin and Verifying Values on quote summary page has been started************</b> <br />
<b>Maintenance margin changed to 30 %</b> <br />
<b>Monthly Maint Rental after changing Maintenance margin -  found OK</b> <br />]]>
  </system-out>
</testsuite> <!-- newCar.CP.Acquisition_Quotes_CP_PCP_LCV_with_funder_quote_addition_with_maintenance_Test -->
