<?xml version="1.0" encoding="UTF-8"?>
<!-- Generated by org.testng.reporters.JUnitReportReporter -->
<testsuite hostname="DSK-4052" failures="0" tests="8" name="newCar.HPNR.Acquisition_Quotes_HPNR_HPNR_with_maintenance_Test" time="416.051" errors="1" timestamp="2023-05-31T17:26:10 IST" skipped="4">
  <testcase classname="newCar.HPNR.Acquisition_Quotes_HPNR_HPNR_with_maintenance_Test" name="aquisition_quotes_HPNR_HPNR_OTR_calculation_with_maintenance_test" time="171.283"/>
  <system-out>
    <![CDATA[<b>Clicked on Quote button </b> <br />
<b>Manufacture =AUDI has been selected</b> <br />
<b>Model range =A7 has been selected</b> <br />
<b>Vehicle has been selected</b> <br />
<b>Paint option has been selected</b> <br />
<b>Interior option has been selected</b> <br />
<b> Acquisition Contract type option = Hire Purchase Non regulated (HPNR) has been selected</b> <br />
<b> Customer Contract type option = Hire Purchase Non regulated (HPNR) has been selected</b> <br />
<b>Getting Basic Price- Vehicle value is  =46854.17</b> <br />
<b>Getting Basic Price - Paint  value is  =0.00</b> <br />
<b>Getting  Basic Price - Options value is   =833.33</b> <br />
<b>Getting Discount- Vehicle value is  =0.00</b> <br />
<b>Getting   Discount - Paint value is   =0.00</b> <br />
<b>Getting  Discount- Options value is   =0.00</b> <br />
<b>Getting Additional Discount- Vehicle value is  =0.00</b> <br />
<b>Getting  Additional Discount - paint value is  =0.00</b> <br />
<b>Getting  Additional Discount - Options value is  =0.00</b> <br />
<b>Writing OTR table values to excel sheet -Started </b> <br />
<b>Writing OTR table values to excel sheet -Completed </b> <br />
<b>Reading Subtotal After Discount from excel sheet -Started </b> <br />
<b>Reading Subtotal After Discount from excel sheet -Started </b> <br />
<b>Subtotal After Discount from excel sheet is =47687.5</b> <br />
<b>Subtotal after discount actual value from screen =£ 47,687.50</b> <br />]]>
  </system-out>
  <testcase classname="newCar.HPNR.Acquisition_Quotes_HPNR_HPNR_with_maintenance_Test" name="aquisition_quotes_HPNR_HPNR_after_discount_calculations_with_maintenance_test" time="4.533"/>
  <system-out>
    <![CDATA[<b>*********Calculations for On Road Price has been started***********</b> <br />
<b>Started getting On screen values from after discount table </b> <br />
<b>Manufacture_delivery_charges =550.00</b> <br />
<b>Road_tax_first_year =645.00</b> <br />
<b>First_registration_fee =55.00</b> <br />
<b>Rebate =0.00</b> <br />
<b>Writing After discount values to excel has been started</b> <br />
<b>Writing After discount values to excel has been completed</b> <br />
<b>Reading On Road Price for invoice from excel has been Started</b> <br />
<b>Reading On Road Price for invoice from excel has been completed</b> <br />
<b>Expected on the road price from excel is =58585.0</b> <br />
<b>Actual on the road price from screen is =58585.00</b> <br />]]>
  </system-out>
  <testcase classname="newCar.HPNR.Acquisition_Quotes_HPNR_HPNR_with_maintenance_Test" name="aquisition_quotes_HPNR_HPNR_holding_cost_calculations_with_maintenance_test" time="58.965"/>
  <system-out>
    <![CDATA[<b>***********Entered in holding cost page ***********</b> <br />
<b>Clicked on holding cost summary</b> <br />
<b>Clicked on holding_cost_maintenance_toggle_button</b> <br />
<b></b> <br />
<b>***Verifying Holding Cost before editing CAP data*** </b> <br />
<b>Getting on screen values from Holding Cost Page</b> <br />
<b>Duration(Terms) =36.0</b> <br />
<b>Annual_mileage =10000.0</b> <br />
<b>Residual_value_from_screen =28575.0</b> <br />
<b>Total_cap_maintenance_value_annual =1419.17</b> <br />
<b>Writing Holding Cost Summary values to excel has been started</b> <br />
<b>Writing Holding Cost Summary values to excel has been completed</b> <br />
<b>Reading Monthly Holding Cost value from excel has been started</b> <br />
<b>Reading Monthly Holding Cost value from excel has been completed</b> <br />
<b>Total_monthly_holding_cost_from_screen =1,050.08</b> <br />
<b>Total_monthly_holding_cost_from_excel =1050.0790002861795</b> <br />
<b>Total Monthly Holding Cost based on CAP data is Verified and Found OK</b> <br />
<b></b> <br />
<b>Editing % CAP Residual Value and % CAP Maintenance cost used</b> <br />
<b>Changing % CAP Residual Value (from test  data) to 50</b> <br />
<b>Changing % CAP Maintenance cost (from test  data) to 50</b> <br />
<b>Writing Holding Cost Summary values to excel has been started</b> <br />
<b>Writing Holding Cost Summary values to excel has been completed</b> <br />
<b>Reading Monthly Holding Cost value from excel has been started</b> <br />
<b>Reading Monthly Holding Cost value from excel has been completed</b> <br />
<b>Total_monthly_holding_cost_from_screen =1,313.43</b> <br />
<b>Total_monthly_holding_cost_from_excel =1313.4289416416693</b> <br />
<b>Total Monthly Holding Cost After Editing % Residual Value and % Maintenance Cost is Verified and Found OK</b> <br />
<b></b> <br />
<b>Editing Residual value and Maintenance cost used</b> <br />
<b>Changing Residual Value (from test data) to  =20000</b> <br />
<b>Changing Maintenance Cost used (from test data) to =25</b> <br />
<b>Writing Holding Cost Summary values to excel has been started</b> <br />
<b>Writing Holding Cost Summary values to excel has been completed</b> <br />
<b>Reading Monthly Holding Cost value from excel has been started</b> <br />
<b>Reading Monthly Holding Cost value from excel has been completed</b> <br />
<b>Total_monthly_holding_cost_from_screen =1,205.54</b> <br />
<b>Total_monthly_holding_cost_from_excel =1205.543522297339</b> <br />
<b>Total Monthly Holding Cost After Editing Residual Value and Maintenance Cost is Verified and Found OK</b> <br />
<b></b> <br />
<b>Editing additional terms and mileage</b> <br />
<b>Updated Residual Value from screen  (to be sent to calculation excel) is =9600.00</b> <br />
<b>Updated Maintenance Cost from screen  (to be sent to calculation excel) is =88.06</b> <br />
<b>Writing Holding Cost Summary values to excel has been started</b> <br />
<b>Writing Holding Cost Summary values to excel has been completed</b> <br />
<b>Reading Monthly Holding Cost value from excel has been started</b> <br />
<b>Reading Monthly Holding Cost value from excel has been completed</b> <br />
<b>Total_monthly_holding_cost_from_screen =1,507.09</b> <br />
<b>Total_monthly_holding_cost_from_excel =1507.0913659923156</b> <br />
<b>Total Monthly Holding Cost After Editing Additional terms and mileage is Verified and Found OK</b> <br />]]>
  </system-out>
  <testcase classname="newCar.HPNR.Acquisition_Quotes_HPNR_HPNR_with_maintenance_Test" name="aquisition_quotes_HPNR_HPNR_customer_quote_calculations_check_monthly_finance_payment_with_maintenance_test" time="181.270">
    <error message="element click intercepted: Element &lt;p&gt;...&lt;/p&gt; is not clickable at point (786, 96). Other element would receive the click: &lt;div _ngcontent-oqj-c0=&quot;&quot; class=&quot;loader_div&quot;&gt;...&lt;/div&gt;
  (Session info: chrome=113.0.5672.127)
Build info: version: &#039;4.0.0&#039;, revision: &#039;3a21814679&#039;
System info: host: &#039;DSK-4052&#039;, ip: &#039;172.16.1.80&#039;, os.name: &#039;Windows 10&#039;, os.arch: &#039;amd64&#039;, os.version: &#039;10.0&#039;, java.version: &#039;19.0.1&#039;
Driver info: org.openqa.selenium.chrome.ChromeDriver
Command: [7ca8e9ade50b6e1b303fa64ff115d1e8, clickElement {id=327BA0D716DCD5AB8B36CE33F07762DB_element_318}]
Capabilities {acceptInsecureCerts: false, browserName: chrome, browserVersion: 113.0.5672.127, chrome: {chromedriverVersion: 113.0.5672.63 (0e1a4471d5ae..., userDataDir: C:\Users\NITEIN~1.KUR\AppDa...}, goog:chromeOptions: {debuggerAddress: localhost:54822}, javascriptEnabled: true, networkConnectionEnabled: false, pageLoadStrategy: normal, platform: WINDOWS, platformName: WINDOWS, proxy: Proxy(), se:cdp: ws://localhost:54822/devtoo..., se:cdpVersion: 113.0.5672.127, setWindowRect: true, strictFileInteractability: false, timeouts: {implicit: 0, pageLoad: 300000, script: 30000}, unhandledPromptBehavior: dismiss and notify, webauthn:extension:credBlob: true, webauthn:extension:largeBlob: true, webauthn:extension:minPinLength: true, webauthn:extension:prf: true, webauthn:virtualAuthenticators: true}
Element: [[ChromeDriver: chrome on WINDOWS (7ca8e9ade50b6e1b303fa64ff115d1e8)] -&gt; xpath: //p[normalize-space()=&#039;Customer Quote&#039;]]
Session ID: 7ca8e9ade50b6e1b303fa64ff115d1e8" type="org.openqa.selenium.ElementClickInterceptedException">
      <![CDATA[org.openqa.selenium.ElementClickInterceptedException: element click intercepted: Element <p>...</p> is not clickable at point (786, 96). Other element would receive the click: <div _ngcontent-oqj-c0="" class="loader_div">...</div>
  (Session info: chrome=113.0.5672.127)
Build info: version: '4.0.0', revision: '3a21814679'
System info: host: 'DSK-4052', ip: '172.16.1.80', os.name: 'Windows 10', os.arch: 'amd64', os.version: '10.0', java.version: '19.0.1'
Driver info: org.openqa.selenium.chrome.ChromeDriver
Command: [7ca8e9ade50b6e1b303fa64ff115d1e8, clickElement {id=327BA0D716DCD5AB8B36CE33F07762DB_element_318}]
Capabilities {acceptInsecureCerts: false, browserName: chrome, browserVersion: 113.0.5672.127, chrome: {chromedriverVersion: 113.0.5672.63 (0e1a4471d5ae..., userDataDir: C:\Users\NITEIN~1.KUR\AppDa...}, goog:chromeOptions: {debuggerAddress: localhost:54822}, javascriptEnabled: true, networkConnectionEnabled: false, pageLoadStrategy: normal, platform: WINDOWS, platformName: WINDOWS, proxy: Proxy(), se:cdp: ws://localhost:54822/devtoo..., se:cdpVersion: 113.0.5672.127, setWindowRect: true, strictFileInteractability: false, timeouts: {implicit: 0, pageLoad: 300000, script: 30000}, unhandledPromptBehavior: dismiss and notify, webauthn:extension:credBlob: true, webauthn:extension:largeBlob: true, webauthn:extension:minPinLength: true, webauthn:extension:prf: true, webauthn:virtualAuthenticators: true}
Element: [[ChromeDriver: chrome on WINDOWS (7ca8e9ade50b6e1b303fa64ff115d1e8)] -> xpath: //p[normalize-space()='Customer Quote']]
Session ID: 7ca8e9ade50b6e1b303fa64ff115d1e8
at java.base/jdk.internal.reflect.DirectConstructorHandleAccessor.newInstance(DirectConstructorHandleAccessor.java:67)
at java.base/java.lang.reflect.Constructor.newInstanceWithCaller(Constructor.java:500)
at java.base/java.lang.reflect.Constructor.newInstance(Constructor.java:484)
at org.openqa.selenium.remote.codec.w3c.W3CHttpResponseCodec.createException(W3CHttpResponseCodec.java:200)
at org.openqa.selenium.remote.codec.w3c.W3CHttpResponseCodec.decode(W3CHttpResponseCodec.java:133)
at org.openqa.selenium.remote.codec.w3c.W3CHttpResponseCodec.decode(W3CHttpResponseCodec.java:53)
at org.openqa.selenium.remote.HttpCommandExecutor.execute(HttpCommandExecutor.java:184)
at org.openqa.selenium.remote.service.DriverCommandExecutor.invokeExecute(DriverCommandExecutor.java:164)
at org.openqa.selenium.remote.service.DriverCommandExecutor.execute(DriverCommandExecutor.java:139)
at org.openqa.selenium.remote.RemoteWebDriver.execute(RemoteWebDriver.java:559)
at org.openqa.selenium.remote.RemoteWebElement.execute(RemoteWebElement.java:251)
at org.openqa.selenium.remote.RemoteWebElement.click(RemoteWebElement.java:77)
at java.base/jdk.internal.reflect.DirectMethodHandleAccessor.invoke(DirectMethodHandleAccessor.java:104)
at java.base/java.lang.reflect.Method.invoke(Method.java:578)
at org.openqa.selenium.support.pagefactory.internal.LocatingElementHandler.invoke(LocatingElementHandler.java:52)
at jdk.proxy2/jdk.proxy2.$Proxy20.click(Unknown Source)
at com.amt.testUtil.Click.on(Click.java:18)
at com.amt.CustomerQuotePackage.CustomerQuotePage_HPNR_HPRPage.update_sales_price_discount_and_verify_sales_price_vehicle_profit_monthly_rental_with_maintenance(CustomerQuotePage_HPNR_HPRPage.java:1368)
at newCar.HPNR.Acquisition_Quotes_HPNR_HPNR_with_maintenance_Test.aquisition_quotes_HPNR_HPNR_customer_quote_calculations_check_monthly_finance_payment_with_maintenance_test(Acquisition_Quotes_HPNR_HPNR_with_maintenance_Test.java:143)
at java.base/jdk.internal.reflect.DirectMethodHandleAccessor.invoke(DirectMethodHandleAccessor.java:104)
at java.base/java.lang.reflect.Method.invoke(Method.java:578)
at org.testng.internal.MethodInvocationHelper.invokeMethod(MethodInvocationHelper.java:133)
at org.testng.internal.TestInvoker.invokeMethod(TestInvoker.java:598)
at org.testng.internal.TestInvoker.invokeTestMethod(TestInvoker.java:173)
at org.testng.internal.MethodRunner.runInSequence(MethodRunner.java:46)
at org.testng.internal.TestInvoker$MethodInvocationAgent.invoke(TestInvoker.java:824)
at org.testng.internal.TestInvoker.invokeTestMethods(TestInvoker.java:146)
at org.testng.internal.TestMethodWorker.invokeTestMethods(TestMethodWorker.java:146)
at org.testng.internal.TestMethodWorker.run(TestMethodWorker.java:128)
at java.base/java.util.ArrayList.forEach(ArrayList.java:1511)
at org.testng.TestRunner.privateRun(TestRunner.java:794)
at org.testng.TestRunner.run(TestRunner.java:596)
at org.testng.SuiteRunner.runTest(SuiteRunner.java:377)
at org.testng.SuiteRunner.runSequentially(SuiteRunner.java:371)
at org.testng.SuiteRunner.privateRun(SuiteRunner.java:332)
at org.testng.SuiteRunner.run(SuiteRunner.java:276)
at org.testng.SuiteRunnerWorker.runSuite(SuiteRunnerWorker.java:53)
at org.testng.SuiteRunnerWorker.run(SuiteRunnerWorker.java:96)
at org.testng.TestNG.runSuitesSequentially(TestNG.java:1212)
at org.testng.TestNG.runSuitesLocally(TestNG.java:1134)
at org.testng.TestNG.runSuites(TestNG.java:1063)
at org.testng.TestNG.run(TestNG.java:1031)
at org.testng.remote.AbstractRemoteTestNG.run(AbstractRemoteTestNG.java:115)
at org.testng.remote.RemoteTestNG.initAndRun(RemoteTestNG.java:251)
at org.testng.remote.RemoteTestNG.main(RemoteTestNG.java:77)
]]>
    </error>
  </testcase> <!-- aquisition_quotes_HPNR_HPNR_customer_quote_calculations_check_monthly_finance_payment_with_maintenance_test -->
  <system-out>
    <![CDATA[<b>***********Entered in Customer Quote page ***********</b> <br />
<b>Matrix credit type A1 Credit has been selected</b> <br />
<b>Writing configuration values from property file to Excel for customer quote calculation -started</b> <br />
<b>Writing configuration values from property file to Excel for customer quote calculation -completed</b> <br />
<b>Actual Monthly total Payment from screen is 1981.83</b> <br />
<b>Writing screen values to Excel for customer quote calculation -started</b> <br />
<b>Writing screen values to Excel for customer quote calculation -completed</b> <br />
<b>Expected Monthly Total Rental from excel is 1981.8289294050412</b> <br />
<b></b> <br />
<b>Started Verifying Sales price discount not to be greater than cost price discount</b> <br />
<b>Sales discount price entered greater than Cost discount prices and verified that sales discount input field doesn't accept greater values than cost discount prices</b> <br />
<b></b> <br />
<b>Started Updating Sales price discount</b> <br />
<b>Actual Sales Total Price from screen (on updating sales discount prices) is 58585.0</b> <br />
<b>Expected Sales Total Price from excel (on updating sales discount prices) is 58585.0</b> <br />
<b>Actual Vehicle Profit from screen (on updating sales discount prices) is 0.0</b> <br />
<b>Expected Vehicle Profit from excel (on updating sales discount prices) is 0.0</b> <br />
<br>----------Screenshot---------<br>
<img src="D:\usedCar\AMT_Automation\target\surefire-reports\html\failure_screenshots\aquisition_quotes_HPNR_HPNR_customer_quote_calculations_check_monthly_finance_payment_with_maintenance_test_31_05_2023_05_26_10.png" height="800" width="1000">]]>
  </system-out>
  <testcase classname="newCar.HPNR.Acquisition_Quotes_HPNR_HPNR_with_maintenance_Test" name="aquisition_quotes_HPNR_HPNR_customer_quote_vehicle_profit_edit_check_with_maintenance_test" time="0.000">
    <skipped/>
  </testcase> <!-- aquisition_quotes_HPNR_HPNR_customer_quote_vehicle_profit_edit_check_with_maintenance_test -->
  <system-out/>
  <testcase classname="newCar.HPNR.Acquisition_Quotes_HPNR_HPNR_with_maintenance_Test" name="aquisition_quotes_HPNR_HPNR_customer_quote_part_exchange_value_edit_check_with_maintenance_test" time="0.000">
    <skipped/>
  </testcase> <!-- aquisition_quotes_HPNR_HPNR_customer_quote_part_exchange_value_edit_check_with_maintenance_test -->
  <system-out/>
  <testcase classname="newCar.HPNR.Acquisition_Quotes_HPNR_HPNR_with_maintenance_Test" name="aquisition_quotes_HPNR_HPNR_customer_quote_monthly_finance_payment_after_balloon_payment_off_with_maintenance_test" time="0.000">
    <skipped/>
  </testcase> <!-- aquisition_quotes_HPNR_HPNR_customer_quote_monthly_finance_payment_after_balloon_payment_off_with_maintenance_test -->
  <system-out/>
  <testcase classname="newCar.HPNR.Acquisition_Quotes_HPNR_HPNR_with_maintenance_Test" name="aquisition_quotes_HPNR_HPNR_quote_summary_values_verification_with_maintenance_test" time="0.000">
    <skipped/>
  </testcase> <!-- aquisition_quotes_HPNR_HPNR_quote_summary_values_verification_with_maintenance_test -->
  <system-out/>
</testsuite> <!-- newCar.HPNR.Acquisition_Quotes_HPNR_HPNR_with_maintenance_Test -->
