<html>
<head>
<title>TestNG:  Check Stocking plan is not enabled for non AMT location </title>
<link href="../testng.css" rel="stylesheet" type="text/css" />
<link href="../my-testng.css" rel="stylesheet" type="text/css" />

<style type="text/css">
.log { display: none;} 
.stack-trace { display: none;} 
</style>
<script type="text/javascript">
<!--
function flip(e) {
  current = e.style.display;
  if (current == 'block') {
    e.style.display = 'none';
    return 0;
  }
  else {
    e.style.display = 'block';
    return 1;
  }
}

function toggleBox(szDivId, elem, msg1, msg2)
{
  var res = -1;  if (document.getElementById) {
    res = flip(document.getElementById(szDivId));
  }
  else if (document.all) {
    // this is the way old msie versions work
    res = flip(document.all[szDivId]);
  }
  if(elem) {
    if(res == 0) elem.innerHTML = msg1; else elem.innerHTML = msg2;
  }

}

function toggleAllBoxes() {
  if (document.getElementsByTagName) {
    d = document.getElementsByTagName('div');
    for (i = 0; i < d.length; i++) {
      if (d[i].className == 'log') {
        flip(d[i]);
      }
    }
  }
}

// -->
</script>

</head>
<body>
<h2 align='center'>Check Stocking plan is not enabled for non AMT location </h2><table border='1' align="center">
<tr>
<td>Tests passed/Failed/Skipped:</td><td>6/1/0</td>
</tr><tr>
<td>Started on:</td><td>Fri Jun 21 00:03:01 IST 2024</td>
</tr>
<tr><td>Total time:</td><td>517 seconds (517977 ms)</td>
</tr><tr>
<td>Included groups:</td><td></td>
</tr><tr>
<td>Excluded groups:</td><td></td>
</tr>
</table><p/>
<small><i>(Hover the method name to see the test class name)</i></small><p/>
<table width='100%' border='1' class='invocation-failed'>
<tr><td colspan='4' align='center'><b>FAILED TESTS</b></td></tr>
<tr><td><b>Test method</b></td>
<td width="30%"><b>Exception</b></td>
<td width="10%"><b>Time (seconds)</b></td>
<td><b>Instance</b></td>
</tr>
<tr>
<td title='orders.Orders_Asset_Funding_Verify_Stocking_Plan_Is_Not_For_Non_AMT_location_Test.stocking_plan_not_enabled_test()'><b>stocking_plan_not_enabled_test</b><br>Test class: orders.Orders_Asset_Funding_Verify_Stocking_Plan_Is_Not_For_Non_AMT_location_Test<br/>
<a href="#Output-853605567" onClick='toggleBox("Output-853605567", this, "Show output", "Hide output");'>Show output</a>

<a href="#Output-853605567" onClick="toggleAllBoxes();">Show all outputs</a>
<div class='log' id="Output-853605567">
<br>----------Screenshot---------<br><br/>
<img src="D:\Orders_Vehicles\AMT_Orders_Vehicles\target\surefire-reports\html\failure_screenshots\stocking_plan_not_enabled_test_21_06_2024_12_11_39.png" height="800" width="1000"><br/>
</div>
</td>
<td><div><pre>java.lang.AssertionError: expected [true] but found [false]
	at orders.Orders_Asset_Funding_Verify_Stocking_Plan_Is_Not_For_Non_AMT_location_Test.stocking_plan_not_enabled_test(Orders_Asset_Funding_Verify_Stocking_Plan_Is_Not_For_Non_AMT_location_Test.java:71)
	at java.base/java.util.ArrayList.forEach(ArrayList.java:1511)
... Removed 30 stack frames</pre></div><a href='#' onClick='toggleBox("stack-trace853605567", this, "Click to show all stack frames", "Click to hide stack frames")'>Click to show all stack frames</a>
<div class='stack-trace' id='stack-trace853605567'><pre>java.lang.AssertionError: expected [true] but found [false]
	at org.testng.Assert.fail(Assert.java:99)
	at org.testng.Assert.failNotEquals(Assert.java:1037)
	at org.testng.Assert.assertTrue(Assert.java:45)
	at org.testng.Assert.assertTrue(Assert.java:55)
	at orders.Orders_Asset_Funding_Verify_Stocking_Plan_Is_Not_For_Non_AMT_location_Test.stocking_plan_not_enabled_test(Orders_Asset_Funding_Verify_Stocking_Plan_Is_Not_For_Non_AMT_location_Test.java:71)
	at java.base/jdk.internal.reflect.DirectMethodHandleAccessor.invoke(DirectMethodHandleAccessor.java:104)
	at java.base/java.lang.reflect.Method.invoke(Method.java:578)
	at org.testng.internal.MethodInvocationHelper.invokeMethod(MethodInvocationHelper.java:133)
	at org.testng.internal.TestInvoker.invokeMethod(TestInvoker.java:598)
	at org.testng.internal.TestInvoker.invokeTestMethod(TestInvoker.java:173)
	at org.testng.internal.MethodRunner.runInSequence(MethodRunner.java:46)
	at org.testng.internal.TestInvoker$MethodInvocationAgent.invoke(TestInvoker.java:824)
	at org.testng.internal.TestInvoker.invokeTestMethods(TestInvoker.java:146)
	at org.testng.internal.TestMethodWorker.invokeTestMethods(TestMethodWorker.java:146)
	at org.testng.internal.TestMethodWorker.run(TestMethodWorker.java:128)
	at java.base/java.util.ArrayList.forEach(ArrayList.java:1511)
	at org.testng.TestRunner.privateRun(TestRunner.java:794)
	at org.testng.TestRunner.run(TestRunner.java:596)
	at org.testng.SuiteRunner.runTest(SuiteRunner.java:377)
	at org.testng.SuiteRunner.runSequentially(SuiteRunner.java:371)
	at org.testng.SuiteRunner.privateRun(SuiteRunner.java:332)
	at org.testng.SuiteRunner.run(SuiteRunner.java:276)
	at org.testng.SuiteRunnerWorker.runSuite(SuiteRunnerWorker.java:53)
	at org.testng.SuiteRunnerWorker.run(SuiteRunnerWorker.java:96)
	at org.testng.TestNG.runSuitesSequentially(TestNG.java:1212)
	at org.testng.TestNG.runSuitesSequentially(TestNG.java:1207)
	at org.testng.TestNG.runSuitesLocally(TestNG.java:1134)
	at org.testng.TestNG.runSuites(TestNG.java:1063)
	at org.testng.TestNG.run(TestNG.java:1031)
	at org.testng.remote.AbstractRemoteTestNG.run(AbstractRemoteTestNG.java:115)
	at org.testng.remote.RemoteTestNG.initAndRun(RemoteTestNG.java:251)
	at org.testng.remote.RemoteTestNG.main(RemoteTestNG.java:77)
</pre></div></td>
<td>4</td>
<td>orders.Orders_Asset_Funding_Verify_Stocking_Plan_Is_Not_For_Non_AMT_location_Test@a1f72f5</td></tr>
</table><p>
<table width='100%' border='1' class='invocation-passed'>
<tr><td colspan='4' align='center'><b>PASSED TESTS</b></td></tr>
<tr><td><b>Test method</b></td>
<td width="30%"><b>Exception</b></td>
<td width="10%"><b>Time (seconds)</b></td>
<td><b>Instance</b></td>
</tr>
<tr>
<td title='orders.Orders_Asset_Funding_Verify_Stocking_Plan_Is_Not_For_Non_AMT_location_Test.open_order_created_in_acquisition_test()'><b>open_order_created_in_acquisition_test</b><br>Test class: orders.Orders_Asset_Funding_Verify_Stocking_Plan_Is_Not_For_Non_AMT_location_Test<br/>
<a href="#Output-1250750889" onClick='toggleBox("Output-1250750889", this, "Show output", "Hide output");'>Show output</a>

<a href="#Output-1250750889" onClick="toggleAllBoxes();">Show all outputs</a>
<div class='log' id="Output-1250750889">
<b></b> <br /><br/>
<b>Searching for Order ID LU-51527</b> <br /><br/>
</div>
</td>
<td></td>
<td>78</td>
<td>orders.Orders_Asset_Funding_Verify_Stocking_Plan_Is_Not_For_Non_AMT_location_Test@a1f72f5</td></tr>
<tr>
<td title='orders.Orders_Asset_Funding_Verify_Stocking_Plan_Is_Not_For_Non_AMT_location_Test.deliver_vehicle_tab_test()'><b>deliver_vehicle_tab_test</b><br>Test class: orders.Orders_Asset_Funding_Verify_Stocking_Plan_Is_Not_For_Non_AMT_location_Test<br/>
<a href="#Output-606504179" onClick='toggleBox("Output-606504179", this, "Show output", "Hide output");'>Show output</a>

<a href="#Output-606504179" onClick="toggleAllBoxes();">Show all outputs</a>
<div class='log' id="Output-606504179">
<b>File is Uploaded Successfully</b> <br /><br/>
<b>Status updated is Delivered</b> <br /><br/>
</div>
</td>
<td></td>
<td>161</td>
<td>orders.Orders_Asset_Funding_Verify_Stocking_Plan_Is_Not_For_Non_AMT_location_Test@a1f72f5</td></tr>
<tr>
<td title='acquisition.Acquisition_Quotes_OP_OP_used_car_Test.aquisition_quotes_OP_OP_quote_summary_values_verification_with_maintenance_test()'><b>aquisition_quotes_OP_OP_quote_summary_values_verification_with_maintenance_test</b><br>Test class: acquisition.Acquisition_Quotes_OP_OP_used_car_Test<br>Parameters: GY12RZB, 10000, 60000, 500, 10, 15, 1000, 2000, 1000, 500, 1000, 200, HPNR_used_car<br/>
<a href="#Output-39588587" onClick='toggleBox("Output-39588587", this, "Show output", "Hide output");'>Show output</a>

<a href="#Output-39588587" onClick="toggleAllBoxes();">Show all outputs</a>
<div class='log' id="Output-39588587">
<b>*************OTR Calulation on quote summary page has been started************</b> <br /><br/>
<b>Reading values from OTR calculation -Quote Summary Page</b> <br /><br/>
<b>Cost otr price from screen =8225.0</b> <br /><br/>
<b>Cost price ex vat and rfl from screen =6854.17</b> <br /><br/>
<b>OTR vat from screen =1370.83</b> <br /><br/>
<b>Cost price compared</b> <br /><br/>
<b>Quote no. BVN65644 is saved to Excel sheet named Quote Save, in the sheet Order_ID</b> <br /><br/>
<b> </b> <br /><br/>
<b>*****Creating Order Started*****</b> <br /><br/>
<b> </b> <br /><br/>
<b>***** Order Created Successfully *****</b> <br /><br/>
<b>Order ID LU-51527 is saved to Excel sheet named Quote Save, in the sheet Order_ID</b> <br /><br/>
<b>*****xxxxxxxxxxxxxxxxxxxxxxxxxxxxx*****</b> <br /><br/>
</div>
</td>
<td></td>
<td>122</td>
<td>acquisition.Acquisition_Quotes_OP_OP_used_car_Test@19976a65</td></tr>
<tr>
<td title='acquisition.Acquisition_Quotes_OP_OP_used_car_Test.aquisition_quotes_OP_OP_customer_quote_vehicle_profit_edit_test()'><b>aquisition_quotes_OP_OP_customer_quote_vehicle_profit_edit_test</b><br>Test class: acquisition.Acquisition_Quotes_OP_OP_used_car_Test<br>Parameters: GY12RZB, 10000, 60000, 500, 10, 15, 1000, 2000, 1000, 500, 1000, 200, HPNR_used_car<br/>
<a href="#Output-658902365" onClick='toggleBox("Output-658902365", this, "Show output", "Hide output");'>Show output</a>

<a href="#Output-658902365" onClick="toggleAllBoxes();">Show all outputs</a>
<div class='log' id="Output-658902365">
<b>***********Entered in Customer Quote page ***********</b> <br /><br/>
<b>Vehicle profit 1000.0 added to OTR price 8225.0and sales price updated is 9425.0 i.e. true</b> <br /><br/>
</div>
</td>
<td></td>
<td>9</td>
<td>acquisition.Acquisition_Quotes_OP_OP_used_car_Test@19976a65</td></tr>
<tr>
<td title='acquisition.Acquisition_Quotes_OP_OP_used_car_Test.aquisition_quotes_OP_OP_customer_quote_part_exchange_value_edit_test()'><b>aquisition_quotes_OP_OP_customer_quote_part_exchange_value_edit_test</b><br>Test class: acquisition.Acquisition_Quotes_OP_OP_used_car_Test<br>Parameters: GY12RZB, 10000, 60000, 500, 10, 15, 1000, 2000, 1000, 500, 1000, 200, HPNR_used_car<br/>
<a href="#Output-405505895" onClick='toggleBox("Output-405505895", this, "Show output", "Hide output");'>Show output</a>

<a href="#Output-405505895" onClick="toggleAllBoxes();">Show all outputs</a>
<div class='log' id="Output-405505895">
<b>Pending Amount from screen 8665.0 Verified Successfully with applied formula 8665.0 i.e. true</b> <br /><br/>
</div>
</td>
<td></td>
<td>13</td>
<td>acquisition.Acquisition_Quotes_OP_OP_used_car_Test@19976a65</td></tr>
<tr>
<td title='acquisition.Acquisition_Quotes_OP_OP_used_car_Test.aquisition_quotes_OP_OP_OTR_calculation_test()'><b>aquisition_quotes_OP_OP_OTR_calculation_test</b><br>Test class: acquisition.Acquisition_Quotes_OP_OP_used_car_Test<br>Parameters: GY12RZB, 10000, 60000, 500, 10, 15, 1000, 2000, 1000, 500, 1000, 200, HPNR_used_car<br/>
<a href="#Output-181465967" onClick='toggleBox("Output-181465967", this, "Show output", "Hide output");'>Show output</a>

<a href="#Output-181465967" onClick="toggleAllBoxes();">Show all outputs</a>
<div class='log' id="Output-181465967">
<b>Clicking on New quote</b> <br /><br/>
<b>Clicked on Quote button </b> <br /><br/>
<b>Selecting used vehicle with registration no. = GY12RZB and mileage = 10000</b> <br /><br/>
<b>Vehicle selected</b> <br /><br/>
<b>Paint option has been selected</b> <br /><br/>
<b>Interior option has been selected</b> <br /><br/>
<b> Acquisition Contract type option = Outright Purchase has been selected</b> <br /><br/>
<b> Customer Contract type option = Outright Purchase has been selected</b> <br /><br/>
<b>Cost Price ex VAT and RFL from screen is 6854.17</b> <br /><br/>
<b>VAT from screen is 1370.83</b> <br /><br/>
<b>Cost Price ex VAT and RFL calculated is 6854.17</b> <br /><br/>
<b>Cost Price ex VAT and RFL verified and found OK</b> <br /><br/>
</div>
</td>
<td></td>
<td>107</td>
<td>acquisition.Acquisition_Quotes_OP_OP_used_car_Test@19976a65</td></tr>
</table><p>
</body>
</html>