<?xml version="1.0" encoding="UTF-8"?>
<!-- Generated by org.testng.reporters.JUnitXMLReporter -->
<testsuite ignored="2" hostname="DSK-4052" failures="1" tests="7" name="Check Stocking plan is not enabled for non AMT location " time="517.977" errors="0" timestamp="2024-06-21T00:11:39 IST">
  <testcase classname="acquisition.Acquisition_Quotes_OP_OP_used_car_Test" name="aquisition_quotes_OP_OP_OTR_calculation_test" time="107.217"/>
  <testcase classname="acquisition.Acquisition_Quotes_OP_OP_used_car_Test" name="aquisition_quotes_OP_OP_customer_quote_vehicle_profit_edit_test" time="9.258"/>
  <testcase classname="acquisition.Acquisition_Quotes_OP_OP_used_car_Test" name="aquisition_quotes_OP_OP_customer_quote_part_exchange_value_edit_test" time="13.971"/>
  <testcase classname="acquisition.Acquisition_Quotes_OP_OP_used_car_Test" name="aquisition_quotes_OP_OP_quote_summary_values_verification_with_maintenance_test" time="122.509"/>
  <testcase classname="orders.Orders_Asset_Funding_Verify_Stocking_Plan_Is_Not_For_Non_AMT_location_Test" name="open_order_created_in_acquisition_test" time="78.496"/>
  <testcase classname="orders.Orders_Asset_Funding_Verify_Stocking_Plan_Is_Not_For_Non_AMT_location_Test" name="deliver_vehicle_tab_test" time="161.874"/>
  <testcase classname="orders.Orders_Asset_Funding_Verify_Stocking_Plan_Is_Not_For_Non_AMT_location_Test" name="stocking_plan_not_enabled_test" time="4.201">
    <failure type="java.lang.AssertionError" message="expected [true] but found [false]">
      <![CDATA[java.lang.AssertionError: expected [true] but found [false]
at orders.Orders_Asset_Funding_Verify_Stocking_Plan_Is_Not_For_Non_AMT_location_Test.stocking_plan_not_enabled_test(Orders_Asset_Funding_Verify_Stocking_Plan_Is_Not_For_Non_AMT_location_Test.java:71)
at java.base/java.util.ArrayList.forEach(ArrayList.java:1511)
... Removed 30 stack frames]]>
    </failure>
  </testcase> <!-- stocking_plan_not_enabled_test -->
  <testcase classname="com.amt.testBase.TestBase" name="@AfterSuite end" time="0.0">
    <ignored/>
  </testcase> <!-- @AfterSuite end -->
  <testcase classname="com.amt.testBase.TestBase" name="@BeforeTest start_info" time="0.0">
    <ignored/>
  </testcase> <!-- @BeforeTest start_info -->
</testsuite> <!-- Check Stocking plan is not enabled for non AMT location  -->
