<html>
<head>
<title>TestNG:  Verify With Customer Flow For Ownbook Hire Funder</title>
<link href="../testng.css" rel="stylesheet" type="text/css" />
<link href="../my-testng.css" rel="stylesheet" type="text/css" />

<style type="text/css">
.log { display: none;} 
.stack-trace { display: none;} 
</style>
<script type="text/javascript">
<!--
function flip(e) {
  current = e.style.display;
  if (current == 'block') {
    e.style.display = 'none';
    return 0;
  }
  else {
    e.style.display = 'block';
    return 1;
  }
}

function toggleBox(szDivId, elem, msg1, msg2)
{
  var res = -1;  if (document.getElementById) {
    res = flip(document.getElementById(szDivId));
  }
  else if (document.all) {
    // this is the way old msie versions work
    res = flip(document.all[szDivId]);
  }
  if(elem) {
    if(res == 0) elem.innerHTML = msg1; else elem.innerHTML = msg2;
  }

}

function toggleAllBoxes() {
  if (document.getElementsByTagName) {
    d = document.getElementsByTagName('div');
    for (i = 0; i < d.length; i++) {
      if (d[i].className == 'log') {
        flip(d[i]);
      }
    }
  }
}

// -->
</script>

</head>
<body>
<h2 align='center'>Verify With Customer Flow For Ownbook Hire Funder</h2><table border='1' align="center">
<tr>
<td>Tests passed/Failed/Skipped:</td><td>36/1/16</td>
</tr><tr>
<td>Started on:</td><td>Wed Jan 31 03:48:59 IST 2024</td>
</tr>
<tr><td>Total time:</td><td>1916 seconds (1916144 ms)</td>
</tr><tr>
<td>Included groups:</td><td></td>
</tr><tr>
<td>Excluded groups:</td><td></td>
</tr>
</table><p/>
<small><i>(Hover the method name to see the test class name)</i></small><p/>
<table width='100%' border='1' class='invocation-failed'>
<tr><td colspan='4' align='center'><b>FAILED TESTS</b></td></tr>
<tr><td><b>Test method</b></td>
<td width="30%"><b>Exception</b></td>
<td width="10%"><b>Time (seconds)</b></td>
<td><b>Instance</b></td>
</tr>
<tr>
<td title='orders.Orders_Verify_used_car_ownbook_business_hire_funder_With_Customer_Flow_Test.T11_verify_payment_status_after_selecting_payment_sent_date_for_amount_due_on_vehicle_tab_test()'><b>T11_verify_payment_status_after_selecting_payment_sent_date_for_amount_due_on_vehicle_tab_test</b><br>Test class: orders.Orders_Verify_used_car_ownbook_business_hire_funder_With_Customer_Flow_Test<br/>
<a href="#Output-219876968" onClick='toggleBox("Output-219876968", this, "Show output", "Hide output");'>Show output</a>

<a href="#Output-219876968" onClick="toggleAllBoxes();">Show all outputs</a>
<div class='log' id="Output-219876968">
<br>----------Screenshot---------<br><br/>
<img src="D:\Orders_Vehicles\AMT_Orders_Vehicles\target\surefire-reports\html\failure_screenshots\T11_verify_payment_status_after_selecting_payment_sent_date_for_amount_due_on_vehicle_tab_test_31_01_2024_04_20_55.png" height="800" width="1000"><br/>
</div>
</td>
<td><div><pre>org.openqa.selenium.TimeoutException: Expected condition failed: waiting for element to be clickable: Proxy element for: DefaultElementLocator &apos;By.xpath: (//label[normalize-space()=&apos;Payment requested&apos;]//ancestor::div[1]//input)[2]&apos; (tried for 20 second(s) with 500 milliseconds interval)
	at org.openqa.selenium.support.ui.WebDriverWait.timeoutException(WebDriverWait.java:138)
	at org.openqa.selenium.support.ui.FluentWait.until(FluentWait.java:231)
	at com.amt.testUtil.Click.on(Click.java:17)
	at com.amt.pages.VehicleOrderPage.verify_payment_status_after_selecting_payment_sent_date_for_amount_due_if_payment_by_AMT(VehicleOrderPage.java:571)
	at orders.Orders_Verify_used_car_ownbook_business_hire_funder_With_Customer_Flow_Test.T11_verify_payment_status_after_selecting_payment_sent_date_for_amount_due_on_vehicle_tab_test(Orders_Verify_used_car_ownbook_business_hire_funder_With_Customer_Flow_Test.java:199)
	at java.base/java.util.ArrayList.forEach(ArrayList.java:1511)
Caused by: org.openqa.selenium.NoSuchElementException: no such element: Unable to locate element: {&quot;method&quot;:&quot;xpath&quot;,&quot;selector&quot;:&quot;(//label[normalize-space()=&apos;Payment requested&apos;]//ancestor::div[1]//input)[2]&quot;}
  (Session info: chrome=120.0.6099.225)
For documentation on this error, please visit: https://selenium.dev/exceptions/#no_such_element
Build info: version: &apos;4.1.0&apos;, revision: &apos;87802e897b&apos;
System info: host: &apos;DSK-4052&apos;, ip: &apos;172.16.1.80&apos;, os.name: &apos;Windows 10&apos;, os.arch: &apos;amd64&apos;, os.version: &apos;10.0&apos;, java.version: &apos;19.0.1&apos;
Driver info: org.openqa.selenium.chrome.ChromeDriver
Command: [e645c87ce75ecf12b26278bce680d6c5, findElement {using=xpath, value=(//label[normalize-space()=&apos;Payment requested&apos;]//ancestor::div[1]//input)[2]}]
Capabilities {acceptInsecureCerts: false, browserName: chrome, browserVersion: 120.0.6099.225, chrome: {chromedriverVersion: 119.0.6045.105 (38c72552c5e..., userDataDir: C:\Users\NITEIN~1.KUR\AppDa...}, fedcm:accounts: true, goog:chromeOptions: {debuggerAddress: localhost:56287}, javascriptEnabled: true, networkConnectionEnabled: false, pageLoadStrategy: normal, platform: WINDOWS, platformName: WINDOWS, proxy: Proxy(), se:cdp: ws://localhost:56287/devtoo..., se:cdpVersion: 120.0.6099.225, setWindowRect: true, strictFileInteractability: false, timeouts: {implicit: 0, pageLoad: 300000, script: 30000}, unhandledPromptBehavior: dismiss and notify, webauthn:extension:credBlob: true, webauthn:extension:largeBlob: true, webauthn:extension:minPinLength: true, webauthn:extension:prf: true, webauthn:virtualAuthenticators: true}
Session ID: e645c87ce75ecf12b26278bce680d6c5
	at org.openqa.selenium.remote.codec.w3c.W3CHttpResponseCodec.createException(W3CHttpResponseCodec.java:200)
	at org.openqa.selenium.remote.codec.w3c.W3CHttpResponseCodec.decode(W3CHttpResponseCodec.java:133)
	at org.openqa.selenium.remote.codec.w3c.W3CHttpResponseCodec.decode(W3CHttpResponseCodec.java:53)
	at org.openqa.selenium.remote.HttpCommandExecutor.execute(HttpCommandExecutor.java:184)
	at org.openqa.selenium.remote.service.DriverCommandExecutor.invokeExecute(DriverCommandExecutor.java:164)
	at org.openqa.selenium.remote.service.DriverCommandExecutor.execute(DriverCommandExecutor.java:139)
	at org.openqa.selenium.remote.RemoteWebDriver.execute(RemoteWebDriver.java:559)
	at org.openqa.selenium.remote.ElementLocation$ElementFinder$2.findElement(ElementLocation.java:162)
	at org.openqa.selenium.remote.ElementLocation.findElement(ElementLocation.java:60)
	at org.openqa.selenium.remote.RemoteWebDriver.findElement(RemoteWebDriver.java:383)
	at org.openqa.selenium.remote.RemoteWebDriver.findElement(RemoteWebDriver.java:375)
	at org.openqa.selenium.support.pagefactory.DefaultElementLocator.findElement(DefaultElementLocator.java:70)
	at org.openqa.selenium.support.pagefactory.internal.LocatingElementHandler.invoke(LocatingElementHandler.java:39)
	at jdk.proxy2/jdk.proxy2.$Proxy23.isDisplayed(Unknown Source)
	at org.openqa.selenium.support.ui.ExpectedConditions.elementIfVisible(ExpectedConditions.java:307)
	at org.openqa.selenium.support.ui.ExpectedConditions.access$000(ExpectedConditions.java:40)
	at org.openqa.selenium.support.ui.ExpectedConditions$10.apply(ExpectedConditions.java:293)
	at org.openqa.selenium.support.ui.ExpectedConditions$10.apply(ExpectedConditions.java:290)
	at org.openqa.selenium.support.ui.ExpectedConditions$23.apply(ExpectedConditions.java:660)
	at org.openqa.selenium.support.ui.ExpectedConditions$23.apply(ExpectedConditions.java:656)
	at org.openqa.selenium.support.ui.FluentWait.until(FluentWait.java:208)
	... 30 more
... Removed 29 stack frames</pre></div><a href='#' onClick='toggleBox("stack-trace219876968", this, "Click to show all stack frames", "Click to hide stack frames")'>Click to show all stack frames</a>
<div class='stack-trace' id='stack-trace219876968'><pre>org.openqa.selenium.TimeoutException: Expected condition failed: waiting for element to be clickable: Proxy element for: DefaultElementLocator &apos;By.xpath: (//label[normalize-space()=&apos;Payment requested&apos;]//ancestor::div[1]//input)[2]&apos; (tried for 20 second(s) with 500 milliseconds interval)
	at org.openqa.selenium.support.ui.WebDriverWait.timeoutException(WebDriverWait.java:138)
	at org.openqa.selenium.support.ui.FluentWait.until(FluentWait.java:231)
	at com.amt.testUtil.Click.on(Click.java:17)
	at com.amt.pages.VehicleOrderPage.verify_payment_status_after_selecting_payment_sent_date_for_amount_due_if_payment_by_AMT(VehicleOrderPage.java:571)
	at orders.Orders_Verify_used_car_ownbook_business_hire_funder_With_Customer_Flow_Test.T11_verify_payment_status_after_selecting_payment_sent_date_for_amount_due_on_vehicle_tab_test(Orders_Verify_used_car_ownbook_business_hire_funder_With_Customer_Flow_Test.java:199)
	at java.base/jdk.internal.reflect.DirectMethodHandleAccessor.invoke(DirectMethodHandleAccessor.java:104)
	at java.base/java.lang.reflect.Method.invoke(Method.java:578)
	at org.testng.internal.MethodInvocationHelper.invokeMethod(MethodInvocationHelper.java:133)
	at org.testng.internal.TestInvoker.invokeMethod(TestInvoker.java:598)
	at org.testng.internal.TestInvoker.invokeTestMethod(TestInvoker.java:173)
	at org.testng.internal.MethodRunner.runInSequence(MethodRunner.java:46)
	at org.testng.internal.TestInvoker$MethodInvocationAgent.invoke(TestInvoker.java:824)
	at org.testng.internal.TestInvoker.invokeTestMethods(TestInvoker.java:146)
	at org.testng.internal.TestMethodWorker.invokeTestMethods(TestMethodWorker.java:146)
	at org.testng.internal.TestMethodWorker.run(TestMethodWorker.java:128)
	at java.base/java.util.ArrayList.forEach(ArrayList.java:1511)
	at org.testng.TestRunner.privateRun(TestRunner.java:794)
	at org.testng.TestRunner.run(TestRunner.java:596)
	at org.testng.SuiteRunner.runTest(SuiteRunner.java:377)
	at org.testng.SuiteRunner.runSequentially(SuiteRunner.java:371)
	at org.testng.SuiteRunner.privateRun(SuiteRunner.java:332)
	at org.testng.SuiteRunner.run(SuiteRunner.java:276)
	at org.testng.SuiteRunnerWorker.runSuite(SuiteRunnerWorker.java:53)
	at org.testng.SuiteRunnerWorker.run(SuiteRunnerWorker.java:96)
	at org.testng.TestNG.runSuitesSequentially(TestNG.java:1212)
	at org.testng.TestNG.runSuitesSequentially(TestNG.java:1207)
	at org.testng.TestNG.runSuitesLocally(TestNG.java:1134)
	at org.testng.TestNG.runSuites(TestNG.java:1063)
	at org.testng.TestNG.run(TestNG.java:1031)
	at org.testng.remote.AbstractRemoteTestNG.run(AbstractRemoteTestNG.java:115)
	at org.testng.remote.RemoteTestNG.initAndRun(RemoteTestNG.java:251)
	at org.testng.remote.RemoteTestNG.main(RemoteTestNG.java:77)
Caused by: org.openqa.selenium.NoSuchElementException: no such element: Unable to locate element: {&quot;method&quot;:&quot;xpath&quot;,&quot;selector&quot;:&quot;(//label[normalize-space()=&apos;Payment requested&apos;]//ancestor::div[1]//input)[2]&quot;}
  (Session info: chrome=120.0.6099.225)
For documentation on this error, please visit: https://selenium.dev/exceptions/#no_such_element
Build info: version: &apos;4.1.0&apos;, revision: &apos;87802e897b&apos;
System info: host: &apos;DSK-4052&apos;, ip: &apos;172.16.1.80&apos;, os.name: &apos;Windows 10&apos;, os.arch: &apos;amd64&apos;, os.version: &apos;10.0&apos;, java.version: &apos;19.0.1&apos;
Driver info: org.openqa.selenium.chrome.ChromeDriver
Command: [e645c87ce75ecf12b26278bce680d6c5, findElement {using=xpath, value=(//label[normalize-space()=&apos;Payment requested&apos;]//ancestor::div[1]//input)[2]}]
Capabilities {acceptInsecureCerts: false, browserName: chrome, browserVersion: 120.0.6099.225, chrome: {chromedriverVersion: 119.0.6045.105 (38c72552c5e..., userDataDir: C:\Users\NITEIN~1.KUR\AppDa...}, fedcm:accounts: true, goog:chromeOptions: {debuggerAddress: localhost:56287}, javascriptEnabled: true, networkConnectionEnabled: false, pageLoadStrategy: normal, platform: WINDOWS, platformName: WINDOWS, proxy: Proxy(), se:cdp: ws://localhost:56287/devtoo..., se:cdpVersion: 120.0.6099.225, setWindowRect: true, strictFileInteractability: false, timeouts: {implicit: 0, pageLoad: 300000, script: 30000}, unhandledPromptBehavior: dismiss and notify, webauthn:extension:credBlob: true, webauthn:extension:largeBlob: true, webauthn:extension:minPinLength: true, webauthn:extension:prf: true, webauthn:virtualAuthenticators: true}
Session ID: e645c87ce75ecf12b26278bce680d6c5
	at java.base/jdk.internal.reflect.DirectConstructorHandleAccessor.newInstance(DirectConstructorHandleAccessor.java:67)
	at java.base/java.lang.reflect.Constructor.newInstanceWithCaller(Constructor.java:500)
	at java.base/java.lang.reflect.Constructor.newInstance(Constructor.java:484)
	at org.openqa.selenium.remote.codec.w3c.W3CHttpResponseCodec.createException(W3CHttpResponseCodec.java:200)
	at org.openqa.selenium.remote.codec.w3c.W3CHttpResponseCodec.decode(W3CHttpResponseCodec.java:133)
	at org.openqa.selenium.remote.codec.w3c.W3CHttpResponseCodec.decode(W3CHttpResponseCodec.java:53)
	at org.openqa.selenium.remote.HttpCommandExecutor.execute(HttpCommandExecutor.java:184)
	at org.openqa.selenium.remote.service.DriverCommandExecutor.invokeExecute(DriverCommandExecutor.java:164)
	at org.openqa.selenium.remote.service.DriverCommandExecutor.execute(DriverCommandExecutor.java:139)
	at org.openqa.selenium.remote.RemoteWebDriver.execute(RemoteWebDriver.java:559)
	at org.openqa.selenium.remote.ElementLocation$ElementFinder$2.findElement(ElementLocation.java:162)
	at org.openqa.selenium.remote.ElementLocation.findElement(ElementLocation.java:60)
	at org.openqa.selenium.remote.RemoteWebDriver.findElement(RemoteWebDriver.java:383)
	at org.openqa.selenium.remote.RemoteWebDriver.findElement(RemoteWebDriver.java:375)
	at org.openqa.selenium.support.pagefactory.DefaultElementLocator.findElement(DefaultElementLocator.java:70)
	at org.openqa.selenium.support.pagefactory.internal.LocatingElementHandler.invoke(LocatingElementHandler.java:39)
	at jdk.proxy2/jdk.proxy2.$Proxy23.isDisplayed(Unknown Source)
	at org.openqa.selenium.support.ui.ExpectedConditions.elementIfVisible(ExpectedConditions.java:307)
	at org.openqa.selenium.support.ui.ExpectedConditions.access$000(ExpectedConditions.java:40)
	at org.openqa.selenium.support.ui.ExpectedConditions$10.apply(ExpectedConditions.java:293)
	at org.openqa.selenium.support.ui.ExpectedConditions$10.apply(ExpectedConditions.java:290)
	at org.openqa.selenium.support.ui.ExpectedConditions$23.apply(ExpectedConditions.java:660)
	at org.openqa.selenium.support.ui.ExpectedConditions$23.apply(ExpectedConditions.java:656)
	at org.openqa.selenium.support.ui.FluentWait.until(FluentWait.java:208)
	... 30 more
</pre></div></td>
<td>72</td>
<td>orders.Orders_Verify_used_car_ownbook_business_hire_funder_With_Customer_Flow_Test@42a15bdc</td></tr>
</table><p>
<table width='100%' border='1' class='invocation-passed'>
<tr><td colspan='4' align='center'><b>PASSED TESTS</b></td></tr>
<tr><td><b>Test method</b></td>
<td width="30%"><b>Exception</b></td>
<td width="10%"><b>Time (seconds)</b></td>
<td><b>Instance</b></td>
</tr>
<tr>
<td title='opportunity.LOU_used_car_ownbook_business_hire_funder_accept_with_changes_Test.L2_ownbook_business_current_status_before_sending_to_proposal()'><b>L2_ownbook_business_current_status_before_sending_to_proposal</b><br>Test class: opportunity.LOU_used_car_ownbook_business_hire_funder_accept_with_changes_Test<br/>
<a href="#Output-1669320319" onClick='toggleBox("Output-1669320319", this, "Show output", "Hide output");'>Show output</a>

<a href="#Output-1669320319" onClick="toggleAllBoxes();">Show all outputs</a>
<div class='log' id="Output-1669320319">
<b>Clicked on Opportunity link from Menu </b> <br /><br/>
<b>listing_proposal_status is = Proposal Required</b> <br /><br/>
<b>Enter the Opportunity id in Search Text box</b> <br /><br/>
<b>Current Status of Opportunity Status value is = Open</b> <br /><br/>
<b>Current Status of Proposal value is = Proposal Required</b> <br /><br/>
<b>Current Status of Channel value is =  Draft</b> <br /><br/>
<b>Current Status of  Quote ref is = Draft</b> <br /><br/>
<b>Status Verified : Before sending the proposal</b> <br /><br/>
</div>
</td>
<td></td>
<td>32</td>
<td>opportunity.LOU_used_car_ownbook_business_hire_funder_accept_with_changes_Test@79c97cb</td></tr>
<tr>
<td title='acquisition.Acquisition_Quotes_HPNR_BCH_used_car_with_funder_quote_addition_without_maintenance_for_with_customer_orders_Test.aquisition_quotes_customer_quote_payment_profile_calculations_without_maintenance_test()'><b>aquisition_quotes_customer_quote_payment_profile_calculations_without_maintenance_test</b><br>Test class: acquisition.Acquisition_Quotes_HPNR_BCH_used_car_with_funder_quote_addition_without_maintenance_for_with_customer_orders_Test<br>Parameters: GY19XAG, 15000, 60000, 1000, REF001, 05/12/26, 33, 5000, 1000, 200, 12, 500, 6000, 20, 10000, 6000, 2000, 1000, 199.99, 500, 200, 200, 22, 22000, NO, 0, 200, YES, 0, HPNR (F3)-BCH_Used_car<br/>
<a href="#Output-398915526" onClick='toggleBox("Output-398915526", this, "Show output", "Hide output");'>Show output</a>

<a href="#Output-398915526" onClick="toggleAllBoxes();">Show all outputs</a>
<div class='log' id="Output-398915526">
<b>Writing configuration values from property file to Excel for customer quote calculation -started</b> <br /><br/>
<b>Writing configuration values from property file to Excel for customer quote calculation -completed</b> <br /><br/>
<b>************Calculations for Customer Quote Page has been started***********</b> <br /><br/>
<b>Payment Profile Monthly in Advance option has been selected</b> <br /><br/>
<b>Writing values to Excel for customer quote calculation -started</b> <br /><br/>
<b>Writing values to Excel for customer quote calculation -completed</b> <br /><br/>
<b>Reading  Monthly Finance Rental from  Excel   -started</b> <br /><br/>
<b>Reading  Monthly Finance Rental from  Excel   -completed</b> <br /><br/>
<b>Monthly Finance Rental from Excel is =610.0725258840939</b> <br /><br/>
<b>Monthly Finance Rental from screen is 610.07</b> <br /><br/>
<b>Monthly Finance Rental from screen (after submitting upsell values) is 623.65</b> <br /><br/>
<b>Writing upsell values to excel</b> <br /><br/>
<b>Monthly Finance Rental from Excel (after submitting upsell values) is 623.6546290184333</b> <br /><br/>
<b>Monthly finance (after submitting upsell values) is found OK</b> <br /><br/>
<b>Clicked on Part Exchange panel</b> <br /><br/>
<b>Expected Monthly Finance Rental From Excel is =623.6546290184333</b> <br /><br/>
<b>Actuacl Monthly Finance Rental From screen is =623.65</b> <br /><br/>
<b></b> <br /><br/>
<b>Balance Due value started verifying</b> <br /><br/>
<b>Balance due value Actual from screen is -2760.01</b> <br /><br/>
<b></b> <br /><br/>
<b>Balance due value Expected from Excel is -2760.0119999999997</b> <br /><br/>
<b></b> <br /><br/>
<b>Balance due value (with part exchange values) is verified and found ok</b> <br /><br/>
<b>Monthly Finance Rental from screen (after updating customer quote summary upsell value) is 630.44</b> <br /><br/>
<b>Writing upsell values to excel</b> <br /><br/>
<b>Monthly Finance Rental from Excel (after updating customer quote summary upsell value) is 630.445680585606</b> <br /><br/>
<b>Monthly finance rental (after updating customer quote summary upsell value) is found OK</b> <br /><br/>
</div>
</td>
<td></td>
<td>132</td>
<td>acquisition.Acquisition_Quotes_HPNR_BCH_used_car_with_funder_quote_addition_without_maintenance_for_with_customer_orders_Test@29a5f4e7</td></tr>
<tr>
<td title='opportunity.LOU_used_car_ownbook_business_hire_funder_accept_with_changes_Test.UW10_ownbook_after_opportunity_underwriting_accept_with_changes_signed_contract_status_with_api_call()'><b>UW10_ownbook_after_opportunity_underwriting_accept_with_changes_signed_contract_status_with_api_call</b><br>Test class: opportunity.LOU_used_car_ownbook_business_hire_funder_accept_with_changes_Test<br/>
<a href="#Output-1249829247" onClick='toggleBox("Output-1249829247", this, "Show output", "Hide output");'>Show output</a>

<a href="#Output-1249829247" onClick="toggleAllBoxes();">Show all outputs</a>
<div class='log' id="Output-1249829247">
<b>Status code 200 received </b> <br /><br/>
<b>Enter the Opportunity id in Search Text box</b> <br /><br/>
</div>
</td>
<td></td>
<td>42</td>
<td>opportunity.LOU_used_car_ownbook_business_hire_funder_accept_with_changes_Test@79c97cb</td></tr>
<tr>
<td title='acquisition.Acquisition_Quotes_HPNR_BCH_used_car_with_funder_quote_addition_without_maintenance_for_with_customer_orders_Test.aquisition_quotes_used_car_edit_cost_price_and_check_OTR_with_maintenance_test()'><b>aquisition_quotes_used_car_edit_cost_price_and_check_OTR_with_maintenance_test</b><br>Test class: acquisition.Acquisition_Quotes_HPNR_BCH_used_car_with_funder_quote_addition_without_maintenance_for_with_customer_orders_Test<br>Parameters: GY19XAG, 15000, 60000, 1000, REF001, 05/12/26, 33, 5000, 1000, 200, 12, 500, 6000, 20, 10000, 6000, 2000, 1000, 199.99, 500, 200, 200, 22, 22000, NO, 0, 200, YES, 0, HPNR (F3)-BCH_Used_car</td>
<td></td>
<td>0</td>
<td>acquisition.Acquisition_Quotes_HPNR_BCH_used_car_with_funder_quote_addition_without_maintenance_for_with_customer_orders_Test@29a5f4e7</td></tr>
<tr>
<td title='opportunity.Create_order_from_opportunity_Test.create_order_from_opportunity_test()'><b>create_order_from_opportunity_test</b><br>Test class: opportunity.Create_order_from_opportunity_Test<br/>
<a href="#Output-286794397" onClick='toggleBox("Output-286794397", this, "Show output", "Hide output");'>Show output</a>

<a href="#Output-286794397" onClick="toggleAllBoxes();">Show all outputs</a>
<div class='log' id="Output-286794397">
<b>Clicked on Opportunity link from Menu </b> <br /><br/>
<b>Enter the Opportunity id in Search Text box</b> <br /><br/>
<b> </b> <br /><br/>
<b>*****Creating Order Started*****</b> <br /><br/>
<b> </b> <br /><br/>
<b>***** Order Created Successfully *****</b> <br /><br/>
<b>Order ID FG-06326 is saved to Excel sheet named Quote Save, in the sheet Order_ID</b> <br /><br/>
<b>*****xxxxxxxxxxxxxxxxxxxxxxxxxxxxx*****</b> <br /><br/>
</div>
</td>
<td></td>
<td>74</td>
<td>opportunity.Create_order_from_opportunity_Test@2d9caaeb</td></tr>
<tr>
<td title='orders.Orders_Verify_used_car_ownbook_business_hire_funder_With_Customer_Flow_Test.T4_verify_that_same_funder_with_same_term_and_mileage_can_not_be_added_for_with_customer_flow_test()'><b>T4_verify_that_same_funder_with_same_term_and_mileage_can_not_be_added_for_with_customer_flow_test</b><br>Test class: orders.Orders_Verify_used_car_ownbook_business_hire_funder_With_Customer_Flow_Test<br>Parameters: REF001, 05/12/26, 33, 5000, 1000, 200, 12, 500, 6000, 20, HPNR (Formula 3) - HPNR<br/>
<a href="#Output-1427128917" onClick='toggleBox("Output-1427128917", this, "Show output", "Hide output");'>Show output</a>

<a href="#Output-1427128917" onClick="toggleAllBoxes();">Show all outputs</a>
<div class='log' id="Output-1427128917">
<b></b> <br /><br/>
<b>Writing Holding Cost Summary values to excel has been completed</b> <br /><br/>
<b>Actual and Expected Message matches, hence test passed</b> <br /><br/>
</div>
</td>
<td></td>
<td>32</td>
<td>orders.Orders_Verify_used_car_ownbook_business_hire_funder_With_Customer_Flow_Test@42a15bdc</td></tr>
<tr>
<td title='opportunity.LOU_used_car_ownbook_business_hire_funder_accept_with_changes_Test.OP1_ownbook_after_Underwriting_accepted_mothlty_payment_price()'><b>OP1_ownbook_after_Underwriting_accepted_mothlty_payment_price</b><br>Test class: opportunity.LOU_used_car_ownbook_business_hire_funder_accept_with_changes_Test<br/>
<a href="#Output-2000576056" onClick='toggleBox("Output-2000576056", this, "Show output", "Hide output");'>Show output</a>

<a href="#Output-2000576056" onClick="toggleAllBoxes();">Show all outputs</a>
<div class='log' id="Output-2000576056">
<b>Cancelled Quote ref in Opportunity is = null</b> <br /><br/>
<b>Cancelled Monthly Payment value is = Â£ 868.23 ex. VAT</b> <br /><br/>
<b>New Quote ref in Opportunity OYB75843</b> <br /><br/>
<b>New Quote Monthly Payment is  = Â£ 2,119.12 ex. VAT</b> <br /><br/>
<b>[32mMonthly Payment verified (found ok) after accepting new quote, Actual value is 2119.12 and Expected value is 2119.1200668952533[0m</b> <br /><br/>
</div>
</td>
<td></td>
<td>8</td>
<td>opportunity.LOU_used_car_ownbook_business_hire_funder_accept_with_changes_Test@79c97cb</td></tr>
<tr>
<td title='opportunity.LOU_used_car_ownbook_business_hire_funder_accept_with_changes_Test.L8_ownbook_signed_contract_status_with_api_call()'><b>L8_ownbook_signed_contract_status_with_api_call</b><br>Test class: opportunity.LOU_used_car_ownbook_business_hire_funder_accept_with_changes_Test<br/>
<a href="#Output-353709849" onClick='toggleBox("Output-353709849", this, "Show output", "Hide output");'>Show output</a>

<a href="#Output-353709849" onClick="toggleAllBoxes();">Show all outputs</a>
<div class='log' id="Output-353709849">
<b>Status code 200 received </b> <br /><br/>
<b>Enter the Opportunity id in Search Text box</b> <br /><br/>
</div>
</td>
<td></td>
<td>36</td>
<td>opportunity.LOU_used_car_ownbook_business_hire_funder_accept_with_changes_Test@79c97cb</td></tr>
<tr>
<td title='orders.Orders_Verify_used_car_ownbook_business_hire_funder_With_Customer_Flow_Test.T7_verify_order_status_after_uploading_order_form_in_vehicle_tab_test()'><b>T7_verify_order_status_after_uploading_order_form_in_vehicle_tab_test</b><br>Test class: orders.Orders_Verify_used_car_ownbook_business_hire_funder_With_Customer_Flow_Test<br/>
<a href="#Output-63995420" onClick='toggleBox("Output-63995420", this, "Show output", "Hide output");'>Show output</a>

<a href="#Output-63995420" onClick="toggleAllBoxes();">Show all outputs</a>
<div class='log' id="Output-63995420">
<b>File is Uploaded Successfully</b> <br /><br/>
<b>Order Status after uploading order form - Found OK i.e Order Confirmed </b> <br /><br/>
</div>
</td>
<td></td>
<td>84</td>
<td>orders.Orders_Verify_used_car_ownbook_business_hire_funder_With_Customer_Flow_Test@42a15bdc</td></tr>
<tr>
<td title='opportunity.LOU_used_car_ownbook_business_hire_funder_accept_with_changes_Test.L7_verify_current_status_on_opportunity_page_after_sending_contract_for_ownbook_business_flow()'><b>L7_verify_current_status_on_opportunity_page_after_sending_contract_for_ownbook_business_flow</b><br>Test class: opportunity.LOU_used_car_ownbook_business_hire_funder_accept_with_changes_Test<br/>
<a href="#Output-1932698879" onClick='toggleBox("Output-1932698879", this, "Show output", "Hide output");'>Show output</a>

<a href="#Output-1932698879" onClick="toggleAllBoxes();">Show all outputs</a>
<div class='log' id="Output-1932698879">
<b>Current Status of Proposal value is = Proposal Received</b> <br /><br/>
<b>Current Status of Channel value is =  Sent to customer</b> <br /><br/>
<b>Current Status of  Quote ref is = Sent to customer</b> <br /><br/>
<b>Status Verified : Sent to customer</b> <br /><br/>
</div>
</td>
<td></td>
<td>7</td>
<td>opportunity.LOU_used_car_ownbook_business_hire_funder_accept_with_changes_Test@79c97cb</td></tr>
<tr>
<td title='opportunity.LOU_used_car_ownbook_business_hire_funder_accept_with_changes_Test.UW3_verify_underwriting_lisitig_page()'><b>UW3_verify_underwriting_lisitig_page</b><br>Test class: opportunity.LOU_used_car_ownbook_business_hire_funder_accept_with_changes_Test<br/>
<a href="#Output-654388369" onClick='toggleBox("Output-654388369", this, "Show output", "Hide output");'>Show output</a>

<a href="#Output-654388369" onClick="toggleAllBoxes();">Show all outputs</a>
<div class='log' id="Output-654388369">
<b>Click on Underwriting menu_link </b> <br /><br/>
<b>Click on Underwriting - ownbook tab </b> <br /><br/>
<b>Click on Search text box - broker tab</b> <br /><br/>
<b>Getting the  proposal id from excel sheet =CHZ0422</b> <br /><br/>
<b>Enter the proposal in search text box =CHZ0422</b> <br /><br/>
</div>
</td>
<td></td>
<td>19</td>
<td>opportunity.LOU_used_car_ownbook_business_hire_funder_accept_with_changes_Test@79c97cb</td></tr>
<tr>
<td title='acquisition.Acquisition_Quotes_HPNR_BCH_used_car_with_funder_quote_addition_without_maintenance_for_with_customer_orders_Test.aquisition_quotes_used_car_OTR_calculation_with_maintenance_test()'><b>aquisition_quotes_used_car_OTR_calculation_with_maintenance_test</b><br>Test class: acquisition.Acquisition_Quotes_HPNR_BCH_used_car_with_funder_quote_addition_without_maintenance_for_with_customer_orders_Test<br>Parameters: GY19XAG, 15000, 60000, 1000, REF001, 05/12/26, 33, 5000, 1000, 200, 12, 500, 6000, 20, 10000, 6000, 2000, 1000, 199.99, 500, 200, 200, 22, 22000, NO, 0, 200, YES, 0, HPNR (F3)-BCH_Used_car<br/>
<a href="#Output-506944805" onClick='toggleBox("Output-506944805", this, "Show output", "Hide output");'>Show output</a>

<a href="#Output-506944805" onClick="toggleAllBoxes();">Show all outputs</a>
<div class='log' id="Output-506944805">
<b>Clicking on New quote</b> <br /><br/>
<b>Clicked on Quote button </b> <br /><br/>
<b>Selecting used vehicle with registration no. = GY19XAG and mileage = 15000</b> <br /><br/>
<b>Vehicle selected</b> <br /><br/>
<b>Paint option has been selected</b> <br /><br/>
<b>Interior option has been selected</b> <br /><br/>
<b> Acquisition Contract type option = HPNR has been selected</b> <br /><br/>
<b> Customer Contract type option = Business Contract Hire(BCH) has been selected</b> <br /><br/>
<b>Cost Price ex VAT and RFL from screen is 18375.0</b> <br /><br/>
<b>VAT from screen is 3675.0</b> <br /><br/>
<b>Cost Price ex VAT and RFL calculated is 18375.0</b> <br /><br/>
<b>Cost Price ex VAT and RFL verified and found OK</b> <br /><br/>
</div>
</td>
<td></td>
<td>104</td>
<td>acquisition.Acquisition_Quotes_HPNR_BCH_used_car_with_funder_quote_addition_without_maintenance_for_with_customer_orders_Test@29a5f4e7</td></tr>
<tr>
<td title='opportunity.LOU_used_car_ownbook_business_hire_funder_accept_with_changes_Test.L6_ownbook_sending_contract()'><b>L6_ownbook_sending_contract</b><br>Test class: opportunity.LOU_used_car_ownbook_business_hire_funder_accept_with_changes_Test<br/>
<a href="#Output-2063575723" onClick='toggleBox("Output-2063575723", this, "Show output", "Hide output");'>Show output</a>

<a href="#Output-2063575723" onClick="toggleAllBoxes();">Show all outputs</a>
<div class='log' id="Output-2063575723">
<b>click on Send_Contract icon</b> <br /><br/>
<b>Contract Sent Successfully</b> <br /><br/>
</div>
</td>
<td></td>
<td>29</td>
<td>opportunity.LOU_used_car_ownbook_business_hire_funder_accept_with_changes_Test@79c97cb</td></tr>
<tr>
<td title='opportunity.LOU_used_car_ownbook_business_hire_funder_accept_with_changes_Test.UW5_ownbook_underwriting_decision_accept_with_changes()'><b>UW5_ownbook_underwriting_decision_accept_with_changes</b><br>Test class: opportunity.LOU_used_car_ownbook_business_hire_funder_accept_with_changes_Test<br/>
<a href="#Output-1922236166" onClick='toggleBox("Output-1922236166", this, "Show output", "Hide output");'>Show output</a>

<a href="#Output-1922236166" onClick="toggleAllBoxes();">Show all outputs</a>
<div class='log' id="Output-1922236166">
<b>Click on decision Accept button</b> <br /><br/>
<b>Entering values to input field</b> <br /><br/>
<b>Now selecting the payment profile option </b> <br /><br/>
<b></b> <br /><br/>
<b></b> <br /><br/>
<b>Current Status of accept value is = Conditional acceptance</b> <br /><br/>
</div>
</td>
<td></td>
<td>55</td>
<td>opportunity.LOU_used_car_ownbook_business_hire_funder_accept_with_changes_Test@79c97cb</td></tr>
<tr>
<td title='opportunity.LOU_used_car_ownbook_business_hire_funder_accept_with_changes_Test.L1_create_lead_convert_to_lead_for_ownbook_business_flow()'><b>L1_create_lead_convert_to_lead_for_ownbook_business_flow</b><br>Test class: opportunity.LOU_used_car_ownbook_business_hire_funder_accept_with_changes_Test<br/>
<a href="#Output-264750354" onClick='toggleBox("Output-264750354", this, "Show output", "Hide output");'>Show output</a>

<a href="#Output-264750354" onClick="toggleAllBoxes();">Show all outputs</a>
<div class='log' id="Output-264750354">
<b>Clicked on Leads on Side Menu</b> <br /><br/>
<b>Clicked on add lead</b> <br /><br/>
<b>Lead is assigned</b> <br /><br/>
<b>Added data in General Notes</b> <br /><br/>
<b>Customer type - Business selected</b> <br /><br/>
<b>Clicked on Add new vehicle request</b> <br /><br/>
<b>Clicked on ownbook channel</b> <br /><br/>
<b>Vehicle request for broker has been saved</b> <br /><br/>
<b>Click on Map New Quote icon</b> <br /><br/>
<b>Click on acquisition contract type icon</b> <br /><br/>
<b>Click on customer contract type icon</b> <br /><br/>
<b>Click on search button</b> <br /><br/>
<b>Click on created date button 1st </b> <br /><br/>
<b>Click on created date button 2nd</b> <br /><br/>
<b>New Quote has been mapped with lead</b> <br /><br/>
<b>click ok button on Map  new quote </b> <br /><br/>
<b></b> <br /><br/>
<b>Started Verifying Table values</b> <br /><br/>
<b></b> <br /><br/>
<b>KBH82177 = KBH82177</b> <br /><br/>
<b>Quote no. compared and found ok</b> <br /><br/>
<b></b> <br /><br/>
<b>MERCEDES-BENZ A CLASS AMG HATCHBACK (2019 - Current) A35 4Matic Premium 5dr Auto = MERCEDES-BENZ A CLASS AMG HATCHBACK (2019 - Current) A35 4Matic Premium 5dr Auto</b> <br /><br/>
<b>Vehicle name compared and found ok</b> <br /><br/>
<b></b> <br /><br/>
<b>Business Contract Hire = Business Contract Hire</b> <br /><br/>
<b>Contract type compared and found ok</b> <br /><br/>
<b></b> <br /><br/>
<b>868.23 = 868.23</b> <br /><br/>
<b>Monthly finance rental compared and found ok</b> <br /><br/>
<b></b> <br /><br/>
<b>5000.0 = 5000.0</b> <br /><br/>
<b>Mileage compared and found ok</b> <br /><br/>
<b></b> <br /><br/>
<b>33.0 = 33.0</b> <br /><br/>
<b>Terms compared and found ok</b> <br /><br/>
<b></b> <br /><br/>
<b>05/12/2026 != 05/12/26</b> <br /><br/>
<b>Expiry date compared but found not ok</b> <br /><br/>
<b>Click on Lead save and Convert button</b> <br /><br/>
<b></b> <br /><br/>
<b>Started Verifying Table values</b> <br /><br/>
<b></b> <br /><br/>
<b>KBH82177 = KBH82177</b> <br /><br/>
<b>Quote no. compared and found ok</b> <br /><br/>
<b></b> <br /><br/>
<b>MERCEDES-BENZ A CLASS AMG HATCHBACK (2019 - Current) A35 4Matic Premium 5dr Auto = MERCEDES-BENZ A CLASS AMG HATCHBACK (2019 - Current) A35 4Matic Premium 5dr Auto</b> <br /><br/>
<b>Vehicle name compared and found ok</b> <br /><br/>
<b></b> <br /><br/>
<b>Business Contract Hire = Business Contract Hire</b> <br /><br/>
<b>Contract type compared and found ok</b> <br /><br/>
<b></b> <br /><br/>
<b>868.23 = 868.23</b> <br /><br/>
<b>Monthly finance rental compared and found ok</b> <br /><br/>
<b></b> <br /><br/>
<b>5000.0 = 5000.0</b> <br /><br/>
<b>Mileage compared and found ok</b> <br /><br/>
<b></b> <br /><br/>
<b>33.0 = 33.0</b> <br /><br/>
<b>Terms compared and found ok</b> <br /><br/>
<b></b> <br /><br/>
<b>05/12/2026 != 05/12/26</b> <br /><br/>
<b>Expiry date compared but found not ok</b> <br /><br/>
<b></b> <br /><br/>
<b>In Lead created Opportunity Id is =EX-6477</b> <br /><br/>
<b></b> <br /><br/>
</div>
</td>
<td></td>
<td>214</td>
<td>opportunity.LOU_used_car_ownbook_business_hire_funder_accept_with_changes_Test@79c97cb</td></tr>
<tr>
<td title='opportunity.LOU_used_car_ownbook_business_hire_funder_accept_with_changes_Test.UW2_verify_status_after_sending_to_underwriting()'><b>UW2_verify_status_after_sending_to_underwriting</b><br>Test class: opportunity.LOU_used_car_ownbook_business_hire_funder_accept_with_changes_Test<br/>
<a href="#Output-466351708" onClick='toggleBox("Output-466351708", this, "Show output", "Hide output");'>Show output</a>

<a href="#Output-466351708" onClick="toggleAllBoxes();">Show all outputs</a>
<div class='log' id="Output-466351708">
<b>Current Status of Proposal value is = Proposal Received</b> <br /><br/>
<b>Current Status of Channel value is =  Awaiting underwriting</b> <br /><br/>
<b>Current Status of  Quote ref is = Awaiting underwriting</b> <br /><br/>
<b>Status Verified : Awaiting Underwriting </b> <br /><br/>
</div>
</td>
<td></td>
<td>4</td>
<td>opportunity.LOU_used_car_ownbook_business_hire_funder_accept_with_changes_Test@79c97cb</td></tr>
<tr>
<td title='orders.Orders_Verify_used_car_ownbook_business_hire_funder_With_Customer_Flow_Test.T8_verify_default_payment_status_on_vehicle_tab_test()'><b>T8_verify_default_payment_status_on_vehicle_tab_test</b><br>Test class: orders.Orders_Verify_used_car_ownbook_business_hire_funder_With_Customer_Flow_Test<br/>
<a href="#Output-1852151794" onClick='toggleBox("Output-1852151794", this, "Show output", "Hide output");'>Show output</a>

<a href="#Output-1852151794" onClick="toggleAllBoxes();">Show all outputs</a>
<div class='log' id="Output-1852151794">
<b></b> <br /><br/>
<b>Clicking on PAYMENTS TO DEALER</b> <br /><br/>
<b>Payments to dealer -- Default Status - Found OK i.e Payment Required</b> <br /><br/>
</div>
</td>
<td></td>
<td>6</td>
<td>orders.Orders_Verify_used_car_ownbook_business_hire_funder_With_Customer_Flow_Test@42a15bdc</td></tr>
<tr>
<td title='opportunity.LOU_used_car_ownbook_business_hire_funder_accept_with_changes_Test.UW1_verify_status_after_contract_signed()'><b>UW1_verify_status_after_contract_signed</b><br>Test class: opportunity.LOU_used_car_ownbook_business_hire_funder_accept_with_changes_Test<br/>
<a href="#Output-1663087096" onClick='toggleBox("Output-1663087096", this, "Show output", "Hide output");'>Show output</a>

<a href="#Output-1663087096" onClick="toggleAllBoxes();">Show all outputs</a>
<div class='log' id="Output-1663087096">
<b>Current Status of Proposal value is = Proposal Received</b> <br /><br/>
<b>Current Status of Channel value is =  Contract signed</b> <br /><br/>
<b>Current Status of  Quote ref is = Contract signed</b> <br /><br/>
<b>Status Verified : Contract Signed </b> <br /><br/>
</div>
</td>
<td></td>
<td>11</td>
<td>opportunity.LOU_used_car_ownbook_business_hire_funder_accept_with_changes_Test@79c97cb</td></tr>
<tr>
<td title='orders.Orders_Verify_used_car_ownbook_business_hire_funder_With_Customer_Flow_Test.T10_verify_payment_status_should_be_reversed_to_payment_required_after_selecting_payment_by_AMT_on_vehicle_tab_test()'><b>T10_verify_payment_status_should_be_reversed_to_payment_required_after_selecting_payment_by_AMT_on_vehicle_tab_test</b><br>Test class: orders.Orders_Verify_used_car_ownbook_business_hire_funder_With_Customer_Flow_Test<br/>
<a href="#Output-1032008157" onClick='toggleBox("Output-1032008157", this, "Show output", "Hide output");'>Show output</a>

<a href="#Output-1032008157" onClick="toggleAllBoxes();">Show all outputs</a>
<div class='log' id="Output-1032008157">
<b></b> <br /><br/>
<b>Click on a payments by dropdown and Select option AMT</b> <br /><br/>
<b></b> <br /><br/>
<b>Clicking on PAYMENTS TO DEALER</b> <br /><br/>
<b>Payments to dealer -- Default Status - Found OK i.e Payment Required</b> <br /><br/>
</div>
</td>
<td></td>
<td>10</td>
<td>orders.Orders_Verify_used_car_ownbook_business_hire_funder_With_Customer_Flow_Test@42a15bdc</td></tr>
<tr>
<td title='opportunity.LOU_used_car_ownbook_business_hire_funder_accept_with_changes_Test.L3_verify_table_values_on_opportunity_page_before_sending_proposal()'><b>L3_verify_table_values_on_opportunity_page_before_sending_proposal</b><br>Test class: opportunity.LOU_used_car_ownbook_business_hire_funder_accept_with_changes_Test<br/>
<a href="#Output-1545896955" onClick='toggleBox("Output-1545896955", this, "Show output", "Hide output");'>Show output</a>

<a href="#Output-1545896955" onClick="toggleAllBoxes();">Show all outputs</a>
<div class='log' id="Output-1545896955">
<b></b> <br /><br/>
<b>Started Verifying Table values</b> <br /><br/>
<b></b> <br /><br/>
<b>KBH82177 = KBH82177</b> <br /><br/>
<b>Quote no. compared and found ok</b> <br /><br/>
<b></b> <br /><br/>
<b>MERCEDES-BENZ A CLASS AMG HATCHBACK (2019 - Current) A35 4Matic Premium 5dr Auto = MERCEDES-BENZ A CLASS AMG HATCHBACK (2019 - Current) A35 4Matic Premium 5dr Auto</b> <br /><br/>
<b>Vehicle name compared and found ok</b> <br /><br/>
<b></b> <br /><br/>
<b>Business Contract Hire = Business Contract Hire</b> <br /><br/>
<b>Contract type compared and found ok</b> <br /><br/>
<b></b> <br /><br/>
<b>868.23 = 868.23</b> <br /><br/>
<b>Monthly finance rental compared and found ok</b> <br /><br/>
<b></b> <br /><br/>
<b>5000.0 = 5000.0</b> <br /><br/>
<b>Mileage compared and found ok</b> <br /><br/>
<b></b> <br /><br/>
<b>33.0 = 33.0</b> <br /><br/>
<b>Terms compared and found ok</b> <br /><br/>
<b></b> <br /><br/>
<b>05/12/2026 != 05/12/26</b> <br /><br/>
<b>Expiry date compared but found not ok</b> <br /><br/>
<b></b> <br /><br/>
<b>Table values verified Successfully</b> <br /><br/>
</div>
</td>
<td></td>
<td>4</td>
<td>opportunity.LOU_used_car_ownbook_business_hire_funder_accept_with_changes_Test@79c97cb</td></tr>
<tr>
<td title='acquisition.Acquisition_Quotes_HPNR_BCH_used_car_with_funder_quote_addition_without_maintenance_for_with_customer_orders_Test.aquisition_quotes_quote_summary_values_verification_without_maintenance_test()'><b>aquisition_quotes_quote_summary_values_verification_without_maintenance_test</b><br>Test class: acquisition.Acquisition_Quotes_HPNR_BCH_used_car_with_funder_quote_addition_without_maintenance_for_with_customer_orders_Test<br>Parameters: GY19XAG, 15000, 60000, 1000, REF001, 05/12/26, 33, 5000, 1000, 200, 12, 500, 6000, 20, 10000, 6000, 2000, 1000, 199.99, 500, 200, 200, 22, 22000, NO, 0, 200, YES, 0, HPNR (F3)-BCH_Used_car<br/>
<a href="#Output-83466918" onClick='toggleBox("Output-83466918", this, "Show output", "Hide output");'>Show output</a>

<a href="#Output-83466918" onClick="toggleAllBoxes();">Show all outputs</a>
<div class='log' id="Output-83466918">
<b>*********Customer Quote generated successfully and Quote_ref_no is=KBH82177</b> <br /><br/>
<b>*************OTR Calulation on quote summary page has been started************</b> <br /><br/>
<b>Reading values from OTR calculation -Quote Summary Page</b> <br /><br/>
<b></b> <br /><br/>
<b>Cost otr price from screen is 22050.0</b> <br /><br/>
<b>Cost price ex vat and rfl from screen is 18375.0</b> <br /><br/>
<b>Otr Vat from screen is 3675.0</b> <br /><br/>
<b></b> <br /><br/>
<b>Cost otr price from excel is 22050.0</b> <br /><br/>
<b>Cost price ex vat and rfl from excel is 18375.0</b> <br /><br/>
<b>Otr Vat from excel is 3675.0</b> <br /><br/>
<b>OTR price compared</b> <br /><br/>
<b>Cost price ex vat and rfl compared</b> <br /><br/>
<b>VAT compared</b> <br /><br/>
<b>*************Holding Cost Calulation on quote summary page has been started************</b> <br /><br/>
<b>Reading values from Holding Cost summary -Quote Summary Page</b> <br /><br/>
<b></b> <br /><br/>
<b>Holding cost Terms from screen33.0</b> <br /><br/>
<b>Holding cost miles per annum from screen is 5000.0</b> <br /><br/>
<b>Holding cost monthly finance cost from screen is 500.36</b> <br /><br/>
<b>Holding cost total monthly holding cost from screen is 500.36</b> <br /><br/>
<b></b> <br /><br/>
<b>Holding cost Terms from excel is 33.0</b> <br /><br/>
<b>Holding cost miles per annum from excel is 5000.0</b> <br /><br/>
<b>Holding cost monthly finance cost from excel is 500.3636363636364</b> <br /><br/>
<b>Holding cost total monthly holding cost from excel is 500.3636363636364</b> <br /><br/>
<b>terms compared</b> <br /><br/>
<b>Miles per annum compared</b> <br /><br/>
<b>Finance cost compared</b> <br /><br/>
<b>Total Monthly Holding Cost compared</b> <br /><br/>
<b></b> <br /><br/>
<b>********Balance Due value started verifying**********</b> <br /><br/>
<b>Balance due value Actual from screen is -2760.01</b> <br /><br/>
<b></b> <br /><br/>
<b>Balance due value Expected from Excel is -2760.0119999999997</b> <br /><br/>
<b></b> <br /><br/>
<b>Balance due value (with part exchange values) is verified and found ok</b> <br /><br/>
<b>*************Customer Quote Calulation on quote summary page has been started************</b> <br /><br/>
<b>Terms found OK</b> <br /><br/>
<b>miles found OK</b> <br /><br/>
<b>Monthly Finance Rental found OK</b> <br /><br/>
<b>Initial Finance Rental found OK</b> <br /><br/>
<b>Followed By months - found OK</b> <br /><br/>
<b>Part Exchange Value - found OK</b> <br /><br/>
<b>Pence per excess mile finance - found OK</b> <br /><br/>
<b>Document Fee - found OK</b> <br /><br/>
<b>Upsell - found OK</b> <br /><br/>
<b>Default Finance Commission - found OK</b> <br /><br/>
<b>Upsell Commission - found OK</b> <br /><br/>
<b>Document Fee Commission - found OK</b> <br /><br/>
<b>Total Commission - found OK</b> <br /><br/>
<b>Referrer Commission - found OK</b> <br /><br/>
<b>*************Configuration Values Verification on quote summary page has been started************</b> <br /><br/>
<b>Finance Margin found OK</b> <br /><br/>
<b>Deductions found OK</b> <br /><br/>
<b>Additional Margin found OK</b> <br /><br/>
<b>Total Margin found OK</b> <br /><br/>
<b>Default Broker Margin percentage found OK</b> <br /><br/>
<b>Broker Upsell Margin percentage found OK</b> <br /><br/>
<b>Broker Upsell Margin  found OK</b> <br /><br/>
<b>Document Fee Margin  found OK</b> <br /><br/>
<b>Refferer Margin  found OK</b> <br /><br/>
<b>*************Editing Finance Margin and Verifying Values on quote summary page has been started************</b> <br /><br/>
<b>Finance margin changed to 10000</b> <br /><br/>
<b>Monthly Finance Rental after changing finance margin -  found OK</b> <br /><br/>
<b>Initial Finance Rental found OK</b> <br /><br/>
<b>*************Calculations for Quote Summary page gas been started************</b> <br /><br/>
<b>Reading values from OTR calculation -Quote Summary Page</b> <br /><br/>
<b>Writing completed for some of the important required values to quote save excel sheet in the sheet HPNRBCHFunderQuoteNo</b> <br /><br/>
</div>
</td>
<td></td>
<td>176</td>
<td>acquisition.Acquisition_Quotes_HPNR_BCH_used_car_with_funder_quote_addition_without_maintenance_for_with_customer_orders_Test@29a5f4e7</td></tr>
<tr>
<td title='orders.Orders_Verify_used_car_ownbook_business_hire_funder_With_Customer_Flow_Test.T2_pre_order_pass_check_in_customer_contract_tab_test()'><b>T2_pre_order_pass_check_in_customer_contract_tab_test</b><br>Test class: orders.Orders_Verify_used_car_ownbook_business_hire_funder_With_Customer_Flow_Test<br/>
<a href="#Output-495138396" onClick='toggleBox("Output-495138396", this, "Show output", "Hide output");'>Show output</a>

<a href="#Output-495138396" onClick="toggleAllBoxes();">Show all outputs</a>
<div class='log' id="Output-495138396">
<b></b> <br /><br/>
<b>Checking pre-order checks</b> <br /><br/>
</div>
</td>
<td></td>
<td>34</td>
<td>orders.Orders_Verify_used_car_ownbook_business_hire_funder_With_Customer_Flow_Test@42a15bdc</td></tr>
<tr>
<td title='opportunity.LOU_used_car_ownbook_business_hire_funder_accept_with_changes_Test.UW2_verify_underwriting_pop_up_summary_values_for_ownbook_business_flow()'><b>UW2_verify_underwriting_pop_up_summary_values_for_ownbook_business_flow</b><br>Test class: opportunity.LOU_used_car_ownbook_business_hire_funder_accept_with_changes_Test<br/>
<a href="#Output-998367137" onClick='toggleBox("Output-998367137", this, "Show output", "Hide output");'>Show output</a>

<a href="#Output-998367137" onClick="toggleAllBoxes();">Show all outputs</a>
<div class='log' id="Output-998367137">
<b> Underwriting icon is available </b> <br /><br/>
<b>Underwriting pop up -quote ref no => Quote reference no.:
KBH82177</b> <br /><br/>
<b>Underwriting Popup Proposal Id is =CHZ0422</b> <br /><br/>
<b></b> <br /><br/>
<b>Started Verifying Summary values</b> <br /><br/>
<b></b> <br /><br/>
<b>Quote reference no.:
KBH82177 != KBH82177</b> <br /><br/>
<b>Quote no. compared but found not ok</b> <br /><br/>
<b></b> <br /><br/>
<b>MERCEDES-BENZ A CLASS AMG HATCHBACK (2019 - Current) A35 4Matic Premium 5dr Auto = MERCEDES-BENZ A CLASS AMG HATCHBACK (2019 - Current) A35 4Matic Premium 5dr Auto</b> <br /><br/>
<b>Vehicle name compared and found ok</b> <br /><br/>
<b></b> <br /><br/>
<b>Business Contract Hire = Business Contract Hire</b> <br /><br/>
<b>Contract type compared and found ok</b> <br /><br/>
<b></b> <br /><br/>
<b>33.0 = 33.0</b> <br /><br/>
<b>Terms compared and found ok</b> <br /><br/>
<b></b> <br /><br/>
<b>5000.0 = 5000.0</b> <br /><br/>
<b>Mileage compared and found ok</b> <br /><br/>
<b></b> <br /><br/>
<b>868.23 = 868.2376406257</b> <br /><br/>
<b>Monthly Finance Rental compared and found ok</b> <br /><br/>
<b></b> <br /><br/>
<b>868.23 = 868.2376406257</b> <br /><br/>
<b>Initial Finance Rental found OK</b> <br /><br/>
<b></b> <br /><br/>
<b>32.0 = 32.0</b> <br /><br/>
<b>Followed By months - found OK</b> <br /><br/>
<b></b> <br /><br/>
<b>26.9 = 26.93088</b> <br /><br/>
<b>Pence per excess mile finance - found OK</b> <br /><br/>
<b></b> <br /><br/>
<b>199.99 = 199.99</b> <br /><br/>
<b>Document Fee - found OK</b> <br /><br/>
<b></b> <br /><br/>
<b>400.0 = 400.0</b> <br /><br/>
<b>Upsell - found OK</b> <br /><br/>
<b></b> <br /><br/>
<b>413.44 = 413.4375</b> <br /><br/>
<b>Default Finance Commission - found OK</b> <br /><br/>
<b></b> <br /><br/>
<b>400.0 = 400.0</b> <br /><br/>
<b>Upsell Commission - found OK</b> <br /><br/>
<b></b> <br /><br/>
<b>99.99 = 99.99000000000001</b> <br /><br/>
<b>Document Fee Commission - found OK</b> <br /><br/>
<b></b> <br /><br/>
<b>913.43 = 913.4275</b> <br /><br/>
<b>Total Commission - found OK</b> <br /><br/>
<b></b> <br /><br/>
<b>200.0 = 200.0</b> <br /><br/>
<b>Referrer Commission - found OK</b> <br /><br/>
<b>click on underwriting_send_for_underwriting  button </b> <br /><br/>
<b>Values on Underwriting pop up are verified succcessfully and opportunity sent for underwriting</b> <br /><br/>
</div>
</td>
<td></td>
<td>65</td>
<td>opportunity.LOU_used_car_ownbook_business_hire_funder_accept_with_changes_Test@79c97cb</td></tr>
<tr>
<td title='orders.Orders_Verify_used_car_ownbook_business_hire_funder_With_Customer_Flow_Test.T3_verify_that_editing_the_basic_cash_price_does_not_affect_the_monthly_payment_on_customer_contract_tab_test()'><b>T3_verify_that_editing_the_basic_cash_price_does_not_affect_the_monthly_payment_on_customer_contract_tab_test</b><br>Test class: orders.Orders_Verify_used_car_ownbook_business_hire_funder_With_Customer_Flow_Test<br/>
<a href="#Output-1532039088" onClick='toggleBox("Output-1532039088", this, "Show output", "Hide output");'>Show output</a>

<a href="#Output-1532039088" onClick="toggleAllBoxes();">Show all outputs</a>
<div class='log' id="Output-1532039088">
<b>Started verifying monthly payment does not change after editing the basic cash price</b> <br /><br/>
<b>Monthly payment Before Editing the Cash Price is 881.62</b> <br /><br/>
<b>Vehicle's Basic Cash Price Changed to 60,000</b> <br /><br/>
<b>Now Getting the Monthly payment from customer contract tab</b> <br /><br/>
<b>Monthly payment After Editing the Cash Price is 881.62</b> <br /><br/>
<b>Verified that monthly payment does not change after editing the basic cash price</b> <br /><br/>
</div>
</td>
<td></td>
<td>60</td>
<td>orders.Orders_Verify_used_car_ownbook_business_hire_funder_With_Customer_Flow_Test@42a15bdc</td></tr>
<tr>
<td title='opportunity.LOU_used_car_ownbook_business_hire_funder_accept_with_changes_Test.UW7_verify_ownbook_opportunity_accept_with_changes_underwriting_pop_up()'><b>UW7_verify_ownbook_opportunity_accept_with_changes_underwriting_pop_up</b><br>Test class: opportunity.LOU_used_car_ownbook_business_hire_funder_accept_with_changes_Test<br/>
<a href="#Output-465797095" onClick='toggleBox("Output-465797095", this, "Show output", "Hide output");'>Show output</a>

<a href="#Output-465797095" onClick="toggleAllBoxes();">Show all outputs</a>
<div class='log' id="Output-465797095">
<b> Underwriting icon is available </b> <br /><br/>
<b>click on underwriting_send_for_underwriting  button </b> <br /><br/>
</div>
</td>
<td></td>
<td>69</td>
<td>opportunity.LOU_used_car_ownbook_business_hire_funder_accept_with_changes_Test@79c97cb</td></tr>
<tr>
<td title='orders.Orders_Verify_used_car_ownbook_business_hire_funder_With_Customer_Flow_Test.T1_open_order_created_in_acquisition_test()'><b>T1_open_order_created_in_acquisition_test</b><br>Test class: orders.Orders_Verify_used_car_ownbook_business_hire_funder_With_Customer_Flow_Test<br/>
<a href="#Output-980118863" onClick='toggleBox("Output-980118863", this, "Show output", "Hide output");'>Show output</a>

<a href="#Output-980118863" onClick="toggleAllBoxes();">Show all outputs</a>
<div class='log' id="Output-980118863">
<b></b> <br /><br/>
<b>Searching for Order ID FG-06326</b> <br /><br/>
</div>
</td>
<td></td>
<td>84</td>
<td>orders.Orders_Verify_used_car_ownbook_business_hire_funder_With_Customer_Flow_Test@42a15bdc</td></tr>
<tr>
<td title='opportunity.LOU_used_car_ownbook_business_hire_funder_accept_with_changes_Test.L5_ownbook_create_opportunity_business_current_status_after_sending_to_proposal()'><b>L5_ownbook_create_opportunity_business_current_status_after_sending_to_proposal</b><br>Test class: opportunity.LOU_used_car_ownbook_business_hire_funder_accept_with_changes_Test<br/>
<a href="#Output-1806411724" onClick='toggleBox("Output-1806411724", this, "Show output", "Hide output");'>Show output</a>

<a href="#Output-1806411724" onClick="toggleAllBoxes();">Show all outputs</a>
<div class='log' id="Output-1806411724">
<b>Current Status of Opportunity Status value is = Open</b> <br /><br/>
<b>Current Status of Proposal value is = Proposal Received</b> <br /><br/>
<b>Current Status of Channel value is =  Draft</b> <br /><br/>
<b>Current Status of  Quote ref is = Draft</b> <br /><br/>
<b>Status Verified : After sending the proposal</b> <br /><br/>
</div>
</td>
<td></td>
<td>0</td>
<td>opportunity.LOU_used_car_ownbook_business_hire_funder_accept_with_changes_Test@79c97cb</td></tr>
<tr>
<td title='orders.Orders_Verify_used_car_ownbook_business_hire_funder_With_Customer_Flow_Test.T6_verify_default_order_status_vehicle_tab_test()'><b>T6_verify_default_order_status_vehicle_tab_test</b><br>Test class: orders.Orders_Verify_used_car_ownbook_business_hire_funder_With_Customer_Flow_Test<br/>
<a href="#Output-265920446" onClick='toggleBox("Output-265920446", this, "Show output", "Hide output");'>Show output</a>

<a href="#Output-265920446" onClick="toggleAllBoxes();">Show all outputs</a>
<div class='log' id="Output-265920446">
<b>Order -- Default Status - Found OK i.e Order Pending </b> <br /><br/>
</div>
</td>
<td></td>
<td>10</td>
<td>orders.Orders_Verify_used_car_ownbook_business_hire_funder_With_Customer_Flow_Test@42a15bdc</td></tr>
<tr>
<td title='orders.Orders_Verify_used_car_ownbook_business_hire_funder_With_Customer_Flow_Test.T5_verify_that_deselecting_the_selected_funder_does_not_affect_the_monthly_payment_on_customer_contract_tab_test()'><b>T5_verify_that_deselecting_the_selected_funder_does_not_affect_the_monthly_payment_on_customer_contract_tab_test</b><br>Test class: orders.Orders_Verify_used_car_ownbook_business_hire_funder_With_Customer_Flow_Test<br/>
<a href="#Output-382468199" onClick='toggleBox("Output-382468199", this, "Show output", "Hide output");'>Show output</a>

<a href="#Output-382468199" onClick="toggleAllBoxes();">Show all outputs</a>
<div class='log' id="Output-382468199">
<b>Started verifying monthly payment does not change after de-selecting the funder on asset funding tab</b> <br /><br/>
<b>Monthly payment Before De-selecting the funder is 881.62</b> <br /><br/>
<b>Funder De-selected</b> <br /><br/>
<b>Now Getting the Monthly payment from customer contract tab</b> <br /><br/>
<b>Monthly payment After De-selecting the funder is 2119.12</b> <br /><br/>
<b>Monthly payment changed after Deselecting the funder on asset funding tab</b> <br /><br/>
</div>
</td>
<td></td>
<td>55</td>
<td>orders.Orders_Verify_used_car_ownbook_business_hire_funder_With_Customer_Flow_Test@42a15bdc</td></tr>
<tr>
<td title='opportunity.LOU_used_car_ownbook_business_hire_funder_accept_with_changes_Test.UW9_verify_ownbook_opportunity_underwriting_accept_with_changes_underwriting_pop_up()'><b>UW9_verify_ownbook_opportunity_underwriting_accept_with_changes_underwriting_pop_up</b><br>Test class: opportunity.LOU_used_car_ownbook_business_hire_funder_accept_with_changes_Test<br/>
<a href="#Output-1148104477" onClick='toggleBox("Output-1148104477", this, "Show output", "Hide output");'>Show output</a>

<a href="#Output-1148104477" onClick="toggleAllBoxes();">Show all outputs</a>
<div class='log' id="Output-1148104477">
<b>Click on Search text box on Opportunity page</b> <br /><br/>
<b>Enter the opportunity ID in search text box =EX-6477</b> <br /><br/>
</div>
</td>
<td></td>
<td>13</td>
<td>opportunity.LOU_used_car_ownbook_business_hire_funder_accept_with_changes_Test@79c97cb</td></tr>
<tr>
<td title='orders.Orders_Verify_used_car_ownbook_business_hire_funder_With_Customer_Flow_Test.T9_verify_payment_status_after_selecting_payment_sent_date_on_vehicle_tab_test()'><b>T9_verify_payment_status_after_selecting_payment_sent_date_on_vehicle_tab_test</b><br>Test class: orders.Orders_Verify_used_car_ownbook_business_hire_funder_With_Customer_Flow_Test</td>
<td></td>
<td>10</td>
<td>orders.Orders_Verify_used_car_ownbook_business_hire_funder_With_Customer_Flow_Test@42a15bdc</td></tr>
<tr>
<td title='opportunity.LOU_used_car_ownbook_business_hire_funder_accept_with_changes_Test.UW4_verify_values_on_underwriting_quote_tab_for_ownbook_business_flow()'><b>UW4_verify_values_on_underwriting_quote_tab_for_ownbook_business_flow</b><br>Test class: opportunity.LOU_used_car_ownbook_business_hire_funder_accept_with_changes_Test<br/>
<a href="#Output-1984992934" onClick='toggleBox("Output-1984992934", this, "Show output", "Hide output");'>Show output</a>

<a href="#Output-1984992934" onClick="toggleAllBoxes();">Show all outputs</a>
<div class='log' id="Output-1984992934">
<b>Click on Underwriting detail page for proposal</b> <br /><br/>
<b>Clicked on Underwriting quote page</b> <br /><br/>
<b></b> <br /><br/>
<b>22050.0 = 22050.0</b> <br /><br/>
<b>Cost Otr Price compared and found ok</b> <br /><br/>
<b></b> <br /><br/>
<b>18375.0 = 18375.0</b> <br /><br/>
<b>Cost Otr Price compared and found ok</b> <br /><br/>
<b></b> <br /><br/>
<b>3675.0 = 3675.0</b> <br /><br/>
<b>Otr Vat compared and found ok</b> <br /><br/>
<b></b> <br /><br/>
<b>0.0 = 0.0</b> <br /><br/>
<b>Otr Rfl And Frf compared and found ok</b> <br /><br/>
<b></b> <br /><br/>
<b>KBH82177 = KBH82177</b> <br /><br/>
<b>Quote no. compared and found ok</b> <br /><br/>
<b></b> <br /><br/>
<b>MERCEDES-BENZ A CLASS AMG HATCHBACK (2019 - Current) A35 4Matic Premium 5dr Auto = MERCEDES-BENZ A CLASS AMG HATCHBACK (2019 - Current) A35 4Matic Premium 5dr Auto</b> <br /><br/>
<b>Vehicle name compared and found ok</b> <br /><br/>
<b></b> <br /><br/>
<b>Business Contract Hire = Business Contract Hire</b> <br /><br/>
<b>Contract type compared and found ok</b> <br /><br/>
<b></b> <br /><br/>
<b>33.0 = 33.0</b> <br /><br/>
<b>Terms compared and found ok</b> <br /><br/>
<b></b> <br /><br/>
<b>5000.0 = 5000.0</b> <br /><br/>
<b>Mileage compared and found ok</b> <br /><br/>
<b></b> <br /><br/>
<b>868.23 = 868.2376406257</b> <br /><br/>
<b>Monthly Finance Rental compared and found ok</b> <br /><br/>
<b></b> <br /><br/>
<b>868.23 = 868.2376406257</b> <br /><br/>
<b>Initial Finance Rental found OK</b> <br /><br/>
<b></b> <br /><br/>
<b>32.0 = 32.0</b> <br /><br/>
<b>Followed By months - found OK</b> <br /><br/>
<b></b> <br /><br/>
<b>26.9 = 26.93088</b> <br /><br/>
<b>Pence per excess mile finance - found OK</b> <br /><br/>
<b></b> <br /><br/>
<b>199.99 = 199.99</b> <br /><br/>
<b>Document Fee - found OK</b> <br /><br/>
<b></b> <br /><br/>
<b>400.0 = 400.0</b> <br /><br/>
<b>Upsell - found OK</b> <br /><br/>
<b></b> <br /><br/>
<b>413.44 = 413.4375</b> <br /><br/>
<b>Default Finance Commission - found OK</b> <br /><br/>
<b></b> <br /><br/>
<b>400.0 = 400.0</b> <br /><br/>
<b>Upsell Commission - found OK</b> <br /><br/>
<b></b> <br /><br/>
<b>99.99 = 99.99000000000001</b> <br /><br/>
<b>Document Fee Commission - found OK</b> <br /><br/>
<b></b> <br /><br/>
<b>913.43 = 913.4275</b> <br /><br/>
<b>Total Commission - found OK</b> <br /><br/>
<b></b> <br /><br/>
<b>200.0 = 200.0</b> <br /><br/>
<b>Referrer Commission - found OK</b> <br /><br/>
<b></b> <br /><br/>
<b>10000.0 = 10000.0</b> <br /><br/>
<b>Finance Margin found OK</b> <br /><br/>
<b></b> <br /><br/>
<b>413.44 = 413.4375</b> <br /><br/>
<b>Deductions found OK</b> <br /><br/>
<b></b> <br /><br/>
<b>339.99 = 339.99</b> <br /><br/>
<b>Additional Margin found OK</b> <br /><br/>
<b></b> <br /><br/>
<b>9926.55 = 9926.5525</b> <br /><br/>
<b>Total Margin found OK</b> <br /><br/>
<b></b> <br /><br/>
<b>1.88 = 1.8750000000000002</b> <br /><br/>
<b>Default Broker Margin percentage found OK</b> <br /><br/>
<b></b> <br /><br/>
<b>413.44 = 413.4375</b> <br /><br/>
<b>Default Broker Margin Value found OK</b> <br /><br/>
<b></b> <br /><br/>
<b>0.1 = 0.1</b> <br /><br/>
<b>Broker Upsell Margin percentage found OK</b> <br /><br/>
<b></b> <br /><br/>
<b>40.0 = 40.0</b> <br /><br/>
<b>Broker Upsell Margin  found OK</b> <br /><br/>
<b></b> <br /><br/>
<b>99.99 = 99.99000000000001</b> <br /><br/>
<b>Document Fee Margin  found OK</b> <br /><br/>
<b></b> <br /><br/>
<b>200.0 = 200.00000000000003</b> <br /><br/>
<b>Refferer Margin  found OK</b> <br /><br/>
<b>Click on decision tab page</b> <br /><br/>
</div>
</td>
<td></td>
<td>97</td>
<td>opportunity.LOU_used_car_ownbook_business_hire_funder_accept_with_changes_Test@79c97cb</td></tr>
<tr>
<td title='opportunity.LOU_used_car_ownbook_business_hire_funder_accept_with_changes_Test.UW6_verify_ownbook_opportunity_search_text_box_accept_with_changes()'><b>UW6_verify_ownbook_opportunity_search_text_box_accept_with_changes</b><br>Test class: opportunity.LOU_used_car_ownbook_business_hire_funder_accept_with_changes_Test<br/>
<a href="#Output-123313312" onClick='toggleBox("Output-123313312", this, "Show output", "Hide output");'>Show output</a>

<a href="#Output-123313312" onClick="toggleAllBoxes();">Show all outputs</a>
<div class='log' id="Output-123313312">
<b>Clicked on Opportunity link from Menu </b> <br /><br/>
<b>Click on Search text box on Opportunity page</b> <br /><br/>
<b>Enter the opportunity ID in search text box =EX-6477</b> <br /><br/>
</div>
</td>
<td></td>
<td>26</td>
<td>opportunity.LOU_used_car_ownbook_business_hire_funder_accept_with_changes_Test@79c97cb</td></tr>
<tr>
<td title='acquisition.Acquisition_Quotes_HPNR_BCH_used_car_with_funder_quote_addition_without_maintenance_for_with_customer_orders_Test.aquisition_quotes_holding_cost_calculations_without_maintenance_test()'><b>aquisition_quotes_holding_cost_calculations_without_maintenance_test</b><br>Test class: acquisition.Acquisition_Quotes_HPNR_BCH_used_car_with_funder_quote_addition_without_maintenance_for_with_customer_orders_Test<br>Parameters: GY19XAG, 15000, 60000, 1000, REF001, 05/12/26, 33, 5000, 1000, 200, 12, 500, 6000, 20, 10000, 6000, 2000, 1000, 199.99, 500, 200, 200, 22, 22000, NO, 0, 200, YES, 0, HPNR (F3)-BCH_Used_car<br/>
<a href="#Output-1439911343" onClick='toggleBox("Output-1439911343", this, "Show output", "Hide output");'>Show output</a>

<a href="#Output-1439911343" onClick="toggleAllBoxes();">Show all outputs</a>
<div class='log' id="Output-1439911343">
<b>***********Entered in holding cost page ***********</b> <br /><br/>
<b>***********Holding Cost Calculations has been Started*************</b> <br /><br/>
<b>Writing Holding Cost Summary values to excel has been completed</b> <br /><br/>
<b>Reading Monthly Holding Cost value from excel</b> <br /><br/>
<b>Total_monthly_holding_cost_from_screen =500.36</b> <br /><br/>
<b>Total_monthly_holding_cost_from_excel =500.3636363636364</b> <br /><br/>
</div>
</td>
<td></td>
<td>48</td>
<td>acquisition.Acquisition_Quotes_HPNR_BCH_used_car_with_funder_quote_addition_without_maintenance_for_with_customer_orders_Test@29a5f4e7</td></tr>
<tr>
<td title='opportunity.LOU_used_car_ownbook_business_hire_funder_accept_with_changes_Test.L4_fill_up_the_required_fields_for_sending_a_proposal()'><b>L4_fill_up_the_required_fields_for_sending_a_proposal</b><br>Test class: opportunity.LOU_used_car_ownbook_business_hire_funder_accept_with_changes_Test<br/>
<a href="#Output-934207376" onClick='toggleBox("Output-934207376", this, "Show output", "Hide output");'>Show output</a>

<a href="#Output-934207376" onClick="toggleAllBoxes();">Show all outputs</a>
<div class='log' id="Output-934207376">
<b>click on Proposal icon</b> <br /><br/>
<b>click on Proposal icon</b> <br /><br/>
<b>Proposal page will display </b> <br /><br/>
<b>Send proposal to customer pop up  will open</b> <br /><br/>
<b>Click on Manual fill radio button - Yes</b> <br /><br/>
<b>Click on manually submit behalf of customer link</b> <br /><br/>
</div>
</td>
<td></td>
<td>126</td>
<td>opportunity.LOU_used_car_ownbook_business_hire_funder_accept_with_changes_Test@79c97cb</td></tr>
<tr>
<td title='opportunity.LOU_used_car_ownbook_business_hire_funder_accept_with_changes_Test.UW8_verify_ownbook_opportunity_underwriting_accept_with_changes_cancel_flow_verification()'><b>UW8_verify_ownbook_opportunity_underwriting_accept_with_changes_cancel_flow_verification</b><br>Test class: opportunity.LOU_used_car_ownbook_business_hire_funder_accept_with_changes_Test<br/>
<a href="#Output-359718287" onClick='toggleBox("Output-359718287", this, "Show output", "Hide output");'>Show output</a>

<a href="#Output-359718287" onClick="toggleAllBoxes();">Show all outputs</a>
<div class='log' id="Output-359718287">
<b>Current Status of Proposal value is = Proposal Received</b> <br /><br/>
<b>Current Status of Channel value is =  Sent to customer</b> <br /><br/>
<b>Current Status of  Quote ref is = Cancelled</b> <br /><br/>
<b>Current Status of  Quote ref is = Sent to customer</b> <br /><br/>
<b>Status Verified : Sent to customer</b> <br /><br/>
</div>
</td>
<td></td>
<td>9</td>
<td>opportunity.LOU_used_car_ownbook_business_hire_funder_accept_with_changes_Test@79c97cb</td></tr>
</table><p>
<table width='100%' border='1' class='invocation-skipped'>
<tr><td colspan='4' align='center'><b>SKIPPED TESTS</b></td></tr>
<tr><td><b>Test method</b></td>
<td width="30%"><b>Exception</b></td>
<td width="10%"><b>Time (seconds)</b></td>
<td><b>Instance</b></td>
</tr>
<tr>
<td title='orders.Orders_Verify_used_car_ownbook_business_hire_funder_With_Customer_Flow_Test.T13_verify_summary_section_values()'><b>T13_verify_summary_section_values</b><br>Test class: orders.Orders_Verify_used_car_ownbook_business_hire_funder_With_Customer_Flow_Test</td>
<td><div><pre>java.lang.Throwable: Method Orders_Verify_used_car_ownbook_business_hire_funder_With_Customer_Flow_Test.T13_verify_summary_section_values()[pri:13, instance:orders.Orders_Verify_used_car_ownbook_business_hire_funder_With_Customer_Flow_Test@42a15bdc] depends on not successfully finished methods
	at java.base/java.util.ArrayList.forEach(ArrayList.java:1511)
... Removed 19 stack frames</pre></div><a href='#' onClick='toggleBox("stack-trace155490276", this, "Click to show all stack frames", "Click to hide stack frames")'>Click to show all stack frames</a>
<div class='stack-trace' id='stack-trace155490276'><pre>java.lang.Throwable: Method Orders_Verify_used_car_ownbook_business_hire_funder_With_Customer_Flow_Test.T13_verify_summary_section_values()[pri:13, instance:orders.Orders_Verify_used_car_ownbook_business_hire_funder_With_Customer_Flow_Test@42a15bdc] depends on not successfully finished methods
	at org.testng.internal.TestInvoker.invokeTestMethods(TestInvoker.java:102)
	at org.testng.internal.TestMethodWorker.invokeTestMethods(TestMethodWorker.java:146)
	at org.testng.internal.TestMethodWorker.run(TestMethodWorker.java:128)
	at java.base/java.util.ArrayList.forEach(ArrayList.java:1511)
	at org.testng.TestRunner.privateRun(TestRunner.java:794)
	at org.testng.TestRunner.run(TestRunner.java:596)
	at org.testng.SuiteRunner.runTest(SuiteRunner.java:377)
	at org.testng.SuiteRunner.runSequentially(SuiteRunner.java:371)
	at org.testng.SuiteRunner.privateRun(SuiteRunner.java:332)
	at org.testng.SuiteRunner.run(SuiteRunner.java:276)
	at org.testng.SuiteRunnerWorker.runSuite(SuiteRunnerWorker.java:53)
	at org.testng.SuiteRunnerWorker.run(SuiteRunnerWorker.java:96)
	at org.testng.TestNG.runSuitesSequentially(TestNG.java:1212)
	at org.testng.TestNG.runSuitesSequentially(TestNG.java:1207)
	at org.testng.TestNG.runSuitesLocally(TestNG.java:1134)
	at org.testng.TestNG.runSuites(TestNG.java:1063)
	at org.testng.TestNG.run(TestNG.java:1031)
	at org.testng.remote.AbstractRemoteTestNG.run(AbstractRemoteTestNG.java:115)
	at org.testng.remote.RemoteTestNG.initAndRun(RemoteTestNG.java:251)
	at org.testng.remote.RemoteTestNG.main(RemoteTestNG.java:77)
</pre></div></td>
<td>0</td>
<td>orders.Orders_Verify_used_car_ownbook_business_hire_funder_With_Customer_Flow_Test@42a15bdc</td></tr>
<tr>
<td title='orders.Orders_Verify_used_car_ownbook_business_hire_funder_With_Customer_Flow_Test.T23_verify_delivery_status_after_selecting_confirmed_delivery_date_in_delivery_section_of_vehicle_tab_test()'><b>T23_verify_delivery_status_after_selecting_confirmed_delivery_date_in_delivery_section_of_vehicle_tab_test</b><br>Test class: orders.Orders_Verify_used_car_ownbook_business_hire_funder_With_Customer_Flow_Test</td>
<td><div><pre>java.lang.Throwable: Method Orders_Verify_used_car_ownbook_business_hire_funder_With_Customer_Flow_Test.T23_verify_delivery_status_after_selecting_confirmed_delivery_date_in_delivery_section_of_vehicle_tab_test()[pri:23, instance:orders.Orders_Verify_used_car_ownbook_business_hire_funder_With_Customer_Flow_Test@42a15bdc] depends on not successfully finished methods
	at java.base/java.util.ArrayList.forEach(ArrayList.java:1511)
... Removed 19 stack frames</pre></div><a href='#' onClick='toggleBox("stack-trace1735830614", this, "Click to show all stack frames", "Click to hide stack frames")'>Click to show all stack frames</a>
<div class='stack-trace' id='stack-trace1735830614'><pre>java.lang.Throwable: Method Orders_Verify_used_car_ownbook_business_hire_funder_With_Customer_Flow_Test.T23_verify_delivery_status_after_selecting_confirmed_delivery_date_in_delivery_section_of_vehicle_tab_test()[pri:23, instance:orders.Orders_Verify_used_car_ownbook_business_hire_funder_With_Customer_Flow_Test@42a15bdc] depends on not successfully finished methods
	at org.testng.internal.TestInvoker.invokeTestMethods(TestInvoker.java:102)
	at org.testng.internal.TestMethodWorker.invokeTestMethods(TestMethodWorker.java:146)
	at org.testng.internal.TestMethodWorker.run(TestMethodWorker.java:128)
	at java.base/java.util.ArrayList.forEach(ArrayList.java:1511)
	at org.testng.TestRunner.privateRun(TestRunner.java:794)
	at org.testng.TestRunner.run(TestRunner.java:596)
	at org.testng.SuiteRunner.runTest(SuiteRunner.java:377)
	at org.testng.SuiteRunner.runSequentially(SuiteRunner.java:371)
	at org.testng.SuiteRunner.privateRun(SuiteRunner.java:332)
	at org.testng.SuiteRunner.run(SuiteRunner.java:276)
	at org.testng.SuiteRunnerWorker.runSuite(SuiteRunnerWorker.java:53)
	at org.testng.SuiteRunnerWorker.run(SuiteRunnerWorker.java:96)
	at org.testng.TestNG.runSuitesSequentially(TestNG.java:1212)
	at org.testng.TestNG.runSuitesSequentially(TestNG.java:1207)
	at org.testng.TestNG.runSuitesLocally(TestNG.java:1134)
	at org.testng.TestNG.runSuites(TestNG.java:1063)
	at org.testng.TestNG.run(TestNG.java:1031)
	at org.testng.remote.AbstractRemoteTestNG.run(AbstractRemoteTestNG.java:115)
	at org.testng.remote.RemoteTestNG.initAndRun(RemoteTestNG.java:251)
	at org.testng.remote.RemoteTestNG.main(RemoteTestNG.java:77)
</pre></div></td>
<td>0</td>
<td>orders.Orders_Verify_used_car_ownbook_business_hire_funder_With_Customer_Flow_Test@42a15bdc</td></tr>
<tr>
<td title='orders.Orders_Verify_used_car_ownbook_business_hire_funder_With_Customer_Flow_Test.T16_verify_payment_status_after_making_a_payment_on_customer_contract_tab()'><b>T16_verify_payment_status_after_making_a_payment_on_customer_contract_tab</b><br>Test class: orders.Orders_Verify_used_car_ownbook_business_hire_funder_With_Customer_Flow_Test</td>
<td><div><pre>java.lang.Throwable: Method Orders_Verify_used_car_ownbook_business_hire_funder_With_Customer_Flow_Test.T16_verify_payment_status_after_making_a_payment_on_customer_contract_tab()[pri:16, instance:orders.Orders_Verify_used_car_ownbook_business_hire_funder_With_Customer_Flow_Test@42a15bdc] depends on not successfully finished methods
	at java.base/java.util.ArrayList.forEach(ArrayList.java:1511)
... Removed 19 stack frames</pre></div><a href='#' onClick='toggleBox("stack-trace120382638", this, "Click to show all stack frames", "Click to hide stack frames")'>Click to show all stack frames</a>
<div class='stack-trace' id='stack-trace120382638'><pre>java.lang.Throwable: Method Orders_Verify_used_car_ownbook_business_hire_funder_With_Customer_Flow_Test.T16_verify_payment_status_after_making_a_payment_on_customer_contract_tab()[pri:16, instance:orders.Orders_Verify_used_car_ownbook_business_hire_funder_With_Customer_Flow_Test@42a15bdc] depends on not successfully finished methods
	at org.testng.internal.TestInvoker.invokeTestMethods(TestInvoker.java:102)
	at org.testng.internal.TestMethodWorker.invokeTestMethods(TestMethodWorker.java:146)
	at org.testng.internal.TestMethodWorker.run(TestMethodWorker.java:128)
	at java.base/java.util.ArrayList.forEach(ArrayList.java:1511)
	at org.testng.TestRunner.privateRun(TestRunner.java:794)
	at org.testng.TestRunner.run(TestRunner.java:596)
	at org.testng.SuiteRunner.runTest(SuiteRunner.java:377)
	at org.testng.SuiteRunner.runSequentially(SuiteRunner.java:371)
	at org.testng.SuiteRunner.privateRun(SuiteRunner.java:332)
	at org.testng.SuiteRunner.run(SuiteRunner.java:276)
	at org.testng.SuiteRunnerWorker.runSuite(SuiteRunnerWorker.java:53)
	at org.testng.SuiteRunnerWorker.run(SuiteRunnerWorker.java:96)
	at org.testng.TestNG.runSuitesSequentially(TestNG.java:1212)
	at org.testng.TestNG.runSuitesSequentially(TestNG.java:1207)
	at org.testng.TestNG.runSuitesLocally(TestNG.java:1134)
	at org.testng.TestNG.runSuites(TestNG.java:1063)
	at org.testng.TestNG.run(TestNG.java:1031)
	at org.testng.remote.AbstractRemoteTestNG.run(AbstractRemoteTestNG.java:115)
	at org.testng.remote.RemoteTestNG.initAndRun(RemoteTestNG.java:251)
	at org.testng.remote.RemoteTestNG.main(RemoteTestNG.java:77)
</pre></div></td>
<td>0</td>
<td>orders.Orders_Verify_used_car_ownbook_business_hire_funder_With_Customer_Flow_Test@42a15bdc</td></tr>
<tr>
<td title='orders.Orders_Verify_used_car_ownbook_business_hire_funder_With_Customer_Flow_Test.T14_verify_payment_default_status()'><b>T14_verify_payment_default_status</b><br>Test class: orders.Orders_Verify_used_car_ownbook_business_hire_funder_With_Customer_Flow_Test</td>
<td><div><pre>java.lang.Throwable: Method Orders_Verify_used_car_ownbook_business_hire_funder_With_Customer_Flow_Test.T14_verify_payment_default_status()[pri:14, instance:orders.Orders_Verify_used_car_ownbook_business_hire_funder_With_Customer_Flow_Test@42a15bdc] depends on not successfully finished methods
	at java.base/java.util.ArrayList.forEach(ArrayList.java:1511)
... Removed 19 stack frames</pre></div><a href='#' onClick='toggleBox("stack-trace901767578", this, "Click to show all stack frames", "Click to hide stack frames")'>Click to show all stack frames</a>
<div class='stack-trace' id='stack-trace901767578'><pre>java.lang.Throwable: Method Orders_Verify_used_car_ownbook_business_hire_funder_With_Customer_Flow_Test.T14_verify_payment_default_status()[pri:14, instance:orders.Orders_Verify_used_car_ownbook_business_hire_funder_With_Customer_Flow_Test@42a15bdc] depends on not successfully finished methods
	at org.testng.internal.TestInvoker.invokeTestMethods(TestInvoker.java:102)
	at org.testng.internal.TestMethodWorker.invokeTestMethods(TestMethodWorker.java:146)
	at org.testng.internal.TestMethodWorker.run(TestMethodWorker.java:128)
	at java.base/java.util.ArrayList.forEach(ArrayList.java:1511)
	at org.testng.TestRunner.privateRun(TestRunner.java:794)
	at org.testng.TestRunner.run(TestRunner.java:596)
	at org.testng.SuiteRunner.runTest(SuiteRunner.java:377)
	at org.testng.SuiteRunner.runSequentially(SuiteRunner.java:371)
	at org.testng.SuiteRunner.privateRun(SuiteRunner.java:332)
	at org.testng.SuiteRunner.run(SuiteRunner.java:276)
	at org.testng.SuiteRunnerWorker.runSuite(SuiteRunnerWorker.java:53)
	at org.testng.SuiteRunnerWorker.run(SuiteRunnerWorker.java:96)
	at org.testng.TestNG.runSuitesSequentially(TestNG.java:1212)
	at org.testng.TestNG.runSuitesSequentially(TestNG.java:1207)
	at org.testng.TestNG.runSuitesLocally(TestNG.java:1134)
	at org.testng.TestNG.runSuites(TestNG.java:1063)
	at org.testng.TestNG.run(TestNG.java:1031)
	at org.testng.remote.AbstractRemoteTestNG.run(AbstractRemoteTestNG.java:115)
	at org.testng.remote.RemoteTestNG.initAndRun(RemoteTestNG.java:251)
	at org.testng.remote.RemoteTestNG.main(RemoteTestNG.java:77)
</pre></div></td>
<td>0</td>
<td>orders.Orders_Verify_used_car_ownbook_business_hire_funder_With_Customer_Flow_Test@42a15bdc</td></tr>
<tr>
<td title='orders.Orders_Verify_used_car_ownbook_business_hire_funder_With_Customer_Flow_Test.T24_verify_delivery_status_after_uploading_delivery_note_in_post_delivery_section_on_vehicle_order_tab_test()'><b>T24_verify_delivery_status_after_uploading_delivery_note_in_post_delivery_section_on_vehicle_order_tab_test</b><br>Test class: orders.Orders_Verify_used_car_ownbook_business_hire_funder_With_Customer_Flow_Test</td>
<td><div><pre>java.lang.Throwable: Method Orders_Verify_used_car_ownbook_business_hire_funder_With_Customer_Flow_Test.T24_verify_delivery_status_after_uploading_delivery_note_in_post_delivery_section_on_vehicle_order_tab_test()[pri:24, instance:orders.Orders_Verify_used_car_ownbook_business_hire_funder_With_Customer_Flow_Test@42a15bdc] depends on not successfully finished methods
	at java.base/java.util.ArrayList.forEach(ArrayList.java:1511)
... Removed 19 stack frames</pre></div><a href='#' onClick='toggleBox("stack-trace442465370", this, "Click to show all stack frames", "Click to hide stack frames")'>Click to show all stack frames</a>
<div class='stack-trace' id='stack-trace442465370'><pre>java.lang.Throwable: Method Orders_Verify_used_car_ownbook_business_hire_funder_With_Customer_Flow_Test.T24_verify_delivery_status_after_uploading_delivery_note_in_post_delivery_section_on_vehicle_order_tab_test()[pri:24, instance:orders.Orders_Verify_used_car_ownbook_business_hire_funder_With_Customer_Flow_Test@42a15bdc] depends on not successfully finished methods
	at org.testng.internal.TestInvoker.invokeTestMethods(TestInvoker.java:102)
	at org.testng.internal.TestMethodWorker.invokeTestMethods(TestMethodWorker.java:146)
	at org.testng.internal.TestMethodWorker.run(TestMethodWorker.java:128)
	at java.base/java.util.ArrayList.forEach(ArrayList.java:1511)
	at org.testng.TestRunner.privateRun(TestRunner.java:794)
	at org.testng.TestRunner.run(TestRunner.java:596)
	at org.testng.SuiteRunner.runTest(SuiteRunner.java:377)
	at org.testng.SuiteRunner.runSequentially(SuiteRunner.java:371)
	at org.testng.SuiteRunner.privateRun(SuiteRunner.java:332)
	at org.testng.SuiteRunner.run(SuiteRunner.java:276)
	at org.testng.SuiteRunnerWorker.runSuite(SuiteRunnerWorker.java:53)
	at org.testng.SuiteRunnerWorker.run(SuiteRunnerWorker.java:96)
	at org.testng.TestNG.runSuitesSequentially(TestNG.java:1212)
	at org.testng.TestNG.runSuitesSequentially(TestNG.java:1207)
	at org.testng.TestNG.runSuitesLocally(TestNG.java:1134)
	at org.testng.TestNG.runSuites(TestNG.java:1063)
	at org.testng.TestNG.run(TestNG.java:1031)
	at org.testng.remote.AbstractRemoteTestNG.run(AbstractRemoteTestNG.java:115)
	at org.testng.remote.RemoteTestNG.initAndRun(RemoteTestNG.java:251)
	at org.testng.remote.RemoteTestNG.main(RemoteTestNG.java:77)
</pre></div></td>
<td>0</td>
<td>orders.Orders_Verify_used_car_ownbook_business_hire_funder_With_Customer_Flow_Test@42a15bdc</td></tr>
<tr>
<td title='orders.Orders_Verify_used_car_ownbook_business_hire_funder_With_Customer_Flow_Test.T25_verify_finance_documents_statuses_test()'><b>T25_verify_finance_documents_statuses_test</b><br>Test class: orders.Orders_Verify_used_car_ownbook_business_hire_funder_With_Customer_Flow_Test</td>
<td><div><pre>java.lang.Throwable: Method Orders_Verify_used_car_ownbook_business_hire_funder_With_Customer_Flow_Test.T25_verify_finance_documents_statuses_test()[pri:25, instance:orders.Orders_Verify_used_car_ownbook_business_hire_funder_With_Customer_Flow_Test@42a15bdc] depends on not successfully finished methods
	at java.base/java.util.ArrayList.forEach(ArrayList.java:1511)
... Removed 19 stack frames</pre></div><a href='#' onClick='toggleBox("stack-trace73632587", this, "Click to show all stack frames", "Click to hide stack frames")'>Click to show all stack frames</a>
<div class='stack-trace' id='stack-trace73632587'><pre>java.lang.Throwable: Method Orders_Verify_used_car_ownbook_business_hire_funder_With_Customer_Flow_Test.T25_verify_finance_documents_statuses_test()[pri:25, instance:orders.Orders_Verify_used_car_ownbook_business_hire_funder_With_Customer_Flow_Test@42a15bdc] depends on not successfully finished methods
	at org.testng.internal.TestInvoker.invokeTestMethods(TestInvoker.java:102)
	at org.testng.internal.TestMethodWorker.invokeTestMethods(TestMethodWorker.java:146)
	at org.testng.internal.TestMethodWorker.run(TestMethodWorker.java:128)
	at java.base/java.util.ArrayList.forEach(ArrayList.java:1511)
	at org.testng.TestRunner.privateRun(TestRunner.java:794)
	at org.testng.TestRunner.run(TestRunner.java:596)
	at org.testng.SuiteRunner.runTest(SuiteRunner.java:377)
	at org.testng.SuiteRunner.runSequentially(SuiteRunner.java:371)
	at org.testng.SuiteRunner.privateRun(SuiteRunner.java:332)
	at org.testng.SuiteRunner.run(SuiteRunner.java:276)
	at org.testng.SuiteRunnerWorker.runSuite(SuiteRunnerWorker.java:53)
	at org.testng.SuiteRunnerWorker.run(SuiteRunnerWorker.java:96)
	at org.testng.TestNG.runSuitesSequentially(TestNG.java:1212)
	at org.testng.TestNG.runSuitesSequentially(TestNG.java:1207)
	at org.testng.TestNG.runSuitesLocally(TestNG.java:1134)
	at org.testng.TestNG.runSuites(TestNG.java:1063)
	at org.testng.TestNG.run(TestNG.java:1031)
	at org.testng.remote.AbstractRemoteTestNG.run(AbstractRemoteTestNG.java:115)
	at org.testng.remote.RemoteTestNG.initAndRun(RemoteTestNG.java:251)
	at org.testng.remote.RemoteTestNG.main(RemoteTestNG.java:77)
</pre></div></td>
<td>0</td>
<td>orders.Orders_Verify_used_car_ownbook_business_hire_funder_With_Customer_Flow_Test@42a15bdc</td></tr>
<tr>
<td title='orders.Orders_Verify_used_car_ownbook_business_hire_funder_With_Customer_Flow_Test.T12_verify_default_status_acceptance_conditions_for_ownbook_hire_flow()'><b>T12_verify_default_status_acceptance_conditions_for_ownbook_hire_flow</b><br>Test class: orders.Orders_Verify_used_car_ownbook_business_hire_funder_With_Customer_Flow_Test</td>
<td><div><pre>java.lang.Throwable: Method Orders_Verify_used_car_ownbook_business_hire_funder_With_Customer_Flow_Test.T12_verify_default_status_acceptance_conditions_for_ownbook_hire_flow()[pri:12, instance:orders.Orders_Verify_used_car_ownbook_business_hire_funder_With_Customer_Flow_Test@42a15bdc] depends on not successfully finished methods
	at java.base/java.util.ArrayList.forEach(ArrayList.java:1511)
... Removed 19 stack frames</pre></div><a href='#' onClick='toggleBox("stack-trace504514239", this, "Click to show all stack frames", "Click to hide stack frames")'>Click to show all stack frames</a>
<div class='stack-trace' id='stack-trace504514239'><pre>java.lang.Throwable: Method Orders_Verify_used_car_ownbook_business_hire_funder_With_Customer_Flow_Test.T12_verify_default_status_acceptance_conditions_for_ownbook_hire_flow()[pri:12, instance:orders.Orders_Verify_used_car_ownbook_business_hire_funder_With_Customer_Flow_Test@42a15bdc] depends on not successfully finished methods
	at org.testng.internal.TestInvoker.invokeTestMethods(TestInvoker.java:102)
	at org.testng.internal.TestMethodWorker.invokeTestMethods(TestMethodWorker.java:146)
	at org.testng.internal.TestMethodWorker.run(TestMethodWorker.java:128)
	at java.base/java.util.ArrayList.forEach(ArrayList.java:1511)
	at org.testng.TestRunner.privateRun(TestRunner.java:794)
	at org.testng.TestRunner.run(TestRunner.java:596)
	at org.testng.SuiteRunner.runTest(SuiteRunner.java:377)
	at org.testng.SuiteRunner.runSequentially(SuiteRunner.java:371)
	at org.testng.SuiteRunner.privateRun(SuiteRunner.java:332)
	at org.testng.SuiteRunner.run(SuiteRunner.java:276)
	at org.testng.SuiteRunnerWorker.runSuite(SuiteRunnerWorker.java:53)
	at org.testng.SuiteRunnerWorker.run(SuiteRunnerWorker.java:96)
	at org.testng.TestNG.runSuitesSequentially(TestNG.java:1212)
	at org.testng.TestNG.runSuitesSequentially(TestNG.java:1207)
	at org.testng.TestNG.runSuitesLocally(TestNG.java:1134)
	at org.testng.TestNG.runSuites(TestNG.java:1063)
	at org.testng.TestNG.run(TestNG.java:1031)
	at org.testng.remote.AbstractRemoteTestNG.run(AbstractRemoteTestNG.java:115)
	at org.testng.remote.RemoteTestNG.initAndRun(RemoteTestNG.java:251)
	at org.testng.remote.RemoteTestNG.main(RemoteTestNG.java:77)
</pre></div></td>
<td>0</td>
<td>orders.Orders_Verify_used_car_ownbook_business_hire_funder_With_Customer_Flow_Test@42a15bdc</td></tr>
<tr>
<td title='orders.Orders_Verify_used_car_ownbook_business_hire_funder_With_Customer_Flow_Test.T21_verify_delivery_section_gets_enabled_when_deliver_to_customer_toggle_button_is_made_off_test()'><b>T21_verify_delivery_section_gets_enabled_when_deliver_to_customer_toggle_button_is_made_off_test</b><br>Test class: orders.Orders_Verify_used_car_ownbook_business_hire_funder_With_Customer_Flow_Test</td>
<td><div><pre>java.lang.Throwable: Method Orders_Verify_used_car_ownbook_business_hire_funder_With_Customer_Flow_Test.T21_verify_delivery_section_gets_enabled_when_deliver_to_customer_toggle_button_is_made_off_test()[pri:21, instance:orders.Orders_Verify_used_car_ownbook_business_hire_funder_With_Customer_Flow_Test@42a15bdc] depends on not successfully finished methods
	at java.base/java.util.ArrayList.forEach(ArrayList.java:1511)
... Removed 19 stack frames</pre></div><a href='#' onClick='toggleBox("stack-trace398586671", this, "Click to show all stack frames", "Click to hide stack frames")'>Click to show all stack frames</a>
<div class='stack-trace' id='stack-trace398586671'><pre>java.lang.Throwable: Method Orders_Verify_used_car_ownbook_business_hire_funder_With_Customer_Flow_Test.T21_verify_delivery_section_gets_enabled_when_deliver_to_customer_toggle_button_is_made_off_test()[pri:21, instance:orders.Orders_Verify_used_car_ownbook_business_hire_funder_With_Customer_Flow_Test@42a15bdc] depends on not successfully finished methods
	at org.testng.internal.TestInvoker.invokeTestMethods(TestInvoker.java:102)
	at org.testng.internal.TestMethodWorker.invokeTestMethods(TestMethodWorker.java:146)
	at org.testng.internal.TestMethodWorker.run(TestMethodWorker.java:128)
	at java.base/java.util.ArrayList.forEach(ArrayList.java:1511)
	at org.testng.TestRunner.privateRun(TestRunner.java:794)
	at org.testng.TestRunner.run(TestRunner.java:596)
	at org.testng.SuiteRunner.runTest(SuiteRunner.java:377)
	at org.testng.SuiteRunner.runSequentially(SuiteRunner.java:371)
	at org.testng.SuiteRunner.privateRun(SuiteRunner.java:332)
	at org.testng.SuiteRunner.run(SuiteRunner.java:276)
	at org.testng.SuiteRunnerWorker.runSuite(SuiteRunnerWorker.java:53)
	at org.testng.SuiteRunnerWorker.run(SuiteRunnerWorker.java:96)
	at org.testng.TestNG.runSuitesSequentially(TestNG.java:1212)
	at org.testng.TestNG.runSuitesSequentially(TestNG.java:1207)
	at org.testng.TestNG.runSuitesLocally(TestNG.java:1134)
	at org.testng.TestNG.runSuites(TestNG.java:1063)
	at org.testng.TestNG.run(TestNG.java:1031)
	at org.testng.remote.AbstractRemoteTestNG.run(AbstractRemoteTestNG.java:115)
	at org.testng.remote.RemoteTestNG.initAndRun(RemoteTestNG.java:251)
	at org.testng.remote.RemoteTestNG.main(RemoteTestNG.java:77)
</pre></div></td>
<td>0</td>
<td>orders.Orders_Verify_used_car_ownbook_business_hire_funder_With_Customer_Flow_Test@42a15bdc</td></tr>
<tr>
<td title='orders.Orders_Verify_used_car_ownbook_business_hire_funder_With_Customer_Flow_Test.T20_verify_delivery_status_on_customer_contract_tab_and_vehicle_order_tab_are_same_when_deliver_to_customer_toggle_button_in_on_test()'><b>T20_verify_delivery_status_on_customer_contract_tab_and_vehicle_order_tab_are_same_when_deliver_to_customer_toggle_button_in_on_test</b><br>Test class: orders.Orders_Verify_used_car_ownbook_business_hire_funder_With_Customer_Flow_Test</td>
<td><div><pre>java.lang.Throwable: Method Orders_Verify_used_car_ownbook_business_hire_funder_With_Customer_Flow_Test.T20_verify_delivery_status_on_customer_contract_tab_and_vehicle_order_tab_are_same_when_deliver_to_customer_toggle_button_in_on_test()[pri:20, instance:orders.Orders_Verify_used_car_ownbook_business_hire_funder_With_Customer_Flow_Test@42a15bdc] depends on not successfully finished methods
	at java.base/java.util.ArrayList.forEach(ArrayList.java:1511)
... Removed 19 stack frames</pre></div><a href='#' onClick='toggleBox("stack-trace596083336", this, "Click to show all stack frames", "Click to hide stack frames")'>Click to show all stack frames</a>
<div class='stack-trace' id='stack-trace596083336'><pre>java.lang.Throwable: Method Orders_Verify_used_car_ownbook_business_hire_funder_With_Customer_Flow_Test.T20_verify_delivery_status_on_customer_contract_tab_and_vehicle_order_tab_are_same_when_deliver_to_customer_toggle_button_in_on_test()[pri:20, instance:orders.Orders_Verify_used_car_ownbook_business_hire_funder_With_Customer_Flow_Test@42a15bdc] depends on not successfully finished methods
	at org.testng.internal.TestInvoker.invokeTestMethods(TestInvoker.java:102)
	at org.testng.internal.TestMethodWorker.invokeTestMethods(TestMethodWorker.java:146)
	at org.testng.internal.TestMethodWorker.run(TestMethodWorker.java:128)
	at java.base/java.util.ArrayList.forEach(ArrayList.java:1511)
	at org.testng.TestRunner.privateRun(TestRunner.java:794)
	at org.testng.TestRunner.run(TestRunner.java:596)
	at org.testng.SuiteRunner.runTest(SuiteRunner.java:377)
	at org.testng.SuiteRunner.runSequentially(SuiteRunner.java:371)
	at org.testng.SuiteRunner.privateRun(SuiteRunner.java:332)
	at org.testng.SuiteRunner.run(SuiteRunner.java:276)
	at org.testng.SuiteRunnerWorker.runSuite(SuiteRunnerWorker.java:53)
	at org.testng.SuiteRunnerWorker.run(SuiteRunnerWorker.java:96)
	at org.testng.TestNG.runSuitesSequentially(TestNG.java:1212)
	at org.testng.TestNG.runSuitesSequentially(TestNG.java:1207)
	at org.testng.TestNG.runSuitesLocally(TestNG.java:1134)
	at org.testng.TestNG.runSuites(TestNG.java:1063)
	at org.testng.TestNG.run(TestNG.java:1031)
	at org.testng.remote.AbstractRemoteTestNG.run(AbstractRemoteTestNG.java:115)
	at org.testng.remote.RemoteTestNG.initAndRun(RemoteTestNG.java:251)
	at org.testng.remote.RemoteTestNG.main(RemoteTestNG.java:77)
</pre></div></td>
<td>0</td>
<td>orders.Orders_Verify_used_car_ownbook_business_hire_funder_With_Customer_Flow_Test@42a15bdc</td></tr>
<tr>
<td title='orders.Orders_Verify_used_car_ownbook_business_hire_funder_With_Customer_Flow_Test.T27_verify_completed_status_for_test()'><b>T27_verify_completed_status_for_test</b><br>Test class: orders.Orders_Verify_used_car_ownbook_business_hire_funder_With_Customer_Flow_Test</td>
<td><div><pre>java.lang.Throwable: Method Orders_Verify_used_car_ownbook_business_hire_funder_With_Customer_Flow_Test.T27_verify_completed_status_for_test()[pri:27, instance:orders.Orders_Verify_used_car_ownbook_business_hire_funder_With_Customer_Flow_Test@42a15bdc] depends on not successfully finished methods
	at java.base/java.util.ArrayList.forEach(ArrayList.java:1511)
... Removed 19 stack frames</pre></div><a href='#' onClick='toggleBox("stack-trace2056238048", this, "Click to show all stack frames", "Click to hide stack frames")'>Click to show all stack frames</a>
<div class='stack-trace' id='stack-trace2056238048'><pre>java.lang.Throwable: Method Orders_Verify_used_car_ownbook_business_hire_funder_With_Customer_Flow_Test.T27_verify_completed_status_for_test()[pri:27, instance:orders.Orders_Verify_used_car_ownbook_business_hire_funder_With_Customer_Flow_Test@42a15bdc] depends on not successfully finished methods
	at org.testng.internal.TestInvoker.invokeTestMethods(TestInvoker.java:102)
	at org.testng.internal.TestMethodWorker.invokeTestMethods(TestMethodWorker.java:146)
	at org.testng.internal.TestMethodWorker.run(TestMethodWorker.java:128)
	at java.base/java.util.ArrayList.forEach(ArrayList.java:1511)
	at org.testng.TestRunner.privateRun(TestRunner.java:794)
	at org.testng.TestRunner.run(TestRunner.java:596)
	at org.testng.SuiteRunner.runTest(SuiteRunner.java:377)
	at org.testng.SuiteRunner.runSequentially(SuiteRunner.java:371)
	at org.testng.SuiteRunner.privateRun(SuiteRunner.java:332)
	at org.testng.SuiteRunner.run(SuiteRunner.java:276)
	at org.testng.SuiteRunnerWorker.runSuite(SuiteRunnerWorker.java:53)
	at org.testng.SuiteRunnerWorker.run(SuiteRunnerWorker.java:96)
	at org.testng.TestNG.runSuitesSequentially(TestNG.java:1212)
	at org.testng.TestNG.runSuitesSequentially(TestNG.java:1207)
	at org.testng.TestNG.runSuitesLocally(TestNG.java:1134)
	at org.testng.TestNG.runSuites(TestNG.java:1063)
	at org.testng.TestNG.run(TestNG.java:1031)
	at org.testng.remote.AbstractRemoteTestNG.run(AbstractRemoteTestNG.java:115)
	at org.testng.remote.RemoteTestNG.initAndRun(RemoteTestNG.java:251)
	at org.testng.remote.RemoteTestNG.main(RemoteTestNG.java:77)
</pre></div></td>
<td>0</td>
<td>orders.Orders_Verify_used_car_ownbook_business_hire_funder_With_Customer_Flow_Test@42a15bdc</td></tr>
<tr>
<td title='orders.Orders_Verify_used_car_ownbook_business_hire_funder_With_Customer_Flow_Test.T18_verify_delivery_status_after_selecting_confirmed_delivery_date_in_delivery_section_of_customer_contract_test()'><b>T18_verify_delivery_status_after_selecting_confirmed_delivery_date_in_delivery_section_of_customer_contract_test</b><br>Test class: orders.Orders_Verify_used_car_ownbook_business_hire_funder_With_Customer_Flow_Test</td>
<td><div><pre>java.lang.Throwable: Method Orders_Verify_used_car_ownbook_business_hire_funder_With_Customer_Flow_Test.T18_verify_delivery_status_after_selecting_confirmed_delivery_date_in_delivery_section_of_customer_contract_test()[pri:18, instance:orders.Orders_Verify_used_car_ownbook_business_hire_funder_With_Customer_Flow_Test@42a15bdc] depends on not successfully finished methods
	at java.base/java.util.ArrayList.forEach(ArrayList.java:1511)
... Removed 19 stack frames</pre></div><a href='#' onClick='toggleBox("stack-trace517611754", this, "Click to show all stack frames", "Click to hide stack frames")'>Click to show all stack frames</a>
<div class='stack-trace' id='stack-trace517611754'><pre>java.lang.Throwable: Method Orders_Verify_used_car_ownbook_business_hire_funder_With_Customer_Flow_Test.T18_verify_delivery_status_after_selecting_confirmed_delivery_date_in_delivery_section_of_customer_contract_test()[pri:18, instance:orders.Orders_Verify_used_car_ownbook_business_hire_funder_With_Customer_Flow_Test@42a15bdc] depends on not successfully finished methods
	at org.testng.internal.TestInvoker.invokeTestMethods(TestInvoker.java:102)
	at org.testng.internal.TestMethodWorker.invokeTestMethods(TestMethodWorker.java:146)
	at org.testng.internal.TestMethodWorker.run(TestMethodWorker.java:128)
	at java.base/java.util.ArrayList.forEach(ArrayList.java:1511)
	at org.testng.TestRunner.privateRun(TestRunner.java:794)
	at org.testng.TestRunner.run(TestRunner.java:596)
	at org.testng.SuiteRunner.runTest(SuiteRunner.java:377)
	at org.testng.SuiteRunner.runSequentially(SuiteRunner.java:371)
	at org.testng.SuiteRunner.privateRun(SuiteRunner.java:332)
	at org.testng.SuiteRunner.run(SuiteRunner.java:276)
	at org.testng.SuiteRunnerWorker.runSuite(SuiteRunnerWorker.java:53)
	at org.testng.SuiteRunnerWorker.run(SuiteRunnerWorker.java:96)
	at org.testng.TestNG.runSuitesSequentially(TestNG.java:1212)
	at org.testng.TestNG.runSuitesSequentially(TestNG.java:1207)
	at org.testng.TestNG.runSuitesLocally(TestNG.java:1134)
	at org.testng.TestNG.runSuites(TestNG.java:1063)
	at org.testng.TestNG.run(TestNG.java:1031)
	at org.testng.remote.AbstractRemoteTestNG.run(AbstractRemoteTestNG.java:115)
	at org.testng.remote.RemoteTestNG.initAndRun(RemoteTestNG.java:251)
	at org.testng.remote.RemoteTestNG.main(RemoteTestNG.java:77)
</pre></div></td>
<td>0</td>
<td>orders.Orders_Verify_used_car_ownbook_business_hire_funder_With_Customer_Flow_Test@42a15bdc</td></tr>
<tr>
<td title='orders.Orders_Verify_used_car_ownbook_business_hire_funder_With_Customer_Flow_Test.T26_verify_payments_to_funder_statuses_test()'><b>T26_verify_payments_to_funder_statuses_test</b><br>Test class: orders.Orders_Verify_used_car_ownbook_business_hire_funder_With_Customer_Flow_Test</td>
<td><div><pre>java.lang.Throwable: Method Orders_Verify_used_car_ownbook_business_hire_funder_With_Customer_Flow_Test.T26_verify_payments_to_funder_statuses_test()[pri:26, instance:orders.Orders_Verify_used_car_ownbook_business_hire_funder_With_Customer_Flow_Test@42a15bdc] depends on not successfully finished methods
	at java.base/java.util.ArrayList.forEach(ArrayList.java:1511)
... Removed 19 stack frames</pre></div><a href='#' onClick='toggleBox("stack-trace406789198", this, "Click to show all stack frames", "Click to hide stack frames")'>Click to show all stack frames</a>
<div class='stack-trace' id='stack-trace406789198'><pre>java.lang.Throwable: Method Orders_Verify_used_car_ownbook_business_hire_funder_With_Customer_Flow_Test.T26_verify_payments_to_funder_statuses_test()[pri:26, instance:orders.Orders_Verify_used_car_ownbook_business_hire_funder_With_Customer_Flow_Test@42a15bdc] depends on not successfully finished methods
	at org.testng.internal.TestInvoker.invokeTestMethods(TestInvoker.java:102)
	at org.testng.internal.TestMethodWorker.invokeTestMethods(TestMethodWorker.java:146)
	at org.testng.internal.TestMethodWorker.run(TestMethodWorker.java:128)
	at java.base/java.util.ArrayList.forEach(ArrayList.java:1511)
	at org.testng.TestRunner.privateRun(TestRunner.java:794)
	at org.testng.TestRunner.run(TestRunner.java:596)
	at org.testng.SuiteRunner.runTest(SuiteRunner.java:377)
	at org.testng.SuiteRunner.runSequentially(SuiteRunner.java:371)
	at org.testng.SuiteRunner.privateRun(SuiteRunner.java:332)
	at org.testng.SuiteRunner.run(SuiteRunner.java:276)
	at org.testng.SuiteRunnerWorker.runSuite(SuiteRunnerWorker.java:53)
	at org.testng.SuiteRunnerWorker.run(SuiteRunnerWorker.java:96)
	at org.testng.TestNG.runSuitesSequentially(TestNG.java:1212)
	at org.testng.TestNG.runSuitesSequentially(TestNG.java:1207)
	at org.testng.TestNG.runSuitesLocally(TestNG.java:1134)
	at org.testng.TestNG.runSuites(TestNG.java:1063)
	at org.testng.TestNG.run(TestNG.java:1031)
	at org.testng.remote.AbstractRemoteTestNG.run(AbstractRemoteTestNG.java:115)
	at org.testng.remote.RemoteTestNG.initAndRun(RemoteTestNG.java:251)
	at org.testng.remote.RemoteTestNG.main(RemoteTestNG.java:77)
</pre></div></td>
<td>0</td>
<td>orders.Orders_Verify_used_car_ownbook_business_hire_funder_With_Customer_Flow_Test@42a15bdc</td></tr>
<tr>
<td title='orders.Orders_Verify_used_car_ownbook_business_hire_funder_With_Customer_Flow_Test.T15_make_payment_with_new_payment()'><b>T15_make_payment_with_new_payment</b><br>Test class: orders.Orders_Verify_used_car_ownbook_business_hire_funder_With_Customer_Flow_Test</td>
<td><div><pre>java.lang.Throwable: Method Orders_Verify_used_car_ownbook_business_hire_funder_With_Customer_Flow_Test.T15_make_payment_with_new_payment()[pri:15, instance:orders.Orders_Verify_used_car_ownbook_business_hire_funder_With_Customer_Flow_Test@42a15bdc] depends on not successfully finished methods
	at java.base/java.util.ArrayList.forEach(ArrayList.java:1511)
... Removed 19 stack frames</pre></div><a href='#' onClick='toggleBox("stack-trace1462152021", this, "Click to show all stack frames", "Click to hide stack frames")'>Click to show all stack frames</a>
<div class='stack-trace' id='stack-trace1462152021'><pre>java.lang.Throwable: Method Orders_Verify_used_car_ownbook_business_hire_funder_With_Customer_Flow_Test.T15_make_payment_with_new_payment()[pri:15, instance:orders.Orders_Verify_used_car_ownbook_business_hire_funder_With_Customer_Flow_Test@42a15bdc] depends on not successfully finished methods
	at org.testng.internal.TestInvoker.invokeTestMethods(TestInvoker.java:102)
	at org.testng.internal.TestMethodWorker.invokeTestMethods(TestMethodWorker.java:146)
	at org.testng.internal.TestMethodWorker.run(TestMethodWorker.java:128)
	at java.base/java.util.ArrayList.forEach(ArrayList.java:1511)
	at org.testng.TestRunner.privateRun(TestRunner.java:794)
	at org.testng.TestRunner.run(TestRunner.java:596)
	at org.testng.SuiteRunner.runTest(SuiteRunner.java:377)
	at org.testng.SuiteRunner.runSequentially(SuiteRunner.java:371)
	at org.testng.SuiteRunner.privateRun(SuiteRunner.java:332)
	at org.testng.SuiteRunner.run(SuiteRunner.java:276)
	at org.testng.SuiteRunnerWorker.runSuite(SuiteRunnerWorker.java:53)
	at org.testng.SuiteRunnerWorker.run(SuiteRunnerWorker.java:96)
	at org.testng.TestNG.runSuitesSequentially(TestNG.java:1212)
	at org.testng.TestNG.runSuitesSequentially(TestNG.java:1207)
	at org.testng.TestNG.runSuitesLocally(TestNG.java:1134)
	at org.testng.TestNG.runSuites(TestNG.java:1063)
	at org.testng.TestNG.run(TestNG.java:1031)
	at org.testng.remote.AbstractRemoteTestNG.run(AbstractRemoteTestNG.java:115)
	at org.testng.remote.RemoteTestNG.initAndRun(RemoteTestNG.java:251)
	at org.testng.remote.RemoteTestNG.main(RemoteTestNG.java:77)
</pre></div></td>
<td>0</td>
<td>orders.Orders_Verify_used_car_ownbook_business_hire_funder_With_Customer_Flow_Test@42a15bdc</td></tr>
<tr>
<td title='orders.Orders_Verify_used_car_ownbook_business_hire_funder_With_Customer_Flow_Test.T22_verify_delivery_status_after_selecting_date_offered_in_delivery_section_of_vehicle_order_tab_test()'><b>T22_verify_delivery_status_after_selecting_date_offered_in_delivery_section_of_vehicle_order_tab_test</b><br>Test class: orders.Orders_Verify_used_car_ownbook_business_hire_funder_With_Customer_Flow_Test</td>
<td><div><pre>java.lang.Throwable: Method Orders_Verify_used_car_ownbook_business_hire_funder_With_Customer_Flow_Test.T22_verify_delivery_status_after_selecting_date_offered_in_delivery_section_of_vehicle_order_tab_test()[pri:22, instance:orders.Orders_Verify_used_car_ownbook_business_hire_funder_With_Customer_Flow_Test@42a15bdc] depends on not successfully finished methods
	at java.base/java.util.ArrayList.forEach(ArrayList.java:1511)
... Removed 19 stack frames</pre></div><a href='#' onClick='toggleBox("stack-trace1292474751", this, "Click to show all stack frames", "Click to hide stack frames")'>Click to show all stack frames</a>
<div class='stack-trace' id='stack-trace1292474751'><pre>java.lang.Throwable: Method Orders_Verify_used_car_ownbook_business_hire_funder_With_Customer_Flow_Test.T22_verify_delivery_status_after_selecting_date_offered_in_delivery_section_of_vehicle_order_tab_test()[pri:22, instance:orders.Orders_Verify_used_car_ownbook_business_hire_funder_With_Customer_Flow_Test@42a15bdc] depends on not successfully finished methods
	at org.testng.internal.TestInvoker.invokeTestMethods(TestInvoker.java:102)
	at org.testng.internal.TestMethodWorker.invokeTestMethods(TestMethodWorker.java:146)
	at org.testng.internal.TestMethodWorker.run(TestMethodWorker.java:128)
	at java.base/java.util.ArrayList.forEach(ArrayList.java:1511)
	at org.testng.TestRunner.privateRun(TestRunner.java:794)
	at org.testng.TestRunner.run(TestRunner.java:596)
	at org.testng.SuiteRunner.runTest(SuiteRunner.java:377)
	at org.testng.SuiteRunner.runSequentially(SuiteRunner.java:371)
	at org.testng.SuiteRunner.privateRun(SuiteRunner.java:332)
	at org.testng.SuiteRunner.run(SuiteRunner.java:276)
	at org.testng.SuiteRunnerWorker.runSuite(SuiteRunnerWorker.java:53)
	at org.testng.SuiteRunnerWorker.run(SuiteRunnerWorker.java:96)
	at org.testng.TestNG.runSuitesSequentially(TestNG.java:1212)
	at org.testng.TestNG.runSuitesSequentially(TestNG.java:1207)
	at org.testng.TestNG.runSuitesLocally(TestNG.java:1134)
	at org.testng.TestNG.runSuites(TestNG.java:1063)
	at org.testng.TestNG.run(TestNG.java:1031)
	at org.testng.remote.AbstractRemoteTestNG.run(AbstractRemoteTestNG.java:115)
	at org.testng.remote.RemoteTestNG.initAndRun(RemoteTestNG.java:251)
	at org.testng.remote.RemoteTestNG.main(RemoteTestNG.java:77)
</pre></div></td>
<td>0</td>
<td>orders.Orders_Verify_used_car_ownbook_business_hire_funder_With_Customer_Flow_Test@42a15bdc</td></tr>
<tr>
<td title='orders.Orders_Verify_used_car_ownbook_business_hire_funder_With_Customer_Flow_Test.T19_verify_delivery_status_after_uploading_delivery_note_in_post_delivery_section_on_customer_contract_tab_test()'><b>T19_verify_delivery_status_after_uploading_delivery_note_in_post_delivery_section_on_customer_contract_tab_test</b><br>Test class: orders.Orders_Verify_used_car_ownbook_business_hire_funder_With_Customer_Flow_Test</td>
<td><div><pre>java.lang.Throwable: Method Orders_Verify_used_car_ownbook_business_hire_funder_With_Customer_Flow_Test.T19_verify_delivery_status_after_uploading_delivery_note_in_post_delivery_section_on_customer_contract_tab_test()[pri:19, instance:orders.Orders_Verify_used_car_ownbook_business_hire_funder_With_Customer_Flow_Test@42a15bdc] depends on not successfully finished methods
	at java.base/java.util.ArrayList.forEach(ArrayList.java:1511)
... Removed 19 stack frames</pre></div><a href='#' onClick='toggleBox("stack-trace257266414", this, "Click to show all stack frames", "Click to hide stack frames")'>Click to show all stack frames</a>
<div class='stack-trace' id='stack-trace257266414'><pre>java.lang.Throwable: Method Orders_Verify_used_car_ownbook_business_hire_funder_With_Customer_Flow_Test.T19_verify_delivery_status_after_uploading_delivery_note_in_post_delivery_section_on_customer_contract_tab_test()[pri:19, instance:orders.Orders_Verify_used_car_ownbook_business_hire_funder_With_Customer_Flow_Test@42a15bdc] depends on not successfully finished methods
	at org.testng.internal.TestInvoker.invokeTestMethods(TestInvoker.java:102)
	at org.testng.internal.TestMethodWorker.invokeTestMethods(TestMethodWorker.java:146)
	at org.testng.internal.TestMethodWorker.run(TestMethodWorker.java:128)
	at java.base/java.util.ArrayList.forEach(ArrayList.java:1511)
	at org.testng.TestRunner.privateRun(TestRunner.java:794)
	at org.testng.TestRunner.run(TestRunner.java:596)
	at org.testng.SuiteRunner.runTest(SuiteRunner.java:377)
	at org.testng.SuiteRunner.runSequentially(SuiteRunner.java:371)
	at org.testng.SuiteRunner.privateRun(SuiteRunner.java:332)
	at org.testng.SuiteRunner.run(SuiteRunner.java:276)
	at org.testng.SuiteRunnerWorker.runSuite(SuiteRunnerWorker.java:53)
	at org.testng.SuiteRunnerWorker.run(SuiteRunnerWorker.java:96)
	at org.testng.TestNG.runSuitesSequentially(TestNG.java:1212)
	at org.testng.TestNG.runSuitesSequentially(TestNG.java:1207)
	at org.testng.TestNG.runSuitesLocally(TestNG.java:1134)
	at org.testng.TestNG.runSuites(TestNG.java:1063)
	at org.testng.TestNG.run(TestNG.java:1031)
	at org.testng.remote.AbstractRemoteTestNG.run(AbstractRemoteTestNG.java:115)
	at org.testng.remote.RemoteTestNG.initAndRun(RemoteTestNG.java:251)
	at org.testng.remote.RemoteTestNG.main(RemoteTestNG.java:77)
</pre></div></td>
<td>0</td>
<td>orders.Orders_Verify_used_car_ownbook_business_hire_funder_With_Customer_Flow_Test@42a15bdc</td></tr>
<tr>
<td title='orders.Orders_Verify_used_car_ownbook_business_hire_funder_With_Customer_Flow_Test.T17_verify_delivery_status_after_selecting_date_offered_in_delivery_section_of_customer_contract_tab_test()'><b>T17_verify_delivery_status_after_selecting_date_offered_in_delivery_section_of_customer_contract_tab_test</b><br>Test class: orders.Orders_Verify_used_car_ownbook_business_hire_funder_With_Customer_Flow_Test</td>
<td><div><pre>java.lang.Throwable: Method Orders_Verify_used_car_ownbook_business_hire_funder_With_Customer_Flow_Test.T17_verify_delivery_status_after_selecting_date_offered_in_delivery_section_of_customer_contract_tab_test()[pri:17, instance:orders.Orders_Verify_used_car_ownbook_business_hire_funder_With_Customer_Flow_Test@42a15bdc] depends on not successfully finished methods
	at java.base/java.util.ArrayList.forEach(ArrayList.java:1511)
... Removed 19 stack frames</pre></div><a href='#' onClick='toggleBox("stack-trace410853025", this, "Click to show all stack frames", "Click to hide stack frames")'>Click to show all stack frames</a>
<div class='stack-trace' id='stack-trace410853025'><pre>java.lang.Throwable: Method Orders_Verify_used_car_ownbook_business_hire_funder_With_Customer_Flow_Test.T17_verify_delivery_status_after_selecting_date_offered_in_delivery_section_of_customer_contract_tab_test()[pri:17, instance:orders.Orders_Verify_used_car_ownbook_business_hire_funder_With_Customer_Flow_Test@42a15bdc] depends on not successfully finished methods
	at org.testng.internal.TestInvoker.invokeTestMethods(TestInvoker.java:102)
	at org.testng.internal.TestMethodWorker.invokeTestMethods(TestMethodWorker.java:146)
	at org.testng.internal.TestMethodWorker.run(TestMethodWorker.java:128)
	at java.base/java.util.ArrayList.forEach(ArrayList.java:1511)
	at org.testng.TestRunner.privateRun(TestRunner.java:794)
	at org.testng.TestRunner.run(TestRunner.java:596)
	at org.testng.SuiteRunner.runTest(SuiteRunner.java:377)
	at org.testng.SuiteRunner.runSequentially(SuiteRunner.java:371)
	at org.testng.SuiteRunner.privateRun(SuiteRunner.java:332)
	at org.testng.SuiteRunner.run(SuiteRunner.java:276)
	at org.testng.SuiteRunnerWorker.runSuite(SuiteRunnerWorker.java:53)
	at org.testng.SuiteRunnerWorker.run(SuiteRunnerWorker.java:96)
	at org.testng.TestNG.runSuitesSequentially(TestNG.java:1212)
	at org.testng.TestNG.runSuitesSequentially(TestNG.java:1207)
	at org.testng.TestNG.runSuitesLocally(TestNG.java:1134)
	at org.testng.TestNG.runSuites(TestNG.java:1063)
	at org.testng.TestNG.run(TestNG.java:1031)
	at org.testng.remote.AbstractRemoteTestNG.run(AbstractRemoteTestNG.java:115)
	at org.testng.remote.RemoteTestNG.initAndRun(RemoteTestNG.java:251)
	at org.testng.remote.RemoteTestNG.main(RemoteTestNG.java:77)
</pre></div></td>
<td>0</td>
<td>orders.Orders_Verify_used_car_ownbook_business_hire_funder_With_Customer_Flow_Test@42a15bdc</td></tr>
</table><p>
</body>
</html>