<?xml version="1.0" encoding="UTF-8"?>
<!-- Generated by org.testng.reporters.JUnitXMLReporter -->
<testsuite ignored="2" hostname="DSK-4052" failures="2" tests="17" name="Verify Updated Values In Quote After Adding Funder In Asset Funding Tab For HPNR" time="602.78" errors="0" timestamp="2024-06-20T23:29:47 IST">
  <testcase classname="acquisition.Create_Order_in_Acquisition_Quotes_HPNR_HPNR_without_maintenance_Test" name="aquisition_quotes_HPNR_HPNR_OTR_calculation_without_maintenance_test" time="158.665"/>
  <testcase classname="acquisition.Create_Order_in_Acquisition_Quotes_HPNR_HPNR_without_maintenance_Test" name="aquisition_quotes_HPNR_HPNR_after_discount_calculations_without_maintenance_test" time="8.522"/>
  <testcase classname="acquisition.Create_Order_in_Acquisition_Quotes_HPNR_HPNR_without_maintenance_Test" name="aquisition_quotes_HPNR_HPNR_holding_cost_calculations_without_maintenance_test" time="32.375"/>
  <testcase classname="acquisition.Create_Order_in_Acquisition_Quotes_HPNR_HPNR_without_maintenance_Test" name="aquisition_quotes_HPNR_HPNR_customer_quote_calculations_check_monthly_finance_payment_without_maintenance_test" time="148.623"/>
  <testcase classname="acquisition.Create_Order_in_Acquisition_Quotes_HPNR_HPNR_without_maintenance_Test" name="aquisition_quotes_HPNR_HPNR_customer_quote_vehicle_profit_edit_check_without_maintenance_test" time="64.521"/>
  <testcase classname="acquisition.Create_Order_in_Acquisition_Quotes_HPNR_HPNR_without_maintenance_Test" name="aquisition_quotes_HPNR_HPNR_customer_quote_part_exchange_value_edit_check_without_maintenance_test" time="67.875">
    <failure type="java.lang.AssertionError" message="expected [true] but found [false]">
      <![CDATA[java.lang.AssertionError: expected [true] but found [false]
at acquisition.Create_Order_in_Acquisition_Quotes_HPNR_HPNR_without_maintenance_Test.aquisition_quotes_HPNR_HPNR_customer_quote_part_exchange_value_edit_check_without_maintenance_test(Create_Order_in_Acquisition_Quotes_HPNR_HPNR_without_maintenance_Test.java:201)
at java.base/java.util.ArrayList.forEach(ArrayList.java:1511)
... Removed 30 stack frames]]>
    </failure>
  </testcase> <!-- aquisition_quotes_HPNR_HPNR_customer_quote_part_exchange_value_edit_check_without_maintenance_test -->
  <testcase classname="acquisition.Create_Order_in_Acquisition_Quotes_HPNR_HPNR_without_maintenance_Test" name="aquisition_quotes_HPNR_HPNR_customer_quote_monthly_finance_payment_after_balloon_payment_off_without_maintenance_test" time="0.0">
    <skipped/>
  </testcase> <!-- aquisition_quotes_HPNR_HPNR_customer_quote_monthly_finance_payment_after_balloon_payment_off_without_maintenance_test -->
  <testcase classname="acquisition.Create_Order_in_Acquisition_Quotes_HPNR_HPNR_without_maintenance_Test" name="aquisition_quotes_HPNR_HPNR_quote_summary_values_verification_without_maintenance_test" time="0.0">
    <skipped/>
  </testcase> <!-- aquisition_quotes_HPNR_HPNR_quote_summary_values_verification_without_maintenance_test -->
  <testcase classname="orders.Orders_Asset_Funding_Required_Flow_HPNR_add_funder_in_asset_funding_and_verify_updated_values_in_quote_Test" name="open_order_created_in_acquisition_test" time="83.033"/>
  <testcase classname="orders.Orders_Asset_Funding_Required_Flow_HPNR_add_funder_in_asset_funding_and_verify_updated_values_in_quote_Test" name="verify_default_status_required_flow_test" time="16.533">
    <failure type="java.lang.AssertionError" message="expected [true] but found [false]">
      <![CDATA[java.lang.AssertionError: expected [true] but found [false]
at orders.Orders_Asset_Funding_Required_Flow_HPNR_add_funder_in_asset_funding_and_verify_updated_values_in_quote_Test.verify_default_status_required_flow_test(Orders_Asset_Funding_Required_Flow_HPNR_add_funder_in_asset_funding_and_verify_updated_values_in_quote_Test.java:64)
at java.base/java.util.ArrayList.forEach(ArrayList.java:1511)
... Removed 30 stack frames]]>
    </failure>
  </testcase> <!-- verify_default_status_required_flow_test -->
  <testcase classname="orders.Orders_Asset_Funding_Required_Flow_HPNR_add_funder_in_asset_funding_and_verify_updated_values_in_quote_Test" name="verify_holding_cost_shown_test" time="0.0">
    <skipped/>
  </testcase> <!-- verify_holding_cost_shown_test -->
  <testcase classname="orders.Orders_Asset_Funding_Required_Flow_HPNR_add_funder_in_asset_funding_and_verify_updated_values_in_quote_Test" name="add_funder" time="0.0">
    <skipped/>
  </testcase> <!-- add_funder -->
  <testcase classname="orders.Orders_Asset_Funding_Required_Flow_HPNR_add_funder_in_asset_funding_and_verify_updated_values_in_quote_Test" name="verify_status_after_adding_funder_required_flow_test" time="0.0">
    <skipped/>
  </testcase> <!-- verify_status_after_adding_funder_required_flow_test -->
  <testcase classname="orders.Orders_Asset_Funding_Required_Flow_HPNR_add_funder_in_asset_funding_and_verify_updated_values_in_quote_Test" name="verify_status_after_selecting_the_added_funder_in_required_flow_test" time="0.0">
    <skipped/>
  </testcase> <!-- verify_status_after_selecting_the_added_funder_in_required_flow_test -->
  <testcase classname="orders.Orders_Asset_Funding_Required_Flow_HPNR_add_funder_in_asset_funding_and_verify_updated_values_in_quote_Test" name="verify_holding_cost_on_adding_funder" time="0.0">
    <skipped/>
  </testcase> <!-- verify_holding_cost_on_adding_funder -->
  <testcase classname="orders.Orders_Asset_Funding_Required_Flow_HPNR_add_funder_in_asset_funding_and_verify_updated_values_in_quote_Test" name="add_funder_in_asset_funding_and_verify_updated_values_in_quote_Test" time="0.0">
    <skipped/>
  </testcase> <!-- add_funder_in_asset_funding_and_verify_updated_values_in_quote_Test -->
  <testcase classname="orders.Orders_Asset_Funding_Required_Flow_HPNR_add_funder_in_asset_funding_and_verify_updated_values_in_quote_Test" name="verify_quote_values_updated_in_quote_after_saving_the_order" time="0.0">
    <skipped/>
  </testcase> <!-- verify_quote_values_updated_in_quote_after_saving_the_order -->
  <testcase classname="com.amt.testBase.TestBase" name="@AfterSuite end" time="0.0">
    <ignored/>
  </testcase> <!-- @AfterSuite end -->
  <testcase classname="com.amt.testBase.TestBase" name="@BeforeTest start_info" time="0.0">
    <ignored/>
  </testcase> <!-- @BeforeTest start_info -->
</testsuite> <!-- Verify Updated Values In Quote After Adding Funder In Asset Funding Tab For HPNR -->
